SCIP version 8.0.0 [precision: 8 byte] [memory: block] [mode: optimized] [LP solver: SoPlex 6.0.0] [GitHash: a740f0891e]
Copyright (C) 2002-2021 Konrad-Zuse-Zentrum fuer Informationstechnik Berlin (ZIB)

External libraries: 
  SoPlex 6.0.0         Linear Programming Solver developed at Zuse Institute Berlin (soplex.zib.de) [GitHash: 71a5873d]
  CppAD 20180000.0     Algorithmic Differentiation of C++ algorithms developed by B. Bell (github.com/coin-or/CppAD)
  ZLIB 1.2.11          General purpose compression library by J. Gailly and M. Adler (zlib.net)
  GMP 6.2.1            GNU Multiple Precision Arithmetic Library developed by T. Granlund (gmplib.org)
  ZIMPL 3.5.1          Zuse Institute Mathematical Programming Language developed by T. Koch (zimpl.zib.de)
  AMPL/MP 4e2d45c4     AMPL .nl file reader library (github.com/ampl/mp)
  PaPILO 2.0.0         parallel presolve for integer and linear optimization (github.com/scipopt/papilo) [GitHash: 76cafc1]
  bliss 0.73p          Computing Graph Automorphism Groups by T. Junttila and P. Kaski (www.tcs.hut.fi/Software/bliss/)
  Ipopt 3.13.2         Interior Point Optimizer developed by A. Waechter et.al. (github.com/coin-or/Ipopt)

user parameter file <scip.set> not found - using default parameters

read problem <../modeles/10_124.lp>
============

original problem has 2500 variables (1240 bin, 0 int, 0 impl, 1260 cont) and 1281 constraints

solve problem
=============

presolving:
(round 1, fast)       10 del vars, 0 del conss, 0 add conss, 2660 chg bounds, 0 chg sides, 0 chg coeffs, 0 upgd conss, 0 impls, 10 clqs
(round 2, fast)       10 del vars, 0 del conss, 0 add conss, 2660 chg bounds, 0 chg sides, 1220 chg coeffs, 0 upgd conss, 0 impls, 10 clqs
   (0.0s) running MILP presolver
   (0.1s) MILP presolver (24 rounds): 0 aggregations, 460 fixings, 0 bound changes
(round 3, medium)     470 del vars, 0 del conss, 0 add conss, 2660 chg bounds, 0 chg sides, 1220 chg coeffs, 0 upgd conss, 0 impls, 10 clqs
(round 4, fast)       470 del vars, 220 del conss, 0 add conss, 2660 chg bounds, 0 chg sides, 1220 chg coeffs, 0 upgd conss, 0 impls, 10 clqs
(round 5, exhaustive) 470 del vars, 220 del conss, 0 add conss, 2660 chg bounds, 0 chg sides, 1220 chg coeffs, 70 upgd conss, 0 impls, 10 clqs
(round 6, exhaustive) 495 del vars, 220 del conss, 0 add conss, 2660 chg bounds, 0 chg sides, 1220 chg coeffs, 70 upgd conss, 5111 impls, 24 clqs
(round 7, fast)       495 del vars, 221 del conss, 0 add conss, 2660 chg bounds, 0 chg sides, 1220 chg coeffs, 70 upgd conss, 5111 impls, 24 clqs
(round 8, exhaustive) 495 del vars, 221 del conss, 0 add conss, 2660 chg bounds, 0 chg sides, 1220 chg coeffs, 117 upgd conss, 5111 impls, 24 clqs
(round 9, exhaustive) 520 del vars, 221 del conss, 0 add conss, 2660 chg bounds, 0 chg sides, 1220 chg coeffs, 117 upgd conss, 11603 impls, 67 clqs
(round 10, fast)       520 del vars, 225 del conss, 0 add conss, 2660 chg bounds, 0 chg sides, 1220 chg coeffs, 117 upgd conss, 11603 impls, 67 clqs
(round 11, exhaustive) 520 del vars, 225 del conss, 0 add conss, 2660 chg bounds, 0 chg sides, 1220 chg coeffs, 147 upgd conss, 11603 impls, 67 clqs
(round 12, exhaustive) 546 del vars, 225 del conss, 0 add conss, 2661 chg bounds, 0 chg sides, 1220 chg coeffs, 147 upgd conss, 14534 impls, 88 clqs
(round 13, fast)       546 del vars, 233 del conss, 0 add conss, 2661 chg bounds, 0 chg sides, 1221 chg coeffs, 147 upgd conss, 14534 impls, 88 clqs
(round 14, exhaustive) 546 del vars, 233 del conss, 0 add conss, 2661 chg bounds, 0 chg sides, 1221 chg coeffs, 175 upgd conss, 14534 impls, 88 clqs
(round 15, exhaustive) 571 del vars, 233 del conss, 0 add conss, 2663 chg bounds, 0 chg sides, 1221 chg coeffs, 175 upgd conss, 18801 impls, 140 clqs
(round 16, fast)       571 del vars, 242 del conss, 0 add conss, 2663 chg bounds, 0 chg sides, 1223 chg coeffs, 175 upgd conss, 18801 impls, 140 clqs
(round 17, exhaustive) 571 del vars, 242 del conss, 0 add conss, 2663 chg bounds, 0 chg sides, 1223 chg coeffs, 198 upgd conss, 18801 impls, 140 clqs
(round 18, exhaustive) 596 del vars, 242 del conss, 0 add conss, 2663 chg bounds, 0 chg sides, 1223 chg coeffs, 198 upgd conss, 20195 impls, 152 clqs
(round 19, fast)       596 del vars, 253 del conss, 0 add conss, 2663 chg bounds, 0 chg sides, 1223 chg coeffs, 198 upgd conss, 20195 impls, 152 clqs
(round 20, exhaustive) 596 del vars, 253 del conss, 0 add conss, 2663 chg bounds, 0 chg sides, 1223 chg coeffs, 215 upgd conss, 20195 impls, 152 clqs
(round 21, exhaustive) 621 del vars, 253 del conss, 0 add conss, 2664 chg bounds, 0 chg sides, 1223 chg coeffs, 215 upgd conss, 22252 impls, 164 clqs
(round 22, fast)       621 del vars, 261 del conss, 0 add conss, 2664 chg bounds, 0 chg sides, 1224 chg coeffs, 215 upgd conss, 22252 impls, 164 clqs
(round 23, exhaustive) 621 del vars, 261 del conss, 0 add conss, 2664 chg bounds, 0 chg sides, 1224 chg coeffs, 241 upgd conss, 22252 impls, 164 clqs
(round 24, exhaustive) 646 del vars, 261 del conss, 0 add conss, 2664 chg bounds, 0 chg sides, 1224 chg coeffs, 241 upgd conss, 24755 impls, 183 clqs
(round 25, fast)       647 del vars, 272 del conss, 0 add conss, 2665 chg bounds, 0 chg sides, 1224 chg coeffs, 241 upgd conss, 24755 impls, 183 clqs
(round 26, exhaustive) 647 del vars, 272 del conss, 0 add conss, 2665 chg bounds, 0 chg sides, 1224 chg coeffs, 260 upgd conss, 24755 impls, 183 clqs
(round 27, exhaustive) 672 del vars, 272 del conss, 0 add conss, 2665 chg bounds, 0 chg sides, 1224 chg coeffs, 260 upgd conss, 28607 impls, 236 clqs
(round 28, fast)       673 del vars, 283 del conss, 0 add conss, 2666 chg bounds, 0 chg sides, 1224 chg coeffs, 260 upgd conss, 28607 impls, 236 clqs
(round 29, exhaustive) 673 del vars, 283 del conss, 0 add conss, 2666 chg bounds, 0 chg sides, 1224 chg coeffs, 279 upgd conss, 28607 impls, 236 clqs
(round 30, exhaustive) 698 del vars, 283 del conss, 0 add conss, 2666 chg bounds, 0 chg sides, 1224 chg coeffs, 279 upgd conss, 30698 impls, 261 clqs
(round 31, fast)       698 del vars, 293 del conss, 0 add conss, 2666 chg bounds, 0 chg sides, 1224 chg coeffs, 279 upgd conss, 30698 impls, 261 clqs
(round 32, exhaustive) 698 del vars, 293 del conss, 0 add conss, 2666 chg bounds, 0 chg sides, 1224 chg coeffs, 295 upgd conss, 30698 impls, 261 clqs
(round 33, exhaustive) 723 del vars, 293 del conss, 0 add conss, 2666 chg bounds, 0 chg sides, 1224 chg coeffs, 295 upgd conss, 33820 impls, 324 clqs
(round 34, fast)       723 del vars, 307 del conss, 0 add conss, 2666 chg bounds, 0 chg sides, 1224 chg coeffs, 295 upgd conss, 33820 impls, 324 clqs
(round 35, exhaustive) 723 del vars, 307 del conss, 0 add conss, 2666 chg bounds, 0 chg sides, 1224 chg coeffs, 303 upgd conss, 33820 impls, 324 clqs
(round 36, exhaustive) 748 del vars, 307 del conss, 0 add conss, 2666 chg bounds, 0 chg sides, 1224 chg coeffs, 303 upgd conss, 35372 impls, 344 clqs
(round 37, fast)       748 del vars, 320 del conss, 0 add conss, 2666 chg bounds, 0 chg sides, 1224 chg coeffs, 303 upgd conss, 35372 impls, 344 clqs
(round 38, exhaustive) 748 del vars, 320 del conss, 0 add conss, 2666 chg bounds, 0 chg sides, 1224 chg coeffs, 314 upgd conss, 35372 impls, 344 clqs
(round 39, exhaustive) 774 del vars, 320 del conss, 0 add conss, 2666 chg bounds, 0 chg sides, 1224 chg coeffs, 314 upgd conss, 39250 impls, 420 clqs
(round 40, fast)       774 del vars, 331 del conss, 0 add conss, 2666 chg bounds, 0 chg sides, 1224 chg coeffs, 314 upgd conss, 39250 impls, 420 clqs
(round 41, exhaustive) 774 del vars, 331 del conss, 0 add conss, 2666 chg bounds, 0 chg sides, 1224 chg coeffs, 333 upgd conss, 39250 impls, 420 clqs
(round 42, exhaustive) 799 del vars, 331 del conss, 0 add conss, 2666 chg bounds, 0 chg sides, 1224 chg coeffs, 333 upgd conss, 40429 impls, 432 clqs
(round 43, fast)       799 del vars, 344 del conss, 0 add conss, 2666 chg bounds, 0 chg sides, 1224 chg coeffs, 333 upgd conss, 40429 impls, 432 clqs
   (1.3s) running MILP presolver
   (1.4s) MILP presolver (24 rounds): 0 aggregations, 339 fixings, 0 bound changes
(round 44, medium)     1138 del vars, 503 del conss, 0 add conss, 2666 chg bounds, 0 chg sides, 1224 chg coeffs, 333 upgd conss, 40429 impls, 432 clqs
(round 45, fast)       1138 del vars, 554 del conss, 0 add conss, 2666 chg bounds, 0 chg sides, 1224 chg coeffs, 333 upgd conss, 40429 impls, 432 clqs
(round 46, exhaustive) 1138 del vars, 554 del conss, 0 add conss, 2666 chg bounds, 0 chg sides, 1224 chg coeffs, 337 upgd conss, 40429 impls, 432 clqs
(round 47, exhaustive) 1163 del vars, 554 del conss, 0 add conss, 2668 chg bounds, 0 chg sides, 1224 chg coeffs, 337 upgd conss, 53191 impls, 835 clqs
(round 48, fast)       1165 del vars, 567 del conss, 0 add conss, 2670 chg bounds, 0 chg sides, 1226 chg coeffs, 337 upgd conss, 53191 impls, 835 clqs
(round 49, exhaustive) 1165 del vars, 567 del conss, 0 add conss, 2670 chg bounds, 0 chg sides, 1226 chg coeffs, 344 upgd conss, 53191 impls, 835 clqs
(round 50, exhaustive) 1190 del vars, 567 del conss, 0 add conss, 2673 chg bounds, 0 chg sides, 1226 chg coeffs, 344 upgd conss, 58691 impls, 1064 clqs
(round 51, fast)       1190 del vars, 583 del conss, 0 add conss, 2673 chg bounds, 0 chg sides, 1229 chg coeffs, 344 upgd conss, 58691 impls, 1064 clqs
(round 52, exhaustive) 1190 del vars, 583 del conss, 0 add conss, 2673 chg bounds, 0 chg sides, 1229 chg coeffs, 346 upgd conss, 58691 impls, 1064 clqs
   (1.9s) probing: 1000/1000 (100.0%) - 397 fixings, 0 aggregations, 64507 implications, 8 bound changes
   (1.9s) probing cycle finished: starting next cycle
   (2.0s) probing: 65/640 (10.2%) - 397 fixings, 0 aggregations, 64759 implications, 8 bound changes
   (2.0s) probing aborted: 50/50 successive totally useless probings
(round 53, exhaustive) 1210 del vars, 583 del conss, 0 add conss, 2678 chg bounds, 0 chg sides, 1229 chg coeffs, 346 upgd conss, 65017 impls, 1420 clqs
(round 54, fast)       1210 del vars, 593 del conss, 0 add conss, 2678 chg bounds, 0 chg sides, 1234 chg coeffs, 346 upgd conss, 65017 impls, 1420 clqs
(round 55, exhaustive) 1210 del vars, 593 del conss, 0 add conss, 2678 chg bounds, 0 chg sides, 1234 chg coeffs, 352 upgd conss, 65017 impls, 1420 clqs
   (2.0s) probing: 70/640 (10.9%) - 397 fixings, 0 aggregations, 64759 implications, 8 bound changes
   (2.0s) probing aborted: 50/50 successive totally useless probings
   (2.0s) symmetry computation started: requiring (bin +, int -, cont +), (fixed: bin -, int +, cont -)
   (2.0s) symmetry computation finished: 7 generators found (max: 1500, log10 of symmetry group size: 2.9)
(round 56, exhaustive) 1210 del vars, 593 del conss, 3 add conss, 2684 chg bounds, 0 chg sides, 1234 chg coeffs, 352 upgd conss, 65023 impls, 1420 clqs
presolving (57 rounds: 57 fast, 37 medium, 35 exhaustive):
 1210 deleted vars, 593 deleted constraints, 3 added constraints, 2684 tightened bounds, 0 added holes, 0 changed sides, 1240 changed coefficients
 65023 implications, 1420 cliques
presolved problem has 1290 variables (640 bin, 0 int, 0 impl, 650 cont) and 684 constraints
     20 constraints of type <varbound>
     10 constraints of type <setppc>
    651 constraints of type <linear>
      3 constraints of type <orbitope>
Presolving Time: 1.97

 time | node  | left  |LP iter|LP it/n|mem/heur|mdpt |vars |cons |rows |cuts |sepa|confs|strbr|  dualbound   | primalbound  |  gap   | compl. 
p 2.0s|     1 |     0 |    16 |     - |   locks|   0 |1290 | 684 | 681 |   0 |  0 |   0 |   0 |-1.600079e+02 |-1.000000e+00 |  Large | unknown
  2.0s|     1 |     0 |   338 |     - |    87M |   0 |1290 | 684 | 681 |   0 |  0 |   0 |   0 |-3.159593e+00 |-1.000000e+00 | 215.96%| unknown
r 2.0s|     1 |     0 |   338 |     - |shifting|   0 |1290 | 684 | 681 |   0 |  0 |   0 |   0 |-3.159593e+00 |-3.159593e+00 |   0.00%| unknown
  2.0s|     1 |     0 |   338 |     - |    87M |   0 |1290 | 684 | 681 |   0 |  0 |   0 |   0 |-3.159593e+00 |-3.159593e+00 |   0.00%| unknown
  2.0s|     1 |     0 |   338 |     - |    87M |   0 |1290 | 684 | 681 |   0 |  0 |   0 |   0 |-3.159593e+00 |-3.159593e+00 |   0.00%| unknown

SCIP Status        : problem is solved [optimal solution found]
Solving Time (sec) : 2.03
Solving Nodes      : 1
Primal Bound       : -3.15959252971138e+00 (2 solutions)
Dual Bound         : -3.15959252971138e+00
Gap                : 0.00 %

primal solution (original space):
=================================

objective value:                    -3.15959252971137
y_3,52_                                             1 	(obj:0)
y_1,53_                                             1 	(obj:0)
y_2,53_                                             1 	(obj:0)
y_4,53_                                             1 	(obj:0)
y_5,53_                                             1 	(obj:0)
y_6,53_                                             1 	(obj:0)
y_7,53_                                             1 	(obj:0)
y_8,53_                                             1 	(obj:0)
y_9,53_                                             1 	(obj:0)
y_10,53_                                            1 	(obj:0)
x_5_                               -0.320882852292022 	(obj:1)
t_1,53_                                           0.5 	(obj:0)
x_1_                               -0.306451612903226 	(obj:1)
t_6,53_                                           0.5 	(obj:0)
t_6,54_                                           0.5 	(obj:0)
t_5,53_                             0.947368421052681 	(obj:0)
x_6_                               -0.306451612903226 	(obj:1)
t_7,53_                                           0.5 	(obj:0)
t_7,54_                                           0.5 	(obj:0)
t_4,53_                                             1 	(obj:0)
x_7_                               -0.306451612903226 	(obj:1)
t_1,54_                                           0.5 	(obj:0)
t_3,53_                                             1 	(obj:0)
t_5,54_                            0.0526315789473185 	(obj:0)
t_8,53_                                             1 	(obj:0)
x_8_                                -0.32258064516129 	(obj:1)
x_2_                                -0.32258064516129 	(obj:1)
t_2,53_                                             1 	(obj:0)
t_9,53_                                           0.5 	(obj:0)
t_9,54_                                           0.5 	(obj:0)
x_4_                                -0.32258064516129 	(obj:1)
x_10_                               -0.32258064516129 	(obj:1)
x_9_                               -0.306451612903226 	(obj:1)
t_10,53_                                            1 	(obj:0)
x_3_                                -0.32258064516129 	(obj:1)

Statistics
==========

SCIP Status        : problem is solved [optimal solution found]
Total Time         :       2.04
  solving          :       2.03
  presolving       :       1.97 (included in solving)
  reading          :       0.01
  copying          :       0.00 (0 times copied the problem)
Original Problem   :
  Problem name     : ../modeles/10_124.lp
  Variables        : 2500 (1240 binary, 0 integer, 0 implicit integer, 1260 continuous)
  Constraints      : 1281 initial, 1281 maximal
  Objective        : minimize, 10 non-zeros (abs.min = 1, abs.max = 1)
Presolved Problem  :
  Problem name     : t_../modeles/10_124.lp
  Variables        : 1290 (640 binary, 0 integer, 0 implicit integer, 650 continuous)
  Constraints      : 684 initial, 684 maximal
  Objective        : minimize, 640 non-zeros (abs.min = 0.0322581, abs.max = 1.03226)
  Nonzeros         : 5140 constraint, 3460 clique table
Presolvers         :   ExecTime  SetupTime  Calls  FixedVars   AggrVars   ChgTypes  ChgBounds   AddHoles    DelCons    AddCons   ChgSides   ChgCoefs
  boundshift       :       0.00       0.00      0          0          0          0          0          0          0          0          0          0
  convertinttobin  :       0.00       0.00      0          0          0          0          0          0          0          0          0          0
  domcol           :       0.03       0.00     18          0          0          0          0          0          0          0          0          0
  dualagg          :       0.00       0.00      0          0          0          0          0          0          0          0          0          0
  dualcomp         :       0.01       0.00     18          0          0          0          0          0          0          0          0          0
  dualinfer        :       0.00       0.00      0          0          0          0          0          0          0          0          0          0
  dualsparsify     :       0.00       0.00      1          0          0          0          0          0          0          0          0          0
  gateextraction   :       0.00       0.00      0          0          0          0          0          0          0          0          0          0
  implics          :       0.00       0.00     37          0          0          0         12          0          0          0          0          0
  inttobinary      :       0.00       0.00      0          0          0          0          0          0          0          0          0          0
  milp             :       0.18       0.00      2        799          0          0          0          0          0          0          0          0
  qpkktref         :       0.00       0.00      0          0          0          0          0          0          0          0          0          0
  redvub           :       0.00       0.00      0          0          0          0          0          0          0          0          0          0
  sparsify         :       0.07       0.00      4          0          0          0          0          0          0          0          0          0
  stuffing         :       0.00       0.00      0          0          0          0          0          0          0          0          0          0
  trivial          :       0.00       0.00     57          0          0          0          0          0          0          0          0          0
  tworowbnd        :       0.00       0.00      0          0          0          0          0          0          0          0          0          0
  dualfix          :       0.00       0.00     57          0          0          0          0          0          0          0          0          0
  genvbounds       :       0.00       0.00      0          0          0          0          0          0          0          0          0          0
  probing          :       1.55       0.00     17        397          0          0          8          0          0          0          0          0
  pseudoobj        :       0.00       0.00      0          0          0          0          0          0          0          0          0          0
  symmetry         :       0.01       0.00      1          0          0          0          0          0          0          3          0          0
  vbounds          :       0.00       0.00     14          0          0          0          0          0          0          0          0          0
  varbound         :       0.00       0.00     87          0          0          0          4          0        322          0          0         20
  setppc           :       0.00       0.00    121          0          0          0          0          0          0          0          0          0
  linear           :       0.11       0.00     92          4         10          0       2660          0        271          0          0       1220
  orbitope         :       0.00       0.00      1          0          0          0          0          0          0          0          0          0
  benders          :       0.00       0.00      0          0          0          0          0          0          0          0          0          0
  components       :       0.00       0.00      1          0          0          0          0          0          0          0          0          0
  root node        :          -          -      -         10          -          -         10          -          -          -          -          -
Constraints        :     Number  MaxNumber  #Separate #Propagate    #EnfoLP    #EnfoRelax  #EnfoPS    #Check   #ResProp    Cutoffs    DomReds       Cuts    Applied      Conss   Children
  benderslp        :          0          0          0          0          0          0          0         13          0          0          0          0          0          0          0
  integral         :          0          0          0          0          0          0          0         13          0          0          0          0          0          0          0
  varbound         :         20         20          0       6151          0          0          0          7          0          0          0          0          0          0          0
  setppc           :         10         10          0       6164          0          0          0          7          0          0          0          0          0          0          0
  linear           :        651        651          0       6165          0          0          0          2          0        521          0          0          0          0          0
  orbitope         :          3          3          0        892          0          0          0          2          0          0          0          0          0          0          0
  benders          :          0          0          0          0          0          0          0          3          0          0          0          0          0          0          0
  countsols        :          0          0          0          0          0          0          0          3          0          0          0          0          0          0          0
  components       :          0          0          0          0          0          0          0          0          0          0          0          0          0          0          0
Constraint Timings :  TotalTime  SetupTime   Separate  Propagate     EnfoLP     EnfoPS     EnfoRelax   Check    ResProp    SB-Prop
  benderslp        :       0.00       0.00       0.00       0.00       0.00       0.00       0.00       0.00       0.00       0.00
  integral         :       0.00       0.00       0.00       0.00       0.00       0.00       0.00       0.00       0.00       0.00
  varbound         :       0.03       0.00       0.00       0.03       0.00       0.00       0.00       0.00       0.00       0.00
  setppc           :       0.01       0.00       0.00       0.01       0.00       0.00       0.00       0.00       0.00       0.00
  linear           :       0.84       0.00       0.00       0.84       0.00       0.00       0.00       0.00       0.00       0.00
  orbitope         :       0.00       0.00       0.00       0.00       0.00       0.00       0.00       0.00       0.00       0.00
  benders          :       0.00       0.00       0.00       0.00       0.00       0.00       0.00       0.00       0.00       0.00
  countsols        :       0.00       0.00       0.00       0.00       0.00       0.00       0.00       0.00       0.00       0.00
  components       :       0.00       0.00       0.00       0.00       0.00       0.00       0.00       0.00       0.00       0.00
Propagators        : #Propagate   #ResProp    Cutoffs    DomReds
  dualfix          :          2          0          0          0
  genvbounds       :          0          0          0          0
  nlobbt           :          0          0          0          0
  obbt             :          0          0          0          0
  probing          :          0          0          0          0
  pseudoobj        :          4          0          0          0
  redcost          :          1          0          0         10
  rootredcost      :          0          0          0          0
  symmetry         :          0          0          0          0
  vbounds          :        613          0          0          0
Propagator Timings :  TotalTime  SetupTime   Presolve  Propagate    ResProp    SB-Prop
  dualfix          :       0.00       0.00       0.00       0.00       0.00       0.00
  genvbounds       :       0.00       0.00       0.00       0.00       0.00       0.00
  nlobbt           :       0.00       0.00       0.00       0.00       0.00       0.00
  obbt             :       0.00       0.00       0.00       0.00       0.00       0.00
  probing          :       1.55       0.00       1.55       0.00       0.00       0.00
  pseudoobj        :       0.00       0.00       0.00       0.00       0.00       0.00
  redcost          :       0.00       0.00       0.00       0.00       0.00       0.00
  rootredcost      :       0.00       0.00       0.00       0.00       0.00       0.00
  symmetry         :       0.01       0.00       0.01       0.00       0.00       0.00
  vbounds          :       0.01       0.00       0.00       0.00       0.00       0.00
Orbital fixing     :
  vars fixed to 0  :          0
  vars fixed to 1  :          0
Conflict Analysis  :       Time      Calls    Success    DomReds  Conflicts   Literals    Reconvs ReconvLits   Dualrays   Nonzeros   LP Iters   (pool size: [--,--])
  propagation      :       0.00          0          0          -          0        0.0          0        0.0          -          -          -
  infeasible LP    :       0.00          0          0          -          0        0.0          0        0.0          0        0.0          0
  bound exceed. LP :       0.00          0          0          -          0        0.0          0        0.0          0        0.0          0
  strong branching :       0.00          0          0          -          0        0.0          0        0.0          -          -          0
  pseudo solution  :       0.00          0          0          -          0        0.0          0        0.0          -          -          -
  applied globally :       0.00          -          -          0          0        0.0          -          -          0          -          -
  applied locally  :          -          -          -          0          0        0.0          -          -          0          -          -
Separators         :   ExecTime  SetupTime      Calls    Cutoffs    DomReds       Cuts    Applied      Conss
  cut pool         :       0.00                     0          -          -          0          -          -    (maximal pool size: 0)
  aggregation      :       0.00       0.00          0          0          0          0          0          0
  > cmir           :          -          -          -          -          -          -          0          -
  > flowcover      :          -          -          -          -          -          -          0          -
  > knapsackcover  :          -          -          -          -          -          -          0          -
  cgmip            :       0.00       0.00          0          0          0          0          0          0
  clique           :       0.00       0.00          0          0          0          0          0          0
  closecuts        :       0.00       0.00          0          0          0          0          0          0
  convexproj       :       0.00       0.00          0          0          0          0          0          0
  disjunctive      :       0.00       0.00          0          0          0          0          0          0
  eccuts           :       0.00       0.00          0          0          0          0          0          0
  gauge            :       0.00       0.00          0          0          0          0          0          0
  gomory           :       0.00       0.00          0          0          0          0          0          0
  > gomorymi       :          -          -          -          -          -          -          0          -
  > strongcg       :          -          -          -          -          -          -          0          -
  impliedbounds    :       0.00       0.00          0          0          0          0          0          0
  interminor       :       0.00       0.00          0          0          0          0          0          0
  intobj           :       0.00       0.00          0          0          0          0          0          0
  mcf              :       0.00       0.00          0          0          0          0          0          0
  minor            :       0.00       0.00          0          0          0          0          0          0
  mixing           :       0.00       0.00          0          0          0          0          0          0
  oddcycle         :       0.00       0.00          0          0          0          0          0          0
  rapidlearning    :       0.00       0.00          0          0          0          0          0          0
  rlt              :       0.00       0.00          0          0          0          0          0          0
  zerohalf         :       0.00       0.00          0          0          0          0          0          0
Cutselectors       :   ExecTime  SetupTime
  hybrid           :       0.00       0.00
Pricers            :   ExecTime  SetupTime      Calls       Vars
  problem variables:       0.00          -          0          0
Branching Rules    :   ExecTime  SetupTime   BranchLP  BranchExt   BranchPS    Cutoffs    DomReds       Cuts      Conss   Children
  allfullstrong    :       0.00       0.00          0          0          0          0          0          0          0          0
  cloud            :       0.00       0.00          0          0          0          0          0          0          0          0
  distribution     :       0.00       0.00          0          0          0          0          0          0          0          0
  fullstrong       :       0.00       0.00          0          0          0          0          0          0          0          0
  inference        :       0.00       0.00          0          0          0          0          0          0          0          0
  leastinf         :       0.00       0.00          0          0          0          0          0          0          0          0
  lookahead        :       0.00       0.00          0          0          0          0          0          0          0          0
  mostinf          :       0.00       0.00          0          0          0          0          0          0          0          0
  multaggr         :       0.00       0.00          0          0          0          0          0          0          0          0
  nodereopt        :       0.00       0.00          0          0          0          0          0          0          0          0
  pscost           :       0.00       0.00          0          0          0          0          0          0          0          0
  random           :       0.00       0.00          0          0          0          0          0          0          0          0
  relpscost        :       0.00       0.00          0          0          0          0          0          0          0          0
  vanillafullstrong:       0.00       0.00          0          0          0          0          0          0          0          0
Primal Heuristics  :   ExecTime  SetupTime      Calls      Found       Best
  LP solutions     :       0.00          -          -          0          0
  relax solutions  :       0.00          -          -          0          0
  pseudo solutions :       0.00          -          -          0          0
  strong branching :       0.00          -          -          0          0
  actconsdiving    :       0.00       0.00          0          0          0
  adaptivediving   :       0.00       0.00          0          0          0
  alns             :       0.00       0.00          0          0          0
  bound            :       0.00       0.00          0          0          0
  clique           :       0.00       0.00          1          0          0
  coefdiving       :       0.00       0.00          0          0          0
  completesol      :       0.00       0.00          0          0          0
  conflictdiving   :       0.00       0.00          0          0          0
  crossover        :       0.00       0.00          0          0          0
  dins             :       0.00       0.00          0          0          0
  distributiondivin:       0.00       0.00          0          0          0
  dps              :       0.00       0.00          0          0          0
  dualval          :       0.00       0.00          0          0          0
  farkasdiving     :       0.00       0.00          0          0          0
  feaspump         :       0.00       0.00          0          0          0
  fixandinfer      :       0.00       0.00          0          0          0
  fracdiving       :       0.00       0.00          0          0          0
  gins             :       0.00       0.00          0          0          0
  guideddiving     :       0.00       0.00          0          0          0
  indicator        :       0.00       0.00          0          0          0
  intdiving        :       0.00       0.00          0          0          0
  intshifting      :       0.00       0.00          0          0          0
  linesearchdiving :       0.00       0.00          0          0          0
  localbranching   :       0.00       0.00          0          0          0
  locks            :       0.02       0.00          1          1          1
  lpface           :       0.00       0.00          0          0          0
  mpec             :       0.00       0.00          0          0          0
  multistart       :       0.00       0.00          0          0          0
  mutation         :       0.00       0.00          0          0          0
  nlpdiving        :       0.00       0.00          0          0          0
  objpscostdiving  :       0.00       0.00          0          0          0
  octane           :       0.00       0.00          0          0          0
  ofins            :       0.00       0.00          0          0          0
  oneopt           :       0.00       0.00          1          0          0
  padm             :       0.00       0.00          0          0          0
  proximity        :       0.00       0.00          0          0          0
  pscostdiving     :       0.00       0.00          0          0          0
  randrounding     :       0.00       0.00          1          0          0
  rens             :       0.00       0.00          0          0          0
  reoptsols        :       0.00       0.00          0          0          0
  repair           :       0.00       0.00          0          0          0
  rins             :       0.00       0.00          0          0          0
  rootsoldiving    :       0.00       0.00          0          0          0
  rounding         :       0.00       0.00          1          0          0
  shiftandpropagate:       0.00       0.00          0          0          0
  shifting         :       0.00       0.00          1          1          1
  simplerounding   :       0.00       0.00          0          0          0
  subnlp           :       0.00       0.00          0          0          0
  trivial          :       0.00       0.00          2          0          0
  trivialnegation  :       0.00       0.00          0          0          0
  trustregion      :       0.00       0.00          0          0          0
  trysol           :       0.00       0.00          0          0          0
  twoopt           :       0.00       0.00          0          0          0
  undercover       :       0.00       0.00          0          0          0
  vbounds          :       0.00       0.00          0          0          0
  veclendiving     :       0.00       0.00          0          0          0
  zeroobj          :       0.00       0.00          0          0          0
  zirounding       :       0.00       0.00          0          0          0
  other solutions  :          -          -          -          0          -
Diving (single)    :      Calls      Nodes   LP Iters Backtracks  Conflicts   MinDepth   MaxDepth   AvgDepth  RoundSols  NLeafSols  MinSolDpt  MaxSolDpt  AvgSolDpt
  actconsdiving    :          0          -          -          -          -          -          -          -          -          -          -          -          -
  coefdiving       :          0          -          -          -          -          -          -          -          -          -          -          -          -
  conflictdiving   :          0          -          -          -          -          -          -          -          -          -          -          -          -
  distributiondivin:          0          -          -          -          -          -          -          -          -          -          -          -          -
  farkasdiving     :          0          -          -          -          -          -          -          -          -          -          -          -          -
  fracdiving       :          0          -          -          -          -          -          -          -          -          -          -          -          -
  guideddiving     :          0          -          -          -          -          -          -          -          -          -          -          -          -
  linesearchdiving :          0          -          -          -          -          -          -          -          -          -          -          -          -
  pscostdiving     :          0          -          -          -          -          -          -          -          -          -          -          -          -
  veclendiving     :          0          -          -          -          -          -          -          -          -          -          -          -          -
Diving (adaptive)  :      Calls      Nodes   LP Iters Backtracks  Conflicts   MinDepth   MaxDepth   AvgDepth  RoundSols  NLeafSols  MinSolDpt  MaxSolDpt  AvgSolDpt
  actconsdiving    :          0          -          -          -          -          -          -          -          -          -          -          -          -
  coefdiving       :          0          -          -          -          -          -          -          -          -          -          -          -          -
  conflictdiving   :          0          -          -          -          -          -          -          -          -          -          -          -          -
  distributiondivin:          0          -          -          -          -          -          -          -          -          -          -          -          -
  farkasdiving     :          0          -          -          -          -          -          -          -          -          -          -          -          -
  fracdiving       :          0          -          -          -          -          -          -          -          -          -          -          -          -
  guideddiving     :          0          -          -          -          -          -          -          -          -          -          -          -          -
  linesearchdiving :          0          -          -          -          -          -          -          -          -          -          -          -          -
  pscostdiving     :          0          -          -          -          -          -          -          -          -          -          -          -          -
  veclendiving     :          0          -          -          -          -          -          -          -          -          -          -          -          -
Neighborhoods      :      Calls  SetupTime  SolveTime SolveNodes       Sols       Best       Exp3  EpsGreedy        UCB TgtFixRate  Opt  Inf Node Stal  Sol  Usr Othr Actv
  rens             :          0       0.00       0.00          0          0          0    0.00000   -1.00000    1.00000      0.900    0    0    0    0    0    0    0    1
  rins             :          0       0.00       0.00          0          0          0    0.00000   -1.00000    1.00000      0.900    0    0    0    0    0    0    0    1
  mutation         :          0       0.00       0.00          0          0          0    0.00000   -1.00000    1.00000      0.900    0    0    0    0    0    0    0    1
  localbranching   :          0       0.00       0.00          0          0          0    0.00000   -1.00000    1.00000      0.900    0    0    0    0    0    0    0    1
  crossover        :          0       0.00       0.00          0          0          0    0.00000   -1.00000    1.00000      0.900    0    0    0    0    0    0    0    1
  proximity        :          0       0.00       0.00          0          0          0    0.00000   -1.00000    1.00000      0.900    0    0    0    0    0    0    0    1
  zeroobjective    :          0       0.00       0.00          0          0          0    0.00000   -1.00000    1.00000      0.900    0    0    0    0    0    0    0    1
  dins             :          0       0.00       0.00          0          0          0    0.00000   -1.00000    1.00000      0.900    0    0    0    0    0    0    0    1
  trustregion      :          0       0.00       0.00          0          0          0    0.00000   -1.00000    1.00000      0.900    0    0    0    0    0    0    0    0
LP                 :       Time      Calls Iterations  Iter/call   Iter/sec  Time-0-It Calls-0-It    ItLimit
  primal LP        :       0.00          0          0       0.00          -       0.00          0
  dual LP          :       0.01          2        322     322.00          -       0.00          1
  lex dual LP      :       0.00          0          0       0.00          -
  barrier LP       :       0.00          0          0       0.00          -       0.00          0
  resolve instable :       0.00          0          0       0.00          -
  diving/probing LP:       0.00          1         16      16.00          -
  strong branching :       0.00          0          0       0.00          -          -          -          0
    (at root node) :          -          0          0       0.00          -
  conflict analysis:       0.00          0          0       0.00          -
B&B Tree           :
  number of runs   :          1
  nodes            :          1 (0 internal, 1 leaves)
  feasible leaves  :          0
  infeas. leaves   :          0
  objective leaves :          1
  nodes (total)    :          1 (0 internal, 1 leaves)
  nodes left       :          0
  max depth        :          0
  max depth (total):          0
  backtracks       :          0 (0.0%)
  early backtracks :          0 (0.0%)
  nodes exc. ref.  :          0 (0.0%)
  delayed cutoffs  :          0
  repropagations   :          0 (0 domain reductions, 0 cutoffs)
  avg switch length:       2.00
  switching time   :       0.00
Estim. Tree Size   :          1
Estimation Tree    : 1 nodes (1 visited, 0 internal, 1 leaves, 0 open), weight: 1.0000 completed 1.0000
Estimations        :      estim      value      trend resolution     smooth
  wbe              :          1          -          -          -          -
  tree-profile     :         -1          -          -          -          -
  gap              :          1    1.00000    1.00000          1          1
  tree-weight      :          1    1.00000    1.00000          1          1
  leaf-frequency   :          1    0.50000    1.00000          1          1
  ssg              :          1    0.00000   -1.00000          1          1
  open-nodes       :          1    0.00000    0.00000          1          1
Root Node          :
  First LP value   : -3.15959252971138e+00
  First LP Iters   :        322 (45231.07 Iter/sec)
  First LP Time    :       0.01
  Final Dual Bound : -3.15959252971138e+00
  Final Root Iters :        322
  Root LP Estimate :                     -
Solution           :
  Solutions found  :          2 (2 improvements)
  First Solution   : -1.00000000000000e+00   (in run 1, after 1 nodes, 2.01 seconds, depth 11, found by <locks>)
  Gap First Sol.   :   15900.79 %
  Gap Last Sol.    :       0.00 %
  Primal Bound     : -3.15959252971138e+00   (in run 1, after 1 nodes, 2.02 seconds, depth 0, found by <shifting>)
  Dual Bound       : -3.15959252971138e+00
  Gap              :       0.00 %
Integrals          :      Total       Avg%
  primal-dual      :     202.37      99.94
  primal-ref       :          -          - (not evaluated)
  dual-ref         :          -          - (not evaluated)
