SCIP version 8.0.0 [precision: 8 byte] [memory: block] [mode: optimized] [LP solver: SoPlex 6.0.0] [GitHash: a740f0891e]
Copyright (C) 2002-2021 Konrad-Zuse-Zentrum fuer Informationstechnik Berlin (ZIB)

External libraries: 
  SoPlex 6.0.0         Linear Programming Solver developed at Zuse Institute Berlin (soplex.zib.de) [GitHash: 71a5873d]
  CppAD 20180000.0     Algorithmic Differentiation of C++ algorithms developed by B. Bell (github.com/coin-or/CppAD)
  ZLIB 1.2.11          General purpose compression library by J. Gailly and M. Adler (zlib.net)
  GMP 6.2.1            GNU Multiple Precision Arithmetic Library developed by T. Granlund (gmplib.org)
  ZIMPL 3.5.1          Zuse Institute Mathematical Programming Language developed by T. Koch (zimpl.zib.de)
  AMPL/MP 4e2d45c4     AMPL .nl file reader library (github.com/ampl/mp)
  PaPILO 2.0.0         parallel presolve for integer and linear optimization (github.com/scipopt/papilo) [GitHash: 76cafc1]
  bliss 0.73p          Computing Graph Automorphism Groups by T. Junttila and P. Kaski (www.tcs.hut.fi/Software/bliss/)
  Ipopt 3.13.2         Interior Point Optimizer developed by A. Waechter et.al. (github.com/coin-or/Ipopt)

user parameter file <scip.set> not found - using default parameters

read problem <../modeles/10_194.lp>
============

original problem has 3900 variables (1940 bin, 0 int, 0 impl, 1960 cont) and 1981 constraints

solve problem
=============

presolving:
(round 1, fast)       10 del vars, 0 del conss, 0 add conss, 4140 chg bounds, 0 chg sides, 0 chg coeffs, 0 upgd conss, 0 impls, 10 clqs
(round 2, fast)       10 del vars, 0 del conss, 0 add conss, 4140 chg bounds, 0 chg sides, 1940 chg coeffs, 0 upgd conss, 0 impls, 10 clqs
   (0.1s) running MILP presolver
   (0.1s) MILP presolver (2 rounds): 0 aggregations, 0 fixings, 20 bound changes
(round 3, exhaustive) 10 del vars, 0 del conss, 0 add conss, 4160 chg bounds, 0 chg sides, 1940 chg coeffs, 30 upgd conss, 0 impls, 10 clqs
(round 4, exhaustive) 35 del vars, 0 del conss, 0 add conss, 4160 chg bounds, 0 chg sides, 1940 chg coeffs, 30 upgd conss, 5229 impls, 10 clqs
(round 5, exhaustive) 35 del vars, 1 del conss, 0 add conss, 4160 chg bounds, 0 chg sides, 1940 chg coeffs, 73 upgd conss, 5229 impls, 10 clqs
(round 6, exhaustive) 60 del vars, 1 del conss, 0 add conss, 4160 chg bounds, 0 chg sides, 1940 chg coeffs, 73 upgd conss, 9125 impls, 10 clqs
(round 7, fast)       60 del vars, 3 del conss, 0 add conss, 4160 chg bounds, 0 chg sides, 1940 chg coeffs, 73 upgd conss, 9125 impls, 10 clqs
(round 8, exhaustive) 60 del vars, 3 del conss, 0 add conss, 4160 chg bounds, 0 chg sides, 1940 chg coeffs, 117 upgd conss, 9125 impls, 10 clqs
(round 9, exhaustive) 85 del vars, 3 del conss, 0 add conss, 4160 chg bounds, 0 chg sides, 1940 chg coeffs, 117 upgd conss, 15524 impls, 10 clqs
(round 10, fast)       85 del vars, 6 del conss, 0 add conss, 4160 chg bounds, 0 chg sides, 1940 chg coeffs, 117 upgd conss, 15524 impls, 10 clqs
(round 11, exhaustive) 85 del vars, 6 del conss, 0 add conss, 4160 chg bounds, 0 chg sides, 1940 chg coeffs, 158 upgd conss, 15524 impls, 10 clqs
(round 12, exhaustive) 110 del vars, 6 del conss, 0 add conss, 4160 chg bounds, 0 chg sides, 1940 chg coeffs, 158 upgd conss, 22847 impls, 10 clqs
(round 13, fast)       110 del vars, 12 del conss, 0 add conss, 4160 chg bounds, 0 chg sides, 1940 chg coeffs, 158 upgd conss, 22847 impls, 10 clqs
(round 14, exhaustive) 110 del vars, 12 del conss, 0 add conss, 4160 chg bounds, 0 chg sides, 1940 chg coeffs, 190 upgd conss, 22847 impls, 10 clqs
(round 15, exhaustive) 135 del vars, 12 del conss, 0 add conss, 4160 chg bounds, 0 chg sides, 1940 chg coeffs, 190 upgd conss, 27476 impls, 10 clqs
(round 16, fast)       136 del vars, 17 del conss, 0 add conss, 4161 chg bounds, 0 chg sides, 1940 chg coeffs, 190 upgd conss, 27476 impls, 10 clqs
(round 17, exhaustive) 136 del vars, 17 del conss, 0 add conss, 4161 chg bounds, 0 chg sides, 1940 chg coeffs, 226 upgd conss, 27476 impls, 10 clqs
(round 18, exhaustive) 161 del vars, 17 del conss, 0 add conss, 4161 chg bounds, 0 chg sides, 1940 chg coeffs, 226 upgd conss, 30577 impls, 10 clqs
(round 19, fast)       162 del vars, 24 del conss, 0 add conss, 4162 chg bounds, 0 chg sides, 1940 chg coeffs, 226 upgd conss, 30577 impls, 10 clqs
(round 20, exhaustive) 162 del vars, 24 del conss, 0 add conss, 4162 chg bounds, 0 chg sides, 1940 chg coeffs, 257 upgd conss, 30577 impls, 10 clqs
(round 21, exhaustive) 187 del vars, 24 del conss, 0 add conss, 4162 chg bounds, 0 chg sides, 1940 chg coeffs, 257 upgd conss, 32521 impls, 10 clqs
(round 22, fast)       188 del vars, 31 del conss, 0 add conss, 4163 chg bounds, 0 chg sides, 1940 chg coeffs, 257 upgd conss, 32521 impls, 10 clqs
(round 23, exhaustive) 188 del vars, 31 del conss, 0 add conss, 4163 chg bounds, 0 chg sides, 1940 chg coeffs, 283 upgd conss, 32521 impls, 10 clqs
(round 24, exhaustive) 213 del vars, 31 del conss, 0 add conss, 4163 chg bounds, 0 chg sides, 1940 chg coeffs, 283 upgd conss, 35388 impls, 10 clqs
(round 25, fast)       214 del vars, 39 del conss, 0 add conss, 4164 chg bounds, 0 chg sides, 1940 chg coeffs, 283 upgd conss, 35388 impls, 10 clqs
(round 26, exhaustive) 214 del vars, 39 del conss, 0 add conss, 4164 chg bounds, 0 chg sides, 1940 chg coeffs, 311 upgd conss, 35388 impls, 10 clqs
(round 27, exhaustive) 239 del vars, 39 del conss, 0 add conss, 4164 chg bounds, 0 chg sides, 1940 chg coeffs, 311 upgd conss, 40706 impls, 10 clqs
(round 28, fast)       240 del vars, 46 del conss, 0 add conss, 4165 chg bounds, 0 chg sides, 1940 chg coeffs, 311 upgd conss, 40706 impls, 10 clqs
(round 29, exhaustive) 240 del vars, 46 del conss, 0 add conss, 4165 chg bounds, 0 chg sides, 1940 chg coeffs, 342 upgd conss, 40706 impls, 10 clqs
(round 30, exhaustive) 265 del vars, 46 del conss, 0 add conss, 4165 chg bounds, 0 chg sides, 1940 chg coeffs, 342 upgd conss, 43176 impls, 10 clqs
(round 31, fast)       265 del vars, 52 del conss, 0 add conss, 4165 chg bounds, 0 chg sides, 1940 chg coeffs, 342 upgd conss, 43176 impls, 10 clqs
(round 32, exhaustive) 265 del vars, 52 del conss, 0 add conss, 4165 chg bounds, 0 chg sides, 1940 chg coeffs, 374 upgd conss, 43176 impls, 10 clqs
(round 33, exhaustive) 291 del vars, 52 del conss, 0 add conss, 4165 chg bounds, 0 chg sides, 1940 chg coeffs, 374 upgd conss, 46764 impls, 10 clqs
(round 34, fast)       291 del vars, 60 del conss, 0 add conss, 4165 chg bounds, 0 chg sides, 1940 chg coeffs, 374 upgd conss, 46764 impls, 10 clqs
(round 35, exhaustive) 291 del vars, 60 del conss, 0 add conss, 4165 chg bounds, 0 chg sides, 1940 chg coeffs, 402 upgd conss, 46764 impls, 10 clqs
(round 36, exhaustive) 316 del vars, 60 del conss, 0 add conss, 4165 chg bounds, 0 chg sides, 1940 chg coeffs, 402 upgd conss, 51067 impls, 10 clqs
(round 37, fast)       316 del vars, 67 del conss, 0 add conss, 4165 chg bounds, 0 chg sides, 1940 chg coeffs, 402 upgd conss, 51067 impls, 10 clqs
(round 38, exhaustive) 316 del vars, 67 del conss, 0 add conss, 4165 chg bounds, 0 chg sides, 1940 chg coeffs, 431 upgd conss, 51067 impls, 10 clqs
(round 39, exhaustive) 344 del vars, 67 del conss, 0 add conss, 4165 chg bounds, 0 chg sides, 1940 chg coeffs, 431 upgd conss, 53318 impls, 10 clqs
(round 40, fast)       344 del vars, 77 del conss, 0 add conss, 4165 chg bounds, 0 chg sides, 1940 chg coeffs, 431 upgd conss, 53318 impls, 10 clqs
(round 41, exhaustive) 344 del vars, 77 del conss, 0 add conss, 4165 chg bounds, 0 chg sides, 1940 chg coeffs, 455 upgd conss, 53318 impls, 10 clqs
(round 42, exhaustive) 369 del vars, 77 del conss, 0 add conss, 4165 chg bounds, 0 chg sides, 1940 chg coeffs, 455 upgd conss, 58708 impls, 10 clqs
(round 43, fast)       369 del vars, 86 del conss, 0 add conss, 4165 chg bounds, 0 chg sides, 1940 chg coeffs, 455 upgd conss, 58708 impls, 10 clqs
(round 44, exhaustive) 369 del vars, 86 del conss, 0 add conss, 4165 chg bounds, 0 chg sides, 1940 chg coeffs, 478 upgd conss, 58708 impls, 10 clqs
(round 45, exhaustive) 394 del vars, 86 del conss, 0 add conss, 4165 chg bounds, 0 chg sides, 1940 chg coeffs, 478 upgd conss, 61888 impls, 10 clqs
(round 46, fast)       395 del vars, 92 del conss, 0 add conss, 4166 chg bounds, 0 chg sides, 1940 chg coeffs, 478 upgd conss, 61888 impls, 10 clqs
(round 47, exhaustive) 395 del vars, 92 del conss, 0 add conss, 4166 chg bounds, 0 chg sides, 1940 chg coeffs, 508 upgd conss, 61888 impls, 10 clqs
(round 48, exhaustive) 420 del vars, 92 del conss, 0 add conss, 4166 chg bounds, 0 chg sides, 1940 chg coeffs, 508 upgd conss, 65023 impls, 10 clqs
(round 49, fast)       420 del vars, 103 del conss, 0 add conss, 4166 chg bounds, 0 chg sides, 1940 chg coeffs, 508 upgd conss, 65023 impls, 10 clqs
(round 50, exhaustive) 420 del vars, 103 del conss, 0 add conss, 4166 chg bounds, 0 chg sides, 1940 chg coeffs, 525 upgd conss, 65023 impls, 10 clqs
(round 51, exhaustive) 448 del vars, 103 del conss, 0 add conss, 4166 chg bounds, 0 chg sides, 1940 chg coeffs, 525 upgd conss, 67602 impls, 10 clqs
(round 52, fast)       448 del vars, 115 del conss, 0 add conss, 4166 chg bounds, 0 chg sides, 1940 chg coeffs, 525 upgd conss, 67602 impls, 10 clqs
(round 53, exhaustive) 448 del vars, 115 del conss, 0 add conss, 4166 chg bounds, 0 chg sides, 1940 chg coeffs, 545 upgd conss, 67602 impls, 10 clqs
(round 54, exhaustive) 473 del vars, 115 del conss, 0 add conss, 4166 chg bounds, 0 chg sides, 1940 chg coeffs, 545 upgd conss, 70159 impls, 10 clqs
(round 55, fast)       474 del vars, 128 del conss, 0 add conss, 4167 chg bounds, 0 chg sides, 1940 chg coeffs, 545 upgd conss, 70159 impls, 10 clqs
(round 56, exhaustive) 474 del vars, 128 del conss, 0 add conss, 4167 chg bounds, 0 chg sides, 1940 chg coeffs, 558 upgd conss, 70159 impls, 10 clqs
(round 57, exhaustive) 499 del vars, 128 del conss, 0 add conss, 4167 chg bounds, 0 chg sides, 1940 chg coeffs, 558 upgd conss, 71042 impls, 10 clqs
(round 58, fast)       500 del vars, 139 del conss, 0 add conss, 4168 chg bounds, 0 chg sides, 1940 chg coeffs, 558 upgd conss, 71042 impls, 10 clqs
(round 59, exhaustive) 500 del vars, 139 del conss, 0 add conss, 4168 chg bounds, 0 chg sides, 1940 chg coeffs, 577 upgd conss, 71042 impls, 10 clqs
(round 60, exhaustive) 525 del vars, 139 del conss, 0 add conss, 4168 chg bounds, 0 chg sides, 1940 chg coeffs, 577 upgd conss, 73218 impls, 10 clqs
(round 61, fast)       528 del vars, 152 del conss, 0 add conss, 4171 chg bounds, 0 chg sides, 1940 chg coeffs, 577 upgd conss, 73218 impls, 10 clqs
(round 62, exhaustive) 528 del vars, 152 del conss, 0 add conss, 4171 chg bounds, 0 chg sides, 1940 chg coeffs, 594 upgd conss, 73218 impls, 10 clqs
(round 63, exhaustive) 553 del vars, 152 del conss, 0 add conss, 4171 chg bounds, 0 chg sides, 1940 chg coeffs, 594 upgd conss, 75902 impls, 10 clqs
(round 64, fast)       555 del vars, 163 del conss, 0 add conss, 4173 chg bounds, 0 chg sides, 1940 chg coeffs, 594 upgd conss, 75902 impls, 10 clqs
(round 65, exhaustive) 555 del vars, 163 del conss, 0 add conss, 4173 chg bounds, 0 chg sides, 1940 chg coeffs, 615 upgd conss, 75902 impls, 10 clqs
(round 66, exhaustive) 580 del vars, 163 del conss, 0 add conss, 4173 chg bounds, 0 chg sides, 1940 chg coeffs, 615 upgd conss, 79802 impls, 10 clqs
(round 67, fast)       582 del vars, 174 del conss, 0 add conss, 4175 chg bounds, 0 chg sides, 1940 chg coeffs, 615 upgd conss, 79802 impls, 10 clqs
(round 68, exhaustive) 582 del vars, 174 del conss, 0 add conss, 4175 chg bounds, 0 chg sides, 1940 chg coeffs, 632 upgd conss, 79802 impls, 10 clqs
(round 69, exhaustive) 607 del vars, 174 del conss, 0 add conss, 4175 chg bounds, 0 chg sides, 1940 chg coeffs, 632 upgd conss, 81562 impls, 10 clqs
(round 70, fast)       607 del vars, 185 del conss, 0 add conss, 4175 chg bounds, 0 chg sides, 1940 chg coeffs, 632 upgd conss, 81562 impls, 10 clqs
   (2.1s) running MILP presolver
   (2.2s) MILP presolver (8 rounds): 0 aggregations, 65 fixings, 0 bound changes
(round 71, medium)     672 del vars, 207 del conss, 0 add conss, 4175 chg bounds, 0 chg sides, 1940 chg coeffs, 632 upgd conss, 81562 impls, 10 clqs
(round 72, fast)       672 del vars, 215 del conss, 0 add conss, 4175 chg bounds, 0 chg sides, 1940 chg coeffs, 632 upgd conss, 81562 impls, 10 clqs
(round 73, exhaustive) 672 del vars, 215 del conss, 0 add conss, 4175 chg bounds, 0 chg sides, 1940 chg coeffs, 681 upgd conss, 81562 impls, 10 clqs
(round 74, exhaustive) 697 del vars, 215 del conss, 0 add conss, 4175 chg bounds, 0 chg sides, 1940 chg coeffs, 681 upgd conss, 84506 impls, 10 clqs
(round 75, fast)       697 del vars, 227 del conss, 0 add conss, 4175 chg bounds, 0 chg sides, 1940 chg coeffs, 681 upgd conss, 84506 impls, 10 clqs
(round 76, exhaustive) 697 del vars, 227 del conss, 0 add conss, 4175 chg bounds, 0 chg sides, 1940 chg coeffs, 695 upgd conss, 84506 impls, 10 clqs
(round 77, exhaustive) 722 del vars, 227 del conss, 0 add conss, 4175 chg bounds, 0 chg sides, 1940 chg coeffs, 695 upgd conss, 87907 impls, 10 clqs
(round 78, fast)       722 del vars, 238 del conss, 0 add conss, 4175 chg bounds, 0 chg sides, 1940 chg coeffs, 695 upgd conss, 87907 impls, 10 clqs
(round 79, exhaustive) 722 del vars, 238 del conss, 0 add conss, 4175 chg bounds, 0 chg sides, 1940 chg coeffs, 712 upgd conss, 87907 impls, 10 clqs
(round 80, exhaustive) 747 del vars, 238 del conss, 0 add conss, 4175 chg bounds, 0 chg sides, 1940 chg coeffs, 712 upgd conss, 90292 impls, 10 clqs
(round 81, fast)       747 del vars, 252 del conss, 0 add conss, 4175 chg bounds, 0 chg sides, 1940 chg coeffs, 712 upgd conss, 90292 impls, 10 clqs
(round 82, exhaustive) 747 del vars, 252 del conss, 0 add conss, 4175 chg bounds, 0 chg sides, 1940 chg coeffs, 720 upgd conss, 90292 impls, 10 clqs
(round 83, exhaustive) 772 del vars, 252 del conss, 0 add conss, 4175 chg bounds, 0 chg sides, 1940 chg coeffs, 720 upgd conss, 92974 impls, 10 clqs
(round 84, fast)       774 del vars, 263 del conss, 0 add conss, 4177 chg bounds, 0 chg sides, 1940 chg coeffs, 720 upgd conss, 92974 impls, 10 clqs
(round 85, exhaustive) 774 del vars, 263 del conss, 0 add conss, 4177 chg bounds, 0 chg sides, 1940 chg coeffs, 740 upgd conss, 92974 impls, 10 clqs
(round 86, exhaustive) 800 del vars, 263 del conss, 0 add conss, 4177 chg bounds, 0 chg sides, 1940 chg coeffs, 740 upgd conss, 95639 impls, 10 clqs
(round 87, fast)       800 del vars, 278 del conss, 0 add conss, 4177 chg bounds, 0 chg sides, 1940 chg coeffs, 740 upgd conss, 95639 impls, 10 clqs
(round 88, exhaustive) 800 del vars, 278 del conss, 0 add conss, 4177 chg bounds, 0 chg sides, 1940 chg coeffs, 747 upgd conss, 95639 impls, 10 clqs
   (2.5s) probing: 1000/1940 (51.5%) - 716 fixings, 0 aggregations, 95727 implications, 0 bound changes
(round 89, exhaustive) 825 del vars, 278 del conss, 0 add conss, 4177 chg bounds, 0 chg sides, 1940 chg coeffs, 747 upgd conss, 97295 impls, 10 clqs
(round 90, fast)       825 del vars, 291 del conss, 0 add conss, 4177 chg bounds, 0 chg sides, 1940 chg coeffs, 747 upgd conss, 97295 impls, 10 clqs
(round 91, exhaustive) 825 del vars, 291 del conss, 0 add conss, 4177 chg bounds, 0 chg sides, 1940 chg coeffs, 758 upgd conss, 97295 impls, 10 clqs
(round 92, exhaustive) 850 del vars, 291 del conss, 0 add conss, 4177 chg bounds, 0 chg sides, 1940 chg coeffs, 758 upgd conss, 98923 impls, 10 clqs
(round 93, fast)       852 del vars, 308 del conss, 0 add conss, 4179 chg bounds, 0 chg sides, 1940 chg coeffs, 758 upgd conss, 98923 impls, 10 clqs
(round 94, exhaustive) 852 del vars, 308 del conss, 0 add conss, 4179 chg bounds, 0 chg sides, 1940 chg coeffs, 761 upgd conss, 98923 impls, 10 clqs
(round 95, exhaustive) 877 del vars, 308 del conss, 0 add conss, 4179 chg bounds, 0 chg sides, 1940 chg coeffs, 761 upgd conss, 101178 impls, 10 clqs
(round 96, fast)       879 del vars, 323 del conss, 0 add conss, 4181 chg bounds, 0 chg sides, 1940 chg coeffs, 761 upgd conss, 101178 impls, 10 clqs
(round 97, exhaustive) 879 del vars, 323 del conss, 0 add conss, 4181 chg bounds, 0 chg sides, 1940 chg coeffs, 770 upgd conss, 101178 impls, 10 clqs
(round 98, exhaustive) 905 del vars, 323 del conss, 0 add conss, 4181 chg bounds, 0 chg sides, 1940 chg coeffs, 770 upgd conss, 103436 impls, 10 clqs
(round 99, fast)       905 del vars, 336 del conss, 0 add conss, 4181 chg bounds, 0 chg sides, 1940 chg coeffs, 770 upgd conss, 103436 impls, 10 clqs
(round 100, exhaustive) 905 del vars, 336 del conss, 0 add conss, 4181 chg bounds, 0 chg sides, 1940 chg coeffs, 783 upgd conss, 103436 impls, 10 clqs
(round 101, exhaustive) 930 del vars, 336 del conss, 0 add conss, 4181 chg bounds, 0 chg sides, 1940 chg coeffs, 783 upgd conss, 104847 impls, 10 clqs
(round 102, fast)       930 del vars, 346 del conss, 0 add conss, 4181 chg bounds, 0 chg sides, 1940 chg coeffs, 783 upgd conss, 104847 impls, 10 clqs
(round 103, exhaustive) 930 del vars, 346 del conss, 0 add conss, 4181 chg bounds, 0 chg sides, 1940 chg coeffs, 799 upgd conss, 104847 impls, 10 clqs
(round 104, exhaustive) 955 del vars, 346 del conss, 0 add conss, 4181 chg bounds, 0 chg sides, 1940 chg coeffs, 799 upgd conss, 109420 impls, 10 clqs
(round 105, fast)       955 del vars, 359 del conss, 0 add conss, 4181 chg bounds, 0 chg sides, 1940 chg coeffs, 799 upgd conss, 109420 impls, 10 clqs
(round 106, exhaustive) 955 del vars, 359 del conss, 0 add conss, 4181 chg bounds, 0 chg sides, 1940 chg coeffs, 810 upgd conss, 109420 impls, 10 clqs
(round 107, exhaustive) 982 del vars, 359 del conss, 0 add conss, 4181 chg bounds, 0 chg sides, 1940 chg coeffs, 810 upgd conss, 110686 impls, 10 clqs
(round 108, fast)       982 del vars, 374 del conss, 0 add conss, 4181 chg bounds, 0 chg sides, 1940 chg coeffs, 810 upgd conss, 110686 impls, 10 clqs
(round 109, exhaustive) 982 del vars, 374 del conss, 0 add conss, 4181 chg bounds, 0 chg sides, 1940 chg coeffs, 819 upgd conss, 110686 impls, 10 clqs
(round 110, exhaustive) 1007 del vars, 374 del conss, 0 add conss, 4181 chg bounds, 0 chg sides, 1940 chg coeffs, 819 upgd conss, 112217 impls, 10 clqs
(round 111, fast)       1011 del vars, 391 del conss, 0 add conss, 4185 chg bounds, 0 chg sides, 1940 chg coeffs, 819 upgd conss, 112217 impls, 10 clqs
(round 112, exhaustive) 1011 del vars, 391 del conss, 0 add conss, 4185 chg bounds, 0 chg sides, 1940 chg coeffs, 826 upgd conss, 112217 impls, 10 clqs
(round 113, exhaustive) 1036 del vars, 391 del conss, 0 add conss, 4185 chg bounds, 0 chg sides, 1940 chg coeffs, 826 upgd conss, 114376 impls, 10 clqs
(round 114, fast)       1042 del vars, 409 del conss, 0 add conss, 4191 chg bounds, 0 chg sides, 1940 chg coeffs, 826 upgd conss, 114376 impls, 10 clqs
(round 115, exhaustive) 1042 del vars, 409 del conss, 0 add conss, 4191 chg bounds, 0 chg sides, 1940 chg coeffs, 834 upgd conss, 114376 impls, 10 clqs
(round 116, exhaustive) 1067 del vars, 409 del conss, 0 add conss, 4191 chg bounds, 0 chg sides, 1940 chg coeffs, 834 upgd conss, 115875 impls, 10 clqs
(round 117, fast)       1075 del vars, 429 del conss, 0 add conss, 4199 chg bounds, 0 chg sides, 1940 chg coeffs, 834 upgd conss, 115875 impls, 10 clqs
(round 118, exhaustive) 1075 del vars, 429 del conss, 0 add conss, 4199 chg bounds, 0 chg sides, 1940 chg coeffs, 840 upgd conss, 115875 impls, 10 clqs
(round 119, exhaustive) 1100 del vars, 429 del conss, 0 add conss, 4199 chg bounds, 0 chg sides, 1940 chg coeffs, 840 upgd conss, 116931 impls, 10 clqs
(round 120, fast)       1100 del vars, 443 del conss, 0 add conss, 4199 chg bounds, 0 chg sides, 1940 chg coeffs, 840 upgd conss, 116931 impls, 10 clqs
(round 121, exhaustive) 1100 del vars, 443 del conss, 0 add conss, 4199 chg bounds, 0 chg sides, 1940 chg coeffs, 848 upgd conss, 116931 impls, 10 clqs
(round 122, exhaustive) 1127 del vars, 443 del conss, 0 add conss, 4199 chg bounds, 0 chg sides, 1940 chg coeffs, 848 upgd conss, 117514 impls, 10 clqs
(round 123, fast)       1127 del vars, 459 del conss, 0 add conss, 4199 chg bounds, 0 chg sides, 1940 chg coeffs, 848 upgd conss, 117514 impls, 10 clqs
(round 124, exhaustive) 1127 del vars, 459 del conss, 0 add conss, 4199 chg bounds, 0 chg sides, 1940 chg coeffs, 854 upgd conss, 117514 impls, 10 clqs
(round 125, exhaustive) 1152 del vars, 459 del conss, 0 add conss, 4199 chg bounds, 0 chg sides, 1940 chg coeffs, 854 upgd conss, 119420 impls, 10 clqs
(round 126, fast)       1153 del vars, 471 del conss, 0 add conss, 4200 chg bounds, 0 chg sides, 1940 chg coeffs, 854 upgd conss, 119420 impls, 10 clqs
(round 127, exhaustive) 1153 del vars, 471 del conss, 0 add conss, 4200 chg bounds, 0 chg sides, 1940 chg coeffs, 870 upgd conss, 119420 impls, 10 clqs
(round 128, exhaustive) 1178 del vars, 471 del conss, 0 add conss, 4200 chg bounds, 0 chg sides, 1940 chg coeffs, 870 upgd conss, 120009 impls, 10 clqs
(round 129, fast)       1178 del vars, 486 del conss, 0 add conss, 4200 chg bounds, 0 chg sides, 1940 chg coeffs, 870 upgd conss, 120009 impls, 10 clqs
   (3.2s) running MILP presolver
   (3.5s) MILP presolver (40 rounds): 0 aggregations, 619 fixings, 0 bound changes
(round 130, medium)     1797 del vars, 791 del conss, 0 add conss, 4200 chg bounds, 0 chg sides, 1940 chg coeffs, 870 upgd conss, 120009 impls, 10 clqs
(round 131, fast)       1797 del vars, 870 del conss, 0 add conss, 4200 chg bounds, 0 chg sides, 1940 chg coeffs, 870 upgd conss, 120009 impls, 10 clqs
(round 132, exhaustive) 1797 del vars, 870 del conss, 0 add conss, 4200 chg bounds, 0 chg sides, 1940 chg coeffs, 882 upgd conss, 120009 impls, 10 clqs
(round 133, exhaustive) 1822 del vars, 870 del conss, 0 add conss, 4200 chg bounds, 0 chg sides, 1940 chg coeffs, 882 upgd conss, 123887 impls, 10 clqs
(round 134, fast)       1822 del vars, 886 del conss, 0 add conss, 4200 chg bounds, 0 chg sides, 1940 chg coeffs, 882 upgd conss, 123887 impls, 10 clqs
(round 135, exhaustive) 1822 del vars, 886 del conss, 0 add conss, 4200 chg bounds, 0 chg sides, 1940 chg coeffs, 884 upgd conss, 123887 impls, 10 clqs
(round 136, exhaustive) 1847 del vars, 886 del conss, 0 add conss, 4200 chg bounds, 0 chg sides, 1940 chg coeffs, 884 upgd conss, 131966 impls, 10 clqs
(round 137, fast)       1851 del vars, 903 del conss, 0 add conss, 4204 chg bounds, 0 chg sides, 1940 chg coeffs, 884 upgd conss, 131966 impls, 10 clqs
(round 138, exhaustive) 1851 del vars, 903 del conss, 0 add conss, 4204 chg bounds, 0 chg sides, 1940 chg coeffs, 887 upgd conss, 131966 impls, 10 clqs
(round 139, exhaustive) 1876 del vars, 903 del conss, 0 add conss, 4204 chg bounds, 0 chg sides, 1940 chg coeffs, 887 upgd conss, 141764 impls, 10 clqs
(round 140, fast)       1876 del vars, 919 del conss, 0 add conss, 4204 chg bounds, 0 chg sides, 1940 chg coeffs, 887 upgd conss, 141764 impls, 10 clqs
(round 141, exhaustive) 1876 del vars, 919 del conss, 0 add conss, 4204 chg bounds, 0 chg sides, 1940 chg coeffs, 889 upgd conss, 141764 impls, 10 clqs
(round 142, exhaustive) 1901 del vars, 919 del conss, 0 add conss, 4204 chg bounds, 0 chg sides, 1940 chg coeffs, 889 upgd conss, 146061 impls, 10 clqs
(round 143, fast)       1901 del vars, 935 del conss, 0 add conss, 4204 chg bounds, 0 chg sides, 1940 chg coeffs, 889 upgd conss, 146061 impls, 10 clqs
(round 144, exhaustive) 1901 del vars, 935 del conss, 0 add conss, 4204 chg bounds, 0 chg sides, 1940 chg coeffs, 891 upgd conss, 146061 impls, 10 clqs
(round 145, exhaustive) 1927 del vars, 935 del conss, 0 add conss, 4204 chg bounds, 0 chg sides, 1940 chg coeffs, 891 upgd conss, 150282 impls, 10 clqs
(round 146, fast)       1927 del vars, 952 del conss, 0 add conss, 4204 chg bounds, 0 chg sides, 1940 chg coeffs, 891 upgd conss, 150282 impls, 10 clqs
(round 147, exhaustive) 1927 del vars, 952 del conss, 0 add conss, 4204 chg bounds, 0 chg sides, 1940 chg coeffs, 892 upgd conss, 150282 impls, 10 clqs
   (3.9s) probing cycle finished: starting next cycle
   (3.9s) probing: 51/980 (5.2%) - 1192 fixings, 0 aggregations, 150470 implications, 0 bound changes
   (3.9s) probing aborted: 50/50 successive totally useless probings
(round 148, exhaustive) 1930 del vars, 952 del conss, 0 add conss, 4204 chg bounds, 0 chg sides, 1940 chg coeffs, 892 upgd conss, 151352 impls, 10 clqs
(round 149, fast)       1930 del vars, 954 del conss, 0 add conss, 4204 chg bounds, 0 chg sides, 1940 chg coeffs, 892 upgd conss, 151352 impls, 10 clqs
   (4.0s) probing: 56/980 (5.7%) - 1192 fixings, 0 aggregations, 150470 implications, 0 bound changes
   (4.0s) probing aborted: 50/50 successive totally useless probings
   (4.0s) symmetry computation started: requiring (bin +, int -, cont +), (fixed: bin -, int +, cont -)
   (4.0s) symmetry computation finished: 9 generators found (max: 1500, log10 of symmetry group size: 6.6)
(round 150, exhaustive) 1930 del vars, 954 del conss, 1 add conss, 4204 chg bounds, 0 chg sides, 1940 chg coeffs, 892 upgd conss, 151352 impls, 10 clqs
presolving (151 rounds: 151 fast, 100 medium, 98 exhaustive):
 1930 deleted vars, 954 deleted constraints, 1 added constraints, 4204 tightened bounds, 0 added holes, 0 changed sides, 1940 changed coefficients
 151352 implications, 10 cliques
presolved problem has 1970 variables (980 bin, 0 int, 0 impl, 990 cont) and 1022 constraints
     20 constraints of type <varbound>
     10 constraints of type <setppc>
    991 constraints of type <linear>
      1 constraints of type <orbitope>
Presolving Time: 3.97

 time | node  | left  |LP iter|LP it/n|mem/heur|mdpt |vars |cons |rows |cuts |sepa|confs|strbr|  dualbound   | primalbound  |  gap   | compl. 
  4.0s|     1 |     0 |   334 |     - |    73M |   0 |1970 |1025 |1021 |   0 |  0 |   2 |   0 |-3.160791e+00 |      --      |    Inf | unknown
o 4.0s|     1 |     0 |   366 |     - |feaspump|   0 |1970 |1025 |1021 |   0 |  0 |   2 |   0 |-3.160791e+00 |-3.160791e+00 |   0.00%| unknown
  4.0s|     1 |     0 |   366 |     - |    73M |   0 |1970 |1025 |1021 |   0 |  0 |   2 |   0 |-3.160791e+00 |-3.160791e+00 |   0.00%| unknown

SCIP Status        : problem is solved [optimal solution found]
Solving Time (sec) : 4.05
Solving Nodes      : 1
Primal Bound       : -3.16079148653143e+00 (1 solutions)
Dual Bound         : -3.16079148653143e+00
Gap                : 0.00 %

primal solution (original space):
=================================

objective value:                    -3.16079148653143
y_3,81_                                             1 	(obj:0)
y_1,82_                                             1 	(obj:0)
y_5,82_                                             1 	(obj:0)
y_6,82_                                             1 	(obj:0)
y_9,82_                                             1 	(obj:0)
y_10,82_                                            1 	(obj:0)
y_2,83_                                             1 	(obj:0)
y_4,83_                                             1 	(obj:0)
y_7,83_                                             1 	(obj:0)
y_8,83_                                             1 	(obj:0)
x_5_                                -0.31543066178916 	(obj:1)
t_1,82_                                             1 	(obj:0)
t_6,83_                                             1 	(obj:0)
x_6_                               -0.309278350515464 	(obj:1)
x_2_                               -0.309278350515464 	(obj:1)
x_10_                              -0.309278350515464 	(obj:1)
t_7,83_                                             1 	(obj:0)
x_7_                               -0.309278350515464 	(obj:1)
x_1_                               -0.329896907216495 	(obj:1)
t_5,83_                             0.701612903225748 	(obj:0)
t_8,83_                                             1 	(obj:0)
x_8_                               -0.309278350515464 	(obj:1)
t_2,83_                                             1 	(obj:0)
t_9,82_                                             1 	(obj:0)
t_4,83_                                             1 	(obj:0)
x_4_                               -0.309278350515464 	(obj:1)
x_9_                               -0.329896907216495 	(obj:1)
t_3,82_                                             1 	(obj:0)
t_10,83_                                            1 	(obj:0)
x_3_                               -0.329896907216495 	(obj:1)
t_5,82_                             0.298387096774252 	(obj:0)

Statistics
==========

SCIP Status        : problem is solved [optimal solution found]
Total Time         :       4.08
  solving          :       4.05
  presolving       :       3.97 (included in solving)
  reading          :       0.03
  copying          :       0.00 (0 times copied the problem)
Original Problem   :
  Problem name     : ../modeles/10_194.lp
  Variables        : 3900 (1940 binary, 0 integer, 0 implicit integer, 1960 continuous)
  Constraints      : 1981 initial, 1981 maximal
  Objective        : minimize, 10 non-zeros (abs.min = 1, abs.max = 1)
Presolved Problem  :
  Problem name     : t_../modeles/10_194.lp
  Variables        : 1970 (980 binary, 0 integer, 0 implicit integer, 990 continuous)
  Constraints      : 1022 initial, 1025 maximal
  Objective        : minimize, 980 non-zeros (abs.min = 0.0206186, abs.max = 1.01031)
  Nonzeros         : 7860 constraint, 980 clique table
Presolvers         :   ExecTime  SetupTime  Calls  FixedVars   AggrVars   ChgTypes  ChgBounds   AddHoles    DelCons    AddCons   ChgSides   ChgCoefs
  boundshift       :       0.00       0.00      0          0          0          0          0          0          0          0          0          0
  convertinttobin  :       0.00       0.00      0          0          0          0          0          0          0          0          0          0
  domcol           :       0.33       0.00     50          0          0          0          0          0          0          0          0          0
  dualagg          :       0.00       0.00      0          0          0          0          0          0          0          0          0          0
  dualcomp         :       0.11       0.00     50          0          0          0          0          0          0          0          0          0
  dualinfer        :       0.00       0.00      0          0          0          0          0          0          0          0          0          0
  dualsparsify     :       0.00       0.00      1          0          0          0          0          0          0          0          0          0
  gateextraction   :       0.00       0.00      0          0          0          0          0          0          0          0          0          0
  implics          :       0.00       0.00    100          0          0          0          0          0          0          0          0          0
  inttobinary      :       0.00       0.00      0          0          0          0          0          0          0          0          0          0
  milp             :       0.37       0.00      3        684          0          0         20          0          0          0          0          0
  qpkktref         :       0.00       0.00      0          0          0          0          0          0          0          0          0          0
  redvub           :       0.00       0.00      0          0          0          0          0          0          0          0          0          0
  sparsify         :       0.19       0.00      7          0          0          0          0          0          0          0          0          0
  stuffing         :       0.00       0.00      0          0          0          0          0          0          0          0          0          0
  trivial          :       0.01       0.00    151          0          0          0          0          0          0          0          0          0
  tworowbnd        :       0.00       0.00      0          0          0          0          0          0          0          0          0          0
  dualfix          :       0.02       0.00    151          0          0          0          0          0          0          0          0          0
  genvbounds       :       0.00       0.00      0          0          0          0          0          0          0          0          0          0
  probing          :       2.42       0.00     49       1192          0          0          0          0          0          0          0          0
  pseudoobj        :       0.00       0.00      0          0          0          0          0          0          0          0          0          0
  symmetry         :       0.02       0.00      1          0          0          0          0          0          0          1          0          0
  vbounds          :       0.00       0.00      1          0          0          0          0          0          0          0          0          0
  varbound         :       0.02       0.00    247          0          0          0         41          0        862          0          0          0
  setppc           :       0.02       0.00    344          0          0          0          0          0          0          0          0          0
  linear           :       0.44       0.00    249         44         10          0       4143          0         92          0          0       1940
  orbitope         :       0.00       0.00      1          0          0          0          0          0          0          0          0          0
  logicor          :       0.00       0.00      0          0          0          0          0          0          0          0          0          0
  bounddisjunction :       0.00       0.00      0          0          0          0          0          0          0          0          0          0
  benders          :       0.00       0.00      0          0          0          0          0          0          0          0          0          0
  components       :       0.00       0.00      1          0          0          0          0          0          0          0          0          0
  root node        :          -          -      -          0          -          -          0          -          -          -          -          -
Constraints        :     Number  MaxNumber  #Separate #Propagate    #EnfoLP    #EnfoRelax  #EnfoPS    #Check   #ResProp    Cutoffs    DomReds       Cuts    Applied      Conss   Children
  benderslp        :          0          0          0          0          0          0          0         12          0          0          0          0          0          0          0
  integral         :          0          0          0          0          0          0          0         12          0          0          0          0          0          0          0
  varbound         :         20         20          0       5262          0          0          0          6         12          0          0          0          0          0          0
  setppc           :         10         10          0       5261          0          0          0          6        291          0          0          0          0          0          0
  linear           :        991        991          0       5263          0          0          0          1       1173        703          0          0          0          0          0
  orbitope         :          1          1          0         94          0          0          0          1          0          0          0          0          0          0          0
  logicor          :          0+         2          0          6          0          0          0          0          0          0          0          0          0          0          0
  bounddisjunction :          0+         1          0          3          0          0          0          0          0          0          0          0          0          0          0
  benders          :          0          0          0          0          0          0          0          2          0          0          0          0          0          0          0
  countsols        :          0          0          0          0          0          0          0          2          0          0          0          0          0          0          0
  components       :          0          0          0          0          0          0          0          0          0          0          0          0          0          0          0
Constraint Timings :  TotalTime  SetupTime   Separate  Propagate     EnfoLP     EnfoPS     EnfoRelax   Check    ResProp    SB-Prop
  benderslp        :       0.00       0.00       0.00       0.00       0.00       0.00       0.00       0.00       0.00       0.00
  integral         :       0.00       0.00       0.00       0.00       0.00       0.00       0.00       0.00       0.00       0.00
  varbound         :       0.11       0.00       0.00       0.11       0.00       0.00       0.00       0.00       0.00       0.00
  setppc           :       0.00       0.00       0.00       0.00       0.00       0.00       0.00       0.00       0.00       0.00
  linear           :       0.89       0.00       0.00       0.89       0.00       0.00       0.00       0.00       0.00       0.00
  orbitope         :       0.00       0.00       0.00       0.00       0.00       0.00       0.00       0.00       0.00       0.00
  logicor          :       0.00       0.00       0.00       0.00       0.00       0.00       0.00       0.00       0.00       0.00
  bounddisjunction :       0.00       0.00       0.00       0.00       0.00       0.00       0.00       0.00       0.00       0.00
  benders          :       0.00       0.00       0.00       0.00       0.00       0.00       0.00       0.00       0.00       0.00
  countsols        :       0.00       0.00       0.00       0.00       0.00       0.00       0.00       0.00       0.00       0.00
  components       :       0.00       0.00       0.00       0.00       0.00       0.00       0.00       0.00       0.00       0.00
Propagators        : #Propagate   #ResProp    Cutoffs    DomReds
  dualfix          :          1          0          0          0
  genvbounds       :          0          0          0          0
  nlobbt           :          0          0          0          0
  obbt             :          0          0          0          0
  probing          :          0          0          0          0
  pseudoobj        :          2          0          0          0
  redcost          :          1          0          0          0
  rootredcost      :          0          0          0          0
  symmetry         :          0          0          0          0
  vbounds          :         62          0          0          0
Propagator Timings :  TotalTime  SetupTime   Presolve  Propagate    ResProp    SB-Prop
  dualfix          :       0.02       0.00       0.02       0.00       0.00       0.00
  genvbounds       :       0.00       0.00       0.00       0.00       0.00       0.00
  nlobbt           :       0.00       0.00       0.00       0.00       0.00       0.00
  obbt             :       0.00       0.00       0.00       0.00       0.00       0.00
  probing          :       2.42       0.00       2.42       0.00       0.00       0.00
  pseudoobj        :       0.00       0.00       0.00       0.00       0.00       0.00
  redcost          :       0.00       0.00       0.00       0.00       0.00       0.00
  rootredcost      :       0.00       0.00       0.00       0.00       0.00       0.00
  symmetry         :       0.02       0.00       0.02       0.00       0.00       0.00
  vbounds          :       0.01       0.00       0.00       0.01       0.00       0.00
Orbital fixing     :
  vars fixed to 0  :          0
  vars fixed to 1  :          0
Conflict Analysis  :       Time      Calls    Success    DomReds  Conflicts   Literals    Reconvs ReconvLits   Dualrays   Nonzeros   LP Iters   (pool size: [10000,10000])
  propagation      :       0.00          1          1          -          3      100.0          0        0.0          -          -          -
  infeasible LP    :       0.00          1          0          -          0        0.0          0        0.0          0        0.0          0
  bound exceed. LP :       0.00          0          0          -          0        0.0          0        0.0          0        0.0          0
  strong branching :       0.00          0          0          -          0        0.0          0        0.0          -          -          0
  pseudo solution  :       0.00          0          0          -          0        0.0          0        0.0          -          -          -
  applied globally :       0.00          -          -          0          2        3.5          -          -          0          -          -
  applied locally  :          -          -          -          0          0        0.0          -          -          0          -          -
Separators         :   ExecTime  SetupTime      Calls    Cutoffs    DomReds       Cuts    Applied      Conss
  cut pool         :       0.00                     0          -          -          0          -          -    (maximal pool size: 0)
  aggregation      :       0.00       0.00          0          0          0          0          0          0
  > cmir           :          -          -          -          -          -          -          0          -
  > flowcover      :          -          -          -          -          -          -          0          -
  > knapsackcover  :          -          -          -          -          -          -          0          -
  cgmip            :       0.00       0.00          0          0          0          0          0          0
  clique           :       0.00       0.00          0          0          0          0          0          0
  closecuts        :       0.00       0.00          0          0          0          0          0          0
  convexproj       :       0.00       0.00          0          0          0          0          0          0
  disjunctive      :       0.00       0.00          0          0          0          0          0          0
  eccuts           :       0.00       0.00          0          0          0          0          0          0
  gauge            :       0.00       0.00          0          0          0          0          0          0
  gomory           :       0.00       0.00          0          0          0          0          0          0
  > gomorymi       :          -          -          -          -          -          -          0          -
  > strongcg       :          -          -          -          -          -          -          0          -
  impliedbounds    :       0.00       0.00          0          0          0          0          0          0
  interminor       :       0.00       0.00          0          0          0          0          0          0
  intobj           :       0.00       0.00          0          0          0          0          0          0
  mcf              :       0.00       0.00          0          0          0          0          0          0
  minor            :       0.00       0.00          0          0          0          0          0          0
  mixing           :       0.00       0.00          0          0          0          0          0          0
  oddcycle         :       0.00       0.00          0          0          0          0          0          0
  rapidlearning    :       0.00       0.00          0          0          0          0          0          0
  rlt              :       0.00       0.00          0          0          0          0          0          0
  zerohalf         :       0.00       0.00          0          0          0          0          0          0
Cutselectors       :   ExecTime  SetupTime
  hybrid           :       0.00       0.00
Pricers            :   ExecTime  SetupTime      Calls       Vars
  problem variables:       0.00          -          0          0
Branching Rules    :   ExecTime  SetupTime   BranchLP  BranchExt   BranchPS    Cutoffs    DomReds       Cuts      Conss   Children
  allfullstrong    :       0.00       0.00          0          0          0          0          0          0          0          0
  cloud            :       0.00       0.00          0          0          0          0          0          0          0          0
  distribution     :       0.00       0.00          0          0          0          0          0          0          0          0
  fullstrong       :       0.00       0.00          0          0          0          0          0          0          0          0
  inference        :       0.00       0.00          0          0          0          0          0          0          0          0
  leastinf         :       0.00       0.00          0          0          0          0          0          0          0          0
  lookahead        :       0.00       0.00          0          0          0          0          0          0          0          0
  mostinf          :       0.00       0.00          0          0          0          0          0          0          0          0
  multaggr         :       0.00       0.00          0          0          0          0          0          0          0          0
  nodereopt        :       0.00       0.00          0          0          0          0          0          0          0          0
  pscost           :       0.00       0.00          0          0          0          0          0          0          0          0
  random           :       0.00       0.00          0          0          0          0          0          0          0          0
  relpscost        :       0.00       0.00          0          0          0          0          0          0          0          0
  vanillafullstrong:       0.00       0.00          0          0          0          0          0          0          0          0
Primal Heuristics  :   ExecTime  SetupTime      Calls      Found       Best
  LP solutions     :       0.00          -          -          0          0
  relax solutions  :       0.00          -          -          0          0
  pseudo solutions :       0.00          -          -          0          0
  strong branching :       0.00          -          -          0          0
  actconsdiving    :       0.00       0.00          0          0          0
  adaptivediving   :       0.00       0.00          0          0          0
  alns             :       0.00       0.00          0          0          0
  bound            :       0.00       0.00          0          0          0
  clique           :       0.01       0.00          1          0          0
  coefdiving       :       0.00       0.00          0          0          0
  completesol      :       0.00       0.00          0          0          0
  conflictdiving   :       0.00       0.00          0          0          0
  crossover        :       0.00       0.00          0          0          0
  dins             :       0.00       0.00          0          0          0
  distributiondivin:       0.00       0.00          0          0          0
  dps              :       0.00       0.00          0          0          0
  dualval          :       0.00       0.00          0          0          0
  farkasdiving     :       0.00       0.00          0          0          0
  feaspump         :       0.01       0.00          1          1          1
  fixandinfer      :       0.00       0.00          0          0          0
  fracdiving       :       0.00       0.00          0          0          0
  gins             :       0.00       0.00          0          0          0
  guideddiving     :       0.00       0.00          0          0          0
  indicator        :       0.00       0.00          0          0          0
  intdiving        :       0.00       0.00          0          0          0
  intshifting      :       0.00       0.00          0          0          0
  linesearchdiving :       0.00       0.00          0          0          0
  localbranching   :       0.00       0.00          0          0          0
  locks            :       0.01       0.00          1          0          0
  lpface           :       0.00       0.00          0          0          0
  mpec             :       0.00       0.00          0          0          0
  multistart       :       0.00       0.00          0          0          0
  mutation         :       0.00       0.00          0          0          0
  nlpdiving        :       0.00       0.00          0          0          0
  objpscostdiving  :       0.00       0.00          0          0          0
  octane           :       0.00       0.00          0          0          0
  ofins            :       0.00       0.00          0          0          0
  oneopt           :       0.00       0.00          0          0          0
  padm             :       0.00       0.00          0          0          0
  proximity        :       0.00       0.00          0          0          0
  pscostdiving     :       0.00       0.00          0          0          0
  randrounding     :       0.00       0.00          1          0          0
  rens             :       0.00       0.00          0          0          0
  reoptsols        :       0.00       0.00          0          0          0
  repair           :       0.00       0.00          0          0          0
  rins             :       0.00       0.00          0          0          0
  rootsoldiving    :       0.00       0.00          0          0          0
  rounding         :       0.00       0.00          1          0          0
  shiftandpropagate:       0.01       0.00          1          0          0
  shifting         :       0.00       0.00          1          0          0
  simplerounding   :       0.00       0.00          0          0          0
  subnlp           :       0.00       0.00          0          0          0
  trivial          :       0.01       0.00          2          0          0
  trivialnegation  :       0.00       0.00          0          0          0
  trustregion      :       0.00       0.00          0          0          0
  trysol           :       0.00       0.00          0          0          0
  twoopt           :       0.00       0.00          0          0          0
  undercover       :       0.00       0.00          0          0          0
  vbounds          :       0.00       0.00          0          0          0
  veclendiving     :       0.00       0.00          0          0          0
  zeroobj          :       0.00       0.00          0          0          0
  zirounding       :       0.00       0.00          0          0          0
  other solutions  :          -          -          -          0          -
Diving (single)    :      Calls      Nodes   LP Iters Backtracks  Conflicts   MinDepth   MaxDepth   AvgDepth  RoundSols  NLeafSols  MinSolDpt  MaxSolDpt  AvgSolDpt
  actconsdiving    :          0          -          -          -          -          -          -          -          -          -          -          -          -
  coefdiving       :          0          -          -          -          -          -          -          -          -          -          -          -          -
  conflictdiving   :          0          -          -          -          -          -          -          -          -          -          -          -          -
  distributiondivin:          0          -          -          -          -          -          -          -          -          -          -          -          -
  farkasdiving     :          0          -          -          -          -          -          -          -          -          -          -          -          -
  fracdiving       :          0          -          -          -          -          -          -          -          -          -          -          -          -
  guideddiving     :          0          -          -          -          -          -          -          -          -          -          -          -          -
  linesearchdiving :          0          -          -          -          -          -          -          -          -          -          -          -          -
  pscostdiving     :          0          -          -          -          -          -          -          -          -          -          -          -          -
  veclendiving     :          0          -          -          -          -          -          -          -          -          -          -          -          -
Diving (adaptive)  :      Calls      Nodes   LP Iters Backtracks  Conflicts   MinDepth   MaxDepth   AvgDepth  RoundSols  NLeafSols  MinSolDpt  MaxSolDpt  AvgSolDpt
  actconsdiving    :          0          -          -          -          -          -          -          -          -          -          -          -          -
  coefdiving       :          0          -          -          -          -          -          -          -          -          -          -          -          -
  conflictdiving   :          0          -          -          -          -          -          -          -          -          -          -          -          -
  distributiondivin:          0          -          -          -          -          -          -          -          -          -          -          -          -
  farkasdiving     :          0          -          -          -          -          -          -          -          -          -          -          -          -
  fracdiving       :          0          -          -          -          -          -          -          -          -          -          -          -          -
  guideddiving     :          0          -          -          -          -          -          -          -          -          -          -          -          -
  linesearchdiving :          0          -          -          -          -          -          -          -          -          -          -          -          -
  pscostdiving     :          0          -          -          -          -          -          -          -          -          -          -          -          -
  veclendiving     :          0          -          -          -          -          -          -          -          -          -          -          -          -
Neighborhoods      :      Calls  SetupTime  SolveTime SolveNodes       Sols       Best       Exp3  EpsGreedy        UCB TgtFixRate  Opt  Inf Node Stal  Sol  Usr Othr Actv
  rens             :          0       0.00       0.00          0          0          0    0.00000   -1.00000    1.00000      0.900    0    0    0    0    0    0    0    1
  rins             :          0       0.00       0.00          0          0          0    0.00000   -1.00000    1.00000      0.900    0    0    0    0    0    0    0    1
  mutation         :          0       0.00       0.00          0          0          0    0.00000   -1.00000    1.00000      0.900    0    0    0    0    0    0    0    1
  localbranching   :          0       0.00       0.00          0          0          0    0.00000   -1.00000    1.00000      0.900    0    0    0    0    0    0    0    1
  crossover        :          0       0.00       0.00          0          0          0    0.00000   -1.00000    1.00000      0.900    0    0    0    0    0    0    0    1
  proximity        :          0       0.00       0.00          0          0          0    0.00000   -1.00000    1.00000      0.900    0    0    0    0    0    0    0    1
  zeroobjective    :          0       0.00       0.00          0          0          0    0.00000   -1.00000    1.00000      0.900    0    0    0    0    0    0    0    1
  dins             :          0       0.00       0.00          0          0          0    0.00000   -1.00000    1.00000      0.900    0    0    0    0    0    0    0    1
  trustregion      :          0       0.00       0.00          0          0          0    0.00000   -1.00000    1.00000      0.900    0    0    0    0    0    0    0    0
LP                 :       Time      Calls Iterations  Iter/call   Iter/sec  Time-0-It Calls-0-It    ItLimit
  primal LP        :       0.00          0          0       0.00          -       0.00          0
  dual LP          :       0.01          1        330     330.00   29532.84       0.00          0
  lex dual LP      :       0.00          0          0       0.00          -
  barrier LP       :       0.00          0          0       0.00          -       0.00          0
  resolve instable :       0.00          0          0       0.00          -
  diving/probing LP:       0.00          3         36      12.00          -
  strong branching :       0.00          0          0       0.00          -          -          -          0
    (at root node) :          -          0          0       0.00          -
  conflict analysis:       0.00          0          0       0.00          -
B&B Tree           :
  number of runs   :          1
  nodes            :          1 (0 internal, 1 leaves)
  feasible leaves  :          0
  infeas. leaves   :          0
  objective leaves :          1
  nodes (total)    :          1 (0 internal, 1 leaves)
  nodes left       :          0
  max depth        :          0
  max depth (total):          0
  backtracks       :          0 (0.0%)
  early backtracks :          0 (0.0%)
  nodes exc. ref.  :          0 (0.0%)
  delayed cutoffs  :          0
  repropagations   :          0 (0 domain reductions, 0 cutoffs)
  avg switch length:       2.00
  switching time   :       0.00
Estim. Tree Size   :          1
Estimation Tree    : 1 nodes (1 visited, 0 internal, 1 leaves, 0 open), weight: 1.0000 completed 1.0000
Estimations        :      estim      value      trend resolution     smooth
  wbe              :          1          -          -          -          -
  tree-profile     :         -1          -          -          -          -
  gap              :          1    1.00000    1.00000          1          1
  tree-weight      :          1    1.00000    1.00000          1          1
  leaf-frequency   :          1    0.50000    1.00000          1          1
  ssg              :          1    0.00000   -1.00000          1          1
  open-nodes       :          1    0.00000    0.00000          1          1
Root Node          :
  First LP value   : -3.16079148653143e+00
  First LP Iters   :        330 (28805.87 Iter/sec)
  First LP Time    :       0.01
  Final Dual Bound : -3.16079148653143e+00
  Final Root Iters :        362
  Root LP Estimate :                     -
Solution           :
  Solutions found  :          1 (1 improvements)
  First Solution   : -3.16079148653143e+00   (in run 1, after 1 nodes, 4.05 seconds, depth 0, found by <feaspump>)
  Gap First Sol.   :       0.00 %
  Gap Last Sol.    :       0.00 %
  Primal Bound     : -3.16079148653143e+00   (in run 1, after 1 nodes, 4.05 seconds, depth 0, found by <feaspump>)
  Dual Bound       : -3.16079148653143e+00
  Gap              :       0.00 %
Integrals          :      Total       Avg%
  primal-dual      :     404.95      99.99
  primal-ref       :          -          - (not evaluated)
  dual-ref         :          -          - (not evaluated)
