SCIP version 8.0.0 [precision: 8 byte] [memory: block] [mode: optimized] [LP solver: SoPlex 6.0.0] [GitHash: a740f0891e]
Copyright (C) 2002-2021 Konrad-Zuse-Zentrum fuer Informationstechnik Berlin (ZIB)

External libraries: 
  SoPlex 6.0.0         Linear Programming Solver developed at Zuse Institute Berlin (soplex.zib.de) [GitHash: 71a5873d]
  CppAD 20180000.0     Algorithmic Differentiation of C++ algorithms developed by B. Bell (github.com/coin-or/CppAD)
  ZLIB 1.2.11          General purpose compression library by J. Gailly and M. Adler (zlib.net)
  GMP 6.2.1            GNU Multiple Precision Arithmetic Library developed by T. Granlund (gmplib.org)
  ZIMPL 3.5.1          Zuse Institute Mathematical Programming Language developed by T. Koch (zimpl.zib.de)
  AMPL/MP 4e2d45c4     AMPL .nl file reader library (github.com/ampl/mp)
  PaPILO 2.0.0         parallel presolve for integer and linear optimization (github.com/scipopt/papilo) [GitHash: 76cafc1]
  bliss 0.73p          Computing Graph Automorphism Groups by T. Junttila and P. Kaski (www.tcs.hut.fi/Software/bliss/)
  Ipopt 3.13.2         Interior Point Optimizer developed by A. Waechter et.al. (github.com/coin-or/Ipopt)

user parameter file <scip.set> not found - using default parameters

read problem <../modeles/10_129.lp>
============

original problem has 2600 variables (1290 bin, 0 int, 0 impl, 1310 cont) and 1331 constraints

solve problem
=============

presolving:
(round 1, fast)       10 del vars, 0 del conss, 0 add conss, 2760 chg bounds, 0 chg sides, 0 chg coeffs, 0 upgd conss, 0 impls, 10 clqs
(round 2, fast)       10 del vars, 0 del conss, 0 add conss, 2760 chg bounds, 0 chg sides, 1300 chg coeffs, 0 upgd conss, 0 impls, 10 clqs
   (0.0s) running MILP presolver
   (0.0s) MILP presolver (2 rounds): 0 aggregations, 0 fixings, 20 bound changes
(round 3, exhaustive) 10 del vars, 0 del conss, 0 add conss, 2780 chg bounds, 0 chg sides, 1300 chg coeffs, 30 upgd conss, 0 impls, 10 clqs
   (0.1s) sparsify finished: 2/9070 (0.0%) nonzeros canceled - in total 2 canceled nonzeros, 130 changed coefficients, 0 added nonzeros
(round 4, exhaustive) 10 del vars, 0 del conss, 0 add conss, 2780 chg bounds, 0 chg sides, 1430 chg coeffs, 30 upgd conss, 20 impls, 10 clqs
(round 5, exhaustive) 35 del vars, 0 del conss, 0 add conss, 2780 chg bounds, 0 chg sides, 1430 chg coeffs, 30 upgd conss, 6922 impls, 10 clqs
(round 6, exhaustive) 35 del vars, 0 del conss, 0 add conss, 2780 chg bounds, 0 chg sides, 1430 chg coeffs, 76 upgd conss, 6922 impls, 10 clqs
(round 7, exhaustive) 60 del vars, 0 del conss, 0 add conss, 2780 chg bounds, 0 chg sides, 1430 chg coeffs, 76 upgd conss, 12975 impls, 10 clqs
(round 8, fast)       60 del vars, 3 del conss, 0 add conss, 2780 chg bounds, 0 chg sides, 1430 chg coeffs, 76 upgd conss, 12975 impls, 10 clqs
(round 9, exhaustive) 60 del vars, 3 del conss, 0 add conss, 2780 chg bounds, 0 chg sides, 1430 chg coeffs, 112 upgd conss, 12975 impls, 10 clqs
(round 10, exhaustive) 85 del vars, 3 del conss, 0 add conss, 2780 chg bounds, 0 chg sides, 1430 chg coeffs, 112 upgd conss, 17843 impls, 10 clqs
(round 11, fast)       85 del vars, 8 del conss, 0 add conss, 2780 chg bounds, 0 chg sides, 1430 chg coeffs, 112 upgd conss, 17843 impls, 10 clqs
(round 12, exhaustive) 85 del vars, 8 del conss, 0 add conss, 2780 chg bounds, 0 chg sides, 1430 chg coeffs, 142 upgd conss, 17843 impls, 10 clqs
   (0.3s) sparsify finished: 2/8832 (0.0%) nonzeros canceled - in total 4 canceled nonzeros, 260 changed coefficients, 0 added nonzeros
(round 13, exhaustive) 85 del vars, 8 del conss, 0 add conss, 2780 chg bounds, 0 chg sides, 1560 chg coeffs, 142 upgd conss, 17873 impls, 10 clqs
(round 14, exhaustive) 110 del vars, 8 del conss, 0 add conss, 2780 chg bounds, 0 chg sides, 1560 chg coeffs, 142 upgd conss, 23562 impls, 10 clqs
(round 15, fast)       111 del vars, 16 del conss, 0 add conss, 2781 chg bounds, 0 chg sides, 1560 chg coeffs, 142 upgd conss, 23562 impls, 10 clqs
(round 16, exhaustive) 111 del vars, 16 del conss, 0 add conss, 2781 chg bounds, 0 chg sides, 1560 chg coeffs, 170 upgd conss, 23562 impls, 10 clqs
(round 17, exhaustive) 136 del vars, 16 del conss, 0 add conss, 2781 chg bounds, 0 chg sides, 1560 chg coeffs, 170 upgd conss, 27488 impls, 10 clqs
(round 18, fast)       136 del vars, 23 del conss, 0 add conss, 2781 chg bounds, 0 chg sides, 1560 chg coeffs, 170 upgd conss, 27488 impls, 10 clqs
(round 19, exhaustive) 136 del vars, 23 del conss, 0 add conss, 2781 chg bounds, 0 chg sides, 1560 chg coeffs, 191 upgd conss, 27488 impls, 10 clqs
(round 20, exhaustive) 161 del vars, 23 del conss, 0 add conss, 2781 chg bounds, 0 chg sides, 1560 chg coeffs, 191 upgd conss, 35889 impls, 10 clqs
(round 21, fast)       161 del vars, 31 del conss, 0 add conss, 2781 chg bounds, 0 chg sides, 1560 chg coeffs, 191 upgd conss, 35889 impls, 10 clqs
(round 22, exhaustive) 161 del vars, 31 del conss, 0 add conss, 2781 chg bounds, 0 chg sides, 1560 chg coeffs, 216 upgd conss, 35889 impls, 10 clqs
   (0.4s) sparsify finished: 2/8578 (0.0%) nonzeros canceled - in total 6 canceled nonzeros, 385 changed coefficients, 0 added nonzeros
(round 23, exhaustive) 161 del vars, 31 del conss, 0 add conss, 2781 chg bounds, 0 chg sides, 1685 chg coeffs, 216 upgd conss, 35914 impls, 10 clqs
(round 24, exhaustive) 187 del vars, 31 del conss, 0 add conss, 2781 chg bounds, 0 chg sides, 1685 chg coeffs, 216 upgd conss, 40630 impls, 10 clqs
(round 25, fast)       187 del vars, 40 del conss, 0 add conss, 2781 chg bounds, 0 chg sides, 1685 chg coeffs, 216 upgd conss, 40630 impls, 10 clqs
(round 26, exhaustive) 187 del vars, 40 del conss, 0 add conss, 2781 chg bounds, 0 chg sides, 1685 chg coeffs, 237 upgd conss, 40630 impls, 10 clqs
(round 27, exhaustive) 212 del vars, 40 del conss, 0 add conss, 2781 chg bounds, 0 chg sides, 1685 chg coeffs, 237 upgd conss, 45585 impls, 10 clqs
(round 28, fast)       214 del vars, 52 del conss, 0 add conss, 2783 chg bounds, 0 chg sides, 1685 chg coeffs, 237 upgd conss, 45585 impls, 10 clqs
(round 29, exhaustive) 214 del vars, 52 del conss, 0 add conss, 2783 chg bounds, 0 chg sides, 1685 chg coeffs, 255 upgd conss, 45585 impls, 10 clqs
(round 30, exhaustive) 239 del vars, 52 del conss, 0 add conss, 2783 chg bounds, 0 chg sides, 1685 chg coeffs, 255 upgd conss, 49140 impls, 10 clqs
(round 31, fast)       239 del vars, 63 del conss, 0 add conss, 2783 chg bounds, 0 chg sides, 1685 chg coeffs, 255 upgd conss, 49140 impls, 10 clqs
(round 32, exhaustive) 239 del vars, 63 del conss, 0 add conss, 2783 chg bounds, 0 chg sides, 1685 chg coeffs, 272 upgd conss, 49140 impls, 10 clqs
(round 33, exhaustive) 265 del vars, 63 del conss, 0 add conss, 2783 chg bounds, 0 chg sides, 1685 chg coeffs, 272 upgd conss, 52421 impls, 10 clqs
(round 34, fast)       265 del vars, 76 del conss, 0 add conss, 2783 chg bounds, 0 chg sides, 1685 chg coeffs, 272 upgd conss, 52421 impls, 10 clqs
(round 35, exhaustive) 265 del vars, 76 del conss, 0 add conss, 2783 chg bounds, 0 chg sides, 1685 chg coeffs, 281 upgd conss, 52421 impls, 10 clqs
(round 36, exhaustive) 290 del vars, 76 del conss, 0 add conss, 2783 chg bounds, 0 chg sides, 1685 chg coeffs, 281 upgd conss, 56849 impls, 10 clqs
(round 37, fast)       293 del vars, 91 del conss, 0 add conss, 2786 chg bounds, 0 chg sides, 1685 chg coeffs, 281 upgd conss, 56849 impls, 10 clqs
(round 38, exhaustive) 293 del vars, 91 del conss, 0 add conss, 2786 chg bounds, 0 chg sides, 1685 chg coeffs, 292 upgd conss, 56849 impls, 10 clqs
(round 39, exhaustive) 318 del vars, 91 del conss, 0 add conss, 2786 chg bounds, 0 chg sides, 1685 chg coeffs, 292 upgd conss, 60148 impls, 10 clqs
(round 40, fast)       319 del vars, 101 del conss, 0 add conss, 2787 chg bounds, 0 chg sides, 1685 chg coeffs, 292 upgd conss, 60148 impls, 10 clqs
(round 41, exhaustive) 319 del vars, 101 del conss, 0 add conss, 2787 chg bounds, 0 chg sides, 1685 chg coeffs, 306 upgd conss, 60148 impls, 10 clqs
(round 42, exhaustive) 347 del vars, 101 del conss, 0 add conss, 2787 chg bounds, 0 chg sides, 1685 chg coeffs, 306 upgd conss, 65872 impls, 10 clqs
(round 43, fast)       347 del vars, 115 del conss, 0 add conss, 2787 chg bounds, 0 chg sides, 1685 chg coeffs, 306 upgd conss, 65872 impls, 10 clqs
(round 44, exhaustive) 347 del vars, 115 del conss, 0 add conss, 2787 chg bounds, 0 chg sides, 1685 chg coeffs, 320 upgd conss, 65872 impls, 10 clqs
(round 45, exhaustive) 375 del vars, 115 del conss, 0 add conss, 2787 chg bounds, 0 chg sides, 1685 chg coeffs, 320 upgd conss, 66689 impls, 10 clqs
(round 46, fast)       375 del vars, 131 del conss, 0 add conss, 2787 chg bounds, 0 chg sides, 1685 chg coeffs, 320 upgd conss, 66689 impls, 10 clqs
(round 47, exhaustive) 375 del vars, 131 del conss, 0 add conss, 2787 chg bounds, 0 chg sides, 1685 chg coeffs, 328 upgd conss, 66689 impls, 10 clqs
(round 48, exhaustive) 401 del vars, 131 del conss, 0 add conss, 2787 chg bounds, 0 chg sides, 1685 chg coeffs, 328 upgd conss, 69525 impls, 10 clqs
(round 49, fast)       401 del vars, 145 del conss, 0 add conss, 2787 chg bounds, 0 chg sides, 1685 chg coeffs, 328 upgd conss, 69525 impls, 10 clqs
   (0.7s) running MILP presolver
   (0.8s) MILP presolver (15 rounds): 0 aggregations, 232 fixings, 0 bound changes
(round 50, medium)     633 del vars, 247 del conss, 0 add conss, 2787 chg bounds, 0 chg sides, 1685 chg coeffs, 328 upgd conss, 69525 impls, 10 clqs
(round 51, fast)       633 del vars, 280 del conss, 0 add conss, 2787 chg bounds, 0 chg sides, 1685 chg coeffs, 328 upgd conss, 69525 impls, 10 clqs
(round 52, exhaustive) 633 del vars, 280 del conss, 0 add conss, 2787 chg bounds, 0 chg sides, 1685 chg coeffs, 364 upgd conss, 69525 impls, 10 clqs
(round 53, exhaustive) 658 del vars, 280 del conss, 0 add conss, 2787 chg bounds, 0 chg sides, 1685 chg coeffs, 364 upgd conss, 73596 impls, 10 clqs
(round 54, fast)       660 del vars, 297 del conss, 0 add conss, 2789 chg bounds, 0 chg sides, 1685 chg coeffs, 364 upgd conss, 73596 impls, 10 clqs
(round 55, exhaustive) 660 del vars, 297 del conss, 0 add conss, 2789 chg bounds, 0 chg sides, 1685 chg coeffs, 367 upgd conss, 73596 impls, 10 clqs
(round 56, exhaustive) 685 del vars, 297 del conss, 0 add conss, 2789 chg bounds, 0 chg sides, 1685 chg coeffs, 367 upgd conss, 83201 impls, 10 clqs
(round 57, fast)       685 del vars, 313 del conss, 0 add conss, 2789 chg bounds, 0 chg sides, 1685 chg coeffs, 367 upgd conss, 83201 impls, 10 clqs
(round 58, exhaustive) 685 del vars, 313 del conss, 0 add conss, 2789 chg bounds, 0 chg sides, 1685 chg coeffs, 369 upgd conss, 83201 impls, 10 clqs
   (0.9s) probing: 1000/1290 (77.5%) - 445 fixings, 0 aggregations, 85231 implications, 0 bound changes
(round 59, exhaustive) 710 del vars, 313 del conss, 0 add conss, 2789 chg bounds, 0 chg sides, 1685 chg coeffs, 369 upgd conss, 89542 impls, 10 clqs
(round 60, fast)       710 del vars, 329 del conss, 0 add conss, 2789 chg bounds, 0 chg sides, 1685 chg coeffs, 369 upgd conss, 89542 impls, 10 clqs
(round 61, exhaustive) 710 del vars, 329 del conss, 0 add conss, 2789 chg bounds, 0 chg sides, 1685 chg coeffs, 371 upgd conss, 89542 impls, 10 clqs
(round 62, exhaustive) 735 del vars, 329 del conss, 0 add conss, 2789 chg bounds, 0 chg sides, 1685 chg coeffs, 371 upgd conss, 93000 impls, 10 clqs
(round 63, fast)       736 del vars, 346 del conss, 0 add conss, 2790 chg bounds, 0 chg sides, 1685 chg coeffs, 371 upgd conss, 93000 impls, 10 clqs
(round 64, exhaustive) 736 del vars, 346 del conss, 0 add conss, 2790 chg bounds, 0 chg sides, 1685 chg coeffs, 372 upgd conss, 93000 impls, 10 clqs
(round 65, exhaustive) 761 del vars, 346 del conss, 0 add conss, 2790 chg bounds, 0 chg sides, 1685 chg coeffs, 372 upgd conss, 98315 impls, 10 clqs
(round 66, fast)       763 del vars, 364 del conss, 0 add conss, 2792 chg bounds, 0 chg sides, 1685 chg coeffs, 372 upgd conss, 98315 impls, 10 clqs
   (1.0s) probing cycle finished: starting next cycle
   (1.0s) probing: 51/906 (5.6%) - 521 fixings, 0 aggregations, 101755 implications, 0 bound changes
   (1.0s) probing aborted: 50/50 successive totally useless probings
(round 67, exhaustive) 775 del vars, 364 del conss, 0 add conss, 2792 chg bounds, 0 chg sides, 1685 chg coeffs, 372 upgd conss, 102117 impls, 10 clqs
(round 68, fast)       775 del vars, 372 del conss, 0 add conss, 2792 chg bounds, 0 chg sides, 1685 chg coeffs, 372 upgd conss, 102117 impls, 10 clqs
   (1.0s) sparsify finished: 4/6390 (0.1%) nonzeros canceled - in total 10 canceled nonzeros, 568 changed coefficients, 0 added nonzeros
(round 69, exhaustive) 775 del vars, 372 del conss, 0 add conss, 2792 chg bounds, 0 chg sides, 1868 chg coeffs, 372 upgd conss, 102117 impls, 10 clqs
   (1.0s) probing: 56/906 (6.2%) - 521 fixings, 0 aggregations, 101755 implications, 0 bound changes
   (1.0s) probing aborted: 50/50 successive totally useless probings
   (1.0s) symmetry computation started: requiring (bin +, int -, cont +), (fixed: bin -, int +, cont -)
   (1.0s) symmetry computation finished: 6 generators found (max: 1500, log10 of symmetry group size: 3.2)
(round 70, exhaustive) 775 del vars, 372 del conss, 2 add conss, 2792 chg bounds, 0 chg sides, 1868 chg coeffs, 372 upgd conss, 102117 impls, 10 clqs
presolving (71 rounds: 71 fast, 48 medium, 47 exhaustive):
 775 deleted vars, 372 deleted constraints, 2 added constraints, 2792 tightened bounds, 0 added holes, 0 changed sides, 1868 changed coefficients
 102117 implications, 10 cliques
presolved problem has 1825 variables (906 bin, 0 int, 0 impl, 919 cont) and 952 constraints
     26 constraints of type <varbound>
     10 constraints of type <setppc>
    914 constraints of type <linear>
      2 constraints of type <orbitope>
Presolving Time: 1.03

 time | node  | left  |LP iter|LP it/n|mem/heur|mdpt |vars |cons |rows |cuts |sepa|confs|strbr|  dualbound   | primalbound  |  gap   | compl. 
  1.1s|     1 |     0 |   153 |     - |    52M |   0 |1825 | 952 | 950 |   0 |  0 |   0 |   0 |-3.159012e+00 |      --      |    Inf | unknown
o 1.1s|     1 |     0 |  1068 |     - |feaspump|   0 |1825 | 952 | 950 |   0 |  0 |   0 |   0 |-3.159012e+00 |-2.387597e+00 |  32.31%| unknown
  1.1s|     1 |     0 |  1074 |     - |    53M |   0 |1825 | 952 | 956 |   6 |  1 |   0 |   0 |-3.159012e+00 |-2.387597e+00 |  32.31%| unknown
  1.1s|     1 |     0 |  1080 |     - |    53M |   0 |1825 | 952 | 962 |  12 |  2 |   0 |   0 |-3.159012e+00 |-2.387597e+00 |  32.31%| unknown
  1.1s|     1 |     0 |  1086 |     - |    53M |   0 |1825 | 952 | 968 |  18 |  3 |   0 |   0 |-3.159012e+00 |-2.387597e+00 |  32.31%| unknown
  1.1s|     1 |     0 |  1092 |     - |    53M |   0 |1825 | 952 | 974 |  24 |  4 |   0 |   0 |-3.159012e+00 |-2.387597e+00 |  32.31%| unknown
  1.2s|     1 |     0 |  1098 |     - |    53M |   0 |1825 | 952 | 980 |  30 |  5 |   0 |   0 |-3.159012e+00 |-2.387597e+00 |  32.31%| unknown
  1.2s|     1 |     0 |  1104 |     - |    53M |   0 |1825 | 952 | 986 |  36 |  6 |   0 |   0 |-3.159012e+00 |-2.387597e+00 |  32.31%| unknown
  1.2s|     1 |     0 |  1110 |     - |    53M |   0 |1825 | 952 | 992 |  42 |  7 |   0 |   0 |-3.159012e+00 |-2.387597e+00 |  32.31%| unknown
  1.2s|     1 |     0 |  1116 |     - |    54M |   0 |1825 | 952 | 998 |  48 |  8 |   0 |   0 |-3.159012e+00 |-2.387597e+00 |  32.31%| unknown
  1.2s|     1 |     0 |  1122 |     - |    54M |   0 |1825 | 952 |1004 |  54 |  9 |   0 |   0 |-3.159012e+00 |-2.387597e+00 |  32.31%| unknown
  1.2s|     1 |     0 |  1128 |     - |    54M |   0 |1825 | 952 |1010 |  60 | 10 |   0 |   0 |-3.159012e+00 |-2.387597e+00 |  32.31%| unknown
  1.2s|     1 |     0 |  1134 |     - |    54M |   0 |1825 | 952 |1016 |  66 | 11 |   0 |   0 |-3.159012e+00 |-2.387597e+00 |  32.31%| unknown
L 1.2s|     1 |     0 |  1297 |     - |    rens|   0 |1825 | 952 |1016 |  66 | 11 |   0 |   0 |-3.159012e+00 |-3.159012e+00 |   0.00%| unknown
  1.2s|     1 |     0 |  1297 |     - |    54M |   0 |1825 | 952 |1016 |  66 | 11 |   0 |   0 |-3.159012e+00 |-3.159012e+00 |   0.00%| unknown

SCIP Status        : problem is solved [optimal solution found]
Solving Time (sec) : 1.25
Solving Nodes      : 1
Primal Bound       : -3.15901162790698e+00 (2 solutions)
Dual Bound         : -3.15901162790698e+00
Gap                : 0.00 %

primal solution (original space):
=================================

objective value:                    -3.15901162790698
y_1,54_                                             1 	(obj:0)
y_8,54_                                             1 	(obj:0)
y_9,54_                                             1 	(obj:0)
y_10,54_                                            1 	(obj:0)
y_2,55_                                             1 	(obj:0)
y_3,55_                                             1 	(obj:0)
y_4,55_                                             1 	(obj:0)
y_5,55_                                             1 	(obj:0)
y_6,55_                                             1 	(obj:0)
y_7,55_                                             1 	(obj:0)
x_5_                               -0.294573643410853 	(obj:1)
x_1_                               -0.325581395348837 	(obj:1)
t_6,55_                                             1 	(obj:0)
x_6_                               -0.325581395348837 	(obj:1)
t_7,55_                                             1 	(obj:0)
x_10_                              -0.325581395348837 	(obj:1)
t_4,55_                             0.878125000000022 	(obj:0)
x_7_                               -0.325581395348837 	(obj:1)
t_8,55_                                             1 	(obj:0)
t_5,56_                                             1 	(obj:0)
x_8_                               -0.325581395348837 	(obj:1)
t_2,56_                                             1 	(obj:0)
x_2_                               -0.294573643410853 	(obj:1)
t_9,55_                                             1 	(obj:0)
t_4,56_                             0.121874999999978 	(obj:0)
x_4_                               -0.321802325581396 	(obj:1)
x_9_                               -0.325581395348837 	(obj:1)
t_1,55_                                             1 	(obj:0)
t_10,55_                                            1 	(obj:0)
t_3,56_                                             1 	(obj:0)
x_3_                               -0.294573643410853 	(obj:1)

Statistics
==========

SCIP Status        : problem is solved [optimal solution found]
Total Time         :       1.26
  solving          :       1.25
  presolving       :       1.03 (included in solving)
  reading          :       0.01
  copying          :       0.01 (1 #copies) (minimal 0.01, maximal 0.01, average 0.01)
Original Problem   :
  Problem name     : ../modeles/10_129.lp
  Variables        : 2600 (1290 binary, 0 integer, 0 implicit integer, 1310 continuous)
  Constraints      : 1331 initial, 1331 maximal
  Objective        : minimize, 10 non-zeros (abs.min = 1, abs.max = 1)
Presolved Problem  :
  Problem name     : t_../modeles/10_129.lp
  Variables        : 1825 (906 binary, 0 integer, 0 implicit integer, 919 continuous)
  Constraints      : 952 initial, 952 maximal
  Objective        : minimize, 919 non-zeros (abs.min = 0.0155039, abs.max = 1.41085)
  Nonzeros         : 7114 constraint, 906 clique table
Presolvers         :   ExecTime  SetupTime  Calls  FixedVars   AggrVars   ChgTypes  ChgBounds   AddHoles    DelCons    AddCons   ChgSides   ChgCoefs
  boundshift       :       0.00       0.00      0          0          0          0          0          0          0          0          0          0
  convertinttobin  :       0.00       0.00      0          0          0          0          0          0          0          0          0          0
  domcol           :       0.08       0.00     27          0          0          0          0          0          0          0          0          0
  dualagg          :       0.00       0.00      0          0          0          0          0          0          0          0          0          0
  dualcomp         :       0.03       0.00     27          0          0          0          0          0          0          0          0          0
  dualinfer        :       0.00       0.00      0          0          0          0          0          0          0          0          0          0
  dualsparsify     :       0.00       0.00      1          0          0          0          0          0          0          0          0          0
  gateextraction   :       0.00       0.00      0          0          0          0          0          0          0          0          0          0
  implics          :       0.00       0.00     48          0          0          0          0          0          0          0          0          0
  inttobinary      :       0.00       0.00      0          0          0          0          0          0          0          0          0          0
  milp             :       0.08       0.00      2        232          0          0         20          0          0          0          0          0
  qpkktref         :       0.00       0.00      0          0          0          0          0          0          0          0          0          0
  redvub           :       0.00       0.00      0          0          0          0          0          0          0          0          0          0
  sparsify         :       0.26       0.00     10          0          0          0          0          0          0          0          0        568
  stuffing         :       0.00       0.00      0          0          0          0          0          0          0          0          0          0
  trivial          :       0.00       0.00     71          0          0          0          0          0          0          0          0          0
  tworowbnd        :       0.00       0.00      0          0          0          0          0          0          0          0          0          0
  dualfix          :       0.00       0.00     71          0          0          0          0          0          0          0          0          0
  genvbounds       :       0.00       0.00      0          0          0          0          0          0          0          0          0          0
  probing          :       0.44       0.00     22        521          0          0          0          0          0          0          0          0
  pseudoobj        :       0.00       0.00      0          0          0          0          0          0          0          0          0          0
  symmetry         :       0.01       0.00      1          0          0          0          0          0          0          2          0          0
  vbounds          :       0.00       0.00      1          0          0          0          0          0          0          0          0          0
  varbound         :       0.00       0.00    115          0          0          0         12          0        336          0          0          0
  setppc           :       0.01       0.00    161          0          0          0          0          0          0          0          0          0
  linear           :       0.11       0.00    118         12         10          0       2760          0         36          0          0       1300
  orbitope         :       0.00       0.00      1          0          0          0          0          0          0          0          0          0
  benders          :       0.00       0.00      0          0          0          0          0          0          0          0          0          0
  components       :       0.00       0.00      1          0          0          0          0          0          0          0          0          0
  root node        :          -          -      -          0          -          -          0          -          -          -          -          -
Constraints        :     Number  MaxNumber  #Separate #Propagate    #EnfoLP    #EnfoRelax  #EnfoPS    #Check   #ResProp    Cutoffs    DomReds       Cuts    Applied      Conss   Children
  benderslp        :          0          0          0          0          0          0          0         19          0          0          0          0          0          0          0
  integral         :          0          0          0          0          0          0          0         19          0          0          0          0          0          0          0
  varbound         :         26         26         11       4130          0          0          0         13          0          0          0          0          0          0          0
  setppc           :         10         10         11       4130          0          0          0         13          0          0          0          0          0          0          0
  linear           :        914        914         11       4130          0          0          0          2          0        431          0          0          0          0          0
  orbitope         :          2          2          0        535          0          0          0          2          0          0          0          0          0          0          0
  benders          :          0          0          0          0          0          0          0          3          0          0          0          0          0          0          0
  countsols        :          0          0          0          0          0          0          0          3          0          0          0          0          0          0          0
  components       :          0          0          0          0          0          0          0          0          0          0          0          0          0          0          0
Constraint Timings :  TotalTime  SetupTime   Separate  Propagate     EnfoLP     EnfoPS     EnfoRelax   Check    ResProp    SB-Prop
  benderslp        :       0.00       0.00       0.00       0.00       0.00       0.00       0.00       0.00       0.00       0.00
  integral         :       0.00       0.00       0.00       0.00       0.00       0.00       0.00       0.00       0.00       0.00
  varbound         :       0.02       0.00       0.00       0.02       0.00       0.00       0.00       0.00       0.00       0.00
  setppc           :       0.01       0.00       0.00       0.01       0.00       0.00       0.00       0.00       0.00       0.00
  linear           :       0.12       0.00       0.00       0.12       0.00       0.00       0.00       0.00       0.00       0.00
  orbitope         :       0.00       0.00       0.00       0.00       0.00       0.00       0.00       0.00       0.00       0.00
  benders          :       0.00       0.00       0.00       0.00       0.00       0.00       0.00       0.00       0.00       0.00
  countsols        :       0.00       0.00       0.00       0.00       0.00       0.00       0.00       0.00       0.00       0.00
  components       :       0.00       0.00       0.00       0.00       0.00       0.00       0.00       0.00       0.00       0.00
Propagators        : #Propagate   #ResProp    Cutoffs    DomReds
  dualfix          :          1          0          0          0
  genvbounds       :          0          0          0          0
  nlobbt           :          0          0          0          0
  obbt             :          0          0          0          0
  probing          :          0          0          0          0
  pseudoobj        :         14          0          0          0
  redcost          :         13          0          0          0
  rootredcost      :          0          0          0          0
  symmetry         :          0          0          0          0
  vbounds          :        389          0          0          0
Propagator Timings :  TotalTime  SetupTime   Presolve  Propagate    ResProp    SB-Prop
  dualfix          :       0.00       0.00       0.00       0.00       0.00       0.00
  genvbounds       :       0.00       0.00       0.00       0.00       0.00       0.00
  nlobbt           :       0.00       0.00       0.00       0.00       0.00       0.00
  obbt             :       0.00       0.00       0.00       0.00       0.00       0.00
  probing          :       0.44       0.00       0.44       0.00       0.00       0.00
  pseudoobj        :       0.00       0.00       0.00       0.00       0.00       0.00
  redcost          :       0.00       0.00       0.00       0.00       0.00       0.00
  rootredcost      :       0.00       0.00       0.00       0.00       0.00       0.00
  symmetry         :       0.01       0.00       0.01       0.00       0.00       0.00
  vbounds          :       0.01       0.00       0.00       0.01       0.00       0.00
Orbital fixing     :
  vars fixed to 0  :          0
  vars fixed to 1  :          0
Conflict Analysis  :       Time      Calls    Success    DomReds  Conflicts   Literals    Reconvs ReconvLits   Dualrays   Nonzeros   LP Iters   (pool size: [--,--])
  propagation      :       0.00          0          0          -          0        0.0          0        0.0          -          -          -
  infeasible LP    :       0.00          0          0          -          0        0.0          0        0.0          0        0.0          0
  bound exceed. LP :       0.00          1          0          -          0        0.0          0        0.0          0        0.0          0
  strong branching :       0.00          0          0          -          0        0.0          0        0.0          -          -          0
  pseudo solution  :       0.00          0          0          -          0        0.0          0        0.0          -          -          -
  applied globally :       0.00          -          -          0          0        0.0          -          -          0          -          -
  applied locally  :          -          -          -          0          0        0.0          -          -          0          -          -
Separators         :   ExecTime  SetupTime      Calls    Cutoffs    DomReds       Cuts    Applied      Conss
  cut pool         :       0.00                    21          -          -        132          -          -    (maximal pool size: 222)
  aggregation      :       0.04       0.00         11          0          0        154         66          0
  > cmir           :          -          -          -          -          -          -         66          -
  > flowcover      :          -          -          -          -          -          -          0          -
  > knapsackcover  :          -          -          -          -          -          -          0          -
  cgmip            :       0.00       0.00          0          0          0          0          0          0
  clique           :       0.00       0.00         11          0          0          0          0          0
  closecuts        :       0.00       0.00          0          0          0          0          0          0
  convexproj       :       0.00       0.00          0          0          0          0          0          0
  disjunctive      :       0.00       0.00          0          0          0          0          0          0
  eccuts           :       0.00       0.00          0          0          0          0          0          0
  gauge            :       0.00       0.00          0          0          0          0          0          0
  gomory           :       0.02       0.00         10          0          0         68          0          0
  > gomorymi       :          -          -          -          -          -          -          0          -
  > strongcg       :          -          -          -          -          -          -          0          -
  impliedbounds    :       0.00       0.00         11          0          0          0          0          0
  interminor       :       0.00       0.00          0          0          0          0          0          0
  intobj           :       0.00       0.00          0          0          0          0          0          0
  mcf              :       0.00       0.00          1          0          0          0          0          0
  minor            :       0.00       0.00          0          0          0          0          0          0
  mixing           :       0.00       0.00         11          0          0          0          0          0
  oddcycle         :       0.00       0.00          0          0          0          0          0          0
  rapidlearning    :       0.00       0.00          0          0          0          0          0          0
  rlt              :       0.00       0.00         10          0          0          0          0          0
  zerohalf         :       0.01       0.00         11          0          0          0          0          0
Cutselectors       :   ExecTime  SetupTime
  hybrid           :       0.00       0.00
Pricers            :   ExecTime  SetupTime      Calls       Vars
  problem variables:       0.00          -          0          0
Branching Rules    :   ExecTime  SetupTime   BranchLP  BranchExt   BranchPS    Cutoffs    DomReds       Cuts      Conss   Children
  allfullstrong    :       0.00       0.00          0          0          0          0          0          0          0          0
  cloud            :       0.00       0.00          0          0          0          0          0          0          0          0
  distribution     :       0.00       0.00          0          0          0          0          0          0          0          0
  fullstrong       :       0.00       0.00          0          0          0          0          0          0          0          0
  inference        :       0.00       0.00          0          0          0          0          0          0          0          0
  leastinf         :       0.00       0.00          0          0          0          0          0          0          0          0
  lookahead        :       0.00       0.00          0          0          0          0          0          0          0          0
  mostinf          :       0.00       0.00          0          0          0          0          0          0          0          0
  multaggr         :       0.00       0.00          0          0          0          0          0          0          0          0
  nodereopt        :       0.00       0.00          0          0          0          0          0          0          0          0
  pscost           :       0.00       0.00          0          0          0          0          0          0          0          0
  random           :       0.00       0.00          0          0          0          0          0          0          0          0
  relpscost        :       0.00       0.00          0          0          0          0          0          0          0          0
  vanillafullstrong:       0.00       0.00          0          0          0          0          0          0          0          0
Primal Heuristics  :   ExecTime  SetupTime      Calls      Found       Best
  LP solutions     :       0.00          -          -          0          0
  relax solutions  :       0.00          -          -          0          0
  pseudo solutions :       0.00          -          -          0          0
  strong branching :       0.00          -          -          0          0
  actconsdiving    :       0.00       0.00          0          0          0
  adaptivediving   :       0.00       0.00          0          0          0
  alns             :       0.00       0.00          0          0          0
  bound            :       0.00       0.00          0          0          0
  clique           :       0.01       0.00          1          0          0
  coefdiving       :       0.00       0.00          0          0          0
  completesol      :       0.00       0.00          0          0          0
  conflictdiving   :       0.00       0.00          0          0          0
  crossover        :       0.00       0.00          0          0          0
  dins             :       0.00       0.00          0          0          0
  distributiondivin:       0.00       0.00          0          0          0
  dps              :       0.00       0.00          0          0          0
  dualval          :       0.00       0.00          0          0          0
  farkasdiving     :       0.00       0.00          0          0          0
  feaspump         :       0.01       0.00          1          1          1
  fixandinfer      :       0.00       0.00          0          0          0
  fracdiving       :       0.00       0.00          0          0          0
  gins             :       0.00       0.00          0          0          0
  guideddiving     :       0.00       0.00          0          0          0
  indicator        :       0.00       0.00          0          0          0
  intdiving        :       0.00       0.00          0          0          0
  intshifting      :       0.00       0.00          1          0          0
  linesearchdiving :       0.00       0.00          0          0          0
  localbranching   :       0.00       0.00          0          0          0
  locks            :       0.02       0.00          1          0          0
  lpface           :       0.00       0.00          0          0          0
  mpec             :       0.00       0.00          0          0          0
  multistart       :       0.00       0.00          0          0          0
  mutation         :       0.00       0.00          0          0          0
  nlpdiving        :       0.00       0.00          0          0          0
  objpscostdiving  :       0.00       0.00          0          0          0
  octane           :       0.00       0.00          0          0          0
  ofins            :       0.00       0.00          0          0          0
  oneopt           :       0.00       0.00          1          0          0
  padm             :       0.00       0.00          0          0          0
  proximity        :       0.00       0.00          0          0          0
  pscostdiving     :       0.00       0.00          0          0          0
  randrounding     :       0.02       0.00         12          0          0
  rens             :       0.02       0.00          1          1          1
  reoptsols        :       0.00       0.00          0          0          0
  repair           :       0.00       0.00          0          0          0
  rins             :       0.00       0.00          0          0          0
  rootsoldiving    :       0.00       0.00          0          0          0
  rounding         :       0.00       0.00         12          0          0
  shiftandpropagate:       0.00       0.00          1          0          0
  shifting         :       0.03       0.00         12          0          0
  simplerounding   :       0.00       0.00          0          0          0
  subnlp           :       0.00       0.00          0          0          0
  trivial          :       0.00       0.00          2          0          0
  trivialnegation  :       0.00       0.00          0          0          0
  trustregion      :       0.00       0.00          0          0          0
  trysol           :       0.00       0.00          0          0          0
  twoopt           :       0.00       0.00          0          0          0
  undercover       :       0.00       0.00          0          0          0
  vbounds          :       0.00       0.00          0          0          0
  veclendiving     :       0.00       0.00          0          0          0
  zeroobj          :       0.00       0.00          0          0          0
  zirounding       :       0.00       0.00          1          0          0
  other solutions  :          -          -          -          0          -
Diving (single)    :      Calls      Nodes   LP Iters Backtracks  Conflicts   MinDepth   MaxDepth   AvgDepth  RoundSols  NLeafSols  MinSolDpt  MaxSolDpt  AvgSolDpt
  actconsdiving    :          0          -          -          -          -          -          -          -          -          -          -          -          -
  coefdiving       :          0          -          -          -          -          -          -          -          -          -          -          -          -
  conflictdiving   :          0          -          -          -          -          -          -          -          -          -          -          -          -
  distributiondivin:          0          -          -          -          -          -          -          -          -          -          -          -          -
  farkasdiving     :          0          -          -          -          -          -          -          -          -          -          -          -          -
  fracdiving       :          0          -          -          -          -          -          -          -          -          -          -          -          -
  guideddiving     :          0          -          -          -          -          -          -          -          -          -          -          -          -
  linesearchdiving :          0          -          -          -          -          -          -          -          -          -          -          -          -
  pscostdiving     :          0          -          -          -          -          -          -          -          -          -          -          -          -
  veclendiving     :          0          -          -          -          -          -          -          -          -          -          -          -          -
Diving (adaptive)  :      Calls      Nodes   LP Iters Backtracks  Conflicts   MinDepth   MaxDepth   AvgDepth  RoundSols  NLeafSols  MinSolDpt  MaxSolDpt  AvgSolDpt
  actconsdiving    :          0          -          -          -          -          -          -          -          -          -          -          -          -
  coefdiving       :          0          -          -          -          -          -          -          -          -          -          -          -          -
  conflictdiving   :          0          -          -          -          -          -          -          -          -          -          -          -          -
  distributiondivin:          0          -          -          -          -          -          -          -          -          -          -          -          -
  farkasdiving     :          0          -          -          -          -          -          -          -          -          -          -          -          -
  fracdiving       :          0          -          -          -          -          -          -          -          -          -          -          -          -
  guideddiving     :          0          -          -          -          -          -          -          -          -          -          -          -          -
  linesearchdiving :          0          -          -          -          -          -          -          -          -          -          -          -          -
  pscostdiving     :          0          -          -          -          -          -          -          -          -          -          -          -          -
  veclendiving     :          0          -          -          -          -          -          -          -          -          -          -          -          -
Neighborhoods      :      Calls  SetupTime  SolveTime SolveNodes       Sols       Best       Exp3  EpsGreedy        UCB TgtFixRate  Opt  Inf Node Stal  Sol  Usr Othr Actv
  rens             :          0       0.00       0.00          0          0          0    0.00000   -1.00000    1.00000      0.900    0    0    0    0    0    0    0    1
  rins             :          0       0.00       0.00          0          0          0    0.00000   -1.00000    1.00000      0.900    0    0    0    0    0    0    0    1
  mutation         :          0       0.00       0.00          0          0          0    0.00000   -1.00000    1.00000      0.900    0    0    0    0    0    0    0    1
  localbranching   :          0       0.00       0.00          0          0          0    0.00000   -1.00000    1.00000      0.900    0    0    0    0    0    0    0    1
  crossover        :          0       0.00       0.00          0          0          0    0.00000   -1.00000    1.00000      0.900    0    0    0    0    0    0    0    1
  proximity        :          0       0.00       0.00          0          0          0    0.00000   -1.00000    1.00000      0.900    0    0    0    0    0    0    0    1
  zeroobjective    :          0       0.00       0.00          0          0          0    0.00000   -1.00000    1.00000      0.900    0    0    0    0    0    0    0    1
  dins             :          0       0.00       0.00          0          0          0    0.00000   -1.00000    1.00000      0.900    0    0    0    0    0    0    0    1
  trustregion      :          0       0.00       0.00          0          0          0    0.00000   -1.00000    1.00000      0.900    0    0    0    0    0    0    0    0
LP                 :       Time      Calls Iterations  Iter/call   Iter/sec  Time-0-It Calls-0-It    ItLimit
  primal LP        :       0.00          0          0       0.00          -       0.00          0
  dual LP          :       0.01         12        219      18.25   18346.32       0.00          0
  lex dual LP      :       0.00          0          0       0.00          -
  barrier LP       :       0.00          0          0       0.00          -       0.00          0
  resolve instable :       0.00          0          0       0.00          -
  diving/probing LP:       0.01          4       1078     269.50   89113.00
  strong branching :       0.00          0          0       0.00          -          -          -          0
    (at root node) :          -          0          0       0.00          -
  conflict analysis:       0.00          0          0       0.00          -
B&B Tree           :
  number of runs   :          1
  nodes            :          1 (0 internal, 1 leaves)
  feasible leaves  :          0
  infeas. leaves   :          1
  objective leaves :          0
  nodes (total)    :          1 (0 internal, 1 leaves)
  nodes left       :          0
  max depth        :          0
  max depth (total):          0
  backtracks       :          0 (0.0%)
  early backtracks :          0 (0.0%)
  nodes exc. ref.  :          0 (0.0%)
  delayed cutoffs  :          0
  repropagations   :          0 (0 domain reductions, 0 cutoffs)
  avg switch length:       2.00
  switching time   :       0.00
Estim. Tree Size   :          1
Estimation Tree    : 1 nodes (1 visited, 0 internal, 1 leaves, 0 open), weight: 1.0000 completed 1.0000
Estimations        :      estim      value      trend resolution     smooth
  wbe              :          1          -          -          -          -
  tree-profile     :         -1          -          -          -          -
  gap              :          1    1.00000    1.00000          1          1
  tree-weight      :          1    1.00000    1.00000          1          1
  leaf-frequency   :          1    0.50000    1.00000          1          1
  ssg              :          1    0.00000   -1.00000          1          1
  open-nodes       :          1    0.00000    0.00000          1          1
Root Node          :
  First LP value   : -3.15901162790698e+00
  First LP Iters   :        153 (31908.24 Iter/sec)
  First LP Time    :       0.00
  Final Dual Bound : -3.15901162790698e+00
  Final Root Iters :       1134
  Root LP Estimate :                     -
Solution           :
  Solutions found  :          2 (2 improvements)
  First Solution   : -2.38759689922481e+00   (in run 1, after 1 nodes, 1.10 seconds, depth 0, found by <feaspump>)
  Gap First Sol.   :      32.31 %
  Gap Last Sol.    :       0.00 %
  Primal Bound     : -3.15901162790698e+00   (in run 1, after 1 nodes, 1.25 seconds, depth 0, found by <rens>)
  Dual Bound       : -3.15901162790698e+00
  Gap              :       0.00 %
Integrals          :      Total       Avg%
  primal-dual      :     113.49      90.79
  primal-ref       :          -          - (not evaluated)
  dual-ref         :          -          - (not evaluated)
