SCIP version 8.0.0 [precision: 8 byte] [memory: block] [mode: optimized] [LP solver: SoPlex 6.0.0] [GitHash: a740f0891e]
Copyright (C) 2002-2021 Konrad-Zuse-Zentrum fuer Informationstechnik Berlin (ZIB)

External libraries: 
  SoPlex 6.0.0         Linear Programming Solver developed at Zuse Institute Berlin (soplex.zib.de) [GitHash: 71a5873d]
  CppAD 20180000.0     Algorithmic Differentiation of C++ algorithms developed by B. Bell (github.com/coin-or/CppAD)
  ZLIB 1.2.11          General purpose compression library by J. Gailly and M. Adler (zlib.net)
  GMP 6.2.1            GNU Multiple Precision Arithmetic Library developed by T. Granlund (gmplib.org)
  ZIMPL 3.5.1          Zuse Institute Mathematical Programming Language developed by T. Koch (zimpl.zib.de)
  AMPL/MP 4e2d45c4     AMPL .nl file reader library (github.com/ampl/mp)
  PaPILO 2.0.0         parallel presolve for integer and linear optimization (github.com/scipopt/papilo) [GitHash: 76cafc1]
  bliss 0.73p          Computing Graph Automorphism Groups by T. Junttila and P. Kaski (www.tcs.hut.fi/Software/bliss/)
  Ipopt 3.13.2         Interior Point Optimizer developed by A. Waechter et.al. (github.com/coin-or/Ipopt)

user parameter file <scip.set> not found - using default parameters

read problem <../modeles/10_234.lp>
============

original problem has 4700 variables (2340 bin, 0 int, 0 impl, 2360 cont) and 2381 constraints

solve problem
=============

presolving:
(round 1, fast)       10 del vars, 0 del conss, 0 add conss, 5000 chg bounds, 0 chg sides, 0 chg coeffs, 0 upgd conss, 0 impls, 10 clqs
(round 2, fast)       10 del vars, 0 del conss, 0 add conss, 5000 chg bounds, 0 chg sides, 2340 chg coeffs, 0 upgd conss, 0 impls, 10 clqs
   (0.1s) running MILP presolver
   (0.1s) MILP presolver (2 rounds): 0 aggregations, 0 fixings, 20 bound changes
(round 3, exhaustive) 10 del vars, 0 del conss, 0 add conss, 5020 chg bounds, 0 chg sides, 2340 chg coeffs, 30 upgd conss, 0 impls, 10 clqs
(round 4, exhaustive) 35 del vars, 0 del conss, 0 add conss, 5020 chg bounds, 0 chg sides, 2340 chg coeffs, 30 upgd conss, 7010 impls, 10 clqs
(round 5, exhaustive) 35 del vars, 0 del conss, 0 add conss, 5020 chg bounds, 0 chg sides, 2340 chg coeffs, 80 upgd conss, 7010 impls, 10 clqs
(round 6, exhaustive) 60 del vars, 0 del conss, 0 add conss, 5020 chg bounds, 0 chg sides, 2340 chg coeffs, 80 upgd conss, 11720 impls, 10 clqs
(round 7, exhaustive) 60 del vars, 0 del conss, 0 add conss, 5020 chg bounds, 0 chg sides, 2340 chg coeffs, 130 upgd conss, 11720 impls, 10 clqs
(round 8, exhaustive) 85 del vars, 0 del conss, 0 add conss, 5020 chg bounds, 0 chg sides, 2340 chg coeffs, 130 upgd conss, 15261 impls, 10 clqs
(round 9, fast)       85 del vars, 3 del conss, 0 add conss, 5020 chg bounds, 0 chg sides, 2340 chg coeffs, 130 upgd conss, 15261 impls, 10 clqs
(round 10, exhaustive) 85 del vars, 3 del conss, 0 add conss, 5020 chg bounds, 0 chg sides, 2340 chg coeffs, 167 upgd conss, 15261 impls, 10 clqs
(round 11, exhaustive) 110 del vars, 3 del conss, 0 add conss, 5020 chg bounds, 0 chg sides, 2340 chg coeffs, 167 upgd conss, 18552 impls, 10 clqs
(round 12, exhaustive) 110 del vars, 4 del conss, 0 add conss, 5020 chg bounds, 0 chg sides, 2340 chg coeffs, 206 upgd conss, 18552 impls, 10 clqs
(round 13, exhaustive) 135 del vars, 4 del conss, 0 add conss, 5020 chg bounds, 0 chg sides, 2340 chg coeffs, 206 upgd conss, 25557 impls, 10 clqs
(round 14, fast)       136 del vars, 6 del conss, 0 add conss, 5021 chg bounds, 0 chg sides, 2340 chg coeffs, 206 upgd conss, 25557 impls, 10 clqs
(round 15, exhaustive) 136 del vars, 6 del conss, 0 add conss, 5021 chg bounds, 0 chg sides, 2340 chg coeffs, 252 upgd conss, 25557 impls, 10 clqs
(round 16, exhaustive) 161 del vars, 6 del conss, 0 add conss, 5021 chg bounds, 0 chg sides, 2340 chg coeffs, 252 upgd conss, 33254 impls, 10 clqs
(round 17, fast)       161 del vars, 10 del conss, 0 add conss, 5021 chg bounds, 0 chg sides, 2340 chg coeffs, 252 upgd conss, 33254 impls, 10 clqs
(round 18, exhaustive) 161 del vars, 10 del conss, 0 add conss, 5021 chg bounds, 0 chg sides, 2340 chg coeffs, 290 upgd conss, 33254 impls, 10 clqs
(round 19, exhaustive) 186 del vars, 10 del conss, 0 add conss, 5021 chg bounds, 0 chg sides, 2340 chg coeffs, 290 upgd conss, 38386 impls, 10 clqs
(round 20, fast)       186 del vars, 14 del conss, 0 add conss, 5021 chg bounds, 0 chg sides, 2340 chg coeffs, 290 upgd conss, 38386 impls, 10 clqs
(round 21, exhaustive) 186 del vars, 14 del conss, 0 add conss, 5021 chg bounds, 0 chg sides, 2340 chg coeffs, 328 upgd conss, 38386 impls, 10 clqs
(round 22, exhaustive) 211 del vars, 14 del conss, 0 add conss, 5021 chg bounds, 0 chg sides, 2340 chg coeffs, 328 upgd conss, 42355 impls, 10 clqs
(round 23, fast)       211 del vars, 19 del conss, 0 add conss, 5021 chg bounds, 0 chg sides, 2340 chg coeffs, 328 upgd conss, 42355 impls, 10 clqs
(round 24, exhaustive) 211 del vars, 19 del conss, 0 add conss, 5021 chg bounds, 0 chg sides, 2340 chg coeffs, 363 upgd conss, 42355 impls, 10 clqs
(round 25, exhaustive) 236 del vars, 19 del conss, 0 add conss, 5021 chg bounds, 0 chg sides, 2340 chg coeffs, 363 upgd conss, 44243 impls, 10 clqs
(round 26, fast)       236 del vars, 24 del conss, 0 add conss, 5021 chg bounds, 0 chg sides, 2340 chg coeffs, 363 upgd conss, 44243 impls, 10 clqs
(round 27, exhaustive) 236 del vars, 24 del conss, 0 add conss, 5021 chg bounds, 0 chg sides, 2340 chg coeffs, 398 upgd conss, 44243 impls, 10 clqs
(round 28, exhaustive) 261 del vars, 24 del conss, 0 add conss, 5021 chg bounds, 0 chg sides, 2340 chg coeffs, 398 upgd conss, 48169 impls, 10 clqs
(round 29, fast)       263 del vars, 31 del conss, 0 add conss, 5023 chg bounds, 0 chg sides, 2340 chg coeffs, 398 upgd conss, 48169 impls, 10 clqs
(round 30, exhaustive) 263 del vars, 31 del conss, 0 add conss, 5023 chg bounds, 0 chg sides, 2340 chg coeffs, 427 upgd conss, 48169 impls, 10 clqs
(round 31, exhaustive) 288 del vars, 31 del conss, 0 add conss, 5023 chg bounds, 0 chg sides, 2340 chg coeffs, 427 upgd conss, 53921 impls, 10 clqs
(round 32, fast)       288 del vars, 38 del conss, 0 add conss, 5023 chg bounds, 0 chg sides, 2340 chg coeffs, 427 upgd conss, 53921 impls, 10 clqs
(round 33, exhaustive) 288 del vars, 38 del conss, 0 add conss, 5023 chg bounds, 0 chg sides, 2340 chg coeffs, 456 upgd conss, 53921 impls, 10 clqs
(round 34, exhaustive) 313 del vars, 38 del conss, 0 add conss, 5023 chg bounds, 0 chg sides, 2340 chg coeffs, 456 upgd conss, 59679 impls, 10 clqs
(round 35, fast)       315 del vars, 46 del conss, 0 add conss, 5025 chg bounds, 0 chg sides, 2340 chg coeffs, 456 upgd conss, 59679 impls, 10 clqs
(round 36, exhaustive) 315 del vars, 46 del conss, 0 add conss, 5025 chg bounds, 0 chg sides, 2340 chg coeffs, 482 upgd conss, 59679 impls, 10 clqs
(round 37, exhaustive) 342 del vars, 46 del conss, 0 add conss, 5025 chg bounds, 0 chg sides, 2340 chg coeffs, 482 upgd conss, 64235 impls, 10 clqs
(round 38, fast)       342 del vars, 56 del conss, 0 add conss, 5025 chg bounds, 0 chg sides, 2340 chg coeffs, 482 upgd conss, 64235 impls, 10 clqs
(round 39, exhaustive) 342 del vars, 56 del conss, 0 add conss, 5025 chg bounds, 0 chg sides, 2340 chg coeffs, 504 upgd conss, 64235 impls, 10 clqs
(round 40, exhaustive) 367 del vars, 56 del conss, 0 add conss, 5025 chg bounds, 0 chg sides, 2340 chg coeffs, 504 upgd conss, 68570 impls, 10 clqs
(round 41, fast)       369 del vars, 62 del conss, 0 add conss, 5027 chg bounds, 0 chg sides, 2340 chg coeffs, 504 upgd conss, 68570 impls, 10 clqs
(round 42, exhaustive) 369 del vars, 62 del conss, 0 add conss, 5027 chg bounds, 0 chg sides, 2340 chg coeffs, 540 upgd conss, 68570 impls, 10 clqs
(round 43, exhaustive) 394 del vars, 62 del conss, 0 add conss, 5027 chg bounds, 0 chg sides, 2340 chg coeffs, 540 upgd conss, 74283 impls, 10 clqs
(round 44, fast)       395 del vars, 69 del conss, 0 add conss, 5028 chg bounds, 0 chg sides, 2340 chg coeffs, 540 upgd conss, 74283 impls, 10 clqs
(round 45, exhaustive) 395 del vars, 69 del conss, 0 add conss, 5028 chg bounds, 0 chg sides, 2340 chg coeffs, 571 upgd conss, 74283 impls, 10 clqs
(round 46, exhaustive) 420 del vars, 69 del conss, 0 add conss, 5028 chg bounds, 0 chg sides, 2340 chg coeffs, 571 upgd conss, 76565 impls, 10 clqs
(round 47, fast)       424 del vars, 83 del conss, 0 add conss, 5032 chg bounds, 0 chg sides, 2340 chg coeffs, 571 upgd conss, 76565 impls, 10 clqs
(round 48, exhaustive) 424 del vars, 83 del conss, 0 add conss, 5032 chg bounds, 0 chg sides, 2340 chg coeffs, 587 upgd conss, 76565 impls, 10 clqs
(round 49, exhaustive) 450 del vars, 83 del conss, 0 add conss, 5032 chg bounds, 0 chg sides, 2340 chg coeffs, 587 upgd conss, 79512 impls, 10 clqs
(round 50, fast)       450 del vars, 93 del conss, 0 add conss, 5032 chg bounds, 0 chg sides, 2340 chg coeffs, 587 upgd conss, 79512 impls, 10 clqs
(round 51, exhaustive) 450 del vars, 93 del conss, 0 add conss, 5032 chg bounds, 0 chg sides, 2340 chg coeffs, 605 upgd conss, 79512 impls, 10 clqs
(round 52, exhaustive) 475 del vars, 93 del conss, 0 add conss, 5032 chg bounds, 0 chg sides, 2340 chg coeffs, 605 upgd conss, 82868 impls, 10 clqs
(round 53, fast)       479 del vars, 104 del conss, 0 add conss, 5036 chg bounds, 0 chg sides, 2340 chg coeffs, 605 upgd conss, 82868 impls, 10 clqs
(round 54, exhaustive) 479 del vars, 104 del conss, 0 add conss, 5036 chg bounds, 0 chg sides, 2340 chg coeffs, 630 upgd conss, 82868 impls, 10 clqs
(round 55, exhaustive) 504 del vars, 104 del conss, 0 add conss, 5036 chg bounds, 0 chg sides, 2340 chg coeffs, 630 upgd conss, 87111 impls, 10 clqs
(round 56, fast)       509 del vars, 115 del conss, 0 add conss, 5041 chg bounds, 0 chg sides, 2340 chg coeffs, 630 upgd conss, 87111 impls, 10 clqs
(round 57, exhaustive) 509 del vars, 115 del conss, 0 add conss, 5041 chg bounds, 0 chg sides, 2340 chg coeffs, 657 upgd conss, 87111 impls, 10 clqs
(round 58, exhaustive) 534 del vars, 115 del conss, 0 add conss, 5041 chg bounds, 0 chg sides, 2340 chg coeffs, 657 upgd conss, 90870 impls, 10 clqs
(round 59, fast)       536 del vars, 126 del conss, 0 add conss, 5043 chg bounds, 0 chg sides, 2340 chg coeffs, 657 upgd conss, 90870 impls, 10 clqs
(round 60, exhaustive) 536 del vars, 126 del conss, 0 add conss, 5043 chg bounds, 0 chg sides, 2340 chg coeffs, 673 upgd conss, 90870 impls, 10 clqs
(round 61, exhaustive) 561 del vars, 126 del conss, 0 add conss, 5043 chg bounds, 0 chg sides, 2340 chg coeffs, 673 upgd conss, 96136 impls, 10 clqs
(round 62, fast)       564 del vars, 138 del conss, 0 add conss, 5046 chg bounds, 0 chg sides, 2340 chg coeffs, 673 upgd conss, 96136 impls, 10 clqs
(round 63, exhaustive) 564 del vars, 138 del conss, 0 add conss, 5046 chg bounds, 0 chg sides, 2340 chg coeffs, 693 upgd conss, 96136 impls, 10 clqs
(round 64, exhaustive) 589 del vars, 138 del conss, 0 add conss, 5046 chg bounds, 0 chg sides, 2340 chg coeffs, 693 upgd conss, 98561 impls, 10 clqs
(round 65, fast)       590 del vars, 149 del conss, 0 add conss, 5047 chg bounds, 0 chg sides, 2340 chg coeffs, 693 upgd conss, 98561 impls, 10 clqs
(round 66, exhaustive) 590 del vars, 149 del conss, 0 add conss, 5047 chg bounds, 0 chg sides, 2340 chg coeffs, 708 upgd conss, 98561 impls, 10 clqs
(round 67, exhaustive) 615 del vars, 149 del conss, 0 add conss, 5047 chg bounds, 0 chg sides, 2340 chg coeffs, 708 upgd conss, 100959 impls, 10 clqs
(round 68, fast)       615 del vars, 162 del conss, 0 add conss, 5047 chg bounds, 0 chg sides, 2340 chg coeffs, 708 upgd conss, 100959 impls, 10 clqs
(round 69, exhaustive) 615 del vars, 162 del conss, 0 add conss, 5047 chg bounds, 0 chg sides, 2340 chg coeffs, 718 upgd conss, 100959 impls, 10 clqs
(round 70, exhaustive) 640 del vars, 162 del conss, 0 add conss, 5047 chg bounds, 0 chg sides, 2340 chg coeffs, 718 upgd conss, 106136 impls, 10 clqs
(round 71, fast)       645 del vars, 174 del conss, 0 add conss, 5052 chg bounds, 0 chg sides, 2340 chg coeffs, 718 upgd conss, 106136 impls, 10 clqs
(round 72, exhaustive) 645 del vars, 174 del conss, 0 add conss, 5052 chg bounds, 0 chg sides, 2340 chg coeffs, 742 upgd conss, 106136 impls, 10 clqs
(round 73, exhaustive) 670 del vars, 174 del conss, 0 add conss, 5052 chg bounds, 0 chg sides, 2340 chg coeffs, 742 upgd conss, 110615 impls, 10 clqs
(round 74, fast)       670 del vars, 184 del conss, 0 add conss, 5052 chg bounds, 0 chg sides, 2340 chg coeffs, 742 upgd conss, 110615 impls, 10 clqs
(round 75, exhaustive) 670 del vars, 184 del conss, 0 add conss, 5052 chg bounds, 0 chg sides, 2340 chg coeffs, 762 upgd conss, 110615 impls, 10 clqs
(round 76, exhaustive) 695 del vars, 184 del conss, 0 add conss, 5052 chg bounds, 0 chg sides, 2340 chg coeffs, 762 upgd conss, 113434 impls, 10 clqs
(round 77, fast)       695 del vars, 195 del conss, 0 add conss, 5052 chg bounds, 0 chg sides, 2340 chg coeffs, 762 upgd conss, 113434 impls, 10 clqs
(round 78, exhaustive) 695 del vars, 195 del conss, 0 add conss, 5052 chg bounds, 0 chg sides, 2340 chg coeffs, 779 upgd conss, 113434 impls, 10 clqs
   (2.5s) probing: 1000/2340 (42.7%) - 669 fixings, 0 aggregations, 114816 implications, 0 bound changes
(round 79, exhaustive) 720 del vars, 195 del conss, 0 add conss, 5052 chg bounds, 0 chg sides, 2340 chg coeffs, 779 upgd conss, 116646 impls, 10 clqs
(round 80, fast)       721 del vars, 206 del conss, 0 add conss, 5053 chg bounds, 0 chg sides, 2340 chg coeffs, 779 upgd conss, 116646 impls, 10 clqs
   (2.5s) running MILP presolver
   (2.5s) MILP presolver (8 rounds): 0 aggregations, 73 fixings, 0 bound changes
(round 81, medium)     794 del vars, 235 del conss, 0 add conss, 5053 chg bounds, 0 chg sides, 2340 chg coeffs, 779 upgd conss, 116646 impls, 10 clqs
(round 82, fast)       794 del vars, 242 del conss, 0 add conss, 5053 chg bounds, 0 chg sides, 2340 chg coeffs, 779 upgd conss, 116646 impls, 10 clqs
(round 83, exhaustive) 794 del vars, 242 del conss, 0 add conss, 5053 chg bounds, 0 chg sides, 2340 chg coeffs, 829 upgd conss, 116646 impls, 10 clqs
(round 84, exhaustive) 822 del vars, 242 del conss, 0 add conss, 5053 chg bounds, 0 chg sides, 2340 chg coeffs, 829 upgd conss, 119598 impls, 10 clqs
(round 85, fast)       822 del vars, 255 del conss, 0 add conss, 5053 chg bounds, 0 chg sides, 2340 chg coeffs, 829 upgd conss, 119598 impls, 10 clqs
(round 86, exhaustive) 822 del vars, 255 del conss, 0 add conss, 5053 chg bounds, 0 chg sides, 2340 chg coeffs, 846 upgd conss, 119598 impls, 10 clqs
(round 87, exhaustive) 847 del vars, 255 del conss, 0 add conss, 5053 chg bounds, 0 chg sides, 2340 chg coeffs, 846 upgd conss, 122923 impls, 10 clqs
(round 88, fast)       847 del vars, 267 del conss, 0 add conss, 5053 chg bounds, 0 chg sides, 2340 chg coeffs, 846 upgd conss, 122923 impls, 10 clqs
(round 89, exhaustive) 847 del vars, 267 del conss, 0 add conss, 5053 chg bounds, 0 chg sides, 2340 chg coeffs, 860 upgd conss, 122923 impls, 10 clqs
(round 90, exhaustive) 872 del vars, 267 del conss, 0 add conss, 5053 chg bounds, 0 chg sides, 2340 chg coeffs, 860 upgd conss, 127439 impls, 10 clqs
(round 91, fast)       873 del vars, 278 del conss, 0 add conss, 5054 chg bounds, 0 chg sides, 2340 chg coeffs, 860 upgd conss, 127439 impls, 10 clqs
(round 92, exhaustive) 873 del vars, 278 del conss, 0 add conss, 5054 chg bounds, 0 chg sides, 2340 chg coeffs, 879 upgd conss, 127439 impls, 10 clqs
(round 93, exhaustive) 899 del vars, 278 del conss, 0 add conss, 5054 chg bounds, 0 chg sides, 2340 chg coeffs, 879 upgd conss, 129103 impls, 10 clqs
(round 94, fast)       899 del vars, 289 del conss, 0 add conss, 5054 chg bounds, 0 chg sides, 2340 chg coeffs, 879 upgd conss, 129103 impls, 10 clqs
(round 95, exhaustive) 899 del vars, 289 del conss, 0 add conss, 5054 chg bounds, 0 chg sides, 2340 chg coeffs, 897 upgd conss, 129103 impls, 10 clqs
(round 96, exhaustive) 924 del vars, 289 del conss, 0 add conss, 5054 chg bounds, 0 chg sides, 2340 chg coeffs, 897 upgd conss, 132167 impls, 10 clqs
(round 97, fast)       924 del vars, 302 del conss, 0 add conss, 5054 chg bounds, 0 chg sides, 2340 chg coeffs, 897 upgd conss, 132167 impls, 10 clqs
(round 98, exhaustive) 924 del vars, 302 del conss, 0 add conss, 5054 chg bounds, 0 chg sides, 2340 chg coeffs, 908 upgd conss, 132167 impls, 10 clqs
(round 99, exhaustive) 950 del vars, 302 del conss, 0 add conss, 5054 chg bounds, 0 chg sides, 2340 chg coeffs, 908 upgd conss, 136018 impls, 10 clqs
(round 100, fast)       950 del vars, 316 del conss, 0 add conss, 5054 chg bounds, 0 chg sides, 2340 chg coeffs, 908 upgd conss, 136018 impls, 10 clqs
(round 101, exhaustive) 950 del vars, 316 del conss, 0 add conss, 5054 chg bounds, 0 chg sides, 2340 chg coeffs, 918 upgd conss, 136018 impls, 10 clqs
(round 102, exhaustive) 975 del vars, 316 del conss, 0 add conss, 5054 chg bounds, 0 chg sides, 2340 chg coeffs, 918 upgd conss, 138627 impls, 10 clqs
(round 103, fast)       977 del vars, 330 del conss, 0 add conss, 5056 chg bounds, 0 chg sides, 2340 chg coeffs, 918 upgd conss, 138627 impls, 10 clqs
(round 104, exhaustive) 977 del vars, 330 del conss, 0 add conss, 5056 chg bounds, 0 chg sides, 2340 chg coeffs, 930 upgd conss, 138627 impls, 10 clqs
(round 105, exhaustive) 1002 del vars, 330 del conss, 0 add conss, 5056 chg bounds, 0 chg sides, 2340 chg coeffs, 930 upgd conss, 140601 impls, 10 clqs
(round 106, fast)       1003 del vars, 343 del conss, 0 add conss, 5057 chg bounds, 0 chg sides, 2340 chg coeffs, 930 upgd conss, 140601 impls, 10 clqs
(round 107, exhaustive) 1003 del vars, 343 del conss, 0 add conss, 5057 chg bounds, 0 chg sides, 2340 chg coeffs, 943 upgd conss, 140601 impls, 10 clqs
(round 108, exhaustive) 1028 del vars, 343 del conss, 0 add conss, 5057 chg bounds, 0 chg sides, 2340 chg coeffs, 943 upgd conss, 142968 impls, 10 clqs
(round 109, fast)       1031 del vars, 355 del conss, 0 add conss, 5060 chg bounds, 0 chg sides, 2340 chg coeffs, 943 upgd conss, 142968 impls, 10 clqs
(round 110, exhaustive) 1031 del vars, 355 del conss, 0 add conss, 5060 chg bounds, 0 chg sides, 2340 chg coeffs, 959 upgd conss, 142968 impls, 10 clqs
(round 111, exhaustive) 1056 del vars, 355 del conss, 0 add conss, 5060 chg bounds, 0 chg sides, 2340 chg coeffs, 959 upgd conss, 145736 impls, 10 clqs
(round 112, fast)       1058 del vars, 370 del conss, 0 add conss, 5062 chg bounds, 0 chg sides, 2340 chg coeffs, 959 upgd conss, 145736 impls, 10 clqs
(round 113, exhaustive) 1058 del vars, 370 del conss, 0 add conss, 5062 chg bounds, 0 chg sides, 2340 chg coeffs, 968 upgd conss, 145736 impls, 10 clqs
(round 114, exhaustive) 1083 del vars, 370 del conss, 0 add conss, 5062 chg bounds, 0 chg sides, 2340 chg coeffs, 968 upgd conss, 146723 impls, 10 clqs
(round 115, fast)       1086 del vars, 387 del conss, 0 add conss, 5065 chg bounds, 0 chg sides, 2340 chg coeffs, 968 upgd conss, 146723 impls, 10 clqs
(round 116, exhaustive) 1086 del vars, 387 del conss, 0 add conss, 5065 chg bounds, 0 chg sides, 2340 chg coeffs, 973 upgd conss, 146723 impls, 10 clqs
(round 117, exhaustive) 1113 del vars, 387 del conss, 0 add conss, 5065 chg bounds, 0 chg sides, 2340 chg coeffs, 973 upgd conss, 148660 impls, 10 clqs
(round 118, fast)       1113 del vars, 401 del conss, 0 add conss, 5065 chg bounds, 0 chg sides, 2340 chg coeffs, 973 upgd conss, 148660 impls, 10 clqs
(round 119, exhaustive) 1113 del vars, 401 del conss, 0 add conss, 5065 chg bounds, 0 chg sides, 2340 chg coeffs, 985 upgd conss, 148660 impls, 10 clqs
(round 120, exhaustive) 1138 del vars, 401 del conss, 0 add conss, 5065 chg bounds, 0 chg sides, 2340 chg coeffs, 985 upgd conss, 152115 impls, 10 clqs
(round 121, fast)       1138 del vars, 415 del conss, 0 add conss, 5065 chg bounds, 0 chg sides, 2340 chg coeffs, 985 upgd conss, 152115 impls, 10 clqs
(round 122, exhaustive) 1138 del vars, 415 del conss, 0 add conss, 5065 chg bounds, 0 chg sides, 2340 chg coeffs, 993 upgd conss, 152115 impls, 10 clqs
(round 123, exhaustive) 1163 del vars, 415 del conss, 0 add conss, 5065 chg bounds, 0 chg sides, 2340 chg coeffs, 993 upgd conss, 152894 impls, 10 clqs
(round 124, fast)       1164 del vars, 431 del conss, 0 add conss, 5066 chg bounds, 0 chg sides, 2340 chg coeffs, 993 upgd conss, 152894 impls, 10 clqs
(round 125, exhaustive) 1164 del vars, 431 del conss, 0 add conss, 5066 chg bounds, 0 chg sides, 2340 chg coeffs, 997 upgd conss, 152894 impls, 10 clqs
(round 126, exhaustive) 1189 del vars, 431 del conss, 0 add conss, 5066 chg bounds, 0 chg sides, 2340 chg coeffs, 997 upgd conss, 156818 impls, 10 clqs
(round 127, fast)       1191 del vars, 446 del conss, 0 add conss, 5068 chg bounds, 0 chg sides, 2340 chg coeffs, 997 upgd conss, 156818 impls, 10 clqs
(round 128, exhaustive) 1191 del vars, 446 del conss, 0 add conss, 5068 chg bounds, 0 chg sides, 2340 chg coeffs, 1006 upgd conss, 156818 impls, 10 clqs
(round 129, exhaustive) 1216 del vars, 446 del conss, 0 add conss, 5068 chg bounds, 0 chg sides, 2340 chg coeffs, 1006 upgd conss, 157756 impls, 10 clqs
(round 130, fast)       1217 del vars, 460 del conss, 0 add conss, 5069 chg bounds, 0 chg sides, 2340 chg coeffs, 1006 upgd conss, 157756 impls, 10 clqs
(round 131, exhaustive) 1217 del vars, 460 del conss, 0 add conss, 5069 chg bounds, 0 chg sides, 2340 chg coeffs, 1016 upgd conss, 157756 impls, 10 clqs
(round 132, exhaustive) 1246 del vars, 460 del conss, 0 add conss, 5069 chg bounds, 0 chg sides, 2340 chg coeffs, 1016 upgd conss, 159049 impls, 10 clqs
(round 133, fast)       1246 del vars, 477 del conss, 0 add conss, 5069 chg bounds, 0 chg sides, 2340 chg coeffs, 1016 upgd conss, 159049 impls, 10 clqs
(round 134, exhaustive) 1246 del vars, 477 del conss, 0 add conss, 5069 chg bounds, 0 chg sides, 2340 chg coeffs, 1023 upgd conss, 159049 impls, 10 clqs
(round 135, exhaustive) 1272 del vars, 477 del conss, 0 add conss, 5069 chg bounds, 0 chg sides, 2340 chg coeffs, 1023 upgd conss, 161070 impls, 10 clqs
(round 136, fast)       1272 del vars, 490 del conss, 0 add conss, 5069 chg bounds, 0 chg sides, 2340 chg coeffs, 1023 upgd conss, 161070 impls, 10 clqs
(round 137, exhaustive) 1272 del vars, 490 del conss, 0 add conss, 5069 chg bounds, 0 chg sides, 2340 chg coeffs, 1036 upgd conss, 161070 impls, 10 clqs
(round 138, exhaustive) 1301 del vars, 490 del conss, 0 add conss, 5069 chg bounds, 0 chg sides, 2340 chg coeffs, 1036 upgd conss, 165286 impls, 10 clqs
(round 139, fast)       1301 del vars, 507 del conss, 0 add conss, 5069 chg bounds, 0 chg sides, 2340 chg coeffs, 1036 upgd conss, 165286 impls, 10 clqs
(round 140, exhaustive) 1301 del vars, 507 del conss, 0 add conss, 5069 chg bounds, 0 chg sides, 2340 chg coeffs, 1043 upgd conss, 165286 impls, 10 clqs
(round 141, exhaustive) 1327 del vars, 507 del conss, 0 add conss, 5069 chg bounds, 0 chg sides, 2340 chg coeffs, 1043 upgd conss, 166734 impls, 10 clqs
(round 142, fast)       1327 del vars, 523 del conss, 0 add conss, 5069 chg bounds, 0 chg sides, 2340 chg coeffs, 1043 upgd conss, 166734 impls, 10 clqs
(round 143, exhaustive) 1327 del vars, 523 del conss, 0 add conss, 5069 chg bounds, 0 chg sides, 2340 chg coeffs, 1047 upgd conss, 166734 impls, 10 clqs
(round 144, exhaustive) 1352 del vars, 523 del conss, 0 add conss, 5069 chg bounds, 0 chg sides, 2340 chg coeffs, 1047 upgd conss, 170651 impls, 10 clqs
(round 145, fast)       1352 del vars, 538 del conss, 0 add conss, 5069 chg bounds, 0 chg sides, 2340 chg coeffs, 1047 upgd conss, 170651 impls, 10 clqs
(round 146, exhaustive) 1352 del vars, 538 del conss, 0 add conss, 5069 chg bounds, 0 chg sides, 2340 chg coeffs, 1052 upgd conss, 170651 impls, 10 clqs
(round 147, exhaustive) 1384 del vars, 538 del conss, 0 add conss, 5069 chg bounds, 0 chg sides, 2340 chg coeffs, 1052 upgd conss, 171363 impls, 10 clqs
(round 148, fast)       1384 del vars, 557 del conss, 0 add conss, 5069 chg bounds, 0 chg sides, 2340 chg coeffs, 1052 upgd conss, 171363 impls, 10 clqs
   (3.8s) running MILP presolver
   (3.9s) MILP presolver (14 rounds): 0 aggregations, 152 fixings, 0 bound changes
(round 149, medium)     1536 del vars, 632 del conss, 0 add conss, 5069 chg bounds, 0 chg sides, 2340 chg coeffs, 1052 upgd conss, 171363 impls, 10 clqs
(round 150, fast)       1536 del vars, 646 del conss, 0 add conss, 5069 chg bounds, 0 chg sides, 2340 chg coeffs, 1052 upgd conss, 171363 impls, 10 clqs
(round 151, exhaustive) 1536 del vars, 646 del conss, 0 add conss, 5069 chg bounds, 0 chg sides, 2340 chg coeffs, 1082 upgd conss, 171363 impls, 10 clqs
(round 152, exhaustive) 1561 del vars, 646 del conss, 0 add conss, 5069 chg bounds, 0 chg sides, 2340 chg coeffs, 1082 upgd conss, 174920 impls, 10 clqs
(round 153, fast)       1561 del vars, 662 del conss, 0 add conss, 5069 chg bounds, 0 chg sides, 2340 chg coeffs, 1082 upgd conss, 174920 impls, 10 clqs
(round 154, exhaustive) 1561 del vars, 662 del conss, 0 add conss, 5069 chg bounds, 0 chg sides, 2340 chg coeffs, 1084 upgd conss, 174920 impls, 10 clqs
(round 155, exhaustive) 1587 del vars, 662 del conss, 0 add conss, 5069 chg bounds, 0 chg sides, 2340 chg coeffs, 1084 upgd conss, 177083 impls, 10 clqs
(round 156, fast)       1587 del vars, 678 del conss, 0 add conss, 5069 chg bounds, 0 chg sides, 2340 chg coeffs, 1084 upgd conss, 177083 impls, 10 clqs
(round 157, exhaustive) 1587 del vars, 678 del conss, 0 add conss, 5069 chg bounds, 0 chg sides, 2340 chg coeffs, 1088 upgd conss, 177083 impls, 10 clqs
(round 158, exhaustive) 1612 del vars, 678 del conss, 0 add conss, 5069 chg bounds, 0 chg sides, 2340 chg coeffs, 1088 upgd conss, 179205 impls, 10 clqs
(round 159, fast)       1612 del vars, 691 del conss, 0 add conss, 5069 chg bounds, 0 chg sides, 2340 chg coeffs, 1088 upgd conss, 179205 impls, 10 clqs
(round 160, exhaustive) 1612 del vars, 691 del conss, 0 add conss, 5069 chg bounds, 0 chg sides, 2340 chg coeffs, 1099 upgd conss, 179205 impls, 10 clqs
(round 161, exhaustive) 1643 del vars, 691 del conss, 0 add conss, 5069 chg bounds, 0 chg sides, 2340 chg coeffs, 1099 upgd conss, 180169 impls, 10 clqs
(round 162, fast)       1643 del vars, 710 del conss, 0 add conss, 5069 chg bounds, 0 chg sides, 2340 chg coeffs, 1099 upgd conss, 180169 impls, 10 clqs
(round 163, exhaustive) 1643 del vars, 710 del conss, 0 add conss, 5069 chg bounds, 0 chg sides, 2340 chg coeffs, 1104 upgd conss, 180169 impls, 10 clqs
(round 164, exhaustive) 1669 del vars, 710 del conss, 0 add conss, 5069 chg bounds, 0 chg sides, 2340 chg coeffs, 1104 upgd conss, 181638 impls, 10 clqs
(round 165, fast)       1669 del vars, 726 del conss, 0 add conss, 5069 chg bounds, 0 chg sides, 2340 chg coeffs, 1104 upgd conss, 181638 impls, 10 clqs
(round 166, exhaustive) 1669 del vars, 726 del conss, 0 add conss, 5069 chg bounds, 0 chg sides, 2340 chg coeffs, 1108 upgd conss, 181638 impls, 10 clqs
(round 167, exhaustive) 1695 del vars, 726 del conss, 0 add conss, 5069 chg bounds, 0 chg sides, 2340 chg coeffs, 1108 upgd conss, 182612 impls, 10 clqs
(round 168, fast)       1695 del vars, 742 del conss, 0 add conss, 5069 chg bounds, 0 chg sides, 2340 chg coeffs, 1108 upgd conss, 182612 impls, 10 clqs
(round 169, exhaustive) 1695 del vars, 742 del conss, 0 add conss, 5069 chg bounds, 0 chg sides, 2340 chg coeffs, 1112 upgd conss, 182612 impls, 10 clqs
(round 170, exhaustive) 1720 del vars, 742 del conss, 0 add conss, 5069 chg bounds, 0 chg sides, 2340 chg coeffs, 1112 upgd conss, 186237 impls, 10 clqs
(round 171, fast)       1722 del vars, 758 del conss, 0 add conss, 5071 chg bounds, 0 chg sides, 2340 chg coeffs, 1112 upgd conss, 186237 impls, 10 clqs
(round 172, exhaustive) 1722 del vars, 758 del conss, 0 add conss, 5071 chg bounds, 0 chg sides, 2340 chg coeffs, 1118 upgd conss, 186237 impls, 10 clqs
(round 173, exhaustive) 1747 del vars, 758 del conss, 0 add conss, 5071 chg bounds, 0 chg sides, 2340 chg coeffs, 1118 upgd conss, 188279 impls, 10 clqs
(round 174, fast)       1751 del vars, 777 del conss, 0 add conss, 5075 chg bounds, 0 chg sides, 2340 chg coeffs, 1118 upgd conss, 188279 impls, 10 clqs
(round 175, exhaustive) 1776 del vars, 777 del conss, 0 add conss, 5075 chg bounds, 0 chg sides, 2340 chg coeffs, 1119 upgd conss, 189799 impls, 10 clqs
(round 176, fast)       1778 del vars, 794 del conss, 0 add conss, 5077 chg bounds, 0 chg sides, 2340 chg coeffs, 1119 upgd conss, 189800 impls, 10 clqs
(round 177, exhaustive) 1778 del vars, 794 del conss, 0 add conss, 5077 chg bounds, 0 chg sides, 2340 chg coeffs, 1122 upgd conss, 189800 impls, 10 clqs
(round 178, exhaustive) 1803 del vars, 794 del conss, 0 add conss, 5077 chg bounds, 0 chg sides, 2340 chg coeffs, 1122 upgd conss, 191164 impls, 10 clqs
(round 179, fast)       1810 del vars, 814 del conss, 0 add conss, 5084 chg bounds, 0 chg sides, 2340 chg coeffs, 1122 upgd conss, 191164 impls, 10 clqs
(round 180, exhaustive) 1810 del vars, 814 del conss, 0 add conss, 5084 chg bounds, 0 chg sides, 2340 chg coeffs, 1126 upgd conss, 191164 impls, 10 clqs
(round 181, exhaustive) 1836 del vars, 814 del conss, 0 add conss, 5084 chg bounds, 0 chg sides, 2340 chg coeffs, 1126 upgd conss, 192809 impls, 10 clqs
(round 182, fast)       1836 del vars, 830 del conss, 0 add conss, 5084 chg bounds, 0 chg sides, 2340 chg coeffs, 1126 upgd conss, 192809 impls, 10 clqs
(round 183, exhaustive) 1836 del vars, 830 del conss, 0 add conss, 5084 chg bounds, 0 chg sides, 2340 chg coeffs, 1130 upgd conss, 192809 impls, 10 clqs
(round 184, exhaustive) 1861 del vars, 830 del conss, 0 add conss, 5084 chg bounds, 0 chg sides, 2340 chg coeffs, 1130 upgd conss, 193406 impls, 10 clqs
(round 185, fast)       1863 del vars, 848 del conss, 0 add conss, 5086 chg bounds, 0 chg sides, 2340 chg coeffs, 1130 upgd conss, 193406 impls, 10 clqs
(round 186, exhaustive) 1889 del vars, 848 del conss, 0 add conss, 5086 chg bounds, 0 chg sides, 2340 chg coeffs, 1130 upgd conss, 195736 impls, 10 clqs
(round 187, fast)       1889 del vars, 865 del conss, 0 add conss, 5086 chg bounds, 0 chg sides, 2340 chg coeffs, 1130 upgd conss, 195736 impls, 10 clqs
(round 188, exhaustive) 1914 del vars, 865 del conss, 0 add conss, 5086 chg bounds, 0 chg sides, 2340 chg coeffs, 1131 upgd conss, 197106 impls, 10 clqs
(round 189, fast)       1916 del vars, 883 del conss, 0 add conss, 5088 chg bounds, 0 chg sides, 2340 chg coeffs, 1131 upgd conss, 197107 impls, 10 clqs
(round 190, exhaustive) 1943 del vars, 883 del conss, 0 add conss, 5088 chg bounds, 0 chg sides, 2340 chg coeffs, 1131 upgd conss, 198707 impls, 10 clqs
(round 191, fast)       1943 del vars, 899 del conss, 0 add conss, 5088 chg bounds, 0 chg sides, 2340 chg coeffs, 1131 upgd conss, 198707 impls, 10 clqs
(round 192, exhaustive) 1943 del vars, 899 del conss, 0 add conss, 5088 chg bounds, 0 chg sides, 2340 chg coeffs, 1137 upgd conss, 198707 impls, 10 clqs
(round 193, exhaustive) 1968 del vars, 899 del conss, 0 add conss, 5088 chg bounds, 0 chg sides, 2340 chg coeffs, 1137 upgd conss, 200495 impls, 10 clqs
(round 194, fast)       1968 del vars, 915 del conss, 0 add conss, 5088 chg bounds, 0 chg sides, 2340 chg coeffs, 1137 upgd conss, 200495 impls, 10 clqs
   (4.6s) running MILP presolver
   (4.6s) MILP presolver found nothing
(round 195, exhaustive) 1968 del vars, 915 del conss, 0 add conss, 5088 chg bounds, 0 chg sides, 2340 chg coeffs, 1139 upgd conss, 200495 impls, 10 clqs
(round 196, exhaustive) 1995 del vars, 915 del conss, 0 add conss, 5088 chg bounds, 0 chg sides, 2340 chg coeffs, 1139 upgd conss, 201754 impls, 10 clqs
(round 197, fast)       1995 del vars, 932 del conss, 0 add conss, 5088 chg bounds, 0 chg sides, 2340 chg coeffs, 1139 upgd conss, 201754 impls, 10 clqs
(round 198, exhaustive) 1995 del vars, 932 del conss, 0 add conss, 5088 chg bounds, 0 chg sides, 2340 chg coeffs, 1142 upgd conss, 201754 impls, 10 clqs
(round 199, exhaustive) 2020 del vars, 932 del conss, 0 add conss, 5088 chg bounds, 0 chg sides, 2340 chg coeffs, 1142 upgd conss, 204909 impls, 10 clqs
(round 200, fast)       2022 del vars, 950 del conss, 0 add conss, 5090 chg bounds, 0 chg sides, 2340 chg coeffs, 1142 upgd conss, 204909 impls, 10 clqs
   (4.7s) probing: 2000/2340 (85.5%) - 1741 fixings, 0 aggregations, 206240 implications, 0 bound changes
(round 201, exhaustive) 2047 del vars, 950 del conss, 0 add conss, 5090 chg bounds, 0 chg sides, 2340 chg coeffs, 1142 upgd conss, 207898 impls, 10 clqs
(round 202, fast)       2049 del vars, 967 del conss, 0 add conss, 5092 chg bounds, 0 chg sides, 2340 chg coeffs, 1142 upgd conss, 207898 impls, 10 clqs
(round 203, exhaustive) 2049 del vars, 967 del conss, 0 add conss, 5092 chg bounds, 0 chg sides, 2340 chg coeffs, 1145 upgd conss, 207898 impls, 10 clqs
(round 204, exhaustive) 2074 del vars, 967 del conss, 0 add conss, 5092 chg bounds, 0 chg sides, 2340 chg coeffs, 1145 upgd conss, 210871 impls, 10 clqs
(round 205, fast)       2078 del vars, 985 del conss, 0 add conss, 5096 chg bounds, 0 chg sides, 2340 chg coeffs, 1145 upgd conss, 210871 impls, 10 clqs
(round 206, exhaustive) 2078 del vars, 985 del conss, 0 add conss, 5096 chg bounds, 0 chg sides, 2340 chg coeffs, 1148 upgd conss, 210871 impls, 10 clqs
(round 207, exhaustive) 2104 del vars, 985 del conss, 0 add conss, 5096 chg bounds, 0 chg sides, 2340 chg coeffs, 1148 upgd conss, 212089 impls, 10 clqs
(round 208, fast)       2104 del vars, 1002 del conss, 0 add conss, 5096 chg bounds, 0 chg sides, 2340 chg coeffs, 1148 upgd conss, 212089 impls, 10 clqs
(round 209, exhaustive) 2129 del vars, 1002 del conss, 0 add conss, 5096 chg bounds, 0 chg sides, 2340 chg coeffs, 1149 upgd conss, 213926 impls, 10 clqs
(round 210, fast)       2131 del vars, 1020 del conss, 0 add conss, 5098 chg bounds, 0 chg sides, 2340 chg coeffs, 1149 upgd conss, 213927 impls, 10 clqs
(round 211, exhaustive) 2157 del vars, 1020 del conss, 0 add conss, 5098 chg bounds, 0 chg sides, 2340 chg coeffs, 1149 upgd conss, 216384 impls, 10 clqs
(round 212, fast)       2157 del vars, 1037 del conss, 0 add conss, 5098 chg bounds, 0 chg sides, 2340 chg coeffs, 1149 upgd conss, 216384 impls, 10 clqs
(round 213, exhaustive) 2183 del vars, 1037 del conss, 0 add conss, 5098 chg bounds, 0 chg sides, 2340 chg coeffs, 1150 upgd conss, 218318 impls, 10 clqs
(round 214, fast)       2183 del vars, 1054 del conss, 0 add conss, 5098 chg bounds, 0 chg sides, 2340 chg coeffs, 1150 upgd conss, 218319 impls, 10 clqs
(round 215, exhaustive) 2209 del vars, 1054 del conss, 0 add conss, 5098 chg bounds, 0 chg sides, 2340 chg coeffs, 1150 upgd conss, 219700 impls, 10 clqs
(round 216, fast)       2209 del vars, 1071 del conss, 0 add conss, 5098 chg bounds, 0 chg sides, 2340 chg coeffs, 1150 upgd conss, 219700 impls, 10 clqs
(round 217, exhaustive) 2235 del vars, 1071 del conss, 0 add conss, 5098 chg bounds, 0 chg sides, 2340 chg coeffs, 1151 upgd conss, 221195 impls, 10 clqs
(round 218, fast)       2235 del vars, 1088 del conss, 0 add conss, 5098 chg bounds, 0 chg sides, 2340 chg coeffs, 1151 upgd conss, 221196 impls, 10 clqs
(round 219, exhaustive) 2260 del vars, 1088 del conss, 0 add conss, 5098 chg bounds, 0 chg sides, 2340 chg coeffs, 1152 upgd conss, 222656 impls, 10 clqs
(round 220, fast)       2262 del vars, 1106 del conss, 0 add conss, 5100 chg bounds, 0 chg sides, 2340 chg coeffs, 1152 upgd conss, 222657 impls, 10 clqs
(round 221, exhaustive) 2292 del vars, 1106 del conss, 0 add conss, 5100 chg bounds, 0 chg sides, 2340 chg coeffs, 1152 upgd conss, 224488 impls, 10 clqs
(round 222, fast)       2292 del vars, 1126 del conss, 0 add conss, 5100 chg bounds, 0 chg sides, 2340 chg coeffs, 1152 upgd conss, 224488 impls, 10 clqs
(round 223, exhaustive) 2318 del vars, 1126 del conss, 0 add conss, 5100 chg bounds, 0 chg sides, 2340 chg coeffs, 1152 upgd conss, 225559 impls, 10 clqs
(round 224, fast)       2318 del vars, 1142 del conss, 0 add conss, 5100 chg bounds, 0 chg sides, 2340 chg coeffs, 1152 upgd conss, 225559 impls, 10 clqs
   (5.0s) running MILP presolver
   (5.0s) MILP presolver found nothing
   (5.0s) probing cycle finished: starting next cycle
   (5.0s) probing: 52/1180 (4.4%) - 2015 fixings, 0 aggregations, 225122 implications, 0 bound changes
   (5.0s) probing aborted: 50/50 successive totally useless probings
(round 225, exhaustive) 2330 del vars, 1142 del conss, 0 add conss, 5100 chg bounds, 0 chg sides, 2340 chg coeffs, 1152 upgd conss, 226263 impls, 10 clqs
(round 226, fast)       2330 del vars, 1150 del conss, 0 add conss, 5100 chg bounds, 0 chg sides, 2340 chg coeffs, 1152 upgd conss, 226263 impls, 10 clqs
   (5.0s) probing: 57/1180 (4.8%) - 2015 fixings, 0 aggregations, 225122 implications, 0 bound changes
   (5.0s) probing aborted: 50/50 successive totally useless probings
   (5.0s) symmetry computation started: requiring (bin +, int -, cont +), (fixed: bin -, int +, cont -)
   (5.0s) symmetry computation finished: 9 generators found (max: 1500, log10 of symmetry group size: 6.6)
(round 227, exhaustive) 2330 del vars, 1150 del conss, 1 add conss, 5100 chg bounds, 0 chg sides, 2340 chg coeffs, 1152 upgd conss, 226263 impls, 10 clqs
presolving (228 rounds: 228 fast, 148 medium, 146 exhaustive):
 2330 deleted vars, 1150 deleted constraints, 1 added constraints, 5100 tightened bounds, 0 added holes, 0 changed sides, 2340 changed coefficients
 226263 implications, 10 cliques
presolved problem has 2370 variables (1180 bin, 0 int, 0 impl, 1190 cont) and 1222 constraints
     20 constraints of type <varbound>
     10 constraints of type <setppc>
   1191 constraints of type <linear>
      1 constraints of type <orbitope>
Presolving Time: 5.03

 time | node  | left  |LP iter|LP it/n|mem/heur|mdpt |vars |cons |rows |cuts |sepa|confs|strbr|  dualbound   | primalbound  |  gap   | compl. 
  5.1s|     1 |     0 |   393 |     - |   101M |   0 |2370 |1223 |1221 |   0 |  0 |   0 |   0 |-3.161123e+00 |      --      |    Inf | unknown
r 5.1s|     1 |     0 |   393 |     - |rounding|   0 |2370 |1223 |1221 |   0 |  0 |   0 |   0 |-3.161123e+00 |-3.161123e+00 |   0.00%| unknown
  5.1s|     1 |     0 |   393 |     - |   101M |   0 |2370 |1223 |1221 |   0 |  0 |   0 |   0 |-3.161123e+00 |-3.161123e+00 |   0.00%| unknown

SCIP Status        : problem is solved [optimal solution found]
Solving Time (sec) : 5.11
Solving Nodes      : 1
Primal Bound       : -3.16112266112266e+00 (1 solutions)
Dual Bound         : -3.16112266112266e+00
Gap                : 0.00 %

primal solution (original space):
=================================

objective value:                    -3.16112266112266
y_8,98_                                             1 	(obj:0)
y_10,98_                                            1 	(obj:0)
y_1,99_                                             1 	(obj:0)
y_2,99_                                             1 	(obj:0)
y_3,99_                                             1 	(obj:0)
y_4,99_                                             1 	(obj:0)
y_5,99_                                             1 	(obj:0)
y_6,99_                                             1 	(obj:0)
y_7,99_                                             1 	(obj:0)
y_9,99_                                             1 	(obj:0)
x_5_                               -0.307692307692308 	(obj:1)
t_6,100_                                            1 	(obj:0)
t_3,99_                                           0.5 	(obj:0)
t_5,100_                                            1 	(obj:0)
x_6_                               -0.307692307692308 	(obj:1)
t_2,99_                                           0.5 	(obj:0)
t_7,99_                             0.925675675675747 	(obj:0)
t_7,100_                            0.074324324324253 	(obj:0)
t_4,100_                                          0.5 	(obj:0)
x_7_                               -0.323515823515825 	(obj:1)
t_1,99_                                           0.5 	(obj:0)
x_1_                               -0.316239316239316 	(obj:1)
t_8,99_                                             1 	(obj:0)
t_3,100_                                          0.5 	(obj:0)
x_8_                               -0.324786324786325 	(obj:1)
x_10_                              -0.324786324786325 	(obj:1)
t_2,100_                                          0.5 	(obj:0)
t_9,100_                                            1 	(obj:0)
x_4_                               -0.316239316239316 	(obj:1)
x_2_                               -0.316239316239316 	(obj:1)
t_4,99_                                           0.5 	(obj:0)
x_9_                               -0.307692307692308 	(obj:1)
t_1,100_                                          0.5 	(obj:0)
t_10,99_                                            1 	(obj:0)
x_3_                               -0.316239316239316 	(obj:1)

Statistics
==========

SCIP Status        : problem is solved [optimal solution found]
Total Time         :       5.12
  solving          :       5.11
  presolving       :       5.03 (included in solving)
  reading          :       0.02
  copying          :       0.00 (0 times copied the problem)
Original Problem   :
  Problem name     : ../modeles/10_234.lp
  Variables        : 4700 (2340 binary, 0 integer, 0 implicit integer, 2360 continuous)
  Constraints      : 2381 initial, 2381 maximal
  Objective        : minimize, 10 non-zeros (abs.min = 1, abs.max = 1)
Presolved Problem  :
  Problem name     : t_../modeles/10_234.lp
  Variables        : 2370 (1180 binary, 0 integer, 0 implicit integer, 1190 continuous)
  Constraints      : 1222 initial, 1223 maximal
  Objective        : minimize, 1180 non-zeros (abs.min = 0.017094, abs.max = 1.00855)
  Nonzeros         : 9460 constraint, 1180 clique table
Presolvers         :   ExecTime  SetupTime  Calls  FixedVars   AggrVars   ChgTypes  ChgBounds   AddHoles    DelCons    AddCons   ChgSides   ChgCoefs
  boundshift       :       0.00       0.00      0          0          0          0          0          0          0          0          0          0
  convertinttobin  :       0.00       0.00      0          0          0          0          0          0          0          0          0          0
  domcol           :       0.58       0.00     81          0          0          0          0          0          0          0          0          0
  dualagg          :       0.00       0.00      0          0          0          0          0          0          0          0          0          0
  dualcomp         :       0.15       0.00     81          0          0          0          0          0          0          0          0          0
  dualinfer        :       0.00       0.00      0          0          0          0          0          0          0          0          0          0
  dualsparsify     :       0.00       0.00      1          0          0          0          0          0          0          0          0          0
  gateextraction   :       0.00       0.00      0          0          0          0          0          0          0          0          0          0
  implics          :       0.01       0.00    148          0          0          0          0          0          0          0          0          0
  inttobinary      :       0.00       0.00      0          0          0          0          0          0          0          0          0          0
  milp             :       0.24       0.00      5        225          0          0         20          0          0          0          0          0
  qpkktref         :       0.00       0.00      0          0          0          0          0          0          0          0          0          0
  redvub           :       0.00       0.00      0          0          0          0          0          0          0          0          0          0
  sparsify         :       0.18       0.00      9          0          0          0          0          0          0          0          0          0
  stuffing         :       0.00       0.00      0          0          0          0          0          0          0          0          0          0
  trivial          :       0.02       0.00    228          0          0          0          0          0          0          0          0          0
  tworowbnd        :       0.00       0.00      0          0          0          0          0          0          0          0          0          0
  dualfix          :       0.02       0.00    228          0          0          0          0          0          0          0          0          0
  genvbounds       :       0.00       0.00      0          0          0          0          0          0          0          0          0          0
  probing          :       3.08       0.00     80       2015          0          0          0          0          0          0          0          0
  pseudoobj        :       0.00       0.00      0          0          0          0          0          0          0          0          0          0
  symmetry         :       0.02       0.00      1          0          0          0          0          0          0          1          0          0
  vbounds          :       0.00       0.00      1          0          0          0          0          0          0          0          0          0
  varbound         :       0.03       0.00    372          0          0          0         78          0       1122          0          0          0
  setppc           :       0.03       0.00    517          0          0          0          0          0          0          0          0          0
  linear           :       0.63       0.00    374         80         10          0       5002          0         28          0          0       2340
  orbitope         :       0.00       0.00      1          0          0          0          0          0          0          0          0          0
  logicor          :       0.00       0.00      0          0          0          0          0          0          0          0          0          0
  benders          :       0.00       0.00      0          0          0          0          0          0          0          0          0          0
  components       :       0.00       0.00      1          0          0          0          0          0          0          0          0          0
  root node        :          -          -      -          0          -          -          0          -          -          -          -          -
Constraints        :     Number  MaxNumber  #Separate #Propagate    #EnfoLP    #EnfoRelax  #EnfoPS    #Check   #ResProp    Cutoffs    DomReds       Cuts    Applied      Conss   Children
  benderslp        :          0          0          0          0          0          0          0         12          0          0          0          0          0          0          0
  integral         :          0          0          0          0          0          0          0         12          0          0          0          0          0          0          0
  varbound         :         20         20          0       6855          0          0          0          6          0          0          0          0          0          0          0
  setppc           :         10         10          0       6854          0          0          0          6          0          0          0          0          0          0          0
  linear           :       1191       1191          0       6856          0          0          0          2          0       1071          0          0          0          0          0
  orbitope         :          1          1          0         91          0          0          0          1          0          0          0          0          0          0          0
  logicor          :          0+         1          0          4          0          0          0          0          0          0          0          0          0          0          0
  benders          :          0          0          0          0          0          0          0          2          0          0          0          0          0          0          0
  countsols        :          0          0          0          0          0          0          0          2          0          0          0          0          0          0          0
  components       :          0          0          0          0          0          0          0          0          0          0          0          0          0          0          0
Constraint Timings :  TotalTime  SetupTime   Separate  Propagate     EnfoLP     EnfoPS     EnfoRelax   Check    ResProp    SB-Prop
  benderslp        :       0.00       0.00       0.00       0.00       0.00       0.00       0.00       0.00       0.00       0.00
  integral         :       0.00       0.00       0.00       0.00       0.00       0.00       0.00       0.00       0.00       0.00
  varbound         :       0.17       0.00       0.00       0.17       0.00       0.00       0.00       0.00       0.00       0.00
  setppc           :       0.00       0.00       0.00       0.00       0.00       0.00       0.00       0.00       0.00       0.00
  linear           :       1.16       0.00       0.00       1.16       0.00       0.00       0.00       0.00       0.00       0.00
  orbitope         :       0.00       0.00       0.00       0.00       0.00       0.00       0.00       0.00       0.00       0.00
  logicor          :       0.00       0.00       0.00       0.00       0.00       0.00       0.00       0.00       0.00       0.00
  benders          :       0.00       0.00       0.00       0.00       0.00       0.00       0.00       0.00       0.00       0.00
  countsols        :       0.00       0.00       0.00       0.00       0.00       0.00       0.00       0.00       0.00       0.00
  components       :       0.00       0.00       0.00       0.00       0.00       0.00       0.00       0.00       0.00       0.00
Propagators        : #Propagate   #ResProp    Cutoffs    DomReds
  dualfix          :          1          0          0          0
  genvbounds       :          0          0          0          0
  nlobbt           :          0          0          0          0
  obbt             :          0          0          0          0
  probing          :          0          0          0          0
  pseudoobj        :          2          0          0          0
  redcost          :          1          0          0          0
  rootredcost      :          0          0          0          0
  symmetry         :          0          0          0          0
  vbounds          :         63          0          0          0
Propagator Timings :  TotalTime  SetupTime   Presolve  Propagate    ResProp    SB-Prop
  dualfix          :       0.02       0.00       0.02       0.00       0.00       0.00
  genvbounds       :       0.00       0.00       0.00       0.00       0.00       0.00
  nlobbt           :       0.00       0.00       0.00       0.00       0.00       0.00
  obbt             :       0.00       0.00       0.00       0.00       0.00       0.00
  probing          :       3.08       0.00       3.08       0.00       0.00       0.00
  pseudoobj        :       0.00       0.00       0.00       0.00       0.00       0.00
  redcost          :       0.00       0.00       0.00       0.00       0.00       0.00
  rootredcost      :       0.00       0.00       0.00       0.00       0.00       0.00
  symmetry         :       0.02       0.00       0.02       0.00       0.00       0.00
  vbounds          :       0.01       0.00       0.00       0.01       0.00       0.00
Orbital fixing     :
  vars fixed to 0  :          0
  vars fixed to 1  :          0
Conflict Analysis  :       Time      Calls    Success    DomReds  Conflicts   Literals    Reconvs ReconvLits   Dualrays   Nonzeros   LP Iters   (pool size: [10000,10000])
  propagation      :       0.00          0          0          -          0        0.0          0        0.0          -          -          -
  infeasible LP    :       0.00          1          0          -          0        0.0          0        0.0          0        0.0          0
  bound exceed. LP :       0.00          0          0          -          0        0.0          0        0.0          0        0.0          0
  strong branching :       0.00          0          0          -          0        0.0          0        0.0          -          -          0
  pseudo solution  :       0.00          0          0          -          0        0.0          0        0.0          -          -          -
  applied globally :       0.00          -          -          0          0        0.0          -          -          0          -          -
  applied locally  :          -          -          -          0          0        0.0          -          -          0          -          -
Separators         :   ExecTime  SetupTime      Calls    Cutoffs    DomReds       Cuts    Applied      Conss
  cut pool         :       0.00                     0          -          -          0          -          -    (maximal pool size: 0)
  aggregation      :       0.00       0.00          0          0          0          0          0          0
  > cmir           :          -          -          -          -          -          -          0          -
  > flowcover      :          -          -          -          -          -          -          0          -
  > knapsackcover  :          -          -          -          -          -          -          0          -
  cgmip            :       0.00       0.00          0          0          0          0          0          0
  clique           :       0.00       0.00          0          0          0          0          0          0
  closecuts        :       0.00       0.00          0          0          0          0          0          0
  convexproj       :       0.00       0.00          0          0          0          0          0          0
  disjunctive      :       0.00       0.00          0          0          0          0          0          0
  eccuts           :       0.00       0.00          0          0          0          0          0          0
  gauge            :       0.00       0.00          0          0          0          0          0          0
  gomory           :       0.00       0.00          0          0          0          0          0          0
  > gomorymi       :          -          -          -          -          -          -          0          -
  > strongcg       :          -          -          -          -          -          -          0          -
  impliedbounds    :       0.00       0.00          0          0          0          0          0          0
  interminor       :       0.00       0.00          0          0          0          0          0          0
  intobj           :       0.00       0.00          0          0          0          0          0          0
  mcf              :       0.00       0.00          0          0          0          0          0          0
  minor            :       0.00       0.00          0          0          0          0          0          0
  mixing           :       0.00       0.00          0          0          0          0          0          0
  oddcycle         :       0.00       0.00          0          0          0          0          0          0
  rapidlearning    :       0.00       0.00          0          0          0          0          0          0
  rlt              :       0.00       0.00          0          0          0          0          0          0
  zerohalf         :       0.00       0.00          0          0          0          0          0          0
Cutselectors       :   ExecTime  SetupTime
  hybrid           :       0.00       0.00
Pricers            :   ExecTime  SetupTime      Calls       Vars
  problem variables:       0.00          -          0          0
Branching Rules    :   ExecTime  SetupTime   BranchLP  BranchExt   BranchPS    Cutoffs    DomReds       Cuts      Conss   Children
  allfullstrong    :       0.00       0.00          0          0          0          0          0          0          0          0
  cloud            :       0.00       0.00          0          0          0          0          0          0          0          0
  distribution     :       0.00       0.00          0          0          0          0          0          0          0          0
  fullstrong       :       0.00       0.00          0          0          0          0          0          0          0          0
  inference        :       0.00       0.00          0          0          0          0          0          0          0          0
  leastinf         :       0.00       0.00          0          0          0          0          0          0          0          0
  lookahead        :       0.00       0.00          0          0          0          0          0          0          0          0
  mostinf          :       0.00       0.00          0          0          0          0          0          0          0          0
  multaggr         :       0.00       0.00          0          0          0          0          0          0          0          0
  nodereopt        :       0.00       0.00          0          0          0          0          0          0          0          0
  pscost           :       0.00       0.00          0          0          0          0          0          0          0          0
  random           :       0.00       0.00          0          0          0          0          0          0          0          0
  relpscost        :       0.00       0.00          0          0          0          0          0          0          0          0
  vanillafullstrong:       0.00       0.00          0          0          0          0          0          0          0          0
Primal Heuristics  :   ExecTime  SetupTime      Calls      Found       Best
  LP solutions     :       0.00          -          -          0          0
  relax solutions  :       0.00          -          -          0          0
  pseudo solutions :       0.00          -          -          0          0
  strong branching :       0.00          -          -          0          0
  actconsdiving    :       0.00       0.00          0          0          0
  adaptivediving   :       0.00       0.00          0          0          0
  alns             :       0.00       0.00          0          0          0
  bound            :       0.00       0.00          0          0          0
  clique           :       0.01       0.00          1          0          0
  coefdiving       :       0.00       0.00          0          0          0
  completesol      :       0.00       0.00          0          0          0
  conflictdiving   :       0.00       0.00          0          0          0
  crossover        :       0.00       0.00          0          0          0
  dins             :       0.00       0.00          0          0          0
  distributiondivin:       0.00       0.00          0          0          0
  dps              :       0.00       0.00          0          0          0
  dualval          :       0.00       0.00          0          0          0
  farkasdiving     :       0.00       0.00          0          0          0
  feaspump         :       0.00       0.00          0          0          0
  fixandinfer      :       0.00       0.00          0          0          0
  fracdiving       :       0.00       0.00          0          0          0
  gins             :       0.00       0.00          0          0          0
  guideddiving     :       0.00       0.00          0          0          0
  indicator        :       0.00       0.00          0          0          0
  intdiving        :       0.00       0.00          0          0          0
  intshifting      :       0.00       0.00          0          0          0
  linesearchdiving :       0.00       0.00          0          0          0
  localbranching   :       0.00       0.00          0          0          0
  locks            :       0.00       0.00          1          0          0
  lpface           :       0.00       0.00          0          0          0
  mpec             :       0.00       0.00          0          0          0
  multistart       :       0.00       0.00          0          0          0
  mutation         :       0.00       0.00          0          0          0
  nlpdiving        :       0.00       0.00          0          0          0
  objpscostdiving  :       0.00       0.00          0          0          0
  octane           :       0.00       0.00          0          0          0
  ofins            :       0.00       0.00          0          0          0
  oneopt           :       0.00       0.00          0          0          0
  padm             :       0.00       0.00          0          0          0
  proximity        :       0.00       0.00          0          0          0
  pscostdiving     :       0.00       0.00          0          0          0
  randrounding     :       0.00       0.00          1          0          0
  rens             :       0.00       0.00          0          0          0
  reoptsols        :       0.00       0.00          0          0          0
  repair           :       0.00       0.00          0          0          0
  rins             :       0.00       0.00          0          0          0
  rootsoldiving    :       0.00       0.00          0          0          0
  rounding         :       0.00       0.00          1          1          1
  shiftandpropagate:       0.01       0.00          1          0          0
  shifting         :       0.00       0.00          0          0          0
  simplerounding   :       0.00       0.00          0          0          0
  subnlp           :       0.00       0.00          0          0          0
  trivial          :       0.02       0.00          2          0          0
  trivialnegation  :       0.00       0.00          0          0          0
  trustregion      :       0.00       0.00          0          0          0
  trysol           :       0.00       0.00          0          0          0
  twoopt           :       0.00       0.00          0          0          0
  undercover       :       0.00       0.00          0          0          0
  vbounds          :       0.00       0.00          0          0          0
  veclendiving     :       0.00       0.00          0          0          0
  zeroobj          :       0.00       0.00          0          0          0
  zirounding       :       0.00       0.00          0          0          0
  other solutions  :          -          -          -          0          -
Diving (single)    :      Calls      Nodes   LP Iters Backtracks  Conflicts   MinDepth   MaxDepth   AvgDepth  RoundSols  NLeafSols  MinSolDpt  MaxSolDpt  AvgSolDpt
  actconsdiving    :          0          -          -          -          -          -          -          -          -          -          -          -          -
  coefdiving       :          0          -          -          -          -          -          -          -          -          -          -          -          -
  conflictdiving   :          0          -          -          -          -          -          -          -          -          -          -          -          -
  distributiondivin:          0          -          -          -          -          -          -          -          -          -          -          -          -
  farkasdiving     :          0          -          -          -          -          -          -          -          -          -          -          -          -
  fracdiving       :          0          -          -          -          -          -          -          -          -          -          -          -          -
  guideddiving     :          0          -          -          -          -          -          -          -          -          -          -          -          -
  linesearchdiving :          0          -          -          -          -          -          -          -          -          -          -          -          -
  pscostdiving     :          0          -          -          -          -          -          -          -          -          -          -          -          -
  veclendiving     :          0          -          -          -          -          -          -          -          -          -          -          -          -
Diving (adaptive)  :      Calls      Nodes   LP Iters Backtracks  Conflicts   MinDepth   MaxDepth   AvgDepth  RoundSols  NLeafSols  MinSolDpt  MaxSolDpt  AvgSolDpt
  actconsdiving    :          0          -          -          -          -          -          -          -          -          -          -          -          -
  coefdiving       :          0          -          -          -          -          -          -          -          -          -          -          -          -
  conflictdiving   :          0          -          -          -          -          -          -          -          -          -          -          -          -
  distributiondivin:          0          -          -          -          -          -          -          -          -          -          -          -          -
  farkasdiving     :          0          -          -          -          -          -          -          -          -          -          -          -          -
  fracdiving       :          0          -          -          -          -          -          -          -          -          -          -          -          -
  guideddiving     :          0          -          -          -          -          -          -          -          -          -          -          -          -
  linesearchdiving :          0          -          -          -          -          -          -          -          -          -          -          -          -
  pscostdiving     :          0          -          -          -          -          -          -          -          -          -          -          -          -
  veclendiving     :          0          -          -          -          -          -          -          -          -          -          -          -          -
Neighborhoods      :      Calls  SetupTime  SolveTime SolveNodes       Sols       Best       Exp3  EpsGreedy        UCB TgtFixRate  Opt  Inf Node Stal  Sol  Usr Othr Actv
  rens             :          0       0.00       0.00          0          0          0    0.00000   -1.00000    1.00000      0.900    0    0    0    0    0    0    0    1
  rins             :          0       0.00       0.00          0          0          0    0.00000   -1.00000    1.00000      0.900    0    0    0    0    0    0    0    1
  mutation         :          0       0.00       0.00          0          0          0    0.00000   -1.00000    1.00000      0.900    0    0    0    0    0    0    0    1
  localbranching   :          0       0.00       0.00          0          0          0    0.00000   -1.00000    1.00000      0.900    0    0    0    0    0    0    0    1
  crossover        :          0       0.00       0.00          0          0          0    0.00000   -1.00000    1.00000      0.900    0    0    0    0    0    0    0    1
  proximity        :          0       0.00       0.00          0          0          0    0.00000   -1.00000    1.00000      0.900    0    0    0    0    0    0    0    1
  zeroobjective    :          0       0.00       0.00          0          0          0    0.00000   -1.00000    1.00000      0.900    0    0    0    0    0    0    0    1
  dins             :          0       0.00       0.00          0          0          0    0.00000   -1.00000    1.00000      0.900    0    0    0    0    0    0    0    1
  trustregion      :          0       0.00       0.00          0          0          0    0.00000   -1.00000    1.00000      0.900    0    0    0    0    0    0    0    0
LP                 :       Time      Calls Iterations  Iter/call   Iter/sec  Time-0-It Calls-0-It    ItLimit
  primal LP        :       0.00          0          0       0.00          -       0.00          0
  dual LP          :       0.01          1        389     389.00   33476.76       0.00          0
  lex dual LP      :       0.00          0          0       0.00          -
  barrier LP       :       0.00          0          0       0.00          -       0.00          0
  resolve instable :       0.00          0          0       0.00          -
  diving/probing LP:       0.00          1          4       4.00          -
  strong branching :       0.00          0          0       0.00          -          -          -          0
    (at root node) :          -          0          0       0.00          -
  conflict analysis:       0.00          0          0       0.00          -
B&B Tree           :
  number of runs   :          1
  nodes            :          1 (0 internal, 1 leaves)
  feasible leaves  :          0
  infeas. leaves   :          0
  objective leaves :          1
  nodes (total)    :          1 (0 internal, 1 leaves)
  nodes left       :          0
  max depth        :          0
  max depth (total):          0
  backtracks       :          0 (0.0%)
  early backtracks :          0 (0.0%)
  nodes exc. ref.  :          0 (0.0%)
  delayed cutoffs  :          0
  repropagations   :          0 (0 domain reductions, 0 cutoffs)
  avg switch length:       2.00
  switching time   :       0.00
Estim. Tree Size   :          1
Estimation Tree    : 1 nodes (1 visited, 0 internal, 1 leaves, 0 open), weight: 1.0000 completed 1.0000
Estimations        :      estim      value      trend resolution     smooth
  wbe              :          1          -          -          -          -
  tree-profile     :         -1          -          -          -          -
  gap              :          1    1.00000    1.00000          1          1
  tree-weight      :          1    1.00000    1.00000          1          1
  leaf-frequency   :          1    0.50000    1.00000          1          1
  ssg              :          1    0.00000   -1.00000          1          1
  open-nodes       :          1    0.00000    0.00000          1          1
Root Node          :
  First LP value   : -3.16112266112266e+00
  First LP Iters   :        389 (32832.55 Iter/sec)
  First LP Time    :       0.01
  Final Dual Bound : -3.16112266112266e+00
  Final Root Iters :        389
  Root LP Estimate :                     -
Solution           :
  Solutions found  :          1 (1 improvements)
  First Solution   : -3.16112266112266e+00   (in run 1, after 1 nodes, 5.10 seconds, depth 0, found by <rounding>)
  Gap First Sol.   :       0.00 %
  Gap Last Sol.    :       0.00 %
  Primal Bound     : -3.16112266112266e+00   (in run 1, after 1 nodes, 5.10 seconds, depth 0, found by <rounding>)
  Dual Bound       : -3.16112266112266e+00
  Gap              :       0.00 %
Integrals          :      Total       Avg%
  primal-dual      :     510.49     100.00
  primal-ref       :          -          - (not evaluated)
  dual-ref         :          -          - (not evaluated)
