SCIP version 8.0.0 [precision: 8 byte] [memory: block] [mode: optimized] [LP solver: SoPlex 6.0.0] [GitHash: a740f0891e]
Copyright (C) 2002-2021 Konrad-Zuse-Zentrum fuer Informationstechnik Berlin (ZIB)

External libraries: 
  SoPlex 6.0.0         Linear Programming Solver developed at Zuse Institute Berlin (soplex.zib.de) [GitHash: 71a5873d]
  CppAD 20180000.0     Algorithmic Differentiation of C++ algorithms developed by B. Bell (github.com/coin-or/CppAD)
  ZLIB 1.2.11          General purpose compression library by J. Gailly and M. Adler (zlib.net)
  GMP 6.2.1            GNU Multiple Precision Arithmetic Library developed by T. Granlund (gmplib.org)
  ZIMPL 3.5.1          Zuse Institute Mathematical Programming Language developed by T. Koch (zimpl.zib.de)
  AMPL/MP 4e2d45c4     AMPL .nl file reader library (github.com/ampl/mp)
  PaPILO 2.0.0         parallel presolve for integer and linear optimization (github.com/scipopt/papilo) [GitHash: 76cafc1]
  bliss 0.73p          Computing Graph Automorphism Groups by T. Junttila and P. Kaski (www.tcs.hut.fi/Software/bliss/)
  Ipopt 3.13.2         Interior Point Optimizer developed by A. Waechter et.al. (github.com/coin-or/Ipopt)

user parameter file <scip.set> not found - using default parameters

read problem <../modeles/10_209.lp>
============

original problem has 4200 variables (2090 bin, 0 int, 0 impl, 2110 cont) and 2131 constraints

solve problem
=============

presolving:
(round 1, fast)       10 del vars, 0 del conss, 0 add conss, 4460 chg bounds, 0 chg sides, 0 chg coeffs, 0 upgd conss, 0 impls, 10 clqs
(round 2, fast)       10 del vars, 0 del conss, 0 add conss, 4460 chg bounds, 0 chg sides, 2100 chg coeffs, 0 upgd conss, 0 impls, 10 clqs
   (0.1s) running MILP presolver
   (0.1s) MILP presolver (2 rounds): 0 aggregations, 0 fixings, 20 bound changes
(round 3, exhaustive) 10 del vars, 0 del conss, 0 add conss, 4480 chg bounds, 0 chg sides, 2100 chg coeffs, 30 upgd conss, 0 impls, 10 clqs
   (0.2s) sparsify finished: 2/14670 (0.0%) nonzeros canceled - in total 2 canceled nonzeros, 210 changed coefficients, 0 added nonzeros
(round 4, exhaustive) 10 del vars, 0 del conss, 0 add conss, 4480 chg bounds, 0 chg sides, 2310 chg coeffs, 30 upgd conss, 20 impls, 10 clqs
(round 5, exhaustive) 35 del vars, 0 del conss, 0 add conss, 4480 chg bounds, 0 chg sides, 2310 chg coeffs, 30 upgd conss, 11668 impls, 10 clqs
(round 6, exhaustive) 35 del vars, 0 del conss, 0 add conss, 4480 chg bounds, 0 chg sides, 2310 chg coeffs, 80 upgd conss, 11668 impls, 10 clqs
(round 7, exhaustive) 60 del vars, 0 del conss, 0 add conss, 4480 chg bounds, 0 chg sides, 2310 chg coeffs, 80 upgd conss, 28147 impls, 10 clqs
(round 8, exhaustive) 60 del vars, 1 del conss, 0 add conss, 4480 chg bounds, 0 chg sides, 2310 chg coeffs, 127 upgd conss, 28147 impls, 10 clqs
(round 9, exhaustive) 85 del vars, 1 del conss, 0 add conss, 4480 chg bounds, 0 chg sides, 2310 chg coeffs, 127 upgd conss, 38157 impls, 10 clqs
(round 10, fast)       85 del vars, 4 del conss, 0 add conss, 4480 chg bounds, 0 chg sides, 2310 chg coeffs, 127 upgd conss, 38157 impls, 10 clqs
(round 11, exhaustive) 85 del vars, 4 del conss, 0 add conss, 4480 chg bounds, 0 chg sides, 2310 chg coeffs, 164 upgd conss, 38157 impls, 10 clqs
   (0.6s) sparsify finished: 2/14438 (0.0%) nonzeros canceled - in total 4 canceled nonzeros, 420 changed coefficients, 0 added nonzeros
(round 12, exhaustive) 85 del vars, 4 del conss, 0 add conss, 4480 chg bounds, 0 chg sides, 2520 chg coeffs, 164 upgd conss, 38194 impls, 10 clqs
(round 13, exhaustive) 110 del vars, 4 del conss, 0 add conss, 4480 chg bounds, 0 chg sides, 2520 chg coeffs, 164 upgd conss, 47309 impls, 10 clqs
(round 14, fast)       110 del vars, 8 del conss, 0 add conss, 4480 chg bounds, 0 chg sides, 2520 chg coeffs, 164 upgd conss, 47309 impls, 10 clqs
(round 15, exhaustive) 110 del vars, 8 del conss, 0 add conss, 4480 chg bounds, 0 chg sides, 2520 chg coeffs, 198 upgd conss, 47309 impls, 10 clqs
(round 16, exhaustive) 135 del vars, 8 del conss, 0 add conss, 4480 chg bounds, 0 chg sides, 2520 chg coeffs, 198 upgd conss, 54160 impls, 10 clqs
(round 17, fast)       136 del vars, 16 del conss, 0 add conss, 4481 chg bounds, 0 chg sides, 2520 chg coeffs, 198 upgd conss, 54160 impls, 10 clqs
(round 18, exhaustive) 136 del vars, 16 del conss, 0 add conss, 4481 chg bounds, 0 chg sides, 2520 chg coeffs, 225 upgd conss, 54160 impls, 10 clqs
(round 19, exhaustive) 161 del vars, 16 del conss, 0 add conss, 4481 chg bounds, 0 chg sides, 2520 chg coeffs, 225 upgd conss, 59138 impls, 10 clqs
(round 20, fast)       161 del vars, 24 del conss, 0 add conss, 4481 chg bounds, 0 chg sides, 2520 chg coeffs, 225 upgd conss, 59138 impls, 10 clqs
(round 21, exhaustive) 161 del vars, 24 del conss, 0 add conss, 4481 chg bounds, 0 chg sides, 2520 chg coeffs, 251 upgd conss, 59138 impls, 10 clqs
(round 22, exhaustive) 186 del vars, 24 del conss, 0 add conss, 4481 chg bounds, 0 chg sides, 2520 chg coeffs, 251 upgd conss, 67154 impls, 10 clqs
(round 23, fast)       188 del vars, 34 del conss, 0 add conss, 4483 chg bounds, 0 chg sides, 2520 chg coeffs, 251 upgd conss, 67154 impls, 10 clqs
(round 24, exhaustive) 188 del vars, 34 del conss, 0 add conss, 4483 chg bounds, 0 chg sides, 2520 chg coeffs, 274 upgd conss, 67154 impls, 10 clqs
(round 25, exhaustive) 213 del vars, 34 del conss, 0 add conss, 4483 chg bounds, 0 chg sides, 2520 chg coeffs, 274 upgd conss, 74714 impls, 10 clqs
(round 26, fast)       214 del vars, 41 del conss, 0 add conss, 4484 chg bounds, 0 chg sides, 2520 chg coeffs, 274 upgd conss, 74714 impls, 10 clqs
(round 27, exhaustive) 214 del vars, 41 del conss, 0 add conss, 4484 chg bounds, 0 chg sides, 2520 chg coeffs, 301 upgd conss, 74714 impls, 10 clqs
(round 28, exhaustive) 239 del vars, 41 del conss, 0 add conss, 4484 chg bounds, 0 chg sides, 2520 chg coeffs, 301 upgd conss, 86106 impls, 10 clqs
(round 29, fast)       241 del vars, 50 del conss, 0 add conss, 4486 chg bounds, 0 chg sides, 2520 chg coeffs, 301 upgd conss, 86106 impls, 10 clqs
(round 30, exhaustive) 241 del vars, 50 del conss, 0 add conss, 4486 chg bounds, 0 chg sides, 2520 chg coeffs, 328 upgd conss, 86106 impls, 10 clqs
(round 31, exhaustive) 266 del vars, 50 del conss, 0 add conss, 4486 chg bounds, 0 chg sides, 2520 chg coeffs, 328 upgd conss, 91372 impls, 10 clqs
(round 32, fast)       267 del vars, 61 del conss, 0 add conss, 4487 chg bounds, 0 chg sides, 2520 chg coeffs, 328 upgd conss, 91372 impls, 10 clqs
(round 33, exhaustive) 267 del vars, 61 del conss, 0 add conss, 4487 chg bounds, 0 chg sides, 2520 chg coeffs, 347 upgd conss, 91372 impls, 10 clqs
(round 34, exhaustive) 292 del vars, 61 del conss, 0 add conss, 4487 chg bounds, 0 chg sides, 2520 chg coeffs, 347 upgd conss, 96214 impls, 10 clqs
(round 35, fast)       292 del vars, 69 del conss, 0 add conss, 4487 chg bounds, 0 chg sides, 2520 chg coeffs, 347 upgd conss, 96214 impls, 10 clqs
(round 36, exhaustive) 292 del vars, 69 del conss, 0 add conss, 4487 chg bounds, 0 chg sides, 2520 chg coeffs, 373 upgd conss, 96214 impls, 10 clqs
   (1.3s) sparsify finished: 2/13748 (0.0%) nonzeros canceled - in total 6 canceled nonzeros, 619 changed coefficients, 0 added nonzeros
(round 37, exhaustive) 292 del vars, 69 del conss, 0 add conss, 4487 chg bounds, 0 chg sides, 2719 chg coeffs, 373 upgd conss, 96240 impls, 10 clqs
(round 38, exhaustive) 317 del vars, 69 del conss, 0 add conss, 4487 chg bounds, 0 chg sides, 2719 chg coeffs, 373 upgd conss, 102209 impls, 10 clqs
(round 39, fast)       317 del vars, 77 del conss, 0 add conss, 4487 chg bounds, 0 chg sides, 2719 chg coeffs, 373 upgd conss, 102209 impls, 10 clqs
(round 40, exhaustive) 317 del vars, 77 del conss, 0 add conss, 4487 chg bounds, 0 chg sides, 2719 chg coeffs, 395 upgd conss, 102209 impls, 10 clqs
(round 41, exhaustive) 342 del vars, 77 del conss, 0 add conss, 4487 chg bounds, 0 chg sides, 2719 chg coeffs, 395 upgd conss, 107427 impls, 10 clqs
(round 42, fast)       344 del vars, 90 del conss, 0 add conss, 4489 chg bounds, 0 chg sides, 2719 chg coeffs, 395 upgd conss, 107427 impls, 10 clqs
(round 43, exhaustive) 344 del vars, 90 del conss, 0 add conss, 4489 chg bounds, 0 chg sides, 2719 chg coeffs, 410 upgd conss, 107427 impls, 10 clqs
(round 44, exhaustive) 369 del vars, 90 del conss, 0 add conss, 4489 chg bounds, 0 chg sides, 2719 chg coeffs, 410 upgd conss, 113010 impls, 10 clqs
(round 45, fast)       369 del vars, 100 del conss, 0 add conss, 4489 chg bounds, 0 chg sides, 2719 chg coeffs, 410 upgd conss, 113010 impls, 10 clqs
(round 46, exhaustive) 369 del vars, 100 del conss, 0 add conss, 4489 chg bounds, 0 chg sides, 2719 chg coeffs, 429 upgd conss, 113010 impls, 10 clqs
(round 47, exhaustive) 394 del vars, 100 del conss, 0 add conss, 4489 chg bounds, 0 chg sides, 2719 chg coeffs, 429 upgd conss, 118727 impls, 10 clqs
(round 48, fast)       395 del vars, 114 del conss, 0 add conss, 4490 chg bounds, 0 chg sides, 2719 chg coeffs, 429 upgd conss, 118727 impls, 10 clqs
(round 49, exhaustive) 395 del vars, 114 del conss, 0 add conss, 4490 chg bounds, 0 chg sides, 2719 chg coeffs, 439 upgd conss, 118727 impls, 10 clqs
(round 50, exhaustive) 422 del vars, 114 del conss, 0 add conss, 4490 chg bounds, 0 chg sides, 2719 chg coeffs, 439 upgd conss, 127559 impls, 10 clqs
(round 51, fast)       422 del vars, 125 del conss, 0 add conss, 4490 chg bounds, 0 chg sides, 2719 chg coeffs, 439 upgd conss, 127559 impls, 10 clqs
(round 52, exhaustive) 422 del vars, 125 del conss, 0 add conss, 4490 chg bounds, 0 chg sides, 2719 chg coeffs, 460 upgd conss, 127559 impls, 10 clqs
   (1.7s) probing: 1000/2090 (47.8%) - 421 fixings, 0 aggregations, 142728 implications, 0 bound changes
(round 53, exhaustive) 447 del vars, 125 del conss, 0 add conss, 4490 chg bounds, 0 chg sides, 2719 chg coeffs, 460 upgd conss, 143568 impls, 10 clqs
(round 54, fast)       447 del vars, 136 del conss, 0 add conss, 4490 chg bounds, 0 chg sides, 2719 chg coeffs, 460 upgd conss, 143568 impls, 10 clqs
(round 55, exhaustive) 447 del vars, 136 del conss, 0 add conss, 4490 chg bounds, 0 chg sides, 2719 chg coeffs, 477 upgd conss, 143568 impls, 10 clqs
(round 56, exhaustive) 472 del vars, 136 del conss, 0 add conss, 4490 chg bounds, 0 chg sides, 2719 chg coeffs, 477 upgd conss, 150767 impls, 10 clqs
(round 57, fast)       473 del vars, 151 del conss, 0 add conss, 4491 chg bounds, 0 chg sides, 2719 chg coeffs, 477 upgd conss, 150767 impls, 10 clqs
(round 58, exhaustive) 473 del vars, 151 del conss, 0 add conss, 4491 chg bounds, 0 chg sides, 2719 chg coeffs, 484 upgd conss, 150767 impls, 10 clqs
(round 59, exhaustive) 499 del vars, 151 del conss, 0 add conss, 4491 chg bounds, 0 chg sides, 2719 chg coeffs, 484 upgd conss, 157869 impls, 10 clqs
(round 60, fast)       499 del vars, 164 del conss, 0 add conss, 4491 chg bounds, 0 chg sides, 2719 chg coeffs, 484 upgd conss, 157869 impls, 10 clqs
(round 61, exhaustive) 499 del vars, 164 del conss, 0 add conss, 4491 chg bounds, 0 chg sides, 2719 chg coeffs, 497 upgd conss, 157869 impls, 10 clqs
(round 62, exhaustive) 524 del vars, 164 del conss, 0 add conss, 4491 chg bounds, 0 chg sides, 2719 chg coeffs, 497 upgd conss, 163196 impls, 10 clqs
(round 63, fast)       526 del vars, 178 del conss, 0 add conss, 4493 chg bounds, 0 chg sides, 2719 chg coeffs, 497 upgd conss, 163196 impls, 10 clqs
(round 64, exhaustive) 526 del vars, 178 del conss, 0 add conss, 4493 chg bounds, 0 chg sides, 2719 chg coeffs, 509 upgd conss, 163196 impls, 10 clqs
(round 65, exhaustive) 551 del vars, 178 del conss, 0 add conss, 4493 chg bounds, 0 chg sides, 2719 chg coeffs, 509 upgd conss, 167948 impls, 10 clqs
(round 66, fast)       551 del vars, 191 del conss, 0 add conss, 4493 chg bounds, 0 chg sides, 2719 chg coeffs, 509 upgd conss, 167948 impls, 10 clqs
(round 67, exhaustive) 551 del vars, 191 del conss, 0 add conss, 4493 chg bounds, 0 chg sides, 2719 chg coeffs, 520 upgd conss, 167948 impls, 10 clqs
(round 68, exhaustive) 576 del vars, 191 del conss, 0 add conss, 4493 chg bounds, 0 chg sides, 2719 chg coeffs, 520 upgd conss, 170988 impls, 10 clqs
(round 69, fast)       576 del vars, 205 del conss, 0 add conss, 4493 chg bounds, 0 chg sides, 2719 chg coeffs, 520 upgd conss, 170988 impls, 10 clqs
(round 70, exhaustive) 576 del vars, 205 del conss, 0 add conss, 4493 chg bounds, 0 chg sides, 2719 chg coeffs, 528 upgd conss, 170988 impls, 10 clqs
(round 71, exhaustive) 601 del vars, 205 del conss, 0 add conss, 4493 chg bounds, 0 chg sides, 2719 chg coeffs, 528 upgd conss, 178108 impls, 10 clqs
(round 72, fast)       601 del vars, 217 del conss, 0 add conss, 4493 chg bounds, 0 chg sides, 2719 chg coeffs, 528 upgd conss, 178108 impls, 10 clqs
(round 73, exhaustive) 601 del vars, 217 del conss, 0 add conss, 4493 chg bounds, 0 chg sides, 2719 chg coeffs, 542 upgd conss, 178108 impls, 10 clqs
(round 74, exhaustive) 626 del vars, 217 del conss, 0 add conss, 4493 chg bounds, 0 chg sides, 2719 chg coeffs, 542 upgd conss, 180548 impls, 10 clqs
(round 75, fast)       628 del vars, 232 del conss, 0 add conss, 4495 chg bounds, 0 chg sides, 2719 chg coeffs, 542 upgd conss, 180548 impls, 10 clqs
(round 76, exhaustive) 628 del vars, 232 del conss, 0 add conss, 4495 chg bounds, 0 chg sides, 2719 chg coeffs, 551 upgd conss, 180548 impls, 10 clqs
(round 77, exhaustive) 653 del vars, 232 del conss, 0 add conss, 4495 chg bounds, 0 chg sides, 2719 chg coeffs, 551 upgd conss, 184361 impls, 10 clqs
(round 78, fast)       660 del vars, 250 del conss, 0 add conss, 4502 chg bounds, 0 chg sides, 2719 chg coeffs, 551 upgd conss, 184361 impls, 10 clqs
   (2.3s) running MILP presolver
   (2.3s) MILP presolver (3 rounds): 0 aggregations, 11 fixings, 0 bound changes
(round 79, medium)     671 del vars, 256 del conss, 0 add conss, 4502 chg bounds, 0 chg sides, 2719 chg coeffs, 551 upgd conss, 184361 impls, 10 clqs
(round 80, exhaustive) 671 del vars, 256 del conss, 0 add conss, 4502 chg bounds, 0 chg sides, 2719 chg coeffs, 565 upgd conss, 184361 impls, 10 clqs
(round 81, exhaustive) 696 del vars, 256 del conss, 0 add conss, 4502 chg bounds, 0 chg sides, 2719 chg coeffs, 565 upgd conss, 188519 impls, 10 clqs
(round 82, fast)       698 del vars, 271 del conss, 0 add conss, 4504 chg bounds, 0 chg sides, 2719 chg coeffs, 565 upgd conss, 188519 impls, 10 clqs
(round 83, exhaustive) 698 del vars, 271 del conss, 0 add conss, 4504 chg bounds, 0 chg sides, 2719 chg coeffs, 574 upgd conss, 188519 impls, 10 clqs
   (2.4s) sparsify finished: 4/12326 (0.0%) nonzeros canceled - in total 10 canceled nonzeros, 993 changed coefficients, 0 added nonzeros
(round 84, exhaustive) 698 del vars, 271 del conss, 0 add conss, 4504 chg bounds, 0 chg sides, 3093 chg coeffs, 574 upgd conss, 188528 impls, 10 clqs
(round 85, exhaustive) 723 del vars, 271 del conss, 0 add conss, 4504 chg bounds, 0 chg sides, 3093 chg coeffs, 574 upgd conss, 192658 impls, 10 clqs
(round 86, fast)       723 del vars, 285 del conss, 0 add conss, 4504 chg bounds, 0 chg sides, 3093 chg coeffs, 574 upgd conss, 192658 impls, 10 clqs
(round 87, exhaustive) 723 del vars, 285 del conss, 0 add conss, 4504 chg bounds, 0 chg sides, 3093 chg coeffs, 582 upgd conss, 192658 impls, 10 clqs
(round 88, exhaustive) 752 del vars, 285 del conss, 0 add conss, 4504 chg bounds, 0 chg sides, 3093 chg coeffs, 582 upgd conss, 200532 impls, 10 clqs
(round 89, fast)       752 del vars, 301 del conss, 0 add conss, 4504 chg bounds, 0 chg sides, 3093 chg coeffs, 582 upgd conss, 200532 impls, 10 clqs
(round 90, exhaustive) 752 del vars, 301 del conss, 0 add conss, 4504 chg bounds, 0 chg sides, 3093 chg coeffs, 592 upgd conss, 200532 impls, 10 clqs
(round 91, exhaustive) 777 del vars, 301 del conss, 0 add conss, 4504 chg bounds, 0 chg sides, 3093 chg coeffs, 592 upgd conss, 204803 impls, 10 clqs
(round 92, fast)       777 del vars, 314 del conss, 0 add conss, 4504 chg bounds, 0 chg sides, 3093 chg coeffs, 592 upgd conss, 204803 impls, 10 clqs
(round 93, exhaustive) 777 del vars, 314 del conss, 0 add conss, 4504 chg bounds, 0 chg sides, 3093 chg coeffs, 603 upgd conss, 204803 impls, 10 clqs
   (2.7s) sparsify finished: 2/12042 (0.0%) nonzeros canceled - in total 12 canceled nonzeros, 1164 changed coefficients, 0 added nonzeros
(round 94, exhaustive) 777 del vars, 314 del conss, 0 add conss, 4504 chg bounds, 0 chg sides, 3264 chg coeffs, 603 upgd conss, 204814 impls, 10 clqs
(round 95, exhaustive) 803 del vars, 314 del conss, 0 add conss, 4504 chg bounds, 0 chg sides, 3264 chg coeffs, 603 upgd conss, 211237 impls, 10 clqs
(round 96, fast)       803 del vars, 330 del conss, 0 add conss, 4504 chg bounds, 0 chg sides, 3264 chg coeffs, 603 upgd conss, 211237 impls, 10 clqs
(round 97, exhaustive) 803 del vars, 330 del conss, 0 add conss, 4504 chg bounds, 0 chg sides, 3264 chg coeffs, 607 upgd conss, 211237 impls, 10 clqs
(round 98, exhaustive) 829 del vars, 330 del conss, 0 add conss, 4504 chg bounds, 0 chg sides, 3264 chg coeffs, 607 upgd conss, 218707 impls, 10 clqs
(round 99, fast)       829 del vars, 344 del conss, 0 add conss, 4504 chg bounds, 0 chg sides, 3264 chg coeffs, 607 upgd conss, 218707 impls, 10 clqs
(round 100, exhaustive) 829 del vars, 344 del conss, 0 add conss, 4504 chg bounds, 0 chg sides, 3264 chg coeffs, 617 upgd conss, 218707 impls, 10 clqs
(round 101, exhaustive) 855 del vars, 344 del conss, 0 add conss, 4504 chg bounds, 0 chg sides, 3264 chg coeffs, 617 upgd conss, 225272 impls, 10 clqs
(round 102, fast)       855 del vars, 360 del conss, 0 add conss, 4504 chg bounds, 0 chg sides, 3264 chg coeffs, 617 upgd conss, 225272 impls, 10 clqs
(round 103, exhaustive) 855 del vars, 360 del conss, 0 add conss, 4504 chg bounds, 0 chg sides, 3264 chg coeffs, 621 upgd conss, 225272 impls, 10 clqs
(round 104, exhaustive) 880 del vars, 360 del conss, 0 add conss, 4504 chg bounds, 0 chg sides, 3264 chg coeffs, 621 upgd conss, 227664 impls, 10 clqs
(round 105, fast)       884 del vars, 378 del conss, 0 add conss, 4508 chg bounds, 0 chg sides, 3264 chg coeffs, 621 upgd conss, 227664 impls, 10 clqs
(round 106, exhaustive) 884 del vars, 378 del conss, 0 add conss, 4508 chg bounds, 0 chg sides, 3264 chg coeffs, 625 upgd conss, 227664 impls, 10 clqs
(round 107, exhaustive) 917 del vars, 378 del conss, 0 add conss, 4508 chg bounds, 0 chg sides, 3264 chg coeffs, 625 upgd conss, 232266 impls, 10 clqs
(round 108, fast)       917 del vars, 399 del conss, 0 add conss, 4508 chg bounds, 0 chg sides, 3264 chg coeffs, 625 upgd conss, 232266 impls, 10 clqs
(round 109, exhaustive) 917 del vars, 399 del conss, 0 add conss, 4508 chg bounds, 0 chg sides, 3264 chg coeffs, 628 upgd conss, 232266 impls, 10 clqs
(round 110, exhaustive) 942 del vars, 399 del conss, 0 add conss, 4508 chg bounds, 0 chg sides, 3264 chg coeffs, 628 upgd conss, 235297 impls, 10 clqs
(round 111, fast)       948 del vars, 418 del conss, 0 add conss, 4514 chg bounds, 0 chg sides, 3264 chg coeffs, 628 upgd conss, 235297 impls, 10 clqs
(round 112, exhaustive) 948 del vars, 418 del conss, 0 add conss, 4514 chg bounds, 0 chg sides, 3264 chg coeffs, 633 upgd conss, 235297 impls, 10 clqs
(round 113, exhaustive) 973 del vars, 418 del conss, 0 add conss, 4514 chg bounds, 0 chg sides, 3264 chg coeffs, 633 upgd conss, 237276 impls, 10 clqs
(round 114, fast)       973 del vars, 433 del conss, 0 add conss, 4514 chg bounds, 0 chg sides, 3264 chg coeffs, 633 upgd conss, 237276 impls, 10 clqs
(round 115, exhaustive) 999 del vars, 433 del conss, 0 add conss, 4514 chg bounds, 0 chg sides, 3264 chg coeffs, 634 upgd conss, 241011 impls, 10 clqs
(round 116, fast)       999 del vars, 449 del conss, 0 add conss, 4514 chg bounds, 0 chg sides, 3264 chg coeffs, 634 upgd conss, 241012 impls, 10 clqs
(round 117, exhaustive) 999 del vars, 449 del conss, 0 add conss, 4514 chg bounds, 0 chg sides, 3264 chg coeffs, 638 upgd conss, 241012 impls, 10 clqs
(round 118, exhaustive) 1024 del vars, 449 del conss, 0 add conss, 4514 chg bounds, 0 chg sides, 3264 chg coeffs, 638 upgd conss, 244392 impls, 10 clqs
(round 119, fast)       1030 del vars, 469 del conss, 0 add conss, 4520 chg bounds, 0 chg sides, 3264 chg coeffs, 638 upgd conss, 244392 impls, 10 clqs
(round 120, exhaustive) 1030 del vars, 469 del conss, 0 add conss, 4520 chg bounds, 0 chg sides, 3264 chg coeffs, 640 upgd conss, 244392 impls, 10 clqs
(round 121, exhaustive) 1056 del vars, 469 del conss, 0 add conss, 4520 chg bounds, 0 chg sides, 3264 chg coeffs, 640 upgd conss, 249193 impls, 10 clqs
(round 122, fast)       1056 del vars, 486 del conss, 0 add conss, 4520 chg bounds, 0 chg sides, 3264 chg coeffs, 640 upgd conss, 249193 impls, 10 clqs
(round 123, exhaustive) 1081 del vars, 486 del conss, 0 add conss, 4520 chg bounds, 0 chg sides, 3264 chg coeffs, 641 upgd conss, 252482 impls, 10 clqs
(round 124, fast)       1081 del vars, 502 del conss, 0 add conss, 4520 chg bounds, 0 chg sides, 3264 chg coeffs, 641 upgd conss, 252483 impls, 10 clqs
(round 125, exhaustive) 1081 del vars, 502 del conss, 0 add conss, 4520 chg bounds, 0 chg sides, 3264 chg coeffs, 643 upgd conss, 252483 impls, 10 clqs
(round 126, exhaustive) 1106 del vars, 502 del conss, 0 add conss, 4520 chg bounds, 0 chg sides, 3264 chg coeffs, 643 upgd conss, 257061 impls, 10 clqs
(round 127, fast)       1106 del vars, 518 del conss, 0 add conss, 4520 chg bounds, 0 chg sides, 3264 chg coeffs, 643 upgd conss, 257061 impls, 10 clqs
(round 128, exhaustive) 1106 del vars, 518 del conss, 0 add conss, 4520 chg bounds, 0 chg sides, 3264 chg coeffs, 645 upgd conss, 257061 impls, 10 clqs
(round 129, exhaustive) 1131 del vars, 518 del conss, 0 add conss, 4520 chg bounds, 0 chg sides, 3264 chg coeffs, 645 upgd conss, 259219 impls, 10 clqs
(round 130, fast)       1133 del vars, 536 del conss, 0 add conss, 4522 chg bounds, 0 chg sides, 3264 chg coeffs, 645 upgd conss, 259219 impls, 10 clqs
   (3.4s) running MILP presolver
   (3.4s) MILP presolver found nothing
(round 131, exhaustive) 1159 del vars, 536 del conss, 0 add conss, 4522 chg bounds, 0 chg sides, 3264 chg coeffs, 645 upgd conss, 263674 impls, 10 clqs
(round 132, fast)       1159 del vars, 553 del conss, 0 add conss, 4522 chg bounds, 0 chg sides, 3264 chg coeffs, 645 upgd conss, 263674 impls, 10 clqs
   (3.4s) probing: 2000/2090 (95.7%) - 1110 fixings, 0 aggregations, 265774 implications, 0 bound changes
(round 133, exhaustive) 1184 del vars, 553 del conss, 0 add conss, 4522 chg bounds, 0 chg sides, 3264 chg coeffs, 646 upgd conss, 267930 impls, 10 clqs
(round 134, fast)       1184 del vars, 569 del conss, 0 add conss, 4522 chg bounds, 0 chg sides, 3264 chg coeffs, 646 upgd conss, 267931 impls, 10 clqs
(round 135, exhaustive) 1184 del vars, 569 del conss, 0 add conss, 4522 chg bounds, 0 chg sides, 3264 chg coeffs, 648 upgd conss, 267931 impls, 10 clqs
   (3.5s) sparsify finished: 2/10565 (0.0%) nonzeros canceled - in total 14 canceled nonzeros, 1314 changed coefficients, 0 added nonzeros
(round 136, exhaustive) 1184 del vars, 569 del conss, 0 add conss, 4522 chg bounds, 0 chg sides, 3414 chg coeffs, 648 upgd conss, 267933 impls, 10 clqs
(round 137, exhaustive) 1211 del vars, 569 del conss, 0 add conss, 4522 chg bounds, 0 chg sides, 3414 chg coeffs, 648 upgd conss, 270777 impls, 10 clqs
(round 138, fast)       1211 del vars, 587 del conss, 0 add conss, 4522 chg bounds, 0 chg sides, 3414 chg coeffs, 648 upgd conss, 270777 impls, 10 clqs
(round 139, exhaustive) 1236 del vars, 587 del conss, 0 add conss, 4522 chg bounds, 0 chg sides, 3414 chg coeffs, 648 upgd conss, 273731 impls, 10 clqs
(round 140, fast)       1238 del vars, 605 del conss, 0 add conss, 4524 chg bounds, 0 chg sides, 3414 chg coeffs, 648 upgd conss, 273731 impls, 10 clqs
   (3.6s) probing cycle finished: starting next cycle
   (3.6s) probing: 52/1467 (3.5%) - 1188 fixings, 0 aggregations, 274559 implications, 0 bound changes
   (3.6s) probing aborted: 50/50 successive totally useless probings
(round 141, exhaustive) 1253 del vars, 605 del conss, 0 add conss, 4524 chg bounds, 0 chg sides, 3414 chg coeffs, 648 upgd conss, 275197 impls, 10 clqs
(round 142, fast)       1253 del vars, 615 del conss, 0 add conss, 4524 chg bounds, 0 chg sides, 3414 chg coeffs, 648 upgd conss, 275197 impls, 10 clqs
   (3.6s) sparsify finished: 2/10311 (0.0%) nonzeros canceled - in total 16 canceled nonzeros, 1462 changed coefficients, 0 added nonzeros
(round 143, exhaustive) 1253 del vars, 615 del conss, 0 add conss, 4524 chg bounds, 0 chg sides, 3562 chg coeffs, 648 upgd conss, 275197 impls, 10 clqs
   (3.7s) probing: 57/1467 (3.9%) - 1188 fixings, 0 aggregations, 274559 implications, 0 bound changes
   (3.7s) probing aborted: 50/50 successive totally useless probings
   (3.7s) symmetry computation started: requiring (bin +, int -, cont +), (fixed: bin -, int +, cont -)
   (3.7s) symmetry computation finished: 2 generators found (max: 1500, log10 of symmetry group size: 0.8)
presolving (144 rounds: 144 fast, 97 medium, 96 exhaustive):
 1253 deleted vars, 615 deleted constraints, 1 added constraints, 4524 tightened bounds, 0 added holes, 0 changed sides, 3562 changed coefficients
 275197 implications, 10 cliques
presolved problem has 2947 variables (1467 bin, 0 int, 0 impl, 1480 cont) and 1512 constraints
     26 constraints of type <varbound>
     10 constraints of type <setppc>
   1475 constraints of type <linear>
      1 constraints of type <orbitope>
Presolving Time: 3.67

 time | node  | left  |LP iter|LP it/n|mem/heur|mdpt |vars |cons |rows |cuts |sepa|confs|strbr|  dualbound   | primalbound  |  gap   | compl. 
  3.8s|     1 |     0 |   351 |     - |    93M |   0 |2947 |1513 |1511 |   0 |  0 |   0 |   0 |-3.162152e+00 |      --      |    Inf | unknown
r 3.8s|     1 |     0 |   351 |     - |randroun|   0 |2947 |1513 |1511 |   0 |  0 |   0 |   0 |-3.162152e+00 |-3.162152e+00 |   0.00%| unknown
  3.8s|     1 |     0 |   351 |     - |    93M |   0 |2947 |1513 |1511 |   0 |  0 |   0 |   0 |-3.162152e+00 |-3.162152e+00 |   0.00%| unknown

SCIP Status        : problem is solved [optimal solution found]
Solving Time (sec) : 3.77
Solving Nodes      : 1
Primal Bound       : -3.16215170278638e+00 (1 solutions)
Dual Bound         : -3.16215170278638e+00
Gap                : 0.00 %

primal solution (original space):
=================================

objective value:                    -3.16215170278638
y_2,88_                                             1 	(obj:0)
y_4,88_                                             1 	(obj:0)
y_5,88_                                             1 	(obj:0)
y_6,88_                                             1 	(obj:0)
y_8,88_                                             1 	(obj:0)
y_9,88_                                             1 	(obj:0)
y_10,88_                                            1 	(obj:0)
y_1,89_                                             1 	(obj:0)
y_3,89_                                             1 	(obj:0)
y_7,89_                                             1 	(obj:0)
x_5_                               -0.315789473684211 	(obj:1)
t_6,89_                                             1 	(obj:0)
t_3,89_                                             1 	(obj:0)
x_6_                               -0.315789473684211 	(obj:1)
t_2,89_                                             1 	(obj:0)
x_10_                              -0.315789473684211 	(obj:1)
t_7,89_                                             1 	(obj:0)
x_2_                               -0.315789473684211 	(obj:1)
t_4,89_                                             1 	(obj:0)
x_7_                               -0.315789473684211 	(obj:1)
t_1,89_                                             1 	(obj:0)
x_1_                               -0.315789473684211 	(obj:1)
t_8,89_                                             1 	(obj:0)
x_8_                               -0.315789473684211 	(obj:1)
t_9,88_                             0.222426470588143 	(obj:0)
t_9,89_                             0.777573529411857 	(obj:0)
x_4_                               -0.315789473684211 	(obj:1)
x_9_                               -0.320046439628481 	(obj:1)
t_5,89_                                             1 	(obj:0)
t_10,89_                                            1 	(obj:0)
x_3_                               -0.315789473684211 	(obj:1)

Statistics
==========

SCIP Status        : problem is solved [optimal solution found]
Total Time         :       3.79
  solving          :       3.77
  presolving       :       3.67 (included in solving)
  reading          :       0.02
  copying          :       0.00 (0 times copied the problem)
Original Problem   :
  Problem name     : ../modeles/10_209.lp
  Variables        : 4200 (2090 binary, 0 integer, 0 implicit integer, 2110 continuous)
  Constraints      : 2131 initial, 2131 maximal
  Objective        : minimize, 10 non-zeros (abs.min = 1, abs.max = 1)
Presolved Problem  :
  Problem name     : t_../modeles/10_209.lp
  Variables        : 2947 (1467 binary, 0 integer, 0 implicit integer, 1480 continuous)
  Constraints      : 1512 initial, 1513 maximal
  Objective        : minimize, 1480 non-zeros (abs.min = 0.00956938, abs.max = 1.4067)
  Nonzeros         : 10750 constraint, 1467 clique table
Presolvers         :   ExecTime  SetupTime  Calls  FixedVars   AggrVars   ChgTypes  ChgBounds   AddHoles    DelCons    AddCons   ChgSides   ChgCoefs
  boundshift       :       0.00       0.00      0          0          0          0          0          0          0          0          0          0
  convertinttobin  :       0.00       0.00      0          0          0          0          0          0          0          0          0          0
  domcol           :       0.45       0.00     55          0          0          0          0          0          0          0          0          0
  dualagg          :       0.00       0.00      0          0          0          0          0          0          0          0          0          0
  dualcomp         :       0.13       0.00     55          0          0          0          0          0          0          0          0          0
  dualinfer        :       0.00       0.00      0          0          0          0          0          0          0          0          0          0
  dualsparsify     :       0.00       0.00      1          0          0          0          0          0          0          0          0          0
  gateextraction   :       0.00       0.00      0          0          0          0          0          0          0          0          0          0
  implics          :       0.01       0.00     97          0          0          0          0          0          0          0          0          0
  inttobinary      :       0.00       0.00      0          0          0          0          0          0          0          0          0          0
  milp             :       0.09       0.00      3         11          0          0         20          0          0          0          0          0
  qpkktref         :       0.00       0.00      0          0          0          0          0          0          0          0          0          0
  redvub           :       0.00       0.00      0          0          0          0          0          0          0          0          0          0
  sparsify         :       0.53       0.00     19          0          0          0          0          0          0          0          0       1462
  stuffing         :       0.00       0.00      0          0          0          0          0          0          0          0          0          0
  trivial          :       0.02       0.00    144          0          0          0          0          0          0          0          0          0
  tworowbnd        :       0.00       0.00      0          0          0          0          0          0          0          0          0          0
  dualfix          :       0.02       0.00    144          0          0          0          0          0          0          0          0          0
  genvbounds       :       0.00       0.00      0          0          0          0          0          0          0          0          0          0
  probing          :       1.95       0.00     48       1188          0          0          0          0          0          0          0          0
  pseudoobj        :       0.00       0.00      0          0          0          0          0          0          0          0          0          0
  symmetry         :       0.02       0.00      1          0          0          0          0          0          0          1          0          0
  vbounds          :       0.00       0.00      1          0          0          0          0          0          0          0          0          0
  varbound         :       0.01       0.00    237          0          0          0         42          0        612          0          0          0
  setppc           :       0.02       0.00    332          0          0          0          0          0          0          0          0          0
  linear           :       0.39       0.00    240         44         10          0       4462          0          3          0          0       2100
  orbitope         :       0.00       0.00      0          0          0          0          0          0          0          0          0          0
  logicor          :       0.00       0.00      0          0          0          0          0          0          0          0          0          0
  benders          :       0.00       0.00      0          0          0          0          0          0          0          0          0          0
  components       :       0.00       0.00      1          0          0          0          0          0          0          0          0          0
  root node        :          -          -      -          0          -          -          0          -          -          -          -          -
Constraints        :     Number  MaxNumber  #Separate #Propagate    #EnfoLP    #EnfoRelax  #EnfoPS    #Check   #ResProp    Cutoffs    DomReds       Cuts    Applied      Conss   Children
  benderslp        :          0          0          0          0          0          0          0         11          0          0          0          0          0          0          0
  integral         :          0          0          0          0          0          0          0         11          0          0          0          0          0          0          0
  varbound         :         26         26          0       5966          0          0          0          5          0          0          0          0          0          0          0
  setppc           :         10         10          0       5932          0          0          0          5          0          0          0          0          0          0          0
  linear           :       1475       1475          0       5966          0          0          0          1          0        657          0          0          0          0          0
  orbitope         :          1          1          0        170          0          0          0          1          0          0          0          0          0          0          0
  logicor          :          0+         1          0          8          0          0          0          0          0          0          0          0          0          0          0
  benders          :          0          0          0          0          0          0          0          2          0          0          0          0          0          0          0
  countsols        :          0          0          0          0          0          0          0          2          0          0          0          0          0          0          0
  components       :          0          0          0          0          0          0          0          0          0          0          0          0          0          0          0
Constraint Timings :  TotalTime  SetupTime   Separate  Propagate     EnfoLP     EnfoPS     EnfoRelax   Check    ResProp    SB-Prop
  benderslp        :       0.00       0.00       0.00       0.00       0.00       0.00       0.00       0.00       0.00       0.00
  integral         :       0.00       0.00       0.00       0.00       0.00       0.00       0.00       0.00       0.00       0.00
  varbound         :       0.07       0.00       0.00       0.07       0.00       0.00       0.00       0.00       0.00       0.00
  setppc           :       0.01       0.00       0.00       0.01       0.00       0.00       0.00       0.00       0.00       0.00
  linear           :       0.40       0.00       0.00       0.40       0.00       0.00       0.00       0.00       0.00       0.00
  orbitope         :       0.00       0.00       0.00       0.00       0.00       0.00       0.00       0.00       0.00       0.00
  logicor          :       0.00       0.00       0.00       0.00       0.00       0.00       0.00       0.00       0.00       0.00
  benders          :       0.00       0.00       0.00       0.00       0.00       0.00       0.00       0.00       0.00       0.00
  countsols        :       0.00       0.00       0.00       0.00       0.00       0.00       0.00       0.00       0.00       0.00
  components       :       0.00       0.00       0.00       0.00       0.00       0.00       0.00       0.00       0.00       0.00
Propagators        : #Propagate   #ResProp    Cutoffs    DomReds
  dualfix          :          1          0          0          0
  genvbounds       :          0          0          0          0
  nlobbt           :          0          0          0          0
  obbt             :          0          0          0          0
  probing          :          0          0          0          0
  pseudoobj        :          2          0          0          0
  redcost          :          1          0          0          0
  rootredcost      :          0          0          0          0
  symmetry         :          0          0          0          0
  vbounds          :        123          0          0          0
Propagator Timings :  TotalTime  SetupTime   Presolve  Propagate    ResProp    SB-Prop
  dualfix          :       0.02       0.00       0.02       0.00       0.00       0.00
  genvbounds       :       0.00       0.00       0.00       0.00       0.00       0.00
  nlobbt           :       0.00       0.00       0.00       0.00       0.00       0.00
  obbt             :       0.00       0.00       0.00       0.00       0.00       0.00
  probing          :       1.95       0.00       1.95       0.00       0.00       0.00
  pseudoobj        :       0.00       0.00       0.00       0.00       0.00       0.00
  redcost          :       0.00       0.00       0.00       0.00       0.00       0.00
  rootredcost      :       0.00       0.00       0.00       0.00       0.00       0.00
  symmetry         :       0.02       0.00       0.02       0.00       0.00       0.00
  vbounds          :       0.03       0.00       0.00       0.02       0.00       0.00
Orbital fixing     :
  vars fixed to 0  :          0
  vars fixed to 1  :          0
Conflict Analysis  :       Time      Calls    Success    DomReds  Conflicts   Literals    Reconvs ReconvLits   Dualrays   Nonzeros   LP Iters   (pool size: [10000,10000])
  propagation      :       0.00          0          0          -          0        0.0          0        0.0          -          -          -
  infeasible LP    :       0.00          0          0          -          0        0.0          0        0.0          0        0.0          0
  bound exceed. LP :       0.00          0          0          -          0        0.0          0        0.0          0        0.0          0
  strong branching :       0.00          0          0          -          0        0.0          0        0.0          -          -          0
  pseudo solution  :       0.00          0          0          -          0        0.0          0        0.0          -          -          -
  applied globally :       0.00          -          -          0          0        0.0          -          -          0          -          -
  applied locally  :          -          -          -          0          0        0.0          -          -          0          -          -
Separators         :   ExecTime  SetupTime      Calls    Cutoffs    DomReds       Cuts    Applied      Conss
  cut pool         :       0.00                     0          -          -          0          -          -    (maximal pool size: 0)
  aggregation      :       0.00       0.00          0          0          0          0          0          0
  > cmir           :          -          -          -          -          -          -          0          -
  > flowcover      :          -          -          -          -          -          -          0          -
  > knapsackcover  :          -          -          -          -          -          -          0          -
  cgmip            :       0.00       0.00          0          0          0          0          0          0
  clique           :       0.00       0.00          0          0          0          0          0          0
  closecuts        :       0.00       0.00          0          0          0          0          0          0
  convexproj       :       0.00       0.00          0          0          0          0          0          0
  disjunctive      :       0.00       0.00          0          0          0          0          0          0
  eccuts           :       0.00       0.00          0          0          0          0          0          0
  gauge            :       0.00       0.00          0          0          0          0          0          0
  gomory           :       0.00       0.00          0          0          0          0          0          0
  > gomorymi       :          -          -          -          -          -          -          0          -
  > strongcg       :          -          -          -          -          -          -          0          -
  impliedbounds    :       0.00       0.00          0          0          0          0          0          0
  interminor       :       0.00       0.00          0          0          0          0          0          0
  intobj           :       0.00       0.00          0          0          0          0          0          0
  mcf              :       0.00       0.00          0          0          0          0          0          0
  minor            :       0.00       0.00          0          0          0          0          0          0
  mixing           :       0.00       0.00          0          0          0          0          0          0
  oddcycle         :       0.00       0.00          0          0          0          0          0          0
  rapidlearning    :       0.00       0.00          0          0          0          0          0          0
  rlt              :       0.00       0.00          0          0          0          0          0          0
  zerohalf         :       0.00       0.00          0          0          0          0          0          0
Cutselectors       :   ExecTime  SetupTime
  hybrid           :       0.00       0.00
Pricers            :   ExecTime  SetupTime      Calls       Vars
  problem variables:       0.00          -          0          0
Branching Rules    :   ExecTime  SetupTime   BranchLP  BranchExt   BranchPS    Cutoffs    DomReds       Cuts      Conss   Children
  allfullstrong    :       0.00       0.00          0          0          0          0          0          0          0          0
  cloud            :       0.00       0.00          0          0          0          0          0          0          0          0
  distribution     :       0.00       0.00          0          0          0          0          0          0          0          0
  fullstrong       :       0.00       0.00          0          0          0          0          0          0          0          0
  inference        :       0.00       0.00          0          0          0          0          0          0          0          0
  leastinf         :       0.00       0.00          0          0          0          0          0          0          0          0
  lookahead        :       0.00       0.00          0          0          0          0          0          0          0          0
  mostinf          :       0.00       0.00          0          0          0          0          0          0          0          0
  multaggr         :       0.00       0.00          0          0          0          0          0          0          0          0
  nodereopt        :       0.00       0.00          0          0          0          0          0          0          0          0
  pscost           :       0.00       0.00          0          0          0          0          0          0          0          0
  random           :       0.00       0.00          0          0          0          0          0          0          0          0
  relpscost        :       0.00       0.00          0          0          0          0          0          0          0          0
  vanillafullstrong:       0.00       0.00          0          0          0          0          0          0          0          0
Primal Heuristics  :   ExecTime  SetupTime      Calls      Found       Best
  LP solutions     :       0.00          -          -          0          0
  relax solutions  :       0.00          -          -          0          0
  pseudo solutions :       0.00          -          -          0          0
  strong branching :       0.00          -          -          0          0
  actconsdiving    :       0.00       0.00          0          0          0
  adaptivediving   :       0.00       0.00          0          0          0
  alns             :       0.00       0.00          0          0          0
  bound            :       0.00       0.00          0          0          0
  clique           :       0.02       0.00          1          0          0
  coefdiving       :       0.00       0.00          0          0          0
  completesol      :       0.00       0.00          0          0          0
  conflictdiving   :       0.00       0.00          0          0          0
  crossover        :       0.00       0.00          0          0          0
  dins             :       0.00       0.00          0          0          0
  distributiondivin:       0.00       0.00          0          0          0
  dps              :       0.00       0.00          0          0          0
  dualval          :       0.00       0.00          0          0          0
  farkasdiving     :       0.00       0.00          0          0          0
  feaspump         :       0.00       0.00          0          0          0
  fixandinfer      :       0.00       0.00          0          0          0
  fracdiving       :       0.00       0.00          0          0          0
  gins             :       0.00       0.00          0          0          0
  guideddiving     :       0.00       0.00          0          0          0
  indicator        :       0.00       0.00          0          0          0
  intdiving        :       0.00       0.00          0          0          0
  intshifting      :       0.00       0.00          0          0          0
  linesearchdiving :       0.00       0.00          0          0          0
  localbranching   :       0.00       0.00          0          0          0
  locks            :       0.01       0.00          1          0          0
  lpface           :       0.00       0.00          0          0          0
  mpec             :       0.00       0.00          0          0          0
  multistart       :       0.00       0.00          0          0          0
  mutation         :       0.00       0.00          0          0          0
  nlpdiving        :       0.00       0.00          0          0          0
  objpscostdiving  :       0.00       0.00          0          0          0
  octane           :       0.00       0.00          0          0          0
  ofins            :       0.00       0.00          0          0          0
  oneopt           :       0.00       0.00          0          0          0
  padm             :       0.00       0.00          0          0          0
  proximity        :       0.00       0.00          0          0          0
  pscostdiving     :       0.00       0.00          0          0          0
  randrounding     :       0.00       0.00          1          1          1
  rens             :       0.00       0.00          0          0          0
  reoptsols        :       0.00       0.00          0          0          0
  repair           :       0.00       0.00          0          0          0
  rins             :       0.00       0.00          0          0          0
  rootsoldiving    :       0.00       0.00          0          0          0
  rounding         :       0.00       0.00          0          0          0
  shiftandpropagate:       0.01       0.00          1          0          0
  shifting         :       0.00       0.00          0          0          0
  simplerounding   :       0.00       0.00          0          0          0
  subnlp           :       0.00       0.00          0          0          0
  trivial          :       0.01       0.00          2          0          0
  trivialnegation  :       0.00       0.00          0          0          0
  trustregion      :       0.00       0.00          0          0          0
  trysol           :       0.00       0.00          0          0          0
  twoopt           :       0.00       0.00          0          0          0
  undercover       :       0.00       0.00          0          0          0
  vbounds          :       0.00       0.00          0          0          0
  veclendiving     :       0.00       0.00          0          0          0
  zeroobj          :       0.00       0.00          0          0          0
  zirounding       :       0.00       0.00          0          0          0
  other solutions  :          -          -          -          0          -
Diving (single)    :      Calls      Nodes   LP Iters Backtracks  Conflicts   MinDepth   MaxDepth   AvgDepth  RoundSols  NLeafSols  MinSolDpt  MaxSolDpt  AvgSolDpt
  actconsdiving    :          0          -          -          -          -          -          -          -          -          -          -          -          -
  coefdiving       :          0          -          -          -          -          -          -          -          -          -          -          -          -
  conflictdiving   :          0          -          -          -          -          -          -          -          -          -          -          -          -
  distributiondivin:          0          -          -          -          -          -          -          -          -          -          -          -          -
  farkasdiving     :          0          -          -          -          -          -          -          -          -          -          -          -          -
  fracdiving       :          0          -          -          -          -          -          -          -          -          -          -          -          -
  guideddiving     :          0          -          -          -          -          -          -          -          -          -          -          -          -
  linesearchdiving :          0          -          -          -          -          -          -          -          -          -          -          -          -
  pscostdiving     :          0          -          -          -          -          -          -          -          -          -          -          -          -
  veclendiving     :          0          -          -          -          -          -          -          -          -          -          -          -          -
Diving (adaptive)  :      Calls      Nodes   LP Iters Backtracks  Conflicts   MinDepth   MaxDepth   AvgDepth  RoundSols  NLeafSols  MinSolDpt  MaxSolDpt  AvgSolDpt
  actconsdiving    :          0          -          -          -          -          -          -          -          -          -          -          -          -
  coefdiving       :          0          -          -          -          -          -          -          -          -          -          -          -          -
  conflictdiving   :          0          -          -          -          -          -          -          -          -          -          -          -          -
  distributiondivin:          0          -          -          -          -          -          -          -          -          -          -          -          -
  farkasdiving     :          0          -          -          -          -          -          -          -          -          -          -          -          -
  fracdiving       :          0          -          -          -          -          -          -          -          -          -          -          -          -
  guideddiving     :          0          -          -          -          -          -          -          -          -          -          -          -          -
  linesearchdiving :          0          -          -          -          -          -          -          -          -          -          -          -          -
  pscostdiving     :          0          -          -          -          -          -          -          -          -          -          -          -          -
  veclendiving     :          0          -          -          -          -          -          -          -          -          -          -          -          -
Neighborhoods      :      Calls  SetupTime  SolveTime SolveNodes       Sols       Best       Exp3  EpsGreedy        UCB TgtFixRate  Opt  Inf Node Stal  Sol  Usr Othr Actv
  rens             :          0       0.00       0.00          0          0          0    0.00000   -1.00000    1.00000      0.900    0    0    0    0    0    0    0    1
  rins             :          0       0.00       0.00          0          0          0    0.00000   -1.00000    1.00000      0.900    0    0    0    0    0    0    0    1
  mutation         :          0       0.00       0.00          0          0          0    0.00000   -1.00000    1.00000      0.900    0    0    0    0    0    0    0    1
  localbranching   :          0       0.00       0.00          0          0          0    0.00000   -1.00000    1.00000      0.900    0    0    0    0    0    0    0    1
  crossover        :          0       0.00       0.00          0          0          0    0.00000   -1.00000    1.00000      0.900    0    0    0    0    0    0    0    1
  proximity        :          0       0.00       0.00          0          0          0    0.00000   -1.00000    1.00000      0.900    0    0    0    0    0    0    0    1
  zeroobjective    :          0       0.00       0.00          0          0          0    0.00000   -1.00000    1.00000      0.900    0    0    0    0    0    0    0    1
  dins             :          0       0.00       0.00          0          0          0    0.00000   -1.00000    1.00000      0.900    0    0    0    0    0    0    0    1
  trustregion      :          0       0.00       0.00          0          0          0    0.00000   -1.00000    1.00000      0.900    0    0    0    0    0    0    0    0
LP                 :       Time      Calls Iterations  Iter/call   Iter/sec  Time-0-It Calls-0-It    ItLimit
  primal LP        :       0.00          0          0       0.00          -       0.00          0
  dual LP          :       0.02          1        328     328.00   20816.15       0.00          0
  lex dual LP      :       0.00          0          0       0.00          -
  barrier LP       :       0.00          0          0       0.00          -       0.00          0
  resolve instable :       0.00          0          0       0.00          -
  diving/probing LP:       0.00          1         23      23.00          -
  strong branching :       0.00          0          0       0.00          -          -          -          0
    (at root node) :          -          0          0       0.00          -
  conflict analysis:       0.00          0          0       0.00          -
B&B Tree           :
  number of runs   :          1
  nodes            :          1 (0 internal, 1 leaves)
  feasible leaves  :          0
  infeas. leaves   :          0
  objective leaves :          1
  nodes (total)    :          1 (0 internal, 1 leaves)
  nodes left       :          0
  max depth        :          0
  max depth (total):          0
  backtracks       :          0 (0.0%)
  early backtracks :          0 (0.0%)
  nodes exc. ref.  :          0 (0.0%)
  delayed cutoffs  :          0
  repropagations   :          0 (0 domain reductions, 0 cutoffs)
  avg switch length:       2.00
  switching time   :       0.00
Estim. Tree Size   :          1
Estimation Tree    : 1 nodes (1 visited, 0 internal, 1 leaves, 0 open), weight: 1.0000 completed 1.0000
Estimations        :      estim      value      trend resolution     smooth
  wbe              :          1          -          -          -          -
  tree-profile     :         -1          -          -          -          -
  gap              :          1    1.00000    1.00000          1          1
  tree-weight      :          1    1.00000    1.00000          1          1
  leaf-frequency   :          1    0.50000    1.00000          1          1
  ssg              :          1    0.00000   -1.00000          1          1
  open-nodes       :          1    0.00000    0.00000          1          1
Root Node          :
  First LP value   : -3.16215170278638e+00
  First LP Iters   :        328 (20484.64 Iter/sec)
  First LP Time    :       0.02
  Final Dual Bound : -3.16215170278638e+00
  Final Root Iters :        328
  Root LP Estimate :                     -
Solution           :
  Solutions found  :          1 (1 improvements)
  First Solution   : -3.16215170278638e+00   (in run 1, after 1 nodes, 3.77 seconds, depth 2, found by <randrounding>)
  Gap First Sol.   :       0.00 %
  Gap Last Sol.    :       0.00 %
  Primal Bound     : -3.16215170278638e+00   (in run 1, after 1 nodes, 3.77 seconds, depth 2, found by <randrounding>)
  Dual Bound       : -3.16215170278638e+00
  Gap              :       0.00 %
Integrals          :      Total       Avg%
  primal-dual      :     377.37      99.98
  primal-ref       :          -          - (not evaluated)
  dual-ref         :          -          - (not evaluated)
