SCIP version 8.0.0 [precision: 8 byte] [memory: block] [mode: optimized] [LP solver: SoPlex 6.0.0] [GitHash: a740f0891e]
Copyright (C) 2002-2021 Konrad-Zuse-Zentrum fuer Informationstechnik Berlin (ZIB)

External libraries: 
  SoPlex 6.0.0         Linear Programming Solver developed at Zuse Institute Berlin (soplex.zib.de) [GitHash: 71a5873d]
  CppAD 20180000.0     Algorithmic Differentiation of C++ algorithms developed by B. Bell (github.com/coin-or/CppAD)
  ZLIB 1.2.11          General purpose compression library by J. Gailly and M. Adler (zlib.net)
  GMP 6.2.1            GNU Multiple Precision Arithmetic Library developed by T. Granlund (gmplib.org)
  ZIMPL 3.5.1          Zuse Institute Mathematical Programming Language developed by T. Koch (zimpl.zib.de)
  AMPL/MP 4e2d45c4     AMPL .nl file reader library (github.com/ampl/mp)
  PaPILO 2.0.0         parallel presolve for integer and linear optimization (github.com/scipopt/papilo) [GitHash: 76cafc1]
  bliss 0.73p          Computing Graph Automorphism Groups by T. Junttila and P. Kaski (www.tcs.hut.fi/Software/bliss/)
  Ipopt 3.13.2         Interior Point Optimizer developed by A. Waechter et.al. (github.com/coin-or/Ipopt)

user parameter file <scip.set> not found - using default parameters

read problem <../modeles/10_399.lp>
============

original problem has 8000 variables (3990 bin, 0 int, 0 impl, 4010 cont) and 4031 constraints

solve problem
=============

presolving:
(round 1, fast)       10 del vars, 0 del conss, 0 add conss, 8500 chg bounds, 0 chg sides, 0 chg coeffs, 0 upgd conss, 0 impls, 10 clqs
(round 2, fast)       10 del vars, 0 del conss, 0 add conss, 8500 chg bounds, 0 chg sides, 3980 chg coeffs, 0 upgd conss, 0 impls, 10 clqs
   (0.1s) running MILP presolver
   (0.1s) MILP presolver (2 rounds): 0 aggregations, 0 fixings, 60 bound changes
(round 3, exhaustive) 10 del vars, 0 del conss, 0 add conss, 8560 chg bounds, 0 chg sides, 3980 chg coeffs, 30 upgd conss, 0 impls, 10 clqs
(round 4, exhaustive) 35 del vars, 0 del conss, 0 add conss, 8560 chg bounds, 0 chg sides, 3980 chg coeffs, 30 upgd conss, 9174 impls, 10 clqs
(round 5, exhaustive) 35 del vars, 0 del conss, 0 add conss, 8560 chg bounds, 0 chg sides, 3980 chg coeffs, 80 upgd conss, 9174 impls, 10 clqs
(round 6, exhaustive) 60 del vars, 0 del conss, 0 add conss, 8560 chg bounds, 0 chg sides, 3980 chg coeffs, 80 upgd conss, 19174 impls, 10 clqs
(round 7, exhaustive) 60 del vars, 1 del conss, 0 add conss, 8560 chg bounds, 0 chg sides, 3980 chg coeffs, 127 upgd conss, 19174 impls, 10 clqs
(round 8, exhaustive) 85 del vars, 1 del conss, 0 add conss, 8560 chg bounds, 0 chg sides, 3980 chg coeffs, 127 upgd conss, 25586 impls, 10 clqs
(round 9, fast)       85 del vars, 5 del conss, 0 add conss, 8560 chg bounds, 0 chg sides, 3980 chg coeffs, 127 upgd conss, 25586 impls, 10 clqs
(round 10, exhaustive) 85 del vars, 5 del conss, 0 add conss, 8560 chg bounds, 0 chg sides, 3980 chg coeffs, 165 upgd conss, 25586 impls, 10 clqs
(round 11, exhaustive) 110 del vars, 5 del conss, 0 add conss, 8560 chg bounds, 0 chg sides, 3980 chg coeffs, 165 upgd conss, 35564 impls, 10 clqs
(round 12, exhaustive) 110 del vars, 5 del conss, 0 add conss, 8560 chg bounds, 0 chg sides, 3980 chg coeffs, 215 upgd conss, 35564 impls, 10 clqs
(round 13, exhaustive) 135 del vars, 5 del conss, 0 add conss, 8560 chg bounds, 0 chg sides, 3980 chg coeffs, 215 upgd conss, 42761 impls, 10 clqs
(round 14, exhaustive) 135 del vars, 7 del conss, 0 add conss, 8560 chg bounds, 0 chg sides, 3980 chg coeffs, 259 upgd conss, 42761 impls, 10 clqs
(round 15, exhaustive) 160 del vars, 7 del conss, 0 add conss, 8560 chg bounds, 0 chg sides, 3980 chg coeffs, 259 upgd conss, 52738 impls, 10 clqs
(round 16, exhaustive) 160 del vars, 7 del conss, 0 add conss, 8560 chg bounds, 0 chg sides, 3980 chg coeffs, 309 upgd conss, 52738 impls, 10 clqs
(round 17, exhaustive) 185 del vars, 7 del conss, 0 add conss, 8560 chg bounds, 0 chg sides, 3980 chg coeffs, 309 upgd conss, 59144 impls, 10 clqs
(round 18, exhaustive) 185 del vars, 9 del conss, 0 add conss, 8560 chg bounds, 0 chg sides, 3980 chg coeffs, 353 upgd conss, 59144 impls, 10 clqs
(round 19, exhaustive) 212 del vars, 9 del conss, 0 add conss, 8560 chg bounds, 0 chg sides, 3980 chg coeffs, 353 upgd conss, 69904 impls, 10 clqs
(round 20, fast)       212 del vars, 15 del conss, 0 add conss, 8560 chg bounds, 0 chg sides, 3980 chg coeffs, 353 upgd conss, 69904 impls, 10 clqs
(round 21, exhaustive) 212 del vars, 15 del conss, 0 add conss, 8560 chg bounds, 0 chg sides, 3980 chg coeffs, 385 upgd conss, 69904 impls, 10 clqs
   (1.9s) sparsify finished: 2/27348 (0.0%) nonzeros canceled - in total 2 canceled nonzeros, 399 changed coefficients, 0 added nonzeros
(round 22, exhaustive) 212 del vars, 15 del conss, 0 add conss, 8560 chg bounds, 0 chg sides, 4379 chg coeffs, 385 upgd conss, 69936 impls, 10 clqs
(round 23, exhaustive) 237 del vars, 15 del conss, 0 add conss, 8560 chg bounds, 0 chg sides, 4379 chg coeffs, 385 upgd conss, 85397 impls, 36 clqs
(round 24, exhaustive) 237 del vars, 17 del conss, 0 add conss, 8560 chg bounds, 0 chg sides, 4379 chg coeffs, 429 upgd conss, 85397 impls, 36 clqs
(round 25, exhaustive) 262 del vars, 17 del conss, 0 add conss, 8560 chg bounds, 0 chg sides, 4379 chg coeffs, 429 upgd conss, 103657 impls, 61 clqs
(round 26, fast)       262 del vars, 22 del conss, 0 add conss, 8560 chg bounds, 0 chg sides, 4379 chg coeffs, 429 upgd conss, 103657 impls, 61 clqs
(round 27, exhaustive) 262 del vars, 22 del conss, 0 add conss, 8560 chg bounds, 0 chg sides, 4379 chg coeffs, 464 upgd conss, 103657 impls, 61 clqs
(round 28, exhaustive) 287 del vars, 22 del conss, 0 add conss, 8560 chg bounds, 0 chg sides, 4379 chg coeffs, 464 upgd conss, 127024 impls, 74 clqs
(round 29, fast)       287 del vars, 26 del conss, 0 add conss, 8560 chg bounds, 0 chg sides, 4379 chg coeffs, 464 upgd conss, 127024 impls, 74 clqs
(round 30, exhaustive) 287 del vars, 26 del conss, 0 add conss, 8560 chg bounds, 0 chg sides, 4379 chg coeffs, 502 upgd conss, 127024 impls, 74 clqs
(round 31, exhaustive) 312 del vars, 26 del conss, 0 add conss, 8560 chg bounds, 0 chg sides, 4379 chg coeffs, 502 upgd conss, 151143 impls, 164 clqs
(round 32, fast)       313 del vars, 34 del conss, 0 add conss, 8561 chg bounds, 0 chg sides, 4379 chg coeffs, 502 upgd conss, 151143 impls, 164 clqs
(round 33, exhaustive) 313 del vars, 34 del conss, 0 add conss, 8561 chg bounds, 0 chg sides, 4379 chg coeffs, 529 upgd conss, 151143 impls, 164 clqs
(round 34, exhaustive) 338 del vars, 34 del conss, 0 add conss, 8561 chg bounds, 0 chg sides, 4379 chg coeffs, 529 upgd conss, 172070 impls, 181 clqs
(round 35, fast)       338 del vars, 40 del conss, 0 add conss, 8561 chg bounds, 0 chg sides, 4379 chg coeffs, 529 upgd conss, 172070 impls, 181 clqs
(round 36, exhaustive) 338 del vars, 40 del conss, 0 add conss, 8561 chg bounds, 0 chg sides, 4379 chg coeffs, 561 upgd conss, 172070 impls, 181 clqs
(round 37, exhaustive) 363 del vars, 40 del conss, 0 add conss, 8561 chg bounds, 0 chg sides, 4379 chg coeffs, 561 upgd conss, 196112 impls, 206 clqs
(round 38, fast)       363 del vars, 45 del conss, 0 add conss, 8561 chg bounds, 0 chg sides, 4379 chg coeffs, 561 upgd conss, 196112 impls, 206 clqs
(round 39, exhaustive) 363 del vars, 45 del conss, 0 add conss, 8561 chg bounds, 0 chg sides, 4379 chg coeffs, 596 upgd conss, 196112 impls, 206 clqs
(round 40, exhaustive) 388 del vars, 45 del conss, 0 add conss, 8561 chg bounds, 0 chg sides, 4379 chg coeffs, 596 upgd conss, 205572 impls, 212 clqs
(round 41, fast)       388 del vars, 51 del conss, 0 add conss, 8561 chg bounds, 0 chg sides, 4379 chg coeffs, 596 upgd conss, 205572 impls, 212 clqs
(round 42, exhaustive) 388 del vars, 51 del conss, 0 add conss, 8561 chg bounds, 0 chg sides, 4379 chg coeffs, 628 upgd conss, 205572 impls, 212 clqs
(round 43, exhaustive) 413 del vars, 51 del conss, 0 add conss, 8561 chg bounds, 0 chg sides, 4379 chg coeffs, 628 upgd conss, 222864 impls, 229 clqs
(round 44, fast)       413 del vars, 59 del conss, 0 add conss, 8561 chg bounds, 0 chg sides, 4379 chg coeffs, 628 upgd conss, 222864 impls, 229 clqs
(round 45, exhaustive) 413 del vars, 59 del conss, 0 add conss, 8561 chg bounds, 0 chg sides, 4379 chg coeffs, 654 upgd conss, 222864 impls, 229 clqs
   (3.4s) sparsify finished: 2/26699 (0.0%) nonzeros canceled - in total 4 canceled nonzeros, 796 changed coefficients, 0 added nonzeros
(round 46, exhaustive) 413 del vars, 59 del conss, 0 add conss, 8561 chg bounds, 0 chg sides, 4776 chg coeffs, 654 upgd conss, 222890 impls, 229 clqs
(round 47, exhaustive) 438 del vars, 59 del conss, 0 add conss, 8561 chg bounds, 0 chg sides, 4776 chg coeffs, 654 upgd conss, 239697 impls, 316 clqs
(round 48, fast)       439 del vars, 69 del conss, 0 add conss, 8562 chg bounds, 0 chg sides, 4776 chg coeffs, 654 upgd conss, 239697 impls, 316 clqs
(round 49, exhaustive) 439 del vars, 69 del conss, 0 add conss, 8562 chg bounds, 0 chg sides, 4776 chg coeffs, 676 upgd conss, 239697 impls, 316 clqs
   (3.7s) probing: 1000/3990 (25.1%) - 446 fixings, 0 aggregations, 248015 implications, 0 bound changes
(round 50, exhaustive) 464 del vars, 69 del conss, 0 add conss, 8562 chg bounds, 0 chg sides, 4776 chg coeffs, 676 upgd conss, 250630 impls, 326 clqs
(round 51, fast)       464 del vars, 79 del conss, 0 add conss, 8562 chg bounds, 0 chg sides, 4776 chg coeffs, 676 upgd conss, 250630 impls, 326 clqs
(round 52, exhaustive) 464 del vars, 79 del conss, 0 add conss, 8562 chg bounds, 0 chg sides, 4776 chg coeffs, 696 upgd conss, 250630 impls, 326 clqs
(round 53, exhaustive) 489 del vars, 79 del conss, 0 add conss, 8562 chg bounds, 0 chg sides, 4776 chg coeffs, 696 upgd conss, 273219 impls, 361 clqs
(round 54, fast)       489 del vars, 86 del conss, 0 add conss, 8562 chg bounds, 0 chg sides, 4776 chg coeffs, 696 upgd conss, 273219 impls, 361 clqs
(round 55, exhaustive) 489 del vars, 86 del conss, 0 add conss, 8562 chg bounds, 0 chg sides, 4776 chg coeffs, 725 upgd conss, 273219 impls, 361 clqs
(round 56, exhaustive) 514 del vars, 86 del conss, 0 add conss, 8562 chg bounds, 0 chg sides, 4776 chg coeffs, 725 upgd conss, 284906 impls, 370 clqs
(round 57, fast)       515 del vars, 96 del conss, 0 add conss, 8563 chg bounds, 0 chg sides, 4776 chg coeffs, 725 upgd conss, 284906 impls, 370 clqs
(round 58, exhaustive) 515 del vars, 96 del conss, 0 add conss, 8563 chg bounds, 0 chg sides, 4776 chg coeffs, 747 upgd conss, 284906 impls, 370 clqs
(round 59, exhaustive) 540 del vars, 96 del conss, 0 add conss, 8563 chg bounds, 0 chg sides, 4776 chg coeffs, 747 upgd conss, 296164 impls, 456 clqs
(round 60, fast)       540 del vars, 105 del conss, 0 add conss, 8563 chg bounds, 0 chg sides, 4776 chg coeffs, 747 upgd conss, 296164 impls, 456 clqs
(round 61, exhaustive) 540 del vars, 105 del conss, 0 add conss, 8563 chg bounds, 0 chg sides, 4776 chg coeffs, 770 upgd conss, 296164 impls, 456 clqs
(round 62, exhaustive) 565 del vars, 105 del conss, 0 add conss, 8563 chg bounds, 0 chg sides, 4776 chg coeffs, 770 upgd conss, 313183 impls, 484 clqs
(round 63, fast)       565 del vars, 116 del conss, 0 add conss, 8563 chg bounds, 0 chg sides, 4776 chg coeffs, 770 upgd conss, 313183 impls, 484 clqs
(round 64, exhaustive) 565 del vars, 116 del conss, 0 add conss, 8563 chg bounds, 0 chg sides, 4776 chg coeffs, 787 upgd conss, 313183 impls, 484 clqs
(round 65, exhaustive) 590 del vars, 116 del conss, 0 add conss, 8563 chg bounds, 0 chg sides, 4776 chg coeffs, 787 upgd conss, 326322 impls, 505 clqs
(round 66, fast)       590 del vars, 125 del conss, 0 add conss, 8563 chg bounds, 0 chg sides, 4776 chg coeffs, 787 upgd conss, 326322 impls, 505 clqs
(round 67, exhaustive) 590 del vars, 125 del conss, 0 add conss, 8563 chg bounds, 0 chg sides, 4776 chg coeffs, 806 upgd conss, 326322 impls, 505 clqs
(round 68, exhaustive) 615 del vars, 125 del conss, 0 add conss, 8563 chg bounds, 0 chg sides, 4776 chg coeffs, 806 upgd conss, 343266 impls, 620 clqs
(round 69, fast)       617 del vars, 136 del conss, 0 add conss, 8565 chg bounds, 0 chg sides, 4776 chg coeffs, 806 upgd conss, 343266 impls, 620 clqs
(round 70, exhaustive) 617 del vars, 136 del conss, 0 add conss, 8565 chg bounds, 0 chg sides, 4776 chg coeffs, 823 upgd conss, 343266 impls, 620 clqs
(round 71, exhaustive) 642 del vars, 136 del conss, 0 add conss, 8565 chg bounds, 0 chg sides, 4776 chg coeffs, 823 upgd conss, 355573 impls, 724 clqs
(round 72, fast)       642 del vars, 143 del conss, 0 add conss, 8565 chg bounds, 0 chg sides, 4776 chg coeffs, 823 upgd conss, 355573 impls, 724 clqs
(round 73, exhaustive) 642 del vars, 143 del conss, 0 add conss, 8565 chg bounds, 0 chg sides, 4776 chg coeffs, 852 upgd conss, 355573 impls, 724 clqs
(round 74, exhaustive) 667 del vars, 143 del conss, 0 add conss, 8565 chg bounds, 0 chg sides, 4776 chg coeffs, 852 upgd conss, 365560 impls, 751 clqs
(round 75, fast)       669 del vars, 153 del conss, 0 add conss, 8567 chg bounds, 0 chg sides, 4776 chg coeffs, 852 upgd conss, 365560 impls, 751 clqs
(round 76, exhaustive) 669 del vars, 153 del conss, 0 add conss, 8567 chg bounds, 0 chg sides, 4776 chg coeffs, 875 upgd conss, 365560 impls, 751 clqs
(round 77, exhaustive) 694 del vars, 153 del conss, 0 add conss, 8567 chg bounds, 0 chg sides, 4776 chg coeffs, 875 upgd conss, 375893 impls, 785 clqs
(round 78, fast)       695 del vars, 164 del conss, 0 add conss, 8568 chg bounds, 0 chg sides, 4776 chg coeffs, 875 upgd conss, 375893 impls, 785 clqs
(round 79, exhaustive) 695 del vars, 164 del conss, 0 add conss, 8568 chg bounds, 0 chg sides, 4776 chg coeffs, 890 upgd conss, 375893 impls, 785 clqs
(round 80, exhaustive) 720 del vars, 164 del conss, 0 add conss, 8568 chg bounds, 0 chg sides, 4776 chg coeffs, 890 upgd conss, 392678 impls, 829 clqs
(round 81, fast)       720 del vars, 172 del conss, 0 add conss, 8568 chg bounds, 0 chg sides, 4776 chg coeffs, 890 upgd conss, 392678 impls, 829 clqs
(round 82, exhaustive) 720 del vars, 172 del conss, 0 add conss, 8568 chg bounds, 0 chg sides, 4776 chg coeffs, 916 upgd conss, 392678 impls, 829 clqs
(round 83, exhaustive) 745 del vars, 172 del conss, 0 add conss, 8568 chg bounds, 0 chg sides, 4776 chg coeffs, 916 upgd conss, 407905 impls, 971 clqs
(round 84, fast)       746 del vars, 183 del conss, 0 add conss, 8569 chg bounds, 0 chg sides, 4776 chg coeffs, 916 upgd conss, 407905 impls, 971 clqs
(round 85, exhaustive) 746 del vars, 183 del conss, 0 add conss, 8569 chg bounds, 0 chg sides, 4776 chg coeffs, 931 upgd conss, 407905 impls, 971 clqs
(round 86, exhaustive) 771 del vars, 183 del conss, 0 add conss, 8569 chg bounds, 0 chg sides, 4776 chg coeffs, 931 upgd conss, 419275 impls, 984 clqs
(round 87, fast)       772 del vars, 197 del conss, 0 add conss, 8570 chg bounds, 0 chg sides, 4776 chg coeffs, 931 upgd conss, 419275 impls, 984 clqs
(round 88, exhaustive) 772 del vars, 197 del conss, 0 add conss, 8570 chg bounds, 0 chg sides, 4776 chg coeffs, 941 upgd conss, 419275 impls, 984 clqs
(round 89, exhaustive) 797 del vars, 197 del conss, 0 add conss, 8570 chg bounds, 0 chg sides, 4776 chg coeffs, 941 upgd conss, 438119 impls, 1030 clqs
(round 90, fast)       797 del vars, 206 del conss, 0 add conss, 8570 chg bounds, 0 chg sides, 4776 chg coeffs, 941 upgd conss, 438119 impls, 1030 clqs
(round 91, exhaustive) 797 del vars, 206 del conss, 0 add conss, 8570 chg bounds, 0 chg sides, 4776 chg coeffs, 964 upgd conss, 438119 impls, 1030 clqs
(round 92, exhaustive) 822 del vars, 206 del conss, 0 add conss, 8570 chg bounds, 0 chg sides, 4776 chg coeffs, 964 upgd conss, 450957 impls, 1055 clqs
(round 93, fast)       823 del vars, 216 del conss, 0 add conss, 8571 chg bounds, 0 chg sides, 4776 chg coeffs, 964 upgd conss, 450957 impls, 1055 clqs
(round 94, exhaustive) 823 del vars, 216 del conss, 0 add conss, 8571 chg bounds, 0 chg sides, 4776 chg coeffs, 986 upgd conss, 450957 impls, 1055 clqs
(round 95, exhaustive) 848 del vars, 216 del conss, 0 add conss, 8571 chg bounds, 0 chg sides, 4776 chg coeffs, 986 upgd conss, 464079 impls, 1096 clqs
(round 96, fast)       850 del vars, 226 del conss, 0 add conss, 8573 chg bounds, 0 chg sides, 4776 chg coeffs, 986 upgd conss, 464079 impls, 1096 clqs
(round 97, exhaustive) 850 del vars, 226 del conss, 0 add conss, 8573 chg bounds, 0 chg sides, 4776 chg coeffs, 1010 upgd conss, 464079 impls, 1096 clqs
(round 98, exhaustive) 876 del vars, 226 del conss, 0 add conss, 8573 chg bounds, 0 chg sides, 4776 chg coeffs, 1010 upgd conss, 479050 impls, 1245 clqs
(round 99, fast)       876 del vars, 240 del conss, 0 add conss, 8573 chg bounds, 0 chg sides, 4776 chg coeffs, 1010 upgd conss, 479050 impls, 1245 clqs
(round 100, exhaustive) 876 del vars, 240 del conss, 0 add conss, 8573 chg bounds, 0 chg sides, 4776 chg coeffs, 1020 upgd conss, 479050 impls, 1245 clqs
(round 101, exhaustive) 901 del vars, 240 del conss, 0 add conss, 8573 chg bounds, 0 chg sides, 4776 chg coeffs, 1020 upgd conss, 485032 impls, 1264 clqs
(round 102, fast)       901 del vars, 253 del conss, 0 add conss, 8573 chg bounds, 0 chg sides, 4776 chg coeffs, 1020 upgd conss, 485032 impls, 1264 clqs
(round 103, exhaustive) 901 del vars, 253 del conss, 0 add conss, 8573 chg bounds, 0 chg sides, 4776 chg coeffs, 1031 upgd conss, 485032 impls, 1264 clqs
(round 104, exhaustive) 926 del vars, 253 del conss, 0 add conss, 8573 chg bounds, 0 chg sides, 4776 chg coeffs, 1031 upgd conss, 493245 impls, 1284 clqs
(round 105, fast)       926 del vars, 266 del conss, 0 add conss, 8573 chg bounds, 0 chg sides, 4776 chg coeffs, 1031 upgd conss, 493245 impls, 1284 clqs
(round 106, exhaustive) 926 del vars, 266 del conss, 0 add conss, 8573 chg bounds, 0 chg sides, 4776 chg coeffs, 1042 upgd conss, 493245 impls, 1284 clqs
(round 107, exhaustive) 951 del vars, 266 del conss, 0 add conss, 8573 chg bounds, 0 chg sides, 4776 chg coeffs, 1042 upgd conss, 503623 impls, 1306 clqs
(round 108, fast)       951 del vars, 278 del conss, 0 add conss, 8573 chg bounds, 0 chg sides, 4776 chg coeffs, 1042 upgd conss, 503623 impls, 1306 clqs
(round 109, exhaustive) 951 del vars, 278 del conss, 0 add conss, 8573 chg bounds, 0 chg sides, 4776 chg coeffs, 1056 upgd conss, 503623 impls, 1306 clqs
   (6.6s) probing: 2000/3990 (50.1%) - 952 fixings, 0 aggregations, 514813 implications, 0 bound changes
(round 110, exhaustive) 979 del vars, 278 del conss, 0 add conss, 8573 chg bounds, 0 chg sides, 4776 chg coeffs, 1056 upgd conss, 516232 impls, 1338 clqs
(round 111, fast)       979 del vars, 294 del conss, 0 add conss, 8573 chg bounds, 0 chg sides, 4776 chg coeffs, 1056 upgd conss, 516232 impls, 1338 clqs
(round 112, exhaustive) 979 del vars, 294 del conss, 0 add conss, 8573 chg bounds, 0 chg sides, 4776 chg coeffs, 1064 upgd conss, 516232 impls, 1338 clqs
(round 113, exhaustive) 1004 del vars, 294 del conss, 0 add conss, 8573 chg bounds, 0 chg sides, 4776 chg coeffs, 1064 upgd conss, 521380 impls, 1355 clqs
(round 114, fast)       1004 del vars, 306 del conss, 0 add conss, 8573 chg bounds, 0 chg sides, 4776 chg coeffs, 1064 upgd conss, 521380 impls, 1355 clqs
(round 115, exhaustive) 1004 del vars, 306 del conss, 0 add conss, 8573 chg bounds, 0 chg sides, 4776 chg coeffs, 1077 upgd conss, 521380 impls, 1355 clqs
(round 116, exhaustive) 1030 del vars, 306 del conss, 0 add conss, 8573 chg bounds, 0 chg sides, 4776 chg coeffs, 1077 upgd conss, 527636 impls, 1372 clqs
(round 117, fast)       1030 del vars, 321 del conss, 0 add conss, 8573 chg bounds, 0 chg sides, 4776 chg coeffs, 1077 upgd conss, 527636 impls, 1372 clqs
(round 118, exhaustive) 1030 del vars, 321 del conss, 0 add conss, 8573 chg bounds, 0 chg sides, 4776 chg coeffs, 1084 upgd conss, 527636 impls, 1372 clqs
   (6.9s) sparsify finished: 2/24581 (0.0%) nonzeros canceled - in total 6 canceled nonzeros, 1150 changed coefficients, 0 added nonzeros
(round 119, exhaustive) 1030 del vars, 321 del conss, 0 add conss, 8573 chg bounds, 0 chg sides, 5130 chg coeffs, 1084 upgd conss, 527643 impls, 1372 clqs
(round 120, exhaustive) 1055 del vars, 321 del conss, 0 add conss, 8573 chg bounds, 0 chg sides, 5130 chg coeffs, 1084 upgd conss, 541143 impls, 1412 clqs
(round 121, fast)       1056 del vars, 333 del conss, 0 add conss, 8574 chg bounds, 0 chg sides, 5130 chg coeffs, 1084 upgd conss, 541143 impls, 1412 clqs
(round 122, exhaustive) 1056 del vars, 333 del conss, 0 add conss, 8574 chg bounds, 0 chg sides, 5130 chg coeffs, 1100 upgd conss, 541143 impls, 1412 clqs
(round 123, exhaustive) 1082 del vars, 333 del conss, 0 add conss, 8574 chg bounds, 0 chg sides, 5130 chg coeffs, 1100 upgd conss, 553501 impls, 1590 clqs
(round 124, fast)       1082 del vars, 346 del conss, 0 add conss, 8574 chg bounds, 0 chg sides, 5130 chg coeffs, 1100 upgd conss, 553501 impls, 1590 clqs
(round 125, exhaustive) 1082 del vars, 346 del conss, 0 add conss, 8574 chg bounds, 0 chg sides, 5130 chg coeffs, 1113 upgd conss, 553501 impls, 1590 clqs
(round 126, exhaustive) 1107 del vars, 346 del conss, 0 add conss, 8574 chg bounds, 0 chg sides, 5130 chg coeffs, 1113 upgd conss, 563001 impls, 1611 clqs
(round 127, fast)       1108 del vars, 358 del conss, 0 add conss, 8575 chg bounds, 0 chg sides, 5130 chg coeffs, 1113 upgd conss, 563001 impls, 1611 clqs
(round 128, exhaustive) 1108 del vars, 358 del conss, 0 add conss, 8575 chg bounds, 0 chg sides, 5130 chg coeffs, 1129 upgd conss, 563001 impls, 1611 clqs
(round 129, exhaustive) 1134 del vars, 358 del conss, 0 add conss, 8575 chg bounds, 0 chg sides, 5130 chg coeffs, 1129 upgd conss, 580305 impls, 1818 clqs
(round 130, fast)       1134 del vars, 372 del conss, 0 add conss, 8575 chg bounds, 0 chg sides, 5130 chg coeffs, 1129 upgd conss, 580305 impls, 1818 clqs
(round 131, exhaustive) 1134 del vars, 372 del conss, 0 add conss, 8575 chg bounds, 0 chg sides, 5130 chg coeffs, 1139 upgd conss, 580305 impls, 1818 clqs
(round 132, exhaustive) 1159 del vars, 372 del conss, 0 add conss, 8575 chg bounds, 0 chg sides, 5130 chg coeffs, 1139 upgd conss, 585695 impls, 1836 clqs
(round 133, fast)       1159 del vars, 384 del conss, 0 add conss, 8575 chg bounds, 0 chg sides, 5130 chg coeffs, 1139 upgd conss, 585695 impls, 1836 clqs
(round 134, exhaustive) 1159 del vars, 384 del conss, 0 add conss, 8575 chg bounds, 0 chg sides, 5130 chg coeffs, 1153 upgd conss, 585695 impls, 1836 clqs
(round 135, exhaustive) 1184 del vars, 384 del conss, 0 add conss, 8575 chg bounds, 0 chg sides, 5130 chg coeffs, 1153 upgd conss, 596481 impls, 1880 clqs
(round 136, fast)       1184 del vars, 398 del conss, 0 add conss, 8575 chg bounds, 0 chg sides, 5130 chg coeffs, 1153 upgd conss, 596481 impls, 1880 clqs
(round 137, exhaustive) 1184 del vars, 398 del conss, 0 add conss, 8575 chg bounds, 0 chg sides, 5130 chg coeffs, 1161 upgd conss, 596481 impls, 1880 clqs
(round 138, exhaustive) 1209 del vars, 398 del conss, 0 add conss, 8575 chg bounds, 0 chg sides, 5130 chg coeffs, 1161 upgd conss, 606491 impls, 1915 clqs
(round 139, fast)       1210 del vars, 412 del conss, 0 add conss, 8576 chg bounds, 0 chg sides, 5130 chg coeffs, 1161 upgd conss, 606491 impls, 1915 clqs
   (7.8s) running MILP presolver
   (7.9s) MILP presolver (5 rounds): 0 aggregations, 29 fixings, 0 bound changes
(round 140, medium)     1239 del vars, 428 del conss, 0 add conss, 8576 chg bounds, 0 chg sides, 5130 chg coeffs, 1161 upgd conss, 606491 impls, 1915 clqs
(round 141, exhaustive) 1239 del vars, 429 del conss, 0 add conss, 8576 chg bounds, 0 chg sides, 5130 chg coeffs, 1177 upgd conss, 606491 impls, 1915 clqs
(round 142, exhaustive) 1264 del vars, 429 del conss, 0 add conss, 8576 chg bounds, 0 chg sides, 5130 chg coeffs, 1177 upgd conss, 610401 impls, 1929 clqs
(round 143, fast)       1264 del vars, 443 del conss, 0 add conss, 8576 chg bounds, 0 chg sides, 5130 chg coeffs, 1177 upgd conss, 610401 impls, 1929 clqs
(round 144, exhaustive) 1264 del vars, 443 del conss, 0 add conss, 8576 chg bounds, 0 chg sides, 5130 chg coeffs, 1185 upgd conss, 610401 impls, 1929 clqs
   (8.0s) sparsify finished: 2/23755 (0.0%) nonzeros canceled - in total 8 canceled nonzeros, 1504 changed coefficients, 0 added nonzeros
(round 145, exhaustive) 1264 del vars, 443 del conss, 0 add conss, 8576 chg bounds, 0 chg sides, 5484 chg coeffs, 1185 upgd conss, 610409 impls, 1929 clqs
(round 146, exhaustive) 1289 del vars, 443 del conss, 0 add conss, 8576 chg bounds, 0 chg sides, 5484 chg coeffs, 1185 upgd conss, 618856 impls, 1957 clqs
(round 147, fast)       1290 del vars, 456 del conss, 0 add conss, 8577 chg bounds, 0 chg sides, 5484 chg coeffs, 1185 upgd conss, 618856 impls, 1957 clqs
(round 148, exhaustive) 1290 del vars, 456 del conss, 0 add conss, 8577 chg bounds, 0 chg sides, 5484 chg coeffs, 1198 upgd conss, 618856 impls, 1957 clqs
(round 149, exhaustive) 1318 del vars, 456 del conss, 0 add conss, 8577 chg bounds, 0 chg sides, 5484 chg coeffs, 1198 upgd conss, 629411 impls, 1991 clqs
(round 150, fast)       1318 del vars, 470 del conss, 0 add conss, 8577 chg bounds, 0 chg sides, 5484 chg coeffs, 1198 upgd conss, 629411 impls, 1991 clqs
(round 151, exhaustive) 1318 del vars, 470 del conss, 0 add conss, 8577 chg bounds, 0 chg sides, 5484 chg coeffs, 1208 upgd conss, 629411 impls, 1991 clqs
(round 152, exhaustive) 1343 del vars, 470 del conss, 0 add conss, 8577 chg bounds, 0 chg sides, 5484 chg coeffs, 1208 upgd conss, 635341 impls, 2011 clqs
(round 153, fast)       1344 del vars, 486 del conss, 0 add conss, 8578 chg bounds, 0 chg sides, 5484 chg coeffs, 1208 upgd conss, 635341 impls, 2011 clqs
(round 154, exhaustive) 1344 del vars, 486 del conss, 0 add conss, 8578 chg bounds, 0 chg sides, 5484 chg coeffs, 1212 upgd conss, 635341 impls, 2011 clqs
(round 155, exhaustive) 1369 del vars, 486 del conss, 0 add conss, 8578 chg bounds, 0 chg sides, 5484 chg coeffs, 1212 upgd conss, 647847 impls, 2045 clqs
(round 156, fast)       1369 del vars, 500 del conss, 0 add conss, 8578 chg bounds, 0 chg sides, 5484 chg coeffs, 1212 upgd conss, 647847 impls, 2045 clqs
(round 157, exhaustive) 1369 del vars, 500 del conss, 0 add conss, 8578 chg bounds, 0 chg sides, 5484 chg coeffs, 1220 upgd conss, 647847 impls, 2045 clqs
(round 158, exhaustive) 1394 del vars, 500 del conss, 0 add conss, 8578 chg bounds, 0 chg sides, 5484 chg coeffs, 1220 upgd conss, 658279 impls, 2079 clqs
(round 159, fast)       1397 del vars, 515 del conss, 0 add conss, 8581 chg bounds, 0 chg sides, 5484 chg coeffs, 1220 upgd conss, 658279 impls, 2079 clqs
(round 160, exhaustive) 1397 del vars, 515 del conss, 0 add conss, 8581 chg bounds, 0 chg sides, 5484 chg coeffs, 1227 upgd conss, 658279 impls, 2079 clqs
(round 161, exhaustive) 1422 del vars, 515 del conss, 0 add conss, 8581 chg bounds, 0 chg sides, 5484 chg coeffs, 1227 upgd conss, 668644 impls, 2117 clqs
(round 162, fast)       1424 del vars, 530 del conss, 0 add conss, 8583 chg bounds, 0 chg sides, 5484 chg coeffs, 1227 upgd conss, 668644 impls, 2117 clqs
(round 163, exhaustive) 1424 del vars, 530 del conss, 0 add conss, 8583 chg bounds, 0 chg sides, 5484 chg coeffs, 1236 upgd conss, 668644 impls, 2117 clqs
(round 164, exhaustive) 1449 del vars, 530 del conss, 0 add conss, 8583 chg bounds, 0 chg sides, 5484 chg coeffs, 1236 upgd conss, 674825 impls, 2141 clqs
(round 165, fast)       1451 del vars, 546 del conss, 0 add conss, 8585 chg bounds, 0 chg sides, 5484 chg coeffs, 1236 upgd conss, 674825 impls, 2141 clqs
(round 166, exhaustive) 1451 del vars, 546 del conss, 0 add conss, 8585 chg bounds, 0 chg sides, 5484 chg coeffs, 1241 upgd conss, 674825 impls, 2141 clqs
(round 167, exhaustive) 1476 del vars, 546 del conss, 0 add conss, 8585 chg bounds, 0 chg sides, 5484 chg coeffs, 1241 upgd conss, 683405 impls, 2347 clqs
(round 168, fast)       1477 del vars, 561 del conss, 0 add conss, 8586 chg bounds, 0 chg sides, 5484 chg coeffs, 1241 upgd conss, 683405 impls, 2347 clqs
(round 169, exhaustive) 1477 del vars, 561 del conss, 0 add conss, 8586 chg bounds, 0 chg sides, 5484 chg coeffs, 1248 upgd conss, 683405 impls, 2347 clqs
(round 170, exhaustive) 1502 del vars, 561 del conss, 0 add conss, 8586 chg bounds, 0 chg sides, 5484 chg coeffs, 1248 upgd conss, 692244 impls, 2375 clqs
(round 171, fast)       1503 del vars, 577 del conss, 0 add conss, 8587 chg bounds, 0 chg sides, 5484 chg coeffs, 1248 upgd conss, 692244 impls, 2375 clqs
(round 172, exhaustive) 1503 del vars, 577 del conss, 0 add conss, 8587 chg bounds, 0 chg sides, 5484 chg coeffs, 1252 upgd conss, 692244 impls, 2375 clqs
(round 173, exhaustive) 1529 del vars, 577 del conss, 0 add conss, 8587 chg bounds, 0 chg sides, 5484 chg coeffs, 1252 upgd conss, 700045 impls, 2405 clqs
(round 174, fast)       1529 del vars, 593 del conss, 0 add conss, 8587 chg bounds, 0 chg sides, 5484 chg coeffs, 1252 upgd conss, 700045 impls, 2405 clqs
(round 175, exhaustive) 1529 del vars, 593 del conss, 0 add conss, 8587 chg bounds, 0 chg sides, 5484 chg coeffs, 1256 upgd conss, 700045 impls, 2405 clqs
(round 176, exhaustive) 1554 del vars, 593 del conss, 0 add conss, 8587 chg bounds, 0 chg sides, 5484 chg coeffs, 1256 upgd conss, 706472 impls, 2427 clqs
(round 177, fast)       1557 del vars, 609 del conss, 0 add conss, 8590 chg bounds, 0 chg sides, 5484 chg coeffs, 1256 upgd conss, 706472 impls, 2427 clqs
(round 178, exhaustive) 1557 del vars, 609 del conss, 0 add conss, 8590 chg bounds, 0 chg sides, 5484 chg coeffs, 1264 upgd conss, 706472 impls, 2427 clqs
(round 179, exhaustive) 1583 del vars, 609 del conss, 0 add conss, 8590 chg bounds, 0 chg sides, 5484 chg coeffs, 1264 upgd conss, 716581 impls, 2469 clqs
(round 180, fast)       1583 del vars, 625 del conss, 0 add conss, 8590 chg bounds, 0 chg sides, 5484 chg coeffs, 1264 upgd conss, 716581 impls, 2469 clqs
(round 181, exhaustive) 1583 del vars, 625 del conss, 0 add conss, 8590 chg bounds, 0 chg sides, 5484 chg coeffs, 1268 upgd conss, 716581 impls, 2469 clqs
(round 182, exhaustive) 1608 del vars, 625 del conss, 0 add conss, 8590 chg bounds, 0 chg sides, 5484 chg coeffs, 1268 upgd conss, 725307 impls, 2505 clqs
(round 183, fast)       1610 del vars, 642 del conss, 0 add conss, 8592 chg bounds, 0 chg sides, 5484 chg coeffs, 1268 upgd conss, 725307 impls, 2505 clqs
(round 184, exhaustive) 1610 del vars, 642 del conss, 0 add conss, 8592 chg bounds, 0 chg sides, 5484 chg coeffs, 1271 upgd conss, 725307 impls, 2505 clqs
(round 185, exhaustive) 1635 del vars, 642 del conss, 0 add conss, 8592 chg bounds, 0 chg sides, 5484 chg coeffs, 1271 upgd conss, 738692 impls, 2569 clqs
(round 186, fast)       1635 del vars, 657 del conss, 0 add conss, 8592 chg bounds, 0 chg sides, 5484 chg coeffs, 1271 upgd conss, 738692 impls, 2569 clqs
(round 187, exhaustive) 1635 del vars, 657 del conss, 0 add conss, 8592 chg bounds, 0 chg sides, 5484 chg coeffs, 1276 upgd conss, 738692 impls, 2569 clqs
(round 188, exhaustive) 1661 del vars, 657 del conss, 0 add conss, 8592 chg bounds, 0 chg sides, 5484 chg coeffs, 1276 upgd conss, 750623 impls, 2624 clqs
(round 189, fast)       1661 del vars, 673 del conss, 0 add conss, 8592 chg bounds, 0 chg sides, 5484 chg coeffs, 1276 upgd conss, 750623 impls, 2624 clqs
(round 190, exhaustive) 1661 del vars, 673 del conss, 0 add conss, 8592 chg bounds, 0 chg sides, 5484 chg coeffs, 1280 upgd conss, 750623 impls, 2624 clqs
   (9.8s) probing: 3000/3990 (75.2%) - 1604 fixings, 0 aggregations, 760630 implications, 0 bound changes
(round 191, exhaustive) 1686 del vars, 673 del conss, 0 add conss, 8592 chg bounds, 0 chg sides, 5484 chg coeffs, 1280 upgd conss, 768172 impls, 2697 clqs
(round 192, fast)       1686 del vars, 688 del conss, 0 add conss, 8592 chg bounds, 0 chg sides, 5484 chg coeffs, 1280 upgd conss, 768172 impls, 2697 clqs
(round 193, exhaustive) 1686 del vars, 688 del conss, 0 add conss, 8592 chg bounds, 0 chg sides, 5484 chg coeffs, 1285 upgd conss, 768172 impls, 2697 clqs
(round 194, exhaustive) 1711 del vars, 688 del conss, 0 add conss, 8592 chg bounds, 0 chg sides, 5484 chg coeffs, 1285 upgd conss, 775127 impls, 2721 clqs
(round 195, fast)       1713 del vars, 702 del conss, 0 add conss, 8594 chg bounds, 0 chg sides, 5484 chg coeffs, 1285 upgd conss, 775127 impls, 2721 clqs
(round 196, exhaustive) 1713 del vars, 702 del conss, 0 add conss, 8594 chg bounds, 0 chg sides, 5484 chg coeffs, 1289 upgd conss, 775127 impls, 2721 clqs
(round 197, exhaustive) 1738 del vars, 702 del conss, 0 add conss, 8594 chg bounds, 0 chg sides, 5484 chg coeffs, 1289 upgd conss, 780691 impls, 2740 clqs
(round 198, fast)       1742 del vars, 719 del conss, 0 add conss, 8598 chg bounds, 0 chg sides, 5484 chg coeffs, 1289 upgd conss, 780691 impls, 2740 clqs
(round 199, exhaustive) 1742 del vars, 719 del conss, 0 add conss, 8598 chg bounds, 0 chg sides, 5484 chg coeffs, 1296 upgd conss, 780691 impls, 2740 clqs
(round 200, exhaustive) 1767 del vars, 719 del conss, 0 add conss, 8598 chg bounds, 0 chg sides, 5484 chg coeffs, 1296 upgd conss, 786515 impls, 2762 clqs
(round 201, fast)       1769 del vars, 734 del conss, 0 add conss, 8600 chg bounds, 0 chg sides, 5484 chg coeffs, 1296 upgd conss, 786515 impls, 2762 clqs
(round 202, exhaustive) 1769 del vars, 734 del conss, 0 add conss, 8600 chg bounds, 0 chg sides, 5484 chg coeffs, 1305 upgd conss, 786515 impls, 2762 clqs
(round 203, exhaustive) 1795 del vars, 734 del conss, 0 add conss, 8600 chg bounds, 0 chg sides, 5484 chg coeffs, 1305 upgd conss, 794307 impls, 2794 clqs
(round 204, fast)       1795 del vars, 749 del conss, 0 add conss, 8600 chg bounds, 0 chg sides, 5484 chg coeffs, 1305 upgd conss, 794307 impls, 2794 clqs
(round 205, exhaustive) 1795 del vars, 749 del conss, 0 add conss, 8600 chg bounds, 0 chg sides, 5484 chg coeffs, 1312 upgd conss, 794307 impls, 2794 clqs
(round 206, exhaustive) 1820 del vars, 749 del conss, 0 add conss, 8600 chg bounds, 0 chg sides, 5484 chg coeffs, 1312 upgd conss, 799422 impls, 2813 clqs
(round 207, fast)       1820 del vars, 764 del conss, 0 add conss, 8600 chg bounds, 0 chg sides, 5484 chg coeffs, 1312 upgd conss, 799422 impls, 2813 clqs
(round 208, exhaustive) 1820 del vars, 764 del conss, 0 add conss, 8600 chg bounds, 0 chg sides, 5484 chg coeffs, 1317 upgd conss, 799422 impls, 2813 clqs
(round 209, exhaustive) 1845 del vars, 764 del conss, 0 add conss, 8600 chg bounds, 0 chg sides, 5484 chg coeffs, 1317 upgd conss, 810583 impls, 3088 clqs
(round 210, fast)       1847 del vars, 780 del conss, 0 add conss, 8602 chg bounds, 0 chg sides, 5484 chg coeffs, 1317 upgd conss, 810583 impls, 3088 clqs
(round 211, exhaustive) 1847 del vars, 780 del conss, 0 add conss, 8602 chg bounds, 0 chg sides, 5484 chg coeffs, 1323 upgd conss, 810583 impls, 3088 clqs
(round 212, exhaustive) 1872 del vars, 780 del conss, 0 add conss, 8602 chg bounds, 0 chg sides, 5484 chg coeffs, 1323 upgd conss, 821055 impls, 3135 clqs
(round 213, fast)       1875 del vars, 797 del conss, 0 add conss, 8605 chg bounds, 0 chg sides, 5484 chg coeffs, 1323 upgd conss, 821055 impls, 3135 clqs
(round 214, exhaustive) 1875 del vars, 797 del conss, 0 add conss, 8605 chg bounds, 0 chg sides, 5484 chg coeffs, 1328 upgd conss, 821055 impls, 3135 clqs
(round 215, exhaustive) 1900 del vars, 797 del conss, 0 add conss, 8605 chg bounds, 0 chg sides, 5484 chg coeffs, 1328 upgd conss, 825548 impls, 3158 clqs
(round 216, fast)       1902 del vars, 814 del conss, 0 add conss, 8607 chg bounds, 0 chg sides, 5484 chg coeffs, 1328 upgd conss, 825548 impls, 3158 clqs
(round 217, exhaustive) 1902 del vars, 814 del conss, 0 add conss, 8607 chg bounds, 0 chg sides, 5484 chg coeffs, 1331 upgd conss, 825548 impls, 3158 clqs
(round 218, exhaustive) 1927 del vars, 814 del conss, 0 add conss, 8607 chg bounds, 0 chg sides, 5484 chg coeffs, 1331 upgd conss, 836599 impls, 3203 clqs
(round 219, fast)       1927 del vars, 829 del conss, 0 add conss, 8607 chg bounds, 0 chg sides, 5484 chg coeffs, 1331 upgd conss, 836599 impls, 3203 clqs
(round 220, exhaustive) 1927 del vars, 829 del conss, 0 add conss, 8607 chg bounds, 0 chg sides, 5484 chg coeffs, 1336 upgd conss, 836599 impls, 3203 clqs
(round 221, exhaustive) 1953 del vars, 829 del conss, 0 add conss, 8607 chg bounds, 0 chg sides, 5484 chg coeffs, 1336 upgd conss, 843222 impls, 3237 clqs
(round 222, fast)       1953 del vars, 846 del conss, 0 add conss, 8607 chg bounds, 0 chg sides, 5484 chg coeffs, 1336 upgd conss, 843222 impls, 3237 clqs
(round 223, exhaustive) 1978 del vars, 846 del conss, 0 add conss, 8607 chg bounds, 0 chg sides, 5484 chg coeffs, 1337 upgd conss, 850796 impls, 3270 clqs
(round 224, fast)       1982 del vars, 865 del conss, 0 add conss, 8611 chg bounds, 0 chg sides, 5484 chg coeffs, 1337 upgd conss, 850797 impls, 3270 clqs
(round 225, exhaustive) 2007 del vars, 865 del conss, 0 add conss, 8611 chg bounds, 0 chg sides, 5484 chg coeffs, 1338 upgd conss, 857946 impls, 3307 clqs
(round 226, fast)       2009 del vars, 883 del conss, 0 add conss, 8613 chg bounds, 0 chg sides, 5484 chg coeffs, 1338 upgd conss, 857947 impls, 3307 clqs
(round 227, exhaustive) 2034 del vars, 883 del conss, 0 add conss, 8613 chg bounds, 0 chg sides, 5484 chg coeffs, 1338 upgd conss, 866168 impls, 3335 clqs
(round 228, fast)       2036 del vars, 901 del conss, 0 add conss, 8615 chg bounds, 0 chg sides, 5484 chg coeffs, 1338 upgd conss, 866168 impls, 3335 clqs
(round 229, exhaustive) 2061 del vars, 901 del conss, 0 add conss, 8615 chg bounds, 0 chg sides, 5484 chg coeffs, 1338 upgd conss, 879313 impls, 3393 clqs
(round 230, fast)       2063 del vars, 918 del conss, 0 add conss, 8617 chg bounds, 0 chg sides, 5484 chg coeffs, 1338 upgd conss, 879313 impls, 3393 clqs
(round 231, exhaustive) 2063 del vars, 918 del conss, 0 add conss, 8617 chg bounds, 0 chg sides, 5484 chg coeffs, 1341 upgd conss, 879313 impls, 3393 clqs
(round 232, exhaustive) 2088 del vars, 918 del conss, 0 add conss, 8617 chg bounds, 0 chg sides, 5484 chg coeffs, 1341 upgd conss, 886009 impls, 3421 clqs
(round 233, fast)       2089 del vars, 934 del conss, 0 add conss, 8618 chg bounds, 0 chg sides, 5484 chg coeffs, 1341 upgd conss, 886009 impls, 3421 clqs
(round 234, exhaustive) 2089 del vars, 934 del conss, 0 add conss, 8618 chg bounds, 0 chg sides, 5484 chg coeffs, 1345 upgd conss, 886009 impls, 3421 clqs
(round 235, exhaustive) 2114 del vars, 934 del conss, 0 add conss, 8618 chg bounds, 0 chg sides, 5484 chg coeffs, 1345 upgd conss, 892998 impls, 3450 clqs
(round 236, fast)       2114 del vars, 950 del conss, 0 add conss, 8618 chg bounds, 0 chg sides, 5484 chg coeffs, 1345 upgd conss, 892998 impls, 3450 clqs
(round 237, exhaustive) 2139 del vars, 950 del conss, 0 add conss, 8618 chg bounds, 0 chg sides, 5484 chg coeffs, 1347 upgd conss, 899621 impls, 3475 clqs
(round 238, fast)       2139 del vars, 966 del conss, 0 add conss, 8618 chg bounds, 0 chg sides, 5484 chg coeffs, 1347 upgd conss, 899623 impls, 3475 clqs
   (11.5s) running MILP presolver
   (11.5s) MILP presolver (2 rounds): 0 aggregations, 3 fixings, 0 bound changes
(round 239, exhaustive) 2142 del vars, 968 del conss, 0 add conss, 8618 chg bounds, 0 chg sides, 5484 chg coeffs, 1349 upgd conss, 899623 impls, 3475 clqs
(round 240, exhaustive) 2168 del vars, 968 del conss, 0 add conss, 8618 chg bounds, 0 chg sides, 5484 chg coeffs, 1349 upgd conss, 905898 impls, 3754 clqs
(round 241, fast)       2168 del vars, 985 del conss, 0 add conss, 8618 chg bounds, 0 chg sides, 5484 chg coeffs, 1349 upgd conss, 905898 impls, 3754 clqs
(round 242, exhaustive) 2194 del vars, 985 del conss, 0 add conss, 8618 chg bounds, 0 chg sides, 5484 chg coeffs, 1350 upgd conss, 911849 impls, 3789 clqs
(round 243, fast)       2194 del vars, 1002 del conss, 0 add conss, 8618 chg bounds, 0 chg sides, 5484 chg coeffs, 1350 upgd conss, 911850 impls, 3789 clqs
(round 244, exhaustive) 2219 del vars, 1002 del conss, 0 add conss, 8618 chg bounds, 0 chg sides, 5484 chg coeffs, 1351 upgd conss, 916280 impls, 3813 clqs
(round 245, fast)       2221 del vars, 1020 del conss, 0 add conss, 8620 chg bounds, 0 chg sides, 5484 chg coeffs, 1351 upgd conss, 916280 impls, 3813 clqs
(round 246, exhaustive) 2247 del vars, 1020 del conss, 0 add conss, 8620 chg bounds, 0 chg sides, 5484 chg coeffs, 1351 upgd conss, 927471 impls, 4125 clqs
(round 247, fast)       2247 del vars, 1037 del conss, 0 add conss, 8620 chg bounds, 0 chg sides, 5484 chg coeffs, 1351 upgd conss, 927471 impls, 4125 clqs
(round 248, exhaustive) 2279 del vars, 1037 del conss, 0 add conss, 8620 chg bounds, 0 chg sides, 5484 chg coeffs, 1352 upgd conss, 940941 impls, 4458 clqs
(round 249, fast)       2279 del vars, 1058 del conss, 0 add conss, 8620 chg bounds, 0 chg sides, 5484 chg coeffs, 1352 upgd conss, 940942 impls, 4458 clqs
(round 250, exhaustive) 2305 del vars, 1058 del conss, 0 add conss, 8620 chg bounds, 0 chg sides, 5484 chg coeffs, 1353 upgd conss, 947605 impls, 4496 clqs
(round 251, fast)       2305 del vars, 1075 del conss, 0 add conss, 8620 chg bounds, 0 chg sides, 5484 chg coeffs, 1353 upgd conss, 947606 impls, 4496 clqs
(round 252, exhaustive) 2331 del vars, 1075 del conss, 0 add conss, 8620 chg bounds, 0 chg sides, 5484 chg coeffs, 1354 upgd conss, 951965 impls, 4522 clqs
(round 253, fast)       2331 del vars, 1092 del conss, 0 add conss, 8620 chg bounds, 0 chg sides, 5484 chg coeffs, 1354 upgd conss, 951966 impls, 4522 clqs
(round 254, exhaustive) 2356 del vars, 1092 del conss, 0 add conss, 8620 chg bounds, 0 chg sides, 5484 chg coeffs, 1355 upgd conss, 956846 impls, 4552 clqs
(round 255, fast)       2358 del vars, 1110 del conss, 0 add conss, 8622 chg bounds, 0 chg sides, 5484 chg coeffs, 1355 upgd conss, 956847 impls, 4552 clqs
(round 256, exhaustive) 2385 del vars, 1110 del conss, 0 add conss, 8622 chg bounds, 0 chg sides, 5484 chg coeffs, 1355 upgd conss, 962250 impls, 4581 clqs
(round 257, fast)       2385 del vars, 1128 del conss, 0 add conss, 8622 chg bounds, 0 chg sides, 5484 chg coeffs, 1355 upgd conss, 962250 impls, 4581 clqs
(round 258, exhaustive) 2410 del vars, 1128 del conss, 0 add conss, 8622 chg bounds, 0 chg sides, 5484 chg coeffs, 1355 upgd conss, 967061 impls, 4611 clqs
(round 259, fast)       2414 del vars, 1147 del conss, 0 add conss, 8626 chg bounds, 0 chg sides, 5484 chg coeffs, 1355 upgd conss, 967061 impls, 4611 clqs
(round 260, exhaustive) 2441 del vars, 1147 del conss, 0 add conss, 8626 chg bounds, 0 chg sides, 5484 chg coeffs, 1356 upgd conss, 972401 impls, 4641 clqs
(round 261, fast)       2441 del vars, 1165 del conss, 0 add conss, 8626 chg bounds, 0 chg sides, 5484 chg coeffs, 1356 upgd conss, 972401 impls, 4641 clqs
   (12.5s) probing cycle finished: starting next cycle
   (12.6s) probing: 52/2728 (1.9%) - 2348 fixings, 0 aggregations, 973022 implications, 0 bound changes
   (12.6s) probing aborted: 50/50 successive totally useless probings
(round 262, exhaustive) 2456 del vars, 1165 del conss, 0 add conss, 8626 chg bounds, 0 chg sides, 5484 chg coeffs, 1356 upgd conss, 974366 impls, 4653 clqs
(round 263, fast)       2456 del vars, 1175 del conss, 0 add conss, 8626 chg bounds, 0 chg sides, 5484 chg coeffs, 1356 upgd conss, 974366 impls, 4653 clqs
   (12.6s) probing: 57/2728 (2.1%) - 2348 fixings, 0 aggregations, 973022 implications, 0 bound changes
   (12.6s) probing aborted: 50/50 successive totally useless probings
   (12.6s) symmetry computation started: requiring (bin +, int -, cont +), (fixed: bin -, int +, cont -)
   (12.7s) no symmetry present
presolving (264 rounds: 264 fast, 176 medium, 175 exhaustive):
 2456 deleted vars, 1175 deleted constraints, 0 added constraints, 8626 tightened bounds, 0 added holes, 0 changed sides, 5484 changed coefficients
 974366 implications, 4653 cliques
presolved problem has 5544 variables (2728 bin, 0 int, 0 impl, 2816 cont) and 2847 constraints
    176 constraints of type <varbound>
     10 constraints of type <setppc>
   2661 constraints of type <linear>
Presolving Time: 12.64

 time | node  | left  |LP iter|LP it/n|mem/heur|mdpt |vars |cons |rows |cuts |sepa|confs|strbr|  dualbound   | primalbound  |  gap   | compl. 
 12.9s|     1 |     0 |   719 |     - |   187M |   0 |5544 |2848 |2847 |   0 |  0 |   0 |   0 |-3.162212e+00 |      --      |    Inf | unknown
r12.9s|     1 |     0 |   719 |     - |randroun|   0 |5544 |2848 |2847 |   0 |  0 |   0 |   0 |-3.162212e+00 |-3.162212e+00 |   0.00%| unknown
 12.9s|     1 |     0 |   753 |     - |   187M |   0 |5544 |2848 |2847 |   0 |  0 |   0 |   0 |-3.162212e+00 |-3.162212e+00 |   0.00%| unknown

SCIP Status        : problem is solved [optimal solution found]
Solving Time (sec) : 12.95
Solving Nodes      : 1
Primal Bound       : -3.16221217105263e+00 (1 solutions)
Dual Bound         : -3.16221217105263e+00
Gap                : 0.00 %

primal solution (original space):
=================================

objective value:                    -3.16221217105263
y_1,168_                                            1 	(obj:0)
y_3,168_                                            1 	(obj:0)
y_5,168_                                            1 	(obj:0)
y_6,168_                                            1 	(obj:0)
y_7,168_                                            1 	(obj:0)
y_8,168_                                            1 	(obj:0)
y_9,168_                                            1 	(obj:0)
y_10,168_                                           1 	(obj:0)
y_2,169_                                            1 	(obj:0)
y_4,169_                                            1 	(obj:0)
x_5_                               -0.320106907894737 	(obj:1)
t_6,169_                                            1 	(obj:0)
t_3,169_                                            1 	(obj:0)
x_6_                               -0.315789473684211 	(obj:1)
t_2,169_                                            1 	(obj:0)
t_7,169_                                            1 	(obj:0)
x_2_                               -0.315789473684211 	(obj:1)
t_4,169_                                            1 	(obj:0)
x_7_                               -0.315789473684211 	(obj:1)
t_1,169_                                            1 	(obj:0)
t_8,169_                                            1 	(obj:0)
t_5,169_                            0.569335937500038 	(obj:0)
x_8_                               -0.315789473684211 	(obj:1)
t_9,169_                                            1 	(obj:0)
x_4_                               -0.315789473684211 	(obj:1)
x_10_                              -0.315789473684211 	(obj:1)
x_9_                               -0.315789473684211 	(obj:1)
t_5,168_                            0.430664062499962 	(obj:0)
t_10,169_                                           1 	(obj:0)
x_3_                               -0.315789473684211 	(obj:1)
x_1_                               -0.315789473684211 	(obj:1)

Statistics
==========

SCIP Status        : problem is solved [optimal solution found]
Total Time         :      12.97
  solving          :      12.95
  presolving       :      12.64 (included in solving)
  reading          :       0.03
  copying          :       0.00 (0 times copied the problem)
Original Problem   :
  Problem name     : ../modeles/10_399.lp
  Variables        : 8000 (3990 binary, 0 integer, 0 implicit integer, 4010 continuous)
  Constraints      : 4031 initial, 4031 maximal
  Objective        : minimize, 10 non-zeros (abs.min = 1, abs.max = 1)
Presolved Problem  :
  Problem name     : t_../modeles/10_399.lp
  Variables        : 5544 (2728 binary, 0 integer, 0 implicit integer, 2816 continuous)
  Constraints      : 2847 initial, 2848 maximal
  Objective        : minimize, 2816 non-zeros (abs.min = 0.00501253, abs.max = 1.41855)
  Nonzeros         : 19442 constraint, 12014 clique table
Presolvers         :   ExecTime  SetupTime  Calls  FixedVars   AggrVars   ChgTypes  ChgBounds   AddHoles    DelCons    AddCons   ChgSides   ChgCoefs
  boundshift       :       0.00       0.00      0          0          0          0          0          0          0          0          0          0
  convertinttobin  :       0.00       0.00      0          0          0          0          0          0          0          0          0          0
  domcol           :       2.43       0.00     98          0          0          0          0          0          0          0          0          0
  dualagg          :       0.00       0.00      0          0          0          0          0          0          0          0          0          0
  dualcomp         :       0.46       0.00     98          0          0          0          0          0          0          0          0          0
  dualinfer        :       0.00       0.00      0          0          0          0          0          0          0          0          0          0
  dualsparsify     :       0.01       0.00      1          0          0          0          0          0          0          0          0          0
  gateextraction   :       0.00       0.00      0          0          0          0          0          0          0          0          0          0
  implics          :       0.02       0.00    176          0          0          0          0          0          0          0          0          0
  inttobinary      :       0.00       0.00      0          0          0          0          0          0          0          0          0          0
  milp             :       0.21       0.00      3         32          0          0         60          0          0          0          0          0
  qpkktref         :       0.00       0.00      0          0          0          0          0          0          0          0          0          0
  redvub           :       0.00       0.00      0          0          0          0          0          0          0          0          0          0
  sparsify         :       0.45       0.00     20          0          0          0          0          0          0          0          0       1504
  stuffing         :       0.00       0.00      0          0          0          0          0          0          0          0          0          0
  trivial          :       0.05       0.00    264          0          0          0          0          0          0          0          0          0
  tworowbnd        :       0.00       0.00      0          0          0          0          0          0          0          0          0          0
  dualfix          :       0.05       0.00    264          0          0          0          0          0          0          0          0          0
  genvbounds       :       0.00       0.00      0          0          0          0          0          0          0          0          0          0
  probing          :       7.54       0.00     94       2348          0          0          0          0          0          0          0          0
  pseudoobj        :       0.00       0.00      0          0          0          0          0          0          0          0          0          0
  symmetry         :       0.02       0.00      1          0          0          0          0          0          0          0          0          0
  vbounds          :       0.02       0.00     28          0          0          0          0          0          0          0          0          0
  varbound         :       0.05       0.00    436          0          0          0         63          0       1170          0          0          0
  setppc           :       0.09       0.00    610          0          0          0          0          0          0          0          0          0
  linear           :       1.19       0.00    439         66         10          0       8503          0          5          0          0       3980
  logicor          :       0.00       0.00      0          0          0          0          0          0          0          0          0          0
  benders          :       0.00       0.00      0          0          0          0          0          0          0          0          0          0
  components       :       0.00       0.00      1          0          0          0          0          0          0          0          0          0
  root node        :          -          -      -          0          -          -          0          -          -          -          -          -
Constraints        :     Number  MaxNumber  #Separate #Propagate    #EnfoLP    #EnfoRelax  #EnfoPS    #Check   #ResProp    Cutoffs    DomReds       Cuts    Applied      Conss   Children
  benderslp        :          0          0          0          0          0          0          0         11          0          0          0          0          0          0          0
  integral         :          0          0          0          0          0          0          0         11          0          0          0          0          0          0          0
  varbound         :        176        176          0      12054          0          0          0          5          0          0          0          0          0          0          0
  setppc           :         10         10          0      11806          0          0          0          5          0          0          0          0          0          0          0
  linear           :       2661       2661          0      12054          0          0          0          1          0       1501          0          0          0          0          0
  logicor          :          0+         1          0          7          0          0          0          0          0          0          0          0          0          0          0
  benders          :          0          0          0          0          0          0          0          2          0          0          0          0          0          0          0
  countsols        :          0          0          0          0          0          0          0          2          0          0          0          0          0          0          0
  components       :          0          0          0          0          0          0          0          0          0          0          0          0          0          0          0
Constraint Timings :  TotalTime  SetupTime   Separate  Propagate     EnfoLP     EnfoPS     EnfoRelax   Check    ResProp    SB-Prop
  benderslp        :       0.00       0.00       0.00       0.00       0.00       0.00       0.00       0.00       0.00       0.00
  integral         :       0.00       0.00       0.00       0.00       0.00       0.00       0.00       0.00       0.00       0.00
  varbound         :       0.31       0.00       0.00       0.31       0.00       0.00       0.00       0.00       0.00       0.00
  setppc           :       0.02       0.00       0.00       0.02       0.00       0.00       0.00       0.00       0.00       0.00
  linear           :       1.62       0.00       0.00       1.61       0.00       0.00       0.00       0.00       0.00       0.00
  logicor          :       0.00       0.00       0.00       0.00       0.00       0.00       0.00       0.00       0.00       0.00
  benders          :       0.00       0.00       0.00       0.00       0.00       0.00       0.00       0.00       0.00       0.00
  countsols        :       0.00       0.00       0.00       0.00       0.00       0.00       0.00       0.00       0.00       0.00
  components       :       0.00       0.00       0.00       0.00       0.00       0.00       0.00       0.00       0.00       0.00
Propagators        : #Propagate   #ResProp    Cutoffs    DomReds
  dualfix          :          1          0          0          0
  genvbounds       :          0          0          0          0
  nlobbt           :          0          0          0          0
  obbt             :          0          0          0          0
  probing          :          0          0          0          0
  pseudoobj        :          2          0          0          0
  redcost          :          1          0          0          0
  rootredcost      :          0          0          0          0
  symmetry         :          0          0          0          0
  vbounds          :        577          0          0          0
Propagator Timings :  TotalTime  SetupTime   Presolve  Propagate    ResProp    SB-Prop
  dualfix          :       0.05       0.00       0.05       0.00       0.00       0.00
  genvbounds       :       0.00       0.00       0.00       0.00       0.00       0.00
  nlobbt           :       0.00       0.00       0.00       0.00       0.00       0.00
  obbt             :       0.00       0.00       0.00       0.00       0.00       0.00
  probing          :       7.54       0.00       7.54       0.00       0.00       0.00
  pseudoobj        :       0.01       0.00       0.00       0.01       0.00       0.00
  redcost          :       0.00       0.00       0.00       0.00       0.00       0.00
  rootredcost      :       0.00       0.00       0.00       0.00       0.00       0.00
  symmetry         :       0.02       0.00       0.02       0.00       0.00       0.00
  vbounds          :       0.11       0.00       0.02       0.09       0.00       0.00
Conflict Analysis  :       Time      Calls    Success    DomReds  Conflicts   Literals    Reconvs ReconvLits   Dualrays   Nonzeros   LP Iters   (pool size: [10000,10000])
  propagation      :       0.00          0          0          -          0        0.0          0        0.0          -          -          -
  infeasible LP    :       0.00          0          0          -          0        0.0          0        0.0          0        0.0          0
  bound exceed. LP :       0.00          0          0          -          0        0.0          0        0.0          0        0.0          0
  strong branching :       0.00          0          0          -          0        0.0          0        0.0          -          -          0
  pseudo solution  :       0.00          0          0          -          0        0.0          0        0.0          -          -          -
  applied globally :       0.00          -          -          0          0        0.0          -          -          0          -          -
  applied locally  :          -          -          -          0          0        0.0          -          -          0          -          -
Separators         :   ExecTime  SetupTime      Calls    Cutoffs    DomReds       Cuts    Applied      Conss
  cut pool         :       0.00                     0          -          -          0          -          -    (maximal pool size: 0)
  aggregation      :       0.00       0.00          0          0          0          0          0          0
  > cmir           :          -          -          -          -          -          -          0          -
  > flowcover      :          -          -          -          -          -          -          0          -
  > knapsackcover  :          -          -          -          -          -          -          0          -
  cgmip            :       0.00       0.00          0          0          0          0          0          0
  clique           :       0.00       0.00          0          0          0          0          0          0
  closecuts        :       0.00       0.00          0          0          0          0          0          0
  convexproj       :       0.00       0.00          0          0          0          0          0          0
  disjunctive      :       0.00       0.00          0          0          0          0          0          0
  eccuts           :       0.00       0.00          0          0          0          0          0          0
  gauge            :       0.00       0.00          0          0          0          0          0          0
  gomory           :       0.00       0.00          0          0          0          0          0          0
  > gomorymi       :          -          -          -          -          -          -          0          -
  > strongcg       :          -          -          -          -          -          -          0          -
  impliedbounds    :       0.00       0.00          0          0          0          0          0          0
  interminor       :       0.00       0.00          0          0          0          0          0          0
  intobj           :       0.00       0.00          0          0          0          0          0          0
  mcf              :       0.00       0.00          0          0          0          0          0          0
  minor            :       0.00       0.00          0          0          0          0          0          0
  mixing           :       0.00       0.00          0          0          0          0          0          0
  oddcycle         :       0.00       0.00          0          0          0          0          0          0
  rapidlearning    :       0.00       0.00          0          0          0          0          0          0
  rlt              :       0.00       0.00          0          0          0          0          0          0
  zerohalf         :       0.00       0.00          0          0          0          0          0          0
Cutselectors       :   ExecTime  SetupTime
  hybrid           :       0.00       0.00
Pricers            :   ExecTime  SetupTime      Calls       Vars
  problem variables:       0.00          -          0          0
Branching Rules    :   ExecTime  SetupTime   BranchLP  BranchExt   BranchPS    Cutoffs    DomReds       Cuts      Conss   Children
  allfullstrong    :       0.00       0.00          0          0          0          0          0          0          0          0
  cloud            :       0.00       0.00          0          0          0          0          0          0          0          0
  distribution     :       0.00       0.00          0          0          0          0          0          0          0          0
  fullstrong       :       0.00       0.00          0          0          0          0          0          0          0          0
  inference        :       0.00       0.00          0          0          0          0          0          0          0          0
  leastinf         :       0.00       0.00          0          0          0          0          0          0          0          0
  lookahead        :       0.00       0.00          0          0          0          0          0          0          0          0
  mostinf          :       0.00       0.00          0          0          0          0          0          0          0          0
  multaggr         :       0.00       0.00          0          0          0          0          0          0          0          0
  nodereopt        :       0.00       0.00          0          0          0          0          0          0          0          0
  pscost           :       0.00       0.00          0          0          0          0          0          0          0          0
  random           :       0.00       0.00          0          0          0          0          0          0          0          0
  relpscost        :       0.00       0.00          0          0          0          0          0          0          0          0
  vanillafullstrong:       0.00       0.00          0          0          0          0          0          0          0          0
Primal Heuristics  :   ExecTime  SetupTime      Calls      Found       Best
  LP solutions     :       0.00          -          -          0          0
  relax solutions  :       0.00          -          -          0          0
  pseudo solutions :       0.00          -          -          0          0
  strong branching :       0.00          -          -          0          0
  actconsdiving    :       0.00       0.00          0          0          0
  adaptivediving   :       0.00       0.00          0          0          0
  alns             :       0.00       0.00          0          0          0
  bound            :       0.00       0.00          0          0          0
  clique           :       0.03       0.00          1          0          0
  coefdiving       :       0.00       0.00          0          0          0
  completesol      :       0.00       0.00          0          0          0
  conflictdiving   :       0.00       0.00          0          0          0
  crossover        :       0.00       0.00          0          0          0
  dins             :       0.00       0.00          0          0          0
  distributiondivin:       0.00       0.00          0          0          0
  dps              :       0.00       0.00          0          0          0
  dualval          :       0.00       0.00          0          0          0
  farkasdiving     :       0.00       0.00          0          0          0
  feaspump         :       0.00       0.00          0          0          0
  fixandinfer      :       0.00       0.00          0          0          0
  fracdiving       :       0.00       0.00          0          0          0
  gins             :       0.00       0.00          0          0          0
  guideddiving     :       0.00       0.00          0          0          0
  indicator        :       0.00       0.00          0          0          0
  intdiving        :       0.00       0.00          0          0          0
  intshifting      :       0.00       0.00          0          0          0
  linesearchdiving :       0.00       0.00          0          0          0
  localbranching   :       0.00       0.00          0          0          0
  locks            :       0.06       0.00          1          0          0
  lpface           :       0.00       0.00          0          0          0
  mpec             :       0.00       0.00          0          0          0
  multistart       :       0.00       0.00          0          0          0
  mutation         :       0.00       0.00          0          0          0
  nlpdiving        :       0.00       0.00          0          0          0
  objpscostdiving  :       0.00       0.00          0          0          0
  octane           :       0.00       0.00          0          0          0
  ofins            :       0.00       0.00          0          0          0
  oneopt           :       0.00       0.00          0          0          0
  padm             :       0.00       0.00          0          0          0
  proximity        :       0.00       0.00          0          0          0
  pscostdiving     :       0.00       0.00          0          0          0
  randrounding     :       0.01       0.00          1          1          1
  rens             :       0.00       0.00          0          0          0
  reoptsols        :       0.00       0.00          0          0          0
  repair           :       0.00       0.00          0          0          0
  rins             :       0.00       0.00          0          0          0
  rootsoldiving    :       0.00       0.00          0          0          0
  rounding         :       0.00       0.00          0          0          0
  shiftandpropagate:       0.02       0.00          1          0          0
  shifting         :       0.00       0.00          0          0          0
  simplerounding   :       0.00       0.00          0          0          0
  subnlp           :       0.00       0.00          0          0          0
  trivial          :       0.02       0.00          2          0          0
  trivialnegation  :       0.00       0.00          0          0          0
  trustregion      :       0.00       0.00          0          0          0
  trysol           :       0.00       0.00          0          0          0
  twoopt           :       0.00       0.00          0          0          0
  undercover       :       0.00       0.00          0          0          0
  vbounds          :       0.01       0.00          0          0          0
  veclendiving     :       0.00       0.00          0          0          0
  zeroobj          :       0.00       0.00          0          0          0
  zirounding       :       0.00       0.00          0          0          0
  other solutions  :          -          -          -          0          -
Diving (single)    :      Calls      Nodes   LP Iters Backtracks  Conflicts   MinDepth   MaxDepth   AvgDepth  RoundSols  NLeafSols  MinSolDpt  MaxSolDpt  AvgSolDpt
  actconsdiving    :          0          -          -          -          -          -          -          -          -          -          -          -          -
  coefdiving       :          0          -          -          -          -          -          -          -          -          -          -          -          -
  conflictdiving   :          0          -          -          -          -          -          -          -          -          -          -          -          -
  distributiondivin:          0          -          -          -          -          -          -          -          -          -          -          -          -
  farkasdiving     :          0          -          -          -          -          -          -          -          -          -          -          -          -
  fracdiving       :          0          -          -          -          -          -          -          -          -          -          -          -          -
  guideddiving     :          0          -          -          -          -          -          -          -          -          -          -          -          -
  linesearchdiving :          0          -          -          -          -          -          -          -          -          -          -          -          -
  pscostdiving     :          0          -          -          -          -          -          -          -          -          -          -          -          -
  veclendiving     :          0          -          -          -          -          -          -          -          -          -          -          -          -
Diving (adaptive)  :      Calls      Nodes   LP Iters Backtracks  Conflicts   MinDepth   MaxDepth   AvgDepth  RoundSols  NLeafSols  MinSolDpt  MaxSolDpt  AvgSolDpt
  actconsdiving    :          0          -          -          -          -          -          -          -          -          -          -          -          -
  coefdiving       :          0          -          -          -          -          -          -          -          -          -          -          -          -
  conflictdiving   :          0          -          -          -          -          -          -          -          -          -          -          -          -
  distributiondivin:          0          -          -          -          -          -          -          -          -          -          -          -          -
  farkasdiving     :          0          -          -          -          -          -          -          -          -          -          -          -          -
  fracdiving       :          0          -          -          -          -          -          -          -          -          -          -          -          -
  guideddiving     :          0          -          -          -          -          -          -          -          -          -          -          -          -
  linesearchdiving :          0          -          -          -          -          -          -          -          -          -          -          -          -
  pscostdiving     :          0          -          -          -          -          -          -          -          -          -          -          -          -
  veclendiving     :          0          -          -          -          -          -          -          -          -          -          -          -          -
Neighborhoods      :      Calls  SetupTime  SolveTime SolveNodes       Sols       Best       Exp3  EpsGreedy        UCB TgtFixRate  Opt  Inf Node Stal  Sol  Usr Othr Actv
  rens             :          0       0.00       0.00          0          0          0    0.00000   -1.00000    1.00000      0.900    0    0    0    0    0    0    0    1
  rins             :          0       0.00       0.00          0          0          0    0.00000   -1.00000    1.00000      0.900    0    0    0    0    0    0    0    1
  mutation         :          0       0.00       0.00          0          0          0    0.00000   -1.00000    1.00000      0.900    0    0    0    0    0    0    0    1
  localbranching   :          0       0.00       0.00          0          0          0    0.00000   -1.00000    1.00000      0.900    0    0    0    0    0    0    0    1
  crossover        :          0       0.00       0.00          0          0          0    0.00000   -1.00000    1.00000      0.900    0    0    0    0    0    0    0    1
  proximity        :          0       0.00       0.00          0          0          0    0.00000   -1.00000    1.00000      0.900    0    0    0    0    0    0    0    1
  zeroobjective    :          0       0.00       0.00          0          0          0    0.00000   -1.00000    1.00000      0.900    0    0    0    0    0    0    0    1
  dins             :          0       0.00       0.00          0          0          0    0.00000   -1.00000    1.00000      0.900    0    0    0    0    0    0    0    1
  trustregion      :          0       0.00       0.00          0          0          0    0.00000   -1.00000    1.00000      0.900    0    0    0    0    0    0    0    0
LP                 :       Time      Calls Iterations  Iter/call   Iter/sec  Time-0-It Calls-0-It    ItLimit
  primal LP        :       0.00          0          0       0.00          -       0.00          0
  dual LP          :       0.04          1        682     682.00   16136.28       0.00          0
  lex dual LP      :       0.00          0          0       0.00          -
  barrier LP       :       0.00          0          0       0.00          -       0.00          0
  resolve instable :       0.00          0          0       0.00          -
  diving/probing LP:       0.01          2         71      35.50          -
  strong branching :       0.00          0          0       0.00          -          -          -          0
    (at root node) :          -          0          0       0.00          -
  conflict analysis:       0.00          0          0       0.00          -
B&B Tree           :
  number of runs   :          1
  nodes            :          1 (0 internal, 1 leaves)
  feasible leaves  :          0
  infeas. leaves   :          0
  objective leaves :          1
  nodes (total)    :          1 (0 internal, 1 leaves)
  nodes left       :          0
  max depth        :          0
  max depth (total):          0
  backtracks       :          0 (0.0%)
  early backtracks :          0 (0.0%)
  nodes exc. ref.  :          0 (0.0%)
  delayed cutoffs  :          0
  repropagations   :          0 (0 domain reductions, 0 cutoffs)
  avg switch length:       2.00
  switching time   :       0.00
Estim. Tree Size   :          1
Estimation Tree    : 1 nodes (1 visited, 0 internal, 1 leaves, 0 open), weight: 1.0000 completed 1.0000
Estimations        :      estim      value      trend resolution     smooth
  wbe              :          1          -          -          -          -
  tree-profile     :         -1          -          -          -          -
  gap              :          1    1.00000    1.00000          1          1
  tree-weight      :          1    1.00000    1.00000          1          1
  leaf-frequency   :          1    0.50000    1.00000          1          1
  ssg              :          1    0.00000   -1.00000          1          1
  open-nodes       :          1    0.00000    0.00000          1          1
Root Node          :
  First LP value   : -3.16221217105263e+00
  First LP Iters   :        682 (15716.82 Iter/sec)
  First LP Time    :       0.04
  Final Dual Bound : -3.16221217105263e+00
  Final Root Iters :        716
  Root LP Estimate :                     -
Solution           :
  Solutions found  :          1 (1 improvements)
  First Solution   : -3.16221217105263e+00   (in run 1, after 1 nodes, 12.94 seconds, depth 2, found by <randrounding>)
  Gap First Sol.   :       0.00 %
  Gap Last Sol.    :       0.00 %
  Primal Bound     : -3.16221217105263e+00   (in run 1, after 1 nodes, 12.94 seconds, depth 2, found by <randrounding>)
  Dual Bound       : -3.16221217105263e+00
  Gap              :       0.00 %
Integrals          :      Total       Avg%
  primal-dual      :    1294.35      99.97
  primal-ref       :          -          - (not evaluated)
  dual-ref         :          -          - (not evaluated)
