SCIP version 8.0.0 [precision: 8 byte] [memory: block] [mode: optimized] [LP solver: SoPlex 6.0.0] [GitHash: a740f0891e]
Copyright (C) 2002-2021 Konrad-Zuse-Zentrum fuer Informationstechnik Berlin (ZIB)

External libraries: 
  SoPlex 6.0.0         Linear Programming Solver developed at Zuse Institute Berlin (soplex.zib.de) [GitHash: 71a5873d]
  CppAD 20180000.0     Algorithmic Differentiation of C++ algorithms developed by B. Bell (github.com/coin-or/CppAD)
  ZLIB 1.2.11          General purpose compression library by J. Gailly and M. Adler (zlib.net)
  GMP 6.2.1            GNU Multiple Precision Arithmetic Library developed by T. Granlund (gmplib.org)
  ZIMPL 3.5.1          Zuse Institute Mathematical Programming Language developed by T. Koch (zimpl.zib.de)
  AMPL/MP 4e2d45c4     AMPL .nl file reader library (github.com/ampl/mp)
  PaPILO 2.0.0         parallel presolve for integer and linear optimization (github.com/scipopt/papilo) [GitHash: 76cafc1]
  bliss 0.73p          Computing Graph Automorphism Groups by T. Junttila and P. Kaski (www.tcs.hut.fi/Software/bliss/)
  Ipopt 3.13.2         Interior Point Optimizer developed by A. Waechter et.al. (github.com/coin-or/Ipopt)

user parameter file <scip.set> not found - using default parameters

read problem <../modeles/10_379.lp>
============

original problem has 7600 variables (3790 bin, 0 int, 0 impl, 3810 cont) and 3831 constraints

solve problem
=============

presolving:
(round 1, fast)       10 del vars, 0 del conss, 0 add conss, 8060 chg bounds, 0 chg sides, 0 chg coeffs, 0 upgd conss, 0 impls, 10 clqs
(round 2, fast)       10 del vars, 0 del conss, 0 add conss, 8060 chg bounds, 0 chg sides, 3780 chg coeffs, 0 upgd conss, 0 impls, 10 clqs
   (0.1s) running MILP presolver
   (0.1s) MILP presolver (2 rounds): 0 aggregations, 0 fixings, 60 bound changes
(round 3, exhaustive) 10 del vars, 0 del conss, 0 add conss, 8120 chg bounds, 0 chg sides, 3780 chg coeffs, 30 upgd conss, 0 impls, 10 clqs
(round 4, exhaustive) 35 del vars, 0 del conss, 0 add conss, 8120 chg bounds, 0 chg sides, 3780 chg coeffs, 30 upgd conss, 8714 impls, 10 clqs
(round 5, exhaustive) 35 del vars, 0 del conss, 0 add conss, 8120 chg bounds, 0 chg sides, 3780 chg coeffs, 80 upgd conss, 8714 impls, 10 clqs
(round 6, exhaustive) 60 del vars, 0 del conss, 0 add conss, 8120 chg bounds, 0 chg sides, 3780 chg coeffs, 80 upgd conss, 20482 impls, 10 clqs
(round 7, exhaustive) 61 del vars, 2 del conss, 0 add conss, 8121 chg bounds, 0 chg sides, 3780 chg coeffs, 125 upgd conss, 20482 impls, 10 clqs
(round 8, exhaustive) 86 del vars, 2 del conss, 0 add conss, 8121 chg bounds, 0 chg sides, 3780 chg coeffs, 125 upgd conss, 28837 impls, 10 clqs
(round 9, exhaustive) 88 del vars, 5 del conss, 0 add conss, 8123 chg bounds, 0 chg sides, 3780 chg coeffs, 169 upgd conss, 28837 impls, 10 clqs
(round 10, exhaustive) 113 del vars, 5 del conss, 0 add conss, 8123 chg bounds, 0 chg sides, 3780 chg coeffs, 169 upgd conss, 40203 impls, 10 clqs
(round 11, exhaustive) 113 del vars, 6 del conss, 0 add conss, 8123 chg bounds, 0 chg sides, 3780 chg coeffs, 216 upgd conss, 40203 impls, 10 clqs
(round 12, exhaustive) 139 del vars, 6 del conss, 0 add conss, 8123 chg bounds, 0 chg sides, 3780 chg coeffs, 216 upgd conss, 45153 impls, 10 clqs
(round 13, exhaustive) 139 del vars, 9 del conss, 0 add conss, 8123 chg bounds, 0 chg sides, 3780 chg coeffs, 259 upgd conss, 45153 impls, 10 clqs
(round 14, exhaustive) 164 del vars, 9 del conss, 0 add conss, 8123 chg bounds, 0 chg sides, 3780 chg coeffs, 259 upgd conss, 51225 impls, 10 clqs
(round 15, exhaustive) 164 del vars, 10 del conss, 0 add conss, 8123 chg bounds, 0 chg sides, 3780 chg coeffs, 306 upgd conss, 51225 impls, 10 clqs
(round 16, exhaustive) 189 del vars, 10 del conss, 0 add conss, 8123 chg bounds, 0 chg sides, 3780 chg coeffs, 306 upgd conss, 59932 impls, 10 clqs
(round 17, fast)       190 del vars, 16 del conss, 0 add conss, 8124 chg bounds, 0 chg sides, 3780 chg coeffs, 306 upgd conss, 59932 impls, 10 clqs
(round 18, exhaustive) 190 del vars, 16 del conss, 0 add conss, 8124 chg bounds, 0 chg sides, 3780 chg coeffs, 340 upgd conss, 59932 impls, 10 clqs
(round 19, exhaustive) 215 del vars, 16 del conss, 0 add conss, 8124 chg bounds, 0 chg sides, 3780 chg coeffs, 340 upgd conss, 66749 impls, 10 clqs
(round 20, fast)       215 del vars, 20 del conss, 0 add conss, 8124 chg bounds, 0 chg sides, 3780 chg coeffs, 340 upgd conss, 66749 impls, 10 clqs
(round 21, exhaustive) 215 del vars, 20 del conss, 0 add conss, 8124 chg bounds, 0 chg sides, 3780 chg coeffs, 374 upgd conss, 66749 impls, 10 clqs
   (1.5s) sparsify finished: 2/25934 (0.0%) nonzeros canceled - in total 2 canceled nonzeros, 380 changed coefficients, 0 added nonzeros
(round 22, exhaustive) 215 del vars, 20 del conss, 0 add conss, 8124 chg bounds, 0 chg sides, 4160 chg coeffs, 374 upgd conss, 66783 impls, 10 clqs
(round 23, exhaustive) 240 del vars, 20 del conss, 0 add conss, 8124 chg bounds, 0 chg sides, 4160 chg coeffs, 374 upgd conss, 81043 impls, 10 clqs
(round 24, fast)       240 del vars, 25 del conss, 0 add conss, 8124 chg bounds, 0 chg sides, 4160 chg coeffs, 374 upgd conss, 81043 impls, 10 clqs
(round 25, exhaustive) 240 del vars, 25 del conss, 0 add conss, 8124 chg bounds, 0 chg sides, 4160 chg coeffs, 405 upgd conss, 81043 impls, 10 clqs
(round 26, exhaustive) 265 del vars, 25 del conss, 0 add conss, 8124 chg bounds, 0 chg sides, 4160 chg coeffs, 405 upgd conss, 99464 impls, 10 clqs
(round 27, fast)       265 del vars, 31 del conss, 0 add conss, 8124 chg bounds, 0 chg sides, 4160 chg coeffs, 405 upgd conss, 99464 impls, 10 clqs
(round 28, exhaustive) 265 del vars, 31 del conss, 0 add conss, 8124 chg bounds, 0 chg sides, 4160 chg coeffs, 437 upgd conss, 99464 impls, 10 clqs
(round 29, exhaustive) 290 del vars, 31 del conss, 0 add conss, 8124 chg bounds, 0 chg sides, 4160 chg coeffs, 437 upgd conss, 115578 impls, 10 clqs
(round 30, exhaustive) 290 del vars, 34 del conss, 0 add conss, 8124 chg bounds, 0 chg sides, 4160 chg coeffs, 474 upgd conss, 115578 impls, 10 clqs
   (2.1s) sparsify finished: 2/25691 (0.0%) nonzeros canceled - in total 4 canceled nonzeros, 758 changed coefficients, 0 added nonzeros
(round 31, exhaustive) 290 del vars, 34 del conss, 0 add conss, 8124 chg bounds, 0 chg sides, 4538 chg coeffs, 474 upgd conss, 115615 impls, 10 clqs
(round 32, exhaustive) 315 del vars, 34 del conss, 0 add conss, 8124 chg bounds, 0 chg sides, 4538 chg coeffs, 474 upgd conss, 135432 impls, 10 clqs
(round 33, fast)       316 del vars, 39 del conss, 0 add conss, 8125 chg bounds, 0 chg sides, 4538 chg coeffs, 474 upgd conss, 135432 impls, 10 clqs
(round 34, exhaustive) 316 del vars, 39 del conss, 0 add conss, 8125 chg bounds, 0 chg sides, 4538 chg coeffs, 511 upgd conss, 135432 impls, 10 clqs
(round 35, exhaustive) 341 del vars, 39 del conss, 0 add conss, 8125 chg bounds, 0 chg sides, 4538 chg coeffs, 511 upgd conss, 154501 impls, 10 clqs
(round 36, exhaustive) 341 del vars, 42 del conss, 0 add conss, 8125 chg bounds, 0 chg sides, 4538 chg coeffs, 548 upgd conss, 154501 impls, 10 clqs
(round 37, exhaustive) 367 del vars, 42 del conss, 0 add conss, 8125 chg bounds, 0 chg sides, 4538 chg coeffs, 548 upgd conss, 171330 impls, 10 clqs
(round 38, fast)       367 del vars, 48 del conss, 0 add conss, 8125 chg bounds, 0 chg sides, 4538 chg coeffs, 548 upgd conss, 171330 impls, 10 clqs
(round 39, exhaustive) 367 del vars, 48 del conss, 0 add conss, 8125 chg bounds, 0 chg sides, 4538 chg coeffs, 582 upgd conss, 171330 impls, 10 clqs
(round 40, exhaustive) 392 del vars, 48 del conss, 0 add conss, 8125 chg bounds, 0 chg sides, 4538 chg coeffs, 582 upgd conss, 188148 impls, 10 clqs
(round 41, fast)       392 del vars, 55 del conss, 0 add conss, 8125 chg bounds, 0 chg sides, 4538 chg coeffs, 582 upgd conss, 188148 impls, 10 clqs
(round 42, exhaustive) 392 del vars, 55 del conss, 0 add conss, 8125 chg bounds, 0 chg sides, 4538 chg coeffs, 611 upgd conss, 188148 impls, 10 clqs
(round 43, exhaustive) 417 del vars, 55 del conss, 0 add conss, 8125 chg bounds, 0 chg sides, 4538 chg coeffs, 611 upgd conss, 199301 impls, 10 clqs
(round 44, fast)       417 del vars, 63 del conss, 0 add conss, 8125 chg bounds, 0 chg sides, 4538 chg coeffs, 611 upgd conss, 199301 impls, 10 clqs
(round 45, exhaustive) 417 del vars, 63 del conss, 0 add conss, 8125 chg bounds, 0 chg sides, 4538 chg coeffs, 637 upgd conss, 199301 impls, 10 clqs
(round 46, exhaustive) 442 del vars, 63 del conss, 0 add conss, 8125 chg bounds, 0 chg sides, 4538 chg coeffs, 637 upgd conss, 216769 impls, 10 clqs
(round 47, fast)       442 del vars, 69 del conss, 0 add conss, 8125 chg bounds, 0 chg sides, 4538 chg coeffs, 637 upgd conss, 216769 impls, 10 clqs
(round 48, exhaustive) 442 del vars, 69 del conss, 0 add conss, 8125 chg bounds, 0 chg sides, 4538 chg coeffs, 669 upgd conss, 216769 impls, 10 clqs
(round 49, exhaustive) 467 del vars, 69 del conss, 0 add conss, 8125 chg bounds, 0 chg sides, 4538 chg coeffs, 669 upgd conss, 222714 impls, 10 clqs
(round 50, fast)       468 del vars, 77 del conss, 0 add conss, 8126 chg bounds, 0 chg sides, 4538 chg coeffs, 669 upgd conss, 222714 impls, 10 clqs
(round 51, exhaustive) 468 del vars, 77 del conss, 0 add conss, 8126 chg bounds, 0 chg sides, 4538 chg coeffs, 693 upgd conss, 222714 impls, 10 clqs
   (3.2s) probing: 1000/3790 (26.4%) - 472 fixings, 0 aggregations, 229451 implications, 0 bound changes
(round 52, exhaustive) 493 del vars, 77 del conss, 0 add conss, 8126 chg bounds, 0 chg sides, 4538 chg coeffs, 693 upgd conss, 234551 impls, 10 clqs
(round 53, fast)       494 del vars, 88 del conss, 0 add conss, 8127 chg bounds, 0 chg sides, 4538 chg coeffs, 693 upgd conss, 234551 impls, 10 clqs
(round 54, exhaustive) 494 del vars, 88 del conss, 0 add conss, 8127 chg bounds, 0 chg sides, 4538 chg coeffs, 712 upgd conss, 234551 impls, 10 clqs
(round 55, exhaustive) 519 del vars, 88 del conss, 0 add conss, 8127 chg bounds, 0 chg sides, 4538 chg coeffs, 712 upgd conss, 245617 impls, 10 clqs
(round 56, fast)       520 del vars, 98 del conss, 0 add conss, 8128 chg bounds, 0 chg sides, 4538 chg coeffs, 712 upgd conss, 245617 impls, 10 clqs
(round 57, exhaustive) 520 del vars, 98 del conss, 0 add conss, 8128 chg bounds, 0 chg sides, 4538 chg coeffs, 734 upgd conss, 245617 impls, 10 clqs
(round 58, exhaustive) 545 del vars, 98 del conss, 0 add conss, 8128 chg bounds, 0 chg sides, 4538 chg coeffs, 734 upgd conss, 256672 impls, 10 clqs
(round 59, fast)       545 del vars, 107 del conss, 0 add conss, 8128 chg bounds, 0 chg sides, 4538 chg coeffs, 734 upgd conss, 256672 impls, 10 clqs
(round 60, exhaustive) 545 del vars, 107 del conss, 0 add conss, 8128 chg bounds, 0 chg sides, 4538 chg coeffs, 753 upgd conss, 256672 impls, 10 clqs
(round 61, exhaustive) 571 del vars, 107 del conss, 0 add conss, 8128 chg bounds, 0 chg sides, 4538 chg coeffs, 753 upgd conss, 275053 impls, 10 clqs
(round 62, fast)       571 del vars, 118 del conss, 0 add conss, 8128 chg bounds, 0 chg sides, 4538 chg coeffs, 753 upgd conss, 275053 impls, 10 clqs
(round 63, exhaustive) 571 del vars, 118 del conss, 0 add conss, 8128 chg bounds, 0 chg sides, 4538 chg coeffs, 772 upgd conss, 275053 impls, 10 clqs
(round 64, exhaustive) 596 del vars, 118 del conss, 0 add conss, 8128 chg bounds, 0 chg sides, 4538 chg coeffs, 772 upgd conss, 290387 impls, 10 clqs
(round 65, fast)       596 del vars, 129 del conss, 0 add conss, 8128 chg bounds, 0 chg sides, 4538 chg coeffs, 772 upgd conss, 290387 impls, 10 clqs
(round 66, exhaustive) 596 del vars, 129 del conss, 0 add conss, 8128 chg bounds, 0 chg sides, 4538 chg coeffs, 789 upgd conss, 290387 impls, 10 clqs
(round 67, exhaustive) 621 del vars, 129 del conss, 0 add conss, 8128 chg bounds, 0 chg sides, 4538 chg coeffs, 789 upgd conss, 306008 impls, 10 clqs
(round 68, fast)       621 del vars, 142 del conss, 0 add conss, 8128 chg bounds, 0 chg sides, 4538 chg coeffs, 789 upgd conss, 306008 impls, 10 clqs
(round 69, exhaustive) 621 del vars, 142 del conss, 0 add conss, 8128 chg bounds, 0 chg sides, 4538 chg coeffs, 800 upgd conss, 306008 impls, 10 clqs
(round 70, exhaustive) 646 del vars, 142 del conss, 0 add conss, 8128 chg bounds, 0 chg sides, 4538 chg coeffs, 800 upgd conss, 325614 impls, 10 clqs
(round 71, fast)       646 del vars, 150 del conss, 0 add conss, 8128 chg bounds, 0 chg sides, 4538 chg coeffs, 800 upgd conss, 325614 impls, 10 clqs
(round 72, exhaustive) 646 del vars, 150 del conss, 0 add conss, 8128 chg bounds, 0 chg sides, 4538 chg coeffs, 822 upgd conss, 325614 impls, 10 clqs
(round 73, exhaustive) 671 del vars, 150 del conss, 0 add conss, 8128 chg bounds, 0 chg sides, 4538 chg coeffs, 822 upgd conss, 332491 impls, 10 clqs
(round 74, fast)       672 del vars, 162 del conss, 0 add conss, 8129 chg bounds, 0 chg sides, 4538 chg coeffs, 822 upgd conss, 332491 impls, 10 clqs
(round 75, exhaustive) 672 del vars, 162 del conss, 0 add conss, 8129 chg bounds, 0 chg sides, 4538 chg coeffs, 838 upgd conss, 332491 impls, 10 clqs
   (4.2s) sparsify finished: 2/24411 (0.0%) nonzeros canceled - in total 6 canceled nonzeros, 1124 changed coefficients, 0 added nonzeros
(round 76, exhaustive) 672 del vars, 162 del conss, 0 add conss, 8129 chg bounds, 0 chg sides, 4904 chg coeffs, 838 upgd conss, 332507 impls, 10 clqs
(round 77, exhaustive) 697 del vars, 162 del conss, 0 add conss, 8129 chg bounds, 0 chg sides, 4904 chg coeffs, 838 upgd conss, 339356 impls, 10 clqs
(round 78, fast)       698 del vars, 176 del conss, 0 add conss, 8130 chg bounds, 0 chg sides, 4904 chg coeffs, 838 upgd conss, 339356 impls, 10 clqs
(round 79, exhaustive) 698 del vars, 176 del conss, 0 add conss, 8130 chg bounds, 0 chg sides, 4904 chg coeffs, 848 upgd conss, 339356 impls, 10 clqs
(round 80, exhaustive) 725 del vars, 176 del conss, 0 add conss, 8130 chg bounds, 0 chg sides, 4904 chg coeffs, 848 upgd conss, 350141 impls, 10 clqs
(round 81, fast)       725 del vars, 188 del conss, 0 add conss, 8130 chg bounds, 0 chg sides, 4904 chg coeffs, 848 upgd conss, 350141 impls, 10 clqs
(round 82, exhaustive) 725 del vars, 188 del conss, 0 add conss, 8130 chg bounds, 0 chg sides, 4904 chg coeffs, 866 upgd conss, 350141 impls, 10 clqs
(round 83, exhaustive) 750 del vars, 188 del conss, 0 add conss, 8130 chg bounds, 0 chg sides, 4904 chg coeffs, 866 upgd conss, 361264 impls, 10 clqs
(round 84, fast)       750 del vars, 199 del conss, 0 add conss, 8130 chg bounds, 0 chg sides, 4904 chg coeffs, 866 upgd conss, 361264 impls, 10 clqs
(round 85, exhaustive) 750 del vars, 199 del conss, 0 add conss, 8130 chg bounds, 0 chg sides, 4904 chg coeffs, 883 upgd conss, 361264 impls, 10 clqs
(round 86, exhaustive) 775 del vars, 199 del conss, 0 add conss, 8130 chg bounds, 0 chg sides, 4904 chg coeffs, 883 upgd conss, 373038 impls, 10 clqs
(round 87, fast)       776 del vars, 211 del conss, 0 add conss, 8131 chg bounds, 0 chg sides, 4904 chg coeffs, 883 upgd conss, 373038 impls, 10 clqs
(round 88, exhaustive) 776 del vars, 211 del conss, 0 add conss, 8131 chg bounds, 0 chg sides, 4904 chg coeffs, 899 upgd conss, 373038 impls, 10 clqs
(round 89, exhaustive) 801 del vars, 211 del conss, 0 add conss, 8131 chg bounds, 0 chg sides, 4904 chg coeffs, 899 upgd conss, 386516 impls, 10 clqs
(round 90, fast)       802 del vars, 225 del conss, 0 add conss, 8132 chg bounds, 0 chg sides, 4904 chg coeffs, 899 upgd conss, 386516 impls, 10 clqs
(round 91, exhaustive) 802 del vars, 225 del conss, 0 add conss, 8132 chg bounds, 0 chg sides, 4904 chg coeffs, 909 upgd conss, 386516 impls, 10 clqs
(round 92, exhaustive) 827 del vars, 225 del conss, 0 add conss, 8132 chg bounds, 0 chg sides, 4904 chg coeffs, 909 upgd conss, 395374 impls, 10 clqs
(round 93, fast)       827 del vars, 237 del conss, 0 add conss, 8132 chg bounds, 0 chg sides, 4904 chg coeffs, 909 upgd conss, 395374 impls, 10 clqs
(round 94, exhaustive) 827 del vars, 237 del conss, 0 add conss, 8132 chg bounds, 0 chg sides, 4904 chg coeffs, 923 upgd conss, 395374 impls, 10 clqs
(round 95, exhaustive) 852 del vars, 237 del conss, 0 add conss, 8132 chg bounds, 0 chg sides, 4904 chg coeffs, 923 upgd conss, 413076 impls, 10 clqs
(round 96, fast)       852 del vars, 249 del conss, 0 add conss, 8132 chg bounds, 0 chg sides, 4904 chg coeffs, 923 upgd conss, 413076 impls, 10 clqs
(round 97, exhaustive) 852 del vars, 249 del conss, 0 add conss, 8132 chg bounds, 0 chg sides, 4904 chg coeffs, 937 upgd conss, 413076 impls, 10 clqs
(round 98, exhaustive) 877 del vars, 249 del conss, 0 add conss, 8132 chg bounds, 0 chg sides, 4904 chg coeffs, 937 upgd conss, 424677 impls, 10 clqs
(round 99, fast)       878 del vars, 262 del conss, 0 add conss, 8133 chg bounds, 0 chg sides, 4904 chg coeffs, 937 upgd conss, 424677 impls, 10 clqs
(round 100, exhaustive) 878 del vars, 262 del conss, 0 add conss, 8133 chg bounds, 0 chg sides, 4904 chg coeffs, 950 upgd conss, 424677 impls, 10 clqs
   (5.3s) sparsify finished: 4/23691 (0.0%) nonzeros canceled - in total 10 canceled nonzeros, 1829 changed coefficients, 0 added nonzeros
(round 101, exhaustive) 878 del vars, 262 del conss, 0 add conss, 8133 chg bounds, 0 chg sides, 5609 chg coeffs, 950 upgd conss, 424690 impls, 10 clqs
(round 102, exhaustive) 906 del vars, 262 del conss, 0 add conss, 8133 chg bounds, 0 chg sides, 5609 chg coeffs, 950 upgd conss, 441238 impls, 10 clqs
(round 103, fast)       906 del vars, 275 del conss, 0 add conss, 8133 chg bounds, 0 chg sides, 5609 chg coeffs, 950 upgd conss, 441238 impls, 10 clqs
(round 104, exhaustive) 906 del vars, 275 del conss, 0 add conss, 8133 chg bounds, 0 chg sides, 5609 chg coeffs, 967 upgd conss, 441238 impls, 10 clqs
(round 105, exhaustive) 932 del vars, 275 del conss, 0 add conss, 8133 chg bounds, 0 chg sides, 5609 chg coeffs, 967 upgd conss, 455252 impls, 10 clqs
(round 106, fast)       932 del vars, 287 del conss, 0 add conss, 8133 chg bounds, 0 chg sides, 5609 chg coeffs, 967 upgd conss, 455252 impls, 10 clqs
(round 107, exhaustive) 932 del vars, 287 del conss, 0 add conss, 8133 chg bounds, 0 chg sides, 5609 chg coeffs, 983 upgd conss, 455252 impls, 10 clqs
(round 108, exhaustive) 957 del vars, 287 del conss, 0 add conss, 8133 chg bounds, 0 chg sides, 5609 chg coeffs, 983 upgd conss, 458054 impls, 10 clqs
(round 109, fast)       958 del vars, 299 del conss, 0 add conss, 8134 chg bounds, 0 chg sides, 5609 chg coeffs, 983 upgd conss, 458054 impls, 10 clqs
(round 110, exhaustive) 958 del vars, 299 del conss, 0 add conss, 8134 chg bounds, 0 chg sides, 5609 chg coeffs, 999 upgd conss, 458054 impls, 10 clqs
(round 111, exhaustive) 983 del vars, 299 del conss, 0 add conss, 8134 chg bounds, 0 chg sides, 5609 chg coeffs, 999 upgd conss, 469904 impls, 10 clqs
(round 112, fast)       985 del vars, 313 del conss, 0 add conss, 8136 chg bounds, 0 chg sides, 5609 chg coeffs, 999 upgd conss, 469904 impls, 10 clqs
(round 113, exhaustive) 985 del vars, 313 del conss, 0 add conss, 8136 chg bounds, 0 chg sides, 5609 chg coeffs, 1010 upgd conss, 469904 impls, 10 clqs
(round 114, exhaustive) 1012 del vars, 313 del conss, 0 add conss, 8136 chg bounds, 0 chg sides, 5609 chg coeffs, 1010 upgd conss, 481761 impls, 10 clqs
(round 115, fast)       1012 del vars, 325 del conss, 0 add conss, 8136 chg bounds, 0 chg sides, 5609 chg coeffs, 1010 upgd conss, 481761 impls, 10 clqs
(round 116, exhaustive) 1012 del vars, 325 del conss, 0 add conss, 8136 chg bounds, 0 chg sides, 5609 chg coeffs, 1020 upgd conss, 481761 impls, 10 clqs
   (6.0s) probing: 2000/3790 (52.8%) - 995 fixings, 0 aggregations, 484245 implications, 0 bound changes
(round 117, exhaustive) 1037 del vars, 325 del conss, 0 add conss, 8136 chg bounds, 0 chg sides, 5609 chg coeffs, 1020 upgd conss, 494565 impls, 10 clqs
(round 118, fast)       1037 del vars, 339 del conss, 0 add conss, 8136 chg bounds, 0 chg sides, 5609 chg coeffs, 1020 upgd conss, 494565 impls, 10 clqs
(round 119, exhaustive) 1037 del vars, 339 del conss, 0 add conss, 8136 chg bounds, 0 chg sides, 5609 chg coeffs, 1028 upgd conss, 494565 impls, 10 clqs
(round 120, exhaustive) 1062 del vars, 339 del conss, 0 add conss, 8136 chg bounds, 0 chg sides, 5609 chg coeffs, 1028 upgd conss, 502388 impls, 10 clqs
(round 121, fast)       1063 del vars, 352 del conss, 0 add conss, 8137 chg bounds, 0 chg sides, 5609 chg coeffs, 1028 upgd conss, 502388 impls, 10 clqs
(round 122, exhaustive) 1063 del vars, 352 del conss, 0 add conss, 8137 chg bounds, 0 chg sides, 5609 chg coeffs, 1041 upgd conss, 502388 impls, 10 clqs
(round 123, exhaustive) 1088 del vars, 352 del conss, 0 add conss, 8137 chg bounds, 0 chg sides, 5609 chg coeffs, 1041 upgd conss, 515017 impls, 10 clqs
(round 124, fast)       1089 del vars, 366 del conss, 0 add conss, 8138 chg bounds, 0 chg sides, 5609 chg coeffs, 1041 upgd conss, 515017 impls, 10 clqs
(round 125, exhaustive) 1089 del vars, 366 del conss, 0 add conss, 8138 chg bounds, 0 chg sides, 5609 chg coeffs, 1051 upgd conss, 515017 impls, 10 clqs
(round 126, exhaustive) 1114 del vars, 366 del conss, 0 add conss, 8138 chg bounds, 0 chg sides, 5609 chg coeffs, 1051 upgd conss, 526170 impls, 10 clqs
(round 127, fast)       1114 del vars, 377 del conss, 0 add conss, 8138 chg bounds, 0 chg sides, 5609 chg coeffs, 1051 upgd conss, 526170 impls, 10 clqs
(round 128, exhaustive) 1114 del vars, 377 del conss, 0 add conss, 8138 chg bounds, 0 chg sides, 5609 chg coeffs, 1068 upgd conss, 526170 impls, 10 clqs
(round 129, exhaustive) 1139 del vars, 377 del conss, 0 add conss, 8138 chg bounds, 0 chg sides, 5609 chg coeffs, 1068 upgd conss, 534345 impls, 10 clqs
(round 130, fast)       1140 del vars, 391 del conss, 0 add conss, 8139 chg bounds, 0 chg sides, 5609 chg coeffs, 1068 upgd conss, 534345 impls, 10 clqs
(round 131, exhaustive) 1140 del vars, 391 del conss, 0 add conss, 8139 chg bounds, 0 chg sides, 5609 chg coeffs, 1078 upgd conss, 534345 impls, 10 clqs
(round 132, exhaustive) 1165 del vars, 391 del conss, 0 add conss, 8139 chg bounds, 0 chg sides, 5609 chg coeffs, 1078 upgd conss, 550923 impls, 10 clqs
(round 133, fast)       1168 del vars, 403 del conss, 0 add conss, 8142 chg bounds, 0 chg sides, 5609 chg coeffs, 1078 upgd conss, 550923 impls, 10 clqs
   (6.7s) running MILP presolver
   (6.8s) MILP presolver (7 rounds): 0 aggregations, 55 fixings, 0 bound changes
(round 134, medium)     1223 del vars, 431 del conss, 0 add conss, 8142 chg bounds, 0 chg sides, 5609 chg coeffs, 1078 upgd conss, 550923 impls, 10 clqs
(round 135, fast)       1223 del vars, 434 del conss, 0 add conss, 8142 chg bounds, 0 chg sides, 5609 chg coeffs, 1078 upgd conss, 550923 impls, 10 clqs
(round 136, exhaustive) 1223 del vars, 434 del conss, 0 add conss, 8142 chg bounds, 0 chg sides, 5609 chg coeffs, 1108 upgd conss, 550923 impls, 10 clqs
(round 137, exhaustive) 1254 del vars, 434 del conss, 0 add conss, 8142 chg bounds, 0 chg sides, 5609 chg coeffs, 1108 upgd conss, 555310 impls, 10 clqs
(round 138, fast)       1254 del vars, 452 del conss, 0 add conss, 8142 chg bounds, 0 chg sides, 5609 chg coeffs, 1108 upgd conss, 555310 impls, 10 clqs
(round 139, exhaustive) 1254 del vars, 452 del conss, 0 add conss, 8142 chg bounds, 0 chg sides, 5609 chg coeffs, 1116 upgd conss, 555310 impls, 10 clqs
(round 140, exhaustive) 1279 del vars, 452 del conss, 0 add conss, 8142 chg bounds, 0 chg sides, 5609 chg coeffs, 1116 upgd conss, 564550 impls, 10 clqs
(round 141, fast)       1279 del vars, 466 del conss, 0 add conss, 8142 chg bounds, 0 chg sides, 5609 chg coeffs, 1116 upgd conss, 564550 impls, 10 clqs
(round 142, exhaustive) 1279 del vars, 466 del conss, 0 add conss, 8142 chg bounds, 0 chg sides, 5609 chg coeffs, 1124 upgd conss, 564550 impls, 10 clqs
(round 143, exhaustive) 1305 del vars, 466 del conss, 0 add conss, 8142 chg bounds, 0 chg sides, 5609 chg coeffs, 1124 upgd conss, 572146 impls, 10 clqs
(round 144, fast)       1305 del vars, 478 del conss, 0 add conss, 8142 chg bounds, 0 chg sides, 5609 chg coeffs, 1124 upgd conss, 572146 impls, 10 clqs
(round 145, exhaustive) 1305 del vars, 478 del conss, 0 add conss, 8142 chg bounds, 0 chg sides, 5609 chg coeffs, 1136 upgd conss, 572146 impls, 10 clqs
(round 146, exhaustive) 1330 del vars, 478 del conss, 0 add conss, 8142 chg bounds, 0 chg sides, 5609 chg coeffs, 1136 upgd conss, 580041 impls, 10 clqs
(round 147, fast)       1331 del vars, 493 del conss, 0 add conss, 8143 chg bounds, 0 chg sides, 5609 chg coeffs, 1136 upgd conss, 580041 impls, 10 clqs
(round 148, exhaustive) 1331 del vars, 493 del conss, 0 add conss, 8143 chg bounds, 0 chg sides, 5609 chg coeffs, 1143 upgd conss, 580041 impls, 10 clqs
   (7.2s) sparsify finished: 2/22096 (0.0%) nonzeros canceled - in total 12 canceled nonzeros, 2144 changed coefficients, 0 added nonzeros
(round 149, exhaustive) 1331 del vars, 493 del conss, 0 add conss, 8143 chg bounds, 0 chg sides, 5924 chg coeffs, 1143 upgd conss, 580048 impls, 10 clqs
(round 150, exhaustive) 1356 del vars, 493 del conss, 0 add conss, 8143 chg bounds, 0 chg sides, 5924 chg coeffs, 1143 upgd conss, 590612 impls, 10 clqs
(round 151, fast)       1361 del vars, 509 del conss, 0 add conss, 8148 chg bounds, 0 chg sides, 5924 chg coeffs, 1143 upgd conss, 590612 impls, 10 clqs
(round 152, exhaustive) 1361 del vars, 509 del conss, 0 add conss, 8148 chg bounds, 0 chg sides, 5924 chg coeffs, 1155 upgd conss, 590612 impls, 10 clqs
(round 153, exhaustive) 1387 del vars, 509 del conss, 0 add conss, 8148 chg bounds, 0 chg sides, 5924 chg coeffs, 1155 upgd conss, 604594 impls, 10 clqs
(round 154, fast)       1387 del vars, 525 del conss, 0 add conss, 8148 chg bounds, 0 chg sides, 5924 chg coeffs, 1155 upgd conss, 604594 impls, 10 clqs
(round 155, exhaustive) 1387 del vars, 525 del conss, 0 add conss, 8148 chg bounds, 0 chg sides, 5924 chg coeffs, 1159 upgd conss, 604594 impls, 10 clqs
(round 156, exhaustive) 1412 del vars, 525 del conss, 0 add conss, 8148 chg bounds, 0 chg sides, 5924 chg coeffs, 1159 upgd conss, 617882 impls, 10 clqs
(round 157, fast)       1412 del vars, 539 del conss, 0 add conss, 8148 chg bounds, 0 chg sides, 5924 chg coeffs, 1159 upgd conss, 617882 impls, 10 clqs
(round 158, exhaustive) 1412 del vars, 539 del conss, 0 add conss, 8148 chg bounds, 0 chg sides, 5924 chg coeffs, 1167 upgd conss, 617882 impls, 10 clqs
(round 159, exhaustive) 1438 del vars, 539 del conss, 0 add conss, 8148 chg bounds, 0 chg sides, 5924 chg coeffs, 1167 upgd conss, 631102 impls, 10 clqs
(round 160, fast)       1438 del vars, 553 del conss, 0 add conss, 8148 chg bounds, 0 chg sides, 5924 chg coeffs, 1167 upgd conss, 631102 impls, 10 clqs
(round 161, exhaustive) 1438 del vars, 553 del conss, 0 add conss, 8148 chg bounds, 0 chg sides, 5924 chg coeffs, 1177 upgd conss, 631102 impls, 10 clqs
(round 162, exhaustive) 1464 del vars, 553 del conss, 0 add conss, 8148 chg bounds, 0 chg sides, 5924 chg coeffs, 1177 upgd conss, 637562 impls, 10 clqs
(round 163, fast)       1464 del vars, 569 del conss, 0 add conss, 8148 chg bounds, 0 chg sides, 5924 chg coeffs, 1177 upgd conss, 637562 impls, 10 clqs
(round 164, exhaustive) 1464 del vars, 569 del conss, 0 add conss, 8148 chg bounds, 0 chg sides, 5924 chg coeffs, 1181 upgd conss, 637562 impls, 10 clqs
(round 165, exhaustive) 1489 del vars, 569 del conss, 0 add conss, 8148 chg bounds, 0 chg sides, 5924 chg coeffs, 1181 upgd conss, 645850 impls, 10 clqs
(round 166, fast)       1489 del vars, 585 del conss, 0 add conss, 8148 chg bounds, 0 chg sides, 5924 chg coeffs, 1181 upgd conss, 645850 impls, 10 clqs
(round 167, exhaustive) 1514 del vars, 585 del conss, 0 add conss, 8148 chg bounds, 0 chg sides, 5924 chg coeffs, 1183 upgd conss, 654799 impls, 10 clqs
(round 168, fast)       1515 del vars, 601 del conss, 0 add conss, 8149 chg bounds, 0 chg sides, 5924 chg coeffs, 1183 upgd conss, 654801 impls, 10 clqs
(round 169, exhaustive) 1515 del vars, 601 del conss, 0 add conss, 8149 chg bounds, 0 chg sides, 5924 chg coeffs, 1187 upgd conss, 654801 impls, 10 clqs
(round 170, exhaustive) 1547 del vars, 601 del conss, 0 add conss, 8149 chg bounds, 0 chg sides, 5924 chg coeffs, 1187 upgd conss, 660835 impls, 10 clqs
(round 171, fast)       1547 del vars, 620 del conss, 0 add conss, 8149 chg bounds, 0 chg sides, 5924 chg coeffs, 1187 upgd conss, 660835 impls, 10 clqs
(round 172, exhaustive) 1547 del vars, 620 del conss, 0 add conss, 8149 chg bounds, 0 chg sides, 5924 chg coeffs, 1194 upgd conss, 660835 impls, 10 clqs
(round 173, exhaustive) 1572 del vars, 620 del conss, 0 add conss, 8149 chg bounds, 0 chg sides, 5924 chg coeffs, 1194 upgd conss, 664292 impls, 10 clqs
(round 174, fast)       1574 del vars, 637 del conss, 0 add conss, 8151 chg bounds, 0 chg sides, 5924 chg coeffs, 1194 upgd conss, 664292 impls, 10 clqs
(round 175, exhaustive) 1574 del vars, 637 del conss, 0 add conss, 8151 chg bounds, 0 chg sides, 5924 chg coeffs, 1197 upgd conss, 664292 impls, 10 clqs
(round 176, exhaustive) 1599 del vars, 637 del conss, 0 add conss, 8151 chg bounds, 0 chg sides, 5924 chg coeffs, 1197 upgd conss, 673698 impls, 10 clqs
(round 177, fast)       1599 del vars, 651 del conss, 0 add conss, 8151 chg bounds, 0 chg sides, 5924 chg coeffs, 1197 upgd conss, 673698 impls, 10 clqs
(round 178, exhaustive) 1599 del vars, 651 del conss, 0 add conss, 8151 chg bounds, 0 chg sides, 5924 chg coeffs, 1205 upgd conss, 673698 impls, 10 clqs
(round 179, exhaustive) 1624 del vars, 651 del conss, 0 add conss, 8151 chg bounds, 0 chg sides, 5924 chg coeffs, 1205 upgd conss, 680227 impls, 10 clqs
(round 180, fast)       1628 del vars, 669 del conss, 0 add conss, 8155 chg bounds, 0 chg sides, 5924 chg coeffs, 1205 upgd conss, 680227 impls, 10 clqs
(round 181, exhaustive) 1628 del vars, 669 del conss, 0 add conss, 8155 chg bounds, 0 chg sides, 5924 chg coeffs, 1209 upgd conss, 680227 impls, 10 clqs
(round 182, exhaustive) 1653 del vars, 669 del conss, 0 add conss, 8155 chg bounds, 0 chg sides, 5924 chg coeffs, 1209 upgd conss, 689221 impls, 10 clqs
(round 183, fast)       1653 del vars, 683 del conss, 0 add conss, 8155 chg bounds, 0 chg sides, 5924 chg coeffs, 1209 upgd conss, 689221 impls, 10 clqs
(round 184, exhaustive) 1653 del vars, 683 del conss, 0 add conss, 8155 chg bounds, 0 chg sides, 5924 chg coeffs, 1217 upgd conss, 689221 impls, 10 clqs
(round 185, exhaustive) 1678 del vars, 683 del conss, 0 add conss, 8155 chg bounds, 0 chg sides, 5924 chg coeffs, 1217 upgd conss, 697908 impls, 10 clqs
(round 186, fast)       1681 del vars, 701 del conss, 0 add conss, 8158 chg bounds, 0 chg sides, 5924 chg coeffs, 1217 upgd conss, 697908 impls, 10 clqs
(round 187, exhaustive) 1706 del vars, 701 del conss, 0 add conss, 8158 chg bounds, 0 chg sides, 5924 chg coeffs, 1219 upgd conss, 702187 impls, 10 clqs
(round 188, fast)       1706 del vars, 717 del conss, 0 add conss, 8158 chg bounds, 0 chg sides, 5924 chg coeffs, 1219 upgd conss, 702189 impls, 10 clqs
(round 189, exhaustive) 1731 del vars, 717 del conss, 0 add conss, 8158 chg bounds, 0 chg sides, 5924 chg coeffs, 1221 upgd conss, 717007 impls, 10 clqs
(round 190, fast)       1733 del vars, 734 del conss, 0 add conss, 8160 chg bounds, 0 chg sides, 5924 chg coeffs, 1221 upgd conss, 717009 impls, 10 clqs
(round 191, exhaustive) 1733 del vars, 734 del conss, 0 add conss, 8160 chg bounds, 0 chg sides, 5924 chg coeffs, 1224 upgd conss, 717009 impls, 10 clqs
   (8.8s) sparsify finished: 2/20647 (0.0%) nonzeros canceled - in total 14 canceled nonzeros, 2450 changed coefficients, 0 added nonzeros
(round 192, exhaustive) 1733 del vars, 734 del conss, 0 add conss, 8160 chg bounds, 0 chg sides, 6230 chg coeffs, 1224 upgd conss, 717012 impls, 10 clqs
   (8.8s) probing: 3000/3790 (79.2%) - 1628 fixings, 0 aggregations, 717906 implications, 0 bound changes
(round 193, exhaustive) 1759 del vars, 734 del conss, 0 add conss, 8160 chg bounds, 0 chg sides, 6230 chg coeffs, 1224 upgd conss, 723695 impls, 10 clqs
(round 194, fast)       1759 del vars, 750 del conss, 0 add conss, 8160 chg bounds, 0 chg sides, 6230 chg coeffs, 1224 upgd conss, 723695 impls, 10 clqs
(round 195, exhaustive) 1759 del vars, 750 del conss, 0 add conss, 8160 chg bounds, 0 chg sides, 6230 chg coeffs, 1228 upgd conss, 723695 impls, 10 clqs
(round 196, exhaustive) 1785 del vars, 750 del conss, 0 add conss, 8160 chg bounds, 0 chg sides, 6230 chg coeffs, 1228 upgd conss, 731835 impls, 10 clqs
(round 197, fast)       1785 del vars, 767 del conss, 0 add conss, 8160 chg bounds, 0 chg sides, 6230 chg coeffs, 1228 upgd conss, 731835 impls, 10 clqs
(round 198, exhaustive) 1810 del vars, 767 del conss, 0 add conss, 8160 chg bounds, 0 chg sides, 6230 chg coeffs, 1229 upgd conss, 736874 impls, 10 clqs
(round 199, fast)       1812 del vars, 784 del conss, 0 add conss, 8162 chg bounds, 0 chg sides, 6230 chg coeffs, 1229 upgd conss, 736875 impls, 10 clqs
(round 200, exhaustive) 1812 del vars, 784 del conss, 0 add conss, 8162 chg bounds, 0 chg sides, 6230 chg coeffs, 1232 upgd conss, 736875 impls, 10 clqs
(round 201, exhaustive) 1839 del vars, 784 del conss, 0 add conss, 8162 chg bounds, 0 chg sides, 6230 chg coeffs, 1232 upgd conss, 744919 impls, 10 clqs
(round 202, fast)       1839 del vars, 801 del conss, 0 add conss, 8162 chg bounds, 0 chg sides, 6230 chg coeffs, 1232 upgd conss, 744919 impls, 10 clqs
(round 203, exhaustive) 1839 del vars, 801 del conss, 0 add conss, 8162 chg bounds, 0 chg sides, 6230 chg coeffs, 1235 upgd conss, 744919 impls, 10 clqs
(round 204, exhaustive) 1872 del vars, 801 del conss, 0 add conss, 8162 chg bounds, 0 chg sides, 6230 chg coeffs, 1235 upgd conss, 752965 impls, 10 clqs
(round 205, fast)       1872 del vars, 822 del conss, 0 add conss, 8162 chg bounds, 0 chg sides, 6230 chg coeffs, 1235 upgd conss, 752965 impls, 10 clqs
(round 206, exhaustive) 1872 del vars, 822 del conss, 0 add conss, 8162 chg bounds, 0 chg sides, 6230 chg coeffs, 1238 upgd conss, 752965 impls, 10 clqs
(round 207, exhaustive) 1897 del vars, 822 del conss, 0 add conss, 8162 chg bounds, 0 chg sides, 6230 chg coeffs, 1238 upgd conss, 762361 impls, 10 clqs
(round 208, fast)       1897 del vars, 838 del conss, 0 add conss, 8162 chg bounds, 0 chg sides, 6230 chg coeffs, 1238 upgd conss, 762361 impls, 10 clqs
(round 209, exhaustive) 1922 del vars, 838 del conss, 0 add conss, 8162 chg bounds, 0 chg sides, 6230 chg coeffs, 1240 upgd conss, 768535 impls, 10 clqs
(round 210, fast)       1924 del vars, 855 del conss, 0 add conss, 8164 chg bounds, 0 chg sides, 6230 chg coeffs, 1240 upgd conss, 768537 impls, 10 clqs
(round 211, exhaustive) 1924 del vars, 855 del conss, 0 add conss, 8164 chg bounds, 0 chg sides, 6230 chg coeffs, 1243 upgd conss, 768537 impls, 10 clqs
(round 212, exhaustive) 1950 del vars, 855 del conss, 0 add conss, 8164 chg bounds, 0 chg sides, 6230 chg coeffs, 1243 upgd conss, 774049 impls, 10 clqs
(round 213, fast)       1950 del vars, 871 del conss, 0 add conss, 8164 chg bounds, 0 chg sides, 6230 chg coeffs, 1243 upgd conss, 774049 impls, 10 clqs
(round 214, exhaustive) 1950 del vars, 871 del conss, 0 add conss, 8164 chg bounds, 0 chg sides, 6230 chg coeffs, 1247 upgd conss, 774049 impls, 10 clqs
   (9.5s) sparsify finished: 2/19858 (0.0%) nonzeros canceled - in total 16 canceled nonzeros, 2734 changed coefficients, 0 added nonzeros
(round 215, exhaustive) 1950 del vars, 871 del conss, 0 add conss, 8164 chg bounds, 0 chg sides, 6514 chg coeffs, 1247 upgd conss, 774053 impls, 10 clqs
(round 216, exhaustive) 1976 del vars, 871 del conss, 0 add conss, 8164 chg bounds, 0 chg sides, 6514 chg coeffs, 1247 upgd conss, 778401 impls, 10 clqs
(round 217, fast)       1976 del vars, 888 del conss, 0 add conss, 8164 chg bounds, 0 chg sides, 6514 chg coeffs, 1247 upgd conss, 778401 impls, 10 clqs
(round 218, exhaustive) 2002 del vars, 888 del conss, 0 add conss, 8164 chg bounds, 0 chg sides, 6514 chg coeffs, 1248 upgd conss, 786725 impls, 10 clqs
(round 219, fast)       2002 del vars, 905 del conss, 0 add conss, 8164 chg bounds, 0 chg sides, 6514 chg coeffs, 1248 upgd conss, 786726 impls, 10 clqs
(round 220, exhaustive) 2028 del vars, 905 del conss, 0 add conss, 8164 chg bounds, 0 chg sides, 6514 chg coeffs, 1249 upgd conss, 801831 impls, 10 clqs
(round 221, fast)       2028 del vars, 921 del conss, 0 add conss, 8164 chg bounds, 0 chg sides, 6514 chg coeffs, 1249 upgd conss, 801832 impls, 10 clqs
(round 222, exhaustive) 2028 del vars, 921 del conss, 0 add conss, 8164 chg bounds, 0 chg sides, 6514 chg coeffs, 1253 upgd conss, 801832 impls, 10 clqs
(round 223, exhaustive) 2054 del vars, 921 del conss, 0 add conss, 8164 chg bounds, 0 chg sides, 6514 chg coeffs, 1253 upgd conss, 808381 impls, 10 clqs
(round 224, fast)       2054 del vars, 938 del conss, 0 add conss, 8164 chg bounds, 0 chg sides, 6514 chg coeffs, 1253 upgd conss, 808381 impls, 10 clqs
(round 225, exhaustive) 2080 del vars, 938 del conss, 0 add conss, 8164 chg bounds, 0 chg sides, 6514 chg coeffs, 1254 upgd conss, 815708 impls, 10 clqs
(round 226, fast)       2080 del vars, 955 del conss, 0 add conss, 8164 chg bounds, 0 chg sides, 6514 chg coeffs, 1254 upgd conss, 815708 impls, 10 clqs
   (10.0s) running MILP presolver
   (10.1s) MILP presolver (2 rounds): 0 aggregations, 3 fixings, 0 bound changes
(round 227, exhaustive) 2083 del vars, 957 del conss, 0 add conss, 8164 chg bounds, 0 chg sides, 6514 chg coeffs, 1255 upgd conss, 815708 impls, 10 clqs
(round 228, exhaustive) 2112 del vars, 957 del conss, 0 add conss, 8164 chg bounds, 0 chg sides, 6514 chg coeffs, 1255 upgd conss, 822149 impls, 10 clqs
(round 229, fast)       2112 del vars, 976 del conss, 0 add conss, 8164 chg bounds, 0 chg sides, 6514 chg coeffs, 1255 upgd conss, 822149 impls, 10 clqs
(round 230, exhaustive) 2138 del vars, 976 del conss, 0 add conss, 8164 chg bounds, 0 chg sides, 6514 chg coeffs, 1256 upgd conss, 833278 impls, 10 clqs
(round 231, fast)       2138 del vars, 993 del conss, 0 add conss, 8164 chg bounds, 0 chg sides, 6514 chg coeffs, 1256 upgd conss, 833279 impls, 10 clqs
(round 232, exhaustive) 2163 del vars, 993 del conss, 0 add conss, 8164 chg bounds, 0 chg sides, 6514 chg coeffs, 1257 upgd conss, 835503 impls, 10 clqs
(round 233, fast)       2170 del vars, 1014 del conss, 0 add conss, 8171 chg bounds, 0 chg sides, 6514 chg coeffs, 1257 upgd conss, 835504 impls, 10 clqs
(round 234, exhaustive) 2196 del vars, 1014 del conss, 0 add conss, 8171 chg bounds, 0 chg sides, 6514 chg coeffs, 1258 upgd conss, 843493 impls, 10 clqs
(round 235, fast)       2196 del vars, 1030 del conss, 0 add conss, 8171 chg bounds, 0 chg sides, 6514 chg coeffs, 1258 upgd conss, 843494 impls, 10 clqs
(round 236, exhaustive) 2196 del vars, 1030 del conss, 0 add conss, 8171 chg bounds, 0 chg sides, 6514 chg coeffs, 1262 upgd conss, 843494 impls, 10 clqs
(round 237, exhaustive) 2222 del vars, 1030 del conss, 0 add conss, 8171 chg bounds, 0 chg sides, 6514 chg coeffs, 1262 upgd conss, 851413 impls, 10 clqs
(round 238, fast)       2222 del vars, 1047 del conss, 0 add conss, 8171 chg bounds, 0 chg sides, 6514 chg coeffs, 1262 upgd conss, 851413 impls, 10 clqs
(round 239, exhaustive) 2247 del vars, 1047 del conss, 0 add conss, 8171 chg bounds, 0 chg sides, 6514 chg coeffs, 1263 upgd conss, 857940 impls, 10 clqs
(round 240, fast)       2249 del vars, 1065 del conss, 0 add conss, 8173 chg bounds, 0 chg sides, 6514 chg coeffs, 1263 upgd conss, 857941 impls, 10 clqs
(round 241, exhaustive) 2274 del vars, 1065 del conss, 0 add conss, 8173 chg bounds, 0 chg sides, 6514 chg coeffs, 1263 upgd conss, 866605 impls, 10 clqs
(round 242, fast)       2280 del vars, 1085 del conss, 0 add conss, 8179 chg bounds, 0 chg sides, 6514 chg coeffs, 1263 upgd conss, 866605 impls, 10 clqs
(round 243, exhaustive) 2305 del vars, 1085 del conss, 0 add conss, 8179 chg bounds, 0 chg sides, 6514 chg coeffs, 1265 upgd conss, 872747 impls, 10 clqs
(round 244, fast)       2305 del vars, 1101 del conss, 0 add conss, 8179 chg bounds, 0 chg sides, 6514 chg coeffs, 1265 upgd conss, 872748 impls, 10 clqs
   (10.8s) probing cycle finished: starting next cycle
   (10.8s) probing: 52/2599 (2.0%) - 2202 fixings, 0 aggregations, 875489 implications, 0 bound changes
   (10.8s) probing aborted: 50/50 successive totally useless probings
(round 245, exhaustive) 2329 del vars, 1101 del conss, 0 add conss, 8179 chg bounds, 0 chg sides, 6514 chg coeffs, 1266 upgd conss, 876742 impls, 10 clqs
(round 246, fast)       2329 del vars, 1117 del conss, 0 add conss, 8179 chg bounds, 0 chg sides, 6514 chg coeffs, 1266 upgd conss, 876742 impls, 10 clqs
   (10.9s) probing: 57/2599 (2.2%) - 2202 fixings, 0 aggregations, 875489 implications, 0 bound changes
   (10.9s) probing aborted: 50/50 successive totally useless probings
   (10.9s) symmetry computation started: requiring (bin +, int -, cont +), (fixed: bin -, int +, cont -)
   (10.9s) no symmetry present
presolving (247 rounds: 247 fast, 166 medium, 165 exhaustive):
 2329 deleted vars, 1117 deleted constraints, 0 added constraints, 8179 tightened bounds, 0 added holes, 0 changed sides, 6514 changed coefficients
 876742 implications, 10 cliques
presolved problem has 5271 variables (2599 bin, 0 int, 0 impl, 2672 cont) and 2703 constraints
    146 constraints of type <varbound>
     10 constraints of type <setppc>
   2547 constraints of type <linear>
Presolving Time: 10.86

 time | node  | left  |LP iter|LP it/n|mem/heur|mdpt |vars |cons |rows |cuts |sepa|confs|strbr|  dualbound   | primalbound  |  gap   | compl. 
 11.2s|     1 |     0 |  1921 |     - |   169M |   0 |5271 |2705 |2703 |   0 |  0 |   1 |   0 |-3.161840e+00 |      --      |    Inf | unknown
r11.2s|     1 |     0 |  1921 |     - |randroun|   0 |5271 |2705 |2703 |   0 |  0 |   1 |   0 |-3.161840e+00 |-3.161840e+00 |   0.00%| unknown
 11.2s|     1 |     0 |  1921 |     - |   169M |   0 |5271 |2705 |2703 |   0 |  0 |   1 |   0 |-3.161840e+00 |-3.161840e+00 |   0.00%| unknown

SCIP Status        : problem is solved [optimal solution found]
Solving Time (sec) : 11.24
Solving Nodes      : 1
Primal Bound       : -3.16184036939314e+00 (1 solutions)
Dual Bound         : -3.16184036939314e+00
Gap                : 0.00 %

primal solution (original space):
=================================

objective value:                    -3.16184036939314
y_2,159_                                            1 	(obj:0)
y_4,159_                                            1 	(obj:0)
y_10,159_                                           1 	(obj:0)
y_1,160_                                            1 	(obj:0)
y_6,160_                                            1 	(obj:0)
y_8,160_                                            1 	(obj:0)
y_9,160_                                            1 	(obj:0)
y_3,161_                                            1 	(obj:0)
y_5,161_                                            1 	(obj:0)
y_7,161_                                            1 	(obj:0)
x_5_                               -0.311345646437995 	(obj:1)
x_1_                               -0.316622691292876 	(obj:1)
t_6,160_                                          0.5 	(obj:0)
t_6,161_                                          0.5 	(obj:0)
x_6_                               -0.316622691292876 	(obj:1)
t_7,161_                                            1 	(obj:0)
t_4,160_                                            1 	(obj:0)
x_7_                               -0.311345646437995 	(obj:1)
t_1,161_                                          0.5 	(obj:0)
t_8,160_                                          0.5 	(obj:0)
t_8,161_                                          0.5 	(obj:0)
t_5,161_                                            1 	(obj:0)
x_8_                               -0.316622691292876 	(obj:1)
x_2_                               -0.321899736147757 	(obj:1)
t_2,160_                                            1 	(obj:0)
t_9,160_                           0.0843749999996438 	(obj:0)
t_9,161_                            0.915625000000356 	(obj:0)
x_4_                               -0.321899736147757 	(obj:1)
x_10_                              -0.321899736147757 	(obj:1)
x_9_                               -0.312236147757252 	(obj:1)
t_1,160_                                          0.5 	(obj:0)
t_10,160_                                           1 	(obj:0)
t_3,161_                                            1 	(obj:0)
x_3_                               -0.311345646437995 	(obj:1)

Statistics
==========

SCIP Status        : problem is solved [optimal solution found]
Total Time         :      11.26
  solving          :      11.24
  presolving       :      10.86 (included in solving)
  reading          :       0.02
  copying          :       0.00 (0 times copied the problem)
Original Problem   :
  Problem name     : ../modeles/10_379.lp
  Variables        : 7600 (3790 binary, 0 integer, 0 implicit integer, 3810 continuous)
  Constraints      : 3831 initial, 3831 maximal
  Objective        : minimize, 10 non-zeros (abs.min = 1, abs.max = 1)
Presolved Problem  :
  Problem name     : t_../modeles/10_379.lp
  Variables        : 5271 (2599 binary, 0 integer, 0 implicit integer, 2672 continuous)
  Constraints      : 2703 initial, 2705 maximal
  Objective        : minimize, 2672 non-zeros (abs.min = 0.00527704, abs.max = 1.40897)
  Nonzeros         : 18475 constraint, 2599 clique table
Presolvers         :   ExecTime  SetupTime  Calls  FixedVars   AggrVars   ChgTypes  ChgBounds   AddHoles    DelCons    AddCons   ChgSides   ChgCoefs
  boundshift       :       0.00       0.00      0          0          0          0          0          0          0          0          0          0
  convertinttobin  :       0.00       0.00      0          0          0          0          0          0          0          0          0          0
  domcol           :       2.11       0.00     94          0          0          0          0          0          0          0          0          0
  dualagg          :       0.00       0.00      0          0          0          0          0          0          0          0          0          0
  dualcomp         :       0.40       0.00     94          0          0          0          0          0          0          0          0          0
  dualinfer        :       0.00       0.00      0          0          0          0          0          0          0          0          0          0
  dualsparsify     :       0.01       0.00      1          0          0          0          0          0          0          0          0          0
  gateextraction   :       0.00       0.00      0          0          0          0          0          0          0          0          0          0
  implics          :       0.02       0.00    166          0          0          0          0          0          0          0          0          0
  inttobinary      :       0.00       0.00      0          0          0          0          0          0          0          0          0          0
  milp             :       0.23       0.00      3         58          0          0         60          0          0          0          0          0
  qpkktref         :       0.00       0.00      0          0          0          0          0          0          0          0          0          0
  redvub           :       0.00       0.00      0          0          0          0          0          0          0          0          0          0
  sparsify         :       0.56       0.00     26          0          0          0          0          0          0          0          0       2734
  stuffing         :       0.00       0.00      0          0          0          0          0          0          0          0          0          0
  trivial          :       0.04       0.00    247          0          0          0          0          0          0          0          0          0
  tworowbnd        :       0.00       0.00      0          0          0          0          0          0          0          0          0          0
  dualfix          :       0.04       0.00    247          0          0          0          0          0          0          0          0          0
  genvbounds       :       0.00       0.00      0          0          0          0          0          0          0          0          0          0
  probing          :       6.28       0.00     87       2202          0          0          0          0          0          0          0          0
  pseudoobj        :       0.00       0.00      0          0          0          0          0          0          0          0          0          0
  symmetry         :       0.01       0.00      1          0          0          0          0          0          0          0          0          0
  vbounds          :       0.00       0.00      1          0          0          0          0          0          0          0          0          0
  varbound         :       0.04       0.00    409          0          0          0         56          0       1110          0          0          0
  setppc           :       0.08       0.00    573          0          0          0          0          0          0          0          0          0
  linear           :       1.00       0.00    412         59         10          0       8063          0          7          0          0       3780
  logicor          :       0.00       0.00      0          0          0          0          0          0          0          0          0          0
  benders          :       0.00       0.00      0          0          0          0          0          0          0          0          0          0
  components       :       0.00       0.00      1          0          0          0          0          0          0          0          0          0
  root node        :          -          -      -          0          -          -          0          -          -          -          -          -
Constraints        :     Number  MaxNumber  #Separate #Propagate    #EnfoLP    #EnfoRelax  #EnfoPS    #Check   #ResProp    Cutoffs    DomReds       Cuts    Applied      Conss   Children
  benderslp        :          0          0          0          0          0          0          0         11          0          0          0          0          0          0          0
  integral         :          0          0          0          0          0          0          0         11          0          0          0          0          0          0          0
  varbound         :        146        146          0      11457          0          0          0          5        292          0          0          0          0          0          0
  setppc           :         10         10          0      11204          0          0          0          5       2334          1          0          0          0          0          0
  linear           :       2547       2547          0      11456          0          0          0          1       6018       1424          0          0          0          0          0
  logicor          :          0+         2          0         43          0          0          0          0          1          0          0          0          0          0          0
  benders          :          0          0          0          0          0          0          0          2          0          0          0          0          0          0          0
  countsols        :          0          0          0          0          0          0          0          2          0          0          0          0          0          0          0
  components       :          0          0          0          0          0          0          0          0          0          0          0          0          0          0          0
Constraint Timings :  TotalTime  SetupTime   Separate  Propagate     EnfoLP     EnfoPS     EnfoRelax   Check    ResProp    SB-Prop
  benderslp        :       0.00       0.00       0.00       0.00       0.00       0.00       0.00       0.00       0.00       0.00
  integral         :       0.00       0.00       0.00       0.00       0.00       0.00       0.00       0.00       0.00       0.00
  varbound         :       0.25       0.00       0.00       0.25       0.00       0.00       0.00       0.00       0.00       0.00
  setppc           :       0.03       0.00       0.00       0.03       0.00       0.00       0.00       0.00       0.00       0.00
  linear           :       1.27       0.00       0.00       1.26       0.00       0.00       0.00       0.00       0.00       0.00
  logicor          :       0.00       0.00       0.00       0.00       0.00       0.00       0.00       0.00       0.00       0.00
  benders          :       0.00       0.00       0.00       0.00       0.00       0.00       0.00       0.00       0.00       0.00
  countsols        :       0.00       0.00       0.00       0.00       0.00       0.00       0.00       0.00       0.00       0.00
  components       :       0.00       0.00       0.00       0.00       0.00       0.00       0.00       0.00       0.00       0.00
Propagators        : #Propagate   #ResProp    Cutoffs    DomReds
  dualfix          :          1          0          0          0
  genvbounds       :          0          0          0          0
  nlobbt           :          0          0          0          0
  obbt             :          0          0          0          0
  probing          :          0          0          0          0
  pseudoobj        :          2          0          0          0
  redcost          :          1          0          0          0
  rootredcost      :          0          0          0          0
  symmetry         :          0          0          0          0
  vbounds          :        589          0          0          0
Propagator Timings :  TotalTime  SetupTime   Presolve  Propagate    ResProp    SB-Prop
  dualfix          :       0.04       0.00       0.04       0.00       0.00       0.00
  genvbounds       :       0.00       0.00       0.00       0.00       0.00       0.00
  nlobbt           :       0.00       0.00       0.00       0.00       0.00       0.00
  obbt             :       0.00       0.00       0.00       0.00       0.00       0.00
  probing          :       6.28       0.00       6.28       0.00       0.00       0.00
  pseudoobj        :       0.01       0.00       0.00       0.01       0.00       0.00
  redcost          :       0.00       0.00       0.00       0.00       0.00       0.00
  rootredcost      :       0.00       0.00       0.00       0.00       0.00       0.00
  symmetry         :       0.01       0.00       0.01       0.00       0.00       0.00
  vbounds          :       0.08       0.00       0.00       0.08       0.00       0.00
Conflict Analysis  :       Time      Calls    Success    DomReds  Conflicts   Literals    Reconvs ReconvLits   Dualrays   Nonzeros   LP Iters   (pool size: [10000,10000])
  propagation      :       0.01          1          1          -          9      828.9          0        0.0          -          -          -
  infeasible LP    :       0.00          0          0          -          0        0.0          0        0.0          0        0.0          0
  bound exceed. LP :       0.00          0          0          -          0        0.0          0        0.0          0        0.0          0
  strong branching :       0.00          0          0          -          0        0.0          0        0.0          -          -          0
  pseudo solution  :       0.00          0          0          -          0        0.0          0        0.0          -          -          -
  applied globally :       0.00          -          -          0          1      251.0          -          -          0          -          -
  applied locally  :          -          -          -          0          0        0.0          -          -          0          -          -
Separators         :   ExecTime  SetupTime      Calls    Cutoffs    DomReds       Cuts    Applied      Conss
  cut pool         :       0.00                     0          -          -          0          -          -    (maximal pool size: 0)
  aggregation      :       0.00       0.00          0          0          0          0          0          0
  > cmir           :          -          -          -          -          -          -          0          -
  > flowcover      :          -          -          -          -          -          -          0          -
  > knapsackcover  :          -          -          -          -          -          -          0          -
  cgmip            :       0.00       0.00          0          0          0          0          0          0
  clique           :       0.00       0.00          0          0          0          0          0          0
  closecuts        :       0.00       0.00          0          0          0          0          0          0
  convexproj       :       0.00       0.00          0          0          0          0          0          0
  disjunctive      :       0.00       0.00          0          0          0          0          0          0
  eccuts           :       0.00       0.00          0          0          0          0          0          0
  gauge            :       0.00       0.00          0          0          0          0          0          0
  gomory           :       0.00       0.00          0          0          0          0          0          0
  > gomorymi       :          -          -          -          -          -          -          0          -
  > strongcg       :          -          -          -          -          -          -          0          -
  impliedbounds    :       0.00       0.00          0          0          0          0          0          0
  interminor       :       0.00       0.00          0          0          0          0          0          0
  intobj           :       0.00       0.00          0          0          0          0          0          0
  mcf              :       0.00       0.00          0          0          0          0          0          0
  minor            :       0.00       0.00          0          0          0          0          0          0
  mixing           :       0.00       0.00          0          0          0          0          0          0
  oddcycle         :       0.00       0.00          0          0          0          0          0          0
  rapidlearning    :       0.00       0.00          0          0          0          0          0          0
  rlt              :       0.00       0.00          0          0          0          0          0          0
  zerohalf         :       0.00       0.00          0          0          0          0          0          0
Cutselectors       :   ExecTime  SetupTime
  hybrid           :       0.00       0.00
Pricers            :   ExecTime  SetupTime      Calls       Vars
  problem variables:       0.00          -          0          0
Branching Rules    :   ExecTime  SetupTime   BranchLP  BranchExt   BranchPS    Cutoffs    DomReds       Cuts      Conss   Children
  allfullstrong    :       0.00       0.00          0          0          0          0          0          0          0          0
  cloud            :       0.00       0.00          0          0          0          0          0          0          0          0
  distribution     :       0.00       0.00          0          0          0          0          0          0          0          0
  fullstrong       :       0.00       0.00          0          0          0          0          0          0          0          0
  inference        :       0.00       0.00          0          0          0          0          0          0          0          0
  leastinf         :       0.00       0.00          0          0          0          0          0          0          0          0
  lookahead        :       0.00       0.00          0          0          0          0          0          0          0          0
  mostinf          :       0.00       0.00          0          0          0          0          0          0          0          0
  multaggr         :       0.00       0.00          0          0          0          0          0          0          0          0
  nodereopt        :       0.00       0.00          0          0          0          0          0          0          0          0
  pscost           :       0.00       0.00          0          0          0          0          0          0          0          0
  random           :       0.00       0.00          0          0          0          0          0          0          0          0
  relpscost        :       0.00       0.00          0          0          0          0          0          0          0          0
  vanillafullstrong:       0.00       0.00          0          0          0          0          0          0          0          0
Primal Heuristics  :   ExecTime  SetupTime      Calls      Found       Best
  LP solutions     :       0.00          -          -          0          0
  relax solutions  :       0.00          -          -          0          0
  pseudo solutions :       0.00          -          -          0          0
  strong branching :       0.00          -          -          0          0
  actconsdiving    :       0.00       0.00          0          0          0
  adaptivediving   :       0.00       0.00          0          0          0
  alns             :       0.00       0.00          0          0          0
  bound            :       0.00       0.00          0          0          0
  clique           :       0.03       0.00          1          0          0
  coefdiving       :       0.00       0.00          0          0          0
  completesol      :       0.00       0.00          0          0          0
  conflictdiving   :       0.00       0.00          0          0          0
  crossover        :       0.00       0.00          0          0          0
  dins             :       0.00       0.00          0          0          0
  distributiondivin:       0.00       0.00          0          0          0
  dps              :       0.00       0.00          0          0          0
  dualval          :       0.00       0.00          0          0          0
  farkasdiving     :       0.00       0.00          0          0          0
  feaspump         :       0.00       0.00          0          0          0
  fixandinfer      :       0.00       0.00          0          0          0
  fracdiving       :       0.00       0.00          0          0          0
  gins             :       0.00       0.00          0          0          0
  guideddiving     :       0.00       0.00          0          0          0
  indicator        :       0.00       0.00          0          0          0
  intdiving        :       0.00       0.00          0          0          0
  intshifting      :       0.00       0.00          0          0          0
  linesearchdiving :       0.00       0.00          0          0          0
  localbranching   :       0.00       0.00          0          0          0
  locks            :       0.06       0.00          1          0          0
  lpface           :       0.00       0.00          0          0          0
  mpec             :       0.00       0.00          0          0          0
  multistart       :       0.00       0.00          0          0          0
  mutation         :       0.00       0.00          0          0          0
  nlpdiving        :       0.00       0.00          0          0          0
  objpscostdiving  :       0.00       0.00          0          0          0
  octane           :       0.00       0.00          0          0          0
  ofins            :       0.00       0.00          0          0          0
  oneopt           :       0.00       0.00          0          0          0
  padm             :       0.00       0.00          0          0          0
  proximity        :       0.00       0.00          0          0          0
  pscostdiving     :       0.00       0.00          0          0          0
  randrounding     :       0.01       0.00          1          1          1
  rens             :       0.00       0.00          0          0          0
  reoptsols        :       0.00       0.00          0          0          0
  repair           :       0.00       0.00          0          0          0
  rins             :       0.00       0.00          0          0          0
  rootsoldiving    :       0.00       0.00          0          0          0
  rounding         :       0.00       0.00          0          0          0
  shiftandpropagate:       0.02       0.00          1          0          0
  shifting         :       0.00       0.00          0          0          0
  simplerounding   :       0.00       0.00          0          0          0
  subnlp           :       0.00       0.00          0          0          0
  trivial          :       0.01       0.00          2          0          0
  trivialnegation  :       0.00       0.00          0          0          0
  trustregion      :       0.00       0.00          0          0          0
  trysol           :       0.00       0.00          0          0          0
  twoopt           :       0.00       0.00          0          0          0
  undercover       :       0.00       0.00          0          0          0
  vbounds          :       0.00       0.00          0          0          0
  veclendiving     :       0.00       0.00          0          0          0
  zeroobj          :       0.00       0.00          0          0          0
  zirounding       :       0.00       0.00          0          0          0
  other solutions  :          -          -          -          0          -
Diving (single)    :      Calls      Nodes   LP Iters Backtracks  Conflicts   MinDepth   MaxDepth   AvgDepth  RoundSols  NLeafSols  MinSolDpt  MaxSolDpt  AvgSolDpt
  actconsdiving    :          0          -          -          -          -          -          -          -          -          -          -          -          -
  coefdiving       :          0          -          -          -          -          -          -          -          -          -          -          -          -
  conflictdiving   :          0          -          -          -          -          -          -          -          -          -          -          -          -
  distributiondivin:          0          -          -          -          -          -          -          -          -          -          -          -          -
  farkasdiving     :          0          -          -          -          -          -          -          -          -          -          -          -          -
  fracdiving       :          0          -          -          -          -          -          -          -          -          -          -          -          -
  guideddiving     :          0          -          -          -          -          -          -          -          -          -          -          -          -
  linesearchdiving :          0          -          -          -          -          -          -          -          -          -          -          -          -
  pscostdiving     :          0          -          -          -          -          -          -          -          -          -          -          -          -
  veclendiving     :          0          -          -          -          -          -          -          -          -          -          -          -          -
Diving (adaptive)  :      Calls      Nodes   LP Iters Backtracks  Conflicts   MinDepth   MaxDepth   AvgDepth  RoundSols  NLeafSols  MinSolDpt  MaxSolDpt  AvgSolDpt
  actconsdiving    :          0          -          -          -          -          -          -          -          -          -          -          -          -
  coefdiving       :          0          -          -          -          -          -          -          -          -          -          -          -          -
  conflictdiving   :          0          -          -          -          -          -          -          -          -          -          -          -          -
  distributiondivin:          0          -          -          -          -          -          -          -          -          -          -          -          -
  farkasdiving     :          0          -          -          -          -          -          -          -          -          -          -          -          -
  fracdiving       :          0          -          -          -          -          -          -          -          -          -          -          -          -
  guideddiving     :          0          -          -          -          -          -          -          -          -          -          -          -          -
  linesearchdiving :          0          -          -          -          -          -          -          -          -          -          -          -          -
  pscostdiving     :          0          -          -          -          -          -          -          -          -          -          -          -          -
  veclendiving     :          0          -          -          -          -          -          -          -          -          -          -          -          -
Neighborhoods      :      Calls  SetupTime  SolveTime SolveNodes       Sols       Best       Exp3  EpsGreedy        UCB TgtFixRate  Opt  Inf Node Stal  Sol  Usr Othr Actv
  rens             :          0       0.00       0.00          0          0          0    0.00000   -1.00000    1.00000      0.900    0    0    0    0    0    0    0    1
  rins             :          0       0.00       0.00          0          0          0    0.00000   -1.00000    1.00000      0.900    0    0    0    0    0    0    0    1
  mutation         :          0       0.00       0.00          0          0          0    0.00000   -1.00000    1.00000      0.900    0    0    0    0    0    0    0    1
  localbranching   :          0       0.00       0.00          0          0          0    0.00000   -1.00000    1.00000      0.900    0    0    0    0    0    0    0    1
  crossover        :          0       0.00       0.00          0          0          0    0.00000   -1.00000    1.00000      0.900    0    0    0    0    0    0    0    1
  proximity        :          0       0.00       0.00          0          0          0    0.00000   -1.00000    1.00000      0.900    0    0    0    0    0    0    0    1
  zeroobjective    :          0       0.00       0.00          0          0          0    0.00000   -1.00000    1.00000      0.900    0    0    0    0    0    0    0    1
  dins             :          0       0.00       0.00          0          0          0    0.00000   -1.00000    1.00000      0.900    0    0    0    0    0    0    0    1
  trustregion      :          0       0.00       0.00          0          0          0    0.00000   -1.00000    1.00000      0.900    0    0    0    0    0    0    0    0
LP                 :       Time      Calls Iterations  Iter/call   Iter/sec  Time-0-It Calls-0-It    ItLimit
  primal LP        :       0.00          0          0       0.00          -       0.00          0
  dual LP          :       0.14          1       1818    1818.00   13340.18       0.00          0
  lex dual LP      :       0.00          0          0       0.00          -
  barrier LP       :       0.00          0          0       0.00          -       0.00          0
  resolve instable :       0.00          0          0       0.00          -
  diving/probing LP:       0.01          1        103     103.00   10255.90
  strong branching :       0.00          0          0       0.00          -          -          -          0
    (at root node) :          -          0          0       0.00          -
  conflict analysis:       0.00          0          0       0.00          -
B&B Tree           :
  number of runs   :          1
  nodes            :          1 (0 internal, 1 leaves)
  feasible leaves  :          0
  infeas. leaves   :          0
  objective leaves :          1
  nodes (total)    :          1 (0 internal, 1 leaves)
  nodes left       :          0
  max depth        :          0
  max depth (total):          0
  backtracks       :          0 (0.0%)
  early backtracks :          0 (0.0%)
  nodes exc. ref.  :          0 (0.0%)
  delayed cutoffs  :          0
  repropagations   :          0 (0 domain reductions, 0 cutoffs)
  avg switch length:       2.00
  switching time   :       0.00
Estim. Tree Size   :          1
Estimation Tree    : 1 nodes (1 visited, 0 internal, 1 leaves, 0 open), weight: 1.0000 completed 1.0000
Estimations        :      estim      value      trend resolution     smooth
  wbe              :          1          -          -          -          -
  tree-profile     :         -1          -          -          -          -
  gap              :          1    1.00000    1.00000          1          1
  tree-weight      :          1    1.00000    1.00000          1          1
  leaf-frequency   :          1    0.50000    1.00000          1          1
  ssg              :          1    0.00000   -1.00000          1          1
  open-nodes       :          1    0.00000    0.00000          1          1
Root Node          :
  First LP value   : -3.16184036939314e+00
  First LP Iters   :       1818 (13240.89 Iter/sec)
  First LP Time    :       0.14
  Final Dual Bound : -3.16184036939314e+00
  Final Root Iters :       1818
  Root LP Estimate :                     -
Solution           :
  Solutions found  :          1 (1 improvements)
  First Solution   : -3.16184036939314e+00   (in run 1, after 1 nodes, 11.24 seconds, depth 6, found by <randrounding>)
  Gap First Sol.   :       0.00 %
  Gap Last Sol.    :       0.00 %
  Primal Bound     : -3.16184036939314e+00   (in run 1, after 1 nodes, 11.24 seconds, depth 6, found by <randrounding>)
  Dual Bound       : -3.16184036939314e+00
  Gap              :       0.00 %
Integrals          :      Total       Avg%
  primal-dual      :    1123.95      99.98
  primal-ref       :          -          - (not evaluated)
  dual-ref         :          -          - (not evaluated)
