SCIP version 8.0.0 [precision: 8 byte] [memory: block] [mode: optimized] [LP solver: SoPlex 6.0.0] [GitHash: a740f0891e]
Copyright (C) 2002-2021 Konrad-Zuse-Zentrum fuer Informationstechnik Berlin (ZIB)

External libraries: 
  SoPlex 6.0.0         Linear Programming Solver developed at Zuse Institute Berlin (soplex.zib.de) [GitHash: 71a5873d]
  CppAD 20180000.0     Algorithmic Differentiation of C++ algorithms developed by B. Bell (github.com/coin-or/CppAD)
  ZLIB 1.2.11          General purpose compression library by J. Gailly and M. Adler (zlib.net)
  GMP 6.2.1            GNU Multiple Precision Arithmetic Library developed by T. Granlund (gmplib.org)
  ZIMPL 3.5.1          Zuse Institute Mathematical Programming Language developed by T. Koch (zimpl.zib.de)
  AMPL/MP 4e2d45c4     AMPL .nl file reader library (github.com/ampl/mp)
  PaPILO 2.0.0         parallel presolve for integer and linear optimization (github.com/scipopt/papilo) [GitHash: 76cafc1]
  bliss 0.73p          Computing Graph Automorphism Groups by T. Junttila and P. Kaski (www.tcs.hut.fi/Software/bliss/)
  Ipopt 3.13.2         Interior Point Optimizer developed by A. Waechter et.al. (github.com/coin-or/Ipopt)

user parameter file <scip.set> not found - using default parameters

read problem <../modeles/10_79.lp>
============

original problem has 1600 variables (790 bin, 0 int, 0 impl, 810 cont) and 831 constraints

solve problem
=============

presolving:
(round 1, fast)       10 del vars, 0 del conss, 0 add conss, 1700 chg bounds, 0 chg sides, 0 chg coeffs, 0 upgd conss, 0 impls, 10 clqs
(round 2, fast)       10 del vars, 0 del conss, 0 add conss, 1700 chg bounds, 0 chg sides, 780 chg coeffs, 0 upgd conss, 0 impls, 10 clqs
   (0.0s) running MILP presolver
   (0.1s) MILP presolver (12 rounds): 0 aggregations, 200 fixings, 20 bound changes
(round 3, medium)     210 del vars, 0 del conss, 0 add conss, 1720 chg bounds, 0 chg sides, 780 chg coeffs, 0 upgd conss, 0 impls, 10 clqs
(round 4, fast)       210 del vars, 90 del conss, 0 add conss, 1720 chg bounds, 0 chg sides, 780 chg coeffs, 0 upgd conss, 0 impls, 10 clqs
(round 5, exhaustive) 210 del vars, 90 del conss, 0 add conss, 1720 chg bounds, 0 chg sides, 780 chg coeffs, 70 upgd conss, 0 impls, 10 clqs
   (0.1s) sparsify finished: 2/4880 (0.0%) nonzeros canceled - in total 2 canceled nonzeros, 71 changed coefficients, 0 added nonzeros
(round 6, exhaustive) 210 del vars, 90 del conss, 0 add conss, 1720 chg bounds, 0 chg sides, 851 chg coeffs, 70 upgd conss, 60 impls, 10 clqs
(round 7, exhaustive) 235 del vars, 90 del conss, 0 add conss, 1720 chg bounds, 0 chg sides, 851 chg coeffs, 70 upgd conss, 2264 impls, 10 clqs
(round 8, fast)       236 del vars, 93 del conss, 0 add conss, 1721 chg bounds, 0 chg sides, 851 chg coeffs, 70 upgd conss, 2264 impls, 10 clqs
(round 9, exhaustive) 236 del vars, 93 del conss, 0 add conss, 1721 chg bounds, 0 chg sides, 851 chg coeffs, 113 upgd conss, 2264 impls, 10 clqs
(round 10, exhaustive) 261 del vars, 93 del conss, 0 add conss, 1721 chg bounds, 0 chg sides, 851 chg coeffs, 113 upgd conss, 4636 impls, 10 clqs
(round 11, fast)       261 del vars, 99 del conss, 0 add conss, 1721 chg bounds, 0 chg sides, 851 chg coeffs, 113 upgd conss, 4636 impls, 10 clqs
(round 12, exhaustive) 261 del vars, 99 del conss, 0 add conss, 1721 chg bounds, 0 chg sides, 851 chg coeffs, 141 upgd conss, 4636 impls, 10 clqs
(round 13, exhaustive) 286 del vars, 99 del conss, 0 add conss, 1721 chg bounds, 0 chg sides, 851 chg coeffs, 141 upgd conss, 7366 impls, 10 clqs
(round 14, fast)       287 del vars, 110 del conss, 0 add conss, 1722 chg bounds, 0 chg sides, 851 chg coeffs, 141 upgd conss, 7366 impls, 10 clqs
(round 15, exhaustive) 287 del vars, 110 del conss, 0 add conss, 1722 chg bounds, 0 chg sides, 851 chg coeffs, 160 upgd conss, 7366 impls, 10 clqs
   (0.2s) sparsify finished: 6/4626 (0.1%) nonzeros canceled - in total 8 canceled nonzeros, 276 changed coefficients, 0 added nonzeros
(round 16, exhaustive) 287 del vars, 110 del conss, 0 add conss, 1722 chg bounds, 0 chg sides, 1056 chg coeffs, 160 upgd conss, 7385 impls, 10 clqs
(round 17, exhaustive) 312 del vars, 110 del conss, 0 add conss, 1722 chg bounds, 0 chg sides, 1056 chg coeffs, 160 upgd conss, 8055 impls, 10 clqs
(round 18, fast)       312 del vars, 120 del conss, 0 add conss, 1722 chg bounds, 0 chg sides, 1056 chg coeffs, 160 upgd conss, 8055 impls, 10 clqs
(round 19, exhaustive) 312 del vars, 120 del conss, 0 add conss, 1722 chg bounds, 0 chg sides, 1056 chg coeffs, 180 upgd conss, 8055 impls, 10 clqs
(round 20, exhaustive) 337 del vars, 120 del conss, 0 add conss, 1722 chg bounds, 0 chg sides, 1056 chg coeffs, 180 upgd conss, 11088 impls, 10 clqs
(round 21, fast)       337 del vars, 131 del conss, 0 add conss, 1722 chg bounds, 0 chg sides, 1056 chg coeffs, 180 upgd conss, 11088 impls, 10 clqs
(round 22, exhaustive) 337 del vars, 131 del conss, 0 add conss, 1722 chg bounds, 0 chg sides, 1056 chg coeffs, 193 upgd conss, 11088 impls, 10 clqs
(round 23, exhaustive) 363 del vars, 131 del conss, 0 add conss, 1722 chg bounds, 0 chg sides, 1056 chg coeffs, 193 upgd conss, 13611 impls, 10 clqs
(round 24, fast)       363 del vars, 143 del conss, 0 add conss, 1722 chg bounds, 0 chg sides, 1056 chg coeffs, 193 upgd conss, 13611 impls, 10 clqs
(round 25, exhaustive) 363 del vars, 143 del conss, 0 add conss, 1722 chg bounds, 0 chg sides, 1056 chg coeffs, 205 upgd conss, 13611 impls, 10 clqs
   (0.3s) sparsify finished: 2/4357 (0.0%) nonzeros canceled - in total 10 canceled nonzeros, 343 changed coefficients, 0 added nonzeros
(round 26, exhaustive) 363 del vars, 143 del conss, 0 add conss, 1722 chg bounds, 0 chg sides, 1123 chg coeffs, 205 upgd conss, 13623 impls, 10 clqs
(round 27, exhaustive) 388 del vars, 143 del conss, 0 add conss, 1722 chg bounds, 0 chg sides, 1123 chg coeffs, 205 upgd conss, 15078 impls, 10 clqs
(round 28, fast)       395 del vars, 161 del conss, 0 add conss, 1729 chg bounds, 0 chg sides, 1123 chg coeffs, 205 upgd conss, 15078 impls, 10 clqs
(round 29, exhaustive) 395 del vars, 161 del conss, 0 add conss, 1729 chg bounds, 0 chg sides, 1123 chg coeffs, 214 upgd conss, 15078 impls, 10 clqs
(round 30, exhaustive) 420 del vars, 161 del conss, 0 add conss, 1729 chg bounds, 0 chg sides, 1123 chg coeffs, 214 upgd conss, 16487 impls, 10 clqs
(round 31, fast)       421 del vars, 171 del conss, 0 add conss, 1730 chg bounds, 0 chg sides, 1123 chg coeffs, 214 upgd conss, 16487 impls, 10 clqs
   (0.3s) running MILP presolver
   (0.4s) MILP presolver (20 rounds): 0 aggregations, 228 fixings, 0 bound changes
(round 32, medium)     649 del vars, 256 del conss, 0 add conss, 1730 chg bounds, 0 chg sides, 1123 chg coeffs, 214 upgd conss, 16487 impls, 10 clqs
(round 33, fast)       649 del vars, 307 del conss, 0 add conss, 1730 chg bounds, 0 chg sides, 1123 chg coeffs, 214 upgd conss, 16487 impls, 10 clqs
(round 34, exhaustive) 649 del vars, 307 del conss, 0 add conss, 1730 chg bounds, 0 chg sides, 1123 chg coeffs, 224 upgd conss, 16487 impls, 10 clqs
   (0.4s) probing cycle finished: starting next cycle
   (0.4s) probing: 52/459 (11.3%) - 213 fixings, 0 aggregations, 26131 implications, 0 bound changes
   (0.4s) probing aborted: 50/50 successive totally useless probings
(round 35, exhaustive) 661 del vars, 307 del conss, 0 add conss, 1730 chg bounds, 0 chg sides, 1123 chg coeffs, 224 upgd conss, 26345 impls, 10 clqs
(round 36, fast)       661 del vars, 315 del conss, 0 add conss, 1730 chg bounds, 0 chg sides, 1123 chg coeffs, 224 upgd conss, 26345 impls, 10 clqs
   (0.4s) sparsify finished: 4/3291 (0.1%) nonzeros canceled - in total 14 canceled nonzeros, 439 changed coefficients, 0 added nonzeros
(round 37, exhaustive) 661 del vars, 315 del conss, 0 add conss, 1730 chg bounds, 0 chg sides, 1219 chg coeffs, 224 upgd conss, 26345 impls, 10 clqs
   (0.4s) probing: 57/459 (12.4%) - 213 fixings, 0 aggregations, 26131 implications, 0 bound changes
   (0.4s) probing aborted: 50/50 successive totally useless probings
   (0.4s) symmetry computation started: requiring (bin +, int -, cont +), (fixed: bin -, int +, cont -)
   (0.4s) symmetry computation finished: 5 generators found (max: 1500, log10 of symmetry group size: 2.2)
(round 38, exhaustive) 661 del vars, 315 del conss, 2 add conss, 1730 chg bounds, 0 chg sides, 1219 chg coeffs, 224 upgd conss, 26345 impls, 10 clqs
presolving (39 rounds: 39 fast, 26 medium, 24 exhaustive):
 661 deleted vars, 315 deleted constraints, 2 added constraints, 1730 tightened bounds, 0 added holes, 0 changed sides, 1219 changed coefficients
 26345 implications, 10 cliques
presolved problem has 939 variables (459 bin, 0 int, 0 impl, 480 cont) and 513 constraints
     42 constraints of type <varbound>
     10 constraints of type <setppc>
    459 constraints of type <linear>
      2 constraints of type <orbitope>
Presolving Time: 0.43

 time | node  | left  |LP iter|LP it/n|mem/heur|mdpt |vars |cons |rows |cuts |sepa|confs|strbr|  dualbound   | primalbound  |  gap   | compl. 
  0.5s|     1 |     0 |   168 |     - |    25M |   0 | 939 | 514 | 511 |   0 |  0 |   0 |   0 |-3.154272e+00 |      --      |    Inf | unknown
o 0.5s|     1 |     0 |   256 |     - |feaspump|   0 | 939 | 514 | 511 |   0 |  0 |   0 |   0 |-3.154272e+00 |-3.154272e+00 |   0.00%| unknown
  0.5s|     1 |     0 |   256 |     - |    25M |   0 | 939 | 514 | 511 |   0 |  0 |   0 |   0 |-3.154272e+00 |-3.154272e+00 |   0.00%| unknown

SCIP Status        : problem is solved [optimal solution found]
Solving Time (sec) : 0.46
Solving Nodes      : 1
Primal Bound       : -3.15427215189874e+00 (1 solutions)
Dual Bound         : -3.15427215189874e+00
Gap                : 0.00 %

primal solution (original space):
=================================

objective value:                    -3.15427215189874
y_3,33_                                             1 	(obj:0)
y_4,33_                                             1 	(obj:0)
y_5,33_                                             1 	(obj:0)
y_8,33_                                             1 	(obj:0)
y_10,33_                                            1 	(obj:0)
y_1,34_                                             1 	(obj:0)
y_6,34_                                             1 	(obj:0)
y_7,34_                                             1 	(obj:0)
y_9,34_                                             1 	(obj:0)
y_2,35_                                             1 	(obj:0)
x_5_                               -0.329113924050633 	(obj:1)
x_1_                               -0.278481012658228 	(obj:1)
t_6,34_                             0.296875000000055 	(obj:0)
t_6,35_                             0.703124999999945 	(obj:0)
t_3,34_                                             1 	(obj:0)
x_6_                               -0.293512658227851 	(obj:1)
t_7,34_                                             1 	(obj:0)
x_7_                               -0.329113924050633 	(obj:1)
t_5,34_                                             1 	(obj:0)
t_8,34_                                             1 	(obj:0)
x_8_                               -0.329113924050633 	(obj:1)
x_2_                               -0.278481012658228 	(obj:1)
t_2,35_                                             1 	(obj:0)
t_9,34_                                             1 	(obj:0)
x_10_                              -0.329113924050633 	(obj:1)
x_4_                               -0.329113924050633 	(obj:1)
t_4,34_                                             1 	(obj:0)
x_9_                               -0.329113924050633 	(obj:1)
t_1,35_                                             1 	(obj:0)
t_10,34_                                            1 	(obj:0)
x_3_                               -0.329113924050633 	(obj:1)

Statistics
==========

SCIP Status        : problem is solved [optimal solution found]
Total Time         :       0.46
  solving          :       0.46
  presolving       :       0.43 (included in solving)
  reading          :       0.01
  copying          :       0.00 (0 times copied the problem)
Original Problem   :
  Problem name     : ../modeles/10_79.lp
  Variables        : 1600 (790 binary, 0 integer, 0 implicit integer, 810 continuous)
  Constraints      : 831 initial, 831 maximal
  Objective        : minimize, 10 non-zeros (abs.min = 1, abs.max = 1)
Presolved Problem  :
  Problem name     : t_../modeles/10_79.lp
  Variables        : 939 (459 binary, 0 integer, 0 implicit integer, 480 continuous)
  Constraints      : 513 initial, 514 maximal
  Objective        : minimize, 480 non-zeros (abs.min = 0.0253165, abs.max = 1.39241)
  Nonzeros         : 3609 constraint, 459 clique table
Presolvers         :   ExecTime  SetupTime  Calls  FixedVars   AggrVars   ChgTypes  ChgBounds   AddHoles    DelCons    AddCons   ChgSides   ChgCoefs
  boundshift       :       0.00       0.00      0          0          0          0          0          0          0          0          0          0
  convertinttobin  :       0.00       0.00      0          0          0          0          0          0          0          0          0          0
  domcol           :       0.02       0.00     15          0          0          0          0          0          0          0          0          0
  dualagg          :       0.00       0.00      0          0          0          0          0          0          0          0          0          0
  dualcomp         :       0.01       0.00     15          0          0          0          0          0          0          0          0          0
  dualinfer        :       0.00       0.00      0          0          0          0          0          0          0          0          0          0
  dualsparsify     :       0.00       0.00      1          0          0          0          0          0          0          0          0          0
  gateextraction   :       0.00       0.00      0          0          0          0          0          0          0          0          0          0
  implics          :       0.00       0.00     26          0          0          0          0          0          0          0          0          0
  inttobinary      :       0.00       0.00      0          0          0          0          0          0          0          0          0          0
  milp             :       0.09       0.00      2        428          0          0         20          0          0          0          0          0
  qpkktref         :       0.00       0.00      0          0          0          0          0          0          0          0          0          0
  redvub           :       0.00       0.00      0          0          0          0          0          0          0          0          0          0
  sparsify         :       0.14       0.00      8          0          0          0          0          0          0          0          0        439
  stuffing         :       0.00       0.00      0          0          0          0          0          0          0          0          0          0
  trivial          :       0.00       0.00     39          0          0          0          0          0          0          0          0          0
  tworowbnd        :       0.00       0.00      0          0          0          0          0          0          0          0          0          0
  dualfix          :       0.00       0.00     39          0          0          0          0          0          0          0          0          0
  genvbounds       :       0.00       0.00      0          0          0          0          0          0          0          0          0          0
  probing          :       0.12       0.00     10        213          0          0          0          0          0          0          0          0
  pseudoobj        :       0.00       0.00      0          0          0          0          0          0          0          0          0          0
  symmetry         :       0.01       0.00      1          0          0          0          0          0          0          2          0          0
  vbounds          :       0.00       0.00      1          0          0          0          0          0          0          0          0          0
  varbound         :       0.00       0.00     58          0          0          0          8          0        172          0          0          0
  setppc           :       0.00       0.00     81          0          0          0          0          0          0          0          0          0
  linear           :       0.04       0.00     63         10         10          0       1702          0        143          0          0        780
  orbitope         :       0.00       0.00      1          0          0          0          0          0          0          0          0          0
  logicor          :       0.00       0.00      0          0          0          0          0          0          0          0          0          0
  benders          :       0.00       0.00      0          0          0          0          0          0          0          0          0          0
  components       :       0.00       0.00      1          0          0          0          0          0          0          0          0          0
  root node        :          -          -      -          0          -          -          0          -          -          -          -          -
Constraints        :     Number  MaxNumber  #Separate #Propagate    #EnfoLP    #EnfoRelax  #EnfoPS    #Check   #ResProp    Cutoffs    DomReds       Cuts    Applied      Conss   Children
  benderslp        :          0          0          0          0          0          0          0         12          0          0          0          0          0          0          0
  integral         :          0          0          0          0          0          0          0         12          0          0          0          0          0          0          0
  varbound         :         42         42          0       2058          0          0          0          6          0          0          0          0          0          0          0
  setppc           :         10         10          0       2000          0          0          0          6          0          0          0          0          0          0          0
  linear           :        459        459          0       2058          0          0          0          1          0        189          0          0          0          0          0
  orbitope         :          2          2          0        233          0          0          0          1          0          0          0          0          0          0          0
  logicor          :          0+         1          0          8          0          0          0          0          0          0          0          0          0          0          0
  benders          :          0          0          0          0          0          0          0          2          0          0          0          0          0          0          0
  countsols        :          0          0          0          0          0          0          0          2          0          0          0          0          0          0          0
  components       :          0          0          0          0          0          0          0          0          0          0          0          0          0          0          0
Constraint Timings :  TotalTime  SetupTime   Separate  Propagate     EnfoLP     EnfoPS     EnfoRelax   Check    ResProp    SB-Prop
  benderslp        :       0.00       0.00       0.00       0.00       0.00       0.00       0.00       0.00       0.00       0.00
  integral         :       0.00       0.00       0.00       0.00       0.00       0.00       0.00       0.00       0.00       0.00
  varbound         :       0.01       0.00       0.00       0.01       0.00       0.00       0.00       0.00       0.00       0.00
  setppc           :       0.00       0.00       0.00       0.00       0.00       0.00       0.00       0.00       0.00       0.00
  linear           :       0.03       0.00       0.00       0.03       0.00       0.00       0.00       0.00       0.00       0.00
  orbitope         :       0.00       0.00       0.00       0.00       0.00       0.00       0.00       0.00       0.00       0.00
  logicor          :       0.00       0.00       0.00       0.00       0.00       0.00       0.00       0.00       0.00       0.00
  benders          :       0.00       0.00       0.00       0.00       0.00       0.00       0.00       0.00       0.00       0.00
  countsols        :       0.00       0.00       0.00       0.00       0.00       0.00       0.00       0.00       0.00       0.00
  components       :       0.00       0.00       0.00       0.00       0.00       0.00       0.00       0.00       0.00       0.00
Propagators        : #Propagate   #ResProp    Cutoffs    DomReds
  dualfix          :          1          0          0          0
  genvbounds       :          0          0          0          0
  nlobbt           :          0          0          0          0
  obbt             :          0          0          0          0
  probing          :          0          0          0          0
  pseudoobj        :          2          0          0          0
  redcost          :          1          0          0          0
  rootredcost      :          0          0          0          0
  symmetry         :          0          0          0          0
  vbounds          :        167          0          0          0
Propagator Timings :  TotalTime  SetupTime   Presolve  Propagate    ResProp    SB-Prop
  dualfix          :       0.00       0.00       0.00       0.00       0.00       0.00
  genvbounds       :       0.00       0.00       0.00       0.00       0.00       0.00
  nlobbt           :       0.00       0.00       0.00       0.00       0.00       0.00
  obbt             :       0.00       0.00       0.00       0.00       0.00       0.00
  probing          :       0.12       0.00       0.12       0.00       0.00       0.00
  pseudoobj        :       0.00       0.00       0.00       0.00       0.00       0.00
  redcost          :       0.00       0.00       0.00       0.00       0.00       0.00
  rootredcost      :       0.00       0.00       0.00       0.00       0.00       0.00
  symmetry         :       0.01       0.00       0.01       0.00       0.00       0.00
  vbounds          :       0.00       0.00       0.00       0.00       0.00       0.00
Orbital fixing     :
  vars fixed to 0  :          0
  vars fixed to 1  :          0
Conflict Analysis  :       Time      Calls    Success    DomReds  Conflicts   Literals    Reconvs ReconvLits   Dualrays   Nonzeros   LP Iters   (pool size: [10000,10000])
  propagation      :       0.00          0          0          -          0        0.0          0        0.0          -          -          -
  infeasible LP    :       0.00          0          0          -          0        0.0          0        0.0          0        0.0          0
  bound exceed. LP :       0.00          0          0          -          0        0.0          0        0.0          0        0.0          0
  strong branching :       0.00          0          0          -          0        0.0          0        0.0          -          -          0
  pseudo solution  :       0.00          0          0          -          0        0.0          0        0.0          -          -          -
  applied globally :       0.00          -          -          0          0        0.0          -          -          0          -          -
  applied locally  :          -          -          -          0          0        0.0          -          -          0          -          -
Separators         :   ExecTime  SetupTime      Calls    Cutoffs    DomReds       Cuts    Applied      Conss
  cut pool         :       0.00                     0          -          -          0          -          -    (maximal pool size: 0)
  aggregation      :       0.00       0.00          0          0          0          0          0          0
  > cmir           :          -          -          -          -          -          -          0          -
  > flowcover      :          -          -          -          -          -          -          0          -
  > knapsackcover  :          -          -          -          -          -          -          0          -
  cgmip            :       0.00       0.00          0          0          0          0          0          0
  clique           :       0.00       0.00          0          0          0          0          0          0
  closecuts        :       0.00       0.00          0          0          0          0          0          0
  convexproj       :       0.00       0.00          0          0          0          0          0          0
  disjunctive      :       0.00       0.00          0          0          0          0          0          0
  eccuts           :       0.00       0.00          0          0          0          0          0          0
  gauge            :       0.00       0.00          0          0          0          0          0          0
  gomory           :       0.00       0.00          0          0          0          0          0          0
  > gomorymi       :          -          -          -          -          -          -          0          -
  > strongcg       :          -          -          -          -          -          -          0          -
  impliedbounds    :       0.00       0.00          0          0          0          0          0          0
  interminor       :       0.00       0.00          0          0          0          0          0          0
  intobj           :       0.00       0.00          0          0          0          0          0          0
  mcf              :       0.00       0.00          0          0          0          0          0          0
  minor            :       0.00       0.00          0          0          0          0          0          0
  mixing           :       0.00       0.00          0          0          0          0          0          0
  oddcycle         :       0.00       0.00          0          0          0          0          0          0
  rapidlearning    :       0.00       0.00          0          0          0          0          0          0
  rlt              :       0.00       0.00          0          0          0          0          0          0
  zerohalf         :       0.00       0.00          0          0          0          0          0          0
Cutselectors       :   ExecTime  SetupTime
  hybrid           :       0.00       0.00
Pricers            :   ExecTime  SetupTime      Calls       Vars
  problem variables:       0.00          -          0          0
Branching Rules    :   ExecTime  SetupTime   BranchLP  BranchExt   BranchPS    Cutoffs    DomReds       Cuts      Conss   Children
  allfullstrong    :       0.00       0.00          0          0          0          0          0          0          0          0
  cloud            :       0.00       0.00          0          0          0          0          0          0          0          0
  distribution     :       0.00       0.00          0          0          0          0          0          0          0          0
  fullstrong       :       0.00       0.00          0          0          0          0          0          0          0          0
  inference        :       0.00       0.00          0          0          0          0          0          0          0          0
  leastinf         :       0.00       0.00          0          0          0          0          0          0          0          0
  lookahead        :       0.00       0.00          0          0          0          0          0          0          0          0
  mostinf          :       0.00       0.00          0          0          0          0          0          0          0          0
  multaggr         :       0.00       0.00          0          0          0          0          0          0          0          0
  nodereopt        :       0.00       0.00          0          0          0          0          0          0          0          0
  pscost           :       0.00       0.00          0          0          0          0          0          0          0          0
  random           :       0.00       0.00          0          0          0          0          0          0          0          0
  relpscost        :       0.00       0.00          0          0          0          0          0          0          0          0
  vanillafullstrong:       0.00       0.00          0          0          0          0          0          0          0          0
Primal Heuristics  :   ExecTime  SetupTime      Calls      Found       Best
  LP solutions     :       0.00          -          -          0          0
  relax solutions  :       0.00          -          -          0          0
  pseudo solutions :       0.00          -          -          0          0
  strong branching :       0.00          -          -          0          0
  actconsdiving    :       0.00       0.00          0          0          0
  adaptivediving   :       0.00       0.00          0          0          0
  alns             :       0.00       0.00          0          0          0
  bound            :       0.00       0.00          0          0          0
  clique           :       0.00       0.00          1          0          0
  coefdiving       :       0.00       0.00          0          0          0
  completesol      :       0.00       0.00          0          0          0
  conflictdiving   :       0.00       0.00          0          0          0
  crossover        :       0.00       0.00          0          0          0
  dins             :       0.00       0.00          0          0          0
  distributiondivin:       0.00       0.00          0          0          0
  dps              :       0.00       0.00          0          0          0
  dualval          :       0.00       0.00          0          0          0
  farkasdiving     :       0.00       0.00          0          0          0
  feaspump         :       0.00       0.00          1          1          1
  fixandinfer      :       0.00       0.00          0          0          0
  fracdiving       :       0.00       0.00          0          0          0
  gins             :       0.00       0.00          0          0          0
  guideddiving     :       0.00       0.00          0          0          0
  indicator        :       0.00       0.00          0          0          0
  intdiving        :       0.00       0.00          0          0          0
  intshifting      :       0.00       0.00          0          0          0
  linesearchdiving :       0.00       0.00          0          0          0
  localbranching   :       0.00       0.00          0          0          0
  locks            :       0.00       0.00          1          0          0
  lpface           :       0.00       0.00          0          0          0
  mpec             :       0.00       0.00          0          0          0
  multistart       :       0.00       0.00          0          0          0
  mutation         :       0.00       0.00          0          0          0
  nlpdiving        :       0.00       0.00          0          0          0
  objpscostdiving  :       0.00       0.00          0          0          0
  octane           :       0.00       0.00          0          0          0
  ofins            :       0.00       0.00          0          0          0
  oneopt           :       0.00       0.00          0          0          0
  padm             :       0.00       0.00          0          0          0
  proximity        :       0.00       0.00          0          0          0
  pscostdiving     :       0.00       0.00          0          0          0
  randrounding     :       0.00       0.00          1          0          0
  rens             :       0.00       0.00          0          0          0
  reoptsols        :       0.00       0.00          0          0          0
  repair           :       0.00       0.00          0          0          0
  rins             :       0.00       0.00          0          0          0
  rootsoldiving    :       0.00       0.00          0          0          0
  rounding         :       0.00       0.00          1          0          0
  shiftandpropagate:       0.00       0.00          1          0          0
  shifting         :       0.00       0.00          1          0          0
  simplerounding   :       0.00       0.00          0          0          0
  subnlp           :       0.00       0.00          0          0          0
  trivial          :       0.00       0.00          2          0          0
  trivialnegation  :       0.00       0.00          0          0          0
  trustregion      :       0.00       0.00          0          0          0
  trysol           :       0.00       0.00          0          0          0
  twoopt           :       0.00       0.00          0          0          0
  undercover       :       0.00       0.00          0          0          0
  vbounds          :       0.00       0.00          0          0          0
  veclendiving     :       0.00       0.00          0          0          0
  zeroobj          :       0.00       0.00          0          0          0
  zirounding       :       0.00       0.00          0          0          0
  other solutions  :          -          -          -          0          -
Diving (single)    :      Calls      Nodes   LP Iters Backtracks  Conflicts   MinDepth   MaxDepth   AvgDepth  RoundSols  NLeafSols  MinSolDpt  MaxSolDpt  AvgSolDpt
  actconsdiving    :          0          -          -          -          -          -          -          -          -          -          -          -          -
  coefdiving       :          0          -          -          -          -          -          -          -          -          -          -          -          -
  conflictdiving   :          0          -          -          -          -          -          -          -          -          -          -          -          -
  distributiondivin:          0          -          -          -          -          -          -          -          -          -          -          -          -
  farkasdiving     :          0          -          -          -          -          -          -          -          -          -          -          -          -
  fracdiving       :          0          -          -          -          -          -          -          -          -          -          -          -          -
  guideddiving     :          0          -          -          -          -          -          -          -          -          -          -          -          -
  linesearchdiving :          0          -          -          -          -          -          -          -          -          -          -          -          -
  pscostdiving     :          0          -          -          -          -          -          -          -          -          -          -          -          -
  veclendiving     :          0          -          -          -          -          -          -          -          -          -          -          -          -
Diving (adaptive)  :      Calls      Nodes   LP Iters Backtracks  Conflicts   MinDepth   MaxDepth   AvgDepth  RoundSols  NLeafSols  MinSolDpt  MaxSolDpt  AvgSolDpt
  actconsdiving    :          0          -          -          -          -          -          -          -          -          -          -          -          -
  coefdiving       :          0          -          -          -          -          -          -          -          -          -          -          -          -
  conflictdiving   :          0          -          -          -          -          -          -          -          -          -          -          -          -
  distributiondivin:          0          -          -          -          -          -          -          -          -          -          -          -          -
  farkasdiving     :          0          -          -          -          -          -          -          -          -          -          -          -          -
  fracdiving       :          0          -          -          -          -          -          -          -          -          -          -          -          -
  guideddiving     :          0          -          -          -          -          -          -          -          -          -          -          -          -
  linesearchdiving :          0          -          -          -          -          -          -          -          -          -          -          -          -
  pscostdiving     :          0          -          -          -          -          -          -          -          -          -          -          -          -
  veclendiving     :          0          -          -          -          -          -          -          -          -          -          -          -          -
Neighborhoods      :      Calls  SetupTime  SolveTime SolveNodes       Sols       Best       Exp3  EpsGreedy        UCB TgtFixRate  Opt  Inf Node Stal  Sol  Usr Othr Actv
  rens             :          0       0.00       0.00          0          0          0    0.00000   -1.00000    1.00000      0.900    0    0    0    0    0    0    0    1
  rins             :          0       0.00       0.00          0          0          0    0.00000   -1.00000    1.00000      0.900    0    0    0    0    0    0    0    1
  mutation         :          0       0.00       0.00          0          0          0    0.00000   -1.00000    1.00000      0.900    0    0    0    0    0    0    0    1
  localbranching   :          0       0.00       0.00          0          0          0    0.00000   -1.00000    1.00000      0.900    0    0    0    0    0    0    0    1
  crossover        :          0       0.00       0.00          0          0          0    0.00000   -1.00000    1.00000      0.900    0    0    0    0    0    0    0    1
  proximity        :          0       0.00       0.00          0          0          0    0.00000   -1.00000    1.00000      0.900    0    0    0    0    0    0    0    1
  zeroobjective    :          0       0.00       0.00          0          0          0    0.00000   -1.00000    1.00000      0.900    0    0    0    0    0    0    0    1
  dins             :          0       0.00       0.00          0          0          0    0.00000   -1.00000    1.00000      0.900    0    0    0    0    0    0    0    1
  trustregion      :          0       0.00       0.00          0          0          0    0.00000   -1.00000    1.00000      0.900    0    0    0    0    0    0    0    0
LP                 :       Time      Calls Iterations  Iter/call   Iter/sec  Time-0-It Calls-0-It    ItLimit
  primal LP        :       0.00          0          0       0.00          -       0.00          0
  dual LP          :       0.00          1        108     108.00          -       0.00          0
  lex dual LP      :       0.00          0          0       0.00          -
  barrier LP       :       0.00          0          0       0.00          -       0.00          0
  resolve instable :       0.00          0          0       0.00          -
  diving/probing LP:       0.00          2        148      74.00          -
  strong branching :       0.00          0          0       0.00          -          -          -          0
    (at root node) :          -          0          0       0.00          -
  conflict analysis:       0.00          0          0       0.00          -
B&B Tree           :
  number of runs   :          1
  nodes            :          1 (0 internal, 1 leaves)
  feasible leaves  :          0
  infeas. leaves   :          0
  objective leaves :          1
  nodes (total)    :          1 (0 internal, 1 leaves)
  nodes left       :          0
  max depth        :          0
  max depth (total):          0
  backtracks       :          0 (0.0%)
  early backtracks :          0 (0.0%)
  nodes exc. ref.  :          0 (0.0%)
  delayed cutoffs  :          0
  repropagations   :          0 (0 domain reductions, 0 cutoffs)
  avg switch length:       2.00
  switching time   :       0.00
Estim. Tree Size   :          1
Estimation Tree    : 1 nodes (1 visited, 0 internal, 1 leaves, 0 open), weight: 1.0000 completed 1.0000
Estimations        :      estim      value      trend resolution     smooth
  wbe              :          1          -          -          -          -
  tree-profile     :         -1          -          -          -          -
  gap              :          1    1.00000    1.00000          1          1
  tree-weight      :          1    1.00000    1.00000          1          1
  leaf-frequency   :          1    0.50000    1.00000          1          1
  ssg              :          1    0.00000   -1.00000          1          1
  open-nodes       :          1    0.00000    0.00000          1          1
Root Node          :
  First LP value   : -3.15427215189874e+00
  First LP Iters   :        108 (57173.11 Iter/sec)
  First LP Time    :       0.00
  Final Dual Bound : -3.15427215189874e+00
  Final Root Iters :        196
  Root LP Estimate :                     -
Solution           :
  Solutions found  :          1 (1 improvements)
  First Solution   : -3.15427215189874e+00   (in run 1, after 1 nodes, 0.46 seconds, depth 0, found by <feaspump>)
  Gap First Sol.   :       0.00 %
  Gap Last Sol.    :       0.00 %
  Primal Bound     : -3.15427215189874e+00   (in run 1, after 1 nodes, 0.46 seconds, depth 0, found by <feaspump>)
  Dual Bound       : -3.15427215189874e+00
  Gap              :       0.00 %
Integrals          :      Total       Avg%
  primal-dual      :      45.53      99.95
  primal-ref       :          -          - (not evaluated)
  dual-ref         :          -          - (not evaluated)
