SCIP version 8.0.0 [precision: 8 byte] [memory: block] [mode: optimized] [LP solver: SoPlex 6.0.0] [GitHash: a740f0891e]
Copyright (C) 2002-2021 Konrad-Zuse-Zentrum fuer Informationstechnik Berlin (ZIB)

External libraries: 
  SoPlex 6.0.0         Linear Programming Solver developed at Zuse Institute Berlin (soplex.zib.de) [GitHash: 71a5873d]
  CppAD 20180000.0     Algorithmic Differentiation of C++ algorithms developed by B. Bell (github.com/coin-or/CppAD)
  ZLIB 1.2.11          General purpose compression library by J. Gailly and M. Adler (zlib.net)
  GMP 6.2.1            GNU Multiple Precision Arithmetic Library developed by T. Granlund (gmplib.org)
  ZIMPL 3.5.1          Zuse Institute Mathematical Programming Language developed by T. Koch (zimpl.zib.de)
  AMPL/MP 4e2d45c4     AMPL .nl file reader library (github.com/ampl/mp)
  PaPILO 2.0.0         parallel presolve for integer and linear optimization (github.com/scipopt/papilo) [GitHash: 76cafc1]
  bliss 0.73p          Computing Graph Automorphism Groups by T. Junttila and P. Kaski (www.tcs.hut.fi/Software/bliss/)
  Ipopt 3.13.2         Interior Point Optimizer developed by A. Waechter et.al. (github.com/coin-or/Ipopt)

user parameter file <scip.set> not found - using default parameters

read problem <../modeles/15_129.lp>
============

original problem has 3900 variables (1935 bin, 0 int, 0 impl, 1965 cont) and 1996 constraints

solve problem
=============

presolving:
(round 1, fast)       15 del vars, 0 del conss, 0 add conss, 4140 chg bounds, 0 chg sides, 0 chg coeffs, 0 upgd conss, 0 impls, 15 clqs
(round 2, fast)       15 del vars, 0 del conss, 0 add conss, 4140 chg bounds, 0 chg sides, 1950 chg coeffs, 0 upgd conss, 0 impls, 15 clqs
   (0.0s) running MILP presolver
   (0.1s) MILP presolver (2 rounds): 0 aggregations, 0 fixings, 30 bound changes
(round 3, exhaustive) 15 del vars, 0 del conss, 0 add conss, 4170 chg bounds, 0 chg sides, 1950 chg coeffs, 45 upgd conss, 0 impls, 15 clqs
   (0.1s) sparsify finished: 4/13605 (0.0%) nonzeros canceled - in total 4 canceled nonzeros, 260 changed coefficients, 0 added nonzeros
(round 4, exhaustive) 15 del vars, 0 del conss, 0 add conss, 4170 chg bounds, 0 chg sides, 2210 chg coeffs, 45 upgd conss, 30 impls, 15 clqs
(round 5, exhaustive) 40 del vars, 0 del conss, 0 add conss, 4170 chg bounds, 0 chg sides, 2210 chg coeffs, 45 upgd conss, 5788 impls, 15 clqs
(round 6, fast)       40 del vars, 2 del conss, 0 add conss, 4170 chg bounds, 0 chg sides, 2210 chg coeffs, 45 upgd conss, 5788 impls, 15 clqs
(round 7, exhaustive) 40 del vars, 2 del conss, 0 add conss, 4170 chg bounds, 0 chg sides, 2210 chg coeffs, 85 upgd conss, 5788 impls, 15 clqs
(round 8, exhaustive) 65 del vars, 2 del conss, 0 add conss, 4170 chg bounds, 0 chg sides, 2210 chg coeffs, 85 upgd conss, 12980 impls, 15 clqs
(round 9, fast)       65 del vars, 5 del conss, 0 add conss, 4170 chg bounds, 0 chg sides, 2210 chg coeffs, 85 upgd conss, 12980 impls, 15 clqs
(round 10, exhaustive) 65 del vars, 5 del conss, 0 add conss, 4170 chg bounds, 0 chg sides, 2210 chg coeffs, 118 upgd conss, 12980 impls, 15 clqs
(round 11, exhaustive) 90 del vars, 5 del conss, 0 add conss, 4170 chg bounds, 0 chg sides, 2210 chg coeffs, 118 upgd conss, 19134 impls, 15 clqs
(round 12, exhaustive) 90 del vars, 6 del conss, 0 add conss, 4170 chg bounds, 0 chg sides, 2210 chg coeffs, 161 upgd conss, 19134 impls, 15 clqs
   (0.4s) sparsify finished: 2/13366 (0.0%) nonzeros canceled - in total 6 canceled nonzeros, 389 changed coefficients, 0 added nonzeros
(round 13, exhaustive) 90 del vars, 6 del conss, 0 add conss, 4170 chg bounds, 0 chg sides, 2339 chg coeffs, 161 upgd conss, 19177 impls, 15 clqs
(round 14, exhaustive) 115 del vars, 6 del conss, 0 add conss, 4170 chg bounds, 0 chg sides, 2339 chg coeffs, 161 upgd conss, 24653 impls, 15 clqs
(round 15, fast)       116 del vars, 13 del conss, 0 add conss, 4171 chg bounds, 0 chg sides, 2339 chg coeffs, 161 upgd conss, 24653 impls, 15 clqs
(round 16, exhaustive) 116 del vars, 13 del conss, 0 add conss, 4171 chg bounds, 0 chg sides, 2339 chg coeffs, 192 upgd conss, 24653 impls, 15 clqs
(round 17, exhaustive) 141 del vars, 13 del conss, 0 add conss, 4171 chg bounds, 0 chg sides, 2339 chg coeffs, 192 upgd conss, 27472 impls, 15 clqs
(round 18, fast)       141 del vars, 21 del conss, 0 add conss, 4171 chg bounds, 0 chg sides, 2339 chg coeffs, 192 upgd conss, 27472 impls, 15 clqs
(round 19, exhaustive) 141 del vars, 21 del conss, 0 add conss, 4171 chg bounds, 0 chg sides, 2339 chg coeffs, 218 upgd conss, 27472 impls, 15 clqs
(round 20, exhaustive) 166 del vars, 21 del conss, 0 add conss, 4171 chg bounds, 0 chg sides, 2339 chg coeffs, 218 upgd conss, 33559 impls, 15 clqs
(round 21, fast)       166 del vars, 23 del conss, 0 add conss, 4171 chg bounds, 0 chg sides, 2339 chg coeffs, 218 upgd conss, 33559 impls, 15 clqs
(round 22, exhaustive) 166 del vars, 23 del conss, 0 add conss, 4171 chg bounds, 0 chg sides, 2339 chg coeffs, 258 upgd conss, 33559 impls, 15 clqs
   (0.5s) sparsify finished: 2/13118 (0.0%) nonzeros canceled - in total 8 canceled nonzeros, 516 changed coefficients, 0 added nonzeros
(round 23, exhaustive) 166 del vars, 23 del conss, 0 add conss, 4171 chg bounds, 0 chg sides, 2466 chg coeffs, 258 upgd conss, 33599 impls, 15 clqs
(round 24, exhaustive) 191 del vars, 23 del conss, 0 add conss, 4171 chg bounds, 0 chg sides, 2466 chg coeffs, 258 upgd conss, 42285 impls, 15 clqs
(round 25, fast)       191 del vars, 30 del conss, 0 add conss, 4171 chg bounds, 0 chg sides, 2466 chg coeffs, 258 upgd conss, 42285 impls, 15 clqs
(round 26, exhaustive) 191 del vars, 30 del conss, 0 add conss, 4171 chg bounds, 0 chg sides, 2466 chg coeffs, 283 upgd conss, 42285 impls, 15 clqs
(round 27, exhaustive) 216 del vars, 30 del conss, 0 add conss, 4171 chg bounds, 0 chg sides, 2466 chg coeffs, 283 upgd conss, 45562 impls, 15 clqs
(round 28, fast)       216 del vars, 40 del conss, 0 add conss, 4171 chg bounds, 0 chg sides, 2466 chg coeffs, 283 upgd conss, 45562 impls, 15 clqs
(round 29, exhaustive) 216 del vars, 40 del conss, 0 add conss, 4171 chg bounds, 0 chg sides, 2466 chg coeffs, 303 upgd conss, 45562 impls, 15 clqs
(round 30, exhaustive) 241 del vars, 40 del conss, 0 add conss, 4171 chg bounds, 0 chg sides, 2466 chg coeffs, 303 upgd conss, 49704 impls, 15 clqs
(round 31, fast)       241 del vars, 48 del conss, 0 add conss, 4171 chg bounds, 0 chg sides, 2466 chg coeffs, 303 upgd conss, 49704 impls, 15 clqs
(round 32, exhaustive) 241 del vars, 48 del conss, 0 add conss, 4171 chg bounds, 0 chg sides, 2466 chg coeffs, 329 upgd conss, 49704 impls, 15 clqs
   (0.7s) sparsify finished: 2/12865 (0.0%) nonzeros canceled - in total 10 canceled nonzeros, 645 changed coefficients, 0 added nonzeros
(round 33, exhaustive) 241 del vars, 48 del conss, 0 add conss, 4171 chg bounds, 0 chg sides, 2595 chg coeffs, 329 upgd conss, 49730 impls, 15 clqs
(round 34, exhaustive) 266 del vars, 48 del conss, 0 add conss, 4171 chg bounds, 0 chg sides, 2595 chg coeffs, 329 upgd conss, 54177 impls, 15 clqs
(round 35, fast)       266 del vars, 59 del conss, 0 add conss, 4171 chg bounds, 0 chg sides, 2595 chg coeffs, 329 upgd conss, 54177 impls, 15 clqs
(round 36, exhaustive) 266 del vars, 59 del conss, 0 add conss, 4171 chg bounds, 0 chg sides, 2595 chg coeffs, 346 upgd conss, 54177 impls, 15 clqs
(round 37, exhaustive) 292 del vars, 59 del conss, 0 add conss, 4171 chg bounds, 0 chg sides, 2595 chg coeffs, 346 upgd conss, 59255 impls, 15 clqs
(round 38, fast)       292 del vars, 68 del conss, 0 add conss, 4171 chg bounds, 0 chg sides, 2595 chg coeffs, 346 upgd conss, 59255 impls, 15 clqs
(round 39, exhaustive) 292 del vars, 68 del conss, 0 add conss, 4171 chg bounds, 0 chg sides, 2595 chg coeffs, 367 upgd conss, 59255 impls, 15 clqs
(round 40, exhaustive) 317 del vars, 68 del conss, 0 add conss, 4171 chg bounds, 0 chg sides, 2595 chg coeffs, 367 upgd conss, 64189 impls, 15 clqs
(round 41, fast)       318 del vars, 77 del conss, 0 add conss, 4172 chg bounds, 0 chg sides, 2595 chg coeffs, 367 upgd conss, 64189 impls, 15 clqs
(round 42, exhaustive) 318 del vars, 77 del conss, 0 add conss, 4172 chg bounds, 0 chg sides, 2595 chg coeffs, 392 upgd conss, 64189 impls, 15 clqs
(round 43, exhaustive) 344 del vars, 77 del conss, 0 add conss, 4172 chg bounds, 0 chg sides, 2595 chg coeffs, 392 upgd conss, 67881 impls, 15 clqs
(round 44, fast)       344 del vars, 90 del conss, 0 add conss, 4172 chg bounds, 0 chg sides, 2595 chg coeffs, 392 upgd conss, 67881 impls, 15 clqs
(round 45, exhaustive) 344 del vars, 90 del conss, 0 add conss, 4172 chg bounds, 0 chg sides, 2595 chg coeffs, 404 upgd conss, 67881 impls, 15 clqs
(round 46, exhaustive) 369 del vars, 90 del conss, 0 add conss, 4172 chg bounds, 0 chg sides, 2595 chg coeffs, 404 upgd conss, 72402 impls, 15 clqs
(round 47, fast)       369 del vars, 101 del conss, 0 add conss, 4172 chg bounds, 0 chg sides, 2595 chg coeffs, 404 upgd conss, 72402 impls, 15 clqs
(round 48, exhaustive) 369 del vars, 101 del conss, 0 add conss, 4172 chg bounds, 0 chg sides, 2595 chg coeffs, 421 upgd conss, 72402 impls, 15 clqs
(round 49, exhaustive) 394 del vars, 101 del conss, 0 add conss, 4172 chg bounds, 0 chg sides, 2595 chg coeffs, 421 upgd conss, 77023 impls, 15 clqs
(round 50, fast)       394 del vars, 115 del conss, 0 add conss, 4172 chg bounds, 0 chg sides, 2595 chg coeffs, 421 upgd conss, 77023 impls, 15 clqs
(round 51, exhaustive) 394 del vars, 115 del conss, 0 add conss, 4172 chg bounds, 0 chg sides, 2595 chg coeffs, 429 upgd conss, 77023 impls, 15 clqs
(round 52, exhaustive) 419 del vars, 115 del conss, 0 add conss, 4172 chg bounds, 0 chg sides, 2595 chg coeffs, 429 upgd conss, 82624 impls, 15 clqs
(round 53, fast)       421 del vars, 126 del conss, 0 add conss, 4174 chg bounds, 0 chg sides, 2595 chg coeffs, 429 upgd conss, 82624 impls, 15 clqs
(round 54, exhaustive) 421 del vars, 126 del conss, 0 add conss, 4174 chg bounds, 0 chg sides, 2595 chg coeffs, 450 upgd conss, 82624 impls, 15 clqs
(round 55, exhaustive) 446 del vars, 126 del conss, 0 add conss, 4174 chg bounds, 0 chg sides, 2595 chg coeffs, 450 upgd conss, 85638 impls, 15 clqs
(round 56, fast)       447 del vars, 139 del conss, 0 add conss, 4175 chg bounds, 0 chg sides, 2595 chg coeffs, 450 upgd conss, 85638 impls, 15 clqs
(round 57, exhaustive) 447 del vars, 139 del conss, 0 add conss, 4175 chg bounds, 0 chg sides, 2595 chg coeffs, 459 upgd conss, 85638 impls, 15 clqs
   (1.1s) sparsify finished: 4/12152 (0.0%) nonzeros canceled - in total 14 canceled nonzeros, 878 changed coefficients, 0 added nonzeros
(round 58, exhaustive) 447 del vars, 139 del conss, 0 add conss, 4175 chg bounds, 0 chg sides, 2828 chg coeffs, 459 upgd conss, 85647 impls, 15 clqs
(round 59, exhaustive) 474 del vars, 139 del conss, 0 add conss, 4175 chg bounds, 0 chg sides, 2828 chg coeffs, 459 upgd conss, 87782 impls, 15 clqs
(round 60, fast)       474 del vars, 155 del conss, 0 add conss, 4175 chg bounds, 0 chg sides, 2828 chg coeffs, 459 upgd conss, 87782 impls, 15 clqs
(round 61, exhaustive) 474 del vars, 155 del conss, 0 add conss, 4175 chg bounds, 0 chg sides, 2828 chg coeffs, 465 upgd conss, 87782 impls, 15 clqs
   (1.1s) probing: 1000/1935 (51.7%) - 455 fixings, 0 aggregations, 87338 implications, 0 bound changes
(round 62, exhaustive) 499 del vars, 155 del conss, 0 add conss, 4175 chg bounds, 0 chg sides, 2828 chg coeffs, 465 upgd conss, 90620 impls, 15 clqs
(round 63, fast)       504 del vars, 172 del conss, 0 add conss, 4180 chg bounds, 0 chg sides, 2828 chg coeffs, 465 upgd conss, 90620 impls, 15 clqs
(round 64, exhaustive) 504 del vars, 172 del conss, 0 add conss, 4180 chg bounds, 0 chg sides, 2828 chg coeffs, 474 upgd conss, 90620 impls, 15 clqs
(round 65, exhaustive) 530 del vars, 172 del conss, 0 add conss, 4180 chg bounds, 0 chg sides, 2828 chg coeffs, 474 upgd conss, 93309 impls, 15 clqs
(round 66, fast)       530 del vars, 186 del conss, 0 add conss, 4180 chg bounds, 0 chg sides, 2828 chg coeffs, 474 upgd conss, 93309 impls, 15 clqs
(round 67, exhaustive) 530 del vars, 186 del conss, 0 add conss, 4180 chg bounds, 0 chg sides, 2828 chg coeffs, 484 upgd conss, 93309 impls, 15 clqs
(round 68, exhaustive) 555 del vars, 186 del conss, 0 add conss, 4180 chg bounds, 0 chg sides, 2828 chg coeffs, 484 upgd conss, 96433 impls, 15 clqs
(round 69, fast)       555 del vars, 197 del conss, 0 add conss, 4180 chg bounds, 0 chg sides, 2828 chg coeffs, 484 upgd conss, 96433 impls, 15 clqs
(round 70, exhaustive) 555 del vars, 197 del conss, 0 add conss, 4180 chg bounds, 0 chg sides, 2828 chg coeffs, 497 upgd conss, 96433 impls, 15 clqs
(round 71, exhaustive) 580 del vars, 197 del conss, 0 add conss, 4180 chg bounds, 0 chg sides, 2828 chg coeffs, 497 upgd conss, 98984 impls, 15 clqs
(round 72, fast)       582 del vars, 213 del conss, 0 add conss, 4182 chg bounds, 0 chg sides, 2828 chg coeffs, 497 upgd conss, 98984 impls, 15 clqs
(round 73, exhaustive) 582 del vars, 213 del conss, 0 add conss, 4182 chg bounds, 0 chg sides, 2828 chg coeffs, 503 upgd conss, 98984 impls, 15 clqs
(round 74, exhaustive) 607 del vars, 213 del conss, 0 add conss, 4182 chg bounds, 0 chg sides, 2828 chg coeffs, 503 upgd conss, 105712 impls, 15 clqs
(round 75, fast)       608 del vars, 226 del conss, 0 add conss, 4183 chg bounds, 0 chg sides, 2828 chg coeffs, 503 upgd conss, 105712 impls, 15 clqs
   (1.3s) running MILP presolver
   (1.4s) MILP presolver (21 rounds): 0 aggregations, 523 fixings, 0 bound changes
(round 76, medium)     1131 del vars, 458 del conss, 0 add conss, 4183 chg bounds, 0 chg sides, 2828 chg coeffs, 503 upgd conss, 105712 impls, 15 clqs
(round 77, fast)       1131 del vars, 545 del conss, 0 add conss, 4183 chg bounds, 0 chg sides, 2828 chg coeffs, 503 upgd conss, 105712 impls, 15 clqs
(round 78, exhaustive) 1131 del vars, 545 del conss, 0 add conss, 4183 chg bounds, 0 chg sides, 2828 chg coeffs, 518 upgd conss, 105712 impls, 15 clqs
   (1.6s) probing cycle finished: starting next cycle
   (1.7s) probing: 51/1365 (3.7%) - 604 fixings, 0 aggregations, 150976 implications, 0 bound changes
   (1.7s) probing aborted: 50/50 successive totally useless probings
(round 79, exhaustive) 1155 del vars, 545 del conss, 0 add conss, 4183 chg bounds, 0 chg sides, 2828 chg coeffs, 518 upgd conss, 151479 impls, 15 clqs
(round 80, fast)       1155 del vars, 561 del conss, 0 add conss, 4183 chg bounds, 0 chg sides, 2828 chg coeffs, 518 upgd conss, 151479 impls, 15 clqs
   (1.7s) probing: 56/1365 (4.1%) - 604 fixings, 0 aggregations, 150976 implications, 0 bound changes
   (1.7s) probing aborted: 50/50 successive totally useless probings
   (1.7s) symmetry computation started: requiring (bin +, int -, cont +), (fixed: bin -, int +, cont -)
   (1.7s) symmetry computation finished: 7 generators found (max: 1500, log10 of symmetry group size: 4.6)
presolving (81 rounds: 81 fast, 55 medium, 54 exhaustive):
 1155 deleted vars, 561 deleted constraints, 1 added constraints, 4183 tightened bounds, 0 added holes, 0 changed sides, 2828 changed coefficients
 151479 implications, 15 cliques
presolved problem has 2745 variables (1365 bin, 0 int, 0 impl, 1380 cont) and 1427 constraints
     30 constraints of type <varbound>
     15 constraints of type <setppc>
   1381 constraints of type <linear>
      1 constraints of type <orbitope>
Presolving Time: 1.68

 time | node  | left  |LP iter|LP it/n|mem/heur|mdpt |vars |cons |rows |cuts |sepa|confs|strbr|  dualbound   | primalbound  |  gap   | compl. 
  1.8s|     1 |     0 |   810 |     - |    71M |   0 |2745 |1428 |1426 |   0 |  0 |   0 |   0 |-3.868823e+00 |      --      |    Inf | unknown
r 1.8s|     1 |     0 |   810 |     - |randroun|   0 |2745 |1428 |1426 |   0 |  0 |   0 |   0 |-3.868823e+00 |-3.868823e+00 |   0.00%| unknown
  1.8s|     1 |     0 |   810 |     - |    71M |   0 |2745 |1428 |1426 |   0 |  0 |   0 |   0 |-3.868823e+00 |-3.868823e+00 |   0.00%| unknown

SCIP Status        : problem is solved [optimal solution found]
Solving Time (sec) : 1.78
Solving Nodes      : 1
Primal Bound       : -3.86882267441860e+00 (1 solutions)
Dual Bound         : -3.86882267441860e+00
Gap                : 0.00 %

primal solution (original space):
=================================

objective value:                     -3.8688226744186
y_1,56_                                             1 	(obj:0)
y_3,56_                                             1 	(obj:0)
y_4,56_                                             1 	(obj:0)
y_5,56_                                             1 	(obj:0)
y_6,56_                                             1 	(obj:0)
y_11,56_                                            1 	(obj:0)
y_12,56_                                            1 	(obj:0)
y_13,56_                                            1 	(obj:0)
y_14,56_                                            1 	(obj:0)
y_7,57_                                             1 	(obj:0)
y_8,57_                                             1 	(obj:0)
y_9,57_                                             1 	(obj:0)
y_10,57_                                            1 	(obj:0)
y_15,57_                                            1 	(obj:0)
y_2,58_                                             1 	(obj:0)
t_8,57_                                           0.5 	(obj:0)
t_8,58_                                           0.5 	(obj:0)
x_4_                               -0.263565891472868 	(obj:1)
x_5_                               -0.263565891472868 	(obj:1)
t_4,57_                                             1 	(obj:0)
x_8_                               -0.248062015503876 	(obj:1)
t_1,57_                                             1 	(obj:0)
t_9,58_                                             1 	(obj:0)
x_9_                               -0.232558139534884 	(obj:1)
t_7,57_                                             1 	(obj:0)
t_10,57_                             0.76953124999999 	(obj:0)
t_10,58_                             0.23046875000001 	(obj:0)
t_5,57_                                             1 	(obj:0)
x_10_                              -0.256419573643411 	(obj:1)
x_2_                               -0.232558139534884 	(obj:1)
t_11,57_                                            1 	(obj:0)
x_11_                              -0.263565891472868 	(obj:1)
t_12,57_                                            1 	(obj:0)
x_6_                               -0.263565891472868 	(obj:1)
x_7_                               -0.263565891472868 	(obj:1)
x_12_                              -0.263565891472868 	(obj:1)
t_13,57_                                            1 	(obj:0)
x_15_                              -0.263565891472868 	(obj:1)
x_13_                              -0.263565891472868 	(obj:1)
t_3,57_                                             1 	(obj:0)
t_14,57_                                            1 	(obj:0)
t_6,57_                                             1 	(obj:0)
x_14_                              -0.263565891472868 	(obj:1)
t_2,58_                                             1 	(obj:0)
x_1_                               -0.263565891472868 	(obj:1)
x_3_                               -0.263565891472868 	(obj:1)
t_15,57_                                            1 	(obj:0)

Statistics
==========

SCIP Status        : problem is solved [optimal solution found]
Total Time         :       1.80
  solving          :       1.78
  presolving       :       1.68 (included in solving)
  reading          :       0.02
  copying          :       0.00 (0 times copied the problem)
Original Problem   :
  Problem name     : ../modeles/15_129.lp
  Variables        : 3900 (1935 binary, 0 integer, 0 implicit integer, 1965 continuous)
  Constraints      : 1996 initial, 1996 maximal
  Objective        : minimize, 15 non-zeros (abs.min = 1, abs.max = 1)
Presolved Problem  :
  Problem name     : t_../modeles/15_129.lp
  Variables        : 2745 (1365 binary, 0 integer, 0 implicit integer, 1380 continuous)
  Constraints      : 1427 initial, 1428 maximal
  Objective        : minimize, 1380 non-zeros (abs.min = 0.0155039, abs.max = 1.41085)
  Nonzeros         : 10329 constraint, 1365 clique table
Presolvers         :   ExecTime  SetupTime  Calls  FixedVars   AggrVars   ChgTypes  ChgBounds   AddHoles    DelCons    AddCons   ChgSides   ChgCoefs
  boundshift       :       0.00       0.00      0          0          0          0          0          0          0          0          0          0
  convertinttobin  :       0.00       0.00      0          0          0          0          0          0          0          0          0          0
  domcol           :       0.17       0.00     30          0          0          0          0          0          0          0          0          0
  dualagg          :       0.00       0.00      0          0          0          0          0          0          0          0          0          0
  dualcomp         :       0.05       0.00     30          0          0          0          0          0          0          0          0          0
  dualinfer        :       0.00       0.00      0          0          0          0          0          0          0          0          0          0
  dualsparsify     :       0.00       0.00      1          0          0          0          0          0          0          0          0          0
  gateextraction   :       0.00       0.00      0          0          0          0          0          0          0          0          0          0
  implics          :       0.00       0.00     55          0          0          0          0          0          0          0          0          0
  inttobinary      :       0.00       0.00      0          0          0          0          0          0          0          0          0          0
  milp             :       0.16       0.00      2        523          0          0         30          0          0          0          0          0
  qpkktref         :       0.00       0.00      0          0          0          0          0          0          0          0          0          0
  redvub           :       0.00       0.00      0          0          0          0          0          0          0          0          0          0
  sparsify         :       0.22       0.00     12          0          0          0          0          0          0          0          0        878
  stuffing         :       0.00       0.00      0          0          0          0          0          0          0          0          0          0
  trivial          :       0.01       0.00     81          0          0          0          0          0          0          0          0          0
  tworowbnd        :       0.00       0.00      0          0          0          0          0          0          0          0          0          0
  dualfix          :       0.01       0.00     81          0          0          0          0          0          0          0          0          0
  genvbounds       :       0.00       0.00      0          0          0          0          0          0          0          0          0          0
  probing          :       0.82       0.00     25        604          0          0          0          0          0          0          0          0
  pseudoobj        :       0.00       0.00      0          0          0          0          0          0          0          0          0          0
  symmetry         :       0.02       0.00      1          0          0          0          0          0          0          1          0          0
  vbounds          :       0.00       0.00      1          0          0          0          0          0          0          0          0          0
  varbound         :       0.00       0.00    132          0          0          0         13          0        473          0          0          0
  setppc           :       0.01       0.00    185          0          0          0          0          0          0          0          0          0
  linear           :       0.19       0.00    135         13         15          0       4140          0         88          0          0       1950
  orbitope         :       0.00       0.00      0          0          0          0          0          0          0          0          0          0
  logicor          :       0.00       0.00      0          0          0          0          0          0          0          0          0          0
  benders          :       0.00       0.00      0          0          0          0          0          0          0          0          0          0
  components       :       0.00       0.00      1          0          0          0          0          0          0          0          0          0
  root node        :          -          -      -          0          -          -          0          -          -          -          -          -
Constraints        :     Number  MaxNumber  #Separate #Propagate    #EnfoLP    #EnfoRelax  #EnfoPS    #Check   #ResProp    Cutoffs    DomReds       Cuts    Applied      Conss   Children
  benderslp        :          0          0          0          0          0          0          0         11          0          0          0          0          0          0          0
  integral         :          0          0          0          0          0          0          0         11          0          0          0          0          0          0          0
  varbound         :         30         30          0       5370          0          0          0          5          0          0          0          0          0          0          0
  setppc           :         15         15          0       5301          0          0          0          5          0          0          0          0          0          0          0
  linear           :       1381       1381          0       5370          0          0          0          1          0        454          0          0          0          0          0
  orbitope         :          1          1          0        349          0          0          0          1          0          0          0          0          0          0          0
  logicor          :          0+         1          0         10          0          0          0          0          0          0          0          0          0          0          0
  benders          :          0          0          0          0          0          0          0          2          0          0          0          0          0          0          0
  countsols        :          0          0          0          0          0          0          0          2          0          0          0          0          0          0          0
  components       :          0          0          0          0          0          0          0          0          0          0          0          0          0          0          0
Constraint Timings :  TotalTime  SetupTime   Separate  Propagate     EnfoLP     EnfoPS     EnfoRelax   Check    ResProp    SB-Prop
  benderslp        :       0.00       0.00       0.00       0.00       0.00       0.00       0.00       0.00       0.00       0.00
  integral         :       0.00       0.00       0.00       0.00       0.00       0.00       0.00       0.00       0.00       0.00
  varbound         :       0.03       0.00       0.00       0.03       0.00       0.00       0.00       0.00       0.00       0.00
  setppc           :       0.01       0.00       0.00       0.01       0.00       0.00       0.00       0.00       0.00       0.00
  linear           :       0.17       0.00       0.00       0.17       0.00       0.00       0.00       0.00       0.00       0.00
  orbitope         :       0.00       0.00       0.00       0.00       0.00       0.00       0.00       0.00       0.00       0.00
  logicor          :       0.00       0.00       0.00       0.00       0.00       0.00       0.00       0.00       0.00       0.00
  benders          :       0.00       0.00       0.00       0.00       0.00       0.00       0.00       0.00       0.00       0.00
  countsols        :       0.00       0.00       0.00       0.00       0.00       0.00       0.00       0.00       0.00       0.00
  components       :       0.00       0.00       0.00       0.00       0.00       0.00       0.00       0.00       0.00       0.00
Propagators        : #Propagate   #ResProp    Cutoffs    DomReds
  dualfix          :          1          0          0          0
  genvbounds       :          0          0          0          0
  nlobbt           :          0          0          0          0
  obbt             :          0          0          0          0
  probing          :          0          0          0          0
  pseudoobj        :          2          0          0          0
  redcost          :          1          0          0          0
  rootredcost      :          0          0          0          0
  symmetry         :          0          0          0          0
  vbounds          :        247          0          0          0
Propagator Timings :  TotalTime  SetupTime   Presolve  Propagate    ResProp    SB-Prop
  dualfix          :       0.01       0.00       0.01       0.00       0.00       0.00
  genvbounds       :       0.00       0.00       0.00       0.00       0.00       0.00
  nlobbt           :       0.00       0.00       0.00       0.00       0.00       0.00
  obbt             :       0.00       0.00       0.00       0.00       0.00       0.00
  probing          :       0.82       0.00       0.82       0.00       0.00       0.00
  pseudoobj        :       0.00       0.00       0.00       0.00       0.00       0.00
  redcost          :       0.00       0.00       0.00       0.00       0.00       0.00
  rootredcost      :       0.00       0.00       0.00       0.00       0.00       0.00
  symmetry         :       0.02       0.00       0.02       0.00       0.00       0.00
  vbounds          :       0.01       0.00       0.00       0.01       0.00       0.00
Orbital fixing     :
  vars fixed to 0  :          0
  vars fixed to 1  :          0
Conflict Analysis  :       Time      Calls    Success    DomReds  Conflicts   Literals    Reconvs ReconvLits   Dualrays   Nonzeros   LP Iters   (pool size: [10000,10000])
  propagation      :       0.00          0          0          -          0        0.0          0        0.0          -          -          -
  infeasible LP    :       0.00          0          0          -          0        0.0          0        0.0          0        0.0          0
  bound exceed. LP :       0.00          0          0          -          0        0.0          0        0.0          0        0.0          0
  strong branching :       0.00          0          0          -          0        0.0          0        0.0          -          -          0
  pseudo solution  :       0.00          0          0          -          0        0.0          0        0.0          -          -          -
  applied globally :       0.00          -          -          0          0        0.0          -          -          0          -          -
  applied locally  :          -          -          -          0          0        0.0          -          -          0          -          -
Separators         :   ExecTime  SetupTime      Calls    Cutoffs    DomReds       Cuts    Applied      Conss
  cut pool         :       0.00                     0          -          -          0          -          -    (maximal pool size: 0)
  aggregation      :       0.00       0.00          0          0          0          0          0          0
  > cmir           :          -          -          -          -          -          -          0          -
  > flowcover      :          -          -          -          -          -          -          0          -
  > knapsackcover  :          -          -          -          -          -          -          0          -
  cgmip            :       0.00       0.00          0          0          0          0          0          0
  clique           :       0.00       0.00          0          0          0          0          0          0
  closecuts        :       0.00       0.00          0          0          0          0          0          0
  convexproj       :       0.00       0.00          0          0          0          0          0          0
  disjunctive      :       0.00       0.00          0          0          0          0          0          0
  eccuts           :       0.00       0.00          0          0          0          0          0          0
  gauge            :       0.00       0.00          0          0          0          0          0          0
  gomory           :       0.00       0.00          0          0          0          0          0          0
  > gomorymi       :          -          -          -          -          -          -          0          -
  > strongcg       :          -          -          -          -          -          -          0          -
  impliedbounds    :       0.00       0.00          0          0          0          0          0          0
  interminor       :       0.00       0.00          0          0          0          0          0          0
  intobj           :       0.00       0.00          0          0          0          0          0          0
  mcf              :       0.00       0.00          0          0          0          0          0          0
  minor            :       0.00       0.00          0          0          0          0          0          0
  mixing           :       0.00       0.00          0          0          0          0          0          0
  oddcycle         :       0.00       0.00          0          0          0          0          0          0
  rapidlearning    :       0.00       0.00          0          0          0          0          0          0
  rlt              :       0.00       0.00          0          0          0          0          0          0
  zerohalf         :       0.00       0.00          0          0          0          0          0          0
Cutselectors       :   ExecTime  SetupTime
  hybrid           :       0.00       0.00
Pricers            :   ExecTime  SetupTime      Calls       Vars
  problem variables:       0.00          -          0          0
Branching Rules    :   ExecTime  SetupTime   BranchLP  BranchExt   BranchPS    Cutoffs    DomReds       Cuts      Conss   Children
  allfullstrong    :       0.00       0.00          0          0          0          0          0          0          0          0
  cloud            :       0.00       0.00          0          0          0          0          0          0          0          0
  distribution     :       0.00       0.00          0          0          0          0          0          0          0          0
  fullstrong       :       0.00       0.00          0          0          0          0          0          0          0          0
  inference        :       0.00       0.00          0          0          0          0          0          0          0          0
  leastinf         :       0.00       0.00          0          0          0          0          0          0          0          0
  lookahead        :       0.00       0.00          0          0          0          0          0          0          0          0
  mostinf          :       0.00       0.00          0          0          0          0          0          0          0          0
  multaggr         :       0.00       0.00          0          0          0          0          0          0          0          0
  nodereopt        :       0.00       0.00          0          0          0          0          0          0          0          0
  pscost           :       0.00       0.00          0          0          0          0          0          0          0          0
  random           :       0.00       0.00          0          0          0          0          0          0          0          0
  relpscost        :       0.00       0.00          0          0          0          0          0          0          0          0
  vanillafullstrong:       0.00       0.00          0          0          0          0          0          0          0          0
Primal Heuristics  :   ExecTime  SetupTime      Calls      Found       Best
  LP solutions     :       0.00          -          -          0          0
  relax solutions  :       0.00          -          -          0          0
  pseudo solutions :       0.00          -          -          0          0
  strong branching :       0.00          -          -          0          0
  actconsdiving    :       0.00       0.00          0          0          0
  adaptivediving   :       0.00       0.00          0          0          0
  alns             :       0.00       0.00          0          0          0
  bound            :       0.00       0.00          0          0          0
  clique           :       0.01       0.00          1          0          0
  coefdiving       :       0.00       0.00          0          0          0
  completesol      :       0.00       0.00          0          0          0
  conflictdiving   :       0.00       0.00          0          0          0
  crossover        :       0.00       0.00          0          0          0
  dins             :       0.00       0.00          0          0          0
  distributiondivin:       0.00       0.00          0          0          0
  dps              :       0.00       0.00          0          0          0
  dualval          :       0.00       0.00          0          0          0
  farkasdiving     :       0.00       0.00          0          0          0
  feaspump         :       0.00       0.00          0          0          0
  fixandinfer      :       0.00       0.00          0          0          0
  fracdiving       :       0.00       0.00          0          0          0
  gins             :       0.00       0.00          0          0          0
  guideddiving     :       0.00       0.00          0          0          0
  indicator        :       0.00       0.00          0          0          0
  intdiving        :       0.00       0.00          0          0          0
  intshifting      :       0.00       0.00          0          0          0
  linesearchdiving :       0.00       0.00          0          0          0
  localbranching   :       0.00       0.00          0          0          0
  locks            :       0.01       0.00          1          0          0
  lpface           :       0.00       0.00          0          0          0
  mpec             :       0.00       0.00          0          0          0
  multistart       :       0.00       0.00          0          0          0
  mutation         :       0.00       0.00          0          0          0
  nlpdiving        :       0.00       0.00          0          0          0
  objpscostdiving  :       0.00       0.00          0          0          0
  octane           :       0.00       0.00          0          0          0
  ofins            :       0.00       0.00          0          0          0
  oneopt           :       0.00       0.00          0          0          0
  padm             :       0.00       0.00          0          0          0
  proximity        :       0.00       0.00          0          0          0
  pscostdiving     :       0.00       0.00          0          0          0
  randrounding     :       0.00       0.00          1          1          1
  rens             :       0.00       0.00          0          0          0
  reoptsols        :       0.00       0.00          0          0          0
  repair           :       0.00       0.00          0          0          0
  rins             :       0.00       0.00          0          0          0
  rootsoldiving    :       0.00       0.00          0          0          0
  rounding         :       0.00       0.00          0          0          0
  shiftandpropagate:       0.01       0.00          1          0          0
  shifting         :       0.00       0.00          0          0          0
  simplerounding   :       0.00       0.00          0          0          0
  subnlp           :       0.00       0.00          0          0          0
  trivial          :       0.01       0.00          2          0          0
  trivialnegation  :       0.00       0.00          0          0          0
  trustregion      :       0.00       0.00          0          0          0
  trysol           :       0.00       0.00          0          0          0
  twoopt           :       0.00       0.00          0          0          0
  undercover       :       0.00       0.00          0          0          0
  vbounds          :       0.00       0.00          0          0          0
  veclendiving     :       0.00       0.00          0          0          0
  zeroobj          :       0.00       0.00          0          0          0
  zirounding       :       0.00       0.00          0          0          0
  other solutions  :          -          -          -          0          -
Diving (single)    :      Calls      Nodes   LP Iters Backtracks  Conflicts   MinDepth   MaxDepth   AvgDepth  RoundSols  NLeafSols  MinSolDpt  MaxSolDpt  AvgSolDpt
  actconsdiving    :          0          -          -          -          -          -          -          -          -          -          -          -          -
  coefdiving       :          0          -          -          -          -          -          -          -          -          -          -          -          -
  conflictdiving   :          0          -          -          -          -          -          -          -          -          -          -          -          -
  distributiondivin:          0          -          -          -          -          -          -          -          -          -          -          -          -
  farkasdiving     :          0          -          -          -          -          -          -          -          -          -          -          -          -
  fracdiving       :          0          -          -          -          -          -          -          -          -          -          -          -          -
  guideddiving     :          0          -          -          -          -          -          -          -          -          -          -          -          -
  linesearchdiving :          0          -          -          -          -          -          -          -          -          -          -          -          -
  pscostdiving     :          0          -          -          -          -          -          -          -          -          -          -          -          -
  veclendiving     :          0          -          -          -          -          -          -          -          -          -          -          -          -
Diving (adaptive)  :      Calls      Nodes   LP Iters Backtracks  Conflicts   MinDepth   MaxDepth   AvgDepth  RoundSols  NLeafSols  MinSolDpt  MaxSolDpt  AvgSolDpt
  actconsdiving    :          0          -          -          -          -          -          -          -          -          -          -          -          -
  coefdiving       :          0          -          -          -          -          -          -          -          -          -          -          -          -
  conflictdiving   :          0          -          -          -          -          -          -          -          -          -          -          -          -
  distributiondivin:          0          -          -          -          -          -          -          -          -          -          -          -          -
  farkasdiving     :          0          -          -          -          -          -          -          -          -          -          -          -          -
  fracdiving       :          0          -          -          -          -          -          -          -          -          -          -          -          -
  guideddiving     :          0          -          -          -          -          -          -          -          -          -          -          -          -
  linesearchdiving :          0          -          -          -          -          -          -          -          -          -          -          -          -
  pscostdiving     :          0          -          -          -          -          -          -          -          -          -          -          -          -
  veclendiving     :          0          -          -          -          -          -          -          -          -          -          -          -          -
Neighborhoods      :      Calls  SetupTime  SolveTime SolveNodes       Sols       Best       Exp3  EpsGreedy        UCB TgtFixRate  Opt  Inf Node Stal  Sol  Usr Othr Actv
  rens             :          0       0.00       0.00          0          0          0    0.00000   -1.00000    1.00000      0.900    0    0    0    0    0    0    0    1
  rins             :          0       0.00       0.00          0          0          0    0.00000   -1.00000    1.00000      0.900    0    0    0    0    0    0    0    1
  mutation         :          0       0.00       0.00          0          0          0    0.00000   -1.00000    1.00000      0.900    0    0    0    0    0    0    0    1
  localbranching   :          0       0.00       0.00          0          0          0    0.00000   -1.00000    1.00000      0.900    0    0    0    0    0    0    0    1
  crossover        :          0       0.00       0.00          0          0          0    0.00000   -1.00000    1.00000      0.900    0    0    0    0    0    0    0    1
  proximity        :          0       0.00       0.00          0          0          0    0.00000   -1.00000    1.00000      0.900    0    0    0    0    0    0    0    1
  zeroobjective    :          0       0.00       0.00          0          0          0    0.00000   -1.00000    1.00000      0.900    0    0    0    0    0    0    0    1
  dins             :          0       0.00       0.00          0          0          0    0.00000   -1.00000    1.00000      0.900    0    0    0    0    0    0    0    1
  trustregion      :          0       0.00       0.00          0          0          0    0.00000   -1.00000    1.00000      0.900    0    0    0    0    0    0    0    0
LP                 :       Time      Calls Iterations  Iter/call   Iter/sec  Time-0-It Calls-0-It    ItLimit
  primal LP        :       0.00          0          0       0.00          -       0.00          0
  dual LP          :       0.03          1        725     725.00   24893.56       0.00          0
  lex dual LP      :       0.00          0          0       0.00          -
  barrier LP       :       0.00          0          0       0.00          -       0.00          0
  resolve instable :       0.00          0          0       0.00          -
  diving/probing LP:       0.00          1         85      85.00          -
  strong branching :       0.00          0          0       0.00          -          -          -          0
    (at root node) :          -          0          0       0.00          -
  conflict analysis:       0.00          0          0       0.00          -
B&B Tree           :
  number of runs   :          1
  nodes            :          1 (0 internal, 1 leaves)
  feasible leaves  :          0
  infeas. leaves   :          0
  objective leaves :          1
  nodes (total)    :          1 (0 internal, 1 leaves)
  nodes left       :          0
  max depth        :          0
  max depth (total):          0
  backtracks       :          0 (0.0%)
  early backtracks :          0 (0.0%)
  nodes exc. ref.  :          0 (0.0%)
  delayed cutoffs  :          0
  repropagations   :          0 (0 domain reductions, 0 cutoffs)
  avg switch length:       2.00
  switching time   :       0.00
Estim. Tree Size   :          1
Estimation Tree    : 1 nodes (1 visited, 0 internal, 1 leaves, 0 open), weight: 1.0000 completed 1.0000
Estimations        :      estim      value      trend resolution     smooth
  wbe              :          1          -          -          -          -
  tree-profile     :         -1          -          -          -          -
  gap              :          1    1.00000    1.00000          1          1
  tree-weight      :          1    1.00000    1.00000          1          1
  leaf-frequency   :          1    0.50000    1.00000          1          1
  ssg              :          1    0.00000   -1.00000          1          1
  open-nodes       :          1    0.00000    0.00000          1          1
Root Node          :
  First LP value   : -3.86882267441860e+00
  First LP Iters   :        725 (24619.67 Iter/sec)
  First LP Time    :       0.03
  Final Dual Bound : -3.86882267441860e+00
  Final Root Iters :        725
  Root LP Estimate :                     -
Solution           :
  Solutions found  :          1 (1 improvements)
  First Solution   : -3.86882267441860e+00   (in run 1, after 1 nodes, 1.78 seconds, depth 3, found by <randrounding>)
  Gap First Sol.   :       0.00 %
  Gap Last Sol.    :       0.00 %
  Primal Bound     : -3.86882267441860e+00   (in run 1, after 1 nodes, 1.78 seconds, depth 3, found by <randrounding>)
  Dual Bound       : -3.86882267441860e+00
  Gap              :       0.00 %
Integrals          :      Total       Avg%
  primal-dual      :     177.94      99.95
  primal-ref       :          -          - (not evaluated)
  dual-ref         :          -          - (not evaluated)
