SCIP version 8.0.0 [precision: 8 byte] [memory: block] [mode: optimized] [LP solver: SoPlex 6.0.0] [GitHash: a740f0891e]
Copyright (C) 2002-2021 Konrad-Zuse-Zentrum fuer Informationstechnik Berlin (ZIB)

External libraries: 
  SoPlex 6.0.0         Linear Programming Solver developed at Zuse Institute Berlin (soplex.zib.de) [GitHash: 71a5873d]
  CppAD 20180000.0     Algorithmic Differentiation of C++ algorithms developed by B. Bell (github.com/coin-or/CppAD)
  ZLIB 1.2.11          General purpose compression library by J. Gailly and M. Adler (zlib.net)
  GMP 6.2.1            GNU Multiple Precision Arithmetic Library developed by T. Granlund (gmplib.org)
  ZIMPL 3.5.1          Zuse Institute Mathematical Programming Language developed by T. Koch (zimpl.zib.de)
  AMPL/MP 4e2d45c4     AMPL .nl file reader library (github.com/ampl/mp)
  PaPILO 2.0.0         parallel presolve for integer and linear optimization (github.com/scipopt/papilo) [GitHash: 76cafc1]
  bliss 0.73p          Computing Graph Automorphism Groups by T. Junttila and P. Kaski (www.tcs.hut.fi/Software/bliss/)
  Ipopt 3.13.2         Interior Point Optimizer developed by A. Waechter et.al. (github.com/coin-or/Ipopt)

user parameter file <scip.set> not found - using default parameters

read problem <../modeles/15_259.lp>
============

original problem has 7800 variables (3885 bin, 0 int, 0 impl, 3915 cont) and 3946 constraints

solve problem
=============

presolving:
(round 1, fast)       15 del vars, 0 del conss, 0 add conss, 8280 chg bounds, 0 chg sides, 0 chg coeffs, 0 upgd conss, 0 impls, 15 clqs
(round 2, fast)       15 del vars, 0 del conss, 0 add conss, 8280 chg bounds, 0 chg sides, 3870 chg coeffs, 0 upgd conss, 0 impls, 15 clqs
   (0.1s) running MILP presolver
   (0.1s) MILP presolver (2 rounds): 0 aggregations, 0 fixings, 60 bound changes
(round 3, exhaustive) 15 del vars, 0 del conss, 0 add conss, 8340 chg bounds, 0 chg sides, 3870 chg coeffs, 45 upgd conss, 0 impls, 15 clqs
   (0.2s) sparsify finished: 2/27255 (0.0%) nonzeros canceled - in total 2 canceled nonzeros, 260 changed coefficients, 0 added nonzeros
(round 4, exhaustive) 15 del vars, 0 del conss, 0 add conss, 8340 chg bounds, 0 chg sides, 4130 chg coeffs, 45 upgd conss, 30 impls, 15 clqs
(round 5, exhaustive) 40 del vars, 0 del conss, 0 add conss, 8340 chg bounds, 0 chg sides, 4130 chg coeffs, 45 upgd conss, 8802 impls, 15 clqs
(round 6, exhaustive) 40 del vars, 1 del conss, 0 add conss, 8340 chg bounds, 0 chg sides, 4130 chg coeffs, 91 upgd conss, 8802 impls, 15 clqs
(round 7, exhaustive) 65 del vars, 1 del conss, 0 add conss, 8340 chg bounds, 0 chg sides, 4130 chg coeffs, 91 upgd conss, 18650 impls, 15 clqs
(round 8, exhaustive) 65 del vars, 2 del conss, 0 add conss, 8340 chg bounds, 0 chg sides, 4130 chg coeffs, 138 upgd conss, 18650 impls, 15 clqs
(round 9, exhaustive) 90 del vars, 2 del conss, 0 add conss, 8340 chg bounds, 0 chg sides, 4130 chg coeffs, 138 upgd conss, 24626 impls, 15 clqs
(round 10, exhaustive) 90 del vars, 3 del conss, 0 add conss, 8340 chg bounds, 0 chg sides, 4130 chg coeffs, 185 upgd conss, 24626 impls, 15 clqs
   (0.7s) sparsify finished: 2/27025 (0.0%) nonzeros canceled - in total 4 canceled nonzeros, 520 changed coefficients, 0 added nonzeros
(round 11, exhaustive) 90 del vars, 3 del conss, 0 add conss, 8340 chg bounds, 0 chg sides, 4390 chg coeffs, 185 upgd conss, 24673 impls, 15 clqs
(round 12, exhaustive) 115 del vars, 3 del conss, 0 add conss, 8340 chg bounds, 0 chg sides, 4390 chg coeffs, 185 upgd conss, 36822 impls, 15 clqs
(round 13, exhaustive) 115 del vars, 6 del conss, 0 add conss, 8340 chg bounds, 0 chg sides, 4390 chg coeffs, 226 upgd conss, 36822 impls, 15 clqs
(round 14, exhaustive) 140 del vars, 6 del conss, 0 add conss, 8340 chg bounds, 0 chg sides, 4390 chg coeffs, 226 upgd conss, 51088 impls, 15 clqs
(round 15, exhaustive) 140 del vars, 8 del conss, 0 add conss, 8340 chg bounds, 0 chg sides, 4390 chg coeffs, 266 upgd conss, 51088 impls, 15 clqs
(round 16, exhaustive) 165 del vars, 8 del conss, 0 add conss, 8340 chg bounds, 0 chg sides, 4390 chg coeffs, 266 upgd conss, 62453 impls, 15 clqs
(round 17, exhaustive) 165 del vars, 11 del conss, 0 add conss, 8340 chg bounds, 0 chg sides, 4390 chg coeffs, 303 upgd conss, 62453 impls, 15 clqs
(round 18, exhaustive) 190 del vars, 11 del conss, 0 add conss, 8340 chg bounds, 0 chg sides, 4390 chg coeffs, 303 upgd conss, 76871 impls, 15 clqs
(round 19, fast)       190 del vars, 18 del conss, 0 add conss, 8340 chg bounds, 0 chg sides, 4390 chg coeffs, 303 upgd conss, 76871 impls, 15 clqs
(round 20, exhaustive) 190 del vars, 18 del conss, 0 add conss, 8340 chg bounds, 0 chg sides, 4390 chg coeffs, 332 upgd conss, 76871 impls, 15 clqs
(round 21, exhaustive) 215 del vars, 18 del conss, 0 add conss, 8340 chg bounds, 0 chg sides, 4390 chg coeffs, 332 upgd conss, 88509 impls, 15 clqs
(round 22, exhaustive) 215 del vars, 20 del conss, 0 add conss, 8340 chg bounds, 0 chg sides, 4390 chg coeffs, 376 upgd conss, 88509 impls, 15 clqs
(round 23, exhaustive) 240 del vars, 20 del conss, 0 add conss, 8340 chg bounds, 0 chg sides, 4390 chg coeffs, 376 upgd conss, 102134 impls, 15 clqs
(round 24, fast)       241 del vars, 25 del conss, 0 add conss, 8341 chg bounds, 0 chg sides, 4390 chg coeffs, 376 upgd conss, 102134 impls, 15 clqs
(round 25, exhaustive) 241 del vars, 25 del conss, 0 add conss, 8341 chg bounds, 0 chg sides, 4390 chg coeffs, 413 upgd conss, 102134 impls, 15 clqs
(round 26, exhaustive) 266 del vars, 25 del conss, 0 add conss, 8341 chg bounds, 0 chg sides, 4390 chg coeffs, 413 upgd conss, 116505 impls, 15 clqs
(round 27, fast)       266 del vars, 31 del conss, 0 add conss, 8341 chg bounds, 0 chg sides, 4390 chg coeffs, 413 upgd conss, 116505 impls, 15 clqs
(round 28, exhaustive) 266 del vars, 31 del conss, 0 add conss, 8341 chg bounds, 0 chg sides, 4390 chg coeffs, 445 upgd conss, 116505 impls, 15 clqs
(round 29, exhaustive) 291 del vars, 31 del conss, 0 add conss, 8341 chg bounds, 0 chg sides, 4390 chg coeffs, 445 upgd conss, 128100 impls, 15 clqs
(round 30, fast)       291 del vars, 39 del conss, 0 add conss, 8341 chg bounds, 0 chg sides, 4390 chg coeffs, 445 upgd conss, 128100 impls, 15 clqs
(round 31, exhaustive) 291 del vars, 39 del conss, 0 add conss, 8341 chg bounds, 0 chg sides, 4390 chg coeffs, 471 upgd conss, 128100 impls, 15 clqs
   (1.9s) sparsify finished: 2/26382 (0.0%) nonzeros canceled - in total 6 canceled nonzeros, 775 changed coefficients, 0 added nonzeros
(round 32, exhaustive) 291 del vars, 39 del conss, 0 add conss, 8341 chg bounds, 0 chg sides, 4645 chg coeffs, 471 upgd conss, 128126 impls, 15 clqs
(round 33, exhaustive) 316 del vars, 39 del conss, 0 add conss, 8341 chg bounds, 0 chg sides, 4645 chg coeffs, 471 upgd conss, 136029 impls, 15 clqs
(round 34, fast)       316 del vars, 47 del conss, 0 add conss, 8341 chg bounds, 0 chg sides, 4645 chg coeffs, 471 upgd conss, 136029 impls, 15 clqs
(round 35, exhaustive) 316 del vars, 47 del conss, 0 add conss, 8341 chg bounds, 0 chg sides, 4645 chg coeffs, 497 upgd conss, 136029 impls, 15 clqs
(round 36, exhaustive) 341 del vars, 47 del conss, 0 add conss, 8341 chg bounds, 0 chg sides, 4645 chg coeffs, 497 upgd conss, 144980 impls, 15 clqs
(round 37, fast)       341 del vars, 53 del conss, 0 add conss, 8341 chg bounds, 0 chg sides, 4645 chg coeffs, 497 upgd conss, 144980 impls, 15 clqs
(round 38, exhaustive) 341 del vars, 53 del conss, 0 add conss, 8341 chg bounds, 0 chg sides, 4645 chg coeffs, 529 upgd conss, 144980 impls, 15 clqs
(round 39, exhaustive) 366 del vars, 53 del conss, 0 add conss, 8341 chg bounds, 0 chg sides, 4645 chg coeffs, 529 upgd conss, 154921 impls, 15 clqs
(round 40, fast)       367 del vars, 65 del conss, 0 add conss, 8342 chg bounds, 0 chg sides, 4645 chg coeffs, 529 upgd conss, 154921 impls, 15 clqs
(round 41, exhaustive) 367 del vars, 65 del conss, 0 add conss, 8342 chg bounds, 0 chg sides, 4645 chg coeffs, 545 upgd conss, 154921 impls, 15 clqs
(round 42, exhaustive) 392 del vars, 65 del conss, 0 add conss, 8342 chg bounds, 0 chg sides, 4645 chg coeffs, 545 upgd conss, 165820 impls, 15 clqs
(round 43, fast)       392 del vars, 73 del conss, 0 add conss, 8342 chg bounds, 0 chg sides, 4645 chg coeffs, 545 upgd conss, 165820 impls, 15 clqs
(round 44, exhaustive) 392 del vars, 73 del conss, 0 add conss, 8342 chg bounds, 0 chg sides, 4645 chg coeffs, 571 upgd conss, 165820 impls, 15 clqs
(round 45, exhaustive) 417 del vars, 73 del conss, 0 add conss, 8342 chg bounds, 0 chg sides, 4645 chg coeffs, 571 upgd conss, 176218 impls, 15 clqs
(round 46, fast)       417 del vars, 80 del conss, 0 add conss, 8342 chg bounds, 0 chg sides, 4645 chg coeffs, 571 upgd conss, 176218 impls, 15 clqs
(round 47, exhaustive) 417 del vars, 80 del conss, 0 add conss, 8342 chg bounds, 0 chg sides, 4645 chg coeffs, 600 upgd conss, 176218 impls, 15 clqs
   (2.5s) probing: 1000/3885 (25.7%) - 400 fixings, 0 aggregations, 176169 implications, 0 bound changes
(round 48, exhaustive) 442 del vars, 80 del conss, 0 add conss, 8342 chg bounds, 0 chg sides, 4645 chg coeffs, 600 upgd conss, 183805 impls, 15 clqs
(round 49, fast)       443 del vars, 87 del conss, 0 add conss, 8343 chg bounds, 0 chg sides, 4645 chg coeffs, 600 upgd conss, 183805 impls, 15 clqs
(round 50, exhaustive) 443 del vars, 87 del conss, 0 add conss, 8343 chg bounds, 0 chg sides, 4645 chg coeffs, 627 upgd conss, 183805 impls, 15 clqs
(round 51, exhaustive) 468 del vars, 87 del conss, 0 add conss, 8343 chg bounds, 0 chg sides, 4645 chg coeffs, 627 upgd conss, 191880 impls, 15 clqs
(round 52, fast)       468 del vars, 96 del conss, 0 add conss, 8343 chg bounds, 0 chg sides, 4645 chg coeffs, 627 upgd conss, 191880 impls, 15 clqs
(round 53, exhaustive) 468 del vars, 96 del conss, 0 add conss, 8343 chg bounds, 0 chg sides, 4645 chg coeffs, 650 upgd conss, 191880 impls, 15 clqs
(round 54, exhaustive) 493 del vars, 96 del conss, 0 add conss, 8343 chg bounds, 0 chg sides, 4645 chg coeffs, 650 upgd conss, 200934 impls, 15 clqs
(round 55, fast)       494 del vars, 104 del conss, 0 add conss, 8344 chg bounds, 0 chg sides, 4645 chg coeffs, 650 upgd conss, 200934 impls, 15 clqs
(round 56, exhaustive) 494 del vars, 104 del conss, 0 add conss, 8344 chg bounds, 0 chg sides, 4645 chg coeffs, 678 upgd conss, 200934 impls, 15 clqs
   (2.8s) sparsify finished: 4/25705 (0.0%) nonzeros canceled - in total 10 canceled nonzeros, 1278 changed coefficients, 0 added nonzeros
(round 57, exhaustive) 494 del vars, 104 del conss, 0 add conss, 8344 chg bounds, 0 chg sides, 5148 chg coeffs, 678 upgd conss, 200962 impls, 15 clqs
(round 58, exhaustive) 519 del vars, 104 del conss, 0 add conss, 8344 chg bounds, 0 chg sides, 5148 chg coeffs, 678 upgd conss, 210994 impls, 15 clqs
(round 59, fast)       519 del vars, 113 del conss, 0 add conss, 8344 chg bounds, 0 chg sides, 5148 chg coeffs, 678 upgd conss, 210994 impls, 15 clqs
(round 60, exhaustive) 519 del vars, 113 del conss, 0 add conss, 8344 chg bounds, 0 chg sides, 5148 chg coeffs, 701 upgd conss, 210994 impls, 15 clqs
(round 61, exhaustive) 544 del vars, 113 del conss, 0 add conss, 8344 chg bounds, 0 chg sides, 5148 chg coeffs, 701 upgd conss, 223503 impls, 15 clqs
(round 62, fast)       544 del vars, 122 del conss, 0 add conss, 8344 chg bounds, 0 chg sides, 5148 chg coeffs, 701 upgd conss, 223503 impls, 15 clqs
(round 63, exhaustive) 544 del vars, 122 del conss, 0 add conss, 8344 chg bounds, 0 chg sides, 5148 chg coeffs, 724 upgd conss, 223503 impls, 15 clqs
(round 64, exhaustive) 569 del vars, 122 del conss, 0 add conss, 8344 chg bounds, 0 chg sides, 5148 chg coeffs, 724 upgd conss, 229524 impls, 15 clqs
(round 65, fast)       570 del vars, 134 del conss, 0 add conss, 8345 chg bounds, 0 chg sides, 5148 chg coeffs, 724 upgd conss, 229524 impls, 15 clqs
(round 66, exhaustive) 570 del vars, 134 del conss, 0 add conss, 8345 chg bounds, 0 chg sides, 5148 chg coeffs, 740 upgd conss, 229524 impls, 15 clqs
(round 67, exhaustive) 595 del vars, 134 del conss, 0 add conss, 8345 chg bounds, 0 chg sides, 5148 chg coeffs, 740 upgd conss, 242945 impls, 15 clqs
(round 68, fast)       596 del vars, 145 del conss, 0 add conss, 8346 chg bounds, 0 chg sides, 5148 chg coeffs, 740 upgd conss, 242945 impls, 15 clqs
(round 69, exhaustive) 596 del vars, 145 del conss, 0 add conss, 8346 chg bounds, 0 chg sides, 5148 chg coeffs, 759 upgd conss, 242945 impls, 15 clqs
(round 70, exhaustive) 621 del vars, 145 del conss, 0 add conss, 8346 chg bounds, 0 chg sides, 5148 chg coeffs, 759 upgd conss, 249900 impls, 15 clqs
(round 71, fast)       621 del vars, 156 del conss, 0 add conss, 8346 chg bounds, 0 chg sides, 5148 chg coeffs, 759 upgd conss, 249900 impls, 15 clqs
(round 72, exhaustive) 621 del vars, 156 del conss, 0 add conss, 8346 chg bounds, 0 chg sides, 5148 chg coeffs, 776 upgd conss, 249900 impls, 15 clqs
(round 73, exhaustive) 646 del vars, 156 del conss, 0 add conss, 8346 chg bounds, 0 chg sides, 5148 chg coeffs, 776 upgd conss, 261260 impls, 15 clqs
(round 74, fast)       647 del vars, 169 del conss, 0 add conss, 8347 chg bounds, 0 chg sides, 5148 chg coeffs, 776 upgd conss, 261260 impls, 15 clqs
(round 75, exhaustive) 647 del vars, 169 del conss, 0 add conss, 8347 chg bounds, 0 chg sides, 5148 chg coeffs, 789 upgd conss, 261260 impls, 15 clqs
(round 76, exhaustive) 672 del vars, 169 del conss, 0 add conss, 8347 chg bounds, 0 chg sides, 5148 chg coeffs, 789 upgd conss, 268397 impls, 15 clqs
(round 77, fast)       672 del vars, 179 del conss, 0 add conss, 8347 chg bounds, 0 chg sides, 5148 chg coeffs, 789 upgd conss, 268397 impls, 15 clqs
(round 78, exhaustive) 672 del vars, 179 del conss, 0 add conss, 8347 chg bounds, 0 chg sides, 5148 chg coeffs, 809 upgd conss, 268397 impls, 15 clqs
(round 79, exhaustive) 697 del vars, 179 del conss, 0 add conss, 8347 chg bounds, 0 chg sides, 5148 chg coeffs, 809 upgd conss, 276499 impls, 15 clqs
(round 80, fast)       697 del vars, 190 del conss, 0 add conss, 8347 chg bounds, 0 chg sides, 5148 chg coeffs, 809 upgd conss, 276499 impls, 15 clqs
(round 81, exhaustive) 697 del vars, 190 del conss, 0 add conss, 8347 chg bounds, 0 chg sides, 5148 chg coeffs, 826 upgd conss, 276499 impls, 15 clqs
(round 82, exhaustive) 722 del vars, 190 del conss, 0 add conss, 8347 chg bounds, 0 chg sides, 5148 chg coeffs, 826 upgd conss, 283370 impls, 15 clqs
(round 83, fast)       723 del vars, 203 del conss, 0 add conss, 8348 chg bounds, 0 chg sides, 5148 chg coeffs, 826 upgd conss, 283370 impls, 15 clqs
(round 84, exhaustive) 723 del vars, 203 del conss, 0 add conss, 8348 chg bounds, 0 chg sides, 5148 chg coeffs, 839 upgd conss, 283370 impls, 15 clqs
(round 85, exhaustive) 748 del vars, 203 del conss, 0 add conss, 8348 chg bounds, 0 chg sides, 5148 chg coeffs, 839 upgd conss, 288968 impls, 15 clqs
(round 86, fast)       749 del vars, 217 del conss, 0 add conss, 8349 chg bounds, 0 chg sides, 5148 chg coeffs, 839 upgd conss, 288968 impls, 15 clqs
(round 87, exhaustive) 749 del vars, 217 del conss, 0 add conss, 8349 chg bounds, 0 chg sides, 5148 chg coeffs, 849 upgd conss, 288968 impls, 15 clqs
(round 88, exhaustive) 774 del vars, 217 del conss, 0 add conss, 8349 chg bounds, 0 chg sides, 5148 chg coeffs, 849 upgd conss, 296780 impls, 15 clqs
(round 89, fast)       774 del vars, 227 del conss, 0 add conss, 8349 chg bounds, 0 chg sides, 5148 chg coeffs, 849 upgd conss, 296780 impls, 15 clqs
(round 90, exhaustive) 774 del vars, 227 del conss, 0 add conss, 8349 chg bounds, 0 chg sides, 5148 chg coeffs, 869 upgd conss, 296780 impls, 15 clqs
(round 91, exhaustive) 799 del vars, 227 del conss, 0 add conss, 8349 chg bounds, 0 chg sides, 5148 chg coeffs, 869 upgd conss, 307206 impls, 15 clqs
(round 92, fast)       800 del vars, 240 del conss, 0 add conss, 8350 chg bounds, 0 chg sides, 5148 chg coeffs, 869 upgd conss, 307206 impls, 15 clqs
(round 93, exhaustive) 800 del vars, 240 del conss, 0 add conss, 8350 chg bounds, 0 chg sides, 5148 chg coeffs, 882 upgd conss, 307206 impls, 15 clqs
(round 94, exhaustive) 825 del vars, 240 del conss, 0 add conss, 8350 chg bounds, 0 chg sides, 5148 chg coeffs, 882 upgd conss, 319285 impls, 15 clqs
(round 95, fast)       826 del vars, 252 del conss, 0 add conss, 8351 chg bounds, 0 chg sides, 5148 chg coeffs, 882 upgd conss, 319285 impls, 15 clqs
(round 96, exhaustive) 826 del vars, 252 del conss, 0 add conss, 8351 chg bounds, 0 chg sides, 5148 chg coeffs, 898 upgd conss, 319285 impls, 15 clqs
(round 97, exhaustive) 853 del vars, 252 del conss, 0 add conss, 8351 chg bounds, 0 chg sides, 5148 chg coeffs, 898 upgd conss, 327496 impls, 15 clqs
(round 98, fast)       853 del vars, 266 del conss, 0 add conss, 8351 chg bounds, 0 chg sides, 5148 chg coeffs, 898 upgd conss, 327496 impls, 15 clqs
(round 99, exhaustive) 853 del vars, 266 del conss, 0 add conss, 8351 chg bounds, 0 chg sides, 5148 chg coeffs, 910 upgd conss, 327496 impls, 15 clqs
(round 100, exhaustive) 879 del vars, 266 del conss, 0 add conss, 8351 chg bounds, 0 chg sides, 5148 chg coeffs, 910 upgd conss, 333016 impls, 15 clqs
(round 101, fast)       879 del vars, 278 del conss, 0 add conss, 8351 chg bounds, 0 chg sides, 5148 chg coeffs, 910 upgd conss, 333016 impls, 15 clqs
(round 102, exhaustive) 879 del vars, 278 del conss, 0 add conss, 8351 chg bounds, 0 chg sides, 5148 chg coeffs, 926 upgd conss, 333016 impls, 15 clqs
   (4.3s) sparsify finished: 2/24372 (0.0%) nonzeros canceled - in total 12 canceled nonzeros, 1515 changed coefficients, 0 added nonzeros
(round 103, exhaustive) 879 del vars, 278 del conss, 0 add conss, 8351 chg bounds, 0 chg sides, 5385 chg coeffs, 926 upgd conss, 333032 impls, 15 clqs
(round 104, exhaustive) 904 del vars, 278 del conss, 0 add conss, 8351 chg bounds, 0 chg sides, 5385 chg coeffs, 926 upgd conss, 339772 impls, 15 clqs
(round 105, fast)       905 del vars, 292 del conss, 0 add conss, 8352 chg bounds, 0 chg sides, 5385 chg coeffs, 926 upgd conss, 339772 impls, 15 clqs
(round 106, exhaustive) 905 del vars, 292 del conss, 0 add conss, 8352 chg bounds, 0 chg sides, 5385 chg coeffs, 936 upgd conss, 339772 impls, 15 clqs
(round 107, exhaustive) 930 del vars, 292 del conss, 0 add conss, 8352 chg bounds, 0 chg sides, 5385 chg coeffs, 936 upgd conss, 348586 impls, 15 clqs
(round 108, fast)       932 del vars, 306 del conss, 0 add conss, 8354 chg bounds, 0 chg sides, 5385 chg coeffs, 936 upgd conss, 348586 impls, 15 clqs
(round 109, exhaustive) 932 del vars, 306 del conss, 0 add conss, 8354 chg bounds, 0 chg sides, 5385 chg coeffs, 948 upgd conss, 348586 impls, 15 clqs
   (4.5s) probing: 2000/3885 (51.5%) - 908 fixings, 0 aggregations, 350279 implications, 0 bound changes
(round 110, exhaustive) 957 del vars, 306 del conss, 0 add conss, 8354 chg bounds, 0 chg sides, 5385 chg coeffs, 948 upgd conss, 359758 impls, 15 clqs
(round 111, fast)       957 del vars, 317 del conss, 0 add conss, 8354 chg bounds, 0 chg sides, 5385 chg coeffs, 948 upgd conss, 359758 impls, 15 clqs
(round 112, exhaustive) 957 del vars, 317 del conss, 0 add conss, 8354 chg bounds, 0 chg sides, 5385 chg coeffs, 965 upgd conss, 359758 impls, 15 clqs
(round 113, exhaustive) 983 del vars, 317 del conss, 0 add conss, 8354 chg bounds, 0 chg sides, 5385 chg coeffs, 965 upgd conss, 364745 impls, 15 clqs
(round 114, fast)       983 del vars, 333 del conss, 0 add conss, 8354 chg bounds, 0 chg sides, 5385 chg coeffs, 965 upgd conss, 364745 impls, 15 clqs
(round 115, exhaustive) 983 del vars, 333 del conss, 0 add conss, 8354 chg bounds, 0 chg sides, 5385 chg coeffs, 969 upgd conss, 364745 impls, 15 clqs
(round 116, exhaustive) 1010 del vars, 333 del conss, 0 add conss, 8354 chg bounds, 0 chg sides, 5385 chg coeffs, 969 upgd conss, 368734 impls, 15 clqs
(round 117, fast)       1010 del vars, 347 del conss, 0 add conss, 8354 chg bounds, 0 chg sides, 5385 chg coeffs, 969 upgd conss, 368734 impls, 15 clqs
(round 118, exhaustive) 1010 del vars, 347 del conss, 0 add conss, 8354 chg bounds, 0 chg sides, 5385 chg coeffs, 981 upgd conss, 368734 impls, 15 clqs
(round 119, exhaustive) 1035 del vars, 347 del conss, 0 add conss, 8354 chg bounds, 0 chg sides, 5385 chg coeffs, 981 upgd conss, 376035 impls, 15 clqs
(round 120, fast)       1036 del vars, 362 del conss, 0 add conss, 8355 chg bounds, 0 chg sides, 5385 chg coeffs, 981 upgd conss, 376035 impls, 15 clqs
(round 121, exhaustive) 1036 del vars, 362 del conss, 0 add conss, 8355 chg bounds, 0 chg sides, 5385 chg coeffs, 988 upgd conss, 376035 impls, 15 clqs
(round 122, exhaustive) 1062 del vars, 362 del conss, 0 add conss, 8355 chg bounds, 0 chg sides, 5385 chg coeffs, 988 upgd conss, 385339 impls, 15 clqs
(round 123, fast)       1062 del vars, 375 del conss, 0 add conss, 8355 chg bounds, 0 chg sides, 5385 chg coeffs, 988 upgd conss, 385339 impls, 15 clqs
(round 124, exhaustive) 1062 del vars, 375 del conss, 0 add conss, 8355 chg bounds, 0 chg sides, 5385 chg coeffs, 1001 upgd conss, 385339 impls, 15 clqs
(round 125, exhaustive) 1087 del vars, 375 del conss, 0 add conss, 8355 chg bounds, 0 chg sides, 5385 chg coeffs, 1001 upgd conss, 389089 impls, 15 clqs
(round 126, fast)       1087 del vars, 390 del conss, 0 add conss, 8355 chg bounds, 0 chg sides, 5385 chg coeffs, 1001 upgd conss, 389089 impls, 15 clqs
(round 127, exhaustive) 1087 del vars, 390 del conss, 0 add conss, 8355 chg bounds, 0 chg sides, 5385 chg coeffs, 1006 upgd conss, 389089 impls, 15 clqs
(round 128, exhaustive) 1112 del vars, 390 del conss, 0 add conss, 8355 chg bounds, 0 chg sides, 5385 chg coeffs, 1006 upgd conss, 395202 impls, 15 clqs
(round 129, fast)       1113 del vars, 404 del conss, 0 add conss, 8356 chg bounds, 0 chg sides, 5385 chg coeffs, 1006 upgd conss, 395202 impls, 15 clqs
(round 130, exhaustive) 1113 del vars, 404 del conss, 0 add conss, 8356 chg bounds, 0 chg sides, 5385 chg coeffs, 1016 upgd conss, 395202 impls, 15 clqs
(round 131, exhaustive) 1138 del vars, 404 del conss, 0 add conss, 8356 chg bounds, 0 chg sides, 5385 chg coeffs, 1016 upgd conss, 405815 impls, 15 clqs
(round 132, fast)       1140 del vars, 418 del conss, 0 add conss, 8358 chg bounds, 0 chg sides, 5385 chg coeffs, 1016 upgd conss, 405815 impls, 15 clqs
(round 133, exhaustive) 1140 del vars, 418 del conss, 0 add conss, 8358 chg bounds, 0 chg sides, 5385 chg coeffs, 1028 upgd conss, 405815 impls, 15 clqs
(round 134, exhaustive) 1165 del vars, 418 del conss, 0 add conss, 8358 chg bounds, 0 chg sides, 5385 chg coeffs, 1028 upgd conss, 410436 impls, 15 clqs
(round 135, fast)       1165 del vars, 433 del conss, 0 add conss, 8358 chg bounds, 0 chg sides, 5385 chg coeffs, 1028 upgd conss, 410436 impls, 15 clqs
(round 136, exhaustive) 1165 del vars, 433 del conss, 0 add conss, 8358 chg bounds, 0 chg sides, 5385 chg coeffs, 1033 upgd conss, 410436 impls, 15 clqs
(round 137, exhaustive) 1193 del vars, 433 del conss, 0 add conss, 8358 chg bounds, 0 chg sides, 5385 chg coeffs, 1033 upgd conss, 417001 impls, 15 clqs
(round 138, fast)       1193 del vars, 449 del conss, 0 add conss, 8358 chg bounds, 0 chg sides, 5385 chg coeffs, 1033 upgd conss, 417001 impls, 15 clqs
   (5.4s) running MILP presolver
   (5.4s) MILP presolver (4 rounds): 0 aggregations, 34 fixings, 0 bound changes
(round 139, medium)     1227 del vars, 465 del conss, 0 add conss, 8358 chg bounds, 0 chg sides, 5385 chg coeffs, 1033 upgd conss, 417001 impls, 15 clqs
(round 140, fast)       1227 del vars, 468 del conss, 0 add conss, 8358 chg bounds, 0 chg sides, 5385 chg coeffs, 1033 upgd conss, 417001 impls, 15 clqs
(round 141, exhaustive) 1227 del vars, 468 del conss, 0 add conss, 8358 chg bounds, 0 chg sides, 5385 chg coeffs, 1049 upgd conss, 417001 impls, 15 clqs
(round 142, exhaustive) 1254 del vars, 468 del conss, 0 add conss, 8358 chg bounds, 0 chg sides, 5385 chg coeffs, 1049 upgd conss, 429688 impls, 15 clqs
(round 143, fast)       1254 del vars, 481 del conss, 0 add conss, 8358 chg bounds, 0 chg sides, 5385 chg coeffs, 1049 upgd conss, 429688 impls, 15 clqs
(round 144, exhaustive) 1254 del vars, 481 del conss, 0 add conss, 8358 chg bounds, 0 chg sides, 5385 chg coeffs, 1064 upgd conss, 429688 impls, 15 clqs
(round 145, exhaustive) 1279 del vars, 481 del conss, 0 add conss, 8358 chg bounds, 0 chg sides, 5385 chg coeffs, 1064 upgd conss, 436897 impls, 15 clqs
(round 146, fast)       1281 del vars, 494 del conss, 0 add conss, 8360 chg bounds, 0 chg sides, 5385 chg coeffs, 1064 upgd conss, 436897 impls, 15 clqs
(round 147, exhaustive) 1281 del vars, 494 del conss, 0 add conss, 8360 chg bounds, 0 chg sides, 5385 chg coeffs, 1075 upgd conss, 436897 impls, 15 clqs
(round 148, exhaustive) 1306 del vars, 494 del conss, 0 add conss, 8360 chg bounds, 0 chg sides, 5385 chg coeffs, 1075 upgd conss, 443436 impls, 15 clqs
(round 149, fast)       1306 del vars, 506 del conss, 0 add conss, 8360 chg bounds, 0 chg sides, 5385 chg coeffs, 1075 upgd conss, 443436 impls, 15 clqs
(round 150, exhaustive) 1306 del vars, 506 del conss, 0 add conss, 8360 chg bounds, 0 chg sides, 5385 chg coeffs, 1089 upgd conss, 443436 impls, 15 clqs
   (5.8s) sparsify finished: 2/22860 (0.0%) nonzeros canceled - in total 14 canceled nonzeros, 1743 changed coefficients, 0 added nonzeros
(round 151, exhaustive) 1306 del vars, 506 del conss, 0 add conss, 8360 chg bounds, 0 chg sides, 5613 chg coeffs, 1089 upgd conss, 443450 impls, 15 clqs
(round 152, exhaustive) 1331 del vars, 506 del conss, 0 add conss, 8360 chg bounds, 0 chg sides, 5613 chg coeffs, 1089 upgd conss, 449919 impls, 15 clqs
(round 153, fast)       1333 del vars, 523 del conss, 0 add conss, 8362 chg bounds, 0 chg sides, 5613 chg coeffs, 1089 upgd conss, 449919 impls, 15 clqs
(round 154, exhaustive) 1333 del vars, 523 del conss, 0 add conss, 8362 chg bounds, 0 chg sides, 5613 chg coeffs, 1092 upgd conss, 449919 impls, 15 clqs
(round 155, exhaustive) 1358 del vars, 523 del conss, 0 add conss, 8362 chg bounds, 0 chg sides, 5613 chg coeffs, 1092 upgd conss, 454827 impls, 15 clqs
(round 156, fast)       1361 del vars, 539 del conss, 0 add conss, 8365 chg bounds, 0 chg sides, 5613 chg coeffs, 1092 upgd conss, 454827 impls, 15 clqs
(round 157, exhaustive) 1361 del vars, 539 del conss, 0 add conss, 8365 chg bounds, 0 chg sides, 5613 chg coeffs, 1100 upgd conss, 454827 impls, 15 clqs
(round 158, exhaustive) 1386 del vars, 539 del conss, 0 add conss, 8365 chg bounds, 0 chg sides, 5613 chg coeffs, 1100 upgd conss, 457275 impls, 15 clqs
(round 159, fast)       1386 del vars, 553 del conss, 0 add conss, 8365 chg bounds, 0 chg sides, 5613 chg coeffs, 1100 upgd conss, 457275 impls, 15 clqs
(round 160, exhaustive) 1386 del vars, 553 del conss, 0 add conss, 8365 chg bounds, 0 chg sides, 5613 chg coeffs, 1108 upgd conss, 457275 impls, 15 clqs
   (6.1s) sparsify finished: 2/22571 (0.0%) nonzeros canceled - in total 16 canceled nonzeros, 1973 changed coefficients, 0 added nonzeros
(round 161, exhaustive) 1386 del vars, 553 del conss, 0 add conss, 8365 chg bounds, 0 chg sides, 5843 chg coeffs, 1108 upgd conss, 457283 impls, 15 clqs
(round 162, exhaustive) 1412 del vars, 553 del conss, 0 add conss, 8365 chg bounds, 0 chg sides, 5843 chg coeffs, 1108 upgd conss, 461468 impls, 15 clqs
(round 163, fast)       1412 del vars, 568 del conss, 0 add conss, 8365 chg bounds, 0 chg sides, 5843 chg coeffs, 1108 upgd conss, 461468 impls, 15 clqs
(round 164, exhaustive) 1412 del vars, 568 del conss, 0 add conss, 8365 chg bounds, 0 chg sides, 5843 chg coeffs, 1115 upgd conss, 461468 impls, 15 clqs
(round 165, exhaustive) 1437 del vars, 568 del conss, 0 add conss, 8365 chg bounds, 0 chg sides, 5843 chg coeffs, 1115 upgd conss, 465425 impls, 15 clqs
(round 166, fast)       1439 del vars, 584 del conss, 0 add conss, 8367 chg bounds, 0 chg sides, 5843 chg coeffs, 1115 upgd conss, 465425 impls, 15 clqs
(round 167, exhaustive) 1439 del vars, 584 del conss, 0 add conss, 8367 chg bounds, 0 chg sides, 5843 chg coeffs, 1121 upgd conss, 465425 impls, 15 clqs
(round 168, exhaustive) 1464 del vars, 584 del conss, 0 add conss, 8367 chg bounds, 0 chg sides, 5843 chg coeffs, 1121 upgd conss, 471310 impls, 15 clqs
(round 169, fast)       1466 del vars, 601 del conss, 0 add conss, 8369 chg bounds, 0 chg sides, 5843 chg coeffs, 1121 upgd conss, 471310 impls, 15 clqs
(round 170, exhaustive) 1466 del vars, 601 del conss, 0 add conss, 8369 chg bounds, 0 chg sides, 5843 chg coeffs, 1124 upgd conss, 471310 impls, 15 clqs
(round 171, exhaustive) 1493 del vars, 601 del conss, 0 add conss, 8369 chg bounds, 0 chg sides, 5843 chg coeffs, 1124 upgd conss, 475640 impls, 15 clqs
(round 172, fast)       1493 del vars, 617 del conss, 0 add conss, 8369 chg bounds, 0 chg sides, 5843 chg coeffs, 1124 upgd conss, 475640 impls, 15 clqs
(round 173, exhaustive) 1493 del vars, 617 del conss, 0 add conss, 8369 chg bounds, 0 chg sides, 5843 chg coeffs, 1130 upgd conss, 475640 impls, 15 clqs
(round 174, exhaustive) 1518 del vars, 617 del conss, 0 add conss, 8369 chg bounds, 0 chg sides, 5843 chg coeffs, 1130 upgd conss, 484287 impls, 15 clqs
(round 175, fast)       1518 del vars, 632 del conss, 0 add conss, 8369 chg bounds, 0 chg sides, 5843 chg coeffs, 1130 upgd conss, 484287 impls, 15 clqs
(round 176, exhaustive) 1518 del vars, 632 del conss, 0 add conss, 8369 chg bounds, 0 chg sides, 5843 chg coeffs, 1135 upgd conss, 484287 impls, 15 clqs
(round 177, exhaustive) 1547 del vars, 632 del conss, 0 add conss, 8369 chg bounds, 0 chg sides, 5843 chg coeffs, 1135 upgd conss, 489260 impls, 15 clqs
(round 178, fast)       1547 del vars, 649 del conss, 0 add conss, 8369 chg bounds, 0 chg sides, 5843 chg coeffs, 1135 upgd conss, 489260 impls, 15 clqs
(round 179, exhaustive) 1547 del vars, 649 del conss, 0 add conss, 8369 chg bounds, 0 chg sides, 5843 chg coeffs, 1142 upgd conss, 489260 impls, 15 clqs
(round 180, exhaustive) 1572 del vars, 649 del conss, 0 add conss, 8369 chg bounds, 0 chg sides, 5843 chg coeffs, 1142 upgd conss, 493101 impls, 15 clqs
(round 181, fast)       1572 del vars, 663 del conss, 0 add conss, 8369 chg bounds, 0 chg sides, 5843 chg coeffs, 1142 upgd conss, 493101 impls, 15 clqs
(round 182, exhaustive) 1572 del vars, 663 del conss, 0 add conss, 8369 chg bounds, 0 chg sides, 5843 chg coeffs, 1150 upgd conss, 493101 impls, 15 clqs
(round 183, exhaustive) 1597 del vars, 663 del conss, 0 add conss, 8369 chg bounds, 0 chg sides, 5843 chg coeffs, 1150 upgd conss, 497982 impls, 15 clqs
(round 184, fast)       1597 del vars, 678 del conss, 0 add conss, 8369 chg bounds, 0 chg sides, 5843 chg coeffs, 1150 upgd conss, 497982 impls, 15 clqs
(round 185, exhaustive) 1597 del vars, 678 del conss, 0 add conss, 8369 chg bounds, 0 chg sides, 5843 chg coeffs, 1155 upgd conss, 497982 impls, 15 clqs
(round 186, exhaustive) 1622 del vars, 678 del conss, 0 add conss, 8369 chg bounds, 0 chg sides, 5843 chg coeffs, 1155 upgd conss, 506911 impls, 15 clqs
(round 187, fast)       1627 del vars, 697 del conss, 0 add conss, 8374 chg bounds, 0 chg sides, 5843 chg coeffs, 1155 upgd conss, 506911 impls, 15 clqs
(round 188, exhaustive) 1627 del vars, 697 del conss, 0 add conss, 8374 chg bounds, 0 chg sides, 5843 chg coeffs, 1158 upgd conss, 506911 impls, 15 clqs
   (6.9s) probing: 3000/3885 (77.2%) - 1564 fixings, 0 aggregations, 508708 implications, 0 bound changes
(round 189, exhaustive) 1653 del vars, 697 del conss, 0 add conss, 8374 chg bounds, 0 chg sides, 5843 chg coeffs, 1158 upgd conss, 510674 impls, 15 clqs
(round 190, fast)       1653 del vars, 712 del conss, 0 add conss, 8374 chg bounds, 0 chg sides, 5843 chg coeffs, 1158 upgd conss, 510674 impls, 15 clqs
(round 191, exhaustive) 1653 del vars, 712 del conss, 0 add conss, 8374 chg bounds, 0 chg sides, 5843 chg coeffs, 1165 upgd conss, 510674 impls, 15 clqs
(round 192, exhaustive) 1679 del vars, 712 del conss, 0 add conss, 8374 chg bounds, 0 chg sides, 5843 chg coeffs, 1165 upgd conss, 517416 impls, 15 clqs
(round 193, fast)       1679 del vars, 727 del conss, 0 add conss, 8374 chg bounds, 0 chg sides, 5843 chg coeffs, 1165 upgd conss, 517416 impls, 15 clqs
(round 194, exhaustive) 1679 del vars, 727 del conss, 0 add conss, 8374 chg bounds, 0 chg sides, 5843 chg coeffs, 1168 upgd conss, 517416 impls, 15 clqs
(round 195, exhaustive) 1706 del vars, 727 del conss, 0 add conss, 8374 chg bounds, 0 chg sides, 5843 chg coeffs, 1168 upgd conss, 525408 impls, 15 clqs
(round 196, fast)       1706 del vars, 742 del conss, 0 add conss, 8374 chg bounds, 0 chg sides, 5843 chg coeffs, 1168 upgd conss, 525408 impls, 15 clqs
(round 197, exhaustive) 1706 del vars, 742 del conss, 0 add conss, 8374 chg bounds, 0 chg sides, 5843 chg coeffs, 1173 upgd conss, 525408 impls, 15 clqs
(round 198, exhaustive) 1731 del vars, 742 del conss, 0 add conss, 8374 chg bounds, 0 chg sides, 5843 chg coeffs, 1173 upgd conss, 532277 impls, 15 clqs
(round 199, fast)       1731 del vars, 757 del conss, 0 add conss, 8374 chg bounds, 0 chg sides, 5843 chg coeffs, 1173 upgd conss, 532277 impls, 15 clqs
(round 200, exhaustive) 1731 del vars, 757 del conss, 0 add conss, 8374 chg bounds, 0 chg sides, 5843 chg coeffs, 1178 upgd conss, 532277 impls, 15 clqs
(round 201, exhaustive) 1756 del vars, 757 del conss, 0 add conss, 8374 chg bounds, 0 chg sides, 5843 chg coeffs, 1178 upgd conss, 534777 impls, 15 clqs
(round 202, fast)       1760 del vars, 773 del conss, 0 add conss, 8378 chg bounds, 0 chg sides, 5843 chg coeffs, 1178 upgd conss, 534777 impls, 15 clqs
(round 203, exhaustive) 1786 del vars, 773 del conss, 0 add conss, 8378 chg bounds, 0 chg sides, 5843 chg coeffs, 1180 upgd conss, 539077 impls, 15 clqs
(round 204, fast)       1786 del vars, 789 del conss, 0 add conss, 8378 chg bounds, 0 chg sides, 5843 chg coeffs, 1180 upgd conss, 539079 impls, 15 clqs
(round 205, exhaustive) 1786 del vars, 789 del conss, 0 add conss, 8378 chg bounds, 0 chg sides, 5843 chg coeffs, 1184 upgd conss, 539079 impls, 15 clqs
(round 206, exhaustive) 1814 del vars, 789 del conss, 0 add conss, 8378 chg bounds, 0 chg sides, 5843 chg coeffs, 1184 upgd conss, 544605 impls, 15 clqs
(round 207, fast)       1814 del vars, 807 del conss, 0 add conss, 8378 chg bounds, 0 chg sides, 5843 chg coeffs, 1184 upgd conss, 544605 impls, 15 clqs
(round 208, exhaustive) 1842 del vars, 807 del conss, 0 add conss, 8378 chg bounds, 0 chg sides, 5843 chg coeffs, 1186 upgd conss, 548473 impls, 15 clqs
(round 209, fast)       1842 del vars, 825 del conss, 0 add conss, 8378 chg bounds, 0 chg sides, 5843 chg coeffs, 1186 upgd conss, 548475 impls, 15 clqs
(round 210, exhaustive) 1868 del vars, 825 del conss, 0 add conss, 8378 chg bounds, 0 chg sides, 5843 chg coeffs, 1188 upgd conss, 552709 impls, 15 clqs
(round 211, fast)       1868 del vars, 842 del conss, 0 add conss, 8378 chg bounds, 0 chg sides, 5843 chg coeffs, 1188 upgd conss, 552711 impls, 15 clqs
(round 212, exhaustive) 1894 del vars, 842 del conss, 0 add conss, 8378 chg bounds, 0 chg sides, 5843 chg coeffs, 1189 upgd conss, 555708 impls, 15 clqs
(round 213, fast)       1894 del vars, 859 del conss, 0 add conss, 8378 chg bounds, 0 chg sides, 5843 chg coeffs, 1189 upgd conss, 555709 impls, 15 clqs
(round 214, exhaustive) 1919 del vars, 859 del conss, 0 add conss, 8378 chg bounds, 0 chg sides, 5843 chg coeffs, 1190 upgd conss, 557875 impls, 15 clqs
(round 215, fast)       1919 del vars, 875 del conss, 0 add conss, 8378 chg bounds, 0 chg sides, 5843 chg coeffs, 1190 upgd conss, 557876 impls, 15 clqs
(round 216, exhaustive) 1945 del vars, 875 del conss, 0 add conss, 8378 chg bounds, 0 chg sides, 5843 chg coeffs, 1192 upgd conss, 560102 impls, 15 clqs
(round 217, fast)       1945 del vars, 892 del conss, 0 add conss, 8378 chg bounds, 0 chg sides, 5843 chg coeffs, 1192 upgd conss, 560104 impls, 15 clqs
(round 218, exhaustive) 1970 del vars, 892 del conss, 0 add conss, 8378 chg bounds, 0 chg sides, 5843 chg coeffs, 1193 upgd conss, 565513 impls, 15 clqs
(round 219, fast)       1972 del vars, 910 del conss, 0 add conss, 8380 chg bounds, 0 chg sides, 5843 chg coeffs, 1193 upgd conss, 565514 impls, 15 clqs
(round 220, exhaustive) 1997 del vars, 910 del conss, 0 add conss, 8380 chg bounds, 0 chg sides, 5843 chg coeffs, 1193 upgd conss, 569620 impls, 15 clqs
(round 221, fast)       1997 del vars, 926 del conss, 0 add conss, 8380 chg bounds, 0 chg sides, 5843 chg coeffs, 1193 upgd conss, 569620 impls, 15 clqs
(round 222, exhaustive) 2023 del vars, 926 del conss, 0 add conss, 8380 chg bounds, 0 chg sides, 5843 chg coeffs, 1195 upgd conss, 575234 impls, 15 clqs
(round 223, fast)       2023 del vars, 943 del conss, 0 add conss, 8380 chg bounds, 0 chg sides, 5843 chg coeffs, 1195 upgd conss, 575236 impls, 15 clqs
(round 224, exhaustive) 2048 del vars, 943 del conss, 0 add conss, 8380 chg bounds, 0 chg sides, 5843 chg coeffs, 1196 upgd conss, 581633 impls, 15 clqs
(round 225, fast)       2050 del vars, 961 del conss, 0 add conss, 8382 chg bounds, 0 chg sides, 5843 chg coeffs, 1196 upgd conss, 581634 impls, 15 clqs
(round 226, exhaustive) 2075 del vars, 961 del conss, 0 add conss, 8382 chg bounds, 0 chg sides, 5843 chg coeffs, 1196 upgd conss, 587436 impls, 15 clqs
(round 227, fast)       2075 del vars, 976 del conss, 0 add conss, 8382 chg bounds, 0 chg sides, 5843 chg coeffs, 1196 upgd conss, 587436 impls, 15 clqs
(round 228, exhaustive) 2075 del vars, 976 del conss, 0 add conss, 8382 chg bounds, 0 chg sides, 5843 chg coeffs, 1201 upgd conss, 587436 impls, 15 clqs
(round 229, exhaustive) 2100 del vars, 976 del conss, 0 add conss, 8382 chg bounds, 0 chg sides, 5843 chg coeffs, 1201 upgd conss, 592983 impls, 15 clqs
(round 230, fast)       2102 del vars, 993 del conss, 0 add conss, 8384 chg bounds, 0 chg sides, 5843 chg coeffs, 1201 upgd conss, 592983 impls, 15 clqs
   (8.1s) running MILP presolver
   (8.1s) MILP presolver found nothing
(round 231, exhaustive) 2102 del vars, 993 del conss, 0 add conss, 8384 chg bounds, 0 chg sides, 5843 chg coeffs, 1204 upgd conss, 592983 impls, 15 clqs
(round 232, exhaustive) 2128 del vars, 993 del conss, 0 add conss, 8384 chg bounds, 0 chg sides, 5843 chg coeffs, 1204 upgd conss, 596232 impls, 15 clqs
(round 233, fast)       2128 del vars, 1010 del conss, 0 add conss, 8384 chg bounds, 0 chg sides, 5843 chg coeffs, 1204 upgd conss, 596232 impls, 15 clqs
(round 234, exhaustive) 2153 del vars, 1010 del conss, 0 add conss, 8384 chg bounds, 0 chg sides, 5843 chg coeffs, 1205 upgd conss, 603795 impls, 15 clqs
(round 235, fast)       2155 del vars, 1028 del conss, 0 add conss, 8386 chg bounds, 0 chg sides, 5843 chg coeffs, 1205 upgd conss, 603796 impls, 15 clqs
(round 236, exhaustive) 2184 del vars, 1028 del conss, 0 add conss, 8386 chg bounds, 0 chg sides, 5843 chg coeffs, 1205 upgd conss, 608526 impls, 15 clqs
(round 237, fast)       2184 del vars, 1047 del conss, 0 add conss, 8386 chg bounds, 0 chg sides, 5843 chg coeffs, 1205 upgd conss, 608526 impls, 15 clqs
(round 238, exhaustive) 2211 del vars, 1047 del conss, 0 add conss, 8386 chg bounds, 0 chg sides, 5843 chg coeffs, 1206 upgd conss, 611323 impls, 15 clqs
(round 239, fast)       2211 del vars, 1065 del conss, 0 add conss, 8386 chg bounds, 0 chg sides, 5843 chg coeffs, 1206 upgd conss, 611324 impls, 15 clqs
(round 240, exhaustive) 2236 del vars, 1065 del conss, 0 add conss, 8386 chg bounds, 0 chg sides, 5843 chg coeffs, 1206 upgd conss, 615779 impls, 15 clqs
(round 241, fast)       2237 del vars, 1082 del conss, 0 add conss, 8387 chg bounds, 0 chg sides, 5843 chg coeffs, 1206 upgd conss, 615779 impls, 15 clqs
(round 242, exhaustive) 2263 del vars, 1082 del conss, 0 add conss, 8387 chg bounds, 0 chg sides, 5843 chg coeffs, 1207 upgd conss, 621688 impls, 15 clqs
(round 243, fast)       2263 del vars, 1099 del conss, 0 add conss, 8387 chg bounds, 0 chg sides, 5843 chg coeffs, 1207 upgd conss, 621689 impls, 15 clqs
(round 244, exhaustive) 2288 del vars, 1099 del conss, 0 add conss, 8387 chg bounds, 0 chg sides, 5843 chg coeffs, 1208 upgd conss, 625718 impls, 15 clqs
(round 245, fast)       2290 del vars, 1117 del conss, 0 add conss, 8389 chg bounds, 0 chg sides, 5843 chg coeffs, 1208 upgd conss, 625719 impls, 15 clqs
   (8.7s) probing cycle finished: starting next cycle
   (8.7s) probing: 51/2727 (1.9%) - 2216 fixings, 0 aggregations, 632918 implications, 0 bound changes
   (8.7s) probing aborted: 50/50 successive totally useless probings
(round 246, exhaustive) 2314 del vars, 1117 del conss, 0 add conss, 8389 chg bounds, 0 chg sides, 5843 chg coeffs, 1208 upgd conss, 634111 impls, 15 clqs
(round 247, fast)       2314 del vars, 1133 del conss, 0 add conss, 8389 chg bounds, 0 chg sides, 5843 chg coeffs, 1208 upgd conss, 634111 impls, 15 clqs
   (8.8s) probing: 56/2727 (2.1%) - 2216 fixings, 0 aggregations, 632918 implications, 0 bound changes
   (8.8s) probing aborted: 50/50 successive totally useless probings
   (8.8s) symmetry computation started: requiring (bin +, int -, cont +), (fixed: bin -, int +, cont -)
   (8.8s) symmetry computation finished: 1 generators found (max: 1500, log10 of symmetry group size: 0.3)
presolving (248 rounds: 248 fast, 165 medium, 164 exhaustive):
 2314 deleted vars, 1133 deleted constraints, 1 added constraints, 8389 tightened bounds, 0 added holes, 0 changed sides, 5843 changed coefficients
 634111 implications, 15 cliques
presolved problem has 5486 variables (2727 bin, 0 int, 0 impl, 2759 cont) and 2806 constraints
     64 constraints of type <varbound>
     15 constraints of type <setppc>
   2726 constraints of type <linear>
      1 constraints of type <orbitope>
Presolving Time: 8.78

 time | node  | left  |LP iter|LP it/n|mem/heur|mdpt |vars |cons |rows |cuts |sepa|confs|strbr|  dualbound   | primalbound  |  gap   | compl. 
  9.0s|     1 |     0 |   987 |     - |   188M |   0 |5486 |2807 |2805 |   0 |  0 |   0 |   0 |-3.871820e+00 |      --      |    Inf | unknown
o 9.1s|     1 |     0 |  3170 |     - |feaspump|   0 |5486 |2807 |2805 |   0 |  0 |   0 |   0 |-3.871820e+00 |-3.871820e+00 |   0.00%| unknown
  9.1s|     1 |     0 |  3170 |     - |   188M |   0 |5486 |2807 |2805 |   0 |  0 |   0 |   0 |-3.871820e+00 |-3.871820e+00 |   0.00%| unknown

SCIP Status        : problem is solved [optimal solution found]
Solving Time (sec) : 9.09
Solving Nodes      : 1
Primal Bound       : -3.87182034976153e+00 (1 solutions)
Dual Bound         : -3.87182034976153e+00
Gap                : 0.00 %

primal solution (original space):
=================================

objective value:                    -3.87182034976153
y_7,112_                                            1 	(obj:0)
y_3,113_                                            1 	(obj:0)
y_4,113_                                            1 	(obj:0)
y_5,113_                                            1 	(obj:0)
y_6,113_                                            1 	(obj:0)
y_9,113_                                            1 	(obj:0)
y_10,113_                                           1 	(obj:0)
y_11,113_                                           1 	(obj:0)
y_12,113_                                           1 	(obj:0)
y_14,113_                                           1 	(obj:0)
y_15,113_                                           1 	(obj:0)
y_1,114_                                            1 	(obj:0)
y_2,114_                                            1 	(obj:0)
y_8,114_                                            1 	(obj:0)
y_13,114_                                           1 	(obj:0)
x_2_                               -0.254826254826255 	(obj:1)
t_5,113_                            0.200367647058934 	(obj:0)
x_8_                               -0.254826254826255 	(obj:1)
x_5_                               -0.257920735861914 	(obj:1)
t_6,114_                                            1 	(obj:0)
t_9,114_                                            1 	(obj:0)
x_4_                                -0.27027027027027 	(obj:1)
t_5,114_                            0.799632352941066 	(obj:0)
x_7_                                -0.27027027027027 	(obj:1)
t_8,114_                                            1 	(obj:0)
x_9_                               -0.254826254826255 	(obj:1)
t_10,114_                                           1 	(obj:0)
t_7,113_                                            1 	(obj:0)
x_10_                              -0.254826254826255 	(obj:1)
t_11,114_                                           1 	(obj:0)
x_15_                              -0.254826254826255 	(obj:1)
x_11_                              -0.254826254826255 	(obj:1)
x_1_                               -0.254826254826255 	(obj:1)
t_2,114_                                            1 	(obj:0)
t_12,114_                                           1 	(obj:0)
x_6_                               -0.254826254826255 	(obj:1)
x_12_                              -0.254826254826255 	(obj:1)
t_3,113_                                            1 	(obj:0)
t_13,114_                                           1 	(obj:0)
t_4,113_                                            1 	(obj:0)
x_13_                              -0.254826254826255 	(obj:1)
t_14,114_                                           1 	(obj:0)
x_14_                              -0.254826254826255 	(obj:1)
x_3_                                -0.27027027027027 	(obj:1)
t_15,114_                                           1 	(obj:0)
t_1,114_                                            1 	(obj:0)

Statistics
==========

SCIP Status        : problem is solved [optimal solution found]
Total Time         :       9.12
  solving          :       9.09
  presolving       :       8.78 (included in solving)
  reading          :       0.03
  copying          :       0.00 (0 times copied the problem)
Original Problem   :
  Problem name     : ../modeles/15_259.lp
  Variables        : 7800 (3885 binary, 0 integer, 0 implicit integer, 3915 continuous)
  Constraints      : 3946 initial, 3946 maximal
  Objective        : minimize, 15 non-zeros (abs.min = 1, abs.max = 1)
Presolved Problem  :
  Problem name     : t_../modeles/15_259.lp
  Variables        : 5486 (2727 binary, 0 integer, 0 implicit integer, 2759 continuous)
  Constraints      : 2806 initial, 2807 maximal
  Objective        : minimize, 2759 non-zeros (abs.min = 0.00772201, abs.max = 1.41313)
  Nonzeros         : 19567 constraint, 2727 clique table
Presolvers         :   ExecTime  SetupTime  Calls  FixedVars   AggrVars   ChgTypes  ChgBounds   AddHoles    DelCons    AddCons   ChgSides   ChgCoefs
  boundshift       :       0.00       0.00      0          0          0          0          0          0          0          0          0          0
  convertinttobin  :       0.00       0.00      0          0          0          0          0          0          0          0          0          0
  domcol           :       1.65       0.00     95          0          0          0          0          0          0          0          0          0
  dualagg          :       0.00       0.00      0          0          0          0          0          0          0          0          0          0
  dualcomp         :       0.38       0.00     95          0          0          0          0          0          0          0          0          0
  dualinfer        :       0.00       0.00      0          0          0          0          0          0          0          0          0          0
  dualsparsify     :       0.01       0.00      1          0          0          0          0          0          0          0          0          0
  gateextraction   :       0.00       0.00      0          0          0          0          0          0          0          0          0          0
  implics          :       0.01       0.00    165          0          0          0          0          0          0          0          0          0
  inttobinary      :       0.00       0.00      0          0          0          0          0          0          0          0          0          0
  milp             :       0.17       0.00      3         34          0          0         60          0          0          0          0          0
  qpkktref         :       0.00       0.00      0          0          0          0          0          0          0          0          0          0
  redvub           :       0.00       0.00      0          0          0          0          0          0          0          0          0          0
  sparsify         :       0.57       0.00     25          0          0          0          0          0          0          0          0       1973
  stuffing         :       0.00       0.00      0          0          0          0          0          0          0          0          0          0
  trivial          :       0.04       0.00    248          0          0          0          0          0          0          0          0          0
  tworowbnd        :       0.00       0.00      0          0          0          0          0          0          0          0          0          0
  dualfix          :       0.04       0.00    248          0          0          0          0          0          0          0          0          0
  genvbounds       :       0.00       0.00      0          0          0          0          0          0          0          0          0          0
  probing          :       4.75       0.00     88       2216          0          0          0          0          0          0          0          0
  pseudoobj        :       0.00       0.00      0          0          0          0          0          0          0          0          0          0
  symmetry         :       0.03       0.00      1          0          0          0          0          0          0          1          0          0
  vbounds          :       0.00       0.00      1          0          0          0          0          0          0          0          0          0
  varbound         :       0.03       0.00    409          0          0          0         49          0       1129          0          0          0
  setppc           :       0.08       0.00    572          0          0          0          0          0          0          0          0          0
  linear           :       0.99       0.01    412         49         15          0       8280          0          4          0          0       3870
  orbitope         :       0.00       0.00      0          0          0          0          0          0          0          0          0          0
  logicor          :       0.00       0.00      0          0          0          0          0          0          0          0          0          0
  benders          :       0.00       0.00      0          0          0          0          0          0          0          0          0          0
  components       :       0.00       0.00      1          0          0          0          0          0          0          0          0          0
  root node        :          -          -      -          0          -          -          0          -          -          -          -          -
Constraints        :     Number  MaxNumber  #Separate #Propagate    #EnfoLP    #EnfoRelax  #EnfoPS    #Check   #ResProp    Cutoffs    DomReds       Cuts    Applied      Conss   Children
  benderslp        :          0          0          0          0          0          0          0         12          0          0          0          0          0          0          0
  integral         :          0          0          0          0          0          0          0         12          0          0          0          0          0          0          0
  varbound         :         64         64          0      11241          0          0          0          6          0          0          0          0          0          0          0
  setppc           :         15         15          0      11086          0          0          0          6          0          0          0          0          0          0          0
  linear           :       2726       2726          0      11241          0          0          0          2          0       1305          0          0          0          0          0
  orbitope         :          1          1          0        574          0          0          0          1          0          0          0          0          0          0          0
  logicor          :          0+         1          0          6          0          0          0          0          0          0          0          0          0          0          0
  benders          :          0          0          0          0          0          0          0          2          0          0          0          0          0          0          0
  countsols        :          0          0          0          0          0          0          0          2          0          0          0          0          0          0          0
  components       :          0          0          0          0          0          0          0          0          0          0          0          0          0          0          0
Constraint Timings :  TotalTime  SetupTime   Separate  Propagate     EnfoLP     EnfoPS     EnfoRelax   Check    ResProp    SB-Prop
  benderslp        :       0.00       0.00       0.00       0.00       0.00       0.00       0.00       0.00       0.00       0.00
  integral         :       0.00       0.00       0.00       0.00       0.00       0.00       0.00       0.00       0.00       0.00
  varbound         :       0.17       0.00       0.00       0.17       0.00       0.00       0.00       0.00       0.00       0.00
  setppc           :       0.02       0.00       0.00       0.02       0.00       0.00       0.00       0.00       0.00       0.00
  linear           :       0.95       0.01       0.00       0.94       0.00       0.00       0.00       0.00       0.00       0.00
  orbitope         :       0.00       0.00       0.00       0.00       0.00       0.00       0.00       0.00       0.00       0.00
  logicor          :       0.00       0.00       0.00       0.00       0.00       0.00       0.00       0.00       0.00       0.00
  benders          :       0.00       0.00       0.00       0.00       0.00       0.00       0.00       0.00       0.00       0.00
  countsols        :       0.00       0.00       0.00       0.00       0.00       0.00       0.00       0.00       0.00       0.00
  components       :       0.00       0.00       0.00       0.00       0.00       0.00       0.00       0.00       0.00       0.00
Propagators        : #Propagate   #ResProp    Cutoffs    DomReds
  dualfix          :          1          0          0          0
  genvbounds       :          0          0          0          0
  nlobbt           :          0          0          0          0
  obbt             :          0          0          0          0
  probing          :          0          0          0          0
  pseudoobj        :          2          0          0          0
  redcost          :          1          0          0          0
  rootredcost      :          0          0          0          0
  symmetry         :          0          0          0          0
  vbounds          :        404          0          0          0
Propagator Timings :  TotalTime  SetupTime   Presolve  Propagate    ResProp    SB-Prop
  dualfix          :       0.04       0.00       0.04       0.00       0.00       0.00
  genvbounds       :       0.00       0.00       0.00       0.00       0.00       0.00
  nlobbt           :       0.00       0.00       0.00       0.00       0.00       0.00
  obbt             :       0.00       0.00       0.00       0.00       0.00       0.00
  probing          :       4.75       0.00       4.75       0.00       0.00       0.00
  pseudoobj        :       0.01       0.00       0.00       0.01       0.00       0.00
  redcost          :       0.00       0.00       0.00       0.00       0.00       0.00
  rootredcost      :       0.00       0.00       0.00       0.00       0.00       0.00
  symmetry         :       0.03       0.00       0.03       0.00       0.00       0.00
  vbounds          :       0.07       0.00       0.00       0.07       0.00       0.00
Orbital fixing     :
  vars fixed to 0  :          0
  vars fixed to 1  :          0
Conflict Analysis  :       Time      Calls    Success    DomReds  Conflicts   Literals    Reconvs ReconvLits   Dualrays   Nonzeros   LP Iters   (pool size: [10000,10000])
  propagation      :       0.00          0          0          -          0        0.0          0        0.0          -          -          -
  infeasible LP    :       0.00          0          0          -          0        0.0          0        0.0          0        0.0          0
  bound exceed. LP :       0.00          0          0          -          0        0.0          0        0.0          0        0.0          0
  strong branching :       0.00          0          0          -          0        0.0          0        0.0          -          -          0
  pseudo solution  :       0.00          0          0          -          0        0.0          0        0.0          -          -          -
  applied globally :       0.00          -          -          0          0        0.0          -          -          0          -          -
  applied locally  :          -          -          -          0          0        0.0          -          -          0          -          -
Separators         :   ExecTime  SetupTime      Calls    Cutoffs    DomReds       Cuts    Applied      Conss
  cut pool         :       0.00                     0          -          -          0          -          -    (maximal pool size: 0)
  aggregation      :       0.00       0.00          0          0          0          0          0          0
  > cmir           :          -          -          -          -          -          -          0          -
  > flowcover      :          -          -          -          -          -          -          0          -
  > knapsackcover  :          -          -          -          -          -          -          0          -
  cgmip            :       0.00       0.00          0          0          0          0          0          0
  clique           :       0.00       0.00          0          0          0          0          0          0
  closecuts        :       0.00       0.00          0          0          0          0          0          0
  convexproj       :       0.00       0.00          0          0          0          0          0          0
  disjunctive      :       0.00       0.00          0          0          0          0          0          0
  eccuts           :       0.00       0.00          0          0          0          0          0          0
  gauge            :       0.00       0.00          0          0          0          0          0          0
  gomory           :       0.00       0.00          0          0          0          0          0          0
  > gomorymi       :          -          -          -          -          -          -          0          -
  > strongcg       :          -          -          -          -          -          -          0          -
  impliedbounds    :       0.00       0.00          0          0          0          0          0          0
  interminor       :       0.00       0.00          0          0          0          0          0          0
  intobj           :       0.00       0.00          0          0          0          0          0          0
  mcf              :       0.00       0.00          0          0          0          0          0          0
  minor            :       0.00       0.00          0          0          0          0          0          0
  mixing           :       0.00       0.00          0          0          0          0          0          0
  oddcycle         :       0.00       0.00          0          0          0          0          0          0
  rapidlearning    :       0.00       0.00          0          0          0          0          0          0
  rlt              :       0.00       0.00          0          0          0          0          0          0
  zerohalf         :       0.00       0.00          0          0          0          0          0          0
Cutselectors       :   ExecTime  SetupTime
  hybrid           :       0.00       0.00
Pricers            :   ExecTime  SetupTime      Calls       Vars
  problem variables:       0.00          -          0          0
Branching Rules    :   ExecTime  SetupTime   BranchLP  BranchExt   BranchPS    Cutoffs    DomReds       Cuts      Conss   Children
  allfullstrong    :       0.00       0.00          0          0          0          0          0          0          0          0
  cloud            :       0.00       0.00          0          0          0          0          0          0          0          0
  distribution     :       0.00       0.00          0          0          0          0          0          0          0          0
  fullstrong       :       0.00       0.00          0          0          0          0          0          0          0          0
  inference        :       0.00       0.00          0          0          0          0          0          0          0          0
  leastinf         :       0.00       0.00          0          0          0          0          0          0          0          0
  lookahead        :       0.00       0.00          0          0          0          0          0          0          0          0
  mostinf          :       0.00       0.00          0          0          0          0          0          0          0          0
  multaggr         :       0.00       0.00          0          0          0          0          0          0          0          0
  nodereopt        :       0.00       0.00          0          0          0          0          0          0          0          0
  pscost           :       0.00       0.00          0          0          0          0          0          0          0          0
  random           :       0.00       0.00          0          0          0          0          0          0          0          0
  relpscost        :       0.00       0.00          0          0          0          0          0          0          0          0
  vanillafullstrong:       0.00       0.00          0          0          0          0          0          0          0          0
Primal Heuristics  :   ExecTime  SetupTime      Calls      Found       Best
  LP solutions     :       0.00          -          -          0          0
  relax solutions  :       0.00          -          -          0          0
  pseudo solutions :       0.00          -          -          0          0
  strong branching :       0.00          -          -          0          0
  actconsdiving    :       0.00       0.00          0          0          0
  adaptivediving   :       0.00       0.00          0          0          0
  alns             :       0.00       0.00          0          0          0
  bound            :       0.00       0.00          0          0          0
  clique           :       0.03       0.00          1          0          0
  coefdiving       :       0.00       0.00          0          0          0
  completesol      :       0.00       0.00          0          0          0
  conflictdiving   :       0.00       0.00          0          0          0
  crossover        :       0.00       0.00          0          0          0
  dins             :       0.00       0.00          0          0          0
  distributiondivin:       0.00       0.00          0          0          0
  dps              :       0.00       0.00          0          0          0
  dualval          :       0.00       0.00          0          0          0
  farkasdiving     :       0.00       0.00          0          0          0
  feaspump         :       0.04       0.00          1          1          1
  fixandinfer      :       0.00       0.00          0          0          0
  fracdiving       :       0.00       0.00          0          0          0
  gins             :       0.00       0.00          0          0          0
  guideddiving     :       0.00       0.00          0          0          0
  indicator        :       0.00       0.00          0          0          0
  intdiving        :       0.00       0.00          0          0          0
  intshifting      :       0.00       0.00          0          0          0
  linesearchdiving :       0.00       0.00          0          0          0
  localbranching   :       0.00       0.00          0          0          0
  locks            :       0.04       0.00          1          0          0
  lpface           :       0.00       0.00          0          0          0
  mpec             :       0.00       0.00          0          0          0
  multistart       :       0.00       0.00          0          0          0
  mutation         :       0.00       0.00          0          0          0
  nlpdiving        :       0.00       0.00          0          0          0
  objpscostdiving  :       0.00       0.00          0          0          0
  octane           :       0.00       0.00          0          0          0
  ofins            :       0.00       0.00          0          0          0
  oneopt           :       0.00       0.00          0          0          0
  padm             :       0.00       0.00          0          0          0
  proximity        :       0.00       0.00          0          0          0
  pscostdiving     :       0.00       0.00          0          0          0
  randrounding     :       0.00       0.00          1          0          0
  rens             :       0.00       0.00          0          0          0
  reoptsols        :       0.00       0.00          0          0          0
  repair           :       0.00       0.00          0          0          0
  rins             :       0.00       0.00          0          0          0
  rootsoldiving    :       0.00       0.00          0          0          0
  rounding         :       0.00       0.00          1          0          0
  shiftandpropagate:       0.02       0.00          1          0          0
  shifting         :       0.00       0.00          1          0          0
  simplerounding   :       0.00       0.00          0          0          0
  subnlp           :       0.00       0.00          0          0          0
  trivial          :       0.01       0.00          2          0          0
  trivialnegation  :       0.00       0.00          0          0          0
  trustregion      :       0.00       0.00          0          0          0
  trysol           :       0.00       0.00          0          0          0
  twoopt           :       0.00       0.00          0          0          0
  undercover       :       0.00       0.00          0          0          0
  vbounds          :       0.00       0.00          0          0          0
  veclendiving     :       0.00       0.00          0          0          0
  zeroobj          :       0.00       0.00          0          0          0
  zirounding       :       0.00       0.00          0          0          0
  other solutions  :          -          -          -          0          -
Diving (single)    :      Calls      Nodes   LP Iters Backtracks  Conflicts   MinDepth   MaxDepth   AvgDepth  RoundSols  NLeafSols  MinSolDpt  MaxSolDpt  AvgSolDpt
  actconsdiving    :          0          -          -          -          -          -          -          -          -          -          -          -          -
  coefdiving       :          0          -          -          -          -          -          -          -          -          -          -          -          -
  conflictdiving   :          0          -          -          -          -          -          -          -          -          -          -          -          -
  distributiondivin:          0          -          -          -          -          -          -          -          -          -          -          -          -
  farkasdiving     :          0          -          -          -          -          -          -          -          -          -          -          -          -
  fracdiving       :          0          -          -          -          -          -          -          -          -          -          -          -          -
  guideddiving     :          0          -          -          -          -          -          -          -          -          -          -          -          -
  linesearchdiving :          0          -          -          -          -          -          -          -          -          -          -          -          -
  pscostdiving     :          0          -          -          -          -          -          -          -          -          -          -          -          -
  veclendiving     :          0          -          -          -          -          -          -          -          -          -          -          -          -
Diving (adaptive)  :      Calls      Nodes   LP Iters Backtracks  Conflicts   MinDepth   MaxDepth   AvgDepth  RoundSols  NLeafSols  MinSolDpt  MaxSolDpt  AvgSolDpt
  actconsdiving    :          0          -          -          -          -          -          -          -          -          -          -          -          -
  coefdiving       :          0          -          -          -          -          -          -          -          -          -          -          -          -
  conflictdiving   :          0          -          -          -          -          -          -          -          -          -          -          -          -
  distributiondivin:          0          -          -          -          -          -          -          -          -          -          -          -          -
  farkasdiving     :          0          -          -          -          -          -          -          -          -          -          -          -          -
  fracdiving       :          0          -          -          -          -          -          -          -          -          -          -          -          -
  guideddiving     :          0          -          -          -          -          -          -          -          -          -          -          -          -
  linesearchdiving :          0          -          -          -          -          -          -          -          -          -          -          -          -
  pscostdiving     :          0          -          -          -          -          -          -          -          -          -          -          -          -
  veclendiving     :          0          -          -          -          -          -          -          -          -          -          -          -          -
Neighborhoods      :      Calls  SetupTime  SolveTime SolveNodes       Sols       Best       Exp3  EpsGreedy        UCB TgtFixRate  Opt  Inf Node Stal  Sol  Usr Othr Actv
  rens             :          0       0.00       0.00          0          0          0    0.00000   -1.00000    1.00000      0.900    0    0    0    0    0    0    0    1
  rins             :          0       0.00       0.00          0          0          0    0.00000   -1.00000    1.00000      0.900    0    0    0    0    0    0    0    1
  mutation         :          0       0.00       0.00          0          0          0    0.00000   -1.00000    1.00000      0.900    0    0    0    0    0    0    0    1
  localbranching   :          0       0.00       0.00          0          0          0    0.00000   -1.00000    1.00000      0.900    0    0    0    0    0    0    0    1
  crossover        :          0       0.00       0.00          0          0          0    0.00000   -1.00000    1.00000      0.900    0    0    0    0    0    0    0    1
  proximity        :          0       0.00       0.00          0          0          0    0.00000   -1.00000    1.00000      0.900    0    0    0    0    0    0    0    1
  zeroobjective    :          0       0.00       0.00          0          0          0    0.00000   -1.00000    1.00000      0.900    0    0    0    0    0    0    0    1
  dins             :          0       0.00       0.00          0          0          0    0.00000   -1.00000    1.00000      0.900    0    0    0    0    0    0    0    1
  trustregion      :          0       0.00       0.00          0          0          0    0.00000   -1.00000    1.00000      0.900    0    0    0    0    0    0    0    0
LP                 :       Time      Calls Iterations  Iter/call   Iter/sec  Time-0-It Calls-0-It    ItLimit
  primal LP        :       0.00          0          0       0.00          -       0.00          0
  dual LP          :       0.06          1        975     975.00   15740.53       0.00          0
  lex dual LP      :       0.00          0          0       0.00          -
  barrier LP       :       0.00          0          0       0.00          -       0.00          0
  resolve instable :       0.00          0          0       0.00          -
  diving/probing LP:       0.04          2       2195    1097.50   59483.48
  strong branching :       0.00          0          0       0.00          -          -          -          0
    (at root node) :          -          0          0       0.00          -
  conflict analysis:       0.00          0          0       0.00          -
B&B Tree           :
  number of runs   :          1
  nodes            :          1 (0 internal, 1 leaves)
  feasible leaves  :          0
  infeas. leaves   :          1
  objective leaves :          0
  nodes (total)    :          1 (0 internal, 1 leaves)
  nodes left       :          0
  max depth        :          0
  max depth (total):          0
  backtracks       :          0 (0.0%)
  early backtracks :          0 (0.0%)
  nodes exc. ref.  :          0 (0.0%)
  delayed cutoffs  :          0
  repropagations   :          0 (0 domain reductions, 0 cutoffs)
  avg switch length:       2.00
  switching time   :       0.00
Estim. Tree Size   :          1
Estimation Tree    : 1 nodes (1 visited, 0 internal, 1 leaves, 0 open), weight: 1.0000 completed 1.0000
Estimations        :      estim      value      trend resolution     smooth
  wbe              :          1          -          -          -          -
  tree-profile     :         -1          -          -          -          -
  gap              :          1    1.00000    1.00000          1          1
  tree-weight      :          1    1.00000    1.00000          1          1
  leaf-frequency   :          1    0.50000    1.00000          1          1
  ssg              :          1    0.00000   -1.00000          1          1
  open-nodes       :          1    0.00000    0.00000          1          1
Root Node          :
  First LP value   : -3.87182034976153e+00
  First LP Iters   :        975 (15544.29 Iter/sec)
  First LP Time    :       0.06
  Final Dual Bound : -3.87182034976153e+00
  Final Root Iters :       3158
  Root LP Estimate :                     -
Solution           :
  Solutions found  :          1 (1 improvements)
  First Solution   : -3.87182034976153e+00   (in run 1, after 1 nodes, 9.09 seconds, depth 0, found by <feaspump>)
  Gap First Sol.   :       0.00 %
  Gap Last Sol.    :       0.00 %
  Primal Bound     : -3.87182034976153e+00   (in run 1, after 1 nodes, 9.09 seconds, depth 0, found by <feaspump>)
  Dual Bound       : -3.87182034976153e+00
  Gap              :       0.00 %
Integrals          :      Total       Avg%
  primal-dual      :     908.74      99.99
  primal-ref       :          -          - (not evaluated)
  dual-ref         :          -          - (not evaluated)
