SCIP version 8.0.0 [precision: 8 byte] [memory: block] [mode: optimized] [LP solver: SoPlex 6.0.0] [GitHash: a740f0891e]
Copyright (C) 2002-2021 Konrad-Zuse-Zentrum fuer Informationstechnik Berlin (ZIB)

External libraries: 
  SoPlex 6.0.0         Linear Programming Solver developed at Zuse Institute Berlin (soplex.zib.de) [GitHash: 71a5873d]
  CppAD 20180000.0     Algorithmic Differentiation of C++ algorithms developed by B. Bell (github.com/coin-or/CppAD)
  ZLIB 1.2.11          General purpose compression library by J. Gailly and M. Adler (zlib.net)
  GMP 6.2.1            GNU Multiple Precision Arithmetic Library developed by T. Granlund (gmplib.org)
  ZIMPL 3.5.1          Zuse Institute Mathematical Programming Language developed by T. Koch (zimpl.zib.de)
  AMPL/MP 4e2d45c4     AMPL .nl file reader library (github.com/ampl/mp)
  PaPILO 2.0.0         parallel presolve for integer and linear optimization (github.com/scipopt/papilo) [GitHash: 76cafc1]
  bliss 0.73p          Computing Graph Automorphism Groups by T. Junttila and P. Kaski (www.tcs.hut.fi/Software/bliss/)
  Ipopt 3.13.2         Interior Point Optimizer developed by A. Waechter et.al. (github.com/coin-or/Ipopt)

user parameter file <scip.set> not found - using default parameters

read problem <../modeles/15_319.lp>
============

original problem has 9600 variables (4785 bin, 0 int, 0 impl, 4815 cont) and 4846 constraints

solve problem
=============

presolving:
(round 1, fast)       15 del vars, 0 del conss, 0 add conss, 10200 chg bounds, 0 chg sides, 0 chg coeffs, 0 upgd conss, 0 impls, 15 clqs
(round 2, fast)       15 del vars, 0 del conss, 0 add conss, 10200 chg bounds, 0 chg sides, 4770 chg coeffs, 0 upgd conss, 0 impls, 15 clqs
   (0.1s) running MILP presolver
   (0.2s) MILP presolver (2 rounds): 0 aggregations, 0 fixings, 60 bound changes
(round 3, exhaustive) 15 del vars, 0 del conss, 0 add conss, 10260 chg bounds, 0 chg sides, 4770 chg coeffs, 45 upgd conss, 0 impls, 15 clqs
   (0.3s) sparsify finished: 2/33555 (0.0%) nonzeros canceled - in total 2 canceled nonzeros, 320 changed coefficients, 0 added nonzeros
(round 4, exhaustive) 40 del vars, 0 del conss, 0 add conss, 10260 chg bounds, 0 chg sides, 5090 chg coeffs, 45 upgd conss, 10524 impls, 15 clqs
(round 5, exhaustive) 41 del vars, 1 del conss, 0 add conss, 10261 chg bounds, 0 chg sides, 5090 chg coeffs, 93 upgd conss, 10524 impls, 15 clqs
(round 6, exhaustive) 66 del vars, 1 del conss, 0 add conss, 10261 chg bounds, 0 chg sides, 5090 chg coeffs, 93 upgd conss, 18836 impls, 15 clqs
(round 7, exhaustive) 66 del vars, 2 del conss, 0 add conss, 10261 chg bounds, 0 chg sides, 5090 chg coeffs, 140 upgd conss, 18836 impls, 15 clqs
(round 8, exhaustive) 91 del vars, 2 del conss, 0 add conss, 10261 chg bounds, 0 chg sides, 5090 chg coeffs, 140 upgd conss, 24604 impls, 15 clqs
(round 9, exhaustive) 91 del vars, 5 del conss, 0 add conss, 10261 chg bounds, 0 chg sides, 5090 chg coeffs, 177 upgd conss, 24604 impls, 15 clqs
(round 10, exhaustive) 116 del vars, 5 del conss, 0 add conss, 10261 chg bounds, 0 chg sides, 5090 chg coeffs, 177 upgd conss, 37347 impls, 15 clqs
(round 11, exhaustive) 116 del vars, 6 del conss, 0 add conss, 10261 chg bounds, 0 chg sides, 5090 chg coeffs, 220 upgd conss, 37347 impls, 15 clqs
   (1.1s) sparsify finished: 2/33242 (0.0%) nonzeros canceled - in total 4 canceled nonzeros, 640 changed coefficients, 0 added nonzeros
(round 12, exhaustive) 141 del vars, 6 del conss, 0 add conss, 10261 chg bounds, 0 chg sides, 5410 chg coeffs, 220 upgd conss, 51683 impls, 15 clqs
(round 13, exhaustive) 141 del vars, 8 del conss, 0 add conss, 10261 chg bounds, 0 chg sides, 5410 chg coeffs, 264 upgd conss, 51683 impls, 15 clqs
(round 14, exhaustive) 166 del vars, 8 del conss, 0 add conss, 10261 chg bounds, 0 chg sides, 5410 chg coeffs, 264 upgd conss, 75826 impls, 15 clqs
(round 15, fast)       168 del vars, 14 del conss, 0 add conss, 10263 chg bounds, 0 chg sides, 5410 chg coeffs, 264 upgd conss, 75826 impls, 15 clqs
(round 16, exhaustive) 168 del vars, 14 del conss, 0 add conss, 10263 chg bounds, 0 chg sides, 5410 chg coeffs, 300 upgd conss, 75826 impls, 15 clqs
(round 17, exhaustive) 193 del vars, 14 del conss, 0 add conss, 10263 chg bounds, 0 chg sides, 5410 chg coeffs, 300 upgd conss, 93279 impls, 15 clqs
(round 18, fast)       193 del vars, 18 del conss, 0 add conss, 10263 chg bounds, 0 chg sides, 5410 chg coeffs, 300 upgd conss, 93279 impls, 15 clqs
(round 19, exhaustive) 193 del vars, 18 del conss, 0 add conss, 10263 chg bounds, 0 chg sides, 5410 chg coeffs, 338 upgd conss, 93279 impls, 15 clqs
(round 20, exhaustive) 218 del vars, 18 del conss, 0 add conss, 10263 chg bounds, 0 chg sides, 5410 chg coeffs, 338 upgd conss, 105979 impls, 15 clqs
(round 21, exhaustive) 219 del vars, 20 del conss, 0 add conss, 10264 chg bounds, 0 chg sides, 5410 chg coeffs, 380 upgd conss, 105979 impls, 15 clqs
(round 22, exhaustive) 244 del vars, 20 del conss, 0 add conss, 10264 chg bounds, 0 chg sides, 5410 chg coeffs, 380 upgd conss, 123427 impls, 15 clqs
(round 23, fast)       245 del vars, 24 del conss, 0 add conss, 10265 chg bounds, 0 chg sides, 5410 chg coeffs, 380 upgd conss, 123427 impls, 15 clqs
(round 24, exhaustive) 245 del vars, 24 del conss, 0 add conss, 10265 chg bounds, 0 chg sides, 5410 chg coeffs, 420 upgd conss, 123427 impls, 15 clqs
(round 25, exhaustive) 270 del vars, 24 del conss, 0 add conss, 10265 chg bounds, 0 chg sides, 5410 chg coeffs, 420 upgd conss, 142105 impls, 15 clqs
(round 26, fast)       270 del vars, 29 del conss, 0 add conss, 10265 chg bounds, 0 chg sides, 5410 chg coeffs, 420 upgd conss, 142105 impls, 15 clqs
(round 27, exhaustive) 270 del vars, 29 del conss, 0 add conss, 10265 chg bounds, 0 chg sides, 5410 chg coeffs, 454 upgd conss, 142105 impls, 15 clqs
(round 28, exhaustive) 295 del vars, 29 del conss, 0 add conss, 10265 chg bounds, 0 chg sides, 5410 chg coeffs, 454 upgd conss, 152544 impls, 15 clqs
(round 29, fast)       296 del vars, 33 del conss, 0 add conss, 10266 chg bounds, 0 chg sides, 5410 chg coeffs, 454 upgd conss, 152544 impls, 15 clqs
(round 30, exhaustive) 296 del vars, 33 del conss, 0 add conss, 10266 chg bounds, 0 chg sides, 5410 chg coeffs, 494 upgd conss, 152544 impls, 15 clqs
(round 31, exhaustive) 321 del vars, 33 del conss, 0 add conss, 10266 chg bounds, 0 chg sides, 5410 chg coeffs, 494 upgd conss, 167710 impls, 15 clqs
(round 32, fast)       321 del vars, 40 del conss, 0 add conss, 10266 chg bounds, 0 chg sides, 5410 chg coeffs, 494 upgd conss, 167710 impls, 15 clqs
(round 33, exhaustive) 321 del vars, 40 del conss, 0 add conss, 10266 chg bounds, 0 chg sides, 5410 chg coeffs, 519 upgd conss, 167710 impls, 15 clqs
(round 34, exhaustive) 346 del vars, 40 del conss, 0 add conss, 10266 chg bounds, 0 chg sides, 5410 chg coeffs, 519 upgd conss, 180951 impls, 15 clqs
(round 35, fast)       346 del vars, 46 del conss, 0 add conss, 10266 chg bounds, 0 chg sides, 5410 chg coeffs, 519 upgd conss, 180951 impls, 15 clqs
(round 36, exhaustive) 346 del vars, 46 del conss, 0 add conss, 10266 chg bounds, 0 chg sides, 5410 chg coeffs, 551 upgd conss, 180951 impls, 15 clqs
   (2.7s) sparsify finished: 2/32508 (0.0%) nonzeros canceled - in total 6 canceled nonzeros, 957 changed coefficients, 0 added nonzeros
(round 37, exhaustive) 371 del vars, 46 del conss, 0 add conss, 10266 chg bounds, 0 chg sides, 5727 chg coeffs, 551 upgd conss, 200820 impls, 15 clqs
(round 38, fast)       372 del vars, 53 del conss, 0 add conss, 10267 chg bounds, 0 chg sides, 5727 chg coeffs, 551 upgd conss, 200820 impls, 15 clqs
(round 39, exhaustive) 372 del vars, 53 del conss, 0 add conss, 10267 chg bounds, 0 chg sides, 5727 chg coeffs, 582 upgd conss, 200820 impls, 15 clqs
   (3.0s) probing: 1000/4785 (20.9%) - 374 fixings, 0 aggregations, 215055 implications, 0 bound changes
(round 40, exhaustive) 397 del vars, 53 del conss, 0 add conss, 10267 chg bounds, 0 chg sides, 5727 chg coeffs, 582 upgd conss, 215622 impls, 15 clqs
(round 41, fast)       399 del vars, 58 del conss, 0 add conss, 10269 chg bounds, 0 chg sides, 5727 chg coeffs, 582 upgd conss, 215622 impls, 15 clqs
(round 42, exhaustive) 399 del vars, 58 del conss, 0 add conss, 10269 chg bounds, 0 chg sides, 5727 chg coeffs, 617 upgd conss, 215622 impls, 15 clqs
(round 43, exhaustive) 424 del vars, 58 del conss, 0 add conss, 10269 chg bounds, 0 chg sides, 5727 chg coeffs, 617 upgd conss, 227583 impls, 15 clqs
(round 44, fast)       425 del vars, 65 del conss, 0 add conss, 10270 chg bounds, 0 chg sides, 5727 chg coeffs, 617 upgd conss, 227583 impls, 15 clqs
(round 45, exhaustive) 425 del vars, 65 del conss, 0 add conss, 10270 chg bounds, 0 chg sides, 5727 chg coeffs, 648 upgd conss, 227583 impls, 15 clqs
(round 46, exhaustive) 451 del vars, 65 del conss, 0 add conss, 10270 chg bounds, 0 chg sides, 5727 chg coeffs, 648 upgd conss, 243073 impls, 15 clqs
(round 47, fast)       451 del vars, 73 del conss, 0 add conss, 10270 chg bounds, 0 chg sides, 5727 chg coeffs, 648 upgd conss, 243073 impls, 15 clqs
(round 48, exhaustive) 451 del vars, 73 del conss, 0 add conss, 10270 chg bounds, 0 chg sides, 5727 chg coeffs, 675 upgd conss, 243073 impls, 15 clqs
   (3.4s) sparsify finished: 2/32163 (0.0%) nonzeros canceled - in total 8 canceled nonzeros, 1273 changed coefficients, 0 added nonzeros
(round 49, exhaustive) 476 del vars, 73 del conss, 0 add conss, 10270 chg bounds, 0 chg sides, 6043 chg coeffs, 675 upgd conss, 258076 impls, 15 clqs
(round 50, fast)       476 del vars, 81 del conss, 0 add conss, 10270 chg bounds, 0 chg sides, 6043 chg coeffs, 675 upgd conss, 258076 impls, 15 clqs
(round 51, exhaustive) 476 del vars, 81 del conss, 0 add conss, 10270 chg bounds, 0 chg sides, 6043 chg coeffs, 697 upgd conss, 258076 impls, 15 clqs
(round 52, exhaustive) 501 del vars, 81 del conss, 0 add conss, 10270 chg bounds, 0 chg sides, 6043 chg coeffs, 697 upgd conss, 271537 impls, 15 clqs
(round 53, fast)       501 del vars, 88 del conss, 0 add conss, 10270 chg bounds, 0 chg sides, 6043 chg coeffs, 697 upgd conss, 271537 impls, 15 clqs
(round 54, exhaustive) 501 del vars, 88 del conss, 0 add conss, 10270 chg bounds, 0 chg sides, 6043 chg coeffs, 726 upgd conss, 271537 impls, 15 clqs
(round 55, exhaustive) 526 del vars, 88 del conss, 0 add conss, 10270 chg bounds, 0 chg sides, 6043 chg coeffs, 726 upgd conss, 285265 impls, 15 clqs
(round 56, fast)       527 del vars, 99 del conss, 0 add conss, 10271 chg bounds, 0 chg sides, 6043 chg coeffs, 726 upgd conss, 285265 impls, 15 clqs
(round 57, exhaustive) 527 del vars, 99 del conss, 0 add conss, 10271 chg bounds, 0 chg sides, 6043 chg coeffs, 745 upgd conss, 285265 impls, 15 clqs
(round 58, exhaustive) 552 del vars, 99 del conss, 0 add conss, 10271 chg bounds, 0 chg sides, 6043 chg coeffs, 745 upgd conss, 298938 impls, 15 clqs
(round 59, fast)       552 del vars, 107 del conss, 0 add conss, 10271 chg bounds, 0 chg sides, 6043 chg coeffs, 745 upgd conss, 298938 impls, 15 clqs
(round 60, exhaustive) 552 del vars, 107 del conss, 0 add conss, 10271 chg bounds, 0 chg sides, 6043 chg coeffs, 771 upgd conss, 298938 impls, 15 clqs
   (4.1s) sparsify finished: 2/31823 (0.0%) nonzeros canceled - in total 10 canceled nonzeros, 1590 changed coefficients, 0 added nonzeros
(round 61, exhaustive) 577 del vars, 107 del conss, 0 add conss, 10271 chg bounds, 0 chg sides, 6360 chg coeffs, 771 upgd conss, 308263 impls, 15 clqs
(round 62, fast)       577 del vars, 117 del conss, 0 add conss, 10271 chg bounds, 0 chg sides, 6360 chg coeffs, 771 upgd conss, 308263 impls, 15 clqs
(round 63, exhaustive) 577 del vars, 117 del conss, 0 add conss, 10271 chg bounds, 0 chg sides, 6360 chg coeffs, 790 upgd conss, 308263 impls, 15 clqs
(round 64, exhaustive) 602 del vars, 117 del conss, 0 add conss, 10271 chg bounds, 0 chg sides, 6360 chg coeffs, 790 upgd conss, 317903 impls, 15 clqs
(round 65, fast)       602 del vars, 128 del conss, 0 add conss, 10271 chg bounds, 0 chg sides, 6360 chg coeffs, 790 upgd conss, 317903 impls, 15 clqs
(round 66, exhaustive) 602 del vars, 128 del conss, 0 add conss, 10271 chg bounds, 0 chg sides, 6360 chg coeffs, 807 upgd conss, 317903 impls, 15 clqs
(round 67, exhaustive) 627 del vars, 128 del conss, 0 add conss, 10271 chg bounds, 0 chg sides, 6360 chg coeffs, 807 upgd conss, 331490 impls, 15 clqs
(round 68, fast)       627 del vars, 137 del conss, 0 add conss, 10271 chg bounds, 0 chg sides, 6360 chg coeffs, 807 upgd conss, 331490 impls, 15 clqs
(round 69, exhaustive) 627 del vars, 137 del conss, 0 add conss, 10271 chg bounds, 0 chg sides, 6360 chg coeffs, 830 upgd conss, 331490 impls, 15 clqs
(round 70, exhaustive) 652 del vars, 137 del conss, 0 add conss, 10271 chg bounds, 0 chg sides, 6360 chg coeffs, 830 upgd conss, 342919 impls, 15 clqs
(round 71, fast)       653 del vars, 146 del conss, 0 add conss, 10272 chg bounds, 0 chg sides, 6360 chg coeffs, 830 upgd conss, 342919 impls, 15 clqs
(round 72, exhaustive) 653 del vars, 146 del conss, 0 add conss, 10272 chg bounds, 0 chg sides, 6360 chg coeffs, 855 upgd conss, 342919 impls, 15 clqs
(round 73, exhaustive) 678 del vars, 146 del conss, 0 add conss, 10272 chg bounds, 0 chg sides, 6360 chg coeffs, 855 upgd conss, 352771 impls, 15 clqs
(round 74, fast)       678 del vars, 156 del conss, 0 add conss, 10272 chg bounds, 0 chg sides, 6360 chg coeffs, 855 upgd conss, 352771 impls, 15 clqs
(round 75, exhaustive) 678 del vars, 156 del conss, 0 add conss, 10272 chg bounds, 0 chg sides, 6360 chg coeffs, 871 upgd conss, 352771 impls, 15 clqs
(round 76, exhaustive) 703 del vars, 156 del conss, 0 add conss, 10272 chg bounds, 0 chg sides, 6360 chg coeffs, 871 upgd conss, 362626 impls, 15 clqs
(round 77, fast)       704 del vars, 166 del conss, 0 add conss, 10273 chg bounds, 0 chg sides, 6360 chg coeffs, 871 upgd conss, 362626 impls, 15 clqs
(round 78, exhaustive) 704 del vars, 166 del conss, 0 add conss, 10273 chg bounds, 0 chg sides, 6360 chg coeffs, 893 upgd conss, 362626 impls, 15 clqs
(round 79, exhaustive) 729 del vars, 166 del conss, 0 add conss, 10273 chg bounds, 0 chg sides, 6360 chg coeffs, 893 upgd conss, 371214 impls, 15 clqs
(round 80, fast)       732 del vars, 177 del conss, 0 add conss, 10276 chg bounds, 0 chg sides, 6360 chg coeffs, 893 upgd conss, 371214 impls, 15 clqs
(round 81, exhaustive) 732 del vars, 177 del conss, 0 add conss, 10276 chg bounds, 0 chg sides, 6360 chg coeffs, 916 upgd conss, 371214 impls, 15 clqs
(round 82, exhaustive) 757 del vars, 177 del conss, 0 add conss, 10276 chg bounds, 0 chg sides, 6360 chg coeffs, 916 upgd conss, 391995 impls, 15 clqs
(round 83, fast)       757 del vars, 189 del conss, 0 add conss, 10276 chg bounds, 0 chg sides, 6360 chg coeffs, 916 upgd conss, 391995 impls, 15 clqs
(round 84, exhaustive) 757 del vars, 189 del conss, 0 add conss, 10276 chg bounds, 0 chg sides, 6360 chg coeffs, 930 upgd conss, 391995 impls, 15 clqs
(round 85, exhaustive) 782 del vars, 189 del conss, 0 add conss, 10276 chg bounds, 0 chg sides, 6360 chg coeffs, 930 upgd conss, 402024 impls, 15 clqs
(round 86, fast)       784 del vars, 202 del conss, 0 add conss, 10278 chg bounds, 0 chg sides, 6360 chg coeffs, 930 upgd conss, 402024 impls, 15 clqs
(round 87, exhaustive) 784 del vars, 202 del conss, 0 add conss, 10278 chg bounds, 0 chg sides, 6360 chg coeffs, 945 upgd conss, 402024 impls, 15 clqs
(round 88, exhaustive) 809 del vars, 202 del conss, 0 add conss, 10278 chg bounds, 0 chg sides, 6360 chg coeffs, 945 upgd conss, 407515 impls, 15 clqs
(round 89, fast)       809 del vars, 212 del conss, 0 add conss, 10278 chg bounds, 0 chg sides, 6360 chg coeffs, 945 upgd conss, 407515 impls, 15 clqs
(round 90, exhaustive) 809 del vars, 212 del conss, 0 add conss, 10278 chg bounds, 0 chg sides, 6360 chg coeffs, 965 upgd conss, 407515 impls, 15 clqs
(round 91, exhaustive) 835 del vars, 212 del conss, 0 add conss, 10278 chg bounds, 0 chg sides, 6360 chg coeffs, 965 upgd conss, 419395 impls, 15 clqs
(round 92, fast)       835 del vars, 222 del conss, 0 add conss, 10278 chg bounds, 0 chg sides, 6360 chg coeffs, 965 upgd conss, 419395 impls, 15 clqs
(round 93, exhaustive) 835 del vars, 222 del conss, 0 add conss, 10278 chg bounds, 0 chg sides, 6360 chg coeffs, 987 upgd conss, 419395 impls, 15 clqs
(round 94, exhaustive) 863 del vars, 222 del conss, 0 add conss, 10278 chg bounds, 0 chg sides, 6360 chg coeffs, 987 upgd conss, 434534 impls, 15 clqs
(round 95, fast)       863 del vars, 234 del conss, 0 add conss, 10278 chg bounds, 0 chg sides, 6360 chg coeffs, 987 upgd conss, 434534 impls, 15 clqs
(round 96, exhaustive) 863 del vars, 234 del conss, 0 add conss, 10278 chg bounds, 0 chg sides, 6360 chg coeffs, 1007 upgd conss, 434534 impls, 15 clqs
   (5.8s) probing: 2000/4785 (41.8%) - 830 fixings, 0 aggregations, 435375 implications, 0 bound changes
(round 97, exhaustive) 888 del vars, 234 del conss, 0 add conss, 10278 chg bounds, 0 chg sides, 6360 chg coeffs, 1007 upgd conss, 447223 impls, 15 clqs
(round 98, fast)       888 del vars, 245 del conss, 0 add conss, 10278 chg bounds, 0 chg sides, 6360 chg coeffs, 1007 upgd conss, 447223 impls, 15 clqs
(round 99, exhaustive) 888 del vars, 245 del conss, 0 add conss, 10278 chg bounds, 0 chg sides, 6360 chg coeffs, 1024 upgd conss, 447223 impls, 15 clqs
(round 100, exhaustive) 913 del vars, 245 del conss, 0 add conss, 10278 chg bounds, 0 chg sides, 6360 chg coeffs, 1024 upgd conss, 452986 impls, 15 clqs
(round 101, fast)       913 del vars, 257 del conss, 0 add conss, 10278 chg bounds, 0 chg sides, 6360 chg coeffs, 1024 upgd conss, 452986 impls, 15 clqs
(round 102, exhaustive) 913 del vars, 257 del conss, 0 add conss, 10278 chg bounds, 0 chg sides, 6360 chg coeffs, 1038 upgd conss, 452986 impls, 15 clqs
(round 103, exhaustive) 939 del vars, 257 del conss, 0 add conss, 10278 chg bounds, 0 chg sides, 6360 chg coeffs, 1038 upgd conss, 459926 impls, 15 clqs
(round 104, fast)       939 del vars, 272 del conss, 0 add conss, 10278 chg bounds, 0 chg sides, 6360 chg coeffs, 1038 upgd conss, 459926 impls, 15 clqs
(round 105, exhaustive) 939 del vars, 272 del conss, 0 add conss, 10278 chg bounds, 0 chg sides, 6360 chg coeffs, 1045 upgd conss, 459926 impls, 15 clqs
(round 106, exhaustive) 965 del vars, 272 del conss, 0 add conss, 10278 chg bounds, 0 chg sides, 6360 chg coeffs, 1045 upgd conss, 464961 impls, 15 clqs
(round 107, fast)       965 del vars, 284 del conss, 0 add conss, 10278 chg bounds, 0 chg sides, 6360 chg coeffs, 1045 upgd conss, 464961 impls, 15 clqs
(round 108, exhaustive) 965 del vars, 284 del conss, 0 add conss, 10278 chg bounds, 0 chg sides, 6360 chg coeffs, 1061 upgd conss, 464961 impls, 15 clqs
(round 109, exhaustive) 990 del vars, 284 del conss, 0 add conss, 10278 chg bounds, 0 chg sides, 6360 chg coeffs, 1061 upgd conss, 476968 impls, 15 clqs
(round 110, fast)       995 del vars, 298 del conss, 0 add conss, 10283 chg bounds, 0 chg sides, 6360 chg coeffs, 1061 upgd conss, 476968 impls, 15 clqs
(round 111, exhaustive) 995 del vars, 298 del conss, 0 add conss, 10283 chg bounds, 0 chg sides, 6360 chg coeffs, 1079 upgd conss, 476968 impls, 15 clqs
(round 112, exhaustive) 1020 del vars, 298 del conss, 0 add conss, 10283 chg bounds, 0 chg sides, 6360 chg coeffs, 1079 upgd conss, 481156 impls, 15 clqs
(round 113, fast)       1021 del vars, 310 del conss, 0 add conss, 10284 chg bounds, 0 chg sides, 6360 chg coeffs, 1079 upgd conss, 481156 impls, 15 clqs
(round 114, exhaustive) 1021 del vars, 310 del conss, 0 add conss, 10284 chg bounds, 0 chg sides, 6360 chg coeffs, 1095 upgd conss, 481156 impls, 15 clqs
(round 115, exhaustive) 1046 del vars, 310 del conss, 0 add conss, 10284 chg bounds, 0 chg sides, 6360 chg coeffs, 1095 upgd conss, 493316 impls, 15 clqs
(round 116, fast)       1046 del vars, 322 del conss, 0 add conss, 10284 chg bounds, 0 chg sides, 6360 chg coeffs, 1095 upgd conss, 493316 impls, 15 clqs
(round 117, exhaustive) 1046 del vars, 322 del conss, 0 add conss, 10284 chg bounds, 0 chg sides, 6360 chg coeffs, 1109 upgd conss, 493316 impls, 15 clqs
(round 118, exhaustive) 1071 del vars, 322 del conss, 0 add conss, 10284 chg bounds, 0 chg sides, 6360 chg coeffs, 1109 upgd conss, 496583 impls, 15 clqs
(round 119, fast)       1071 del vars, 334 del conss, 0 add conss, 10284 chg bounds, 0 chg sides, 6360 chg coeffs, 1109 upgd conss, 496583 impls, 15 clqs
(round 120, exhaustive) 1071 del vars, 334 del conss, 0 add conss, 10284 chg bounds, 0 chg sides, 6360 chg coeffs, 1123 upgd conss, 496583 impls, 15 clqs
(round 121, exhaustive) 1096 del vars, 334 del conss, 0 add conss, 10284 chg bounds, 0 chg sides, 6360 chg coeffs, 1123 upgd conss, 505438 impls, 15 clqs
(round 122, fast)       1097 del vars, 345 del conss, 0 add conss, 10285 chg bounds, 0 chg sides, 6360 chg coeffs, 1123 upgd conss, 505438 impls, 15 clqs
(round 123, exhaustive) 1097 del vars, 345 del conss, 0 add conss, 10285 chg bounds, 0 chg sides, 6360 chg coeffs, 1142 upgd conss, 505438 impls, 15 clqs
(round 124, exhaustive) 1122 del vars, 345 del conss, 0 add conss, 10285 chg bounds, 0 chg sides, 6360 chg coeffs, 1142 upgd conss, 521338 impls, 15 clqs
(round 125, fast)       1124 del vars, 360 del conss, 0 add conss, 10287 chg bounds, 0 chg sides, 6360 chg coeffs, 1142 upgd conss, 521338 impls, 15 clqs
(round 126, exhaustive) 1124 del vars, 360 del conss, 0 add conss, 10287 chg bounds, 0 chg sides, 6360 chg coeffs, 1151 upgd conss, 521338 impls, 15 clqs
(round 127, exhaustive) 1149 del vars, 360 del conss, 0 add conss, 10287 chg bounds, 0 chg sides, 6360 chg coeffs, 1151 upgd conss, 531042 impls, 15 clqs
(round 128, fast)       1151 del vars, 373 del conss, 0 add conss, 10289 chg bounds, 0 chg sides, 6360 chg coeffs, 1151 upgd conss, 531042 impls, 15 clqs
(round 129, exhaustive) 1151 del vars, 373 del conss, 0 add conss, 10289 chg bounds, 0 chg sides, 6360 chg coeffs, 1166 upgd conss, 531042 impls, 15 clqs
(round 130, exhaustive) 1176 del vars, 373 del conss, 0 add conss, 10289 chg bounds, 0 chg sides, 6360 chg coeffs, 1166 upgd conss, 536632 impls, 15 clqs
(round 131, fast)       1178 del vars, 388 del conss, 0 add conss, 10291 chg bounds, 0 chg sides, 6360 chg coeffs, 1166 upgd conss, 536632 impls, 15 clqs
(round 132, exhaustive) 1178 del vars, 388 del conss, 0 add conss, 10291 chg bounds, 0 chg sides, 6360 chg coeffs, 1175 upgd conss, 536632 impls, 15 clqs
(round 133, exhaustive) 1203 del vars, 388 del conss, 0 add conss, 10291 chg bounds, 0 chg sides, 6360 chg coeffs, 1175 upgd conss, 546558 impls, 15 clqs
(round 134, fast)       1203 del vars, 399 del conss, 0 add conss, 10291 chg bounds, 0 chg sides, 6360 chg coeffs, 1175 upgd conss, 546558 impls, 15 clqs
(round 135, exhaustive) 1203 del vars, 399 del conss, 0 add conss, 10291 chg bounds, 0 chg sides, 6360 chg coeffs, 1192 upgd conss, 546558 impls, 15 clqs
(round 136, exhaustive) 1229 del vars, 399 del conss, 0 add conss, 10291 chg bounds, 0 chg sides, 6360 chg coeffs, 1192 upgd conss, 556760 impls, 15 clqs
(round 137, fast)       1229 del vars, 412 del conss, 0 add conss, 10291 chg bounds, 0 chg sides, 6360 chg coeffs, 1192 upgd conss, 556760 impls, 15 clqs
(round 138, exhaustive) 1229 del vars, 412 del conss, 0 add conss, 10291 chg bounds, 0 chg sides, 6360 chg coeffs, 1205 upgd conss, 556760 impls, 15 clqs
(round 139, exhaustive) 1254 del vars, 412 del conss, 0 add conss, 10291 chg bounds, 0 chg sides, 6360 chg coeffs, 1205 upgd conss, 564874 impls, 15 clqs
(round 140, fast)       1254 del vars, 426 del conss, 0 add conss, 10291 chg bounds, 0 chg sides, 6360 chg coeffs, 1205 upgd conss, 564874 impls, 15 clqs
(round 141, exhaustive) 1254 del vars, 426 del conss, 0 add conss, 10291 chg bounds, 0 chg sides, 6360 chg coeffs, 1213 upgd conss, 564874 impls, 15 clqs
(round 142, exhaustive) 1279 del vars, 426 del conss, 0 add conss, 10291 chg bounds, 0 chg sides, 6360 chg coeffs, 1213 upgd conss, 577631 impls, 15 clqs
(round 143, fast)       1279 del vars, 438 del conss, 0 add conss, 10291 chg bounds, 0 chg sides, 6360 chg coeffs, 1213 upgd conss, 577631 impls, 15 clqs
(round 144, exhaustive) 1279 del vars, 438 del conss, 0 add conss, 10291 chg bounds, 0 chg sides, 6360 chg coeffs, 1227 upgd conss, 577631 impls, 15 clqs
(round 145, exhaustive) 1304 del vars, 438 del conss, 0 add conss, 10291 chg bounds, 0 chg sides, 6360 chg coeffs, 1227 upgd conss, 584510 impls, 15 clqs
(round 146, fast)       1304 del vars, 452 del conss, 0 add conss, 10291 chg bounds, 0 chg sides, 6360 chg coeffs, 1227 upgd conss, 584510 impls, 15 clqs
(round 147, exhaustive) 1304 del vars, 452 del conss, 0 add conss, 10291 chg bounds, 0 chg sides, 6360 chg coeffs, 1235 upgd conss, 584510 impls, 15 clqs
(round 148, exhaustive) 1329 del vars, 452 del conss, 0 add conss, 10291 chg bounds, 0 chg sides, 6360 chg coeffs, 1235 upgd conss, 591388 impls, 15 clqs
(round 149, fast)       1329 del vars, 465 del conss, 0 add conss, 10291 chg bounds, 0 chg sides, 6360 chg coeffs, 1235 upgd conss, 591388 impls, 15 clqs
(round 150, exhaustive) 1329 del vars, 465 del conss, 0 add conss, 10291 chg bounds, 0 chg sides, 6360 chg coeffs, 1246 upgd conss, 591388 impls, 15 clqs
(round 151, exhaustive) 1354 del vars, 465 del conss, 0 add conss, 10291 chg bounds, 0 chg sides, 6360 chg coeffs, 1246 upgd conss, 598009 impls, 15 clqs
(round 152, fast)       1354 del vars, 479 del conss, 0 add conss, 10291 chg bounds, 0 chg sides, 6360 chg coeffs, 1246 upgd conss, 598009 impls, 15 clqs
(round 153, exhaustive) 1354 del vars, 479 del conss, 0 add conss, 10291 chg bounds, 0 chg sides, 6360 chg coeffs, 1250 upgd conss, 598009 impls, 15 clqs
(round 154, exhaustive) 1379 del vars, 479 del conss, 0 add conss, 10291 chg bounds, 0 chg sides, 6360 chg coeffs, 1250 upgd conss, 604284 impls, 15 clqs
(round 155, fast)       1384 del vars, 496 del conss, 0 add conss, 10296 chg bounds, 0 chg sides, 6360 chg coeffs, 1250 upgd conss, 604284 impls, 15 clqs
(round 156, exhaustive) 1384 del vars, 496 del conss, 0 add conss, 10296 chg bounds, 0 chg sides, 6360 chg coeffs, 1259 upgd conss, 604284 impls, 15 clqs
(round 157, exhaustive) 1409 del vars, 496 del conss, 0 add conss, 10296 chg bounds, 0 chg sides, 6360 chg coeffs, 1259 upgd conss, 614170 impls, 15 clqs
(round 158, fast)       1410 del vars, 510 del conss, 0 add conss, 10297 chg bounds, 0 chg sides, 6360 chg coeffs, 1259 upgd conss, 614170 impls, 15 clqs
(round 159, exhaustive) 1410 del vars, 510 del conss, 0 add conss, 10297 chg bounds, 0 chg sides, 6360 chg coeffs, 1269 upgd conss, 614170 impls, 15 clqs
(round 160, exhaustive) 1435 del vars, 510 del conss, 0 add conss, 10297 chg bounds, 0 chg sides, 6360 chg coeffs, 1269 upgd conss, 631736 impls, 15 clqs
(round 161, fast)       1436 del vars, 523 del conss, 0 add conss, 10298 chg bounds, 0 chg sides, 6360 chg coeffs, 1269 upgd conss, 631736 impls, 15 clqs
(round 162, exhaustive) 1436 del vars, 523 del conss, 0 add conss, 10298 chg bounds, 0 chg sides, 6360 chg coeffs, 1282 upgd conss, 631736 impls, 15 clqs
(round 163, exhaustive) 1461 del vars, 523 del conss, 0 add conss, 10298 chg bounds, 0 chg sides, 6360 chg coeffs, 1282 upgd conss, 636842 impls, 15 clqs
(round 164, fast)       1463 del vars, 538 del conss, 0 add conss, 10300 chg bounds, 0 chg sides, 6360 chg coeffs, 1282 upgd conss, 636842 impls, 15 clqs
   (8.6s) running MILP presolver
   (8.7s) MILP presolver (3 rounds): 0 aggregations, 23 fixings, 0 bound changes
(round 165, medium)     1486 del vars, 552 del conss, 0 add conss, 10300 chg bounds, 0 chg sides, 6360 chg coeffs, 1282 upgd conss, 636842 impls, 15 clqs
(round 166, exhaustive) 1486 del vars, 552 del conss, 0 add conss, 10300 chg bounds, 0 chg sides, 6360 chg coeffs, 1291 upgd conss, 636842 impls, 15 clqs
   (8.8s) probing: 3000/4785 (62.7%) - 1422 fixings, 0 aggregations, 638948 implications, 0 bound changes
(round 167, exhaustive) 1511 del vars, 552 del conss, 0 add conss, 10300 chg bounds, 0 chg sides, 6360 chg coeffs, 1291 upgd conss, 643575 impls, 15 clqs
(round 168, fast)       1511 del vars, 563 del conss, 0 add conss, 10300 chg bounds, 0 chg sides, 6360 chg coeffs, 1291 upgd conss, 643575 impls, 15 clqs
(round 169, exhaustive) 1511 del vars, 563 del conss, 0 add conss, 10300 chg bounds, 0 chg sides, 6360 chg coeffs, 1308 upgd conss, 643575 impls, 15 clqs
(round 170, exhaustive) 1536 del vars, 563 del conss, 0 add conss, 10300 chg bounds, 0 chg sides, 6360 chg coeffs, 1308 upgd conss, 653126 impls, 15 clqs
(round 171, fast)       1537 del vars, 576 del conss, 0 add conss, 10301 chg bounds, 0 chg sides, 6360 chg coeffs, 1308 upgd conss, 653126 impls, 15 clqs
(round 172, exhaustive) 1537 del vars, 576 del conss, 0 add conss, 10301 chg bounds, 0 chg sides, 6360 chg coeffs, 1321 upgd conss, 653126 impls, 15 clqs
(round 173, exhaustive) 1562 del vars, 576 del conss, 0 add conss, 10301 chg bounds, 0 chg sides, 6360 chg coeffs, 1321 upgd conss, 663997 impls, 15 clqs
(round 174, fast)       1564 del vars, 592 del conss, 0 add conss, 10303 chg bounds, 0 chg sides, 6360 chg coeffs, 1321 upgd conss, 663997 impls, 15 clqs
(round 175, exhaustive) 1589 del vars, 592 del conss, 0 add conss, 10303 chg bounds, 0 chg sides, 6360 chg coeffs, 1323 upgd conss, 670695 impls, 15 clqs
(round 176, fast)       1589 del vars, 608 del conss, 0 add conss, 10303 chg bounds, 0 chg sides, 6360 chg coeffs, 1323 upgd conss, 670697 impls, 15 clqs
(round 177, exhaustive) 1614 del vars, 608 del conss, 0 add conss, 10303 chg bounds, 0 chg sides, 6360 chg coeffs, 1325 upgd conss, 678475 impls, 15 clqs
(round 178, fast)       1614 del vars, 620 del conss, 0 add conss, 10303 chg bounds, 0 chg sides, 6360 chg coeffs, 1325 upgd conss, 678477 impls, 15 clqs
(round 179, exhaustive) 1614 del vars, 620 del conss, 0 add conss, 10303 chg bounds, 0 chg sides, 6360 chg coeffs, 1339 upgd conss, 678477 impls, 15 clqs
(round 180, exhaustive) 1639 del vars, 620 del conss, 0 add conss, 10303 chg bounds, 0 chg sides, 6360 chg coeffs, 1339 upgd conss, 685367 impls, 15 clqs
(round 181, fast)       1639 del vars, 636 del conss, 0 add conss, 10303 chg bounds, 0 chg sides, 6360 chg coeffs, 1339 upgd conss, 685367 impls, 15 clqs
(round 182, exhaustive) 1664 del vars, 636 del conss, 0 add conss, 10303 chg bounds, 0 chg sides, 6360 chg coeffs, 1341 upgd conss, 689453 impls, 15 clqs
(round 183, fast)       1664 del vars, 650 del conss, 0 add conss, 10303 chg bounds, 0 chg sides, 6360 chg coeffs, 1341 upgd conss, 689455 impls, 15 clqs
(round 184, exhaustive) 1664 del vars, 650 del conss, 0 add conss, 10303 chg bounds, 0 chg sides, 6360 chg coeffs, 1349 upgd conss, 689455 impls, 15 clqs
(round 185, exhaustive) 1689 del vars, 650 del conss, 0 add conss, 10303 chg bounds, 0 chg sides, 6360 chg coeffs, 1349 upgd conss, 692758 impls, 15 clqs
(round 186, fast)       1690 del vars, 665 del conss, 0 add conss, 10304 chg bounds, 0 chg sides, 6360 chg coeffs, 1349 upgd conss, 692758 impls, 15 clqs
(round 187, exhaustive) 1690 del vars, 665 del conss, 0 add conss, 10304 chg bounds, 0 chg sides, 6360 chg coeffs, 1356 upgd conss, 692758 impls, 15 clqs
(round 188, exhaustive) 1715 del vars, 665 del conss, 0 add conss, 10304 chg bounds, 0 chg sides, 6360 chg coeffs, 1356 upgd conss, 701772 impls, 15 clqs
(round 189, fast)       1718 del vars, 681 del conss, 0 add conss, 10307 chg bounds, 0 chg sides, 6360 chg coeffs, 1356 upgd conss, 701772 impls, 15 clqs
(round 190, exhaustive) 1718 del vars, 681 del conss, 0 add conss, 10307 chg bounds, 0 chg sides, 6360 chg coeffs, 1364 upgd conss, 701772 impls, 15 clqs
(round 191, exhaustive) 1743 del vars, 681 del conss, 0 add conss, 10307 chg bounds, 0 chg sides, 6360 chg coeffs, 1364 upgd conss, 708918 impls, 15 clqs
(round 192, fast)       1743 del vars, 694 del conss, 0 add conss, 10307 chg bounds, 0 chg sides, 6360 chg coeffs, 1364 upgd conss, 708918 impls, 15 clqs
(round 193, exhaustive) 1743 del vars, 694 del conss, 0 add conss, 10307 chg bounds, 0 chg sides, 6360 chg coeffs, 1375 upgd conss, 708918 impls, 15 clqs
(round 194, exhaustive) 1768 del vars, 694 del conss, 0 add conss, 10307 chg bounds, 0 chg sides, 6360 chg coeffs, 1375 upgd conss, 712943 impls, 15 clqs
(round 195, fast)       1768 del vars, 709 del conss, 0 add conss, 10307 chg bounds, 0 chg sides, 6360 chg coeffs, 1375 upgd conss, 712943 impls, 15 clqs
(round 196, exhaustive) 1768 del vars, 709 del conss, 0 add conss, 10307 chg bounds, 0 chg sides, 6360 chg coeffs, 1380 upgd conss, 712943 impls, 15 clqs
(round 197, exhaustive) 1793 del vars, 709 del conss, 0 add conss, 10307 chg bounds, 0 chg sides, 6360 chg coeffs, 1380 upgd conss, 722180 impls, 15 clqs
(round 198, fast)       1796 del vars, 724 del conss, 0 add conss, 10310 chg bounds, 0 chg sides, 6360 chg coeffs, 1380 upgd conss, 722180 impls, 15 clqs
(round 199, exhaustive) 1796 del vars, 724 del conss, 0 add conss, 10310 chg bounds, 0 chg sides, 6360 chg coeffs, 1387 upgd conss, 722180 impls, 15 clqs
(round 200, exhaustive) 1822 del vars, 724 del conss, 0 add conss, 10310 chg bounds, 0 chg sides, 6360 chg coeffs, 1387 upgd conss, 725913 impls, 15 clqs
(round 201, fast)       1822 del vars, 739 del conss, 0 add conss, 10310 chg bounds, 0 chg sides, 6360 chg coeffs, 1387 upgd conss, 725913 impls, 15 clqs
(round 202, exhaustive) 1822 del vars, 739 del conss, 0 add conss, 10310 chg bounds, 0 chg sides, 6360 chg coeffs, 1394 upgd conss, 725913 impls, 15 clqs
(round 203, exhaustive) 1847 del vars, 739 del conss, 0 add conss, 10310 chg bounds, 0 chg sides, 6360 chg coeffs, 1394 upgd conss, 743313 impls, 15 clqs
(round 204, fast)       1847 del vars, 753 del conss, 0 add conss, 10310 chg bounds, 0 chg sides, 6360 chg coeffs, 1394 upgd conss, 743313 impls, 15 clqs
(round 205, exhaustive) 1847 del vars, 753 del conss, 0 add conss, 10310 chg bounds, 0 chg sides, 6360 chg coeffs, 1398 upgd conss, 743313 impls, 15 clqs
(round 206, exhaustive) 1872 del vars, 753 del conss, 0 add conss, 10310 chg bounds, 0 chg sides, 6360 chg coeffs, 1398 upgd conss, 748649 impls, 15 clqs
(round 207, fast)       1872 del vars, 768 del conss, 0 add conss, 10310 chg bounds, 0 chg sides, 6360 chg coeffs, 1398 upgd conss, 748649 impls, 15 clqs
(round 208, exhaustive) 1872 del vars, 768 del conss, 0 add conss, 10310 chg bounds, 0 chg sides, 6360 chg coeffs, 1403 upgd conss, 748649 impls, 15 clqs
(round 209, exhaustive) 1897 del vars, 768 del conss, 0 add conss, 10310 chg bounds, 0 chg sides, 6360 chg coeffs, 1403 upgd conss, 753456 impls, 15 clqs
(round 210, fast)       1899 del vars, 783 del conss, 0 add conss, 10312 chg bounds, 0 chg sides, 6360 chg coeffs, 1403 upgd conss, 753456 impls, 15 clqs
(round 211, exhaustive) 1899 del vars, 783 del conss, 0 add conss, 10312 chg bounds, 0 chg sides, 6360 chg coeffs, 1412 upgd conss, 753456 impls, 15 clqs
(round 212, exhaustive) 1924 del vars, 783 del conss, 0 add conss, 10312 chg bounds, 0 chg sides, 6360 chg coeffs, 1412 upgd conss, 758443 impls, 15 clqs
(round 213, fast)       1924 del vars, 798 del conss, 0 add conss, 10312 chg bounds, 0 chg sides, 6360 chg coeffs, 1412 upgd conss, 758443 impls, 15 clqs
(round 214, exhaustive) 1924 del vars, 798 del conss, 0 add conss, 10312 chg bounds, 0 chg sides, 6360 chg coeffs, 1417 upgd conss, 758443 impls, 15 clqs
(round 215, exhaustive) 1949 del vars, 798 del conss, 0 add conss, 10312 chg bounds, 0 chg sides, 6360 chg coeffs, 1417 upgd conss, 762108 impls, 15 clqs
(round 216, fast)       1951 del vars, 815 del conss, 0 add conss, 10314 chg bounds, 0 chg sides, 6360 chg coeffs, 1417 upgd conss, 762108 impls, 15 clqs
(round 217, exhaustive) 1976 del vars, 815 del conss, 0 add conss, 10314 chg bounds, 0 chg sides, 6360 chg coeffs, 1420 upgd conss, 768120 impls, 15 clqs
(round 218, fast)       1976 del vars, 830 del conss, 0 add conss, 10314 chg bounds, 0 chg sides, 6360 chg coeffs, 1420 upgd conss, 768123 impls, 15 clqs
(round 219, exhaustive) 1976 del vars, 830 del conss, 0 add conss, 10314 chg bounds, 0 chg sides, 6360 chg coeffs, 1425 upgd conss, 768123 impls, 15 clqs
(round 220, exhaustive) 2001 del vars, 830 del conss, 0 add conss, 10314 chg bounds, 0 chg sides, 6360 chg coeffs, 1425 upgd conss, 776549 impls, 15 clqs
(round 221, fast)       2003 del vars, 846 del conss, 0 add conss, 10316 chg bounds, 0 chg sides, 6360 chg coeffs, 1425 upgd conss, 776549 impls, 15 clqs
(round 222, exhaustive) 2003 del vars, 846 del conss, 0 add conss, 10316 chg bounds, 0 chg sides, 6360 chg coeffs, 1431 upgd conss, 776549 impls, 15 clqs
(round 223, exhaustive) 2033 del vars, 846 del conss, 0 add conss, 10316 chg bounds, 0 chg sides, 6360 chg coeffs, 1431 upgd conss, 784884 impls, 15 clqs
(round 224, fast)       2033 del vars, 864 del conss, 0 add conss, 10316 chg bounds, 0 chg sides, 6360 chg coeffs, 1431 upgd conss, 784884 impls, 15 clqs
(round 225, exhaustive) 2033 del vars, 864 del conss, 0 add conss, 10316 chg bounds, 0 chg sides, 6360 chg coeffs, 1437 upgd conss, 784884 impls, 15 clqs
(round 226, exhaustive) 2058 del vars, 864 del conss, 0 add conss, 10316 chg bounds, 0 chg sides, 6360 chg coeffs, 1437 upgd conss, 793455 impls, 15 clqs
(round 227, fast)       2059 del vars, 878 del conss, 0 add conss, 10317 chg bounds, 0 chg sides, 6360 chg coeffs, 1437 upgd conss, 793455 impls, 15 clqs
(round 228, exhaustive) 2059 del vars, 878 del conss, 0 add conss, 10317 chg bounds, 0 chg sides, 6360 chg coeffs, 1447 upgd conss, 793455 impls, 15 clqs
(round 229, exhaustive) 2088 del vars, 878 del conss, 0 add conss, 10317 chg bounds, 0 chg sides, 6360 chg coeffs, 1447 upgd conss, 799394 impls, 15 clqs
(round 230, fast)       2088 del vars, 896 del conss, 0 add conss, 10317 chg bounds, 0 chg sides, 6360 chg coeffs, 1447 upgd conss, 799394 impls, 15 clqs
(round 231, exhaustive) 2088 del vars, 896 del conss, 0 add conss, 10317 chg bounds, 0 chg sides, 6360 chg coeffs, 1451 upgd conss, 799394 impls, 15 clqs
(round 232, exhaustive) 2113 del vars, 896 del conss, 0 add conss, 10317 chg bounds, 0 chg sides, 6360 chg coeffs, 1451 upgd conss, 803527 impls, 15 clqs
(round 233, fast)       2115 del vars, 913 del conss, 0 add conss, 10319 chg bounds, 0 chg sides, 6360 chg coeffs, 1451 upgd conss, 803527 impls, 15 clqs
(round 234, exhaustive) 2140 del vars, 913 del conss, 0 add conss, 10319 chg bounds, 0 chg sides, 6360 chg coeffs, 1454 upgd conss, 811228 impls, 15 clqs
(round 235, fast)       2141 del vars, 929 del conss, 0 add conss, 10320 chg bounds, 0 chg sides, 6360 chg coeffs, 1454 upgd conss, 811231 impls, 15 clqs
(round 236, exhaustive) 2141 del vars, 929 del conss, 0 add conss, 10320 chg bounds, 0 chg sides, 6360 chg coeffs, 1458 upgd conss, 811231 impls, 15 clqs
(round 237, exhaustive) 2166 del vars, 929 del conss, 0 add conss, 10320 chg bounds, 0 chg sides, 6360 chg coeffs, 1458 upgd conss, 818360 impls, 15 clqs
(round 238, fast)       2171 del vars, 948 del conss, 0 add conss, 10325 chg bounds, 0 chg sides, 6360 chg coeffs, 1458 upgd conss, 818360 impls, 15 clqs
(round 239, exhaustive) 2196 del vars, 948 del conss, 0 add conss, 10325 chg bounds, 0 chg sides, 6360 chg coeffs, 1461 upgd conss, 822416 impls, 15 clqs
(round 240, fast)       2196 del vars, 963 del conss, 0 add conss, 10325 chg bounds, 0 chg sides, 6360 chg coeffs, 1461 upgd conss, 822419 impls, 15 clqs
(round 241, exhaustive) 2196 del vars, 963 del conss, 0 add conss, 10325 chg bounds, 0 chg sides, 6360 chg coeffs, 1466 upgd conss, 822419 impls, 15 clqs
(round 242, exhaustive) 2222 del vars, 963 del conss, 0 add conss, 10325 chg bounds, 0 chg sides, 6360 chg coeffs, 1466 upgd conss, 826990 impls, 15 clqs
(round 243, fast)       2222 del vars, 979 del conss, 0 add conss, 10325 chg bounds, 0 chg sides, 6360 chg coeffs, 1466 upgd conss, 826990 impls, 15 clqs
(round 244, exhaustive) 2222 del vars, 979 del conss, 0 add conss, 10325 chg bounds, 0 chg sides, 6360 chg coeffs, 1470 upgd conss, 826990 impls, 15 clqs
   (11.8s) probing: 4000/4785 (83.6%) - 2123 fixings, 0 aggregations, 825790 implications, 0 bound changes
(round 245, exhaustive) 2247 del vars, 979 del conss, 0 add conss, 10325 chg bounds, 0 chg sides, 6360 chg coeffs, 1470 upgd conss, 828988 impls, 15 clqs
(round 246, fast)       2249 del vars, 996 del conss, 0 add conss, 10327 chg bounds, 0 chg sides, 6360 chg coeffs, 1470 upgd conss, 828988 impls, 15 clqs
   (11.8s) sparsify finished: 2/25836 (0.0%) nonzeros canceled - in total 12 canceled nonzeros, 1845 changed coefficients, 0 added nonzeros
(round 247, exhaustive) 2249 del vars, 996 del conss, 0 add conss, 10327 chg bounds, 0 chg sides, 6615 chg coeffs, 1472 upgd conss, 828988 impls, 15 clqs
(round 248, exhaustive) 2274 del vars, 996 del conss, 0 add conss, 10327 chg bounds, 0 chg sides, 6615 chg coeffs, 1472 upgd conss, 835039 impls, 15 clqs
(round 249, fast)       2276 del vars, 1013 del conss, 0 add conss, 10329 chg bounds, 0 chg sides, 6615 chg coeffs, 1472 upgd conss, 835039 impls, 15 clqs
(round 250, exhaustive) 2302 del vars, 1013 del conss, 0 add conss, 10329 chg bounds, 0 chg sides, 6615 chg coeffs, 1475 upgd conss, 841763 impls, 15 clqs
(round 251, fast)       2302 del vars, 1030 del conss, 0 add conss, 10329 chg bounds, 0 chg sides, 6615 chg coeffs, 1475 upgd conss, 841766 impls, 15 clqs
(round 252, exhaustive) 2327 del vars, 1030 del conss, 0 add conss, 10329 chg bounds, 0 chg sides, 6615 chg coeffs, 1476 upgd conss, 847454 impls, 15 clqs
(round 253, fast)       2329 del vars, 1047 del conss, 0 add conss, 10331 chg bounds, 0 chg sides, 6615 chg coeffs, 1476 upgd conss, 847455 impls, 15 clqs
   (12.2s) sparsify finished: 2/25543 (0.0%) nonzeros canceled - in total 14 canceled nonzeros, 2097 changed coefficients, 0 added nonzeros
(round 254, exhaustive) 2329 del vars, 1047 del conss, 0 add conss, 10331 chg bounds, 0 chg sides, 6867 chg coeffs, 1479 upgd conss, 847455 impls, 15 clqs
(round 255, exhaustive) 2355 del vars, 1047 del conss, 0 add conss, 10331 chg bounds, 0 chg sides, 6867 chg coeffs, 1479 upgd conss, 852919 impls, 15 clqs
(round 256, fast)       2355 del vars, 1064 del conss, 0 add conss, 10331 chg bounds, 0 chg sides, 6867 chg coeffs, 1479 upgd conss, 852919 impls, 15 clqs
(round 257, exhaustive) 2381 del vars, 1064 del conss, 0 add conss, 10331 chg bounds, 0 chg sides, 6867 chg coeffs, 1480 upgd conss, 858523 impls, 15 clqs
(round 258, fast)       2381 del vars, 1080 del conss, 0 add conss, 10331 chg bounds, 0 chg sides, 6867 chg coeffs, 1480 upgd conss, 858524 impls, 15 clqs
(round 259, exhaustive) 2381 del vars, 1080 del conss, 0 add conss, 10331 chg bounds, 0 chg sides, 6867 chg coeffs, 1484 upgd conss, 858524 impls, 15 clqs
(round 260, exhaustive) 2407 del vars, 1080 del conss, 0 add conss, 10331 chg bounds, 0 chg sides, 6867 chg coeffs, 1484 upgd conss, 864367 impls, 15 clqs
(round 261, fast)       2407 del vars, 1097 del conss, 0 add conss, 10331 chg bounds, 0 chg sides, 6867 chg coeffs, 1484 upgd conss, 864367 impls, 15 clqs
(round 262, exhaustive) 2432 del vars, 1097 del conss, 0 add conss, 10331 chg bounds, 0 chg sides, 6867 chg coeffs, 1485 upgd conss, 872669 impls, 15 clqs
(round 263, fast)       2433 del vars, 1113 del conss, 0 add conss, 10332 chg bounds, 0 chg sides, 6867 chg coeffs, 1485 upgd conss, 872670 impls, 15 clqs
(round 264, exhaustive) 2433 del vars, 1113 del conss, 0 add conss, 10332 chg bounds, 0 chg sides, 6867 chg coeffs, 1489 upgd conss, 872670 impls, 15 clqs
(round 265, exhaustive) 2458 del vars, 1113 del conss, 0 add conss, 10332 chg bounds, 0 chg sides, 6867 chg coeffs, 1489 upgd conss, 878712 impls, 15 clqs
(round 266, fast)       2460 del vars, 1129 del conss, 0 add conss, 10334 chg bounds, 0 chg sides, 6867 chg coeffs, 1489 upgd conss, 878712 impls, 15 clqs
(round 267, exhaustive) 2486 del vars, 1129 del conss, 0 add conss, 10334 chg bounds, 0 chg sides, 6867 chg coeffs, 1491 upgd conss, 885709 impls, 15 clqs
(round 268, fast)       2486 del vars, 1146 del conss, 0 add conss, 10334 chg bounds, 0 chg sides, 6867 chg coeffs, 1491 upgd conss, 885711 impls, 15 clqs
(round 269, exhaustive) 2511 del vars, 1146 del conss, 0 add conss, 10334 chg bounds, 0 chg sides, 6867 chg coeffs, 1492 upgd conss, 892433 impls, 15 clqs
(round 270, fast)       2511 del vars, 1162 del conss, 0 add conss, 10334 chg bounds, 0 chg sides, 6867 chg coeffs, 1492 upgd conss, 892434 impls, 15 clqs
(round 271, exhaustive) 2539 del vars, 1162 del conss, 0 add conss, 10334 chg bounds, 0 chg sides, 6867 chg coeffs, 1494 upgd conss, 894576 impls, 15 clqs
(round 272, fast)       2539 del vars, 1180 del conss, 0 add conss, 10334 chg bounds, 0 chg sides, 6867 chg coeffs, 1494 upgd conss, 894578 impls, 15 clqs
(round 273, exhaustive) 2565 del vars, 1180 del conss, 0 add conss, 10334 chg bounds, 0 chg sides, 6867 chg coeffs, 1496 upgd conss, 900275 impls, 15 clqs
(round 274, fast)       2565 del vars, 1197 del conss, 0 add conss, 10334 chg bounds, 0 chg sides, 6867 chg coeffs, 1496 upgd conss, 900277 impls, 15 clqs
   (13.1s) running MILP presolver
   (13.1s) MILP presolver found nothing
(round 275, exhaustive) 2590 del vars, 1197 del conss, 0 add conss, 10334 chg bounds, 0 chg sides, 6867 chg coeffs, 1497 upgd conss, 905290 impls, 15 clqs
(round 276, fast)       2592 del vars, 1214 del conss, 0 add conss, 10336 chg bounds, 0 chg sides, 6867 chg coeffs, 1497 upgd conss, 905291 impls, 15 clqs
(round 277, exhaustive) 2592 del vars, 1214 del conss, 0 add conss, 10336 chg bounds, 0 chg sides, 6867 chg coeffs, 1500 upgd conss, 905291 impls, 15 clqs
(round 278, exhaustive) 2617 del vars, 1214 del conss, 0 add conss, 10336 chg bounds, 0 chg sides, 6867 chg coeffs, 1500 upgd conss, 909319 impls, 15 clqs
(round 279, fast)       2624 del vars, 1235 del conss, 0 add conss, 10343 chg bounds, 0 chg sides, 6867 chg coeffs, 1500 upgd conss, 909319 impls, 15 clqs
(round 280, exhaustive) 2651 del vars, 1235 del conss, 0 add conss, 10343 chg bounds, 0 chg sides, 6867 chg coeffs, 1501 upgd conss, 912823 impls, 15 clqs
(round 281, fast)       2651 del vars, 1253 del conss, 0 add conss, 10343 chg bounds, 0 chg sides, 6867 chg coeffs, 1501 upgd conss, 912824 impls, 15 clqs
(round 282, exhaustive) 2677 del vars, 1253 del conss, 0 add conss, 10343 chg bounds, 0 chg sides, 6867 chg coeffs, 1501 upgd conss, 919605 impls, 15 clqs
(round 283, fast)       2677 del vars, 1270 del conss, 0 add conss, 10343 chg bounds, 0 chg sides, 6867 chg coeffs, 1501 upgd conss, 919605 impls, 15 clqs
(round 284, exhaustive) 2702 del vars, 1270 del conss, 0 add conss, 10343 chg bounds, 0 chg sides, 6867 chg coeffs, 1502 upgd conss, 922169 impls, 15 clqs
(round 285, fast)       2710 del vars, 1292 del conss, 0 add conss, 10351 chg bounds, 0 chg sides, 6867 chg coeffs, 1502 upgd conss, 922169 impls, 15 clqs
(round 286, exhaustive) 2736 del vars, 1292 del conss, 0 add conss, 10351 chg bounds, 0 chg sides, 6867 chg coeffs, 1502 upgd conss, 927254 impls, 15 clqs
(round 287, fast)       2736 del vars, 1309 del conss, 0 add conss, 10351 chg bounds, 0 chg sides, 6867 chg coeffs, 1502 upgd conss, 927254 impls, 15 clqs
(round 288, exhaustive) 2761 del vars, 1309 del conss, 0 add conss, 10351 chg bounds, 0 chg sides, 6867 chg coeffs, 1503 upgd conss, 934607 impls, 15 clqs
(round 289, fast)       2763 del vars, 1327 del conss, 0 add conss, 10353 chg bounds, 0 chg sides, 6867 chg coeffs, 1503 upgd conss, 934608 impls, 15 clqs
(round 290, exhaustive) 2790 del vars, 1327 del conss, 0 add conss, 10353 chg bounds, 0 chg sides, 6867 chg coeffs, 1503 upgd conss, 940043 impls, 15 clqs
(round 291, fast)       2790 del vars, 1345 del conss, 0 add conss, 10353 chg bounds, 0 chg sides, 6867 chg coeffs, 1503 upgd conss, 940043 impls, 15 clqs
(round 292, exhaustive) 2815 del vars, 1345 del conss, 0 add conss, 10353 chg bounds, 0 chg sides, 6867 chg coeffs, 1503 upgd conss, 945930 impls, 15 clqs
(round 293, fast)       2817 del vars, 1363 del conss, 0 add conss, 10355 chg bounds, 0 chg sides, 6867 chg coeffs, 1503 upgd conss, 945930 impls, 15 clqs
(round 294, exhaustive) 2842 del vars, 1363 del conss, 0 add conss, 10355 chg bounds, 0 chg sides, 6867 chg coeffs, 1503 upgd conss, 950900 impls, 15 clqs
(round 295, fast)       2844 del vars, 1381 del conss, 0 add conss, 10357 chg bounds, 0 chg sides, 6867 chg coeffs, 1503 upgd conss, 950900 impls, 15 clqs
(round 296, exhaustive) 2869 del vars, 1381 del conss, 0 add conss, 10357 chg bounds, 0 chg sides, 6867 chg coeffs, 1503 upgd conss, 954047 impls, 15 clqs
(round 297, fast)       2871 del vars, 1399 del conss, 0 add conss, 10359 chg bounds, 0 chg sides, 6867 chg coeffs, 1503 upgd conss, 954047 impls, 15 clqs
   (14.1s) probing cycle finished: starting next cycle
   (14.2s) probing: 51/3339 (1.5%) - 2740 fixings, 0 aggregations, 956593 implications, 0 bound changes
   (14.2s) probing aborted: 50/50 successive totally useless probings
(round 298, exhaustive) 2877 del vars, 1399 del conss, 0 add conss, 10359 chg bounds, 0 chg sides, 6867 chg coeffs, 1503 upgd conss, 958080 impls, 15 clqs
(round 299, fast)       2877 del vars, 1403 del conss, 0 add conss, 10359 chg bounds, 0 chg sides, 6867 chg coeffs, 1503 upgd conss, 958080 impls, 15 clqs
   (14.2s) probing: 56/3339 (1.7%) - 2740 fixings, 0 aggregations, 956593 implications, 0 bound changes
   (14.2s) probing aborted: 50/50 successive totally useless probings
   (14.2s) symmetry computation started: requiring (bin +, int -, cont +), (fixed: bin -, int +, cont -)
   (14.2s) symmetry computation finished: 1 generators found (max: 1500, log10 of symmetry group size: 0.3)
presolving (300 rounds: 300 fast, 195 medium, 194 exhaustive):
 2877 deleted vars, 1403 deleted constraints, 1 added constraints, 10359 tightened bounds, 0 added holes, 0 changed sides, 6867 changed coefficients
 958080 implications, 15 cliques
presolved problem has 6723 variables (3339 bin, 0 int, 0 impl, 3384 cont) and 3431 constraints
     90 constraints of type <varbound>
     15 constraints of type <setppc>
   3325 constraints of type <linear>
      1 constraints of type <orbitope>
Presolving Time: 14.21

 time | node  | left  |LP iter|LP it/n|mem/heur|mdpt |vars |cons |rows |cuts |sepa|confs|strbr|  dualbound   | primalbound  |  gap   | compl. 
 14.6s|     1 |     0 |  1017 |     - |   227M |   0 |6723 |3432 |3430 |   0 |  0 |   0 |   0 |-3.872612e+00 |      --      |    Inf | unknown
r14.6s|     1 |     0 |  1017 |     - |randroun|   0 |6723 |3432 |3430 |   0 |  0 |   0 |   0 |-3.872612e+00 |-3.872612e+00 |   0.00%| unknown
 14.6s|     1 |     0 |  1017 |     - |   227M |   0 |6723 |3432 |3430 |   0 |  0 |   0 |   0 |-3.872612e+00 |-3.872612e+00 |   0.00%| unknown

SCIP Status        : problem is solved [optimal solution found]
Solving Time (sec) : 14.58
Solving Nodes      : 1
Primal Bound       : -3.87261158381848e+00 (1 solutions)
Dual Bound         : -3.87261158381848e+00
Gap                : 0.00 %

primal solution (original space):
=================================

objective value:                    -3.87261158381848
y_1,139_                                            1 	(obj:0)
y_2,139_                                            1 	(obj:0)
y_3,139_                                            1 	(obj:0)
y_4,139_                                            1 	(obj:0)
y_5,139_                                            1 	(obj:0)
y_7,139_                                            1 	(obj:0)
y_9,139_                                            1 	(obj:0)
y_10,139_                                           1 	(obj:0)
y_11,139_                                           1 	(obj:0)
y_13,139_                                           1 	(obj:0)
y_14,139_                                           1 	(obj:0)
y_15,139_                                           1 	(obj:0)
y_6,140_                                            1 	(obj:0)
y_8,140_                                            1 	(obj:0)
y_12,140_                                           1 	(obj:0)
x_8_                                -0.25705329153605 	(obj:1)
t_9,140_                                            1 	(obj:0)
t_2,140_                                            1 	(obj:0)
x_4_                                -0.25705329153605 	(obj:1)
x_9_                                -0.25705329153605 	(obj:1)
t_1,140_                                            1 	(obj:0)
t_10,140_                                           1 	(obj:0)
x_2_                                -0.25705329153605 	(obj:1)
t_6,140_                                            1 	(obj:0)
t_7,139_                                            1 	(obj:0)
x_10_                               -0.25705329153605 	(obj:1)
t_11,140_                                           1 	(obj:0)
x_15_                              -0.261326317360798 	(obj:1)
x_11_                               -0.25705329153605 	(obj:1)
x_1_                                -0.25705329153605 	(obj:1)
t_12,140_                                           1 	(obj:0)
x_6_                                -0.25705329153605 	(obj:1)
x_12_                               -0.25705329153605 	(obj:1)
x_7_                               -0.269592476489028 	(obj:1)
t_3,140_                                            1 	(obj:0)
t_13,140_                                           1 	(obj:0)
t_5,140_                                            1 	(obj:0)
t_8,140_                                            1 	(obj:0)
x_13_                               -0.25705329153605 	(obj:1)
x_5_                                -0.25705329153605 	(obj:1)
t_14,140_                                           1 	(obj:0)
x_14_                               -0.25705329153605 	(obj:1)
x_3_                                -0.25705329153605 	(obj:1)
t_15,139_                           0.340773809523637 	(obj:0)
t_15,140_                           0.659226190476363 	(obj:0)
t_4,140_                                            1 	(obj:0)

Statistics
==========

SCIP Status        : problem is solved [optimal solution found]
Total Time         :      14.61
  solving          :      14.58
  presolving       :      14.21 (included in solving)
  reading          :       0.03
  copying          :       0.00 (0 times copied the problem)
Original Problem   :
  Problem name     : ../modeles/15_319.lp
  Variables        : 9600 (4785 binary, 0 integer, 0 implicit integer, 4815 continuous)
  Constraints      : 4846 initial, 4846 maximal
  Objective        : minimize, 15 non-zeros (abs.min = 1, abs.max = 1)
Presolved Problem  :
  Problem name     : t_../modeles/15_319.lp
  Variables        : 6723 (3339 binary, 0 integer, 0 implicit integer, 3384 continuous)
  Constraints      : 3431 initial, 3432 maximal
  Objective        : minimize, 3384 non-zeros (abs.min = 0.00626959, abs.max = 1.41066)
  Nonzeros         : 23990 constraint, 3339 clique table
Presolvers         :   ExecTime  SetupTime  Calls  FixedVars   AggrVars   ChgTypes  ChgBounds   AddHoles    DelCons    AddCons   ChgSides   ChgCoefs
  boundshift       :       0.00       0.00      0          0          0          0          0          0          0          0          0          0
  convertinttobin  :       0.00       0.00      0          0          0          0          0          0          0          0          0          0
  domcol           :       2.90       0.00    112          0          0          0          0          0          0          0          0          0
  dualagg          :       0.00       0.00      0          0          0          0          0          0          0          0          0          0
  dualcomp         :       0.61       0.00    112          0          0          0          0          0          0          0          0          0
  dualinfer        :       0.00       0.00      0          0          0          0          0          0          0          0          0          0
  dualsparsify     :       0.01       0.00      1          0          0          0          0          0          0          0          0          0
  gateextraction   :       0.00       0.00      0          0          0          0          0          0          0          0          0          0
  implics          :       0.02       0.00    195          0          0          0          0          0          0          0          0          0
  inttobinary      :       0.00       0.00      0          0          0          0          0          0          0          0          0          0
  milp             :       0.21       0.00      3         23          0          0         60          0          0          0          0          0
  qpkktref         :       0.00       0.00      0          0          0          0          0          0          0          0          0          0
  redvub           :       0.00       0.00      0          0          0          0          0          0          0          0          0          0
  sparsify         :       0.60       0.00     24          0          0          0          0          0          0          0          0       2097
  stuffing         :       0.00       0.00      0          0          0          0          0          0          0          0          0          0
  trivial          :       0.07       0.00    300          0          0          0          0          0          0          0          0          0
  tworowbnd        :       0.00       0.00      0          0          0          0          0          0          0          0          0          0
  dualfix          :       0.07       0.00    300          0          0          0          0          0          0          0          0          0
  genvbounds       :       0.00       0.00      0          0          0          0          0          0          0          0          0          0
  probing          :       7.90       0.00    110       2740          0          0          0          0          0          0          0          0
  pseudoobj        :       0.00       0.00      0          0          0          0          0          0          0          0          0          0
  symmetry         :       0.03       0.00      1          0          0          0          0          0          0          1          0          0
  vbounds          :       0.00       0.00      1          0          0          0          0          0          0          0          0          0
  varbound         :       0.06       0.00    491          0          0          0         97          0       1398          0          0          0
  setppc           :       0.13       0.00    684          0          0          0          0          0          0          0          0          0
  linear           :       1.52       0.00    494         99         15          0      10202          0          5          0          0       4770
  orbitope         :       0.00       0.00      0          0          0          0          0          0          0          0          0          0
  logicor          :       0.00       0.00      0          0          0          0          0          0          0          0          0          0
  benders          :       0.00       0.00      0          0          0          0          0          0          0          0          0          0
  components       :       0.00       0.00      1          0          0          0          0          0          0          0          0          0
  root node        :          -          -      -          0          -          -          0          -          -          -          -          -
Constraints        :     Number  MaxNumber  #Separate #Propagate    #EnfoLP    #EnfoRelax  #EnfoPS    #Check   #ResProp    Cutoffs    DomReds       Cuts    Applied      Conss   Children
  benderslp        :          0          0          0          0          0          0          0         11          0          0          0          0          0          0          0
  integral         :          0          0          0          0          0          0          0         11          0          0          0          0          0          0          0
  varbound         :         90         90          0      13707          0          0          0          5          0          0          0          0          0          0          0
  setppc           :         15         15          0      13520          0          0          0          5          0          0          0          0          0          0          0
  linear           :       3325       3325          0      13707          0          0          0          1          0       1627          0          0          0          0          0
  orbitope         :          1          1          0        659          0          0          0          1          0          0          0          0          0          0          0
  logicor          :          0+         1          0          9          0          0          0          0          0          0          0          0          0          0          0
  benders          :          0          0          0          0          0          0          0          2          0          0          0          0          0          0          0
  countsols        :          0          0          0          0          0          0          0          2          0          0          0          0          0          0          0
  components       :          0          0          0          0          0          0          0          0          0          0          0          0          0          0          0
Constraint Timings :  TotalTime  SetupTime   Separate  Propagate     EnfoLP     EnfoPS     EnfoRelax   Check    ResProp    SB-Prop
  benderslp        :       0.00       0.00       0.00       0.00       0.00       0.00       0.00       0.00       0.00       0.00
  integral         :       0.00       0.00       0.00       0.00       0.00       0.00       0.00       0.00       0.00       0.00
  varbound         :       0.25       0.00       0.00       0.25       0.00       0.00       0.00       0.00       0.00       0.00
  setppc           :       0.02       0.00       0.00       0.02       0.00       0.00       0.00       0.00       0.00       0.00
  linear           :       1.51       0.00       0.00       1.50       0.00       0.00       0.00       0.00       0.00       0.00
  orbitope         :       0.00       0.00       0.00       0.00       0.00       0.00       0.00       0.00       0.00       0.00
  logicor          :       0.00       0.00       0.00       0.00       0.00       0.00       0.00       0.00       0.00       0.00
  benders          :       0.00       0.00       0.00       0.00       0.00       0.00       0.00       0.00       0.00       0.00
  countsols        :       0.00       0.00       0.00       0.00       0.00       0.00       0.00       0.00       0.00       0.00
  components       :       0.00       0.00       0.00       0.00       0.00       0.00       0.00       0.00       0.00       0.00
Propagators        : #Propagate   #ResProp    Cutoffs    DomReds
  dualfix          :          1          0          0          0
  genvbounds       :          0          0          0          0
  nlobbt           :          0          0          0          0
  obbt             :          0          0          0          0
  probing          :          0          0          0          0
  pseudoobj        :          2          0          0          0
  redcost          :          1          0          0          0
  rootredcost      :          0          0          0          0
  symmetry         :          0          0          0          0
  vbounds          :        461          0          0          0
Propagator Timings :  TotalTime  SetupTime   Presolve  Propagate    ResProp    SB-Prop
  dualfix          :       0.07       0.00       0.07       0.00       0.00       0.00
  genvbounds       :       0.00       0.00       0.00       0.00       0.00       0.00
  nlobbt           :       0.00       0.00       0.00       0.00       0.00       0.00
  obbt             :       0.00       0.00       0.00       0.00       0.00       0.00
  probing          :       7.90       0.00       7.90       0.00       0.00       0.00
  pseudoobj        :       0.01       0.00       0.00       0.01       0.00       0.00
  redcost          :       0.00       0.00       0.00       0.00       0.00       0.00
  rootredcost      :       0.00       0.00       0.00       0.00       0.00       0.00
  symmetry         :       0.03       0.00       0.03       0.00       0.00       0.00
  vbounds          :       0.12       0.00       0.00       0.11       0.00       0.00
Orbital fixing     :
  vars fixed to 0  :          0
  vars fixed to 1  :          0
Conflict Analysis  :       Time      Calls    Success    DomReds  Conflicts   Literals    Reconvs ReconvLits   Dualrays   Nonzeros   LP Iters   (pool size: [10000,10000])
  propagation      :       0.00          0          0          -          0        0.0          0        0.0          -          -          -
  infeasible LP    :       0.00          0          0          -          0        0.0          0        0.0          0        0.0          0
  bound exceed. LP :       0.00          0          0          -          0        0.0          0        0.0          0        0.0          0
  strong branching :       0.00          0          0          -          0        0.0          0        0.0          -          -          0
  pseudo solution  :       0.00          0          0          -          0        0.0          0        0.0          -          -          -
  applied globally :       0.00          -          -          0          0        0.0          -          -          0          -          -
  applied locally  :          -          -          -          0          0        0.0          -          -          0          -          -
Separators         :   ExecTime  SetupTime      Calls    Cutoffs    DomReds       Cuts    Applied      Conss
  cut pool         :       0.00                     0          -          -          0          -          -    (maximal pool size: 0)
  aggregation      :       0.00       0.00          0          0          0          0          0          0
  > cmir           :          -          -          -          -          -          -          0          -
  > flowcover      :          -          -          -          -          -          -          0          -
  > knapsackcover  :          -          -          -          -          -          -          0          -
  cgmip            :       0.00       0.00          0          0          0          0          0          0
  clique           :       0.00       0.00          0          0          0          0          0          0
  closecuts        :       0.00       0.00          0          0          0          0          0          0
  convexproj       :       0.00       0.00          0          0          0          0          0          0
  disjunctive      :       0.00       0.00          0          0          0          0          0          0
  eccuts           :       0.00       0.00          0          0          0          0          0          0
  gauge            :       0.00       0.00          0          0          0          0          0          0
  gomory           :       0.00       0.00          0          0          0          0          0          0
  > gomorymi       :          -          -          -          -          -          -          0          -
  > strongcg       :          -          -          -          -          -          -          0          -
  impliedbounds    :       0.00       0.00          0          0          0          0          0          0
  interminor       :       0.00       0.00          0          0          0          0          0          0
  intobj           :       0.00       0.00          0          0          0          0          0          0
  mcf              :       0.00       0.00          0          0          0          0          0          0
  minor            :       0.00       0.00          0          0          0          0          0          0
  mixing           :       0.00       0.00          0          0          0          0          0          0
  oddcycle         :       0.00       0.00          0          0          0          0          0          0
  rapidlearning    :       0.00       0.00          0          0          0          0          0          0
  rlt              :       0.00       0.00          0          0          0          0          0          0
  zerohalf         :       0.00       0.00          0          0          0          0          0          0
Cutselectors       :   ExecTime  SetupTime
  hybrid           :       0.00       0.00
Pricers            :   ExecTime  SetupTime      Calls       Vars
  problem variables:       0.00          -          0          0
Branching Rules    :   ExecTime  SetupTime   BranchLP  BranchExt   BranchPS    Cutoffs    DomReds       Cuts      Conss   Children
  allfullstrong    :       0.00       0.00          0          0          0          0          0          0          0          0
  cloud            :       0.00       0.00          0          0          0          0          0          0          0          0
  distribution     :       0.00       0.00          0          0          0          0          0          0          0          0
  fullstrong       :       0.00       0.00          0          0          0          0          0          0          0          0
  inference        :       0.00       0.00          0          0          0          0          0          0          0          0
  leastinf         :       0.00       0.00          0          0          0          0          0          0          0          0
  lookahead        :       0.00       0.00          0          0          0          0          0          0          0          0
  mostinf          :       0.00       0.00          0          0          0          0          0          0          0          0
  multaggr         :       0.00       0.00          0          0          0          0          0          0          0          0
  nodereopt        :       0.00       0.00          0          0          0          0          0          0          0          0
  pscost           :       0.00       0.00          0          0          0          0          0          0          0          0
  random           :       0.00       0.00          0          0          0          0          0          0          0          0
  relpscost        :       0.00       0.00          0          0          0          0          0          0          0          0
  vanillafullstrong:       0.00       0.00          0          0          0          0          0          0          0          0
Primal Heuristics  :   ExecTime  SetupTime      Calls      Found       Best
  LP solutions     :       0.00          -          -          0          0
  relax solutions  :       0.00          -          -          0          0
  pseudo solutions :       0.00          -          -          0          0
  strong branching :       0.00          -          -          0          0
  actconsdiving    :       0.00       0.00          0          0          0
  adaptivediving   :       0.00       0.00          0          0          0
  alns             :       0.00       0.00          0          0          0
  bound            :       0.00       0.00          0          0          0
  clique           :       0.04       0.00          1          0          0
  coefdiving       :       0.00       0.00          0          0          0
  completesol      :       0.00       0.00          0          0          0
  conflictdiving   :       0.00       0.00          0          0          0
  crossover        :       0.00       0.00          0          0          0
  dins             :       0.00       0.00          0          0          0
  distributiondivin:       0.00       0.00          0          0          0
  dps              :       0.00       0.00          0          0          0
  dualval          :       0.00       0.00          0          0          0
  farkasdiving     :       0.00       0.00          0          0          0
  feaspump         :       0.00       0.00          0          0          0
  fixandinfer      :       0.00       0.00          0          0          0
  fracdiving       :       0.00       0.00          0          0          0
  gins             :       0.00       0.00          0          0          0
  guideddiving     :       0.00       0.00          0          0          0
  indicator        :       0.00       0.00          0          0          0
  intdiving        :       0.00       0.00          0          0          0
  intshifting      :       0.00       0.00          0          0          0
  linesearchdiving :       0.00       0.00          0          0          0
  localbranching   :       0.00       0.00          0          0          0
  locks            :       0.05       0.00          1          0          0
  lpface           :       0.00       0.00          0          0          0
  mpec             :       0.00       0.00          0          0          0
  multistart       :       0.00       0.00          0          0          0
  mutation         :       0.00       0.00          0          0          0
  nlpdiving        :       0.00       0.00          0          0          0
  objpscostdiving  :       0.00       0.00          0          0          0
  octane           :       0.00       0.00          0          0          0
  ofins            :       0.00       0.00          0          0          0
  oneopt           :       0.00       0.00          0          0          0
  padm             :       0.00       0.00          0          0          0
  proximity        :       0.00       0.00          0          0          0
  pscostdiving     :       0.00       0.00          0          0          0
  randrounding     :       0.00       0.00          1          1          1
  rens             :       0.00       0.00          0          0          0
  reoptsols        :       0.00       0.00          0          0          0
  repair           :       0.00       0.00          0          0          0
  rins             :       0.00       0.00          0          0          0
  rootsoldiving    :       0.00       0.00          0          0          0
  rounding         :       0.00       0.00          0          0          0
  shiftandpropagate:       0.02       0.00          1          0          0
  shifting         :       0.00       0.00          0          0          0
  simplerounding   :       0.00       0.00          0          0          0
  subnlp           :       0.00       0.00          0          0          0
  trivial          :       0.03       0.00          2          0          0
  trivialnegation  :       0.00       0.00          0          0          0
  trustregion      :       0.00       0.00          0          0          0
  trysol           :       0.00       0.00          0          0          0
  twoopt           :       0.00       0.00          0          0          0
  undercover       :       0.00       0.00          0          0          0
  vbounds          :       0.00       0.00          0          0          0
  veclendiving     :       0.00       0.00          0          0          0
  zeroobj          :       0.00       0.00          0          0          0
  zirounding       :       0.00       0.00          0          0          0
  other solutions  :          -          -          -          0          -
Diving (single)    :      Calls      Nodes   LP Iters Backtracks  Conflicts   MinDepth   MaxDepth   AvgDepth  RoundSols  NLeafSols  MinSolDpt  MaxSolDpt  AvgSolDpt
  actconsdiving    :          0          -          -          -          -          -          -          -          -          -          -          -          -
  coefdiving       :          0          -          -          -          -          -          -          -          -          -          -          -          -
  conflictdiving   :          0          -          -          -          -          -          -          -          -          -          -          -          -
  distributiondivin:          0          -          -          -          -          -          -          -          -          -          -          -          -
  farkasdiving     :          0          -          -          -          -          -          -          -          -          -          -          -          -
  fracdiving       :          0          -          -          -          -          -          -          -          -          -          -          -          -
  guideddiving     :          0          -          -          -          -          -          -          -          -          -          -          -          -
  linesearchdiving :          0          -          -          -          -          -          -          -          -          -          -          -          -
  pscostdiving     :          0          -          -          -          -          -          -          -          -          -          -          -          -
  veclendiving     :          0          -          -          -          -          -          -          -          -          -          -          -          -
Diving (adaptive)  :      Calls      Nodes   LP Iters Backtracks  Conflicts   MinDepth   MaxDepth   AvgDepth  RoundSols  NLeafSols  MinSolDpt  MaxSolDpt  AvgSolDpt
  actconsdiving    :          0          -          -          -          -          -          -          -          -          -          -          -          -
  coefdiving       :          0          -          -          -          -          -          -          -          -          -          -          -          -
  conflictdiving   :          0          -          -          -          -          -          -          -          -          -          -          -          -
  distributiondivin:          0          -          -          -          -          -          -          -          -          -          -          -          -
  farkasdiving     :          0          -          -          -          -          -          -          -          -          -          -          -          -
  fracdiving       :          0          -          -          -          -          -          -          -          -          -          -          -          -
  guideddiving     :          0          -          -          -          -          -          -          -          -          -          -          -          -
  linesearchdiving :          0          -          -          -          -          -          -          -          -          -          -          -          -
  pscostdiving     :          0          -          -          -          -          -          -          -          -          -          -          -          -
  veclendiving     :          0          -          -          -          -          -          -          -          -          -          -          -          -
Neighborhoods      :      Calls  SetupTime  SolveTime SolveNodes       Sols       Best       Exp3  EpsGreedy        UCB TgtFixRate  Opt  Inf Node Stal  Sol  Usr Othr Actv
  rens             :          0       0.00       0.00          0          0          0    0.00000   -1.00000    1.00000      0.900    0    0    0    0    0    0    0    1
  rins             :          0       0.00       0.00          0          0          0    0.00000   -1.00000    1.00000      0.900    0    0    0    0    0    0    0    1
  mutation         :          0       0.00       0.00          0          0          0    0.00000   -1.00000    1.00000      0.900    0    0    0    0    0    0    0    1
  localbranching   :          0       0.00       0.00          0          0          0    0.00000   -1.00000    1.00000      0.900    0    0    0    0    0    0    0    1
  crossover        :          0       0.00       0.00          0          0          0    0.00000   -1.00000    1.00000      0.900    0    0    0    0    0    0    0    1
  proximity        :          0       0.00       0.00          0          0          0    0.00000   -1.00000    1.00000      0.900    0    0    0    0    0    0    0    1
  zeroobjective    :          0       0.00       0.00          0          0          0    0.00000   -1.00000    1.00000      0.900    0    0    0    0    0    0    0    1
  dins             :          0       0.00       0.00          0          0          0    0.00000   -1.00000    1.00000      0.900    0    0    0    0    0    0    0    1
  trustregion      :          0       0.00       0.00          0          0          0    0.00000   -1.00000    1.00000      0.900    0    0    0    0    0    0    0    0
LP                 :       Time      Calls Iterations  Iter/call   Iter/sec  Time-0-It Calls-0-It    ItLimit
  primal LP        :       0.00          0          0       0.00          -       0.00          0
  dual LP          :       0.08          1        998     998.00   12163.46       0.00          0
  lex dual LP      :       0.00          0          0       0.00          -
  barrier LP       :       0.00          0          0       0.00          -       0.00          0
  resolve instable :       0.00          0          0       0.00          -
  diving/probing LP:       0.01          1         19      19.00          -
  strong branching :       0.00          0          0       0.00          -          -          -          0
    (at root node) :          -          0          0       0.00          -
  conflict analysis:       0.00          0          0       0.00          -
B&B Tree           :
  number of runs   :          1
  nodes            :          1 (0 internal, 1 leaves)
  feasible leaves  :          0
  infeas. leaves   :          0
  objective leaves :          1
  nodes (total)    :          1 (0 internal, 1 leaves)
  nodes left       :          0
  max depth        :          0
  max depth (total):          0
  backtracks       :          0 (0.0%)
  early backtracks :          0 (0.0%)
  nodes exc. ref.  :          0 (0.0%)
  delayed cutoffs  :          0
  repropagations   :          0 (0 domain reductions, 0 cutoffs)
  avg switch length:       2.00
  switching time   :       0.00
Estim. Tree Size   :          1
Estimation Tree    : 1 nodes (1 visited, 0 internal, 1 leaves, 0 open), weight: 1.0000 completed 1.0000
Estimations        :      estim      value      trend resolution     smooth
  wbe              :          1          -          -          -          -
  tree-profile     :         -1          -          -          -          -
  gap              :          1    1.00000    1.00000          1          1
  tree-weight      :          1    1.00000    1.00000          1          1
  leaf-frequency   :          1    0.50000    1.00000          1          1
  ssg              :          1    0.00000   -1.00000          1          1
  open-nodes       :          1    0.00000    0.00000          1          1
Root Node          :
  First LP value   : -3.87261158381848e+00
  First LP Iters   :        998 (12015.70 Iter/sec)
  First LP Time    :       0.08
  Final Dual Bound : -3.87261158381848e+00
  Final Root Iters :        998
  Root LP Estimate :                     -
Solution           :
  Solutions found  :          1 (1 improvements)
  First Solution   : -3.87261158381848e+00   (in run 1, after 1 nodes, 14.57 seconds, depth 2, found by <randrounding>)
  Gap First Sol.   :       0.00 %
  Gap Last Sol.    :       0.00 %
  Primal Bound     : -3.87261158381848e+00   (in run 1, after 1 nodes, 14.57 seconds, depth 2, found by <randrounding>)
  Dual Bound       : -3.87261158381848e+00
  Gap              :       0.00 %
Integrals          :      Total       Avg%
  primal-dual      :    1457.41      99.99
  primal-ref       :          -          - (not evaluated)
  dual-ref         :          -          - (not evaluated)
