SCIP version 8.0.0 [precision: 8 byte] [memory: block] [mode: optimized] [LP solver: SoPlex 6.0.0] [GitHash: a740f0891e]
Copyright (C) 2002-2021 Konrad-Zuse-Zentrum fuer Informationstechnik Berlin (ZIB)

External libraries: 
  SoPlex 6.0.0         Linear Programming Solver developed at Zuse Institute Berlin (soplex.zib.de) [GitHash: 71a5873d]
  CppAD 20180000.0     Algorithmic Differentiation of C++ algorithms developed by B. Bell (github.com/coin-or/CppAD)
  ZLIB 1.2.11          General purpose compression library by J. Gailly and M. Adler (zlib.net)
  GMP 6.2.1            GNU Multiple Precision Arithmetic Library developed by T. Granlund (gmplib.org)
  ZIMPL 3.5.1          Zuse Institute Mathematical Programming Language developed by T. Koch (zimpl.zib.de)
  AMPL/MP 4e2d45c4     AMPL .nl file reader library (github.com/ampl/mp)
  PaPILO 2.0.0         parallel presolve for integer and linear optimization (github.com/scipopt/papilo) [GitHash: 76cafc1]
  bliss 0.73p          Computing Graph Automorphism Groups by T. Junttila and P. Kaski (www.tcs.hut.fi/Software/bliss/)
  Ipopt 3.13.2         Interior Point Optimizer developed by A. Waechter et.al. (github.com/coin-or/Ipopt)

user parameter file <scip.set> not found - using default parameters

read problem <../modeles/20_154.lp>
============

original problem has 6200 variables (3080 bin, 0 int, 0 impl, 3120 cont) and 3161 constraints

solve problem
=============

presolving:
(round 1, fast)       20 del vars, 0 del conss, 0 add conss, 6600 chg bounds, 0 chg sides, 0 chg coeffs, 0 upgd conss, 0 impls, 20 clqs
(round 2, fast)       20 del vars, 0 del conss, 0 add conss, 6600 chg bounds, 0 chg sides, 3080 chg coeffs, 0 upgd conss, 0 impls, 20 clqs
   (0.1s) running MILP presolver
   (0.1s) MILP presolver (2 rounds): 0 aggregations, 0 fixings, 40 bound changes
(round 3, exhaustive) 20 del vars, 0 del conss, 0 add conss, 6640 chg bounds, 0 chg sides, 3080 chg coeffs, 60 upgd conss, 0 impls, 20 clqs
(round 4, exhaustive) 45 del vars, 0 del conss, 0 add conss, 6640 chg bounds, 0 chg sides, 3080 chg coeffs, 60 upgd conss, 3865 impls, 20 clqs
(round 5, exhaustive) 45 del vars, 0 del conss, 0 add conss, 6640 chg bounds, 0 chg sides, 3080 chg coeffs, 110 upgd conss, 3865 impls, 20 clqs
(round 6, exhaustive) 70 del vars, 0 del conss, 0 add conss, 6640 chg bounds, 0 chg sides, 3080 chg coeffs, 110 upgd conss, 6515 impls, 20 clqs
(round 7, fast)       70 del vars, 3 del conss, 0 add conss, 6640 chg bounds, 0 chg sides, 3080 chg coeffs, 110 upgd conss, 6515 impls, 20 clqs
(round 8, exhaustive) 70 del vars, 3 del conss, 0 add conss, 6640 chg bounds, 0 chg sides, 3080 chg coeffs, 151 upgd conss, 6515 impls, 20 clqs
(round 9, exhaustive) 95 del vars, 3 del conss, 0 add conss, 6640 chg bounds, 0 chg sides, 3080 chg coeffs, 151 upgd conss, 9153 impls, 20 clqs
(round 10, fast)       95 del vars, 6 del conss, 0 add conss, 6640 chg bounds, 0 chg sides, 3080 chg coeffs, 151 upgd conss, 9153 impls, 20 clqs
(round 11, exhaustive) 95 del vars, 6 del conss, 0 add conss, 6640 chg bounds, 0 chg sides, 3080 chg coeffs, 192 upgd conss, 9153 impls, 20 clqs
(round 12, exhaustive) 120 del vars, 6 del conss, 0 add conss, 6640 chg bounds, 0 chg sides, 3080 chg coeffs, 192 upgd conss, 12399 impls, 20 clqs
(round 13, exhaustive) 120 del vars, 8 del conss, 0 add conss, 6640 chg bounds, 0 chg sides, 3080 chg coeffs, 236 upgd conss, 12399 impls, 20 clqs
(round 14, exhaustive) 145 del vars, 8 del conss, 0 add conss, 6640 chg bounds, 0 chg sides, 3080 chg coeffs, 236 upgd conss, 16254 impls, 20 clqs
(round 15, fast)       145 del vars, 13 del conss, 0 add conss, 6640 chg bounds, 0 chg sides, 3080 chg coeffs, 236 upgd conss, 16254 impls, 20 clqs
(round 16, exhaustive) 145 del vars, 13 del conss, 0 add conss, 6640 chg bounds, 0 chg sides, 3080 chg coeffs, 271 upgd conss, 16254 impls, 20 clqs
(round 17, exhaustive) 170 del vars, 13 del conss, 0 add conss, 6640 chg bounds, 0 chg sides, 3080 chg coeffs, 271 upgd conss, 20705 impls, 20 clqs
(round 18, exhaustive) 170 del vars, 13 del conss, 0 add conss, 6640 chg bounds, 0 chg sides, 3080 chg coeffs, 317 upgd conss, 20705 impls, 20 clqs
(round 19, exhaustive) 195 del vars, 13 del conss, 0 add conss, 6640 chg bounds, 0 chg sides, 3080 chg coeffs, 317 upgd conss, 25161 impls, 20 clqs
(round 20, fast)       196 del vars, 18 del conss, 0 add conss, 6641 chg bounds, 0 chg sides, 3080 chg coeffs, 317 upgd conss, 25161 impls, 20 clqs
(round 21, exhaustive) 196 del vars, 18 del conss, 0 add conss, 6641 chg bounds, 0 chg sides, 3080 chg coeffs, 354 upgd conss, 25161 impls, 20 clqs
(round 22, exhaustive) 221 del vars, 18 del conss, 0 add conss, 6641 chg bounds, 0 chg sides, 3080 chg coeffs, 354 upgd conss, 29609 impls, 20 clqs
(round 23, fast)       223 del vars, 24 del conss, 0 add conss, 6643 chg bounds, 0 chg sides, 3080 chg coeffs, 354 upgd conss, 29609 impls, 20 clqs
(round 24, exhaustive) 223 del vars, 24 del conss, 0 add conss, 6643 chg bounds, 0 chg sides, 3080 chg coeffs, 390 upgd conss, 29609 impls, 20 clqs
(round 25, exhaustive) 250 del vars, 24 del conss, 0 add conss, 6643 chg bounds, 0 chg sides, 3080 chg coeffs, 390 upgd conss, 32678 impls, 20 clqs
(round 26, fast)       250 del vars, 31 del conss, 0 add conss, 6643 chg bounds, 0 chg sides, 3080 chg coeffs, 390 upgd conss, 32678 impls, 20 clqs
(round 27, exhaustive) 250 del vars, 31 del conss, 0 add conss, 6643 chg bounds, 0 chg sides, 3080 chg coeffs, 422 upgd conss, 32678 impls, 20 clqs
(round 28, exhaustive) 275 del vars, 31 del conss, 0 add conss, 6643 chg bounds, 0 chg sides, 3080 chg coeffs, 422 upgd conss, 36786 impls, 20 clqs
(round 29, fast)       275 del vars, 36 del conss, 0 add conss, 6643 chg bounds, 0 chg sides, 3080 chg coeffs, 422 upgd conss, 36786 impls, 20 clqs
(round 30, exhaustive) 275 del vars, 36 del conss, 0 add conss, 6643 chg bounds, 0 chg sides, 3080 chg coeffs, 457 upgd conss, 36786 impls, 20 clqs
(round 31, exhaustive) 300 del vars, 36 del conss, 0 add conss, 6643 chg bounds, 0 chg sides, 3080 chg coeffs, 457 upgd conss, 40446 impls, 20 clqs
(round 32, fast)       300 del vars, 42 del conss, 0 add conss, 6643 chg bounds, 0 chg sides, 3080 chg coeffs, 457 upgd conss, 40446 impls, 20 clqs
(round 33, exhaustive) 300 del vars, 42 del conss, 0 add conss, 6643 chg bounds, 0 chg sides, 3080 chg coeffs, 489 upgd conss, 40446 impls, 20 clqs
(round 34, exhaustive) 325 del vars, 42 del conss, 0 add conss, 6643 chg bounds, 0 chg sides, 3080 chg coeffs, 489 upgd conss, 44558 impls, 20 clqs
(round 35, fast)       326 del vars, 49 del conss, 0 add conss, 6644 chg bounds, 0 chg sides, 3080 chg coeffs, 489 upgd conss, 44558 impls, 20 clqs
(round 36, exhaustive) 326 del vars, 49 del conss, 0 add conss, 6644 chg bounds, 0 chg sides, 3080 chg coeffs, 520 upgd conss, 44558 impls, 20 clqs
(round 37, exhaustive) 351 del vars, 49 del conss, 0 add conss, 6644 chg bounds, 0 chg sides, 3080 chg coeffs, 520 upgd conss, 47292 impls, 20 clqs
(round 38, fast)       352 del vars, 56 del conss, 0 add conss, 6645 chg bounds, 0 chg sides, 3080 chg coeffs, 520 upgd conss, 47292 impls, 20 clqs
(round 39, exhaustive) 352 del vars, 56 del conss, 0 add conss, 6645 chg bounds, 0 chg sides, 3080 chg coeffs, 551 upgd conss, 47292 impls, 20 clqs
(round 40, exhaustive) 377 del vars, 56 del conss, 0 add conss, 6645 chg bounds, 0 chg sides, 3080 chg coeffs, 551 upgd conss, 49869 impls, 20 clqs
(round 41, fast)       377 del vars, 61 del conss, 0 add conss, 6645 chg bounds, 0 chg sides, 3080 chg coeffs, 551 upgd conss, 49869 impls, 20 clqs
(round 42, exhaustive) 377 del vars, 61 del conss, 0 add conss, 6645 chg bounds, 0 chg sides, 3080 chg coeffs, 586 upgd conss, 49869 impls, 20 clqs
(round 43, exhaustive) 402 del vars, 61 del conss, 0 add conss, 6645 chg bounds, 0 chg sides, 3080 chg coeffs, 586 upgd conss, 51700 impls, 20 clqs
(round 44, fast)       404 del vars, 70 del conss, 0 add conss, 6647 chg bounds, 0 chg sides, 3080 chg coeffs, 586 upgd conss, 51700 impls, 20 clqs
(round 45, exhaustive) 404 del vars, 70 del conss, 0 add conss, 6647 chg bounds, 0 chg sides, 3080 chg coeffs, 613 upgd conss, 51700 impls, 20 clqs
(round 46, exhaustive) 429 del vars, 70 del conss, 0 add conss, 6647 chg bounds, 0 chg sides, 3080 chg coeffs, 613 upgd conss, 53813 impls, 20 clqs
(round 47, fast)       430 del vars, 80 del conss, 0 add conss, 6648 chg bounds, 0 chg sides, 3080 chg coeffs, 613 upgd conss, 53813 impls, 20 clqs
(round 48, exhaustive) 430 del vars, 80 del conss, 0 add conss, 6648 chg bounds, 0 chg sides, 3080 chg coeffs, 635 upgd conss, 53813 impls, 20 clqs
(round 49, exhaustive) 455 del vars, 80 del conss, 0 add conss, 6648 chg bounds, 0 chg sides, 3080 chg coeffs, 635 upgd conss, 54877 impls, 20 clqs
(round 50, fast)       455 del vars, 91 del conss, 0 add conss, 6648 chg bounds, 0 chg sides, 3080 chg coeffs, 635 upgd conss, 54877 impls, 20 clqs
(round 51, exhaustive) 455 del vars, 91 del conss, 0 add conss, 6648 chg bounds, 0 chg sides, 3080 chg coeffs, 652 upgd conss, 54877 impls, 20 clqs
(round 52, exhaustive) 480 del vars, 91 del conss, 0 add conss, 6648 chg bounds, 0 chg sides, 3080 chg coeffs, 652 upgd conss, 56232 impls, 20 clqs
(round 53, fast)       481 del vars, 102 del conss, 0 add conss, 6649 chg bounds, 0 chg sides, 3080 chg coeffs, 652 upgd conss, 56232 impls, 20 clqs
(round 54, exhaustive) 481 del vars, 102 del conss, 0 add conss, 6649 chg bounds, 0 chg sides, 3080 chg coeffs, 667 upgd conss, 56232 impls, 20 clqs
(round 55, exhaustive) 506 del vars, 102 del conss, 0 add conss, 6649 chg bounds, 0 chg sides, 3080 chg coeffs, 667 upgd conss, 59333 impls, 20 clqs
(round 56, fast)       506 del vars, 112 del conss, 0 add conss, 6649 chg bounds, 0 chg sides, 3080 chg coeffs, 667 upgd conss, 59333 impls, 20 clqs
(round 57, exhaustive) 506 del vars, 112 del conss, 0 add conss, 6649 chg bounds, 0 chg sides, 3080 chg coeffs, 687 upgd conss, 59333 impls, 20 clqs
(round 58, exhaustive) 531 del vars, 112 del conss, 0 add conss, 6649 chg bounds, 0 chg sides, 3080 chg coeffs, 687 upgd conss, 63644 impls, 20 clqs
(round 59, fast)       531 del vars, 119 del conss, 0 add conss, 6649 chg bounds, 0 chg sides, 3080 chg coeffs, 687 upgd conss, 63644 impls, 20 clqs
(round 60, exhaustive) 531 del vars, 119 del conss, 0 add conss, 6649 chg bounds, 0 chg sides, 3080 chg coeffs, 716 upgd conss, 63644 impls, 20 clqs
(round 61, exhaustive) 556 del vars, 119 del conss, 0 add conss, 6649 chg bounds, 0 chg sides, 3080 chg coeffs, 716 upgd conss, 65732 impls, 20 clqs
(round 62, fast)       556 del vars, 129 del conss, 0 add conss, 6649 chg bounds, 0 chg sides, 3080 chg coeffs, 716 upgd conss, 65732 impls, 20 clqs
(round 63, exhaustive) 556 del vars, 129 del conss, 0 add conss, 6649 chg bounds, 0 chg sides, 3080 chg coeffs, 736 upgd conss, 65732 impls, 20 clqs
(round 64, exhaustive) 581 del vars, 129 del conss, 0 add conss, 6649 chg bounds, 0 chg sides, 3080 chg coeffs, 736 upgd conss, 67367 impls, 20 clqs
(round 65, fast)       581 del vars, 136 del conss, 0 add conss, 6649 chg bounds, 0 chg sides, 3080 chg coeffs, 736 upgd conss, 67367 impls, 20 clqs
(round 66, exhaustive) 581 del vars, 136 del conss, 0 add conss, 6649 chg bounds, 0 chg sides, 3080 chg coeffs, 765 upgd conss, 67367 impls, 20 clqs
(round 67, exhaustive) 606 del vars, 136 del conss, 0 add conss, 6649 chg bounds, 0 chg sides, 3080 chg coeffs, 765 upgd conss, 69294 impls, 20 clqs
(round 68, fast)       607 del vars, 146 del conss, 0 add conss, 6650 chg bounds, 0 chg sides, 3080 chg coeffs, 765 upgd conss, 69294 impls, 20 clqs
(round 69, exhaustive) 607 del vars, 146 del conss, 0 add conss, 6650 chg bounds, 0 chg sides, 3080 chg coeffs, 787 upgd conss, 69294 impls, 20 clqs
(round 70, exhaustive) 632 del vars, 146 del conss, 0 add conss, 6650 chg bounds, 0 chg sides, 3080 chg coeffs, 787 upgd conss, 70183 impls, 20 clqs
(round 71, fast)       634 del vars, 158 del conss, 0 add conss, 6652 chg bounds, 0 chg sides, 3080 chg coeffs, 787 upgd conss, 70183 impls, 20 clqs
(round 72, exhaustive) 634 del vars, 158 del conss, 0 add conss, 6652 chg bounds, 0 chg sides, 3080 chg coeffs, 805 upgd conss, 70183 impls, 20 clqs
(round 73, exhaustive) 659 del vars, 158 del conss, 0 add conss, 6652 chg bounds, 0 chg sides, 3080 chg coeffs, 805 upgd conss, 71505 impls, 20 clqs
(round 74, fast)       661 del vars, 168 del conss, 0 add conss, 6654 chg bounds, 0 chg sides, 3080 chg coeffs, 805 upgd conss, 71505 impls, 20 clqs
(round 75, exhaustive) 661 del vars, 168 del conss, 0 add conss, 6654 chg bounds, 0 chg sides, 3080 chg coeffs, 829 upgd conss, 71505 impls, 20 clqs
(round 76, exhaustive) 686 del vars, 168 del conss, 0 add conss, 6654 chg bounds, 0 chg sides, 3080 chg coeffs, 829 upgd conss, 74705 impls, 20 clqs
(round 77, fast)       686 del vars, 178 del conss, 0 add conss, 6654 chg bounds, 0 chg sides, 3080 chg coeffs, 829 upgd conss, 74705 impls, 20 clqs
(round 78, exhaustive) 686 del vars, 178 del conss, 0 add conss, 6654 chg bounds, 0 chg sides, 3080 chg coeffs, 849 upgd conss, 74705 impls, 20 clqs
   (2.5s) probing: 1000/3080 (32.5%) - 666 fixings, 0 aggregations, 75768 implications, 0 bound changes
(round 79, exhaustive) 711 del vars, 178 del conss, 0 add conss, 6654 chg bounds, 0 chg sides, 3080 chg coeffs, 849 upgd conss, 78165 impls, 20 clqs
(round 80, fast)       712 del vars, 189 del conss, 0 add conss, 6655 chg bounds, 0 chg sides, 3080 chg coeffs, 849 upgd conss, 78165 impls, 20 clqs
(round 81, exhaustive) 712 del vars, 189 del conss, 0 add conss, 6655 chg bounds, 0 chg sides, 3080 chg coeffs, 868 upgd conss, 78165 impls, 20 clqs
(round 82, exhaustive) 737 del vars, 189 del conss, 0 add conss, 6655 chg bounds, 0 chg sides, 3080 chg coeffs, 868 upgd conss, 79607 impls, 20 clqs
(round 83, fast)       738 del vars, 201 del conss, 0 add conss, 6656 chg bounds, 0 chg sides, 3080 chg coeffs, 868 upgd conss, 79607 impls, 20 clqs
(round 84, exhaustive) 738 del vars, 201 del conss, 0 add conss, 6656 chg bounds, 0 chg sides, 3080 chg coeffs, 884 upgd conss, 79607 impls, 20 clqs
(round 85, exhaustive) 764 del vars, 201 del conss, 0 add conss, 6656 chg bounds, 0 chg sides, 3080 chg coeffs, 884 upgd conss, 81038 impls, 20 clqs
(round 86, fast)       764 del vars, 212 del conss, 0 add conss, 6656 chg bounds, 0 chg sides, 3080 chg coeffs, 884 upgd conss, 81038 impls, 20 clqs
(round 87, exhaustive) 764 del vars, 212 del conss, 0 add conss, 6656 chg bounds, 0 chg sides, 3080 chg coeffs, 903 upgd conss, 81038 impls, 20 clqs
(round 88, exhaustive) 789 del vars, 212 del conss, 0 add conss, 6656 chg bounds, 0 chg sides, 3080 chg coeffs, 903 upgd conss, 85037 impls, 20 clqs
(round 89, fast)       789 del vars, 221 del conss, 0 add conss, 6656 chg bounds, 0 chg sides, 3080 chg coeffs, 903 upgd conss, 85037 impls, 20 clqs
(round 90, exhaustive) 789 del vars, 221 del conss, 0 add conss, 6656 chg bounds, 0 chg sides, 3080 chg coeffs, 926 upgd conss, 85037 impls, 20 clqs
(round 91, exhaustive) 814 del vars, 221 del conss, 0 add conss, 6656 chg bounds, 0 chg sides, 3080 chg coeffs, 926 upgd conss, 87618 impls, 20 clqs
(round 92, fast)       815 del vars, 231 del conss, 0 add conss, 6657 chg bounds, 0 chg sides, 3080 chg coeffs, 926 upgd conss, 87618 impls, 20 clqs
(round 93, exhaustive) 815 del vars, 231 del conss, 0 add conss, 6657 chg bounds, 0 chg sides, 3080 chg coeffs, 948 upgd conss, 87618 impls, 20 clqs
(round 94, exhaustive) 840 del vars, 231 del conss, 0 add conss, 6657 chg bounds, 0 chg sides, 3080 chg coeffs, 948 upgd conss, 89328 impls, 20 clqs
(round 95, fast)       841 del vars, 241 del conss, 0 add conss, 6658 chg bounds, 0 chg sides, 3080 chg coeffs, 948 upgd conss, 89328 impls, 20 clqs
(round 96, exhaustive) 841 del vars, 241 del conss, 0 add conss, 6658 chg bounds, 0 chg sides, 3080 chg coeffs, 970 upgd conss, 89328 impls, 20 clqs
(round 97, exhaustive) 868 del vars, 241 del conss, 0 add conss, 6658 chg bounds, 0 chg sides, 3080 chg coeffs, 970 upgd conss, 90613 impls, 20 clqs
(round 98, fast)       868 del vars, 251 del conss, 0 add conss, 6658 chg bounds, 0 chg sides, 3080 chg coeffs, 970 upgd conss, 90613 impls, 20 clqs
(round 99, exhaustive) 868 del vars, 251 del conss, 0 add conss, 6658 chg bounds, 0 chg sides, 3080 chg coeffs, 994 upgd conss, 90613 impls, 20 clqs
(round 100, exhaustive) 893 del vars, 251 del conss, 0 add conss, 6658 chg bounds, 0 chg sides, 3080 chg coeffs, 994 upgd conss, 92172 impls, 20 clqs
(round 101, fast)       897 del vars, 263 del conss, 0 add conss, 6662 chg bounds, 0 chg sides, 3080 chg coeffs, 994 upgd conss, 92172 impls, 20 clqs
(round 102, exhaustive) 897 del vars, 263 del conss, 0 add conss, 6662 chg bounds, 0 chg sides, 3080 chg coeffs, 1016 upgd conss, 92172 impls, 20 clqs
(round 103, exhaustive) 922 del vars, 263 del conss, 0 add conss, 6662 chg bounds, 0 chg sides, 3080 chg coeffs, 1016 upgd conss, 94424 impls, 20 clqs
(round 104, fast)       924 del vars, 276 del conss, 0 add conss, 6664 chg bounds, 0 chg sides, 3080 chg coeffs, 1016 upgd conss, 94424 impls, 20 clqs
(round 105, exhaustive) 924 del vars, 276 del conss, 0 add conss, 6664 chg bounds, 0 chg sides, 3080 chg coeffs, 1031 upgd conss, 94424 impls, 20 clqs
(round 106, exhaustive) 949 del vars, 276 del conss, 0 add conss, 6664 chg bounds, 0 chg sides, 3080 chg coeffs, 1031 upgd conss, 96235 impls, 20 clqs
(round 107, fast)       949 del vars, 288 del conss, 0 add conss, 6664 chg bounds, 0 chg sides, 3080 chg coeffs, 1031 upgd conss, 96235 impls, 20 clqs
   (3.1s) running MILP presolver
   (3.4s) MILP presolver (33 rounds): 0 aggregations, 1311 fixings, 0 bound changes
(round 108, medium)     2260 del vars, 746 del conss, 0 add conss, 6664 chg bounds, 0 chg sides, 3080 chg coeffs, 1031 upgd conss, 96235 impls, 20 clqs
(round 109, fast)       2260 del vars, 1026 del conss, 0 add conss, 6664 chg bounds, 0 chg sides, 3080 chg coeffs, 1031 upgd conss, 96235 impls, 20 clqs
(round 110, exhaustive) 2260 del vars, 1026 del conss, 0 add conss, 6664 chg bounds, 0 chg sides, 3080 chg coeffs, 1173 upgd conss, 96235 impls, 20 clqs
(round 111, exhaustive) 2285 del vars, 1026 del conss, 0 add conss, 6664 chg bounds, 0 chg sides, 3080 chg coeffs, 1173 upgd conss, 98957 impls, 20 clqs
(round 112, fast)       2286 del vars, 1041 del conss, 0 add conss, 6665 chg bounds, 0 chg sides, 3080 chg coeffs, 1173 upgd conss, 98957 impls, 20 clqs
(round 113, exhaustive) 2286 del vars, 1041 del conss, 0 add conss, 6665 chg bounds, 0 chg sides, 3080 chg coeffs, 1180 upgd conss, 98957 impls, 20 clqs
(round 114, exhaustive) 2311 del vars, 1041 del conss, 0 add conss, 6665 chg bounds, 0 chg sides, 3080 chg coeffs, 1180 upgd conss, 102975 impls, 20 clqs
(round 115, fast)       2311 del vars, 1055 del conss, 0 add conss, 6665 chg bounds, 0 chg sides, 3080 chg coeffs, 1180 upgd conss, 102975 impls, 20 clqs
(round 116, exhaustive) 2311 del vars, 1055 del conss, 0 add conss, 6665 chg bounds, 0 chg sides, 3080 chg coeffs, 1188 upgd conss, 102975 impls, 20 clqs
(round 117, exhaustive) 2337 del vars, 1055 del conss, 0 add conss, 6665 chg bounds, 0 chg sides, 3080 chg coeffs, 1188 upgd conss, 104974 impls, 20 clqs
(round 118, fast)       2337 del vars, 1069 del conss, 0 add conss, 6665 chg bounds, 0 chg sides, 3080 chg coeffs, 1188 upgd conss, 104974 impls, 20 clqs
(round 119, exhaustive) 2337 del vars, 1069 del conss, 0 add conss, 6665 chg bounds, 0 chg sides, 3080 chg coeffs, 1194 upgd conss, 104974 impls, 20 clqs
(round 120, exhaustive) 2365 del vars, 1069 del conss, 0 add conss, 6665 chg bounds, 0 chg sides, 3080 chg coeffs, 1194 upgd conss, 110086 impls, 20 clqs
(round 121, fast)       2365 del vars, 1085 del conss, 0 add conss, 6665 chg bounds, 0 chg sides, 3080 chg coeffs, 1194 upgd conss, 110086 impls, 20 clqs
(round 122, exhaustive) 2365 del vars, 1085 del conss, 0 add conss, 6665 chg bounds, 0 chg sides, 3080 chg coeffs, 1202 upgd conss, 110086 impls, 20 clqs
(round 123, exhaustive) 2390 del vars, 1085 del conss, 0 add conss, 6665 chg bounds, 0 chg sides, 3080 chg coeffs, 1202 upgd conss, 112522 impls, 20 clqs
(round 124, fast)       2391 del vars, 1100 del conss, 0 add conss, 6666 chg bounds, 0 chg sides, 3080 chg coeffs, 1202 upgd conss, 112522 impls, 20 clqs
(round 125, exhaustive) 2391 del vars, 1100 del conss, 0 add conss, 6666 chg bounds, 0 chg sides, 3080 chg coeffs, 1209 upgd conss, 112522 impls, 20 clqs
(round 126, exhaustive) 2416 del vars, 1100 del conss, 0 add conss, 6666 chg bounds, 0 chg sides, 3080 chg coeffs, 1209 upgd conss, 117212 impls, 20 clqs
(round 127, fast)       2416 del vars, 1113 del conss, 0 add conss, 6666 chg bounds, 0 chg sides, 3080 chg coeffs, 1209 upgd conss, 117212 impls, 20 clqs
(round 128, exhaustive) 2416 del vars, 1113 del conss, 0 add conss, 6666 chg bounds, 0 chg sides, 3080 chg coeffs, 1220 upgd conss, 117212 impls, 20 clqs
(round 129, exhaustive) 2441 del vars, 1113 del conss, 0 add conss, 6666 chg bounds, 0 chg sides, 3080 chg coeffs, 1220 upgd conss, 120413 impls, 20 clqs
(round 130, fast)       2441 del vars, 1128 del conss, 0 add conss, 6666 chg bounds, 0 chg sides, 3080 chg coeffs, 1220 upgd conss, 120413 impls, 20 clqs
(round 131, exhaustive) 2441 del vars, 1128 del conss, 0 add conss, 6666 chg bounds, 0 chg sides, 3080 chg coeffs, 1225 upgd conss, 120413 impls, 20 clqs
(round 132, exhaustive) 2466 del vars, 1128 del conss, 0 add conss, 6666 chg bounds, 0 chg sides, 3080 chg coeffs, 1225 upgd conss, 123857 impls, 20 clqs
(round 133, fast)       2466 del vars, 1143 del conss, 0 add conss, 6666 chg bounds, 0 chg sides, 3080 chg coeffs, 1225 upgd conss, 123857 impls, 20 clqs
(round 134, exhaustive) 2466 del vars, 1143 del conss, 0 add conss, 6666 chg bounds, 0 chg sides, 3080 chg coeffs, 1230 upgd conss, 123857 impls, 20 clqs
(round 135, exhaustive) 2491 del vars, 1143 del conss, 0 add conss, 6666 chg bounds, 0 chg sides, 3080 chg coeffs, 1230 upgd conss, 125868 impls, 20 clqs
(round 136, fast)       2491 del vars, 1158 del conss, 0 add conss, 6666 chg bounds, 0 chg sides, 3080 chg coeffs, 1230 upgd conss, 125868 impls, 20 clqs
(round 137, exhaustive) 2491 del vars, 1158 del conss, 0 add conss, 6666 chg bounds, 0 chg sides, 3080 chg coeffs, 1235 upgd conss, 125868 impls, 20 clqs
(round 138, exhaustive) 2517 del vars, 1158 del conss, 0 add conss, 6666 chg bounds, 0 chg sides, 3080 chg coeffs, 1235 upgd conss, 128991 impls, 20 clqs
(round 139, fast)       2517 del vars, 1174 del conss, 0 add conss, 6666 chg bounds, 0 chg sides, 3080 chg coeffs, 1235 upgd conss, 128991 impls, 20 clqs
(round 140, exhaustive) 2517 del vars, 1174 del conss, 0 add conss, 6666 chg bounds, 0 chg sides, 3080 chg coeffs, 1239 upgd conss, 128991 impls, 20 clqs
(round 141, exhaustive) 2543 del vars, 1174 del conss, 0 add conss, 6666 chg bounds, 0 chg sides, 3080 chg coeffs, 1239 upgd conss, 130405 impls, 20 clqs
(round 142, fast)       2543 del vars, 1191 del conss, 0 add conss, 6666 chg bounds, 0 chg sides, 3080 chg coeffs, 1239 upgd conss, 130405 impls, 20 clqs
(round 143, exhaustive) 2568 del vars, 1191 del conss, 0 add conss, 6666 chg bounds, 0 chg sides, 3080 chg coeffs, 1240 upgd conss, 136442 impls, 20 clqs
(round 144, fast)       2570 del vars, 1207 del conss, 0 add conss, 6668 chg bounds, 0 chg sides, 3080 chg coeffs, 1240 upgd conss, 136443 impls, 20 clqs
(round 145, exhaustive) 2570 del vars, 1207 del conss, 0 add conss, 6668 chg bounds, 0 chg sides, 3080 chg coeffs, 1246 upgd conss, 136443 impls, 20 clqs
(round 146, exhaustive) 2595 del vars, 1207 del conss, 0 add conss, 6668 chg bounds, 0 chg sides, 3080 chg coeffs, 1246 upgd conss, 139845 impls, 20 clqs
(round 147, fast)       2597 del vars, 1223 del conss, 0 add conss, 6670 chg bounds, 0 chg sides, 3080 chg coeffs, 1246 upgd conss, 139845 impls, 20 clqs
(round 148, exhaustive) 2597 del vars, 1223 del conss, 0 add conss, 6670 chg bounds, 0 chg sides, 3080 chg coeffs, 1252 upgd conss, 139845 impls, 20 clqs
(round 149, exhaustive) 2622 del vars, 1223 del conss, 0 add conss, 6670 chg bounds, 0 chg sides, 3080 chg coeffs, 1252 upgd conss, 141597 impls, 20 clqs
(round 150, fast)       2628 del vars, 1242 del conss, 0 add conss, 6676 chg bounds, 0 chg sides, 3080 chg coeffs, 1252 upgd conss, 141597 impls, 20 clqs
(round 151, exhaustive) 2628 del vars, 1242 del conss, 0 add conss, 6676 chg bounds, 0 chg sides, 3080 chg coeffs, 1257 upgd conss, 141597 impls, 20 clqs
(round 152, exhaustive) 2653 del vars, 1242 del conss, 0 add conss, 6676 chg bounds, 0 chg sides, 3080 chg coeffs, 1257 upgd conss, 143449 impls, 20 clqs
(round 153, fast)       2653 del vars, 1257 del conss, 0 add conss, 6676 chg bounds, 0 chg sides, 3080 chg coeffs, 1257 upgd conss, 143449 impls, 20 clqs
(round 154, exhaustive) 2653 del vars, 1257 del conss, 0 add conss, 6676 chg bounds, 0 chg sides, 3080 chg coeffs, 1262 upgd conss, 143449 impls, 20 clqs
   (4.3s) probing: 2000/3080 (64.9%) - 1297 fixings, 0 aggregations, 143639 implications, 0 bound changes
(round 155, exhaustive) 2678 del vars, 1257 del conss, 0 add conss, 6676 chg bounds, 0 chg sides, 3080 chg coeffs, 1262 upgd conss, 145675 impls, 20 clqs
(round 156, fast)       2678 del vars, 1273 del conss, 0 add conss, 6676 chg bounds, 0 chg sides, 3080 chg coeffs, 1262 upgd conss, 145675 impls, 20 clqs
(round 157, exhaustive) 2678 del vars, 1273 del conss, 0 add conss, 6676 chg bounds, 0 chg sides, 3080 chg coeffs, 1264 upgd conss, 145675 impls, 20 clqs
(round 158, exhaustive) 2703 del vars, 1273 del conss, 0 add conss, 6676 chg bounds, 0 chg sides, 3080 chg coeffs, 1264 upgd conss, 148175 impls, 20 clqs
(round 159, fast)       2703 del vars, 1288 del conss, 0 add conss, 6676 chg bounds, 0 chg sides, 3080 chg coeffs, 1264 upgd conss, 148175 impls, 20 clqs
(round 160, exhaustive) 2703 del vars, 1288 del conss, 0 add conss, 6676 chg bounds, 0 chg sides, 3080 chg coeffs, 1269 upgd conss, 148175 impls, 20 clqs
(round 161, exhaustive) 2728 del vars, 1288 del conss, 0 add conss, 6676 chg bounds, 0 chg sides, 3080 chg coeffs, 1269 upgd conss, 151844 impls, 20 clqs
(round 162, fast)       2730 del vars, 1304 del conss, 0 add conss, 6678 chg bounds, 0 chg sides, 3080 chg coeffs, 1269 upgd conss, 151844 impls, 20 clqs
(round 163, exhaustive) 2730 del vars, 1304 del conss, 0 add conss, 6678 chg bounds, 0 chg sides, 3080 chg coeffs, 1271 upgd conss, 151844 impls, 20 clqs
(round 164, exhaustive) 2756 del vars, 1304 del conss, 0 add conss, 6678 chg bounds, 0 chg sides, 3080 chg coeffs, 1271 upgd conss, 153585 impls, 20 clqs
(round 165, fast)       2756 del vars, 1320 del conss, 0 add conss, 6678 chg bounds, 0 chg sides, 3080 chg coeffs, 1271 upgd conss, 153585 impls, 20 clqs
(round 166, exhaustive) 2756 del vars, 1320 del conss, 0 add conss, 6678 chg bounds, 0 chg sides, 3080 chg coeffs, 1275 upgd conss, 153585 impls, 20 clqs
(round 167, exhaustive) 2781 del vars, 1320 del conss, 0 add conss, 6678 chg bounds, 0 chg sides, 3080 chg coeffs, 1275 upgd conss, 154625 impls, 20 clqs
(round 168, fast)       2788 del vars, 1339 del conss, 0 add conss, 6685 chg bounds, 0 chg sides, 3080 chg coeffs, 1275 upgd conss, 154625 impls, 20 clqs
(round 169, exhaustive) 2788 del vars, 1339 del conss, 0 add conss, 6685 chg bounds, 0 chg sides, 3080 chg coeffs, 1278 upgd conss, 154625 impls, 20 clqs
(round 170, exhaustive) 2813 del vars, 1339 del conss, 0 add conss, 6685 chg bounds, 0 chg sides, 3080 chg coeffs, 1278 upgd conss, 157799 impls, 20 clqs
(round 171, fast)       2819 del vars, 1359 del conss, 0 add conss, 6691 chg bounds, 0 chg sides, 3080 chg coeffs, 1278 upgd conss, 157799 impls, 20 clqs
   (4.6s) running MILP presolver
   (4.6s) MILP presolver (6 rounds): 0 aggregations, 27 fixings, 0 bound changes
(round 172, medium)     2846 del vars, 1377 del conss, 0 add conss, 6691 chg bounds, 0 chg sides, 3080 chg coeffs, 1278 upgd conss, 157799 impls, 20 clqs
(round 173, exhaustive) 2846 del vars, 1377 del conss, 0 add conss, 6691 chg bounds, 0 chg sides, 3080 chg coeffs, 1280 upgd conss, 157799 impls, 20 clqs
(round 174, exhaustive) 2872 del vars, 1377 del conss, 0 add conss, 6691 chg bounds, 0 chg sides, 3080 chg coeffs, 1280 upgd conss, 161466 impls, 20 clqs
(round 175, fast)       2872 del vars, 1394 del conss, 0 add conss, 6691 chg bounds, 0 chg sides, 3080 chg coeffs, 1280 upgd conss, 161466 impls, 20 clqs
(round 176, exhaustive) 2897 del vars, 1394 del conss, 0 add conss, 6691 chg bounds, 0 chg sides, 3080 chg coeffs, 1281 upgd conss, 164186 impls, 20 clqs
(round 177, fast)       2899 del vars, 1411 del conss, 0 add conss, 6693 chg bounds, 0 chg sides, 3080 chg coeffs, 1281 upgd conss, 164187 impls, 20 clqs
(round 178, exhaustive) 2899 del vars, 1411 del conss, 0 add conss, 6693 chg bounds, 0 chg sides, 3080 chg coeffs, 1284 upgd conss, 164187 impls, 20 clqs
(round 179, exhaustive) 2930 del vars, 1411 del conss, 0 add conss, 6693 chg bounds, 0 chg sides, 3080 chg coeffs, 1284 upgd conss, 167318 impls, 20 clqs
(round 180, fast)       2930 del vars, 1431 del conss, 0 add conss, 6693 chg bounds, 0 chg sides, 3080 chg coeffs, 1284 upgd conss, 167318 impls, 20 clqs
(round 181, exhaustive) 2930 del vars, 1431 del conss, 0 add conss, 6693 chg bounds, 0 chg sides, 3080 chg coeffs, 1286 upgd conss, 167318 impls, 20 clqs
(round 182, exhaustive) 2956 del vars, 1431 del conss, 0 add conss, 6693 chg bounds, 0 chg sides, 3080 chg coeffs, 1286 upgd conss, 169918 impls, 20 clqs
(round 183, fast)       2956 del vars, 1447 del conss, 0 add conss, 6693 chg bounds, 0 chg sides, 3080 chg coeffs, 1286 upgd conss, 169918 impls, 20 clqs
(round 184, exhaustive) 2956 del vars, 1447 del conss, 0 add conss, 6693 chg bounds, 0 chg sides, 3080 chg coeffs, 1290 upgd conss, 169918 impls, 20 clqs
(round 185, exhaustive) 2982 del vars, 1447 del conss, 0 add conss, 6693 chg bounds, 0 chg sides, 3080 chg coeffs, 1290 upgd conss, 171265 impls, 20 clqs
(round 186, fast)       2982 del vars, 1464 del conss, 0 add conss, 6693 chg bounds, 0 chg sides, 3080 chg coeffs, 1290 upgd conss, 171265 impls, 20 clqs
(round 187, exhaustive) 3007 del vars, 1464 del conss, 0 add conss, 6693 chg bounds, 0 chg sides, 3080 chg coeffs, 1291 upgd conss, 172607 impls, 20 clqs
(round 188, fast)       3009 del vars, 1482 del conss, 0 add conss, 6695 chg bounds, 0 chg sides, 3080 chg coeffs, 1291 upgd conss, 172608 impls, 20 clqs
(round 189, exhaustive) 3035 del vars, 1482 del conss, 0 add conss, 6695 chg bounds, 0 chg sides, 3080 chg coeffs, 1291 upgd conss, 177370 impls, 20 clqs
(round 190, fast)       3035 del vars, 1499 del conss, 0 add conss, 6695 chg bounds, 0 chg sides, 3080 chg coeffs, 1291 upgd conss, 177370 impls, 20 clqs
(round 191, exhaustive) 3060 del vars, 1499 del conss, 0 add conss, 6695 chg bounds, 0 chg sides, 3080 chg coeffs, 1292 upgd conss, 179077 impls, 20 clqs
(round 192, fast)       3060 del vars, 1515 del conss, 0 add conss, 6695 chg bounds, 0 chg sides, 3080 chg coeffs, 1292 upgd conss, 179077 impls, 20 clqs
(round 193, exhaustive) 3060 del vars, 1515 del conss, 0 add conss, 6695 chg bounds, 0 chg sides, 3080 chg coeffs, 1294 upgd conss, 179077 impls, 20 clqs
   (5.1s) probing: 3000/3080 (97.4%) - 1647 fixings, 0 aggregations, 177884 implications, 0 bound changes
   (5.1s) probing cycle finished: starting next cycle
   (5.1s) probing: 51/1560 (3.3%) - 1647 fixings, 0 aggregations, 177884 implications, 0 bound changes
   (5.1s) probing aborted: 50/50 successive totally useless probings
   (5.1s) symmetry computation started: requiring (bin +, int -, cont +), (fixed: bin -, int +, cont -)
   (5.1s) symmetry computation finished: 19 generators found (max: 1500, log10 of symmetry group size: 18.4)
presolving (194 rounds: 194 fast, 129 medium, 127 exhaustive):
 3060 deleted vars, 1515 deleted constraints, 1 added constraints, 6695 tightened bounds, 0 added holes, 0 changed sides, 3080 changed coefficients
 179156 implications, 20 cliques
presolved problem has 3140 variables (1560 bin, 0 int, 0 impl, 1580 cont) and 1642 constraints
     40 constraints of type <varbound>
     20 constraints of type <setppc>
   1581 constraints of type <linear>
      1 constraints of type <orbitope>
Presolving Time: 5.10

 time | node  | left  |LP iter|LP it/n|mem/heur|mdpt |vars |cons |rows |cuts |sepa|confs|strbr|  dualbound   | primalbound  |  gap   | compl. 
  5.2s|     1 |     0 |   489 |     - |   100M |   0 |3140 |1643 |1641 |   0 |  0 |   0 |   0 |-4.464859e+00 |      --      |    Inf | unknown
o 5.2s|     1 |     0 |  1954 |     - |feaspump|   0 |3140 |1643 |1641 |   0 |  0 |   0 |   0 |-4.464859e+00 |-4.432331e+00 |   0.73%| unknown
  5.2s|     1 |     0 |  1956 |     - |   101M |   0 |3140 |1643 |1643 |   2 |  1 |   0 |   0 |-4.464859e+00 |-4.432331e+00 |   0.73%| unknown
r 5.2s|     1 |     0 |  1956 |     - |randroun|   0 |3140 |1643 |1643 |   0 |  1 |   0 |   0 |-4.464859e+00 |-4.464859e+00 |   0.00%| unknown
  5.2s|     1 |     0 |  1956 |     - |   101M |   0 |3140 |1643 |1643 |   2 |  1 |   0 |   0 |-4.464859e+00 |-4.464859e+00 |   0.00%| unknown

SCIP Status        : problem is solved [optimal solution found]
Solving Time (sec) : 5.22
Solving Nodes      : 1
Primal Bound       : -4.46485867074102e+00 (2 solutions)
Dual Bound         : -4.46485867074102e+00
Gap                : 0.00 %

primal solution (original space):
=================================

objective value:                    -4.46485867074102
y_3,68_                                             1 	(obj:0)
y_6,68_                                             1 	(obj:0)
y_7,68_                                             1 	(obj:0)
y_9,68_                                             1 	(obj:0)
y_10,68_                                            1 	(obj:0)
y_11,68_                                            1 	(obj:0)
y_12,68_                                            1 	(obj:0)
y_16,68_                                            1 	(obj:0)
y_1,69_                                             1 	(obj:0)
y_4,69_                                             1 	(obj:0)
y_8,69_                                             1 	(obj:0)
y_17,69_                                            1 	(obj:0)
y_18,69_                                            1 	(obj:0)
y_19,69_                                            1 	(obj:0)
y_20,69_                                            1 	(obj:0)
y_2,70_                                             1 	(obj:0)
y_5,70_                                             1 	(obj:0)
y_13,70_                                            1 	(obj:0)
y_14,70_                                            1 	(obj:0)
y_15,70_                                            1 	(obj:0)
x_10_                              -0.233766233766234 	(obj:1)
x_2_                               -0.207792207792208 	(obj:1)
t_6,69_                                             1 	(obj:0)
t_11,69_                                            1 	(obj:0)
x_11_                              -0.233766233766234 	(obj:1)
x_1_                               -0.220779220779221 	(obj:1)
x_5_                               -0.207792207792208 	(obj:1)
t_12,69_                                            1 	(obj:0)
t_7,69_                                             1 	(obj:0)
x_12_                              -0.233766233766234 	(obj:1)
t_13,70_                                            1 	(obj:0)
x_20_                              -0.207792207792208 	(obj:1)
t_4,69_                                             1 	(obj:0)
x_13_                              -0.207792207792208 	(obj:1)
t_14,70_                                            1 	(obj:0)
t_9,69_                                             1 	(obj:0)
x_14_                              -0.207792207792208 	(obj:1)
t_8,69_                                             1 	(obj:0)
t_15,70_                                            1 	(obj:0)
x_8_                               -0.233766233766234 	(obj:1)
x_15_                              -0.207792207792208 	(obj:1)
t_3,69_                                             1 	(obj:0)
t_16,69_                                            1 	(obj:0)
t_5,70_                                             1 	(obj:0)
x_16_                              -0.233766233766234 	(obj:1)
t_2,70_                                             1 	(obj:0)
t_17,69_                            0.397058823529289 	(obj:0)
t_17,70_                            0.602941176470711 	(obj:0)
x_6_                               -0.233766233766234 	(obj:1)
x_17_                              -0.218105423987774 	(obj:1)
t_1,69_                                           0.5 	(obj:0)
t_18,70_                                            1 	(obj:0)
x_7_                               -0.233766233766234 	(obj:1)
x_3_                               -0.233766233766234 	(obj:1)
x_18_                              -0.207792207792208 	(obj:1)
x_4_                               -0.233766233766234 	(obj:1)
t_19,69_                                            1 	(obj:0)
t_10,69_                                            1 	(obj:0)
x_19_                              -0.233766233766234 	(obj:1)
t_1,70_                                           0.5 	(obj:0)
t_20,70_                                            1 	(obj:0)
x_9_                               -0.233766233766234 	(obj:1)

Statistics
==========

SCIP Status        : problem is solved [optimal solution found]
Total Time         :       5.23
  solving          :       5.22
  presolving       :       5.10 (included in solving)
  reading          :       0.02
  copying          :       0.00 (0 times copied the problem)
Original Problem   :
  Problem name     : ../modeles/20_154.lp
  Variables        : 6200 (3080 binary, 0 integer, 0 implicit integer, 3120 continuous)
  Constraints      : 3161 initial, 3161 maximal
  Objective        : minimize, 20 non-zeros (abs.min = 1, abs.max = 1)
Presolved Problem  :
  Problem name     : t_../modeles/20_154.lp
  Variables        : 3140 (1560 binary, 0 integer, 0 implicit integer, 1580 continuous)
  Constraints      : 1642 initial, 1643 maximal
  Objective        : minimize, 1560 non-zeros (abs.min = 0.025974, abs.max = 1.01299)
  Nonzeros         : 12520 constraint, 1560 clique table
Presolvers         :   ExecTime  SetupTime  Calls  FixedVars   AggrVars   ChgTypes  ChgBounds   AddHoles    DelCons    AddCons   ChgSides   ChgCoefs
  boundshift       :       0.00       0.00      0          0          0          0          0          0          0          0          0          0
  convertinttobin  :       0.00       0.00      0          0          0          0          0          0          0          0          0          0
  domcol           :       0.48       0.00     66          0          0          0          0          0          0          0          0          0
  dualagg          :       0.00       0.00      0          0          0          0          0          0          0          0          0          0
  dualcomp         :       0.15       0.00     66          0          0          0          0          0          0          0          0          0
  dualinfer        :       0.00       0.00      0          0          0          0          0          0          0          0          0          0
  dualsparsify     :       0.00       0.00      1          0          0          0          0          0          0          0          0          0
  gateextraction   :       0.00       0.00      0          0          0          0          0          0          0          0          0          0
  implics          :       0.00       0.00    129          0          0          0          0          0          0          0          0          0
  inttobinary      :       0.00       0.00      0          0          0          0          0          0          0          0          0          0
  milp             :       0.42       0.00      3       1338          0          0         40          0          0          0          0          0
  qpkktref         :       0.00       0.00      0          0          0          0          0          0          0          0          0          0
  redvub           :       0.00       0.00      0          0          0          0          0          0          0          0          0          0
  sparsify         :       0.24       0.00      8          0          0          0          0          0          0          0          0          0
  stuffing         :       0.00       0.00      0          0          0          0          0          0          0          0          0          0
  trivial          :       0.02       0.00    194          0          0          0          0          0          0          0          0          0
  tworowbnd        :       0.00       0.00      0          0          0          0          0          0          0          0          0          0
  dualfix          :       0.02       0.00    194          0          0          0          0          0          0          0          0          0
  genvbounds       :       0.00       0.00      0          0          0          0          0          0          0          0          0          0
  probing          :       3.16       0.00     66       1647          0          0          0          0          0          0          0          0
  pseudoobj        :       0.00       0.00      0          0          0          0          0          0          0          0          0          0
  symmetry         :       0.04       0.00      1          0          0          0          0          0          0          1          0          0
  vbounds          :       0.00       0.00      1          0          0          0          0          0          0          0          0          0
  varbound         :       0.02       0.00    319          0          0          0         55          0       1234          0          0          0
  setppc           :       0.03       0.00    445          0          0          0          0          0          0          0          0          0
  linear           :       0.50       0.00    321         55         20          0       6600          0        281          0          0       3080
  orbitope         :       0.00       0.00      0          0          0          0          0          0          0          0          0          0
  logicor          :       0.00       0.00      0          0          0          0          0          0          0          0          0          0
  benders          :       0.00       0.00      0          0          0          0          0          0          0          0          0          0
  components       :       0.00       0.00      1          0          0          0          0          0          0          0          0          0
  root node        :          -          -      -          0          -          -          0          -          -          -          -          -
Constraints        :     Number  MaxNumber  #Separate #Propagate    #EnfoLP    #EnfoRelax  #EnfoPS    #Check   #ResProp    Cutoffs    DomReds       Cuts    Applied      Conss   Children
  benderslp        :          0          0          0          0          0          0          0         13          0          0          0          0          0          0          0
  integral         :          0          0          0          0          0          0          0         13          0          0          0          0          0          0          0
  varbound         :         40         40          1       7873          0          0          0          7          0          0          0          0          0          0          0
  setppc           :         20         20          1       7873          0          0          0          7          0          0          0          0          0          0          0
  linear           :       1581       1581          1       7873          0          0          0          2          0        957          0          0          0          0          0
  orbitope         :          1          1          0        102          0          0          0          2          0          0          0          0          0          0          0
  logicor          :          0+         1          1          4          0          0          0          0          0          0          0          0          0          0          0
  benders          :          0          0          0          0          0          0          0          3          0          0          0          0          0          0          0
  countsols        :          0          0          0          0          0          0          0          3          0          0          0          0          0          0          0
  components       :          0          0          0          0          0          0          0          0          0          0          0          0          0          0          0
Constraint Timings :  TotalTime  SetupTime   Separate  Propagate     EnfoLP     EnfoPS     EnfoRelax   Check    ResProp    SB-Prop
  benderslp        :       0.00       0.00       0.00       0.00       0.00       0.00       0.00       0.00       0.00       0.00
  integral         :       0.00       0.00       0.00       0.00       0.00       0.00       0.00       0.00       0.00       0.00
  varbound         :       0.12       0.00       0.00       0.12       0.00       0.00       0.00       0.00       0.00       0.00
  setppc           :       0.00       0.00       0.00       0.00       0.00       0.00       0.00       0.00       0.00       0.00
  linear           :       1.29       0.00       0.00       1.28       0.00       0.00       0.00       0.00       0.00       0.00
  orbitope         :       0.00       0.00       0.00       0.00       0.00       0.00       0.00       0.00       0.00       0.00
  logicor          :       0.00       0.00       0.00       0.00       0.00       0.00       0.00       0.00       0.00       0.00
  benders          :       0.00       0.00       0.00       0.00       0.00       0.00       0.00       0.00       0.00       0.00
  countsols        :       0.00       0.00       0.00       0.00       0.00       0.00       0.00       0.00       0.00       0.00
  components       :       0.00       0.00       0.00       0.00       0.00       0.00       0.00       0.00       0.00       0.00
Propagators        : #Propagate   #ResProp    Cutoffs    DomReds
  dualfix          :          1          0          0          0
  genvbounds       :          0          0          0          0
  nlobbt           :          0          0          0          0
  obbt             :          0          0          0          0
  probing          :          0          0          0          0
  pseudoobj        :          3          0          0          0
  redcost          :          2          0          0          0
  rootredcost      :          0          0          0          0
  symmetry         :          0          0          0          0
  vbounds          :         68          0          0          0
Propagator Timings :  TotalTime  SetupTime   Presolve  Propagate    ResProp    SB-Prop
  dualfix          :       0.02       0.00       0.02       0.00       0.00       0.00
  genvbounds       :       0.00       0.00       0.00       0.00       0.00       0.00
  nlobbt           :       0.00       0.00       0.00       0.00       0.00       0.00
  obbt             :       0.00       0.00       0.00       0.00       0.00       0.00
  probing          :       3.16       0.00       3.16       0.00       0.00       0.00
  pseudoobj        :       0.00       0.00       0.00       0.00       0.00       0.00
  redcost          :       0.00       0.00       0.00       0.00       0.00       0.00
  rootredcost      :       0.00       0.00       0.00       0.00       0.00       0.00
  symmetry         :       0.04       0.00       0.04       0.00       0.00       0.00
  vbounds          :       0.01       0.00       0.00       0.01       0.00       0.00
Orbital fixing     :
  vars fixed to 0  :          0
  vars fixed to 1  :          0
Conflict Analysis  :       Time      Calls    Success    DomReds  Conflicts   Literals    Reconvs ReconvLits   Dualrays   Nonzeros   LP Iters   (pool size: [10000,10000])
  propagation      :       0.00          0          0          -          0        0.0          0        0.0          -          -          -
  infeasible LP    :       0.00          0          0          -          0        0.0          0        0.0          0        0.0          0
  bound exceed. LP :       0.00          0          0          -          0        0.0          0        0.0          0        0.0          0
  strong branching :       0.00          0          0          -          0        0.0          0        0.0          -          -          0
  pseudo solution  :       0.00          0          0          -          0        0.0          0        0.0          -          -          -
  applied globally :       0.00          -          -          0          0        0.0          -          -          0          -          -
  applied locally  :          -          -          -          0          0        0.0          -          -          0          -          -
Separators         :   ExecTime  SetupTime      Calls    Cutoffs    DomReds       Cuts    Applied      Conss
  cut pool         :       0.00                     1          -          -          3          -          -    (maximal pool size: 6)
  aggregation      :       0.00       0.00          1          0          0          4          2          0
  > cmir           :          -          -          -          -          -          -          2          -
  > flowcover      :          -          -          -          -          -          -          0          -
  > knapsackcover  :          -          -          -          -          -          -          0          -
  cgmip            :       0.00       0.00          0          0          0          0          0          0
  clique           :       0.00       0.00          1          0          0          0          0          0
  closecuts        :       0.00       0.00          0          0          0          0          0          0
  convexproj       :       0.00       0.00          0          0          0          0          0          0
  disjunctive      :       0.00       0.00          0          0          0          0          0          0
  eccuts           :       0.00       0.00          0          0          0          0          0          0
  gauge            :       0.00       0.00          0          0          0          0          0          0
  gomory           :       0.00       0.00          1          0          0          2          0          0
  > gomorymi       :          -          -          -          -          -          -          0          -
  > strongcg       :          -          -          -          -          -          -          0          -
  impliedbounds    :       0.00       0.00          1          0          0          0          0          0
  interminor       :       0.00       0.00          0          0          0          0          0          0
  intobj           :       0.00       0.00          0          0          0          0          0          0
  mcf              :       0.00       0.00          1          0          0          0          0          0
  minor            :       0.00       0.00          0          0          0          0          0          0
  mixing           :       0.00       0.00          1          0          0          0          0          0
  oddcycle         :       0.00       0.00          0          0          0          0          0          0
  rapidlearning    :       0.00       0.00          0          0          0          0          0          0
  rlt              :       0.00       0.00          1          0          0          0          0          0
  zerohalf         :       0.00       0.00          1          0          0          0          0          0
Cutselectors       :   ExecTime  SetupTime
  hybrid           :       0.00       0.00
Pricers            :   ExecTime  SetupTime      Calls       Vars
  problem variables:       0.00          -          0          0
Branching Rules    :   ExecTime  SetupTime   BranchLP  BranchExt   BranchPS    Cutoffs    DomReds       Cuts      Conss   Children
  allfullstrong    :       0.00       0.00          0          0          0          0          0          0          0          0
  cloud            :       0.00       0.00          0          0          0          0          0          0          0          0
  distribution     :       0.00       0.00          0          0          0          0          0          0          0          0
  fullstrong       :       0.00       0.00          0          0          0          0          0          0          0          0
  inference        :       0.00       0.00          0          0          0          0          0          0          0          0
  leastinf         :       0.00       0.00          0          0          0          0          0          0          0          0
  lookahead        :       0.00       0.00          0          0          0          0          0          0          0          0
  mostinf          :       0.00       0.00          0          0          0          0          0          0          0          0
  multaggr         :       0.00       0.00          0          0          0          0          0          0          0          0
  nodereopt        :       0.00       0.00          0          0          0          0          0          0          0          0
  pscost           :       0.00       0.00          0          0          0          0          0          0          0          0
  random           :       0.00       0.00          0          0          0          0          0          0          0          0
  relpscost        :       0.00       0.00          0          0          0          0          0          0          0          0
  vanillafullstrong:       0.00       0.00          0          0          0          0          0          0          0          0
Primal Heuristics  :   ExecTime  SetupTime      Calls      Found       Best
  LP solutions     :       0.00          -          -          0          0
  relax solutions  :       0.00          -          -          0          0
  pseudo solutions :       0.00          -          -          0          0
  strong branching :       0.00          -          -          0          0
  actconsdiving    :       0.00       0.00          0          0          0
  adaptivediving   :       0.00       0.00          0          0          0
  alns             :       0.00       0.00          0          0          0
  bound            :       0.00       0.00          0          0          0
  clique           :       0.01       0.00          1          0          0
  coefdiving       :       0.00       0.00          0          0          0
  completesol      :       0.00       0.00          0          0          0
  conflictdiving   :       0.00       0.00          0          0          0
  crossover        :       0.00       0.00          0          0          0
  dins             :       0.00       0.00          0          0          0
  distributiondivin:       0.00       0.00          0          0          0
  dps              :       0.00       0.00          0          0          0
  dualval          :       0.00       0.00          0          0          0
  farkasdiving     :       0.00       0.00          0          0          0
  feaspump         :       0.02       0.00          1          1          1
  fixandinfer      :       0.00       0.00          0          0          0
  fracdiving       :       0.00       0.00          0          0          0
  gins             :       0.00       0.00          0          0          0
  guideddiving     :       0.00       0.00          0          0          0
  indicator        :       0.00       0.00          0          0          0
  intdiving        :       0.00       0.00          0          0          0
  intshifting      :       0.00       0.00          0          0          0
  linesearchdiving :       0.00       0.00          0          0          0
  localbranching   :       0.00       0.00          0          0          0
  locks            :       0.00       0.00          1          0          0
  lpface           :       0.00       0.00          0          0          0
  mpec             :       0.00       0.00          0          0          0
  multistart       :       0.00       0.00          0          0          0
  mutation         :       0.00       0.00          0          0          0
  nlpdiving        :       0.00       0.00          0          0          0
  objpscostdiving  :       0.00       0.00          0          0          0
  octane           :       0.00       0.00          0          0          0
  ofins            :       0.00       0.00          0          0          0
  oneopt           :       0.00       0.00          1          0          0
  padm             :       0.00       0.00          0          0          0
  proximity        :       0.00       0.00          0          0          0
  pscostdiving     :       0.00       0.00          0          0          0
  randrounding     :       0.00       0.00          2          1          1
  rens             :       0.00       0.00          0          0          0
  reoptsols        :       0.00       0.00          0          0          0
  repair           :       0.00       0.00          0          0          0
  rins             :       0.00       0.00          0          0          0
  rootsoldiving    :       0.00       0.00          0          0          0
  rounding         :       0.00       0.00          1          0          0
  shiftandpropagate:       0.02       0.00          1          0          0
  shifting         :       0.00       0.00          1          0          0
  simplerounding   :       0.00       0.00          0          0          0
  subnlp           :       0.00       0.00          0          0          0
  trivial          :       0.01       0.00          2          0          0
  trivialnegation  :       0.00       0.00          0          0          0
  trustregion      :       0.00       0.00          0          0          0
  trysol           :       0.00       0.00          0          0          0
  twoopt           :       0.00       0.00          0          0          0
  undercover       :       0.00       0.00          0          0          0
  vbounds          :       0.00       0.00          0          0          0
  veclendiving     :       0.00       0.00          0          0          0
  zeroobj          :       0.00       0.00          0          0          0
  zirounding       :       0.00       0.00          0          0          0
  other solutions  :          -          -          -          0          -
Diving (single)    :      Calls      Nodes   LP Iters Backtracks  Conflicts   MinDepth   MaxDepth   AvgDepth  RoundSols  NLeafSols  MinSolDpt  MaxSolDpt  AvgSolDpt
  actconsdiving    :          0          -          -          -          -          -          -          -          -          -          -          -          -
  coefdiving       :          0          -          -          -          -          -          -          -          -          -          -          -          -
  conflictdiving   :          0          -          -          -          -          -          -          -          -          -          -          -          -
  distributiondivin:          0          -          -          -          -          -          -          -          -          -          -          -          -
  farkasdiving     :          0          -          -          -          -          -          -          -          -          -          -          -          -
  fracdiving       :          0          -          -          -          -          -          -          -          -          -          -          -          -
  guideddiving     :          0          -          -          -          -          -          -          -          -          -          -          -          -
  linesearchdiving :          0          -          -          -          -          -          -          -          -          -          -          -          -
  pscostdiving     :          0          -          -          -          -          -          -          -          -          -          -          -          -
  veclendiving     :          0          -          -          -          -          -          -          -          -          -          -          -          -
Diving (adaptive)  :      Calls      Nodes   LP Iters Backtracks  Conflicts   MinDepth   MaxDepth   AvgDepth  RoundSols  NLeafSols  MinSolDpt  MaxSolDpt  AvgSolDpt
  actconsdiving    :          0          -          -          -          -          -          -          -          -          -          -          -          -
  coefdiving       :          0          -          -          -          -          -          -          -          -          -          -          -          -
  conflictdiving   :          0          -          -          -          -          -          -          -          -          -          -          -          -
  distributiondivin:          0          -          -          -          -          -          -          -          -          -          -          -          -
  farkasdiving     :          0          -          -          -          -          -          -          -          -          -          -          -          -
  fracdiving       :          0          -          -          -          -          -          -          -          -          -          -          -          -
  guideddiving     :          0          -          -          -          -          -          -          -          -          -          -          -          -
  linesearchdiving :          0          -          -          -          -          -          -          -          -          -          -          -          -
  pscostdiving     :          0          -          -          -          -          -          -          -          -          -          -          -          -
  veclendiving     :          0          -          -          -          -          -          -          -          -          -          -          -          -
Neighborhoods      :      Calls  SetupTime  SolveTime SolveNodes       Sols       Best       Exp3  EpsGreedy        UCB TgtFixRate  Opt  Inf Node Stal  Sol  Usr Othr Actv
  rens             :          0       0.00       0.00          0          0          0    0.00000   -1.00000    1.00000      0.900    0    0    0    0    0    0    0    1
  rins             :          0       0.00       0.00          0          0          0    0.00000   -1.00000    1.00000      0.900    0    0    0    0    0    0    0    1
  mutation         :          0       0.00       0.00          0          0          0    0.00000   -1.00000    1.00000      0.900    0    0    0    0    0    0    0    1
  localbranching   :          0       0.00       0.00          0          0          0    0.00000   -1.00000    1.00000      0.900    0    0    0    0    0    0    0    1
  crossover        :          0       0.00       0.00          0          0          0    0.00000   -1.00000    1.00000      0.900    0    0    0    0    0    0    0    1
  proximity        :          0       0.00       0.00          0          0          0    0.00000   -1.00000    1.00000      0.900    0    0    0    0    0    0    0    1
  zeroobjective    :          0       0.00       0.00          0          0          0    0.00000   -1.00000    1.00000      0.900    0    0    0    0    0    0    0    1
  dins             :          0       0.00       0.00          0          0          0    0.00000   -1.00000    1.00000      0.900    0    0    0    0    0    0    0    1
  trustregion      :          0       0.00       0.00          0          0          0    0.00000   -1.00000    1.00000      0.900    0    0    0    0    0    0    0    0
LP                 :       Time      Calls Iterations  Iter/call   Iter/sec  Time-0-It Calls-0-It    ItLimit
  primal LP        :       0.00          0          0       0.00          -       0.00          0
  dual LP          :       0.02          2        491     245.50   24101.71       0.00          0
  lex dual LP      :       0.00          0          0       0.00          -
  barrier LP       :       0.00          0          0       0.00          -       0.00          0
  resolve instable :       0.00          0          0       0.00          -
  diving/probing LP:       0.01          3       1465     488.33  106895.29
  strong branching :       0.00          0          0       0.00          -          -          -          0
    (at root node) :          -          0          0       0.00          -
  conflict analysis:       0.00          0          0       0.00          -
B&B Tree           :
  number of runs   :          1
  nodes            :          1 (0 internal, 1 leaves)
  feasible leaves  :          0
  infeas. leaves   :          0
  objective leaves :          1
  nodes (total)    :          1 (0 internal, 1 leaves)
  nodes left       :          0
  max depth        :          0
  max depth (total):          0
  backtracks       :          0 (0.0%)
  early backtracks :          0 (0.0%)
  nodes exc. ref.  :          0 (0.0%)
  delayed cutoffs  :          0
  repropagations   :          0 (0 domain reductions, 0 cutoffs)
  avg switch length:       2.00
  switching time   :       0.00
Estim. Tree Size   :          1
Estimation Tree    : 1 nodes (1 visited, 0 internal, 1 leaves, 0 open), weight: 1.0000 completed 1.0000
Estimations        :      estim      value      trend resolution     smooth
  wbe              :          1          -          -          -          -
  tree-profile     :         -1          -          -          -          -
  gap              :          1    1.00000    1.00000          1          1
  tree-weight      :          1    1.00000    1.00000          1          1
  leaf-frequency   :          1    0.50000    1.00000          1          1
  ssg              :          1    0.00000   -1.00000          1          1
  open-nodes       :          1    0.00000    0.00000          1          1
Root Node          :
  First LP value   : -4.46485867074102e+00
  First LP Iters   :        489 (24688.24 Iter/sec)
  First LP Time    :       0.02
  Final Dual Bound : -4.46485867074102e+00
  Final Root Iters :       1956
  Root LP Estimate :                     -
Solution           :
  Solutions found  :          2 (2 improvements)
  First Solution   : -4.43233082706767e+00   (in run 1, after 1 nodes, 5.20 seconds, depth 0, found by <feaspump>)
  Gap First Sol.   :       0.73 %
  Gap Last Sol.    :       0.00 %
  Primal Bound     : -4.46485867074102e+00   (in run 1, after 1 nodes, 5.21 seconds, depth 4, found by <randrounding>)
  Dual Bound       : -4.46485867074102e+00
  Gap              :       0.00 %
Integrals          :      Total       Avg%
  primal-dual      :     519.68      99.63
  primal-ref       :          -          - (not evaluated)
  dual-ref         :          -          - (not evaluated)
