SCIP version 8.0.0 [precision: 8 byte] [memory: block] [mode: optimized] [LP solver: SoPlex 6.0.0] [GitHash: a740f0891e]
Copyright (C) 2002-2021 Konrad-Zuse-Zentrum fuer Informationstechnik Berlin (ZIB)

External libraries: 
  SoPlex 6.0.0         Linear Programming Solver developed at Zuse Institute Berlin (soplex.zib.de) [GitHash: 71a5873d]
  CppAD 20180000.0     Algorithmic Differentiation of C++ algorithms developed by B. Bell (github.com/coin-or/CppAD)
  ZLIB 1.2.11          General purpose compression library by J. Gailly and M. Adler (zlib.net)
  GMP 6.2.1            GNU Multiple Precision Arithmetic Library developed by T. Granlund (gmplib.org)
  ZIMPL 3.5.1          Zuse Institute Mathematical Programming Language developed by T. Koch (zimpl.zib.de)
  AMPL/MP 4e2d45c4     AMPL .nl file reader library (github.com/ampl/mp)
  PaPILO 2.0.0         parallel presolve for integer and linear optimization (github.com/scipopt/papilo) [GitHash: 76cafc1]
  bliss 0.73p          Computing Graph Automorphism Groups by T. Junttila and P. Kaski (www.tcs.hut.fi/Software/bliss/)
  Ipopt 3.13.2         Interior Point Optimizer developed by A. Waechter et.al. (github.com/coin-or/Ipopt)

user parameter file <scip.set> not found - using default parameters

read problem <../modeles/20_14.lp>
============

original problem has 600 variables (280 bin, 0 int, 0 impl, 320 cont) and 361 constraints

solve problem
=============

presolving:
(round 1, fast)       20 del vars, 0 del conss, 0 add conss, 640 chg bounds, 0 chg sides, 0 chg coeffs, 0 upgd conss, 0 impls, 20 clqs
(round 2, fast)       20 del vars, 0 del conss, 0 add conss, 640 chg bounds, 0 chg sides, 280 chg coeffs, 0 upgd conss, 0 impls, 20 clqs
   (0.0s) running MILP presolver
   (0.0s) MILP presolver (6 rounds): 0 aggregations, 62 fixings, 0 bound changes
(round 3, medium)     82 del vars, 0 del conss, 0 add conss, 640 chg bounds, 0 chg sides, 280 chg coeffs, 0 upgd conss, 0 impls, 20 clqs
(round 4, fast)       82 del vars, 27 del conss, 0 add conss, 640 chg bounds, 0 chg sides, 280 chg coeffs, 0 upgd conss, 0 impls, 20 clqs
(round 5, exhaustive) 82 del vars, 27 del conss, 0 add conss, 640 chg bounds, 0 chg sides, 280 chg coeffs, 76 upgd conss, 0 impls, 20 clqs
(round 6, exhaustive) 107 del vars, 27 del conss, 0 add conss, 640 chg bounds, 0 chg sides, 280 chg coeffs, 76 upgd conss, 323 impls, 20 clqs
(round 7, fast)       107 del vars, 36 del conss, 0 add conss, 640 chg bounds, 0 chg sides, 280 chg coeffs, 76 upgd conss, 323 impls, 20 clqs
(round 8, exhaustive) 107 del vars, 36 del conss, 0 add conss, 640 chg bounds, 0 chg sides, 280 chg coeffs, 99 upgd conss, 323 impls, 20 clqs
(round 9, exhaustive) 132 del vars, 36 del conss, 0 add conss, 641 chg bounds, 0 chg sides, 280 chg coeffs, 99 upgd conss, 493 impls, 20 clqs
(round 10, fast)       134 del vars, 50 del conss, 0 add conss, 643 chg bounds, 0 chg sides, 281 chg coeffs, 99 upgd conss, 493 impls, 20 clqs
(round 11, exhaustive) 134 del vars, 50 del conss, 0 add conss, 643 chg bounds, 0 chg sides, 281 chg coeffs, 107 upgd conss, 493 impls, 20 clqs
(round 12, exhaustive) 161 del vars, 50 del conss, 0 add conss, 648 chg bounds, 0 chg sides, 281 chg coeffs, 107 upgd conss, 866 impls, 20 clqs
(round 13, fast)       161 del vars, 64 del conss, 0 add conss, 648 chg bounds, 0 chg sides, 286 chg coeffs, 107 upgd conss, 866 impls, 20 clqs
   (0.0s) running MILP presolver
   (0.0s) MILP presolver (4 rounds): 1 aggregations, 44 fixings, 0 bound changes
(round 14, medium)     206 del vars, 80 del conss, 2 add conss, 648 chg bounds, 0 chg sides, 286 chg coeffs, 107 upgd conss, 866 impls, 20 clqs
(round 15, fast)       206 del vars, 89 del conss, 2 add conss, 648 chg bounds, 0 chg sides, 286 chg coeffs, 107 upgd conss, 867 impls, 21 clqs
(round 16, exhaustive) 206 del vars, 89 del conss, 2 add conss, 648 chg bounds, 0 chg sides, 286 chg coeffs, 130 upgd conss, 867 impls, 21 clqs
(round 17, exhaustive) 231 del vars, 89 del conss, 2 add conss, 656 chg bounds, 0 chg sides, 286 chg coeffs, 130 upgd conss, 1264 impls, 21 clqs
(round 18, fast)       231 del vars, 103 del conss, 2 add conss, 656 chg bounds, 0 chg sides, 294 chg coeffs, 130 upgd conss, 1264 impls, 21 clqs
(round 19, exhaustive) 231 del vars, 103 del conss, 2 add conss, 656 chg bounds, 0 chg sides, 294 chg coeffs, 134 upgd conss, 1264 impls, 21 clqs
(round 20, exhaustive) 256 del vars, 103 del conss, 2 add conss, 665 chg bounds, 0 chg sides, 294 chg coeffs, 134 upgd conss, 1492 impls, 21 clqs
(round 21, fast)       256 del vars, 118 del conss, 2 add conss, 665 chg bounds, 0 chg sides, 303 chg coeffs, 134 upgd conss, 1492 impls, 21 clqs
(round 22, exhaustive) 256 del vars, 118 del conss, 2 add conss, 665 chg bounds, 0 chg sides, 303 chg coeffs, 139 upgd conss, 1492 impls, 21 clqs
   (0.1s) probing cycle finished: starting next cycle
   (0.1s) probing: 89/159 (56.0%) - 132 fixings, 0 aggregations, 1479 implications, 39 bound changes
   (0.1s) probing aborted: 50/50 successive totally useless probings
(round 23, exhaustive) 261 del vars, 118 del conss, 2 add conss, 681 chg bounds, 0 chg sides, 303 chg coeffs, 139 upgd conss, 1599 impls, 21 clqs
(round 24, fast)       261 del vars, 121 del conss, 2 add conss, 681 chg bounds, 0 chg sides, 319 chg coeffs, 139 upgd conss, 1599 impls, 21 clqs
(round 25, exhaustive) 261 del vars, 121 del conss, 2 add conss, 681 chg bounds, 0 chg sides, 319 chg coeffs, 140 upgd conss, 1599 impls, 21 clqs
   (0.1s) probing: 94/159 (59.1%) - 132 fixings, 0 aggregations, 1479 implications, 39 bound changes
   (0.1s) probing aborted: 50/50 successive totally useless probings
   (0.1s) symmetry computation started: requiring (bin +, int -, cont +), (fixed: bin -, int +, cont -)
   (0.1s) symmetry computation finished: 17 generators found (max: 1500, log10 of symmetry group size: 15.8)
(round 26, exhaustive) 261 del vars, 121 del conss, 3 add conss, 681 chg bounds, 0 chg sides, 319 chg coeffs, 140 upgd conss, 1600 impls, 21 clqs
presolving (27 rounds: 27 fast, 17 medium, 15 exhaustive):
 261 deleted vars, 121 deleted constraints, 3 added constraints, 681 tightened bounds, 0 added holes, 0 changed sides, 319 changed coefficients
 1600 implications, 21 cliques
presolved problem has 339 variables (159 bin, 0 int, 0 impl, 180 cont) and 241 constraints
     39 constraints of type <varbound>
     19 constraints of type <setppc>
    182 constraints of type <linear>
      1 constraints of type <orbitope>
Presolving Time: 0.07

 time | node  | left  |LP iter|LP it/n|mem/heur|mdpt |vars |cons |rows |cuts |sepa|confs|strbr|  dualbound   | primalbound  |  gap   | compl. 
  0.1s|     1 |     0 |    77 |     - |  7833k |   0 | 339 | 241 | 240 |   0 |  0 |   0 |   0 |-3.500000e+00 |      --      |    Inf | unknown
o 0.1s|     1 |     0 |   264 |     - |feaspump|   0 | 339 | 241 | 240 |   0 |  0 |   0 |   0 |-3.500000e+00 |-3.500000e+00 |   0.00%| unknown
  0.1s|     1 |     0 |   264 |     - |  7877k |   0 | 339 | 241 | 240 |   0 |  0 |   0 |   0 |-3.500000e+00 |-3.500000e+00 |   0.00%| unknown

SCIP Status        : problem is solved [optimal solution found]
Solving Time (sec) : 0.08
Solving Nodes      : 1
Primal Bound       : -3.50000000000000e+00 (1 solutions)
Dual Bound         : -3.50000000000000e+00
Gap                : 0.00 %

primal solution (original space):
=================================

objective value:                                 -3.5
y_1,6_                                              1 	(obj:0)
y_2,6_                                              1 	(obj:0)
y_6,6_                                              1 	(obj:0)
y_8,6_                                              1 	(obj:0)
y_15,6_                                             1 	(obj:0)
y_16,6_                                             1 	(obj:0)
y_19,6_                                             1 	(obj:0)
y_20,6_                                             1 	(obj:0)
y_3,7_                                              1 	(obj:0)
y_4,7_                                              1 	(obj:0)
y_5,7_                                              1 	(obj:0)
y_7,7_                                              1 	(obj:0)
y_9,7_                                              1 	(obj:0)
y_10,7_                                             1 	(obj:0)
y_11,7_                                             1 	(obj:0)
y_12,7_                                             1 	(obj:0)
y_13,7_                                             1 	(obj:0)
y_14,7_                                             1 	(obj:0)
y_17,7_                                             1 	(obj:0)
y_18,7_                                             1 	(obj:0)
x_9_                              -0.0714285714285718 	(obj:1)
t_10,7_                                             1 	(obj:0)
x_7_                               -0.285714285714286 	(obj:1)
x_10_                              -0.285714285714286 	(obj:1)
x_2_                               -0.285714285714286 	(obj:1)
t_11,7_                                             1 	(obj:0)
x_11_                              -0.285714285714286 	(obj:1)
x_1_                               -0.285714285714286 	(obj:1)
t_12,8_                                             1 	(obj:0)
t_5,8_                                              1 	(obj:0)
t_7,7_                                              1 	(obj:0)
t_9,8_                              0.749999999999999 	(obj:0)
t_13,8_                                             1 	(obj:0)
t_1,7_                                              1 	(obj:0)
t_3,8_                                              1 	(obj:0)
t_14,8_                                             1 	(obj:0)
t_9,7_                              0.250000000000001 	(obj:0)
t_4,7_                                              1 	(obj:0)
t_15,7_                                             1 	(obj:0)
x_8_                               -0.285714285714286 	(obj:1)
x_15_                              -0.285714285714286 	(obj:1)
t_16,7_                                             1 	(obj:0)
x_16_                              -0.285714285714286 	(obj:1)
x_20_                              -0.285714285714286 	(obj:1)
t_17,8_                                             1 	(obj:0)
x_6_                               -0.285714285714286 	(obj:1)
t_8,7_                                              1 	(obj:0)
t_18,8_                                             1 	(obj:0)
t_19,7_                                             1 	(obj:0)
x_4_                               -0.285714285714286 	(obj:1)
t_2,7_                                              1 	(obj:0)
t_6,7_                                              1 	(obj:0)
x_19_                              -0.285714285714286 	(obj:1)
t_20,7_                                             1 	(obj:0)

Statistics
==========

SCIP Status        : problem is solved [optimal solution found]
Total Time         :       0.08
  solving          :       0.08
  presolving       :       0.07 (included in solving)
  reading          :       0.00
  copying          :       0.00 (0 times copied the problem)
Original Problem   :
  Problem name     : ../modeles/20_14.lp
  Variables        : 600 (280 binary, 0 integer, 0 implicit integer, 320 continuous)
  Constraints      : 361 initial, 361 maximal
  Objective        : minimize, 20 non-zeros (abs.min = 1, abs.max = 1)
Presolved Problem  :
  Problem name     : t_../modeles/20_14.lp
  Variables        : 339 (159 binary, 0 integer, 0 implicit integer, 180 continuous)
  Constraints      : 241 initial, 241 maximal
  Objective        : minimize, 160 non-zeros (abs.min = 0.285714, abs.max = 1.14286)
  Nonzeros         : 1306 constraint, 165 clique table
Presolvers         :   ExecTime  SetupTime  Calls  FixedVars   AggrVars   ChgTypes  ChgBounds   AddHoles    DelCons    AddCons   ChgSides   ChgCoefs
  boundshift       :       0.00       0.00      0          0          0          0          0          0          0          0          0          0
  convertinttobin  :       0.00       0.00      0          0          0          0          0          0          0          0          0          0
  domcol           :       0.00       0.00      8          0          0          0          0          0          0          0          0          0
  dualagg          :       0.00       0.00      0          0          0          0          0          0          0          0          0          0
  dualcomp         :       0.00       0.00      8          0          0          0          0          0          0          0          0          0
  dualinfer        :       0.00       0.00      0          0          0          0          0          0          0          0          0          0
  dualsparsify     :       0.00       0.00      1          0          0          0          0          0          0          0          0          0
  gateextraction   :       0.00       0.00      0          0          0          0          0          0          0          0          0          0
  implics          :       0.00       0.00     17          0          0          0          0          0          0          0          0          0
  inttobinary      :       0.00       0.00      0          0          0          0          0          0          0          0          0          0
  milp             :       0.01       0.00      2        106          1          0          0          0          0          0          0          0
  qpkktref         :       0.00       0.00      0          0          0          0          0          0          0          0          0          0
  redvub           :       0.00       0.00      0          0          0          0          0          0          0          0          0          0
  sparsify         :       0.00       0.00      2          0          0          0          0          0          0          0          0          0
  stuffing         :       0.00       0.00      0          0          0          0          0          0          0          0          0          0
  trivial          :       0.00       0.00     27          0          0          0          0          0          0          0          0          0
  tworowbnd        :       0.00       0.00      0          0          0          0          0          0          0          0          0          0
  dualfix          :       0.00       0.00     27          0          0          0          0          0          0          0          0          0
  genvbounds       :       0.00       0.00      0          0          0          0          0          0          0          0          0          0
  probing          :       0.03       0.00      7        132          0          0         39          0          0          0          0          0
  pseudoobj        :       0.00       0.00      0          0          0          0          0          0          0          0          0          0
  symmetry         :       0.00       0.00      1          0          0          0          0          0          0          1          0          0
  vbounds          :       0.00       0.00      1          0          0          0          0          0          0          0          0          0
  varbound         :       0.00       0.00     37          0          0          0          2          0         81          1          0         39
  setppc           :       0.00       0.00     51          0          0          0          0          0          1          1          0          0
  linear           :       0.01       0.00     42          2         20          0        640          0         39          0          0        280
  orbitope         :       0.00       0.00      1          0          0          0          0          0          0          0          0          0
  benders          :       0.00       0.00      0          0          0          0          0          0          0          0          0          0
  components       :       0.00       0.00      1          0          0          0          0          0          0          0          0          0
  root node        :          -          -      -          0          -          -          0          -          -          -          -          -
Constraints        :     Number  MaxNumber  #Separate #Propagate    #EnfoLP    #EnfoRelax  #EnfoPS    #Check   #ResProp    Cutoffs    DomReds       Cuts    Applied      Conss   Children
  benderslp        :          0          0          0          0          0          0          0         11          0          0          0          0          0          0          0
  integral         :          0          0          0          0          0          0          0         11          0          0          0          0          0          0          0
  varbound         :         39         39          0       1264          0          0          0          5          0          0          0          0          0          0          0
  setppc           :         19         19          0       1264          0          0          0          5          0          0          0          0          0          0          0
  linear           :        182        182          0       1264          0          0          0          1          0        108          0          0          0          0          0
  orbitope         :          1          1          0        160          0          0          0          1          0          0          0          0          0          0          0
  benders          :          0          0          0          0          0          0          0          2          0          0          0          0          0          0          0
  countsols        :          0          0          0          0          0          0          0          2          0          0          0          0          0          0          0
  components       :          0          0          0          0          0          0          0          0          0          0          0          0          0          0          0
Constraint Timings :  TotalTime  SetupTime   Separate  Propagate     EnfoLP     EnfoPS     EnfoRelax   Check    ResProp    SB-Prop
  benderslp        :       0.00       0.00       0.00       0.00       0.00       0.00       0.00       0.00       0.00       0.00
  integral         :       0.00       0.00       0.00       0.00       0.00       0.00       0.00       0.00       0.00       0.00
  varbound         :       0.00       0.00       0.00       0.00       0.00       0.00       0.00       0.00       0.00       0.00
  setppc           :       0.00       0.00       0.00       0.00       0.00       0.00       0.00       0.00       0.00       0.00
  linear           :       0.01       0.00       0.00       0.01       0.00       0.00       0.00       0.00       0.00       0.00
  orbitope         :       0.00       0.00       0.00       0.00       0.00       0.00       0.00       0.00       0.00       0.00
  benders          :       0.00       0.00       0.00       0.00       0.00       0.00       0.00       0.00       0.00       0.00
  countsols        :       0.00       0.00       0.00       0.00       0.00       0.00       0.00       0.00       0.00       0.00
  components       :       0.00       0.00       0.00       0.00       0.00       0.00       0.00       0.00       0.00       0.00
Propagators        : #Propagate   #ResProp    Cutoffs    DomReds
  dualfix          :          1          0          0          0
  genvbounds       :          0          0          0          0
  nlobbt           :          0          0          0          0
  obbt             :          0          0          0          0
  probing          :          0          0          0          0
  pseudoobj        :          2          0          0          0
  redcost          :          1          0          0          0
  rootredcost      :          0          0          0          0
  symmetry         :          0          0          0          0
  vbounds          :        134          0          0          0
Propagator Timings :  TotalTime  SetupTime   Presolve  Propagate    ResProp    SB-Prop
  dualfix          :       0.00       0.00       0.00       0.00       0.00       0.00
  genvbounds       :       0.00       0.00       0.00       0.00       0.00       0.00
  nlobbt           :       0.00       0.00       0.00       0.00       0.00       0.00
  obbt             :       0.00       0.00       0.00       0.00       0.00       0.00
  probing          :       0.03       0.00       0.03       0.00       0.00       0.00
  pseudoobj        :       0.00       0.00       0.00       0.00       0.00       0.00
  redcost          :       0.00       0.00       0.00       0.00       0.00       0.00
  rootredcost      :       0.00       0.00       0.00       0.00       0.00       0.00
  symmetry         :       0.00       0.00       0.00       0.00       0.00       0.00
  vbounds          :       0.00       0.00       0.00       0.00       0.00       0.00
Orbital fixing     :
  vars fixed to 0  :          0
  vars fixed to 1  :          0
Conflict Analysis  :       Time      Calls    Success    DomReds  Conflicts   Literals    Reconvs ReconvLits   Dualrays   Nonzeros   LP Iters   (pool size: [--,--])
  propagation      :       0.00          0          0          -          0        0.0          0        0.0          -          -          -
  infeasible LP    :       0.00          0          0          -          0        0.0          0        0.0          0        0.0          0
  bound exceed. LP :       0.00          0          0          -          0        0.0          0        0.0          0        0.0          0
  strong branching :       0.00          0          0          -          0        0.0          0        0.0          -          -          0
  pseudo solution  :       0.00          0          0          -          0        0.0          0        0.0          -          -          -
  applied globally :       0.00          -          -          0          0        0.0          -          -          0          -          -
  applied locally  :          -          -          -          0          0        0.0          -          -          0          -          -
Separators         :   ExecTime  SetupTime      Calls    Cutoffs    DomReds       Cuts    Applied      Conss
  cut pool         :       0.00                     0          -          -          0          -          -    (maximal pool size: 0)
  aggregation      :       0.00       0.00          0          0          0          0          0          0
  > cmir           :          -          -          -          -          -          -          0          -
  > flowcover      :          -          -          -          -          -          -          0          -
  > knapsackcover  :          -          -          -          -          -          -          0          -
  cgmip            :       0.00       0.00          0          0          0          0          0          0
  clique           :       0.00       0.00          0          0          0          0          0          0
  closecuts        :       0.00       0.00          0          0          0          0          0          0
  convexproj       :       0.00       0.00          0          0          0          0          0          0
  disjunctive      :       0.00       0.00          0          0          0          0          0          0
  eccuts           :       0.00       0.00          0          0          0          0          0          0
  gauge            :       0.00       0.00          0          0          0          0          0          0
  gomory           :       0.00       0.00          0          0          0          0          0          0
  > gomorymi       :          -          -          -          -          -          -          0          -
  > strongcg       :          -          -          -          -          -          -          0          -
  impliedbounds    :       0.00       0.00          0          0          0          0          0          0
  interminor       :       0.00       0.00          0          0          0          0          0          0
  intobj           :       0.00       0.00          0          0          0          0          0          0
  mcf              :       0.00       0.00          0          0          0          0          0          0
  minor            :       0.00       0.00          0          0          0          0          0          0
  mixing           :       0.00       0.00          0          0          0          0          0          0
  oddcycle         :       0.00       0.00          0          0          0          0          0          0
  rapidlearning    :       0.00       0.00          0          0          0          0          0          0
  rlt              :       0.00       0.00          0          0          0          0          0          0
  zerohalf         :       0.00       0.00          0          0          0          0          0          0
Cutselectors       :   ExecTime  SetupTime
  hybrid           :       0.00       0.00
Pricers            :   ExecTime  SetupTime      Calls       Vars
  problem variables:       0.00          -          0          0
Branching Rules    :   ExecTime  SetupTime   BranchLP  BranchExt   BranchPS    Cutoffs    DomReds       Cuts      Conss   Children
  allfullstrong    :       0.00       0.00          0          0          0          0          0          0          0          0
  cloud            :       0.00       0.00          0          0          0          0          0          0          0          0
  distribution     :       0.00       0.00          0          0          0          0          0          0          0          0
  fullstrong       :       0.00       0.00          0          0          0          0          0          0          0          0
  inference        :       0.00       0.00          0          0          0          0          0          0          0          0
  leastinf         :       0.00       0.00          0          0          0          0          0          0          0          0
  lookahead        :       0.00       0.00          0          0          0          0          0          0          0          0
  mostinf          :       0.00       0.00          0          0          0          0          0          0          0          0
  multaggr         :       0.00       0.00          0          0          0          0          0          0          0          0
  nodereopt        :       0.00       0.00          0          0          0          0          0          0          0          0
  pscost           :       0.00       0.00          0          0          0          0          0          0          0          0
  random           :       0.00       0.00          0          0          0          0          0          0          0          0
  relpscost        :       0.00       0.00          0          0          0          0          0          0          0          0
  vanillafullstrong:       0.00       0.00          0          0          0          0          0          0          0          0
Primal Heuristics  :   ExecTime  SetupTime      Calls      Found       Best
  LP solutions     :       0.00          -          -          0          0
  relax solutions  :       0.00          -          -          0          0
  pseudo solutions :       0.00          -          -          0          0
  strong branching :       0.00          -          -          0          0
  actconsdiving    :       0.00       0.00          0          0          0
  adaptivediving   :       0.00       0.00          0          0          0
  alns             :       0.00       0.00          0          0          0
  bound            :       0.00       0.00          0          0          0
  clique           :       0.00       0.00          1          0          0
  coefdiving       :       0.00       0.00          0          0          0
  completesol      :       0.00       0.00          0          0          0
  conflictdiving   :       0.00       0.00          0          0          0
  crossover        :       0.00       0.00          0          0          0
  dins             :       0.00       0.00          0          0          0
  distributiondivin:       0.00       0.00          0          0          0
  dps              :       0.00       0.00          0          0          0
  dualval          :       0.00       0.00          0          0          0
  farkasdiving     :       0.00       0.00          0          0          0
  feaspump         :       0.00       0.00          1          1          1
  fixandinfer      :       0.00       0.00          0          0          0
  fracdiving       :       0.00       0.00          0          0          0
  gins             :       0.00       0.00          0          0          0
  guideddiving     :       0.00       0.00          0          0          0
  indicator        :       0.00       0.00          0          0          0
  intdiving        :       0.00       0.00          0          0          0
  intshifting      :       0.00       0.00          0          0          0
  linesearchdiving :       0.00       0.00          0          0          0
  localbranching   :       0.00       0.00          0          0          0
  locks            :       0.00       0.00          1          0          0
  lpface           :       0.00       0.00          0          0          0
  mpec             :       0.00       0.00          0          0          0
  multistart       :       0.00       0.00          0          0          0
  mutation         :       0.00       0.00          0          0          0
  nlpdiving        :       0.00       0.00          0          0          0
  objpscostdiving  :       0.00       0.00          0          0          0
  octane           :       0.00       0.00          0          0          0
  ofins            :       0.00       0.00          0          0          0
  oneopt           :       0.00       0.00          0          0          0
  padm             :       0.00       0.00          0          0          0
  proximity        :       0.00       0.00          0          0          0
  pscostdiving     :       0.00       0.00          0          0          0
  randrounding     :       0.00       0.00          1          0          0
  rens             :       0.00       0.00          0          0          0
  reoptsols        :       0.00       0.00          0          0          0
  repair           :       0.00       0.00          0          0          0
  rins             :       0.00       0.00          0          0          0
  rootsoldiving    :       0.00       0.00          0          0          0
  rounding         :       0.00       0.00          1          0          0
  shiftandpropagate:       0.00       0.00          1          0          0
  shifting         :       0.00       0.00          1          0          0
  simplerounding   :       0.00       0.00          0          0          0
  subnlp           :       0.00       0.00          0          0          0
  trivial          :       0.00       0.00          2          0          0
  trivialnegation  :       0.00       0.00          0          0          0
  trustregion      :       0.00       0.00          0          0          0
  trysol           :       0.00       0.00          0          0          0
  twoopt           :       0.00       0.00          0          0          0
  undercover       :       0.00       0.00          0          0          0
  vbounds          :       0.00       0.00          0          0          0
  veclendiving     :       0.00       0.00          0          0          0
  zeroobj          :       0.00       0.00          0          0          0
  zirounding       :       0.00       0.00          0          0          0
  other solutions  :          -          -          -          0          -
Diving (single)    :      Calls      Nodes   LP Iters Backtracks  Conflicts   MinDepth   MaxDepth   AvgDepth  RoundSols  NLeafSols  MinSolDpt  MaxSolDpt  AvgSolDpt
  actconsdiving    :          0          -          -          -          -          -          -          -          -          -          -          -          -
  coefdiving       :          0          -          -          -          -          -          -          -          -          -          -          -          -
  conflictdiving   :          0          -          -          -          -          -          -          -          -          -          -          -          -
  distributiondivin:          0          -          -          -          -          -          -          -          -          -          -          -          -
  farkasdiving     :          0          -          -          -          -          -          -          -          -          -          -          -          -
  fracdiving       :          0          -          -          -          -          -          -          -          -          -          -          -          -
  guideddiving     :          0          -          -          -          -          -          -          -          -          -          -          -          -
  linesearchdiving :          0          -          -          -          -          -          -          -          -          -          -          -          -
  pscostdiving     :          0          -          -          -          -          -          -          -          -          -          -          -          -
  veclendiving     :          0          -          -          -          -          -          -          -          -          -          -          -          -
Diving (adaptive)  :      Calls      Nodes   LP Iters Backtracks  Conflicts   MinDepth   MaxDepth   AvgDepth  RoundSols  NLeafSols  MinSolDpt  MaxSolDpt  AvgSolDpt
  actconsdiving    :          0          -          -          -          -          -          -          -          -          -          -          -          -
  coefdiving       :          0          -          -          -          -          -          -          -          -          -          -          -          -
  conflictdiving   :          0          -          -          -          -          -          -          -          -          -          -          -          -
  distributiondivin:          0          -          -          -          -          -          -          -          -          -          -          -          -
  farkasdiving     :          0          -          -          -          -          -          -          -          -          -          -          -          -
  fracdiving       :          0          -          -          -          -          -          -          -          -          -          -          -          -
  guideddiving     :          0          -          -          -          -          -          -          -          -          -          -          -          -
  linesearchdiving :          0          -          -          -          -          -          -          -          -          -          -          -          -
  pscostdiving     :          0          -          -          -          -          -          -          -          -          -          -          -          -
  veclendiving     :          0          -          -          -          -          -          -          -          -          -          -          -          -
Neighborhoods      :      Calls  SetupTime  SolveTime SolveNodes       Sols       Best       Exp3  EpsGreedy        UCB TgtFixRate  Opt  Inf Node Stal  Sol  Usr Othr Actv
  rens             :          0       0.00       0.00          0          0          0    0.00000   -1.00000    1.00000      0.900    0    0    0    0    0    0    0    1
  rins             :          0       0.00       0.00          0          0          0    0.00000   -1.00000    1.00000      0.900    0    0    0    0    0    0    0    1
  mutation         :          0       0.00       0.00          0          0          0    0.00000   -1.00000    1.00000      0.900    0    0    0    0    0    0    0    1
  localbranching   :          0       0.00       0.00          0          0          0    0.00000   -1.00000    1.00000      0.900    0    0    0    0    0    0    0    1
  crossover        :          0       0.00       0.00          0          0          0    0.00000   -1.00000    1.00000      0.900    0    0    0    0    0    0    0    1
  proximity        :          0       0.00       0.00          0          0          0    0.00000   -1.00000    1.00000      0.900    0    0    0    0    0    0    0    1
  zeroobjective    :          0       0.00       0.00          0          0          0    0.00000   -1.00000    1.00000      0.900    0    0    0    0    0    0    0    1
  dins             :          0       0.00       0.00          0          0          0    0.00000   -1.00000    1.00000      0.900    0    0    0    0    0    0    0    1
  trustregion      :          0       0.00       0.00          0          0          0    0.00000   -1.00000    1.00000      0.900    0    0    0    0    0    0    0    0
LP                 :       Time      Calls Iterations  Iter/call   Iter/sec  Time-0-It Calls-0-It    ItLimit
  primal LP        :       0.00          0          0       0.00          -       0.00          0
  dual LP          :       0.00          1         77      77.00          -       0.00          0
  lex dual LP      :       0.00          0          0       0.00          -
  barrier LP       :       0.00          0          0       0.00          -       0.00          0
  resolve instable :       0.00          0          0       0.00          -
  diving/probing LP:       0.00          2        187      93.50          -
  strong branching :       0.00          0          0       0.00          -          -          -          0
    (at root node) :          -          0          0       0.00          -
  conflict analysis:       0.00          0          0       0.00          -
B&B Tree           :
  number of runs   :          1
  nodes            :          1 (0 internal, 1 leaves)
  feasible leaves  :          0
  infeas. leaves   :          0
  objective leaves :          1
  nodes (total)    :          1 (0 internal, 1 leaves)
  nodes left       :          0
  max depth        :          0
  max depth (total):          0
  backtracks       :          0 (0.0%)
  early backtracks :          0 (0.0%)
  nodes exc. ref.  :          0 (0.0%)
  delayed cutoffs  :          0
  repropagations   :          0 (0 domain reductions, 0 cutoffs)
  avg switch length:       2.00
  switching time   :       0.00
Estim. Tree Size   :          1
Estimation Tree    : 1 nodes (1 visited, 0 internal, 1 leaves, 0 open), weight: 1.0000 completed 1.0000
Estimations        :      estim      value      trend resolution     smooth
  wbe              :          1          -          -          -          -
  tree-profile     :         -1          -          -          -          -
  gap              :          1    1.00000    1.00000          1          1
  tree-weight      :          1    1.00000    1.00000          1          1
  leaf-frequency   :          1    0.50000    1.00000          1          1
  ssg              :          1    0.00000   -1.00000          1          1
  open-nodes       :          1    0.00000    0.00000          1          1
Root Node          :
  First LP value   : -3.50000000000000e+00
  First LP Iters   :         77 (98214.29 Iter/sec)
  First LP Time    :       0.00
  Final Dual Bound : -3.50000000000000e+00
  Final Root Iters :        264
  Root LP Estimate :                     -
Solution           :
  Solutions found  :          1 (1 improvements)
  First Solution   : -3.50000000000000e+00   (in run 1, after 1 nodes, 0.08 seconds, depth 0, found by <feaspump>)
  Gap First Sol.   :       0.00 %
  Gap Last Sol.    :       0.00 %
  Primal Bound     : -3.50000000000000e+00   (in run 1, after 1 nodes, 0.08 seconds, depth 0, found by <feaspump>)
  Dual Bound       : -3.50000000000000e+00
  Gap              :       0.00 %
Integrals          :      Total       Avg%
  primal-dual      :       7.66      98.97
  primal-ref       :          -          - (not evaluated)
  dual-ref         :          -          - (not evaluated)
