SCIP version 8.0.0 [precision: 8 byte] [memory: block] [mode: optimized] [LP solver: SoPlex 6.0.0] [GitHash: a740f0891e]
Copyright (C) 2002-2021 Konrad-Zuse-Zentrum fuer Informationstechnik Berlin (ZIB)

External libraries: 
  SoPlex 6.0.0         Linear Programming Solver developed at Zuse Institute Berlin (soplex.zib.de) [GitHash: 71a5873d]
  CppAD 20180000.0     Algorithmic Differentiation of C++ algorithms developed by B. Bell (github.com/coin-or/CppAD)
  ZLIB 1.2.11          General purpose compression library by J. Gailly and M. Adler (zlib.net)
  GMP 6.2.1            GNU Multiple Precision Arithmetic Library developed by T. Granlund (gmplib.org)
  ZIMPL 3.5.1          Zuse Institute Mathematical Programming Language developed by T. Koch (zimpl.zib.de)
  AMPL/MP 4e2d45c4     AMPL .nl file reader library (github.com/ampl/mp)
  PaPILO 2.0.0         parallel presolve for integer and linear optimization (github.com/scipopt/papilo) [GitHash: 76cafc1]
  bliss 0.73p          Computing Graph Automorphism Groups by T. Junttila and P. Kaski (www.tcs.hut.fi/Software/bliss/)
  Ipopt 3.13.2         Interior Point Optimizer developed by A. Waechter et.al. (github.com/coin-or/Ipopt)

user parameter file <scip.set> not found - using default parameters

read problem <../modeles/20_284.lp>
============

original problem has 11400 variables (5680 bin, 0 int, 0 impl, 5720 cont) and 5761 constraints

solve problem
=============

presolving:
(round 1, fast)       20 del vars, 0 del conss, 0 add conss, 12120 chg bounds, 0 chg sides, 0 chg coeffs, 0 upgd conss, 0 impls, 20 clqs
(round 2, fast)       20 del vars, 0 del conss, 0 add conss, 12120 chg bounds, 0 chg sides, 5640 chg coeffs, 0 upgd conss, 0 impls, 20 clqs
   (0.1s) running MILP presolver
   (0.2s) MILP presolver (2 rounds): 0 aggregations, 0 fixings, 40 bound changes
(round 3, exhaustive) 20 del vars, 0 del conss, 0 add conss, 12160 chg bounds, 0 chg sides, 5640 chg coeffs, 60 upgd conss, 0 impls, 20 clqs
(round 4, exhaustive) 45 del vars, 0 del conss, 0 add conss, 12160 chg bounds, 0 chg sides, 5640 chg coeffs, 60 upgd conss, 5134 impls, 20 clqs
(round 5, exhaustive) 45 del vars, 0 del conss, 0 add conss, 12160 chg bounds, 0 chg sides, 5640 chg coeffs, 110 upgd conss, 5134 impls, 20 clqs
(round 6, exhaustive) 70 del vars, 0 del conss, 0 add conss, 12160 chg bounds, 0 chg sides, 5640 chg coeffs, 110 upgd conss, 10278 impls, 20 clqs
(round 7, exhaustive) 70 del vars, 1 del conss, 0 add conss, 12160 chg bounds, 0 chg sides, 5640 chg coeffs, 157 upgd conss, 10278 impls, 20 clqs
(round 8, exhaustive) 95 del vars, 1 del conss, 0 add conss, 12160 chg bounds, 0 chg sides, 5640 chg coeffs, 157 upgd conss, 19376 impls, 20 clqs
(round 9, exhaustive) 95 del vars, 1 del conss, 0 add conss, 12160 chg bounds, 0 chg sides, 5640 chg coeffs, 207 upgd conss, 19376 impls, 20 clqs
(round 10, exhaustive) 120 del vars, 1 del conss, 0 add conss, 12160 chg bounds, 0 chg sides, 5640 chg coeffs, 207 upgd conss, 24803 impls, 20 clqs
(round 11, exhaustive) 120 del vars, 1 del conss, 0 add conss, 12160 chg bounds, 0 chg sides, 5640 chg coeffs, 257 upgd conss, 24803 impls, 20 clqs
(round 12, exhaustive) 145 del vars, 1 del conss, 0 add conss, 12160 chg bounds, 0 chg sides, 5640 chg coeffs, 257 upgd conss, 34188 impls, 20 clqs
(round 13, exhaustive) 145 del vars, 3 del conss, 0 add conss, 12160 chg bounds, 0 chg sides, 5640 chg coeffs, 301 upgd conss, 34188 impls, 20 clqs
(round 14, exhaustive) 170 del vars, 3 del conss, 0 add conss, 12160 chg bounds, 0 chg sides, 5640 chg coeffs, 301 upgd conss, 44699 impls, 20 clqs
(round 15, exhaustive) 170 del vars, 5 del conss, 0 add conss, 12160 chg bounds, 0 chg sides, 5640 chg coeffs, 345 upgd conss, 44699 impls, 20 clqs
(round 16, exhaustive) 195 del vars, 5 del conss, 0 add conss, 12160 chg bounds, 0 chg sides, 5640 chg coeffs, 345 upgd conss, 55202 impls, 20 clqs
(round 17, exhaustive) 195 del vars, 7 del conss, 0 add conss, 12160 chg bounds, 0 chg sides, 5640 chg coeffs, 389 upgd conss, 55202 impls, 20 clqs
(round 18, exhaustive) 220 del vars, 7 del conss, 0 add conss, 12160 chg bounds, 0 chg sides, 5640 chg coeffs, 389 upgd conss, 61465 impls, 20 clqs
(round 19, exhaustive) 220 del vars, 11 del conss, 0 add conss, 12160 chg bounds, 0 chg sides, 5640 chg coeffs, 427 upgd conss, 61465 impls, 20 clqs
(round 20, exhaustive) 245 del vars, 11 del conss, 0 add conss, 12160 chg bounds, 0 chg sides, 5640 chg coeffs, 427 upgd conss, 66307 impls, 20 clqs
(round 21, exhaustive) 245 del vars, 15 del conss, 0 add conss, 12160 chg bounds, 0 chg sides, 5640 chg coeffs, 465 upgd conss, 66307 impls, 20 clqs
(round 22, exhaustive) 270 del vars, 15 del conss, 0 add conss, 12160 chg bounds, 0 chg sides, 5640 chg coeffs, 465 upgd conss, 71417 impls, 20 clqs
(round 23, fast)       270 del vars, 20 del conss, 0 add conss, 12160 chg bounds, 0 chg sides, 5640 chg coeffs, 465 upgd conss, 71417 impls, 20 clqs
(round 24, exhaustive) 270 del vars, 20 del conss, 0 add conss, 12160 chg bounds, 0 chg sides, 5640 chg coeffs, 500 upgd conss, 71417 impls, 20 clqs
(round 25, exhaustive) 295 del vars, 20 del conss, 0 add conss, 12160 chg bounds, 0 chg sides, 5640 chg coeffs, 500 upgd conss, 78781 impls, 20 clqs
(round 26, exhaustive) 295 del vars, 23 del conss, 0 add conss, 12160 chg bounds, 0 chg sides, 5640 chg coeffs, 541 upgd conss, 78781 impls, 20 clqs
(round 27, exhaustive) 320 del vars, 23 del conss, 0 add conss, 12160 chg bounds, 0 chg sides, 5640 chg coeffs, 541 upgd conss, 82484 impls, 20 clqs
(round 28, fast)       320 del vars, 29 del conss, 0 add conss, 12160 chg bounds, 0 chg sides, 5640 chg coeffs, 541 upgd conss, 82484 impls, 20 clqs
(round 29, exhaustive) 320 del vars, 29 del conss, 0 add conss, 12160 chg bounds, 0 chg sides, 5640 chg coeffs, 573 upgd conss, 82484 impls, 20 clqs
(round 30, exhaustive) 345 del vars, 29 del conss, 0 add conss, 12160 chg bounds, 0 chg sides, 5640 chg coeffs, 573 upgd conss, 89845 impls, 20 clqs
(round 31, exhaustive) 346 del vars, 33 del conss, 0 add conss, 12161 chg bounds, 0 chg sides, 5640 chg coeffs, 609 upgd conss, 89845 impls, 20 clqs
(round 32, exhaustive) 371 del vars, 33 del conss, 0 add conss, 12161 chg bounds, 0 chg sides, 5640 chg coeffs, 609 upgd conss, 94100 impls, 20 clqs
(round 33, exhaustive) 371 del vars, 37 del conss, 0 add conss, 12161 chg bounds, 0 chg sides, 5640 chg coeffs, 647 upgd conss, 94100 impls, 20 clqs
(round 34, exhaustive) 396 del vars, 37 del conss, 0 add conss, 12161 chg bounds, 0 chg sides, 5640 chg coeffs, 647 upgd conss, 99194 impls, 20 clqs
(round 35, exhaustive) 397 del vars, 40 del conss, 0 add conss, 12162 chg bounds, 0 chg sides, 5640 chg coeffs, 690 upgd conss, 99194 impls, 20 clqs
(round 36, exhaustive) 422 del vars, 40 del conss, 0 add conss, 12162 chg bounds, 0 chg sides, 5640 chg coeffs, 690 upgd conss, 104861 impls, 20 clqs
(round 37, exhaustive) 423 del vars, 44 del conss, 0 add conss, 12163 chg bounds, 0 chg sides, 5640 chg coeffs, 730 upgd conss, 104861 impls, 20 clqs
(round 38, exhaustive) 448 del vars, 44 del conss, 0 add conss, 12163 chg bounds, 0 chg sides, 5640 chg coeffs, 730 upgd conss, 108269 impls, 20 clqs
(round 39, fast)       448 del vars, 49 del conss, 0 add conss, 12163 chg bounds, 0 chg sides, 5640 chg coeffs, 730 upgd conss, 108269 impls, 20 clqs
(round 40, exhaustive) 448 del vars, 49 del conss, 0 add conss, 12163 chg bounds, 0 chg sides, 5640 chg coeffs, 765 upgd conss, 108269 impls, 20 clqs
(round 41, exhaustive) 473 del vars, 49 del conss, 0 add conss, 12163 chg bounds, 0 chg sides, 5640 chg coeffs, 765 upgd conss, 117280 impls, 20 clqs
(round 42, fast)       473 del vars, 55 del conss, 0 add conss, 12163 chg bounds, 0 chg sides, 5640 chg coeffs, 765 upgd conss, 117280 impls, 20 clqs
(round 43, exhaustive) 473 del vars, 55 del conss, 0 add conss, 12163 chg bounds, 0 chg sides, 5640 chg coeffs, 797 upgd conss, 117280 impls, 20 clqs
(round 44, exhaustive) 498 del vars, 55 del conss, 0 add conss, 12163 chg bounds, 0 chg sides, 5640 chg coeffs, 797 upgd conss, 122911 impls, 20 clqs
(round 45, fast)       498 del vars, 61 del conss, 0 add conss, 12163 chg bounds, 0 chg sides, 5640 chg coeffs, 797 upgd conss, 122911 impls, 20 clqs
(round 46, exhaustive) 498 del vars, 61 del conss, 0 add conss, 12163 chg bounds, 0 chg sides, 5640 chg coeffs, 829 upgd conss, 122911 impls, 20 clqs
(round 47, exhaustive) 523 del vars, 61 del conss, 0 add conss, 12163 chg bounds, 0 chg sides, 5640 chg coeffs, 829 upgd conss, 130774 impls, 20 clqs
(round 48, fast)       523 del vars, 66 del conss, 0 add conss, 12163 chg bounds, 0 chg sides, 5640 chg coeffs, 829 upgd conss, 130774 impls, 20 clqs
(round 49, exhaustive) 523 del vars, 66 del conss, 0 add conss, 12163 chg bounds, 0 chg sides, 5640 chg coeffs, 864 upgd conss, 130774 impls, 20 clqs
(round 50, exhaustive) 548 del vars, 66 del conss, 0 add conss, 12163 chg bounds, 0 chg sides, 5640 chg coeffs, 864 upgd conss, 133592 impls, 20 clqs
(round 51, fast)       550 del vars, 71 del conss, 0 add conss, 12165 chg bounds, 0 chg sides, 5640 chg coeffs, 864 upgd conss, 133592 impls, 20 clqs
(round 52, exhaustive) 550 del vars, 71 del conss, 0 add conss, 12165 chg bounds, 0 chg sides, 5640 chg coeffs, 903 upgd conss, 133592 impls, 20 clqs
(round 53, exhaustive) 575 del vars, 71 del conss, 0 add conss, 12165 chg bounds, 0 chg sides, 5640 chg coeffs, 903 upgd conss, 137552 impls, 20 clqs
(round 54, fast)       576 del vars, 78 del conss, 0 add conss, 12166 chg bounds, 0 chg sides, 5640 chg coeffs, 903 upgd conss, 137552 impls, 20 clqs
(round 55, exhaustive) 576 del vars, 78 del conss, 0 add conss, 12166 chg bounds, 0 chg sides, 5640 chg coeffs, 934 upgd conss, 137552 impls, 20 clqs
   (5.4s) probing: 1000/5680 (17.6%) - 570 fixings, 0 aggregations, 142804 implications, 0 bound changes
(round 56, exhaustive) 601 del vars, 78 del conss, 0 add conss, 12166 chg bounds, 0 chg sides, 5640 chg coeffs, 934 upgd conss, 144839 impls, 20 clqs
(round 57, fast)       601 del vars, 84 del conss, 0 add conss, 12166 chg bounds, 0 chg sides, 5640 chg coeffs, 934 upgd conss, 144839 impls, 20 clqs
(round 58, exhaustive) 601 del vars, 84 del conss, 0 add conss, 12166 chg bounds, 0 chg sides, 5640 chg coeffs, 966 upgd conss, 144839 impls, 20 clqs
(round 59, exhaustive) 626 del vars, 84 del conss, 0 add conss, 12166 chg bounds, 0 chg sides, 5640 chg coeffs, 966 upgd conss, 154057 impls, 20 clqs
(round 60, exhaustive) 627 del vars, 88 del conss, 0 add conss, 12167 chg bounds, 0 chg sides, 5640 chg coeffs, 1006 upgd conss, 154057 impls, 20 clqs
(round 61, exhaustive) 652 del vars, 88 del conss, 0 add conss, 12167 chg bounds, 0 chg sides, 5640 chg coeffs, 1006 upgd conss, 157993 impls, 20 clqs
(round 62, fast)       652 del vars, 97 del conss, 0 add conss, 12167 chg bounds, 0 chg sides, 5640 chg coeffs, 1006 upgd conss, 157993 impls, 20 clqs
(round 63, exhaustive) 652 del vars, 97 del conss, 0 add conss, 12167 chg bounds, 0 chg sides, 5640 chg coeffs, 1029 upgd conss, 157993 impls, 20 clqs
(round 64, exhaustive) 677 del vars, 97 del conss, 0 add conss, 12167 chg bounds, 0 chg sides, 5640 chg coeffs, 1029 upgd conss, 164143 impls, 20 clqs
(round 65, fast)       677 del vars, 105 del conss, 0 add conss, 12167 chg bounds, 0 chg sides, 5640 chg coeffs, 1029 upgd conss, 164143 impls, 20 clqs
(round 66, exhaustive) 677 del vars, 105 del conss, 0 add conss, 12167 chg bounds, 0 chg sides, 5640 chg coeffs, 1055 upgd conss, 164143 impls, 20 clqs
(round 67, exhaustive) 702 del vars, 105 del conss, 0 add conss, 12167 chg bounds, 0 chg sides, 5640 chg coeffs, 1055 upgd conss, 168355 impls, 20 clqs
(round 68, fast)       703 del vars, 111 del conss, 0 add conss, 12168 chg bounds, 0 chg sides, 5640 chg coeffs, 1055 upgd conss, 168355 impls, 20 clqs
(round 69, exhaustive) 703 del vars, 111 del conss, 0 add conss, 12168 chg bounds, 0 chg sides, 5640 chg coeffs, 1089 upgd conss, 168355 impls, 20 clqs
(round 70, exhaustive) 728 del vars, 111 del conss, 0 add conss, 12168 chg bounds, 0 chg sides, 5640 chg coeffs, 1089 upgd conss, 172558 impls, 20 clqs
(round 71, exhaustive) 729 del vars, 115 del conss, 0 add conss, 12169 chg bounds, 0 chg sides, 5640 chg coeffs, 1129 upgd conss, 172558 impls, 20 clqs
(round 72, exhaustive) 754 del vars, 115 del conss, 0 add conss, 12169 chg bounds, 0 chg sides, 5640 chg coeffs, 1129 upgd conss, 177860 impls, 20 clqs
(round 73, fast)       754 del vars, 122 del conss, 0 add conss, 12169 chg bounds, 0 chg sides, 5640 chg coeffs, 1129 upgd conss, 177860 impls, 20 clqs
(round 74, exhaustive) 754 del vars, 122 del conss, 0 add conss, 12169 chg bounds, 0 chg sides, 5640 chg coeffs, 1158 upgd conss, 177860 impls, 20 clqs
(round 75, exhaustive) 781 del vars, 122 del conss, 0 add conss, 12169 chg bounds, 0 chg sides, 5640 chg coeffs, 1158 upgd conss, 178993 impls, 20 clqs
(round 76, fast)       781 del vars, 133 del conss, 0 add conss, 12169 chg bounds, 0 chg sides, 5640 chg coeffs, 1158 upgd conss, 178993 impls, 20 clqs
(round 77, exhaustive) 781 del vars, 133 del conss, 0 add conss, 12169 chg bounds, 0 chg sides, 5640 chg coeffs, 1179 upgd conss, 178993 impls, 20 clqs
(round 78, exhaustive) 806 del vars, 133 del conss, 0 add conss, 12169 chg bounds, 0 chg sides, 5640 chg coeffs, 1179 upgd conss, 182622 impls, 20 clqs
(round 79, fast)       806 del vars, 144 del conss, 0 add conss, 12169 chg bounds, 0 chg sides, 5640 chg coeffs, 1179 upgd conss, 182622 impls, 20 clqs
(round 80, exhaustive) 806 del vars, 144 del conss, 0 add conss, 12169 chg bounds, 0 chg sides, 5640 chg coeffs, 1196 upgd conss, 182622 impls, 20 clqs
(round 81, exhaustive) 831 del vars, 144 del conss, 0 add conss, 12169 chg bounds, 0 chg sides, 5640 chg coeffs, 1196 upgd conss, 187883 impls, 20 clqs
(round 82, fast)       831 del vars, 152 del conss, 0 add conss, 12169 chg bounds, 0 chg sides, 5640 chg coeffs, 1196 upgd conss, 187883 impls, 20 clqs
(round 83, exhaustive) 831 del vars, 152 del conss, 0 add conss, 12169 chg bounds, 0 chg sides, 5640 chg coeffs, 1222 upgd conss, 187883 impls, 20 clqs
(round 84, exhaustive) 856 del vars, 152 del conss, 0 add conss, 12169 chg bounds, 0 chg sides, 5640 chg coeffs, 1222 upgd conss, 192295 impls, 20 clqs
(round 85, fast)       856 del vars, 160 del conss, 0 add conss, 12169 chg bounds, 0 chg sides, 5640 chg coeffs, 1222 upgd conss, 192295 impls, 20 clqs
(round 86, exhaustive) 856 del vars, 160 del conss, 0 add conss, 12169 chg bounds, 0 chg sides, 5640 chg coeffs, 1248 upgd conss, 192295 impls, 20 clqs
(round 87, exhaustive) 881 del vars, 160 del conss, 0 add conss, 12169 chg bounds, 0 chg sides, 5640 chg coeffs, 1248 upgd conss, 196985 impls, 20 clqs
(round 88, fast)       883 del vars, 169 del conss, 0 add conss, 12171 chg bounds, 0 chg sides, 5640 chg coeffs, 1248 upgd conss, 196985 impls, 20 clqs
(round 89, exhaustive) 883 del vars, 169 del conss, 0 add conss, 12171 chg bounds, 0 chg sides, 5640 chg coeffs, 1275 upgd conss, 196985 impls, 20 clqs
(round 90, exhaustive) 908 del vars, 169 del conss, 0 add conss, 12171 chg bounds, 0 chg sides, 5640 chg coeffs, 1275 upgd conss, 204410 impls, 20 clqs
(round 91, fast)       909 del vars, 178 del conss, 0 add conss, 12172 chg bounds, 0 chg sides, 5640 chg coeffs, 1275 upgd conss, 204410 impls, 20 clqs
(round 92, exhaustive) 909 del vars, 178 del conss, 0 add conss, 12172 chg bounds, 0 chg sides, 5640 chg coeffs, 1300 upgd conss, 204410 impls, 20 clqs
(round 93, exhaustive) 934 del vars, 178 del conss, 0 add conss, 12172 chg bounds, 0 chg sides, 5640 chg coeffs, 1300 upgd conss, 211287 impls, 20 clqs
(round 94, fast)       934 del vars, 187 del conss, 0 add conss, 12172 chg bounds, 0 chg sides, 5640 chg coeffs, 1300 upgd conss, 211287 impls, 20 clqs
(round 95, exhaustive) 934 del vars, 187 del conss, 0 add conss, 12172 chg bounds, 0 chg sides, 5640 chg coeffs, 1323 upgd conss, 211287 impls, 20 clqs
(round 96, exhaustive) 959 del vars, 187 del conss, 0 add conss, 12172 chg bounds, 0 chg sides, 5640 chg coeffs, 1323 upgd conss, 214590 impls, 20 clqs
(round 97, fast)       959 del vars, 195 del conss, 0 add conss, 12172 chg bounds, 0 chg sides, 5640 chg coeffs, 1323 upgd conss, 214590 impls, 20 clqs
(round 98, exhaustive) 959 del vars, 195 del conss, 0 add conss, 12172 chg bounds, 0 chg sides, 5640 chg coeffs, 1349 upgd conss, 214590 impls, 20 clqs
(round 99, exhaustive) 984 del vars, 195 del conss, 0 add conss, 12172 chg bounds, 0 chg sides, 5640 chg coeffs, 1349 upgd conss, 218995 impls, 20 clqs
(round 100, fast)       987 del vars, 204 del conss, 0 add conss, 12175 chg bounds, 0 chg sides, 5640 chg coeffs, 1349 upgd conss, 218995 impls, 20 clqs
(round 101, exhaustive) 987 del vars, 204 del conss, 0 add conss, 12175 chg bounds, 0 chg sides, 5640 chg coeffs, 1378 upgd conss, 218995 impls, 20 clqs
(round 102, exhaustive) 1012 del vars, 204 del conss, 0 add conss, 12175 chg bounds, 0 chg sides, 5640 chg coeffs, 1378 upgd conss, 222566 impls, 20 clqs
(round 103, fast)       1012 del vars, 211 del conss, 0 add conss, 12175 chg bounds, 0 chg sides, 5640 chg coeffs, 1378 upgd conss, 222566 impls, 20 clqs
(round 104, exhaustive) 1012 del vars, 211 del conss, 0 add conss, 12175 chg bounds, 0 chg sides, 5640 chg coeffs, 1407 upgd conss, 222566 impls, 20 clqs
(round 105, exhaustive) 1037 del vars, 211 del conss, 0 add conss, 12175 chg bounds, 0 chg sides, 5640 chg coeffs, 1407 upgd conss, 225582 impls, 20 clqs
(round 106, fast)       1037 del vars, 219 del conss, 0 add conss, 12175 chg bounds, 0 chg sides, 5640 chg coeffs, 1407 upgd conss, 225582 impls, 20 clqs
(round 107, exhaustive) 1037 del vars, 219 del conss, 0 add conss, 12175 chg bounds, 0 chg sides, 5640 chg coeffs, 1433 upgd conss, 225582 impls, 20 clqs
(round 108, exhaustive) 1062 del vars, 219 del conss, 0 add conss, 12175 chg bounds, 0 chg sides, 5640 chg coeffs, 1433 upgd conss, 231335 impls, 20 clqs
(round 109, fast)       1062 del vars, 226 del conss, 0 add conss, 12175 chg bounds, 0 chg sides, 5640 chg coeffs, 1433 upgd conss, 231335 impls, 20 clqs
(round 110, exhaustive) 1062 del vars, 226 del conss, 0 add conss, 12175 chg bounds, 0 chg sides, 5640 chg coeffs, 1462 upgd conss, 231335 impls, 20 clqs
(round 111, exhaustive) 1088 del vars, 226 del conss, 0 add conss, 12175 chg bounds, 0 chg sides, 5640 chg coeffs, 1462 upgd conss, 234093 impls, 20 clqs
(round 112, fast)       1088 del vars, 237 del conss, 0 add conss, 12175 chg bounds, 0 chg sides, 5640 chg coeffs, 1462 upgd conss, 234093 impls, 20 clqs
(round 113, exhaustive) 1088 del vars, 237 del conss, 0 add conss, 12175 chg bounds, 0 chg sides, 5640 chg coeffs, 1481 upgd conss, 234093 impls, 20 clqs
(round 114, exhaustive) 1113 del vars, 237 del conss, 0 add conss, 12175 chg bounds, 0 chg sides, 5640 chg coeffs, 1481 upgd conss, 236533 impls, 20 clqs
(round 115, fast)       1113 del vars, 248 del conss, 0 add conss, 12175 chg bounds, 0 chg sides, 5640 chg coeffs, 1481 upgd conss, 236533 impls, 20 clqs
(round 116, exhaustive) 1113 del vars, 248 del conss, 0 add conss, 12175 chg bounds, 0 chg sides, 5640 chg coeffs, 1498 upgd conss, 236533 impls, 20 clqs
(round 117, exhaustive) 1138 del vars, 248 del conss, 0 add conss, 12175 chg bounds, 0 chg sides, 5640 chg coeffs, 1498 upgd conss, 240602 impls, 20 clqs
(round 118, fast)       1141 del vars, 264 del conss, 0 add conss, 12178 chg bounds, 0 chg sides, 5640 chg coeffs, 1498 upgd conss, 240602 impls, 20 clqs
(round 119, exhaustive) 1141 del vars, 264 del conss, 0 add conss, 12178 chg bounds, 0 chg sides, 5640 chg coeffs, 1506 upgd conss, 240602 impls, 20 clqs
(round 120, exhaustive) 1169 del vars, 264 del conss, 0 add conss, 12178 chg bounds, 0 chg sides, 5640 chg coeffs, 1506 upgd conss, 243839 impls, 20 clqs
(round 121, fast)       1169 del vars, 275 del conss, 0 add conss, 12178 chg bounds, 0 chg sides, 5640 chg coeffs, 1506 upgd conss, 243839 impls, 20 clqs
(round 122, exhaustive) 1169 del vars, 275 del conss, 0 add conss, 12178 chg bounds, 0 chg sides, 5640 chg coeffs, 1529 upgd conss, 243839 impls, 20 clqs
(round 123, exhaustive) 1195 del vars, 275 del conss, 0 add conss, 12178 chg bounds, 0 chg sides, 5640 chg coeffs, 1529 upgd conss, 247088 impls, 20 clqs
(round 124, fast)       1195 del vars, 285 del conss, 0 add conss, 12178 chg bounds, 0 chg sides, 5640 chg coeffs, 1529 upgd conss, 247088 impls, 20 clqs
(round 125, exhaustive) 1195 del vars, 285 del conss, 0 add conss, 12178 chg bounds, 0 chg sides, 5640 chg coeffs, 1551 upgd conss, 247088 impls, 20 clqs
(round 126, exhaustive) 1222 del vars, 285 del conss, 0 add conss, 12178 chg bounds, 0 chg sides, 5640 chg coeffs, 1551 upgd conss, 252749 impls, 20 clqs
(round 127, fast)       1222 del vars, 297 del conss, 0 add conss, 12178 chg bounds, 0 chg sides, 5640 chg coeffs, 1551 upgd conss, 252749 impls, 20 clqs
(round 128, exhaustive) 1222 del vars, 297 del conss, 0 add conss, 12178 chg bounds, 0 chg sides, 5640 chg coeffs, 1569 upgd conss, 252749 impls, 20 clqs
(round 129, exhaustive) 1247 del vars, 297 del conss, 0 add conss, 12178 chg bounds, 0 chg sides, 5640 chg coeffs, 1569 upgd conss, 255975 impls, 20 clqs
(round 130, fast)       1247 del vars, 307 del conss, 0 add conss, 12178 chg bounds, 0 chg sides, 5640 chg coeffs, 1569 upgd conss, 255975 impls, 20 clqs
(round 131, exhaustive) 1247 del vars, 307 del conss, 0 add conss, 12178 chg bounds, 0 chg sides, 5640 chg coeffs, 1589 upgd conss, 255975 impls, 20 clqs
(round 132, exhaustive) 1272 del vars, 307 del conss, 0 add conss, 12178 chg bounds, 0 chg sides, 5640 chg coeffs, 1589 upgd conss, 260254 impls, 20 clqs
(round 133, fast)       1273 del vars, 314 del conss, 0 add conss, 12179 chg bounds, 0 chg sides, 5640 chg coeffs, 1589 upgd conss, 260254 impls, 20 clqs
(round 134, exhaustive) 1273 del vars, 314 del conss, 0 add conss, 12179 chg bounds, 0 chg sides, 5640 chg coeffs, 1620 upgd conss, 260254 impls, 20 clqs
(round 135, exhaustive) 1298 del vars, 314 del conss, 0 add conss, 12179 chg bounds, 0 chg sides, 5640 chg coeffs, 1620 upgd conss, 263731 impls, 20 clqs
(round 136, fast)       1299 del vars, 326 del conss, 0 add conss, 12180 chg bounds, 0 chg sides, 5640 chg coeffs, 1620 upgd conss, 263731 impls, 20 clqs
(round 137, exhaustive) 1299 del vars, 326 del conss, 0 add conss, 12180 chg bounds, 0 chg sides, 5640 chg coeffs, 1636 upgd conss, 263731 impls, 20 clqs
(round 138, exhaustive) 1325 del vars, 326 del conss, 0 add conss, 12180 chg bounds, 0 chg sides, 5640 chg coeffs, 1636 upgd conss, 271210 impls, 20 clqs
(round 139, fast)       1325 del vars, 338 del conss, 0 add conss, 12180 chg bounds, 0 chg sides, 5640 chg coeffs, 1636 upgd conss, 271210 impls, 20 clqs
(round 140, exhaustive) 1325 del vars, 338 del conss, 0 add conss, 12180 chg bounds, 0 chg sides, 5640 chg coeffs, 1652 upgd conss, 271210 impls, 20 clqs
(round 141, exhaustive) 1351 del vars, 338 del conss, 0 add conss, 12180 chg bounds, 0 chg sides, 5640 chg coeffs, 1652 upgd conss, 274694 impls, 20 clqs
(round 142, fast)       1351 del vars, 351 del conss, 0 add conss, 12180 chg bounds, 0 chg sides, 5640 chg coeffs, 1652 upgd conss, 274694 impls, 20 clqs
(round 143, exhaustive) 1351 del vars, 351 del conss, 0 add conss, 12180 chg bounds, 0 chg sides, 5640 chg coeffs, 1665 upgd conss, 274694 impls, 20 clqs
(round 144, exhaustive) 1376 del vars, 351 del conss, 0 add conss, 12180 chg bounds, 0 chg sides, 5640 chg coeffs, 1665 upgd conss, 280011 impls, 20 clqs
(round 145, fast)       1377 del vars, 361 del conss, 0 add conss, 12181 chg bounds, 0 chg sides, 5640 chg coeffs, 1665 upgd conss, 280011 impls, 20 clqs
(round 146, exhaustive) 1377 del vars, 361 del conss, 0 add conss, 12181 chg bounds, 0 chg sides, 5640 chg coeffs, 1687 upgd conss, 280011 impls, 20 clqs
   (10.5s) probing: 2000/5680 (35.2%) - 1336 fixings, 0 aggregations, 278366 implications, 0 bound changes
(round 147, exhaustive) 1402 del vars, 361 del conss, 0 add conss, 12181 chg bounds, 0 chg sides, 5640 chg coeffs, 1687 upgd conss, 283743 impls, 20 clqs
(round 148, fast)       1404 del vars, 370 del conss, 0 add conss, 12183 chg bounds, 0 chg sides, 5640 chg coeffs, 1687 upgd conss, 283743 impls, 20 clqs
(round 149, exhaustive) 1404 del vars, 370 del conss, 0 add conss, 12183 chg bounds, 0 chg sides, 5640 chg coeffs, 1714 upgd conss, 283743 impls, 20 clqs
(round 150, exhaustive) 1429 del vars, 370 del conss, 0 add conss, 12183 chg bounds, 0 chg sides, 5640 chg coeffs, 1714 upgd conss, 286944 impls, 20 clqs
(round 151, fast)       1429 del vars, 381 del conss, 0 add conss, 12183 chg bounds, 0 chg sides, 5640 chg coeffs, 1714 upgd conss, 286944 impls, 20 clqs
(round 152, exhaustive) 1429 del vars, 381 del conss, 0 add conss, 12183 chg bounds, 0 chg sides, 5640 chg coeffs, 1731 upgd conss, 286944 impls, 20 clqs
(round 153, exhaustive) 1454 del vars, 381 del conss, 0 add conss, 12183 chg bounds, 0 chg sides, 5640 chg coeffs, 1731 upgd conss, 291741 impls, 20 clqs
(round 154, fast)       1454 del vars, 391 del conss, 0 add conss, 12183 chg bounds, 0 chg sides, 5640 chg coeffs, 1731 upgd conss, 291741 impls, 20 clqs
(round 155, exhaustive) 1454 del vars, 391 del conss, 0 add conss, 12183 chg bounds, 0 chg sides, 5640 chg coeffs, 1751 upgd conss, 291741 impls, 20 clqs
(round 156, exhaustive) 1479 del vars, 391 del conss, 0 add conss, 12183 chg bounds, 0 chg sides, 5640 chg coeffs, 1751 upgd conss, 297019 impls, 20 clqs
(round 157, fast)       1479 del vars, 400 del conss, 0 add conss, 12183 chg bounds, 0 chg sides, 5640 chg coeffs, 1751 upgd conss, 297019 impls, 20 clqs
(round 158, exhaustive) 1479 del vars, 400 del conss, 0 add conss, 12183 chg bounds, 0 chg sides, 5640 chg coeffs, 1774 upgd conss, 297019 impls, 20 clqs
(round 159, exhaustive) 1504 del vars, 400 del conss, 0 add conss, 12183 chg bounds, 0 chg sides, 5640 chg coeffs, 1774 upgd conss, 302020 impls, 20 clqs
(round 160, fast)       1505 del vars, 412 del conss, 0 add conss, 12184 chg bounds, 0 chg sides, 5640 chg coeffs, 1774 upgd conss, 302020 impls, 20 clqs
(round 161, exhaustive) 1505 del vars, 412 del conss, 0 add conss, 12184 chg bounds, 0 chg sides, 5640 chg coeffs, 1790 upgd conss, 302020 impls, 20 clqs
(round 162, exhaustive) 1530 del vars, 412 del conss, 0 add conss, 12184 chg bounds, 0 chg sides, 5640 chg coeffs, 1790 upgd conss, 305426 impls, 20 clqs
(round 163, fast)       1532 del vars, 427 del conss, 0 add conss, 12186 chg bounds, 0 chg sides, 5640 chg coeffs, 1790 upgd conss, 305426 impls, 20 clqs
(round 164, exhaustive) 1532 del vars, 427 del conss, 0 add conss, 12186 chg bounds, 0 chg sides, 5640 chg coeffs, 1799 upgd conss, 305426 impls, 20 clqs
(round 165, exhaustive) 1558 del vars, 427 del conss, 0 add conss, 12186 chg bounds, 0 chg sides, 5640 chg coeffs, 1799 upgd conss, 310155 impls, 20 clqs
(round 166, fast)       1558 del vars, 439 del conss, 0 add conss, 12186 chg bounds, 0 chg sides, 5640 chg coeffs, 1799 upgd conss, 310155 impls, 20 clqs
(round 167, exhaustive) 1558 del vars, 439 del conss, 0 add conss, 12186 chg bounds, 0 chg sides, 5640 chg coeffs, 1815 upgd conss, 310155 impls, 20 clqs
(round 168, exhaustive) 1584 del vars, 439 del conss, 0 add conss, 12186 chg bounds, 0 chg sides, 5640 chg coeffs, 1815 upgd conss, 313297 impls, 20 clqs
(round 169, fast)       1584 del vars, 453 del conss, 0 add conss, 12186 chg bounds, 0 chg sides, 5640 chg coeffs, 1815 upgd conss, 313297 impls, 20 clqs
(round 170, exhaustive) 1584 del vars, 453 del conss, 0 add conss, 12186 chg bounds, 0 chg sides, 5640 chg coeffs, 1825 upgd conss, 313297 impls, 20 clqs
(round 171, exhaustive) 1612 del vars, 453 del conss, 0 add conss, 12186 chg bounds, 0 chg sides, 5640 chg coeffs, 1825 upgd conss, 318516 impls, 20 clqs
(round 172, fast)       1612 del vars, 465 del conss, 0 add conss, 12186 chg bounds, 0 chg sides, 5640 chg coeffs, 1825 upgd conss, 318516 impls, 20 clqs
(round 173, exhaustive) 1612 del vars, 465 del conss, 0 add conss, 12186 chg bounds, 0 chg sides, 5640 chg coeffs, 1845 upgd conss, 318516 impls, 20 clqs
(round 174, exhaustive) 1637 del vars, 465 del conss, 0 add conss, 12186 chg bounds, 0 chg sides, 5640 chg coeffs, 1845 upgd conss, 321142 impls, 20 clqs
(round 175, fast)       1637 del vars, 477 del conss, 0 add conss, 12186 chg bounds, 0 chg sides, 5640 chg coeffs, 1845 upgd conss, 321142 impls, 20 clqs
(round 176, exhaustive) 1637 del vars, 477 del conss, 0 add conss, 12186 chg bounds, 0 chg sides, 5640 chg coeffs, 1859 upgd conss, 321142 impls, 20 clqs
(round 177, exhaustive) 1662 del vars, 477 del conss, 0 add conss, 12186 chg bounds, 0 chg sides, 5640 chg coeffs, 1859 upgd conss, 324273 impls, 20 clqs
(round 178, fast)       1666 del vars, 491 del conss, 0 add conss, 12190 chg bounds, 0 chg sides, 5640 chg coeffs, 1859 upgd conss, 324273 impls, 20 clqs
(round 179, exhaustive) 1666 del vars, 491 del conss, 0 add conss, 12190 chg bounds, 0 chg sides, 5640 chg coeffs, 1875 upgd conss, 324273 impls, 20 clqs
(round 180, exhaustive) 1692 del vars, 491 del conss, 0 add conss, 12190 chg bounds, 0 chg sides, 5640 chg coeffs, 1875 upgd conss, 325835 impls, 20 clqs
(round 181, fast)       1692 del vars, 503 del conss, 0 add conss, 12190 chg bounds, 0 chg sides, 5640 chg coeffs, 1875 upgd conss, 325835 impls, 20 clqs
(round 182, exhaustive) 1692 del vars, 503 del conss, 0 add conss, 12190 chg bounds, 0 chg sides, 5640 chg coeffs, 1891 upgd conss, 325835 impls, 20 clqs
(round 183, exhaustive) 1717 del vars, 503 del conss, 0 add conss, 12190 chg bounds, 0 chg sides, 5640 chg coeffs, 1891 upgd conss, 329997 impls, 20 clqs
(round 184, fast)       1718 del vars, 517 del conss, 0 add conss, 12191 chg bounds, 0 chg sides, 5640 chg coeffs, 1891 upgd conss, 329997 impls, 20 clqs
(round 185, exhaustive) 1718 del vars, 517 del conss, 0 add conss, 12191 chg bounds, 0 chg sides, 5640 chg coeffs, 1901 upgd conss, 329997 impls, 20 clqs
(round 186, exhaustive) 1743 del vars, 517 del conss, 0 add conss, 12191 chg bounds, 0 chg sides, 5640 chg coeffs, 1901 upgd conss, 333630 impls, 20 clqs
(round 187, fast)       1744 del vars, 527 del conss, 0 add conss, 12192 chg bounds, 0 chg sides, 5640 chg coeffs, 1901 upgd conss, 333630 impls, 20 clqs
   (12.8s) running MILP presolver
   (13.6s) MILP presolver (34 rounds): 0 aggregations, 1150 fixings, 0 bound changes
(round 188, medium)     2894 del vars, 925 del conss, 0 add conss, 12192 chg bounds, 0 chg sides, 5640 chg coeffs, 1901 upgd conss, 333630 impls, 20 clqs
(round 189, fast)       2894 del vars, 1154 del conss, 0 add conss, 12192 chg bounds, 0 chg sides, 5640 chg coeffs, 1901 upgd conss, 333630 impls, 20 clqs
(round 190, exhaustive) 2894 del vars, 1154 del conss, 0 add conss, 12192 chg bounds, 0 chg sides, 5640 chg coeffs, 2113 upgd conss, 333630 impls, 20 clqs
(round 191, exhaustive) 2919 del vars, 1154 del conss, 0 add conss, 12192 chg bounds, 0 chg sides, 5640 chg coeffs, 2113 upgd conss, 337651 impls, 20 clqs
(round 192, fast)       2919 del vars, 1168 del conss, 0 add conss, 12192 chg bounds, 0 chg sides, 5640 chg coeffs, 2113 upgd conss, 337651 impls, 20 clqs
(round 193, exhaustive) 2919 del vars, 1168 del conss, 0 add conss, 12192 chg bounds, 0 chg sides, 5640 chg coeffs, 2121 upgd conss, 337651 impls, 20 clqs
(round 194, exhaustive) 2944 del vars, 1168 del conss, 0 add conss, 12192 chg bounds, 0 chg sides, 5640 chg coeffs, 2121 upgd conss, 342143 impls, 20 clqs
(round 195, fast)       2945 del vars, 1180 del conss, 0 add conss, 12193 chg bounds, 0 chg sides, 5640 chg coeffs, 2121 upgd conss, 342143 impls, 20 clqs
(round 196, exhaustive) 2945 del vars, 1180 del conss, 0 add conss, 12193 chg bounds, 0 chg sides, 5640 chg coeffs, 2137 upgd conss, 342143 impls, 20 clqs
(round 197, exhaustive) 2970 del vars, 1180 del conss, 0 add conss, 12193 chg bounds, 0 chg sides, 5640 chg coeffs, 2137 upgd conss, 346175 impls, 20 clqs
(round 198, fast)       2970 del vars, 1194 del conss, 0 add conss, 12193 chg bounds, 0 chg sides, 5640 chg coeffs, 2137 upgd conss, 346175 impls, 20 clqs
(round 199, exhaustive) 2970 del vars, 1194 del conss, 0 add conss, 12193 chg bounds, 0 chg sides, 5640 chg coeffs, 2145 upgd conss, 346175 impls, 20 clqs
(round 200, exhaustive) 2995 del vars, 1194 del conss, 0 add conss, 12193 chg bounds, 0 chg sides, 5640 chg coeffs, 2145 upgd conss, 354425 impls, 20 clqs
(round 201, fast)       2995 del vars, 1207 del conss, 0 add conss, 12193 chg bounds, 0 chg sides, 5640 chg coeffs, 2145 upgd conss, 354425 impls, 20 clqs
(round 202, exhaustive) 2995 del vars, 1207 del conss, 0 add conss, 12193 chg bounds, 0 chg sides, 5640 chg coeffs, 2156 upgd conss, 354425 impls, 20 clqs
(round 203, exhaustive) 3020 del vars, 1207 del conss, 0 add conss, 12193 chg bounds, 0 chg sides, 5640 chg coeffs, 2156 upgd conss, 359104 impls, 20 clqs
(round 204, fast)       3020 del vars, 1222 del conss, 0 add conss, 12193 chg bounds, 0 chg sides, 5640 chg coeffs, 2156 upgd conss, 359104 impls, 20 clqs
(round 205, exhaustive) 3020 del vars, 1222 del conss, 0 add conss, 12193 chg bounds, 0 chg sides, 5640 chg coeffs, 2161 upgd conss, 359104 impls, 20 clqs
(round 206, exhaustive) 3045 del vars, 1222 del conss, 0 add conss, 12193 chg bounds, 0 chg sides, 5640 chg coeffs, 2161 upgd conss, 362646 impls, 20 clqs
(round 207, fast)       3045 del vars, 1234 del conss, 0 add conss, 12193 chg bounds, 0 chg sides, 5640 chg coeffs, 2161 upgd conss, 362646 impls, 20 clqs
(round 208, exhaustive) 3045 del vars, 1234 del conss, 0 add conss, 12193 chg bounds, 0 chg sides, 5640 chg coeffs, 2175 upgd conss, 362646 impls, 20 clqs
(round 209, exhaustive) 3070 del vars, 1234 del conss, 0 add conss, 12193 chg bounds, 0 chg sides, 5640 chg coeffs, 2175 upgd conss, 366664 impls, 20 clqs
(round 210, fast)       3072 del vars, 1247 del conss, 0 add conss, 12195 chg bounds, 0 chg sides, 5640 chg coeffs, 2175 upgd conss, 366664 impls, 20 clqs
(round 211, exhaustive) 3072 del vars, 1247 del conss, 0 add conss, 12195 chg bounds, 0 chg sides, 5640 chg coeffs, 2190 upgd conss, 366664 impls, 20 clqs
(round 212, exhaustive) 3097 del vars, 1247 del conss, 0 add conss, 12195 chg bounds, 0 chg sides, 5640 chg coeffs, 2190 upgd conss, 368438 impls, 20 clqs
(round 213, fast)       3097 del vars, 1262 del conss, 0 add conss, 12195 chg bounds, 0 chg sides, 5640 chg coeffs, 2190 upgd conss, 368438 impls, 20 clqs
(round 214, exhaustive) 3097 del vars, 1262 del conss, 0 add conss, 12195 chg bounds, 0 chg sides, 5640 chg coeffs, 2195 upgd conss, 368438 impls, 20 clqs
(round 215, exhaustive) 3122 del vars, 1262 del conss, 0 add conss, 12195 chg bounds, 0 chg sides, 5640 chg coeffs, 2195 upgd conss, 372154 impls, 20 clqs
(round 216, fast)       3122 del vars, 1275 del conss, 0 add conss, 12195 chg bounds, 0 chg sides, 5640 chg coeffs, 2195 upgd conss, 372154 impls, 20 clqs
(round 217, exhaustive) 3122 del vars, 1275 del conss, 0 add conss, 12195 chg bounds, 0 chg sides, 5640 chg coeffs, 2206 upgd conss, 372154 impls, 20 clqs
(round 218, exhaustive) 3147 del vars, 1275 del conss, 0 add conss, 12195 chg bounds, 0 chg sides, 5640 chg coeffs, 2206 upgd conss, 376327 impls, 20 clqs
(round 219, fast)       3148 del vars, 1288 del conss, 0 add conss, 12196 chg bounds, 0 chg sides, 5640 chg coeffs, 2206 upgd conss, 376327 impls, 20 clqs
(round 220, exhaustive) 3148 del vars, 1288 del conss, 0 add conss, 12196 chg bounds, 0 chg sides, 5640 chg coeffs, 2219 upgd conss, 376327 impls, 20 clqs
(round 221, exhaustive) 3173 del vars, 1288 del conss, 0 add conss, 12196 chg bounds, 0 chg sides, 5640 chg coeffs, 2219 upgd conss, 380478 impls, 20 clqs
(round 222, fast)       3174 del vars, 1301 del conss, 0 add conss, 12197 chg bounds, 0 chg sides, 5640 chg coeffs, 2219 upgd conss, 380478 impls, 20 clqs
(round 223, exhaustive) 3174 del vars, 1301 del conss, 0 add conss, 12197 chg bounds, 0 chg sides, 5640 chg coeffs, 2232 upgd conss, 380478 impls, 20 clqs
(round 224, exhaustive) 3201 del vars, 1301 del conss, 0 add conss, 12197 chg bounds, 0 chg sides, 5640 chg coeffs, 2232 upgd conss, 385721 impls, 20 clqs
(round 225, fast)       3201 del vars, 1315 del conss, 0 add conss, 12197 chg bounds, 0 chg sides, 5640 chg coeffs, 2232 upgd conss, 385721 impls, 20 clqs
(round 226, exhaustive) 3201 del vars, 1315 del conss, 0 add conss, 12197 chg bounds, 0 chg sides, 5640 chg coeffs, 2244 upgd conss, 385721 impls, 20 clqs
(round 227, exhaustive) 3226 del vars, 1315 del conss, 0 add conss, 12197 chg bounds, 0 chg sides, 5640 chg coeffs, 2244 upgd conss, 387697 impls, 20 clqs
(round 228, fast)       3229 del vars, 1330 del conss, 0 add conss, 12200 chg bounds, 0 chg sides, 5640 chg coeffs, 2244 upgd conss, 387697 impls, 20 clqs
(round 229, exhaustive) 3229 del vars, 1330 del conss, 0 add conss, 12200 chg bounds, 0 chg sides, 5640 chg coeffs, 2255 upgd conss, 387697 impls, 20 clqs
(round 230, exhaustive) 3255 del vars, 1330 del conss, 0 add conss, 12200 chg bounds, 0 chg sides, 5640 chg coeffs, 2255 upgd conss, 393763 impls, 20 clqs
(round 231, fast)       3255 del vars, 1345 del conss, 0 add conss, 12200 chg bounds, 0 chg sides, 5640 chg coeffs, 2255 upgd conss, 393763 impls, 20 clqs
(round 232, exhaustive) 3255 del vars, 1345 del conss, 0 add conss, 12200 chg bounds, 0 chg sides, 5640 chg coeffs, 2262 upgd conss, 393763 impls, 20 clqs
(round 233, exhaustive) 3280 del vars, 1345 del conss, 0 add conss, 12200 chg bounds, 0 chg sides, 5640 chg coeffs, 2262 upgd conss, 396980 impls, 20 clqs
(round 234, fast)       3280 del vars, 1359 del conss, 0 add conss, 12200 chg bounds, 0 chg sides, 5640 chg coeffs, 2262 upgd conss, 396980 impls, 20 clqs
(round 235, exhaustive) 3280 del vars, 1359 del conss, 0 add conss, 12200 chg bounds, 0 chg sides, 5640 chg coeffs, 2270 upgd conss, 396980 impls, 20 clqs
(round 236, exhaustive) 3305 del vars, 1359 del conss, 0 add conss, 12200 chg bounds, 0 chg sides, 5640 chg coeffs, 2270 upgd conss, 403224 impls, 20 clqs
(round 237, fast)       3305 del vars, 1373 del conss, 0 add conss, 12200 chg bounds, 0 chg sides, 5640 chg coeffs, 2270 upgd conss, 403224 impls, 20 clqs
(round 238, exhaustive) 3305 del vars, 1373 del conss, 0 add conss, 12200 chg bounds, 0 chg sides, 5640 chg coeffs, 2278 upgd conss, 403224 impls, 20 clqs
(round 239, exhaustive) 3330 del vars, 1373 del conss, 0 add conss, 12200 chg bounds, 0 chg sides, 5640 chg coeffs, 2278 upgd conss, 407085 impls, 20 clqs
(round 240, fast)       3331 del vars, 1387 del conss, 0 add conss, 12201 chg bounds, 0 chg sides, 5640 chg coeffs, 2278 upgd conss, 407085 impls, 20 clqs
(round 241, exhaustive) 3331 del vars, 1387 del conss, 0 add conss, 12201 chg bounds, 0 chg sides, 5640 chg coeffs, 2288 upgd conss, 407085 impls, 20 clqs
(round 242, exhaustive) 3356 del vars, 1387 del conss, 0 add conss, 12201 chg bounds, 0 chg sides, 5640 chg coeffs, 2288 upgd conss, 410071 impls, 20 clqs
(round 243, fast)       3356 del vars, 1400 del conss, 0 add conss, 12201 chg bounds, 0 chg sides, 5640 chg coeffs, 2288 upgd conss, 410071 impls, 20 clqs
(round 244, exhaustive) 3356 del vars, 1400 del conss, 0 add conss, 12201 chg bounds, 0 chg sides, 5640 chg coeffs, 2299 upgd conss, 410071 impls, 20 clqs
   (16.5s) probing: 3000/5680 (52.8%) - 2160 fixings, 0 aggregations, 410156 implications, 0 bound changes
(round 245, exhaustive) 3381 del vars, 1400 del conss, 0 add conss, 12201 chg bounds, 0 chg sides, 5640 chg coeffs, 2299 upgd conss, 414767 impls, 20 clqs
(round 246, fast)       3385 del vars, 1416 del conss, 0 add conss, 12205 chg bounds, 0 chg sides, 5640 chg coeffs, 2299 upgd conss, 414767 impls, 20 clqs
(round 247, exhaustive) 3385 del vars, 1416 del conss, 0 add conss, 12205 chg bounds, 0 chg sides, 5640 chg coeffs, 2309 upgd conss, 414767 impls, 20 clqs
(round 248, exhaustive) 3410 del vars, 1416 del conss, 0 add conss, 12205 chg bounds, 0 chg sides, 5640 chg coeffs, 2309 upgd conss, 417966 impls, 20 clqs
(round 249, fast)       3412 del vars, 1432 del conss, 0 add conss, 12207 chg bounds, 0 chg sides, 5640 chg coeffs, 2309 upgd conss, 417966 impls, 20 clqs
(round 250, exhaustive) 3412 del vars, 1432 del conss, 0 add conss, 12207 chg bounds, 0 chg sides, 5640 chg coeffs, 2315 upgd conss, 417966 impls, 20 clqs
(round 251, exhaustive) 3438 del vars, 1432 del conss, 0 add conss, 12207 chg bounds, 0 chg sides, 5640 chg coeffs, 2315 upgd conss, 422179 impls, 20 clqs
(round 252, fast)       3438 del vars, 1446 del conss, 0 add conss, 12207 chg bounds, 0 chg sides, 5640 chg coeffs, 2315 upgd conss, 422179 impls, 20 clqs
(round 253, exhaustive) 3438 del vars, 1446 del conss, 0 add conss, 12207 chg bounds, 0 chg sides, 5640 chg coeffs, 2325 upgd conss, 422179 impls, 20 clqs
(round 254, exhaustive) 3463 del vars, 1446 del conss, 0 add conss, 12207 chg bounds, 0 chg sides, 5640 chg coeffs, 2325 upgd conss, 426419 impls, 20 clqs
(round 255, fast)       3463 del vars, 1460 del conss, 0 add conss, 12207 chg bounds, 0 chg sides, 5640 chg coeffs, 2325 upgd conss, 426419 impls, 20 clqs
(round 256, exhaustive) 3463 del vars, 1460 del conss, 0 add conss, 12207 chg bounds, 0 chg sides, 5640 chg coeffs, 2333 upgd conss, 426419 impls, 20 clqs
(round 257, exhaustive) 3488 del vars, 1460 del conss, 0 add conss, 12207 chg bounds, 0 chg sides, 5640 chg coeffs, 2333 upgd conss, 428322 impls, 20 clqs
(round 258, fast)       3488 del vars, 1475 del conss, 0 add conss, 12207 chg bounds, 0 chg sides, 5640 chg coeffs, 2333 upgd conss, 428322 impls, 20 clqs
(round 259, exhaustive) 3488 del vars, 1475 del conss, 0 add conss, 12207 chg bounds, 0 chg sides, 5640 chg coeffs, 2338 upgd conss, 428322 impls, 20 clqs
(round 260, exhaustive) 3514 del vars, 1475 del conss, 0 add conss, 12207 chg bounds, 0 chg sides, 5640 chg coeffs, 2338 upgd conss, 433129 impls, 20 clqs
(round 261, fast)       3514 del vars, 1488 del conss, 0 add conss, 12207 chg bounds, 0 chg sides, 5640 chg coeffs, 2338 upgd conss, 433129 impls, 20 clqs
(round 262, exhaustive) 3514 del vars, 1488 del conss, 0 add conss, 12207 chg bounds, 0 chg sides, 5640 chg coeffs, 2351 upgd conss, 433129 impls, 20 clqs
(round 263, exhaustive) 3541 del vars, 1488 del conss, 0 add conss, 12207 chg bounds, 0 chg sides, 5640 chg coeffs, 2351 upgd conss, 436676 impls, 20 clqs
(round 264, fast)       3541 del vars, 1504 del conss, 0 add conss, 12207 chg bounds, 0 chg sides, 5640 chg coeffs, 2351 upgd conss, 436676 impls, 20 clqs
(round 265, exhaustive) 3541 del vars, 1504 del conss, 0 add conss, 12207 chg bounds, 0 chg sides, 5640 chg coeffs, 2357 upgd conss, 436676 impls, 20 clqs
(round 266, exhaustive) 3566 del vars, 1504 del conss, 0 add conss, 12207 chg bounds, 0 chg sides, 5640 chg coeffs, 2357 upgd conss, 439556 impls, 20 clqs
(round 267, fast)       3567 del vars, 1518 del conss, 0 add conss, 12208 chg bounds, 0 chg sides, 5640 chg coeffs, 2357 upgd conss, 439556 impls, 20 clqs
(round 268, exhaustive) 3567 del vars, 1518 del conss, 0 add conss, 12208 chg bounds, 0 chg sides, 5640 chg coeffs, 2367 upgd conss, 439556 impls, 20 clqs
(round 269, exhaustive) 3592 del vars, 1518 del conss, 0 add conss, 12208 chg bounds, 0 chg sides, 5640 chg coeffs, 2367 upgd conss, 442028 impls, 20 clqs
(round 270, fast)       3592 del vars, 1533 del conss, 0 add conss, 12208 chg bounds, 0 chg sides, 5640 chg coeffs, 2367 upgd conss, 442028 impls, 20 clqs
(round 271, exhaustive) 3592 del vars, 1533 del conss, 0 add conss, 12208 chg bounds, 0 chg sides, 5640 chg coeffs, 2372 upgd conss, 442028 impls, 20 clqs
(round 272, exhaustive) 3617 del vars, 1533 del conss, 0 add conss, 12208 chg bounds, 0 chg sides, 5640 chg coeffs, 2372 upgd conss, 445952 impls, 20 clqs
(round 273, fast)       3618 del vars, 1548 del conss, 0 add conss, 12209 chg bounds, 0 chg sides, 5640 chg coeffs, 2372 upgd conss, 445952 impls, 20 clqs
(round 274, exhaustive) 3618 del vars, 1548 del conss, 0 add conss, 12209 chg bounds, 0 chg sides, 5640 chg coeffs, 2379 upgd conss, 445952 impls, 20 clqs
(round 275, exhaustive) 3643 del vars, 1548 del conss, 0 add conss, 12209 chg bounds, 0 chg sides, 5640 chg coeffs, 2379 upgd conss, 448405 impls, 20 clqs
(round 276, fast)       3643 del vars, 1563 del conss, 0 add conss, 12209 chg bounds, 0 chg sides, 5640 chg coeffs, 2379 upgd conss, 448405 impls, 20 clqs
(round 277, exhaustive) 3643 del vars, 1563 del conss, 0 add conss, 12209 chg bounds, 0 chg sides, 5640 chg coeffs, 2384 upgd conss, 448405 impls, 20 clqs
(round 278, exhaustive) 3668 del vars, 1563 del conss, 0 add conss, 12209 chg bounds, 0 chg sides, 5640 chg coeffs, 2384 upgd conss, 451860 impls, 20 clqs
(round 279, fast)       3668 del vars, 1577 del conss, 0 add conss, 12209 chg bounds, 0 chg sides, 5640 chg coeffs, 2384 upgd conss, 451860 impls, 20 clqs
(round 280, exhaustive) 3668 del vars, 1577 del conss, 0 add conss, 12209 chg bounds, 0 chg sides, 5640 chg coeffs, 2392 upgd conss, 451860 impls, 20 clqs
(round 281, exhaustive) 3693 del vars, 1577 del conss, 0 add conss, 12209 chg bounds, 0 chg sides, 5640 chg coeffs, 2392 upgd conss, 453697 impls, 20 clqs
(round 282, fast)       3697 del vars, 1595 del conss, 0 add conss, 12213 chg bounds, 0 chg sides, 5640 chg coeffs, 2392 upgd conss, 453697 impls, 20 clqs
(round 283, exhaustive) 3697 del vars, 1595 del conss, 0 add conss, 12213 chg bounds, 0 chg sides, 5640 chg coeffs, 2396 upgd conss, 453697 impls, 20 clqs
(round 284, exhaustive) 3722 del vars, 1595 del conss, 0 add conss, 12213 chg bounds, 0 chg sides, 5640 chg coeffs, 2396 upgd conss, 457782 impls, 20 clqs
(round 285, fast)       3723 del vars, 1609 del conss, 0 add conss, 12214 chg bounds, 0 chg sides, 5640 chg coeffs, 2396 upgd conss, 457782 impls, 20 clqs
(round 286, exhaustive) 3723 del vars, 1609 del conss, 0 add conss, 12214 chg bounds, 0 chg sides, 5640 chg coeffs, 2406 upgd conss, 457782 impls, 20 clqs
(round 287, exhaustive) 3751 del vars, 1609 del conss, 0 add conss, 12214 chg bounds, 0 chg sides, 5640 chg coeffs, 2406 upgd conss, 460812 impls, 20 clqs
(round 288, fast)       3751 del vars, 1626 del conss, 0 add conss, 12214 chg bounds, 0 chg sides, 5640 chg coeffs, 2406 upgd conss, 460812 impls, 20 clqs
(round 289, exhaustive) 3751 del vars, 1626 del conss, 0 add conss, 12214 chg bounds, 0 chg sides, 5640 chg coeffs, 2411 upgd conss, 460812 impls, 20 clqs
(round 290, exhaustive) 3776 del vars, 1626 del conss, 0 add conss, 12214 chg bounds, 0 chg sides, 5640 chg coeffs, 2411 upgd conss, 468295 impls, 20 clqs
(round 291, fast)       3776 del vars, 1640 del conss, 0 add conss, 12214 chg bounds, 0 chg sides, 5640 chg coeffs, 2411 upgd conss, 468295 impls, 20 clqs
(round 292, exhaustive) 3776 del vars, 1640 del conss, 0 add conss, 12214 chg bounds, 0 chg sides, 5640 chg coeffs, 2419 upgd conss, 468295 impls, 20 clqs
(round 293, exhaustive) 3801 del vars, 1640 del conss, 0 add conss, 12214 chg bounds, 0 chg sides, 5640 chg coeffs, 2419 upgd conss, 475091 impls, 20 clqs
(round 294, fast)       3804 del vars, 1656 del conss, 0 add conss, 12217 chg bounds, 0 chg sides, 5640 chg coeffs, 2419 upgd conss, 475091 impls, 20 clqs
(round 295, exhaustive) 3804 del vars, 1656 del conss, 0 add conss, 12217 chg bounds, 0 chg sides, 5640 chg coeffs, 2427 upgd conss, 475091 impls, 20 clqs
(round 296, exhaustive) 3829 del vars, 1656 del conss, 0 add conss, 12217 chg bounds, 0 chg sides, 5640 chg coeffs, 2427 upgd conss, 478688 impls, 20 clqs
(round 297, fast)       3829 del vars, 1671 del conss, 0 add conss, 12217 chg bounds, 0 chg sides, 5640 chg coeffs, 2427 upgd conss, 478688 impls, 20 clqs
(round 298, exhaustive) 3829 del vars, 1671 del conss, 0 add conss, 12217 chg bounds, 0 chg sides, 5640 chg coeffs, 2432 upgd conss, 478688 impls, 20 clqs
(round 299, exhaustive) 3854 del vars, 1671 del conss, 0 add conss, 12217 chg bounds, 0 chg sides, 5640 chg coeffs, 2432 upgd conss, 484249 impls, 20 clqs
(round 300, fast)       3857 del vars, 1687 del conss, 0 add conss, 12220 chg bounds, 0 chg sides, 5640 chg coeffs, 2432 upgd conss, 484249 impls, 20 clqs
(round 301, exhaustive) 3857 del vars, 1687 del conss, 0 add conss, 12220 chg bounds, 0 chg sides, 5640 chg coeffs, 2440 upgd conss, 484249 impls, 20 clqs
(round 302, exhaustive) 3882 del vars, 1687 del conss, 0 add conss, 12220 chg bounds, 0 chg sides, 5640 chg coeffs, 2440 upgd conss, 485627 impls, 20 clqs
(round 303, fast)       3886 del vars, 1705 del conss, 0 add conss, 12224 chg bounds, 0 chg sides, 5640 chg coeffs, 2440 upgd conss, 485627 impls, 20 clqs
(round 304, exhaustive) 3886 del vars, 1705 del conss, 0 add conss, 12224 chg bounds, 0 chg sides, 5640 chg coeffs, 2444 upgd conss, 485627 impls, 20 clqs
(round 305, exhaustive) 3911 del vars, 1705 del conss, 0 add conss, 12224 chg bounds, 0 chg sides, 5640 chg coeffs, 2444 upgd conss, 488010 impls, 20 clqs
(round 306, fast)       3913 del vars, 1720 del conss, 0 add conss, 12226 chg bounds, 0 chg sides, 5640 chg coeffs, 2444 upgd conss, 488010 impls, 20 clqs
(round 307, exhaustive) 3913 del vars, 1720 del conss, 0 add conss, 12226 chg bounds, 0 chg sides, 5640 chg coeffs, 2453 upgd conss, 488010 impls, 20 clqs
(round 308, exhaustive) 3941 del vars, 1720 del conss, 0 add conss, 12226 chg bounds, 0 chg sides, 5640 chg coeffs, 2453 upgd conss, 490764 impls, 20 clqs
(round 309, fast)       3941 del vars, 1738 del conss, 0 add conss, 12226 chg bounds, 0 chg sides, 5640 chg coeffs, 2453 upgd conss, 490764 impls, 20 clqs
(round 310, exhaustive) 3967 del vars, 1738 del conss, 0 add conss, 12226 chg bounds, 0 chg sides, 5640 chg coeffs, 2455 upgd conss, 492128 impls, 20 clqs
(round 311, fast)       3967 del vars, 1753 del conss, 0 add conss, 12226 chg bounds, 0 chg sides, 5640 chg coeffs, 2455 upgd conss, 492130 impls, 20 clqs
(round 312, exhaustive) 3967 del vars, 1753 del conss, 0 add conss, 12226 chg bounds, 0 chg sides, 5640 chg coeffs, 2462 upgd conss, 492130 impls, 20 clqs
(round 313, exhaustive) 3992 del vars, 1753 del conss, 0 add conss, 12226 chg bounds, 0 chg sides, 5640 chg coeffs, 2462 upgd conss, 497980 impls, 20 clqs
(round 314, fast)       3992 del vars, 1768 del conss, 0 add conss, 12226 chg bounds, 0 chg sides, 5640 chg coeffs, 2462 upgd conss, 497980 impls, 20 clqs
(round 315, exhaustive) 3992 del vars, 1768 del conss, 0 add conss, 12226 chg bounds, 0 chg sides, 5640 chg coeffs, 2467 upgd conss, 497980 impls, 20 clqs
(round 316, exhaustive) 4019 del vars, 1768 del conss, 0 add conss, 12226 chg bounds, 0 chg sides, 5640 chg coeffs, 2467 upgd conss, 500100 impls, 20 clqs
(round 317, fast)       4019 del vars, 1784 del conss, 0 add conss, 12226 chg bounds, 0 chg sides, 5640 chg coeffs, 2467 upgd conss, 500100 impls, 20 clqs
(round 318, exhaustive) 4019 del vars, 1784 del conss, 0 add conss, 12226 chg bounds, 0 chg sides, 5640 chg coeffs, 2473 upgd conss, 500100 impls, 20 clqs
(round 319, exhaustive) 4046 del vars, 1784 del conss, 0 add conss, 12226 chg bounds, 0 chg sides, 5640 chg coeffs, 2473 upgd conss, 501073 impls, 20 clqs
(round 320, fast)       4046 del vars, 1800 del conss, 0 add conss, 12226 chg bounds, 0 chg sides, 5640 chg coeffs, 2473 upgd conss, 501073 impls, 20 clqs
(round 321, exhaustive) 4046 del vars, 1800 del conss, 0 add conss, 12226 chg bounds, 0 chg sides, 5640 chg coeffs, 2479 upgd conss, 501073 impls, 20 clqs
(round 322, exhaustive) 4071 del vars, 1800 del conss, 0 add conss, 12226 chg bounds, 0 chg sides, 5640 chg coeffs, 2479 upgd conss, 504742 impls, 20 clqs
(round 323, fast)       4071 del vars, 1816 del conss, 0 add conss, 12226 chg bounds, 0 chg sides, 5640 chg coeffs, 2479 upgd conss, 504742 impls, 20 clqs
(round 324, exhaustive) 4097 del vars, 1816 del conss, 0 add conss, 12226 chg bounds, 0 chg sides, 5640 chg coeffs, 2481 upgd conss, 506266 impls, 20 clqs
(round 325, fast)       4097 del vars, 1832 del conss, 0 add conss, 12226 chg bounds, 0 chg sides, 5640 chg coeffs, 2481 upgd conss, 506268 impls, 20 clqs
(round 326, exhaustive) 4097 del vars, 1832 del conss, 0 add conss, 12226 chg bounds, 0 chg sides, 5640 chg coeffs, 2485 upgd conss, 506268 impls, 20 clqs
(round 327, exhaustive) 4126 del vars, 1832 del conss, 0 add conss, 12226 chg bounds, 0 chg sides, 5640 chg coeffs, 2485 upgd conss, 507987 impls, 20 clqs
(round 328, fast)       4126 del vars, 1850 del conss, 0 add conss, 12226 chg bounds, 0 chg sides, 5640 chg coeffs, 2485 upgd conss, 507987 impls, 20 clqs
   (19.8s) running MILP presolver
   (20.4s) MILP presolver (44 rounds): 0 aggregations, 958 fixings, 0 bound changes
(round 329, medium)     5084 del vars, 2381 del conss, 0 add conss, 12226 chg bounds, 0 chg sides, 5640 chg coeffs, 2485 upgd conss, 507987 impls, 20 clqs
(round 330, fast)       5084 del vars, 2455 del conss, 0 add conss, 12226 chg bounds, 0 chg sides, 5640 chg coeffs, 2485 upgd conss, 507987 impls, 20 clqs
(round 331, exhaustive) 5084 del vars, 2455 del conss, 0 add conss, 12226 chg bounds, 0 chg sides, 5640 chg coeffs, 2516 upgd conss, 507987 impls, 20 clqs
(round 332, exhaustive) 5110 del vars, 2455 del conss, 0 add conss, 12226 chg bounds, 0 chg sides, 5640 chg coeffs, 2516 upgd conss, 519470 impls, 20 clqs
(round 333, fast)       5110 del vars, 2471 del conss, 0 add conss, 12226 chg bounds, 0 chg sides, 5640 chg coeffs, 2516 upgd conss, 519470 impls, 20 clqs
(round 334, exhaustive) 5110 del vars, 2471 del conss, 0 add conss, 12226 chg bounds, 0 chg sides, 5640 chg coeffs, 2520 upgd conss, 519470 impls, 20 clqs
(round 335, exhaustive) 5136 del vars, 2471 del conss, 0 add conss, 12226 chg bounds, 0 chg sides, 5640 chg coeffs, 2520 upgd conss, 524072 impls, 20 clqs
(round 336, fast)       5136 del vars, 2488 del conss, 0 add conss, 12226 chg bounds, 0 chg sides, 5640 chg coeffs, 2520 upgd conss, 524072 impls, 20 clqs
(round 337, exhaustive) 5161 del vars, 2488 del conss, 0 add conss, 12226 chg bounds, 0 chg sides, 5640 chg coeffs, 2521 upgd conss, 528366 impls, 20 clqs
(round 338, fast)       5161 del vars, 2504 del conss, 0 add conss, 12226 chg bounds, 0 chg sides, 5640 chg coeffs, 2521 upgd conss, 528367 impls, 20 clqs
   (20.9s) probing: 4000/5680 (70.4%) - 2987 fixings, 0 aggregations, 529958 implications, 0 bound changes
(round 339, exhaustive) 5186 del vars, 2504 del conss, 0 add conss, 12226 chg bounds, 0 chg sides, 5640 chg coeffs, 2523 upgd conss, 535311 impls, 20 clqs
(round 340, fast)       5188 del vars, 2521 del conss, 0 add conss, 12228 chg bounds, 0 chg sides, 5640 chg coeffs, 2523 upgd conss, 535313 impls, 20 clqs
(round 341, exhaustive) 5188 del vars, 2521 del conss, 0 add conss, 12228 chg bounds, 0 chg sides, 5640 chg coeffs, 2526 upgd conss, 535313 impls, 20 clqs
(round 342, exhaustive) 5213 del vars, 2521 del conss, 0 add conss, 12228 chg bounds, 0 chg sides, 5640 chg coeffs, 2526 upgd conss, 543463 impls, 20 clqs
(round 343, fast)       5213 del vars, 2537 del conss, 0 add conss, 12228 chg bounds, 0 chg sides, 5640 chg coeffs, 2526 upgd conss, 543463 impls, 20 clqs
(round 344, exhaustive) 5239 del vars, 2537 del conss, 0 add conss, 12228 chg bounds, 0 chg sides, 5640 chg coeffs, 2528 upgd conss, 551086 impls, 20 clqs
(round 345, fast)       5239 del vars, 2554 del conss, 0 add conss, 12228 chg bounds, 0 chg sides, 5640 chg coeffs, 2528 upgd conss, 551088 impls, 20 clqs
(round 346, exhaustive) 5264 del vars, 2554 del conss, 0 add conss, 12228 chg bounds, 0 chg sides, 5640 chg coeffs, 2529 upgd conss, 556029 impls, 20 clqs
(round 347, fast)       5264 del vars, 2570 del conss, 0 add conss, 12228 chg bounds, 0 chg sides, 5640 chg coeffs, 2529 upgd conss, 556030 impls, 20 clqs
(round 348, exhaustive) 5289 del vars, 2570 del conss, 0 add conss, 12228 chg bounds, 0 chg sides, 5640 chg coeffs, 2531 upgd conss, 563396 impls, 20 clqs
(round 349, fast)       5291 del vars, 2587 del conss, 0 add conss, 12230 chg bounds, 0 chg sides, 5640 chg coeffs, 2531 upgd conss, 563398 impls, 20 clqs
(round 350, exhaustive) 5291 del vars, 2587 del conss, 0 add conss, 12230 chg bounds, 0 chg sides, 5640 chg coeffs, 2534 upgd conss, 563398 impls, 20 clqs
(round 351, exhaustive) 5316 del vars, 2587 del conss, 0 add conss, 12230 chg bounds, 0 chg sides, 5640 chg coeffs, 2534 upgd conss, 568755 impls, 20 clqs
(round 352, fast)       5318 del vars, 2604 del conss, 0 add conss, 12232 chg bounds, 0 chg sides, 5640 chg coeffs, 2534 upgd conss, 568755 impls, 20 clqs
(round 353, exhaustive) 5318 del vars, 2604 del conss, 0 add conss, 12232 chg bounds, 0 chg sides, 5640 chg coeffs, 2537 upgd conss, 568755 impls, 20 clqs
(round 354, exhaustive) 5343 del vars, 2604 del conss, 0 add conss, 12232 chg bounds, 0 chg sides, 5640 chg coeffs, 2537 upgd conss, 577464 impls, 20 clqs
(round 355, fast)       5347 del vars, 2622 del conss, 0 add conss, 12236 chg bounds, 0 chg sides, 5640 chg coeffs, 2537 upgd conss, 577464 impls, 20 clqs
(round 356, exhaustive) 5347 del vars, 2622 del conss, 0 add conss, 12236 chg bounds, 0 chg sides, 5640 chg coeffs, 2541 upgd conss, 577464 impls, 20 clqs
(round 357, exhaustive) 5372 del vars, 2622 del conss, 0 add conss, 12236 chg bounds, 0 chg sides, 5640 chg coeffs, 2541 upgd conss, 586239 impls, 20 clqs
(round 358, fast)       5374 del vars, 2640 del conss, 0 add conss, 12238 chg bounds, 0 chg sides, 5640 chg coeffs, 2541 upgd conss, 586239 impls, 20 clqs
(round 359, exhaustive) 5401 del vars, 2640 del conss, 0 add conss, 12238 chg bounds, 0 chg sides, 5640 chg coeffs, 2541 upgd conss, 590044 impls, 20 clqs
(round 360, fast)       5401 del vars, 2657 del conss, 0 add conss, 12238 chg bounds, 0 chg sides, 5640 chg coeffs, 2541 upgd conss, 590044 impls, 20 clqs
(round 361, exhaustive) 5401 del vars, 2657 del conss, 0 add conss, 12238 chg bounds, 0 chg sides, 5640 chg coeffs, 2544 upgd conss, 590044 impls, 20 clqs
(round 362, exhaustive) 5426 del vars, 2657 del conss, 0 add conss, 12238 chg bounds, 0 chg sides, 5640 chg coeffs, 2544 upgd conss, 595607 impls, 20 clqs
(round 363, fast)       5426 del vars, 2673 del conss, 0 add conss, 12238 chg bounds, 0 chg sides, 5640 chg coeffs, 2544 upgd conss, 595607 impls, 20 clqs
(round 364, exhaustive) 5451 del vars, 2673 del conss, 0 add conss, 12238 chg bounds, 0 chg sides, 5640 chg coeffs, 2546 upgd conss, 598728 impls, 20 clqs
(round 365, fast)       5452 del vars, 2690 del conss, 0 add conss, 12239 chg bounds, 0 chg sides, 5640 chg coeffs, 2546 upgd conss, 598730 impls, 20 clqs
(round 366, exhaustive) 5478 del vars, 2690 del conss, 0 add conss, 12239 chg bounds, 0 chg sides, 5640 chg coeffs, 2547 upgd conss, 604813 impls, 20 clqs
(round 367, fast)       5478 del vars, 2706 del conss, 0 add conss, 12239 chg bounds, 0 chg sides, 5640 chg coeffs, 2547 upgd conss, 604814 impls, 20 clqs
(round 368, exhaustive) 5478 del vars, 2706 del conss, 0 add conss, 12239 chg bounds, 0 chg sides, 5640 chg coeffs, 2551 upgd conss, 604814 impls, 20 clqs
(round 369, exhaustive) 5503 del vars, 2706 del conss, 0 add conss, 12239 chg bounds, 0 chg sides, 5640 chg coeffs, 2551 upgd conss, 609262 impls, 20 clqs
(round 370, fast)       5503 del vars, 2722 del conss, 0 add conss, 12239 chg bounds, 0 chg sides, 5640 chg coeffs, 2551 upgd conss, 609262 impls, 20 clqs
(round 371, exhaustive) 5529 del vars, 2722 del conss, 0 add conss, 12239 chg bounds, 0 chg sides, 5640 chg coeffs, 2553 upgd conss, 615596 impls, 20 clqs
(round 372, fast)       5529 del vars, 2739 del conss, 0 add conss, 12239 chg bounds, 0 chg sides, 5640 chg coeffs, 2553 upgd conss, 615598 impls, 20 clqs
(round 373, exhaustive) 5555 del vars, 2739 del conss, 0 add conss, 12239 chg bounds, 0 chg sides, 5640 chg coeffs, 2554 upgd conss, 622446 impls, 20 clqs
(round 374, fast)       5555 del vars, 2756 del conss, 0 add conss, 12239 chg bounds, 0 chg sides, 5640 chg coeffs, 2554 upgd conss, 622447 impls, 20 clqs
(round 375, exhaustive) 5581 del vars, 2756 del conss, 0 add conss, 12239 chg bounds, 0 chg sides, 5640 chg coeffs, 2555 upgd conss, 625923 impls, 20 clqs
(round 376, fast)       5581 del vars, 2773 del conss, 0 add conss, 12239 chg bounds, 0 chg sides, 5640 chg coeffs, 2555 upgd conss, 625924 impls, 20 clqs
(round 377, exhaustive) 5606 del vars, 2773 del conss, 0 add conss, 12239 chg bounds, 0 chg sides, 5640 chg coeffs, 2556 upgd conss, 632963 impls, 20 clqs
(round 378, fast)       5608 del vars, 2791 del conss, 0 add conss, 12241 chg bounds, 0 chg sides, 5640 chg coeffs, 2556 upgd conss, 632964 impls, 20 clqs
   (23.2s) probing: 5000/5680 (88.0%) - 3411 fixings, 0 aggregations, 633580 implications, 0 bound changes
   (23.2s) probing cycle finished: starting next cycle
   (23.2s) probing: 51/2880 (1.8%) - 3411 fixings, 0 aggregations, 633580 implications, 0 bound changes
   (23.2s) probing aborted: 50/50 successive totally useless probings
(round 379, exhaustive) 5620 del vars, 2791 del conss, 0 add conss, 12241 chg bounds, 0 chg sides, 5640 chg coeffs, 2556 upgd conss, 636116 impls, 20 clqs
(round 380, fast)       5620 del vars, 2799 del conss, 0 add conss, 12241 chg bounds, 0 chg sides, 5640 chg coeffs, 2556 upgd conss, 636116 impls, 20 clqs
   (23.3s) probing: 56/2880 (1.9%) - 3411 fixings, 0 aggregations, 633580 implications, 0 bound changes
   (23.3s) probing aborted: 50/50 successive totally useless probings
   (23.3s) symmetry computation started: requiring (bin +, int -, cont +), (fixed: bin -, int +, cont -)
   (23.4s) symmetry computation finished: 19 generators found (max: 1500, log10 of symmetry group size: 18.4)
presolving (381 rounds: 381 fast, 258 medium, 256 exhaustive):
 5620 deleted vars, 2799 deleted constraints, 1 added constraints, 12241 tightened bounds, 0 added holes, 0 changed sides, 5640 changed coefficients
 636116 implications, 20 cliques
presolved problem has 5780 variables (2880 bin, 0 int, 0 impl, 2900 cont) and 2962 constraints
     40 constraints of type <varbound>
     20 constraints of type <setppc>
   2901 constraints of type <linear>
      1 constraints of type <orbitope>
Presolving Time: 23.34

 time | node  | left  |LP iter|LP it/n|mem/heur|mdpt |vars |cons |rows |cuts |sepa|confs|strbr|  dualbound   | primalbound  |  gap   | compl. 
 23.5s|     1 |     0 |   997 |     - |   214M |   0 |5780 |2966 |2961 |   0 |  0 |   3 |   0 |-4.471149e+00 |      --      |    Inf | unknown
o23.6s|     1 |     0 |  3608 |     - |feaspump|   0 |5780 |2966 |2961 |   0 |  0 |   3 |   0 |-4.471149e+00 |-4.468203e+00 |   0.07%| unknown
 23.7s|     1 |     0 |  3613 |     - |   216M |   0 |5780 |2966 |2966 |   5 |  1 |   3 |   0 |-4.471149e+00 |-4.468203e+00 |   0.07%| unknown
 23.7s|     1 |     0 |  3618 |     - |   216M |   0 |5780 |2966 |2971 |  10 |  2 |   3 |   0 |-4.471149e+00 |-4.468203e+00 |   0.07%| unknown
 23.7s|     1 |     0 |  3623 |     - |   217M |   0 |5780 |2966 |2976 |  15 |  3 |   3 |   0 |-4.471149e+00 |-4.468203e+00 |   0.07%| unknown
 23.8s|     1 |     0 |  3628 |     - |   217M |   0 |5780 |2966 |2981 |  20 |  4 |   3 |   0 |-4.471149e+00 |-4.468203e+00 |   0.07%| unknown
 23.8s|     1 |     0 |  3633 |     - |   218M |   0 |5780 |2966 |2986 |  25 |  5 |   3 |   0 |-4.471149e+00 |-4.468203e+00 |   0.07%| unknown
 23.8s|     1 |     0 |  3638 |     - |   218M |   0 |5780 |2966 |2991 |  30 |  6 |   3 |   0 |-4.471149e+00 |-4.468203e+00 |   0.07%| unknown
 23.9s|     1 |     0 |  3643 |     - |   219M |   0 |5780 |2966 |2996 |  35 |  7 |   3 |   0 |-4.471149e+00 |-4.468203e+00 |   0.07%| unknown
 23.9s|     1 |     0 |  3648 |     - |   220M |   0 |5780 |2966 |3001 |  40 |  8 |   3 |   0 |-4.471149e+00 |-4.468203e+00 |   0.07%| unknown
 23.9s|     1 |     0 |  3653 |     - |   220M |   0 |5780 |2966 |3006 |  45 |  9 |   3 |   0 |-4.471149e+00 |-4.468203e+00 |   0.07%| unknown
 24.0s|     1 |     0 |  3658 |     - |   220M |   0 |5780 |2966 |3011 |  50 | 10 |   3 |   0 |-4.471149e+00 |-4.468203e+00 |   0.07%| unknown
 24.0s|     1 |     0 |  3663 |     - |   221M |   0 |5780 |2966 |3016 |  55 | 11 |   3 |   0 |-4.471149e+00 |-4.468203e+00 |   0.07%| unknown
d24.0s|     1 |     0 |  3825 |     - |conflict|   0 |5780 |2966 |3016 |   0 | 11 |   3 |   0 |-4.471149e+00 |-4.471149e+00 |   0.00%| unknown
 24.0s|     1 |     0 |  3825 |     - |   221M |   0 |5780 |2966 |3016 |  55 | 11 |   3 |   0 |-4.471149e+00 |-4.471149e+00 |   0.00%| unknown

SCIP Status        : problem is solved [optimal solution found]
Solving Time (sec) : 24.01
Solving Nodes      : 1
Primal Bound       : -4.47114947751022e+00 (2 solutions)
Dual Bound         : -4.47114947751022e+00
Gap                : 0.00 %

primal solution (original space):
=================================

objective value:                    -4.47114947751022
y_1,126_                                            1 	(obj:0)
y_2,126_                                            1 	(obj:0)
y_4,126_                                            1 	(obj:0)
y_6,126_                                            1 	(obj:0)
y_7,126_                                            1 	(obj:0)
y_8,126_                                            1 	(obj:0)
y_9,126_                                            1 	(obj:0)
y_10,126_                                           1 	(obj:0)
y_11,126_                                           1 	(obj:0)
y_3,127_                                            1 	(obj:0)
y_12,127_                                           1 	(obj:0)
y_13,127_                                           1 	(obj:0)
y_14,127_                                           1 	(obj:0)
y_15,127_                                           1 	(obj:0)
y_16,127_                                           1 	(obj:0)
y_17,127_                                           1 	(obj:0)
y_18,127_                                           1 	(obj:0)
y_20,127_                                           1 	(obj:0)
y_5,128_                                            1 	(obj:0)
y_19,128_                                           1 	(obj:0)
x_10_                              -0.225352112676056 	(obj:1)
t_4,127_                                            1 	(obj:0)
t_11,127_                                           1 	(obj:0)
x_11_                              -0.225352112676056 	(obj:1)
x_1_                               -0.225352112676056 	(obj:1)
t_3,127_                                            1 	(obj:0)
t_12,127_                                           1 	(obj:0)
t_5,128_                                            1 	(obj:0)
x_5_                               -0.211267605633803 	(obj:1)
x_7_                               -0.225352112676056 	(obj:1)
x_12_                              -0.225352112676056 	(obj:1)
t_2,127_                                            1 	(obj:0)
x_20_                              -0.225352112676056 	(obj:1)
t_13,127_                                           1 	(obj:0)
x_13_                              -0.225352112676056 	(obj:1)
t_1,127_                                            1 	(obj:0)
x_9_                               -0.225352112676056 	(obj:1)
t_14,127_                           0.451612903226059 	(obj:0)
t_14,128_                           0.548387096773941 	(obj:0)
t_7,127_                                            1 	(obj:0)
x_14_                              -0.217628350749663 	(obj:1)
t_15,127_                                           1 	(obj:0)
x_8_                               -0.225352112676056 	(obj:1)
t_10,127_                                           1 	(obj:0)
x_15_                              -0.225352112676056 	(obj:1)
t_16,127_                                           1 	(obj:0)
x_3_                               -0.225352112676056 	(obj:1)
x_16_                              -0.225352112676056 	(obj:1)
t_17,127_                                           1 	(obj:0)
x_6_                               -0.225352112676056 	(obj:1)
t_8,127_                                            1 	(obj:0)
x_17_                              -0.225352112676056 	(obj:1)
t_18,127_                                           1 	(obj:0)
t_9,127_                                            1 	(obj:0)
x_18_                              -0.225352112676056 	(obj:1)
x_2_                               -0.225352112676056 	(obj:1)
x_4_                               -0.225352112676056 	(obj:1)
t_19,128_                                           1 	(obj:0)
t_6,127_                                            1 	(obj:0)
x_19_                              -0.211267605633803 	(obj:1)
t_20,127_                                           1 	(obj:0)

Statistics
==========

SCIP Status        : problem is solved [optimal solution found]
Total Time         :      24.05
  solving          :      24.01
  presolving       :      23.34 (included in solving)
  reading          :       0.04
  copying          :       0.00 (0 times copied the problem)
Original Problem   :
  Problem name     : ../modeles/20_284.lp
  Variables        : 11400 (5680 binary, 0 integer, 0 implicit integer, 5720 continuous)
  Constraints      : 5761 initial, 5761 maximal
  Objective        : minimize, 20 non-zeros (abs.min = 1, abs.max = 1)
Presolved Problem  :
  Problem name     : t_../modeles/20_284.lp
  Variables        : 5780 (2880 binary, 0 integer, 0 implicit integer, 2900 continuous)
  Constraints      : 2962 initial, 2966 maximal
  Objective        : minimize, 2880 non-zeros (abs.min = 0.0140845, abs.max = 1.01408)
  Nonzeros         : 23080 constraint, 2880 clique table
Presolvers         :   ExecTime  SetupTime  Calls  FixedVars   AggrVars   ChgTypes  ChgBounds   AddHoles    DelCons    AddCons   ChgSides   ChgCoefs
  boundshift       :       0.00       0.00      0          0          0          0          0          0          0          0          0          0
  convertinttobin  :       0.00       0.00      0          0          0          0          0          0          0          0          0          0
  domcol           :       3.07       0.00    136          0          0          0          0          0          0          0          0          0
  dualagg          :       0.00       0.00      0          0          0          0          0          0          0          0          0          0
  dualcomp         :       0.74       0.00    136          0          0          0          0          0          0          0          0          0
  dualinfer        :       0.00       0.00      0          0          0          0          0          0          0          0          0          0
  dualsparsify     :       0.00       0.00      1          0          0          0          0          0          0          0          0          0
  gateextraction   :       0.00       0.00      0          0          0          0          0          0          0          0          0          0
  implics          :       0.02       0.00    258          0          0          0          0          0          0          0          0          0
  inttobinary      :       0.00       0.00      0          0          0          0          0          0          0          0          0          0
  milp             :       1.62       0.00      3       2108          0          0         40          0          0          0          0          0
  qpkktref         :       0.00       0.00      0          0          0          0          0          0          0          0          0          0
  redvub           :       0.00       0.00      0          0          0          0          0          0          0          0          0          0
  sparsify         :       0.34       0.00     11          0          0          0          0          0          0          0          0          0
  stuffing         :       0.00       0.00      0          0          0          0          0          0          0          0          0          0
  trivial          :       0.10       0.00    381          0          0          0          0          0          0          0          0          0
  tworowbnd        :       0.00       0.00      0          0          0          0          0          0          0          0          0          0
  dualfix          :       0.09       0.00    381          0          0          0          0          0          0          0          0          0
  genvbounds       :       0.00       0.00      0          0          0          0          0          0          0          0          0          0
  probing          :      13.21       0.00    136       3411          0          0          0          0          0          0          0          0
  pseudoobj        :       0.00       0.00      0          0          0          0          0          0          0          0          0          0
  symmetry         :       0.08       0.00      1          0          0          0          0          0          0          1          0          0
  vbounds          :       0.00       0.00      1          0          0          0          0          0          0          0          0          0
  varbound         :       0.10       0.00    635          0          0          0         81          0       2496          0          0          0
  setppc           :       0.17       0.00    890          0          0          0          0          0          0          0          0          0
  linear           :       3.72       0.01    637         81         20          0      12120          0        303          0          0       5640
  orbitope         :       0.00       0.00      0          0          0          0          0          0          0          0          0          0
  logicor          :       0.00       0.00      0          0          0          0          0          0          0          0          0          0
  bounddisjunction :       0.00       0.00      0          0          0          0          0          0          0          0          0          0
  benders          :       0.00       0.00      0          0          0          0          0          0          0          0          0          0
  components       :       0.00       0.00      1          0          0          0          0          0          0          0          0          0
  root node        :          -          -      -          0          -          -          0          -          -          -          -          -
Constraints        :     Number  MaxNumber  #Separate #Propagate    #EnfoLP    #EnfoRelax  #EnfoPS    #Check   #ResProp    Cutoffs    DomReds       Cuts    Applied      Conss   Children
  benderslp        :          0          0          0          0          0          0          0         24          0          0          0          0          0          0          0
  integral         :          0          0          0          0          0          0          0         24          0          0          0          0          0          0          0
  varbound         :         40         40         11      14530          0          0          0         18          9          0          0          0          0          0          0
  setppc           :         20         20         11      14530          0          0          0         18        429          0          0          0          0          0          0
  linear           :       2901       2901         11      14530          0          0          0          5       1294       1943          0          0          0          0          0
  orbitope         :          1          1          0        233          0          0          0          2          0          0          0          0          0          0          0
  logicor          :          0+         2         11          5          0          0          0          0          0          0          0          0          0          0          0
  bounddisjunction :          0+         2          0          5          0          0          0          0          0          0          0          0          0          0          0
  benders          :          0          0          0          0          0          0          0          3          0          0          0          0          0          0          0
  countsols        :          0          0          0          0          0          0          0          3          0          0          0          0          0          0          0
  components       :          0          0          0          0          0          0          0          0          0          0          0          0          0          0          0
Constraint Timings :  TotalTime  SetupTime   Separate  Propagate     EnfoLP     EnfoPS     EnfoRelax   Check    ResProp    SB-Prop
  benderslp        :       0.00       0.00       0.00       0.00       0.00       0.00       0.00       0.00       0.00       0.00
  integral         :       0.00       0.00       0.00       0.00       0.00       0.00       0.00       0.00       0.00       0.00
  varbound         :       0.59       0.00       0.00       0.59       0.00       0.00       0.00       0.00       0.00       0.00
  setppc           :       0.02       0.00       0.00       0.02       0.00       0.00       0.00       0.00       0.00       0.00
  linear           :       4.96       0.01       0.01       4.94       0.00       0.00       0.00       0.00       0.00       0.00
  orbitope         :       0.00       0.00       0.00       0.00       0.00       0.00       0.00       0.00       0.00       0.00
  logicor          :       0.00       0.00       0.00       0.00       0.00       0.00       0.00       0.00       0.00       0.00
  bounddisjunction :       0.00       0.00       0.00       0.00       0.00       0.00       0.00       0.00       0.00       0.00
  benders          :       0.00       0.00       0.00       0.00       0.00       0.00       0.00       0.00       0.00       0.00
  countsols        :       0.00       0.00       0.00       0.00       0.00       0.00       0.00       0.00       0.00       0.00
  components       :       0.00       0.00       0.00       0.00       0.00       0.00       0.00       0.00       0.00       0.00
Propagators        : #Propagate   #ResProp    Cutoffs    DomReds
  dualfix          :          1          0          0          0
  genvbounds       :          0          0          0          0
  nlobbt           :          0          0          0          0
  obbt             :          0          0          0          0
  probing          :          0          0          0          0
  pseudoobj        :         14          0          0          0
  redcost          :         13          0          0          0
  rootredcost      :          0          0          0          0
  symmetry         :          0          0          0          0
  vbounds          :        152          0          0          0
Propagator Timings :  TotalTime  SetupTime   Presolve  Propagate    ResProp    SB-Prop
  dualfix          :       0.09       0.00       0.09       0.00       0.00       0.00
  genvbounds       :       0.00       0.00       0.00       0.00       0.00       0.00
  nlobbt           :       0.00       0.00       0.00       0.00       0.00       0.00
  obbt             :       0.00       0.00       0.00       0.00       0.00       0.00
  probing          :      13.21       0.00      13.21       0.00       0.00       0.00
  pseudoobj        :       0.01       0.00       0.00       0.01       0.00       0.00
  redcost          :       0.00       0.00       0.00       0.00       0.00       0.00
  rootredcost      :       0.00       0.00       0.00       0.00       0.00       0.00
  symmetry         :       0.09       0.00       0.08       0.00       0.00       0.00
  vbounds          :       0.05       0.00       0.00       0.05       0.00       0.00
Orbital fixing     :
  vars fixed to 0  :          0
  vars fixed to 1  :          0
Conflict Analysis  :       Time      Calls    Success    DomReds  Conflicts   Literals    Reconvs ReconvLits   Dualrays   Nonzeros   LP Iters   (pool size: [10000,10000])
  propagation      :       0.00          1          1          -          3      146.0          0        0.0          -          -          -
  infeasible LP    :       0.00          0          0          -          0        0.0          0        0.0          0        0.0          0
  bound exceed. LP :       0.00          1          0          -          0        0.0          0        0.0          0        0.0          0
  strong branching :       0.00          0          0          -          0        0.0          0        0.0          -          -          0
  pseudo solution  :       0.00          0          0          -          0        0.0          0        0.0          -          -          -
  applied globally :       0.00          -          -          0          3       98.7          -          -          0          -          -
  applied locally  :          -          -          -          0          0        0.0          -          -          0          -          -
Separators         :   ExecTime  SetupTime      Calls    Cutoffs    DomReds       Cuts    Applied      Conss
  cut pool         :       0.00                    21          -          -        110          -          -    (maximal pool size: 187)
  aggregation      :       0.15       0.00         11          0          0        132         55          0
  > cmir           :          -          -          -          -          -          -         55          -
  > flowcover      :          -          -          -          -          -          -          0          -
  > knapsackcover  :          -          -          -          -          -          -          0          -
  cgmip            :       0.00       0.00          0          0          0          0          0          0
  clique           :       0.00       0.00         11          0          0          0          0          0
  closecuts        :       0.00       0.00          0          0          0          0          0          0
  convexproj       :       0.00       0.00          0          0          0          0          0          0
  disjunctive      :       0.00       0.00          0          0          0          0          0          0
  eccuts           :       0.00       0.00          0          0          0          0          0          0
  gauge            :       0.00       0.00          0          0          0          0          0          0
  gomory           :       0.01       0.00         10          0          0         55          0          0
  > gomorymi       :          -          -          -          -          -          -          0          -
  > strongcg       :          -          -          -          -          -          -          0          -
  impliedbounds    :       0.00       0.00         11          0          0          0          0          0
  interminor       :       0.00       0.00          0          0          0          0          0          0
  intobj           :       0.00       0.00          0          0          0          0          0          0
  mcf              :       0.02       0.00          1          0          0          0          0          0
  minor            :       0.00       0.00          0          0          0          0          0          0
  mixing           :       0.00       0.00         11          0          0          0          0          0
  oddcycle         :       0.00       0.00          0          0          0          0          0          0
  rapidlearning    :       0.00       0.00          0          0          0          0          0          0
  rlt              :       0.00       0.00         10          0          0          0          0          0
  zerohalf         :       0.02       0.00         11          0          0          0          0          0
Cutselectors       :   ExecTime  SetupTime
  hybrid           :       0.00       0.00
Pricers            :   ExecTime  SetupTime      Calls       Vars
  problem variables:       0.00          -          0          0
Branching Rules    :   ExecTime  SetupTime   BranchLP  BranchExt   BranchPS    Cutoffs    DomReds       Cuts      Conss   Children
  allfullstrong    :       0.00       0.00          0          0          0          0          0          0          0          0
  cloud            :       0.00       0.00          0          0          0          0          0          0          0          0
  distribution     :       0.00       0.00          0          0          0          0          0          0          0          0
  fullstrong       :       0.00       0.00          0          0          0          0          0          0          0          0
  inference        :       0.00       0.00          0          0          0          0          0          0          0          0
  leastinf         :       0.00       0.00          0          0          0          0          0          0          0          0
  lookahead        :       0.00       0.00          0          0          0          0          0          0          0          0
  mostinf          :       0.00       0.00          0          0          0          0          0          0          0          0
  multaggr         :       0.00       0.00          0          0          0          0          0          0          0          0
  nodereopt        :       0.00       0.00          0          0          0          0          0          0          0          0
  pscost           :       0.00       0.00          0          0          0          0          0          0          0          0
  random           :       0.00       0.00          0          0          0          0          0          0          0          0
  relpscost        :       0.00       0.00          0          0          0          0          0          0          0          0
  vanillafullstrong:       0.00       0.00          0          0          0          0          0          0          0          0
Primal Heuristics  :   ExecTime  SetupTime      Calls      Found       Best
  LP solutions     :       0.00          -          -          0          0
  relax solutions  :       0.00          -          -          0          0
  pseudo solutions :       0.00          -          -          0          0
  strong branching :       0.00          -          -          0          0
  actconsdiving    :       0.00       0.00          0          0          0
  adaptivediving   :       0.00       0.00          0          0          0
  alns             :       0.00       0.00          0          0          0
  bound            :       0.00       0.00          0          0          0
  clique           :       0.01       0.00          1          0          0
  coefdiving       :       0.00       0.00          0          0          0
  completesol      :       0.00       0.00          0          0          0
  conflictdiving   :       0.01       0.00          1          1          1
  crossover        :       0.00       0.00          0          0          0
  dins             :       0.00       0.00          0          0          0
  distributiondivin:       0.00       0.00          0          0          0
  dps              :       0.00       0.00          0          0          0
  dualval          :       0.00       0.00          0          0          0
  farkasdiving     :       0.00       0.00          0          0          0
  feaspump         :       0.06       0.00          1          1          1
  fixandinfer      :       0.00       0.00          0          0          0
  fracdiving       :       0.00       0.00          0          0          0
  gins             :       0.00       0.00          0          0          0
  guideddiving     :       0.00       0.00          0          0          0
  indicator        :       0.00       0.00          0          0          0
  intdiving        :       0.00       0.00          0          0          0
  intshifting      :       0.00       0.00          1          0          0
  linesearchdiving :       0.00       0.00          0          0          0
  localbranching   :       0.00       0.00          0          0          0
  locks            :       0.00       0.00          1          0          0
  lpface           :       0.00       0.00          0          0          0
  mpec             :       0.00       0.00          0          0          0
  multistart       :       0.00       0.00          0          0          0
  mutation         :       0.00       0.00          0          0          0
  nlpdiving        :       0.00       0.00          0          0          0
  objpscostdiving  :       0.00       0.00          0          0          0
  octane           :       0.00       0.00          0          0          0
  ofins            :       0.00       0.00          0          0          0
  oneopt           :       0.00       0.00          1          0          0
  padm             :       0.00       0.00          0          0          0
  proximity        :       0.00       0.00          0          0          0
  pscostdiving     :       0.00       0.00          0          0          0
  randrounding     :       0.04       0.00         12          0          0
  rens             :       0.00       0.00          0          0          0
  reoptsols        :       0.00       0.00          0          0          0
  repair           :       0.00       0.00          0          0          0
  rins             :       0.00       0.00          0          0          0
  rootsoldiving    :       0.00       0.00          0          0          0
  rounding         :       0.00       0.00         12          0          0
  shiftandpropagate:       0.03       0.00          1          0          0
  shifting         :       0.03       0.00         12          0          0
  simplerounding   :       0.00       0.00          0          0          0
  subnlp           :       0.00       0.00          0          0          0
  trivial          :       0.02       0.00          2          0          0
  trivialnegation  :       0.00       0.00          0          0          0
  trustregion      :       0.00       0.00          0          0          0
  trysol           :       0.00       0.00          0          0          0
  twoopt           :       0.00       0.00          0          0          0
  undercover       :       0.00       0.00          0          0          0
  vbounds          :       0.00       0.00          0          0          0
  veclendiving     :       0.00       0.00          0          0          0
  zeroobj          :       0.00       0.00          0          0          0
  zirounding       :       0.00       0.00          1          0          0
  other solutions  :          -          -          -          0          -
Diving (single)    :      Calls      Nodes   LP Iters Backtracks  Conflicts   MinDepth   MaxDepth   AvgDepth  RoundSols  NLeafSols  MinSolDpt  MaxSolDpt  AvgSolDpt
  actconsdiving    :          0          -          -          -          -          -          -          -          -          -          -          -          -
  coefdiving       :          0          -          -          -          -          -          -          -          -          -          -          -          -
  conflictdiving   :          1         12        119          0          0         13         13       13.0          0          1         13         13       13.0
  distributiondivin:          0          -          -          -          -          -          -          -          -          -          -          -          -
  farkasdiving     :          0          -          -          -          -          -          -          -          -          -          -          -          -
  fracdiving       :          0          -          -          -          -          -          -          -          -          -          -          -          -
  guideddiving     :          0          -          -          -          -          -          -          -          -          -          -          -          -
  linesearchdiving :          0          -          -          -          -          -          -          -          -          -          -          -          -
  pscostdiving     :          0          -          -          -          -          -          -          -          -          -          -          -          -
  veclendiving     :          0          -          -          -          -          -          -          -          -          -          -          -          -
Diving (adaptive)  :      Calls      Nodes   LP Iters Backtracks  Conflicts   MinDepth   MaxDepth   AvgDepth  RoundSols  NLeafSols  MinSolDpt  MaxSolDpt  AvgSolDpt
  actconsdiving    :          0          -          -          -          -          -          -          -          -          -          -          -          -
  coefdiving       :          0          -          -          -          -          -          -          -          -          -          -          -          -
  conflictdiving   :          0          -          -          -          -          -          -          -          -          -          -          -          -
  distributiondivin:          0          -          -          -          -          -          -          -          -          -          -          -          -
  farkasdiving     :          0          -          -          -          -          -          -          -          -          -          -          -          -
  fracdiving       :          0          -          -          -          -          -          -          -          -          -          -          -          -
  guideddiving     :          0          -          -          -          -          -          -          -          -          -          -          -          -
  linesearchdiving :          0          -          -          -          -          -          -          -          -          -          -          -          -
  pscostdiving     :          0          -          -          -          -          -          -          -          -          -          -          -          -
  veclendiving     :          0          -          -          -          -          -          -          -          -          -          -          -          -
Neighborhoods      :      Calls  SetupTime  SolveTime SolveNodes       Sols       Best       Exp3  EpsGreedy        UCB TgtFixRate  Opt  Inf Node Stal  Sol  Usr Othr Actv
  rens             :          0       0.00       0.00          0          0          0    0.00000   -1.00000    1.00000      0.900    0    0    0    0    0    0    0    1
  rins             :          0       0.00       0.00          0          0          0    0.00000   -1.00000    1.00000      0.900    0    0    0    0    0    0    0    1
  mutation         :          0       0.00       0.00          0          0          0    0.00000   -1.00000    1.00000      0.900    0    0    0    0    0    0    0    1
  localbranching   :          0       0.00       0.00          0          0          0    0.00000   -1.00000    1.00000      0.900    0    0    0    0    0    0    0    1
  crossover        :          0       0.00       0.00          0          0          0    0.00000   -1.00000    1.00000      0.900    0    0    0    0    0    0    0    1
  proximity        :          0       0.00       0.00          0          0          0    0.00000   -1.00000    1.00000      0.900    0    0    0    0    0    0    0    1
  zeroobjective    :          0       0.00       0.00          0          0          0    0.00000   -1.00000    1.00000      0.900    0    0    0    0    0    0    0    1
  dins             :          0       0.00       0.00          0          0          0    0.00000   -1.00000    1.00000      0.900    0    0    0    0    0    0    0    1
  trustregion      :          0       0.00       0.00          0          0          0    0.00000   -1.00000    1.00000      0.900    0    0    0    0    0    0    0    0
LP                 :       Time      Calls Iterations  Iter/call   Iter/sec  Time-0-It Calls-0-It    ItLimit
  primal LP        :       0.00          0          0       0.00          -       0.00          0
  dual LP          :       0.08         12       1052      87.67   13108.54       0.00          0
  lex dual LP      :       0.00          0          0       0.00          -
  barrier LP       :       0.00          0          0       0.00          -       0.00          0
  resolve instable :       0.00          0          0       0.00          -
  diving/probing LP:       0.06          5       2773     554.60   48615.86
  strong branching :       0.00          0          0       0.00          -          -          -          0
    (at root node) :          -          0          0       0.00          -
  conflict analysis:       0.00          0          0       0.00          -
B&B Tree           :
  number of runs   :          1
  nodes            :          1 (0 internal, 1 leaves)
  feasible leaves  :          0
  infeas. leaves   :          0
  objective leaves :          1
  nodes (total)    :          1 (0 internal, 1 leaves)
  nodes left       :          0
  max depth        :          0
  max depth (total):          0
  backtracks       :          0 (0.0%)
  early backtracks :          0 (0.0%)
  nodes exc. ref.  :          0 (0.0%)
  delayed cutoffs  :          0
  repropagations   :          0 (0 domain reductions, 0 cutoffs)
  avg switch length:       2.00
  switching time   :       0.00
Estim. Tree Size   :          1
Estimation Tree    : 1 nodes (1 visited, 0 internal, 1 leaves, 0 open), weight: 1.0000 completed 1.0000
Estimations        :      estim      value      trend resolution     smooth
  wbe              :          1          -          -          -          -
  tree-profile     :         -1          -          -          -          -
  gap              :          1    1.00000    1.00000          1          1
  tree-weight      :          1    1.00000    1.00000          1          1
  leaf-frequency   :          1    0.50000    1.00000          1          1
  ssg              :          1    0.00000   -1.00000          1          1
  open-nodes       :          1    0.00000    0.00000          1          1
Root Node          :
  First LP value   : -4.47114947751022e+00
  First LP Iters   :        997 (15882.12 Iter/sec)
  First LP Time    :       0.06
  Final Dual Bound : -4.47114947751022e+00
  Final Root Iters :       3663
  Root LP Estimate :                     -
Solution           :
  Solutions found  :          2 (2 improvements)
  First Solution   : -4.46820315834400e+00   (in run 1, after 1 nodes, 23.61 seconds, depth 0, found by <feaspump>)
  Gap First Sol.   :       0.07 %
  Gap Last Sol.    :       0.00 %
  Primal Bound     : -4.47114947751022e+00   (in run 1, after 1 nodes, 24.01 seconds, depth 13, found by <conflictdiving>)
  Dual Bound       : -4.47114947751022e+00
  Gap              :       0.00 %
Integrals          :      Total       Avg%
  primal-dual      :    2361.29      98.33
  primal-ref       :          -          - (not evaluated)
  dual-ref         :          -          - (not evaluated)
