SCIP version 8.0.0 [precision: 8 byte] [memory: block] [mode: optimized] [LP solver: SoPlex 6.0.0] [GitHash: a740f0891e]
Copyright (C) 2002-2021 Konrad-Zuse-Zentrum fuer Informationstechnik Berlin (ZIB)

External libraries: 
  SoPlex 6.0.0         Linear Programming Solver developed at Zuse Institute Berlin (soplex.zib.de) [GitHash: 71a5873d]
  CppAD 20180000.0     Algorithmic Differentiation of C++ algorithms developed by B. Bell (github.com/coin-or/CppAD)
  ZLIB 1.2.11          General purpose compression library by J. Gailly and M. Adler (zlib.net)
  GMP 6.2.1            GNU Multiple Precision Arithmetic Library developed by T. Granlund (gmplib.org)
  ZIMPL 3.5.1          Zuse Institute Mathematical Programming Language developed by T. Koch (zimpl.zib.de)
  AMPL/MP 4e2d45c4     AMPL .nl file reader library (github.com/ampl/mp)
  PaPILO 2.0.0         parallel presolve for integer and linear optimization (github.com/scipopt/papilo) [GitHash: 76cafc1]
  bliss 0.73p          Computing Graph Automorphism Groups by T. Junttila and P. Kaski (www.tcs.hut.fi/Software/bliss/)
  Ipopt 3.13.2         Interior Point Optimizer developed by A. Waechter et.al. (github.com/coin-or/Ipopt)

user parameter file <scip.set> not found - using default parameters

read problem <../modeles/20_44.lp>
============

original problem has 1800 variables (880 bin, 0 int, 0 impl, 920 cont) and 961 constraints

solve problem
=============

presolving:
(round 1, fast)       20 del vars, 0 del conss, 0 add conss, 1920 chg bounds, 0 chg sides, 0 chg coeffs, 0 upgd conss, 0 impls, 20 clqs
(round 2, fast)       20 del vars, 0 del conss, 0 add conss, 1920 chg bounds, 0 chg sides, 840 chg coeffs, 0 upgd conss, 0 impls, 20 clqs
   (0.0s) running MILP presolver
   (0.0s) MILP presolver (2 rounds): 0 aggregations, 46 fixings, 0 bound changes
(round 3, medium)     66 del vars, 0 del conss, 0 add conss, 1920 chg bounds, 0 chg sides, 840 chg coeffs, 0 upgd conss, 0 impls, 20 clqs
(round 4, fast)       66 del vars, 20 del conss, 0 add conss, 1920 chg bounds, 0 chg sides, 840 chg coeffs, 0 upgd conss, 0 impls, 20 clqs
(round 5, exhaustive) 66 del vars, 20 del conss, 0 add conss, 1920 chg bounds, 0 chg sides, 840 chg coeffs, 72 upgd conss, 0 impls, 20 clqs
(round 6, exhaustive) 92 del vars, 20 del conss, 0 add conss, 1920 chg bounds, 0 chg sides, 840 chg coeffs, 72 upgd conss, 1436 impls, 36 clqs
(round 7, fast)       92 del vars, 24 del conss, 0 add conss, 1920 chg bounds, 0 chg sides, 840 chg coeffs, 72 upgd conss, 1436 impls, 36 clqs
(round 8, exhaustive) 92 del vars, 24 del conss, 0 add conss, 1920 chg bounds, 0 chg sides, 840 chg coeffs, 103 upgd conss, 1436 impls, 36 clqs
(round 9, exhaustive) 117 del vars, 24 del conss, 0 add conss, 1920 chg bounds, 0 chg sides, 840 chg coeffs, 103 upgd conss, 3465 impls, 110 clqs
(round 10, fast)       118 del vars, 30 del conss, 0 add conss, 1921 chg bounds, 0 chg sides, 840 chg coeffs, 103 upgd conss, 3465 impls, 110 clqs
(round 11, exhaustive) 118 del vars, 30 del conss, 0 add conss, 1921 chg bounds, 0 chg sides, 840 chg coeffs, 137 upgd conss, 3465 impls, 110 clqs
(round 12, exhaustive) 143 del vars, 30 del conss, 0 add conss, 1921 chg bounds, 0 chg sides, 840 chg coeffs, 137 upgd conss, 5575 impls, 278 clqs
(round 13, fast)       143 del vars, 38 del conss, 0 add conss, 1921 chg bounds, 0 chg sides, 840 chg coeffs, 137 upgd conss, 5575 impls, 278 clqs
(round 14, exhaustive) 143 del vars, 38 del conss, 0 add conss, 1921 chg bounds, 0 chg sides, 840 chg coeffs, 163 upgd conss, 5575 impls, 278 clqs
(round 15, exhaustive) 168 del vars, 38 del conss, 0 add conss, 1921 chg bounds, 0 chg sides, 840 chg coeffs, 163 upgd conss, 6427 impls, 343 clqs
(round 16, fast)       168 del vars, 45 del conss, 0 add conss, 1921 chg bounds, 0 chg sides, 840 chg coeffs, 163 upgd conss, 6427 impls, 343 clqs
(round 17, exhaustive) 168 del vars, 45 del conss, 0 add conss, 1921 chg bounds, 0 chg sides, 840 chg coeffs, 188 upgd conss, 6427 impls, 343 clqs
(round 18, exhaustive) 193 del vars, 45 del conss, 0 add conss, 1925 chg bounds, 0 chg sides, 840 chg coeffs, 188 upgd conss, 9117 impls, 715 clqs
(round 19, fast)       193 del vars, 53 del conss, 0 add conss, 1925 chg bounds, 0 chg sides, 844 chg coeffs, 188 upgd conss, 9117 impls, 715 clqs
(round 20, exhaustive) 193 del vars, 53 del conss, 0 add conss, 1925 chg bounds, 0 chg sides, 844 chg coeffs, 213 upgd conss, 9117 impls, 715 clqs
(round 21, exhaustive) 219 del vars, 53 del conss, 0 add conss, 1925 chg bounds, 0 chg sides, 844 chg coeffs, 213 upgd conss, 11287 impls, 1104 clqs
(round 22, fast)       219 del vars, 62 del conss, 0 add conss, 1925 chg bounds, 0 chg sides, 844 chg coeffs, 213 upgd conss, 11287 impls, 1104 clqs
(round 23, exhaustive) 219 del vars, 62 del conss, 0 add conss, 1925 chg bounds, 0 chg sides, 844 chg coeffs, 238 upgd conss, 11287 impls, 1104 clqs
(round 24, exhaustive) 244 del vars, 62 del conss, 0 add conss, 1926 chg bounds, 0 chg sides, 844 chg coeffs, 238 upgd conss, 12555 impls, 1390 clqs
(round 25, fast)       246 del vars, 73 del conss, 0 add conss, 1928 chg bounds, 0 chg sides, 845 chg coeffs, 238 upgd conss, 12555 impls, 1390 clqs
(round 26, exhaustive) 246 del vars, 73 del conss, 0 add conss, 1928 chg bounds, 0 chg sides, 845 chg coeffs, 258 upgd conss, 12555 impls, 1390 clqs
(round 27, exhaustive) 271 del vars, 73 del conss, 0 add conss, 1930 chg bounds, 0 chg sides, 845 chg coeffs, 258 upgd conss, 15536 impls, 2138 clqs
(round 28, fast)       273 del vars, 83 del conss, 0 add conss, 1932 chg bounds, 0 chg sides, 847 chg coeffs, 258 upgd conss, 15536 impls, 2138 clqs
(round 29, exhaustive) 273 del vars, 83 del conss, 0 add conss, 1932 chg bounds, 0 chg sides, 847 chg coeffs, 278 upgd conss, 15536 impls, 2138 clqs
(round 30, exhaustive) 299 del vars, 83 del conss, 0 add conss, 1932 chg bounds, 0 chg sides, 847 chg coeffs, 278 upgd conss, 16540 impls, 2432 clqs
(round 31, fast)       299 del vars, 95 del conss, 0 add conss, 1932 chg bounds, 0 chg sides, 847 chg coeffs, 278 upgd conss, 16540 impls, 2432 clqs
(round 32, exhaustive) 299 del vars, 95 del conss, 0 add conss, 1932 chg bounds, 0 chg sides, 847 chg coeffs, 294 upgd conss, 16540 impls, 2432 clqs
(round 33, exhaustive) 324 del vars, 95 del conss, 0 add conss, 1932 chg bounds, 0 chg sides, 847 chg coeffs, 294 upgd conss, 17511 impls, 2791 clqs
(round 34, fast)       326 del vars, 106 del conss, 0 add conss, 1934 chg bounds, 0 chg sides, 847 chg coeffs, 294 upgd conss, 17511 impls, 2791 clqs
(round 35, exhaustive) 326 del vars, 106 del conss, 0 add conss, 1934 chg bounds, 0 chg sides, 847 chg coeffs, 311 upgd conss, 17511 impls, 2791 clqs
(round 36, exhaustive) 353 del vars, 106 del conss, 0 add conss, 1938 chg bounds, 0 chg sides, 847 chg coeffs, 311 upgd conss, 20257 impls, 3738 clqs
(round 37, fast)       353 del vars, 119 del conss, 0 add conss, 1938 chg bounds, 0 chg sides, 851 chg coeffs, 311 upgd conss, 20257 impls, 3738 clqs
   (0.7s) running MILP presolver
   (0.7s) MILP presolver (7 rounds): 0 aggregations, 303 fixings, 0 bound changes
(round 38, medium)     656 del vars, 238 del conss, 0 add conss, 1938 chg bounds, 0 chg sides, 851 chg coeffs, 311 upgd conss, 20257 impls, 3738 clqs
(round 39, fast)       656 del vars, 290 del conss, 0 add conss, 1938 chg bounds, 0 chg sides, 851 chg coeffs, 311 upgd conss, 20257 impls, 3738 clqs
(round 40, exhaustive) 656 del vars, 290 del conss, 0 add conss, 1938 chg bounds, 0 chg sides, 851 chg coeffs, 359 upgd conss, 20257 impls, 3738 clqs
(round 41, exhaustive) 681 del vars, 290 del conss, 0 add conss, 1947 chg bounds, 0 chg sides, 851 chg coeffs, 359 upgd conss, 23900 impls, 5763 clqs
(round 42, fast)       683 del vars, 305 del conss, 0 add conss, 1949 chg bounds, 0 chg sides, 860 chg coeffs, 359 upgd conss, 23900 impls, 5763 clqs
(round 43, exhaustive) 683 del vars, 305 del conss, 0 add conss, 1949 chg bounds, 0 chg sides, 860 chg coeffs, 364 upgd conss, 23900 impls, 5763 clqs
(round 44, exhaustive) 709 del vars, 305 del conss, 0 add conss, 1955 chg bounds, 0 chg sides, 860 chg coeffs, 364 upgd conss, 30678 impls, 5975 clqs
(round 45, fast)       709 del vars, 320 del conss, 0 add conss, 1955 chg bounds, 0 chg sides, 866 chg coeffs, 364 upgd conss, 30678 impls, 5975 clqs
(round 46, exhaustive) 709 del vars, 320 del conss, 0 add conss, 1955 chg bounds, 0 chg sides, 866 chg coeffs, 367 upgd conss, 30678 impls, 5975 clqs
(round 47, exhaustive) 734 del vars, 320 del conss, 0 add conss, 1958 chg bounds, 0 chg sides, 866 chg coeffs, 367 upgd conss, 32466 impls, 5980 clqs
(round 48, fast)       734 del vars, 336 del conss, 0 add conss, 1958 chg bounds, 0 chg sides, 869 chg coeffs, 367 upgd conss, 32466 impls, 5980 clqs
(round 49, exhaustive) 734 del vars, 336 del conss, 0 add conss, 1958 chg bounds, 0 chg sides, 869 chg coeffs, 369 upgd conss, 32466 impls, 5980 clqs
(round 50, exhaustive) 759 del vars, 336 del conss, 0 add conss, 1960 chg bounds, 0 chg sides, 869 chg coeffs, 369 upgd conss, 33416 impls, 5984 clqs
(round 51, fast)       765 del vars, 356 del conss, 0 add conss, 1966 chg bounds, 0 chg sides, 871 chg coeffs, 369 upgd conss, 33416 impls, 5984 clqs
(round 52, exhaustive) 765 del vars, 356 del conss, 0 add conss, 1966 chg bounds, 0 chg sides, 871 chg coeffs, 371 upgd conss, 33416 impls, 5984 clqs
(round 53, exhaustive) 790 del vars, 356 del conss, 0 add conss, 1968 chg bounds, 0 chg sides, 871 chg coeffs, 371 upgd conss, 33956 impls, 5990 clqs
(round 54, fast)       790 del vars, 372 del conss, 0 add conss, 1968 chg bounds, 0 chg sides, 873 chg coeffs, 371 upgd conss, 33956 impls, 5990 clqs
(round 55, exhaustive) 790 del vars, 372 del conss, 0 add conss, 1968 chg bounds, 0 chg sides, 873 chg coeffs, 373 upgd conss, 33956 impls, 5990 clqs
(round 56, exhaustive) 817 del vars, 372 del conss, 0 add conss, 1972 chg bounds, 0 chg sides, 873 chg coeffs, 373 upgd conss, 36278 impls, 5994 clqs
(round 57, fast)       817 del vars, 388 del conss, 0 add conss, 1972 chg bounds, 0 chg sides, 877 chg coeffs, 373 upgd conss, 36278 impls, 5994 clqs
   (1.1s) running MILP presolver
   (1.1s) MILP presolver found nothing
(round 58, exhaustive) 817 del vars, 388 del conss, 0 add conss, 1972 chg bounds, 0 chg sides, 877 chg coeffs, 375 upgd conss, 36278 impls, 5994 clqs
   (1.1s) probing cycle finished: starting next cycle
(round 59, exhaustive) 820 del vars, 388 del conss, 0 add conss, 1975 chg bounds, 0 chg sides, 877 chg coeffs, 375 upgd conss, 42742 impls, 5999 clqs
(round 60, fast)       820 del vars, 390 del conss, 0 add conss, 1975 chg bounds, 0 chg sides, 880 chg coeffs, 375 upgd conss, 42742 impls, 5999 clqs
   (1.2s) probing cycle finished: starting next cycle
   (1.2s) probing: 49/480 (10.2%) - 436 fixings, 0 aggregations, 46046 implications, 25 bound changes
   (1.2s) probing aborted: 50/50 successive totally useless probings
   (1.2s) symmetry computation started: requiring (bin +, int -, cont +), (fixed: bin -, int +, cont -)
   (1.2s) symmetry computation finished: 19 generators found (max: 1500, log10 of symmetry group size: 18.4)
(round 61, exhaustive) 820 del vars, 390 del conss, 1 add conss, 1975 chg bounds, 0 chg sides, 880 chg coeffs, 375 upgd conss, 42742 impls, 5999 clqs
presolving (62 rounds: 62 fast, 40 medium, 38 exhaustive):
 820 deleted vars, 390 deleted constraints, 1 added constraints, 1975 tightened bounds, 0 added holes, 0 changed sides, 880 changed coefficients
 42742 implications, 5999 cliques
presolved problem has 980 variables (480 bin, 0 int, 0 impl, 500 cont) and 562 constraints
     40 constraints of type <varbound>
     20 constraints of type <setppc>
    501 constraints of type <linear>
      1 constraints of type <orbitope>
Presolving Time: 1.22

 time | node  | left  |LP iter|LP it/n|mem/heur|mdpt |vars |cons |rows |cuts |sepa|confs|strbr|  dualbound   | primalbound  |  gap   | compl. 
p 1.2s|     1 |     0 |    31 |     - |   locks|   0 | 980 | 562 | 561 |   0 |  0 |   0 |   0 |-1.200061e+02 |-1.000000e+00 |  Large | unknown
  1.2s|     1 |     0 |   143 |     - |    49M |   0 | 980 | 562 | 561 |   0 |  0 |   0 |   0 |-4.381818e+00 |-1.000000e+00 | 338.18%| unknown
  1.2s|     1 |     0 |   143 |     - |    49M |   0 | 980 | 562 | 561 |   0 |  0 |   0 |   0 |-4.381818e+00 |-1.000000e+00 | 338.18%| unknown
  1.3s|     1 |     0 |   175 |     - |    50M |   0 | 980 | 562 | 542 |   1 |  1 |   0 |   0 |-4.381818e+00 |-1.000000e+00 | 338.18%| unknown
  1.3s|     1 |     0 |   187 |     - |    50M |   0 | 980 | 562 | 543 |   2 |  2 |   0 |   0 |-4.381818e+00 |-1.000000e+00 | 338.18%| unknown
  1.3s|     1 |     0 |   220 |     - |    50M |   0 | 980 | 562 | 559 |  18 |  4 |   0 |   0 |-4.381818e+00 |-1.000000e+00 | 338.18%| unknown
  1.3s|     1 |     0 |   240 |     - |    50M |   0 | 980 | 562 | 574 |  33 |  5 |   0 |   0 |-4.381818e+00 |-1.000000e+00 | 338.18%| unknown
  1.3s|     1 |     0 |   258 |     - |    50M |   0 | 980 | 562 | 588 |  47 |  6 |   0 |   0 |-4.381818e+00 |-1.000000e+00 | 338.18%| unknown
  1.3s|     1 |     0 |   273 |     - |    50M |   0 | 980 | 562 | 601 |  60 |  7 |   0 |   0 |-4.381818e+00 |-1.000000e+00 | 338.18%| unknown
  1.3s|     1 |     0 |   287 |     - |    51M |   0 | 980 | 562 | 613 |  72 |  8 |   0 |   0 |-4.381818e+00 |-1.000000e+00 | 338.18%| unknown
  1.3s|     1 |     0 |   298 |     - |    51M |   0 | 980 | 562 | 624 |  83 |  9 |   0 |   0 |-4.381818e+00 |-1.000000e+00 | 338.18%| unknown
  1.3s|     1 |     0 |   309 |     - |    51M |   0 | 980 | 562 | 635 |  94 | 10 |   0 |   0 |-4.381818e+00 |-1.000000e+00 | 338.18%| unknown
  1.3s|     1 |     0 |   320 |     - |    51M |   0 | 980 | 562 | 646 | 105 | 11 |   0 |   0 |-4.381818e+00 |-1.000000e+00 | 338.18%| unknown
r 1.3s|     1 |     0 |   320 |     - |rounding|   0 | 980 | 562 | 646 | 105 | 11 |   0 |   0 |-4.381818e+00 |-4.381818e+00 |   0.00%| unknown
  1.3s|     1 |     0 |   320 |     - |    51M |   0 | 980 | 562 | 646 | 105 | 11 |   0 |   0 |-4.381818e+00 |-4.381818e+00 |   0.00%| unknown

SCIP Status        : problem is solved [optimal solution found]
Solving Time (sec) : 1.32
Solving Nodes      : 1
Primal Bound       : -4.38181818181818e+00 (2 solutions)
Dual Bound         : -4.38181818181818e+00
Gap                : 0.00 %

primal solution (original space):
=================================

objective value:                    -4.38181818181818
y_1,20_                                             1 	(obj:0)
y_2,20_                                             1 	(obj:0)
y_3,20_                                             1 	(obj:0)
y_4,20_                                             1 	(obj:0)
y_5,20_                                             1 	(obj:0)
y_6,20_                                             1 	(obj:0)
y_7,20_                                             1 	(obj:0)
y_8,20_                                             1 	(obj:0)
y_9,20_                                             1 	(obj:0)
y_10,20_                                            1 	(obj:0)
y_11,20_                                            1 	(obj:0)
y_12,20_                                            1 	(obj:0)
y_13,20_                                            1 	(obj:0)
y_14,20_                                            1 	(obj:0)
y_15,20_                                            1 	(obj:0)
y_17,20_                                            1 	(obj:0)
y_18,20_                                            1 	(obj:0)
y_20,20_                                            1 	(obj:0)
y_16,21_                                            1 	(obj:0)
y_19,21_                                            1 	(obj:0)
x_10_                              -0.272727272727273 	(obj:1)
t_2,21_                                             1 	(obj:0)
t_11,20_                                          0.5 	(obj:0)
t_11,21_                                          0.5 	(obj:0)
x_11_                              -0.227272727272727 	(obj:1)
x_1_                               -0.181818181818182 	(obj:1)
x_9_                               -0.227272727272727 	(obj:1)
t_12,21_                                            1 	(obj:0)
x_7_                               -0.227272727272727 	(obj:1)
x_5_                               -0.181818181818182 	(obj:1)
t_9,20_                                           0.5 	(obj:0)
x_3_                               -0.227272727272727 	(obj:1)
x_12_                              -0.181818181818182 	(obj:1)
t_13,20_                                          0.5 	(obj:0)
t_13,21_                                          0.5 	(obj:0)
t_10,20_                                            1 	(obj:0)
t_4,20_                                             1 	(obj:0)
x_13_                              -0.227272727272727 	(obj:1)
t_14,20_                                          0.5 	(obj:0)
t_14,21_                                          0.5 	(obj:0)
t_7,20_                                           0.5 	(obj:0)
t_9,21_                                           0.5 	(obj:0)
x_14_                              -0.227272727272727 	(obj:1)
t_15,20_                            0.700000000000019 	(obj:0)
t_15,21_                            0.299999999999981 	(obj:0)
x_8_                               -0.227272727272727 	(obj:1)
t_8,21_                                           0.5 	(obj:0)
x_15_                              -0.245454545454547 	(obj:1)
t_16,21_                                            1 	(obj:0)
t_7,21_                                           0.5 	(obj:0)
x_16_                              -0.181818181818182 	(obj:1)
t_17,20_                                          0.5 	(obj:0)
t_17,21_                                          0.5 	(obj:0)
x_6_                               -0.227272727272727 	(obj:1)
t_6,21_                                           0.5 	(obj:0)
x_20_                              -0.227272727272727 	(obj:1)
t_6,20_                                           0.5 	(obj:0)
x_17_                              -0.227272727272727 	(obj:1)
t_1,21_                                             1 	(obj:0)
t_3,20_                                           0.5 	(obj:0)
t_18,20_                                          0.5 	(obj:0)
t_18,21_                                          0.5 	(obj:0)
t_5,21_                                             1 	(obj:0)
x_18_                              -0.227272727272727 	(obj:1)
t_8,20_                                           0.5 	(obj:0)
x_4_                               -0.272727272727273 	(obj:1)
x_2_                               -0.181818181818182 	(obj:1)
t_19,21_                                            1 	(obj:0)
x_19_                              -0.181818181818182 	(obj:1)
t_3,21_                                           0.5 	(obj:0)
t_20,20_                                          0.5 	(obj:0)
t_20,21_                                          0.5 	(obj:0)

Statistics
==========

SCIP Status        : problem is solved [optimal solution found]
Total Time         :       1.33
  solving          :       1.32
  presolving       :       1.22 (included in solving)
  reading          :       0.00
  copying          :       0.00 (0 times copied the problem)
Original Problem   :
  Problem name     : ../modeles/20_44.lp
  Variables        : 1800 (880 binary, 0 integer, 0 implicit integer, 920 continuous)
  Constraints      : 961 initial, 961 maximal
  Objective        : minimize, 20 non-zeros (abs.min = 1, abs.max = 1)
Presolved Problem  :
  Problem name     : t_../modeles/20_44.lp
  Variables        : 980 (480 binary, 0 integer, 0 implicit integer, 500 continuous)
  Constraints      : 562 initial, 562 maximal
  Objective        : minimize, 480 non-zeros (abs.min = 0.0909091, abs.max = 1.09091)
  Nonzeros         : 3880 constraint, 4966 clique table
Presolvers         :   ExecTime  SetupTime  Calls  FixedVars   AggrVars   ChgTypes  ChgBounds   AddHoles    DelCons    AddCons   ChgSides   ChgCoefs
  boundshift       :       0.00       0.00      0          0          0          0          0          0          0          0          0          0
  convertinttobin  :       0.00       0.00      0          0          0          0          0          0          0          0          0          0
  domcol           :       0.02       0.00     20          0          0          0          0          0          0          0          0          0
  dualagg          :       0.00       0.00      0          0          0          0          0          0          0          0          0          0
  dualcomp         :       0.01       0.00     20          0          0          0          0          0          0          0          0          0
  dualinfer        :       0.00       0.00      0          0          0          0          0          0          0          0          0          0
  dualsparsify     :       0.00       0.00      1          0          0          0          0          0          0          0          0          0
  gateextraction   :       0.00       0.00      0          0          0          0          0          0          0          0          0          0
  implics          :       0.00       0.00     40          0          0          0         15          0          0          0          0          0
  inttobinary      :       0.00       0.00      0          0          0          0          0          0          0          0          0          0
  milp             :       0.04       0.00      3        349          0          0          0          0          0          0          0          0
  qpkktref         :       0.00       0.00      0          0          0          0          0          0          0          0          0          0
  redvub           :       0.00       0.00      0          0          0          0          0          0          0          0          0          0
  sparsify         :       0.05       0.00      4          0          0          0          0          0          0          0          0          0
  stuffing         :       0.00       0.00      0          0          0          0          0          0          0          0          0          0
  trivial          :       0.00       0.00     62          0          0          0          0          0          0          0          0          0
  tworowbnd        :       0.00       0.00      0          0          0          0          0          0          0          0          0          0
  dualfix          :       0.00       0.00     62          0          0          0          0          0          0          0          0          0
  genvbounds       :       0.00       0.00      0          0          0          0          0          0          0          0          0          0
  probing          :       1.01       0.00     19        436          0          0         25          0          0          0          0          0
  pseudoobj        :       0.00       0.00      0          0          0          0          0          0          0          0          0          0
  symmetry         :       0.01       0.00      1          0          0          0          0          0          0          1          0          0
  vbounds          :       0.00       0.00     13          0          0          0          0          0          0          0          0          0
  varbound         :       0.00       0.00     95          0          0          0         14          0        315          0          0         40
  setppc           :       0.00       0.00    132          0          0          0          0          0          0          0          0          0
  linear           :       0.08       0.00    100         15         20          0       1921          0         75          0          0        840
  orbitope         :       0.00       0.00      1          0          0          0          0          0          0          0          0          0
  benders          :       0.00       0.00      0          0          0          0          0          0          0          0          0          0
  components       :       0.00       0.00      1          0          0          0          0          0          0          0          0          0
  root node        :          -          -      -         20          -          -         40          -          -          -          -          -
Constraints        :     Number  MaxNumber  #Separate #Propagate    #EnfoLP    #EnfoRelax  #EnfoPS    #Check   #ResProp    Cutoffs    DomReds       Cuts    Applied      Conss   Children
  benderslp        :          0          0          0          0          0          0          0         20          0          0          0          0          0          0          0
  integral         :          0          0          0          0          0          0          0         20          0          0          0          0          0          0          0
  varbound         :         40         40         10       6133          0          0          0         14          0          0         20          0          0          0          0
  setppc           :         20         20         10       6132          0          0          0         14          0          0          0          0          0          0          0
  linear           :        501        501         10       6133          0          0          0          2          0        465          0          4          0          0          0
  orbitope         :          1          1          0        677          0          0          0          2          0          0          0          0          0          0          0
  benders          :          0          0          0          0          0          0          0          3          0          0          0          0          0          0          0
  countsols        :          0          0          0          0          0          0          0          3          0          0          0          0          0          0          0
  components       :          0          0          0          0          0          0          0          0          0          0          0          0          0          0          0
Constraint Timings :  TotalTime  SetupTime   Separate  Propagate     EnfoLP     EnfoPS     EnfoRelax   Check    ResProp    SB-Prop
  benderslp        :       0.00       0.00       0.00       0.00       0.00       0.00       0.00       0.00       0.00       0.00
  integral         :       0.00       0.00       0.00       0.00       0.00       0.00       0.00       0.00       0.00       0.00
  varbound         :       0.03       0.00       0.00       0.03       0.00       0.00       0.00       0.00       0.00       0.00
  setppc           :       0.00       0.00       0.00       0.00       0.00       0.00       0.00       0.00       0.00       0.00
  linear           :       0.51       0.00       0.00       0.51       0.00       0.00       0.00       0.00       0.00       0.00
  orbitope         :       0.00       0.00       0.00       0.00       0.00       0.00       0.00       0.00       0.00       0.00
  benders          :       0.00       0.00       0.00       0.00       0.00       0.00       0.00       0.00       0.00       0.00
  countsols        :       0.00       0.00       0.00       0.00       0.00       0.00       0.00       0.00       0.00       0.00
  components       :       0.00       0.00       0.00       0.00       0.00       0.00       0.00       0.00       0.00       0.00
Propagators        : #Propagate   #ResProp    Cutoffs    DomReds
  dualfix          :          2          0          0          0
  genvbounds       :          0          0          0          0
  nlobbt           :          0          0          0          0
  obbt             :          0          0          0          0
  probing          :          0          0          0          0
  pseudoobj        :         15          0          0          0
  redcost          :         12          0          0         20
  rootredcost      :          0          0          0          0
  symmetry         :          0          0          0          0
  vbounds          :        639          0          0          0
Propagator Timings :  TotalTime  SetupTime   Presolve  Propagate    ResProp    SB-Prop
  dualfix          :       0.00       0.00       0.00       0.00       0.00       0.00
  genvbounds       :       0.00       0.00       0.00       0.00       0.00       0.00
  nlobbt           :       0.00       0.00       0.00       0.00       0.00       0.00
  obbt             :       0.00       0.00       0.00       0.00       0.00       0.00
  probing          :       1.01       0.00       1.01       0.00       0.00       0.00
  pseudoobj        :       0.00       0.00       0.00       0.00       0.00       0.00
  redcost          :       0.00       0.00       0.00       0.00       0.00       0.00
  rootredcost      :       0.00       0.00       0.00       0.00       0.00       0.00
  symmetry         :       0.01       0.00       0.01       0.00       0.00       0.00
  vbounds          :       0.01       0.00       0.00       0.00       0.00       0.00
Orbital fixing     :
  vars fixed to 0  :          0
  vars fixed to 1  :          0
Conflict Analysis  :       Time      Calls    Success    DomReds  Conflicts   Literals    Reconvs ReconvLits   Dualrays   Nonzeros   LP Iters   (pool size: [--,--])
  propagation      :       0.00          0          0          -          0        0.0          0        0.0          -          -          -
  infeasible LP    :       0.00          0          0          -          0        0.0          0        0.0          0        0.0          0
  bound exceed. LP :       0.00          0          0          -          0        0.0          0        0.0          0        0.0          0
  strong branching :       0.00          0          0          -          0        0.0          0        0.0          -          -          0
  pseudo solution  :       0.00          0          0          -          0        0.0          0        0.0          -          -          -
  applied globally :       0.00          -          -          0          0        0.0          -          -          0          -          -
  applied locally  :          -          -          -          0          0        0.0          -          -          0          -          -
Separators         :   ExecTime  SetupTime      Calls    Cutoffs    DomReds       Cuts    Applied      Conss
  cut pool         :       0.00                    20          -          -        391          -          -    (maximal pool size: 1112)
  aggregation      :       0.03       0.00         10          0          0        301        103          0
  > cmir           :          -          -          -          -          -          -        103          -
  > flowcover      :          -          -          -          -          -          -          0          -
  > knapsackcover  :          -          -          -          -          -          -          0          -
  cgmip            :       0.00       0.00          0          0          0          0          0          0
  clique           :       0.00       0.00         10          0          0         14          0          0
  closecuts        :       0.00       0.00          0          0          0          0          0          0
  convexproj       :       0.00       0.00          0          0          0          0          0          0
  disjunctive      :       0.00       0.00          0          0          0          0          0          0
  eccuts           :       0.00       0.00          0          0          0          0          0          0
  gauge            :       0.00       0.00          0          0          0          0          0          0
  gomory           :       0.01       0.00         10          0          0        139          2          0
  > gomorymi       :          -          -          -          -          -          -          2          -
  > strongcg       :          -          -          -          -          -          -          0          -
  impliedbounds    :       0.00       0.00         10          0          0        550          0          0
  interminor       :       0.00       0.00          0          0          0          0          0          0
  intobj           :       0.00       0.00          0          0          0          0          0          0
  mcf              :       0.00       0.00          1          0          0          0          0          0
  minor            :       0.00       0.00          0          0          0          0          0          0
  mixing           :       0.00       0.00         10          0          0         98          0          0
  oddcycle         :       0.00       0.00          0          0          0          0          0          0
  rapidlearning    :       0.00       0.00          0          0          0          0          0          0
  rlt              :       0.00       0.00         10          0          0          0          0          0
  zerohalf         :       0.00       0.00         10          0          0         10          0          0
Cutselectors       :   ExecTime  SetupTime
  hybrid           :       0.00       0.00
Pricers            :   ExecTime  SetupTime      Calls       Vars
  problem variables:       0.00          -          0          0
Branching Rules    :   ExecTime  SetupTime   BranchLP  BranchExt   BranchPS    Cutoffs    DomReds       Cuts      Conss   Children
  allfullstrong    :       0.00       0.00          0          0          0          0          0          0          0          0
  cloud            :       0.00       0.00          0          0          0          0          0          0          0          0
  distribution     :       0.00       0.00          0          0          0          0          0          0          0          0
  fullstrong       :       0.00       0.00          0          0          0          0          0          0          0          0
  inference        :       0.00       0.00          0          0          0          0          0          0          0          0
  leastinf         :       0.00       0.00          0          0          0          0          0          0          0          0
  lookahead        :       0.00       0.00          0          0          0          0          0          0          0          0
  mostinf          :       0.00       0.00          0          0          0          0          0          0          0          0
  multaggr         :       0.00       0.00          0          0          0          0          0          0          0          0
  nodereopt        :       0.00       0.00          0          0          0          0          0          0          0          0
  pscost           :       0.00       0.00          0          0          0          0          0          0          0          0
  random           :       0.00       0.00          0          0          0          0          0          0          0          0
  relpscost        :       0.00       0.00          0          0          0          0          0          0          0          0
  vanillafullstrong:       0.00       0.00          0          0          0          0          0          0          0          0
Primal Heuristics  :   ExecTime  SetupTime      Calls      Found       Best
  LP solutions     :       0.00          -          -          0          0
  relax solutions  :       0.00          -          -          0          0
  pseudo solutions :       0.00          -          -          0          0
  strong branching :       0.00          -          -          0          0
  actconsdiving    :       0.00       0.00          0          0          0
  adaptivediving   :       0.00       0.00          0          0          0
  alns             :       0.00       0.00          0          0          0
  bound            :       0.00       0.00          0          0          0
  clique           :       0.00       0.00          1          0          0
  coefdiving       :       0.00       0.00          0          0          0
  completesol      :       0.00       0.00          0          0          0
  conflictdiving   :       0.00       0.00          0          0          0
  crossover        :       0.00       0.00          0          0          0
  dins             :       0.00       0.00          0          0          0
  distributiondivin:       0.00       0.00          0          0          0
  dps              :       0.00       0.00          0          0          0
  dualval          :       0.00       0.00          0          0          0
  farkasdiving     :       0.00       0.00          0          0          0
  feaspump         :       0.00       0.00          0          0          0
  fixandinfer      :       0.00       0.00          0          0          0
  fracdiving       :       0.00       0.00          0          0          0
  gins             :       0.00       0.00          0          0          0
  guideddiving     :       0.00       0.00          0          0          0
  indicator        :       0.00       0.00          0          0          0
  intdiving        :       0.00       0.00          0          0          0
  intshifting      :       0.00       0.00          0          0          0
  linesearchdiving :       0.00       0.00          0          0          0
  localbranching   :       0.00       0.00          0          0          0
  locks            :       0.01       0.00          1          1          1
  lpface           :       0.00       0.00          0          0          0
  mpec             :       0.00       0.00          0          0          0
  multistart       :       0.00       0.00          0          0          0
  mutation         :       0.00       0.00          0          0          0
  nlpdiving        :       0.00       0.00          0          0          0
  objpscostdiving  :       0.00       0.00          0          0          0
  octane           :       0.00       0.00          0          0          0
  ofins            :       0.00       0.00          0          0          0
  oneopt           :       0.00       0.00          1          0          0
  padm             :       0.00       0.00          0          0          0
  proximity        :       0.00       0.00          0          0          0
  pscostdiving     :       0.00       0.00          0          0          0
  randrounding     :       0.01       0.00         11          0          0
  rens             :       0.00       0.00          0          0          0
  reoptsols        :       0.00       0.00          0          0          0
  repair           :       0.00       0.00          0          0          0
  rins             :       0.00       0.00          0          0          0
  rootsoldiving    :       0.00       0.00          0          0          0
  rounding         :       0.00       0.00         11          1          1
  shiftandpropagate:       0.00       0.00          0          0          0
  shifting         :       0.01       0.00         10          0          0
  simplerounding   :       0.00       0.00          0          0          0
  subnlp           :       0.00       0.00          0          0          0
  trivial          :       0.00       0.00          2          0          0
  trivialnegation  :       0.00       0.00          0          0          0
  trustregion      :       0.00       0.00          0          0          0
  trysol           :       0.00       0.00          0          0          0
  twoopt           :       0.00       0.00          0          0          0
  undercover       :       0.00       0.00          0          0          0
  vbounds          :       0.00       0.00          0          0          0
  veclendiving     :       0.00       0.00          0          0          0
  zeroobj          :       0.00       0.00          0          0          0
  zirounding       :       0.00       0.00          0          0          0
  other solutions  :          -          -          -          0          -
Diving (single)    :      Calls      Nodes   LP Iters Backtracks  Conflicts   MinDepth   MaxDepth   AvgDepth  RoundSols  NLeafSols  MinSolDpt  MaxSolDpt  AvgSolDpt
  actconsdiving    :          0          -          -          -          -          -          -          -          -          -          -          -          -
  coefdiving       :          0          -          -          -          -          -          -          -          -          -          -          -          -
  conflictdiving   :          0          -          -          -          -          -          -          -          -          -          -          -          -
  distributiondivin:          0          -          -          -          -          -          -          -          -          -          -          -          -
  farkasdiving     :          0          -          -          -          -          -          -          -          -          -          -          -          -
  fracdiving       :          0          -          -          -          -          -          -          -          -          -          -          -          -
  guideddiving     :          0          -          -          -          -          -          -          -          -          -          -          -          -
  linesearchdiving :          0          -          -          -          -          -          -          -          -          -          -          -          -
  pscostdiving     :          0          -          -          -          -          -          -          -          -          -          -          -          -
  veclendiving     :          0          -          -          -          -          -          -          -          -          -          -          -          -
Diving (adaptive)  :      Calls      Nodes   LP Iters Backtracks  Conflicts   MinDepth   MaxDepth   AvgDepth  RoundSols  NLeafSols  MinSolDpt  MaxSolDpt  AvgSolDpt
  actconsdiving    :          0          -          -          -          -          -          -          -          -          -          -          -          -
  coefdiving       :          0          -          -          -          -          -          -          -          -          -          -          -          -
  conflictdiving   :          0          -          -          -          -          -          -          -          -          -          -          -          -
  distributiondivin:          0          -          -          -          -          -          -          -          -          -          -          -          -
  farkasdiving     :          0          -          -          -          -          -          -          -          -          -          -          -          -
  fracdiving       :          0          -          -          -          -          -          -          -          -          -          -          -          -
  guideddiving     :          0          -          -          -          -          -          -          -          -          -          -          -          -
  linesearchdiving :          0          -          -          -          -          -          -          -          -          -          -          -          -
  pscostdiving     :          0          -          -          -          -          -          -          -          -          -          -          -          -
  veclendiving     :          0          -          -          -          -          -          -          -          -          -          -          -          -
Neighborhoods      :      Calls  SetupTime  SolveTime SolveNodes       Sols       Best       Exp3  EpsGreedy        UCB TgtFixRate  Opt  Inf Node Stal  Sol  Usr Othr Actv
  rens             :          0       0.00       0.00          0          0          0    0.00000   -1.00000    1.00000      0.900    0    0    0    0    0    0    0    1
  rins             :          0       0.00       0.00          0          0          0    0.00000   -1.00000    1.00000      0.900    0    0    0    0    0    0    0    1
  mutation         :          0       0.00       0.00          0          0          0    0.00000   -1.00000    1.00000      0.900    0    0    0    0    0    0    0    1
  localbranching   :          0       0.00       0.00          0          0          0    0.00000   -1.00000    1.00000      0.900    0    0    0    0    0    0    0    1
  crossover        :          0       0.00       0.00          0          0          0    0.00000   -1.00000    1.00000      0.900    0    0    0    0    0    0    0    1
  proximity        :          0       0.00       0.00          0          0          0    0.00000   -1.00000    1.00000      0.900    0    0    0    0    0    0    0    1
  zeroobjective    :          0       0.00       0.00          0          0          0    0.00000   -1.00000    1.00000      0.900    0    0    0    0    0    0    0    1
  dins             :          0       0.00       0.00          0          0          0    0.00000   -1.00000    1.00000      0.900    0    0    0    0    0    0    0    1
  trustregion      :          0       0.00       0.00          0          0          0    0.00000   -1.00000    1.00000      0.900    0    0    0    0    0    0    0    0
LP                 :       Time      Calls Iterations  Iter/call   Iter/sec  Time-0-It Calls-0-It    ItLimit
  primal LP        :       0.00          0          0       0.00          -       0.00          0
  dual LP          :       0.01         13        289      26.27          -       0.00          2
  lex dual LP      :       0.00          0          0       0.00          -
  barrier LP       :       0.00          0          0       0.00          -       0.00          0
  resolve instable :       0.00          0          0       0.00          -
  diving/probing LP:       0.00          1         31      31.00          -
  strong branching :       0.00          0          0       0.00          -          -          -          0
    (at root node) :          -          0          0       0.00          -
  conflict analysis:       0.00          0          0       0.00          -
B&B Tree           :
  number of runs   :          1
  nodes            :          1 (0 internal, 1 leaves)
  feasible leaves  :          0
  infeas. leaves   :          0
  objective leaves :          0
  nodes (total)    :          1 (0 internal, 1 leaves)
  nodes left       :          0
  max depth        :          0
  max depth (total):          0
  backtracks       :          0 (0.0%)
  early backtracks :          0 (0.0%)
  nodes exc. ref.  :          0 (0.0%)
  delayed cutoffs  :          0
  repropagations   :          0 (0 domain reductions, 0 cutoffs)
  avg switch length:       2.00
  switching time   :       0.00
Estim. Tree Size   :          1
Estimation Tree    : 1 nodes (1 visited, 0 internal, 1 leaves, 0 open), weight: 1.0000 completed 1.0000
Estimations        :      estim      value      trend resolution     smooth
  wbe              :          1          -          -          -          -
  tree-profile     :         -1          -          -          -          -
  gap              :          1    1.00000    1.00000          1          1
  tree-weight      :          1    1.00000    1.00000          1          1
  leaf-frequency   :          1    0.50000    1.00000          1          1
  ssg              :          1    0.00000   -1.00000          1          1
  open-nodes       :          1    0.00000    0.00000          1          1
Root Node          :
  First LP value   : -4.38181818181818e+00
  First LP Iters   :        112 (62886.02 Iter/sec)
  First LP Time    :       0.00
  Final Dual Bound : -4.38181818181818e+00
  Final Root Iters :        289
  Root LP Estimate :                     -
Solution           :
  Solutions found  :          2 (2 improvements)
  First Solution   : -1.00000000000000e+00   (in run 1, after 1 nodes, 1.24 seconds, depth 21, found by <locks>)
  Gap First Sol.   :   11900.61 %
  Gap Last Sol.    :       0.00 %
  Primal Bound     : -4.38181818181818e+00   (in run 1, after 1 nodes, 1.32 seconds, depth 0, found by <rounding>)
  Dual Bound       : -4.38181818181818e+00
  Gap              :       0.00 %
Integrals          :      Total       Avg%
  primal-dual      :     130.34      98.65
  primal-ref       :          -          - (not evaluated)
  dual-ref         :          -          - (not evaluated)
