SCIP version 8.0.0 [precision: 8 byte] [memory: block] [mode: optimized] [LP solver: SoPlex 6.0.0] [GitHash: a740f0891e]
Copyright (C) 2002-2021 Konrad-Zuse-Zentrum fuer Informationstechnik Berlin (ZIB)

External libraries: 
  SoPlex 6.0.0         Linear Programming Solver developed at Zuse Institute Berlin (soplex.zib.de) [GitHash: 71a5873d]
  CppAD 20180000.0     Algorithmic Differentiation of C++ algorithms developed by B. Bell (github.com/coin-or/CppAD)
  ZLIB 1.2.11          General purpose compression library by J. Gailly and M. Adler (zlib.net)
  GMP 6.2.1            GNU Multiple Precision Arithmetic Library developed by T. Granlund (gmplib.org)
  ZIMPL 3.5.1          Zuse Institute Mathematical Programming Language developed by T. Koch (zimpl.zib.de)
  AMPL/MP 4e2d45c4     AMPL .nl file reader library (github.com/ampl/mp)
  PaPILO 2.0.0         parallel presolve for integer and linear optimization (github.com/scipopt/papilo) [GitHash: 76cafc1]
  bliss 0.73p          Computing Graph Automorphism Groups by T. Junttila and P. Kaski (www.tcs.hut.fi/Software/bliss/)
  Ipopt 3.13.2         Interior Point Optimizer developed by A. Waechter et.al. (github.com/coin-or/Ipopt)

user parameter file <scip.set> not found - using default parameters

read problem <../modeles/2_434.lp>
============

original problem has 1740 variables (868 bin, 0 int, 0 impl, 872 cont) and 877 constraints

solve problem
=============

presolving:
(round 1, fast)       2 del vars, 0 del conss, 0 add conss, 1848 chg bounds, 0 chg sides, 0 chg coeffs, 0 upgd conss, 0 impls, 2 clqs
(round 2, fast)       2 del vars, 0 del conss, 0 add conss, 1848 chg bounds, 0 chg sides, 868 chg coeffs, 0 upgd conss, 0 impls, 2 clqs
   (0.0s) running MILP presolver
   (0.2s) MILP presolver (60 rounds): 0 aggregations, 496 fixings, 12 bound changes
(round 3, medium)     498 del vars, 877 del conss, 635 add conss, 1860 chg bounds, 0 chg sides, 868 chg coeffs, 0 upgd conss, 0 impls, 2 clqs
(round 4, exhaustive) 498 del vars, 877 del conss, 635 add conss, 1860 chg bounds, 0 chg sides, 868 chg coeffs, 30 upgd conss, 0 impls, 2 clqs
(round 5, exhaustive) 523 del vars, 877 del conss, 635 add conss, 1860 chg bounds, 0 chg sides, 868 chg coeffs, 30 upgd conss, 14268 impls, 2 clqs
(round 6, fast)       523 del vars, 883 del conss, 635 add conss, 1860 chg bounds, 0 chg sides, 868 chg coeffs, 30 upgd conss, 14268 impls, 2 clqs
(round 7, exhaustive) 523 del vars, 883 del conss, 635 add conss, 1860 chg bounds, 0 chg sides, 868 chg coeffs, 54 upgd conss, 14268 impls, 2 clqs
(round 8, exhaustive) 548 del vars, 883 del conss, 635 add conss, 1860 chg bounds, 0 chg sides, 868 chg coeffs, 54 upgd conss, 23814 impls, 2 clqs
(round 9, fast)       549 del vars, 889 del conss, 635 add conss, 1861 chg bounds, 0 chg sides, 868 chg coeffs, 54 upgd conss, 23814 impls, 2 clqs
(round 10, exhaustive) 549 del vars, 889 del conss, 635 add conss, 1861 chg bounds, 0 chg sides, 868 chg coeffs, 83 upgd conss, 23814 impls, 2 clqs
(round 11, exhaustive) 574 del vars, 889 del conss, 635 add conss, 1861 chg bounds, 0 chg sides, 868 chg coeffs, 83 upgd conss, 39273 impls, 2 clqs
(round 12, fast)       574 del vars, 897 del conss, 635 add conss, 1861 chg bounds, 0 chg sides, 868 chg coeffs, 83 upgd conss, 39273 impls, 2 clqs
(round 13, exhaustive) 574 del vars, 897 del conss, 635 add conss, 1861 chg bounds, 0 chg sides, 868 chg coeffs, 101 upgd conss, 39273 impls, 2 clqs
(round 14, exhaustive) 599 del vars, 897 del conss, 635 add conss, 1861 chg bounds, 0 chg sides, 868 chg coeffs, 101 upgd conss, 56537 impls, 2 clqs
(round 15, fast)       599 del vars, 905 del conss, 635 add conss, 1861 chg bounds, 0 chg sides, 868 chg coeffs, 101 upgd conss, 56537 impls, 2 clqs
(round 16, exhaustive) 599 del vars, 905 del conss, 635 add conss, 1861 chg bounds, 0 chg sides, 868 chg coeffs, 123 upgd conss, 56537 impls, 2 clqs
(round 17, exhaustive) 624 del vars, 905 del conss, 635 add conss, 1861 chg bounds, 0 chg sides, 868 chg coeffs, 123 upgd conss, 69964 impls, 2 clqs
(round 18, fast)       624 del vars, 916 del conss, 635 add conss, 1861 chg bounds, 0 chg sides, 868 chg coeffs, 123 upgd conss, 69964 impls, 2 clqs
(round 19, exhaustive) 624 del vars, 916 del conss, 635 add conss, 1861 chg bounds, 0 chg sides, 868 chg coeffs, 140 upgd conss, 69964 impls, 2 clqs
(round 20, exhaustive) 649 del vars, 916 del conss, 635 add conss, 1861 chg bounds, 0 chg sides, 868 chg coeffs, 140 upgd conss, 81199 impls, 2 clqs
(round 21, fast)       650 del vars, 928 del conss, 635 add conss, 1862 chg bounds, 0 chg sides, 868 chg coeffs, 140 upgd conss, 81199 impls, 2 clqs
(round 22, exhaustive) 650 del vars, 928 del conss, 635 add conss, 1862 chg bounds, 0 chg sides, 868 chg coeffs, 156 upgd conss, 81199 impls, 2 clqs
(round 23, exhaustive) 675 del vars, 928 del conss, 635 add conss, 1862 chg bounds, 0 chg sides, 868 chg coeffs, 156 upgd conss, 94938 impls, 2 clqs
(round 24, fast)       676 del vars, 942 del conss, 635 add conss, 1863 chg bounds, 0 chg sides, 868 chg coeffs, 156 upgd conss, 94938 impls, 2 clqs
(round 25, exhaustive) 676 del vars, 942 del conss, 635 add conss, 1863 chg bounds, 0 chg sides, 868 chg coeffs, 166 upgd conss, 94938 impls, 2 clqs
(round 26, exhaustive) 701 del vars, 942 del conss, 635 add conss, 1863 chg bounds, 0 chg sides, 868 chg coeffs, 166 upgd conss, 103930 impls, 2 clqs
(round 27, fast)       703 del vars, 957 del conss, 635 add conss, 1865 chg bounds, 0 chg sides, 868 chg coeffs, 166 upgd conss, 103930 impls, 2 clqs
   (0.5s) running MILP presolver
   (0.5s) MILP presolver (4 rounds): 0 aggregations, 17 fixings, 0 bound changes
(round 28, medium)     720 del vars, 967 del conss, 635 add conss, 1865 chg bounds, 0 chg sides, 868 chg coeffs, 166 upgd conss, 103930 impls, 2 clqs
(round 29, fast)       720 del vars, 968 del conss, 635 add conss, 1865 chg bounds, 0 chg sides, 868 chg coeffs, 166 upgd conss, 103930 impls, 2 clqs
(round 30, exhaustive) 720 del vars, 968 del conss, 635 add conss, 1865 chg bounds, 0 chg sides, 868 chg coeffs, 175 upgd conss, 103930 impls, 2 clqs
(round 31, exhaustive) 745 del vars, 968 del conss, 635 add conss, 1865 chg bounds, 0 chg sides, 868 chg coeffs, 175 upgd conss, 106536 impls, 2 clqs
(round 32, fast)       745 del vars, 984 del conss, 635 add conss, 1865 chg bounds, 0 chg sides, 868 chg coeffs, 175 upgd conss, 106536 impls, 2 clqs
(round 33, exhaustive) 745 del vars, 984 del conss, 635 add conss, 1865 chg bounds, 0 chg sides, 868 chg coeffs, 177 upgd conss, 106536 impls, 2 clqs
(round 34, exhaustive) 770 del vars, 984 del conss, 635 add conss, 1865 chg bounds, 0 chg sides, 868 chg coeffs, 177 upgd conss, 110042 impls, 2 clqs
(round 35, fast)       770 del vars, 1000 del conss, 635 add conss, 1865 chg bounds, 0 chg sides, 868 chg coeffs, 177 upgd conss, 110042 impls, 2 clqs
(round 36, exhaustive) 770 del vars, 1000 del conss, 635 add conss, 1865 chg bounds, 0 chg sides, 868 chg coeffs, 179 upgd conss, 110042 impls, 2 clqs
(round 37, exhaustive) 796 del vars, 1000 del conss, 635 add conss, 1865 chg bounds, 0 chg sides, 868 chg coeffs, 179 upgd conss, 114210 impls, 2 clqs
(round 38, fast)       796 del vars, 1017 del conss, 635 add conss, 1865 chg bounds, 0 chg sides, 868 chg coeffs, 179 upgd conss, 114210 impls, 2 clqs
(round 39, exhaustive) 796 del vars, 1017 del conss, 635 add conss, 1865 chg bounds, 0 chg sides, 868 chg coeffs, 180 upgd conss, 114210 impls, 2 clqs
(round 40, exhaustive) 821 del vars, 1017 del conss, 635 add conss, 1865 chg bounds, 0 chg sides, 868 chg coeffs, 180 upgd conss, 118479 impls, 2 clqs
(round 41, fast)       823 del vars, 1035 del conss, 635 add conss, 1867 chg bounds, 0 chg sides, 868 chg coeffs, 180 upgd conss, 118479 impls, 2 clqs
(round 42, exhaustive) 848 del vars, 1035 del conss, 635 add conss, 1867 chg bounds, 0 chg sides, 868 chg coeffs, 180 upgd conss, 124803 impls, 2 clqs
(round 43, fast)       850 del vars, 1053 del conss, 635 add conss, 1869 chg bounds, 0 chg sides, 868 chg coeffs, 180 upgd conss, 124803 impls, 2 clqs
   (0.6s) running MILP presolver
   (0.6s) MILP presolver found nothing
   (0.6s) probing cycle finished: starting next cycle
   (0.7s) probing: 51/444 (11.5%) - 326 fixings, 0 aggregations, 125509 implications, 0 bound changes
   (0.7s) probing aborted: 50/50 successive totally useless probings
   (0.7s) symmetry computation started: requiring (bin +, int -, cont +), (fixed: bin -, int +, cont -)
   (0.7s) symmetry computation finished: 1 generators found (max: 1500, log10 of symmetry group size: 0.3)
(round 44, exhaustive) 850 del vars, 1053 del conss, 636 add conss, 1869 chg bounds, 0 chg sides, 868 chg coeffs, 180 upgd conss, 125687 impls, 2 clqs
presolving (45 rounds: 45 fast, 29 medium, 27 exhaustive):
 850 deleted vars, 1053 deleted constraints, 636 added constraints, 1869 tightened bounds, 0 added holes, 0 changed sides, 868 changed coefficients
 125687 implications, 2 cliques
presolved problem has 890 variables (444 bin, 0 int, 0 impl, 446 cont) and 454 constraints
      4 constraints of type <varbound>
      2 constraints of type <setppc>
    447 constraints of type <linear>
      1 constraints of type <orbitope>
Presolving Time: 0.66

 time | node  | left  |LP iter|LP it/n|mem/heur|mdpt |vars |cons |rows |cuts |sepa|confs|strbr|  dualbound   | primalbound  |  gap   | compl. 
  0.7s|     1 |     0 |   261 |     - |    37M |   0 | 890 | 454 | 453 |   0 |  0 |   0 |   0 |-1.414189e+00 |      --      |    Inf | unknown
r 0.7s|     1 |     0 |   261 |     - |shifting|   0 | 890 | 454 | 453 |   0 |  0 |   0 |   0 |-1.414189e+00 |-1.414189e+00 |   0.00%| unknown
  0.7s|     1 |     0 |   261 |     - |    37M |   0 | 890 | 454 | 453 |   0 |  0 |   0 |   0 |-1.414189e+00 |-1.414189e+00 |   0.00%| unknown

SCIP Status        : problem is solved [optimal solution found]
Solving Time (sec) : 0.69
Solving Nodes      : 1
Primal Bound       : -1.41418933164664e+00 (1 solutions)
Dual Bound         : -1.41418933164664e+00
Gap                : 0.00 %

primal solution (original space):
=================================

objective value:                    -1.41418933164664
y_1,141_                                            1 	(obj:0)
y_2,141_                                            1 	(obj:0)
x_2_                               -0.705069124423963 	(obj:1)
x_1_                               -0.709120207222674 	(obj:1)
t_2,141_                                          0.5 	(obj:0)
t_2,142_                                          0.5 	(obj:0)
t_1,141_                            0.939542483660102 	(obj:0)
t_1,142_                           0.0604575163398983 	(obj:0)

Statistics
==========

SCIP Status        : problem is solved [optimal solution found]
Total Time         :       0.69
  solving          :       0.69
  presolving       :       0.66 (included in solving)
  reading          :       0.00
  copying          :       0.00 (0 times copied the problem)
Original Problem   :
  Problem name     : ../modeles/2_434.lp
  Variables        : 1740 (868 binary, 0 integer, 0 implicit integer, 872 continuous)
  Constraints      : 877 initial, 877 maximal
  Objective        : minimize, 2 non-zeros (abs.min = 1, abs.max = 1)
Presolved Problem  :
  Problem name     : t_../modeles/2_434.lp
  Variables        : 890 (444 binary, 0 integer, 0 implicit integer, 446 continuous)
  Constraints      : 454 initial, 454 maximal
  Objective        : minimize, 444 non-zeros (abs.min = 0.00921659, abs.max = 1.02304)
  Nonzeros         : 3556 constraint, 444 clique table
Presolvers         :   ExecTime  SetupTime  Calls  FixedVars   AggrVars   ChgTypes  ChgBounds   AddHoles    DelCons    AddCons   ChgSides   ChgCoefs
  boundshift       :       0.00       0.00      0          0          0          0          0          0          0          0          0          0
  convertinttobin  :       0.00       0.00      0          0          0          0          0          0          0          0          0          0
  domcol           :       0.04       0.00     15          0          0          0          0          0          0          0          0          0
  dualagg          :       0.00       0.00      0          0          0          0          0          0          0          0          0          0
  dualcomp         :       0.01       0.00     15          0          0          0          0          0          0          0          0          0
  dualinfer        :       0.00       0.00      0          0          0          0          0          0          0          0          0          0
  dualsparsify     :       0.00       0.00      1          0          0          0          0          0          0          0          0          0
  gateextraction   :       0.00       0.00      0          0          0          0          0          0          0          0          0          0
  implics          :       0.00       0.00     29          0          0          0          0          0          0          0          0          0
  inttobinary      :       0.00       0.00      0          0          0          0          0          0          0          0          0          0
  milp             :       0.21       0.00      3        513          0          0         12          0        877        635          0          0
  qpkktref         :       0.00       0.00      0          0          0          0          0          0          0          0          0          0
  redvub           :       0.00       0.00      0          0          0          0          0          0          0          0          0          0
  sparsify         :       0.01       0.00      3          0          0          0          0          0          0          0          0          0
  stuffing         :       0.00       0.00      0          0          0          0          0          0          0          0          0          0
  trivial          :       0.00       0.00     45          0          0          0          0          0          0          0          0          0
  tworowbnd        :       0.00       0.00      0          0          0          0          0          0          0          0          0          0
  dualfix          :       0.00       0.00     45          0          0          0          0          0          0          0          0          0
  genvbounds       :       0.00       0.00      0          0          0          0          0          0          0          0          0          0
  probing          :       0.34       0.00     14        326          0          0          0          0          0          0          0          0
  pseudoobj        :       0.00       0.00      0          0          0          0          0          0          0          0          0          0
  symmetry         :       0.00       0.00      1          0          0          0          0          0          0          1          0          0
  vbounds          :       0.00       0.00      1          0          0          0          0          0          0          0          0          0
  varbound         :       0.00       0.00     68          0          0          0          8          0        174          0          0          0
  setppc           :       0.00       0.00     94          0          0          0          0          0          0          0          0          0
  linear           :       0.04       0.00     72          9          2          0       1849          0          2          0          0        868
  orbitope         :       0.00       0.00      1          0          0          0          0          0          0          0          0          0
  benders          :       0.00       0.00      0          0          0          0          0          0          0          0          0          0
  components       :       0.00       0.00      1          0          0          0          0          0          0          0          0          0
  root node        :          -          -      -          0          -          -          0          -          -          -          -          -
Constraints        :     Number  MaxNumber  #Separate #Propagate    #EnfoLP    #EnfoRelax  #EnfoPS    #Check   #ResProp    Cutoffs    DomReds       Cuts    Applied      Conss   Children
  benderslp        :          0          0          0          0          0          0          0         12          0          0          0          0          0          0          0
  integral         :          0          0          0          0          0          0          0         12          0          0          0          0          0          0          0
  varbound         :          4          4          0       2037          0          0          0          6          0          0          0          0          0          0          0
  setppc           :          2          2          0       2031          0          0          0          6          0          0          0          0          0          0          0
  linear           :        447        447          0       2049          0          0          0          1          0        169          0          0          0          0          0
  orbitope         :          1          1          0         41          0          0          0          1          0          0          0          0          0          0          0
  benders          :          0          0          0          0          0          0          0          2          0          0          0          0          0          0          0
  countsols        :          0          0          0          0          0          0          0          2          0          0          0          0          0          0          0
  components       :          0          0          0          0          0          0          0          0          0          0          0          0          0          0          0
Constraint Timings :  TotalTime  SetupTime   Separate  Propagate     EnfoLP     EnfoPS     EnfoRelax   Check    ResProp    SB-Prop
  benderslp        :       0.00       0.00       0.00       0.00       0.00       0.00       0.00       0.00       0.00       0.00
  integral         :       0.00       0.00       0.00       0.00       0.00       0.00       0.00       0.00       0.00       0.00
  varbound         :       0.01       0.00       0.00       0.01       0.00       0.00       0.00       0.00       0.00       0.00
  setppc           :       0.00       0.00       0.00       0.00       0.00       0.00       0.00       0.00       0.00       0.00
  linear           :       0.09       0.00       0.00       0.09       0.00       0.00       0.00       0.00       0.00       0.00
  orbitope         :       0.00       0.00       0.00       0.00       0.00       0.00       0.00       0.00       0.00       0.00
  benders          :       0.00       0.00       0.00       0.00       0.00       0.00       0.00       0.00       0.00       0.00
  countsols        :       0.00       0.00       0.00       0.00       0.00       0.00       0.00       0.00       0.00       0.00
  components       :       0.00       0.00       0.00       0.00       0.00       0.00       0.00       0.00       0.00       0.00
Propagators        : #Propagate   #ResProp    Cutoffs    DomReds
  dualfix          :          1          0          0          0
  genvbounds       :          0          0          0          0
  nlobbt           :          0          0          0          0
  obbt             :          0          0          0          0
  probing          :          0          0          0          0
  pseudoobj        :          2          0          0          0
  redcost          :          1          0          0          0
  rootredcost      :          0          0          0          0
  symmetry         :          0          0          0          0
  vbounds          :         22          0          0          0
Propagator Timings :  TotalTime  SetupTime   Presolve  Propagate    ResProp    SB-Prop
  dualfix          :       0.00       0.00       0.00       0.00       0.00       0.00
  genvbounds       :       0.00       0.00       0.00       0.00       0.00       0.00
  nlobbt           :       0.00       0.00       0.00       0.00       0.00       0.00
  obbt             :       0.00       0.00       0.00       0.00       0.00       0.00
  probing          :       0.34       0.00       0.34       0.00       0.00       0.00
  pseudoobj        :       0.00       0.00       0.00       0.00       0.00       0.00
  redcost          :       0.00       0.00       0.00       0.00       0.00       0.00
  rootredcost      :       0.00       0.00       0.00       0.00       0.00       0.00
  symmetry         :       0.00       0.00       0.00       0.00       0.00       0.00
  vbounds          :       0.01       0.00       0.00       0.01       0.00       0.00
Orbital fixing     :
  vars fixed to 0  :          0
  vars fixed to 1  :          0
Conflict Analysis  :       Time      Calls    Success    DomReds  Conflicts   Literals    Reconvs ReconvLits   Dualrays   Nonzeros   LP Iters   (pool size: [--,--])
  propagation      :       0.00          0          0          -          0        0.0          0        0.0          -          -          -
  infeasible LP    :       0.00          2          0          -          0        0.0          0        0.0          0        0.0          0
  bound exceed. LP :       0.00          0          0          -          0        0.0          0        0.0          0        0.0          0
  strong branching :       0.00          0          0          -          0        0.0          0        0.0          -          -          0
  pseudo solution  :       0.00          0          0          -          0        0.0          0        0.0          -          -          -
  applied globally :       0.00          -          -          0          0        0.0          -          -          0          -          -
  applied locally  :          -          -          -          0          0        0.0          -          -          0          -          -
Separators         :   ExecTime  SetupTime      Calls    Cutoffs    DomReds       Cuts    Applied      Conss
  cut pool         :       0.00                     0          -          -          0          -          -    (maximal pool size: 0)
  aggregation      :       0.00       0.00          0          0          0          0          0          0
  > cmir           :          -          -          -          -          -          -          0          -
  > flowcover      :          -          -          -          -          -          -          0          -
  > knapsackcover  :          -          -          -          -          -          -          0          -
  cgmip            :       0.00       0.00          0          0          0          0          0          0
  clique           :       0.00       0.00          0          0          0          0          0          0
  closecuts        :       0.00       0.00          0          0          0          0          0          0
  convexproj       :       0.00       0.00          0          0          0          0          0          0
  disjunctive      :       0.00       0.00          0          0          0          0          0          0
  eccuts           :       0.00       0.00          0          0          0          0          0          0
  gauge            :       0.00       0.00          0          0          0          0          0          0
  gomory           :       0.00       0.00          0          0          0          0          0          0
  > gomorymi       :          -          -          -          -          -          -          0          -
  > strongcg       :          -          -          -          -          -          -          0          -
  impliedbounds    :       0.00       0.00          0          0          0          0          0          0
  interminor       :       0.00       0.00          0          0          0          0          0          0
  intobj           :       0.00       0.00          0          0          0          0          0          0
  mcf              :       0.00       0.00          0          0          0          0          0          0
  minor            :       0.00       0.00          0          0          0          0          0          0
  mixing           :       0.00       0.00          0          0          0          0          0          0
  oddcycle         :       0.00       0.00          0          0          0          0          0          0
  rapidlearning    :       0.00       0.00          0          0          0          0          0          0
  rlt              :       0.00       0.00          0          0          0          0          0          0
  zerohalf         :       0.00       0.00          0          0          0          0          0          0
Cutselectors       :   ExecTime  SetupTime
  hybrid           :       0.00       0.00
Pricers            :   ExecTime  SetupTime      Calls       Vars
  problem variables:       0.00          -          0          0
Branching Rules    :   ExecTime  SetupTime   BranchLP  BranchExt   BranchPS    Cutoffs    DomReds       Cuts      Conss   Children
  allfullstrong    :       0.00       0.00          0          0          0          0          0          0          0          0
  cloud            :       0.00       0.00          0          0          0          0          0          0          0          0
  distribution     :       0.00       0.00          0          0          0          0          0          0          0          0
  fullstrong       :       0.00       0.00          0          0          0          0          0          0          0          0
  inference        :       0.00       0.00          0          0          0          0          0          0          0          0
  leastinf         :       0.00       0.00          0          0          0          0          0          0          0          0
  lookahead        :       0.00       0.00          0          0          0          0          0          0          0          0
  mostinf          :       0.00       0.00          0          0          0          0          0          0          0          0
  multaggr         :       0.00       0.00          0          0          0          0          0          0          0          0
  nodereopt        :       0.00       0.00          0          0          0          0          0          0          0          0
  pscost           :       0.00       0.00          0          0          0          0          0          0          0          0
  random           :       0.00       0.00          0          0          0          0          0          0          0          0
  relpscost        :       0.00       0.00          0          0          0          0          0          0          0          0
  vanillafullstrong:       0.00       0.00          0          0          0          0          0          0          0          0
Primal Heuristics  :   ExecTime  SetupTime      Calls      Found       Best
  LP solutions     :       0.00          -          -          0          0
  relax solutions  :       0.00          -          -          0          0
  pseudo solutions :       0.00          -          -          0          0
  strong branching :       0.00          -          -          0          0
  actconsdiving    :       0.00       0.00          0          0          0
  adaptivediving   :       0.00       0.00          0          0          0
  alns             :       0.00       0.00          0          0          0
  bound            :       0.00       0.00          0          0          0
  clique           :       0.00       0.00          1          0          0
  coefdiving       :       0.00       0.00          0          0          0
  completesol      :       0.00       0.00          0          0          0
  conflictdiving   :       0.00       0.00          0          0          0
  crossover        :       0.00       0.00          0          0          0
  dins             :       0.00       0.00          0          0          0
  distributiondivin:       0.00       0.00          0          0          0
  dps              :       0.00       0.00          0          0          0
  dualval          :       0.00       0.00          0          0          0
  farkasdiving     :       0.00       0.00          0          0          0
  feaspump         :       0.00       0.00          0          0          0
  fixandinfer      :       0.00       0.00          0          0          0
  fracdiving       :       0.00       0.00          0          0          0
  gins             :       0.00       0.00          0          0          0
  guideddiving     :       0.00       0.00          0          0          0
  indicator        :       0.00       0.00          0          0          0
  intdiving        :       0.00       0.00          0          0          0
  intshifting      :       0.00       0.00          0          0          0
  linesearchdiving :       0.00       0.00          0          0          0
  localbranching   :       0.00       0.00          0          0          0
  locks            :       0.00       0.00          1          0          0
  lpface           :       0.00       0.00          0          0          0
  mpec             :       0.00       0.00          0          0          0
  multistart       :       0.00       0.00          0          0          0
  mutation         :       0.00       0.00          0          0          0
  nlpdiving        :       0.00       0.00          0          0          0
  objpscostdiving  :       0.00       0.00          0          0          0
  octane           :       0.00       0.00          0          0          0
  ofins            :       0.00       0.00          0          0          0
  oneopt           :       0.00       0.00          0          0          0
  padm             :       0.00       0.00          0          0          0
  proximity        :       0.00       0.00          0          0          0
  pscostdiving     :       0.00       0.00          0          0          0
  randrounding     :       0.00       0.00          1          0          0
  rens             :       0.00       0.00          0          0          0
  reoptsols        :       0.00       0.00          0          0          0
  repair           :       0.00       0.00          0          0          0
  rins             :       0.00       0.00          0          0          0
  rootsoldiving    :       0.00       0.00          0          0          0
  rounding         :       0.00       0.00          1          0          0
  shiftandpropagate:       0.00       0.00          1          0          0
  shifting         :       0.00       0.00          1          1          1
  simplerounding   :       0.00       0.00          0          0          0
  subnlp           :       0.00       0.00          0          0          0
  trivial          :       0.00       0.00          2          0          0
  trivialnegation  :       0.00       0.00          0          0          0
  trustregion      :       0.00       0.00          0          0          0
  trysol           :       0.00       0.00          0          0          0
  twoopt           :       0.00       0.00          0          0          0
  undercover       :       0.00       0.00          0          0          0
  vbounds          :       0.00       0.00          0          0          0
  veclendiving     :       0.00       0.00          0          0          0
  zeroobj          :       0.00       0.00          0          0          0
  zirounding       :       0.00       0.00          0          0          0
  other solutions  :          -          -          -          0          -
Diving (single)    :      Calls      Nodes   LP Iters Backtracks  Conflicts   MinDepth   MaxDepth   AvgDepth  RoundSols  NLeafSols  MinSolDpt  MaxSolDpt  AvgSolDpt
  actconsdiving    :          0          -          -          -          -          -          -          -          -          -          -          -          -
  coefdiving       :          0          -          -          -          -          -          -          -          -          -          -          -          -
  conflictdiving   :          0          -          -          -          -          -          -          -          -          -          -          -          -
  distributiondivin:          0          -          -          -          -          -          -          -          -          -          -          -          -
  farkasdiving     :          0          -          -          -          -          -          -          -          -          -          -          -          -
  fracdiving       :          0          -          -          -          -          -          -          -          -          -          -          -          -
  guideddiving     :          0          -          -          -          -          -          -          -          -          -          -          -          -
  linesearchdiving :          0          -          -          -          -          -          -          -          -          -          -          -          -
  pscostdiving     :          0          -          -          -          -          -          -          -          -          -          -          -          -
  veclendiving     :          0          -          -          -          -          -          -          -          -          -          -          -          -
Diving (adaptive)  :      Calls      Nodes   LP Iters Backtracks  Conflicts   MinDepth   MaxDepth   AvgDepth  RoundSols  NLeafSols  MinSolDpt  MaxSolDpt  AvgSolDpt
  actconsdiving    :          0          -          -          -          -          -          -          -          -          -          -          -          -
  coefdiving       :          0          -          -          -          -          -          -          -          -          -          -          -          -
  conflictdiving   :          0          -          -          -          -          -          -          -          -          -          -          -          -
  distributiondivin:          0          -          -          -          -          -          -          -          -          -          -          -          -
  farkasdiving     :          0          -          -          -          -          -          -          -          -          -          -          -          -
  fracdiving       :          0          -          -          -          -          -          -          -          -          -          -          -          -
  guideddiving     :          0          -          -          -          -          -          -          -          -          -          -          -          -
  linesearchdiving :          0          -          -          -          -          -          -          -          -          -          -          -          -
  pscostdiving     :          0          -          -          -          -          -          -          -          -          -          -          -          -
  veclendiving     :          0          -          -          -          -          -          -          -          -          -          -          -          -
Neighborhoods      :      Calls  SetupTime  SolveTime SolveNodes       Sols       Best       Exp3  EpsGreedy        UCB TgtFixRate  Opt  Inf Node Stal  Sol  Usr Othr Actv
  rens             :          0       0.00       0.00          0          0          0    0.00000   -1.00000    1.00000      0.900    0    0    0    0    0    0    0    1
  rins             :          0       0.00       0.00          0          0          0    0.00000   -1.00000    1.00000      0.900    0    0    0    0    0    0    0    1
  mutation         :          0       0.00       0.00          0          0          0    0.00000   -1.00000    1.00000      0.900    0    0    0    0    0    0    0    1
  localbranching   :          0       0.00       0.00          0          0          0    0.00000   -1.00000    1.00000      0.900    0    0    0    0    0    0    0    1
  crossover        :          0       0.00       0.00          0          0          0    0.00000   -1.00000    1.00000      0.900    0    0    0    0    0    0    0    1
  proximity        :          0       0.00       0.00          0          0          0    0.00000   -1.00000    1.00000      0.900    0    0    0    0    0    0    0    1
  zeroobjective    :          0       0.00       0.00          0          0          0    0.00000   -1.00000    1.00000      0.900    0    0    0    0    0    0    0    1
  dins             :          0       0.00       0.00          0          0          0    0.00000   -1.00000    1.00000      0.900    0    0    0    0    0    0    0    1
  trustregion      :          0       0.00       0.00          0          0          0    0.00000   -1.00000    1.00000      0.900    0    0    0    0    0    0    0    0
LP                 :       Time      Calls Iterations  Iter/call   Iter/sec  Time-0-It Calls-0-It    ItLimit
  primal LP        :       0.00          0          0       0.00          -       0.00          0
  dual LP          :       0.01          1        257     257.00          -       0.00          0
  lex dual LP      :       0.00          0          0       0.00          -
  barrier LP       :       0.00          0          0       0.00          -       0.00          0
  resolve instable :       0.00          0          0       0.00          -
  diving/probing LP:       0.00          2          4       2.00          -
  strong branching :       0.00          0          0       0.00          -          -          -          0
    (at root node) :          -          0          0       0.00          -
  conflict analysis:       0.00          0          0       0.00          -
B&B Tree           :
  number of runs   :          1
  nodes            :          1 (0 internal, 1 leaves)
  feasible leaves  :          0
  infeas. leaves   :          0
  objective leaves :          1
  nodes (total)    :          1 (0 internal, 1 leaves)
  nodes left       :          0
  max depth        :          0
  max depth (total):          0
  backtracks       :          0 (0.0%)
  early backtracks :          0 (0.0%)
  nodes exc. ref.  :          0 (0.0%)
  delayed cutoffs  :          0
  repropagations   :          0 (0 domain reductions, 0 cutoffs)
  avg switch length:       2.00
  switching time   :       0.00
Estim. Tree Size   :          1
Estimation Tree    : 1 nodes (1 visited, 0 internal, 1 leaves, 0 open), weight: 1.0000 completed 1.0000
Estimations        :      estim      value      trend resolution     smooth
  wbe              :          1          -          -          -          -
  tree-profile     :         -1          -          -          -          -
  gap              :          1    1.00000    1.00000          1          1
  tree-weight      :          1    1.00000    1.00000          1          1
  leaf-frequency   :          1    0.50000    1.00000          1          1
  ssg              :          1    0.00000   -1.00000          1          1
  open-nodes       :          1    0.00000    0.00000          1          1
Root Node          :
  First LP value   : -1.41418933164664e+00
  First LP Iters   :        257 (49224.29 Iter/sec)
  First LP Time    :       0.01
  Final Dual Bound : -1.41418933164664e+00
  Final Root Iters :        257
  Root LP Estimate :                     -
Solution           :
  Solutions found  :          1 (1 improvements)
  First Solution   : -1.41418933164664e+00   (in run 1, after 1 nodes, 0.69 seconds, depth 0, found by <shifting>)
  Gap First Sol.   :       0.00 %
  Gap Last Sol.    :       0.00 %
  Primal Bound     : -1.41418933164664e+00   (in run 1, after 1 nodes, 0.69 seconds, depth 0, found by <shifting>)
  Dual Bound       : -1.41418933164664e+00
  Gap              :       0.00 %
Integrals          :      Total       Avg%
  primal-dual      :      68.93      99.98
  primal-ref       :          -          - (not evaluated)
  dual-ref         :          -          - (not evaluated)
