SCIP version 8.0.0 [precision: 8 byte] [memory: block] [mode: optimized] [LP solver: SoPlex 6.0.0] [GitHash: a740f0891e]
Copyright (C) 2002-2021 Konrad-Zuse-Zentrum fuer Informationstechnik Berlin (ZIB)

External libraries: 
  SoPlex 6.0.0         Linear Programming Solver developed at Zuse Institute Berlin (soplex.zib.de) [GitHash: 71a5873d]
  CppAD 20180000.0     Algorithmic Differentiation of C++ algorithms developed by B. Bell (github.com/coin-or/CppAD)
  ZLIB 1.2.11          General purpose compression library by J. Gailly and M. Adler (zlib.net)
  GMP 6.2.1            GNU Multiple Precision Arithmetic Library developed by T. Granlund (gmplib.org)
  ZIMPL 3.5.1          Zuse Institute Mathematical Programming Language developed by T. Koch (zimpl.zib.de)
  AMPL/MP 4e2d45c4     AMPL .nl file reader library (github.com/ampl/mp)
  PaPILO 2.0.0         parallel presolve for integer and linear optimization (github.com/scipopt/papilo) [GitHash: 76cafc1]
  bliss 0.73p          Computing Graph Automorphism Groups by T. Junttila and P. Kaski (www.tcs.hut.fi/Software/bliss/)
  Ipopt 3.13.2         Interior Point Optimizer developed by A. Waechter et.al. (github.com/coin-or/Ipopt)

user parameter file <scip.set> not found - using default parameters

read problem <../modeles/2_464.lp>
============

original problem has 1860 variables (928 bin, 0 int, 0 impl, 932 cont) and 937 constraints

solve problem
=============

presolving:
(round 1, fast)       2 del vars, 0 del conss, 0 add conss, 1976 chg bounds, 0 chg sides, 0 chg coeffs, 0 upgd conss, 0 impls, 2 clqs
(round 2, fast)       2 del vars, 0 del conss, 0 add conss, 1976 chg bounds, 0 chg sides, 924 chg coeffs, 0 upgd conss, 0 impls, 2 clqs
   (0.0s) running MILP presolver
   (0.2s) MILP presolver (64 rounds): 0 aggregations, 528 fixings, 8 bound changes
(round 3, medium)     530 del vars, 937 del conss, 679 add conss, 1984 chg bounds, 0 chg sides, 924 chg coeffs, 0 upgd conss, 0 impls, 2 clqs
(round 4, exhaustive) 530 del vars, 937 del conss, 679 add conss, 1984 chg bounds, 0 chg sides, 924 chg coeffs, 30 upgd conss, 0 impls, 2 clqs
(round 5, exhaustive) 555 del vars, 937 del conss, 679 add conss, 1984 chg bounds, 0 chg sides, 924 chg coeffs, 30 upgd conss, 19359 impls, 2 clqs
(round 6, exhaustive) 555 del vars, 937 del conss, 679 add conss, 1984 chg bounds, 0 chg sides, 924 chg coeffs, 72 upgd conss, 19359 impls, 2 clqs
(round 7, exhaustive) 580 del vars, 937 del conss, 679 add conss, 1984 chg bounds, 0 chg sides, 924 chg coeffs, 72 upgd conss, 28018 impls, 2 clqs
(round 8, fast)       581 del vars, 942 del conss, 679 add conss, 1985 chg bounds, 0 chg sides, 924 chg coeffs, 72 upgd conss, 28018 impls, 2 clqs
(round 9, exhaustive) 581 del vars, 942 del conss, 679 add conss, 1985 chg bounds, 0 chg sides, 924 chg coeffs, 97 upgd conss, 28018 impls, 2 clqs
(round 10, exhaustive) 606 del vars, 942 del conss, 679 add conss, 1985 chg bounds, 0 chg sides, 924 chg coeffs, 97 upgd conss, 41121 impls, 2 clqs
(round 11, fast)       606 del vars, 949 del conss, 679 add conss, 1985 chg bounds, 0 chg sides, 924 chg coeffs, 97 upgd conss, 41121 impls, 2 clqs
(round 12, exhaustive) 606 del vars, 949 del conss, 679 add conss, 1985 chg bounds, 0 chg sides, 924 chg coeffs, 118 upgd conss, 41121 impls, 2 clqs
(round 13, exhaustive) 631 del vars, 949 del conss, 679 add conss, 1985 chg bounds, 0 chg sides, 924 chg coeffs, 118 upgd conss, 57234 impls, 2 clqs
(round 14, fast)       633 del vars, 961 del conss, 679 add conss, 1987 chg bounds, 0 chg sides, 924 chg coeffs, 118 upgd conss, 57234 impls, 2 clqs
(round 15, exhaustive) 633 del vars, 961 del conss, 679 add conss, 1987 chg bounds, 0 chg sides, 924 chg coeffs, 136 upgd conss, 57234 impls, 2 clqs
(round 16, exhaustive) 658 del vars, 961 del conss, 679 add conss, 1987 chg bounds, 0 chg sides, 924 chg coeffs, 136 upgd conss, 71502 impls, 2 clqs
(round 17, fast)       658 del vars, 974 del conss, 679 add conss, 1987 chg bounds, 0 chg sides, 924 chg coeffs, 136 upgd conss, 71502 impls, 2 clqs
(round 18, exhaustive) 658 del vars, 974 del conss, 679 add conss, 1987 chg bounds, 0 chg sides, 924 chg coeffs, 147 upgd conss, 71502 impls, 2 clqs
(round 19, exhaustive) 684 del vars, 974 del conss, 679 add conss, 1987 chg bounds, 0 chg sides, 924 chg coeffs, 147 upgd conss, 75841 impls, 2 clqs
(round 20, fast)       684 del vars, 988 del conss, 679 add conss, 1987 chg bounds, 0 chg sides, 924 chg coeffs, 147 upgd conss, 75841 impls, 2 clqs
(round 21, exhaustive) 684 del vars, 988 del conss, 679 add conss, 1987 chg bounds, 0 chg sides, 924 chg coeffs, 156 upgd conss, 75841 impls, 2 clqs
(round 22, exhaustive) 709 del vars, 988 del conss, 679 add conss, 1987 chg bounds, 0 chg sides, 924 chg coeffs, 156 upgd conss, 86423 impls, 2 clqs
(round 23, fast)       709 del vars, 1001 del conss, 679 add conss, 1987 chg bounds, 0 chg sides, 924 chg coeffs, 156 upgd conss, 86423 impls, 2 clqs
(round 24, exhaustive) 709 del vars, 1001 del conss, 679 add conss, 1987 chg bounds, 0 chg sides, 924 chg coeffs, 167 upgd conss, 86423 impls, 2 clqs
(round 25, exhaustive) 734 del vars, 1001 del conss, 679 add conss, 1987 chg bounds, 0 chg sides, 924 chg coeffs, 167 upgd conss, 93565 impls, 2 clqs
(round 26, fast)       734 del vars, 1015 del conss, 679 add conss, 1987 chg bounds, 0 chg sides, 924 chg coeffs, 167 upgd conss, 93565 impls, 2 clqs
   (0.5s) running MILP presolver
   (0.6s) MILP presolver (3 rounds): 0 aggregations, 12 fixings, 0 bound changes
(round 27, medium)     746 del vars, 1020 del conss, 679 add conss, 1987 chg bounds, 0 chg sides, 924 chg coeffs, 167 upgd conss, 93565 impls, 2 clqs
(round 28, fast)       746 del vars, 1022 del conss, 679 add conss, 1987 chg bounds, 0 chg sides, 924 chg coeffs, 167 upgd conss, 93565 impls, 2 clqs
(round 29, exhaustive) 746 del vars, 1022 del conss, 679 add conss, 1987 chg bounds, 0 chg sides, 924 chg coeffs, 174 upgd conss, 93565 impls, 2 clqs
(round 30, exhaustive) 771 del vars, 1022 del conss, 679 add conss, 1987 chg bounds, 0 chg sides, 924 chg coeffs, 174 upgd conss, 101227 impls, 2 clqs
(round 31, fast)       773 del vars, 1039 del conss, 679 add conss, 1989 chg bounds, 0 chg sides, 924 chg coeffs, 174 upgd conss, 101227 impls, 2 clqs
(round 32, exhaustive) 773 del vars, 1039 del conss, 679 add conss, 1989 chg bounds, 0 chg sides, 924 chg coeffs, 177 upgd conss, 101227 impls, 2 clqs
(round 33, exhaustive) 802 del vars, 1039 del conss, 679 add conss, 1989 chg bounds, 0 chg sides, 924 chg coeffs, 177 upgd conss, 107911 impls, 2 clqs
(round 34, fast)       802 del vars, 1057 del conss, 679 add conss, 1989 chg bounds, 0 chg sides, 924 chg coeffs, 177 upgd conss, 107911 impls, 2 clqs
(round 35, exhaustive) 802 del vars, 1057 del conss, 679 add conss, 1989 chg bounds, 0 chg sides, 924 chg coeffs, 180 upgd conss, 107911 impls, 2 clqs
(round 36, exhaustive) 828 del vars, 1057 del conss, 679 add conss, 1989 chg bounds, 0 chg sides, 924 chg coeffs, 180 upgd conss, 118887 impls, 2 clqs
(round 37, fast)       828 del vars, 1070 del conss, 679 add conss, 1989 chg bounds, 0 chg sides, 924 chg coeffs, 180 upgd conss, 118887 impls, 2 clqs
(round 38, exhaustive) 828 del vars, 1070 del conss, 679 add conss, 1989 chg bounds, 0 chg sides, 924 chg coeffs, 185 upgd conss, 118887 impls, 2 clqs
(round 39, exhaustive) 853 del vars, 1070 del conss, 679 add conss, 1989 chg bounds, 0 chg sides, 924 chg coeffs, 185 upgd conss, 122774 impls, 2 clqs
(round 40, fast)       853 del vars, 1085 del conss, 679 add conss, 1989 chg bounds, 0 chg sides, 924 chg coeffs, 185 upgd conss, 122774 impls, 2 clqs
(round 41, exhaustive) 853 del vars, 1085 del conss, 679 add conss, 1989 chg bounds, 0 chg sides, 924 chg coeffs, 186 upgd conss, 122774 impls, 2 clqs
(round 42, exhaustive) 878 del vars, 1085 del conss, 679 add conss, 1989 chg bounds, 0 chg sides, 924 chg coeffs, 186 upgd conss, 131293 impls, 2 clqs
(round 43, fast)       878 del vars, 1101 del conss, 679 add conss, 1989 chg bounds, 0 chg sides, 924 chg coeffs, 186 upgd conss, 131293 impls, 2 clqs
(round 44, exhaustive) 878 del vars, 1101 del conss, 679 add conss, 1989 chg bounds, 0 chg sides, 924 chg coeffs, 188 upgd conss, 131293 impls, 2 clqs
(round 45, exhaustive) 903 del vars, 1101 del conss, 679 add conss, 1989 chg bounds, 0 chg sides, 924 chg coeffs, 188 upgd conss, 136414 impls, 2 clqs
(round 46, fast)       905 del vars, 1119 del conss, 679 add conss, 1991 chg bounds, 0 chg sides, 924 chg coeffs, 188 upgd conss, 136414 impls, 2 clqs
   (0.7s) running MILP presolver
   (0.7s) MILP presolver found nothing
   (0.7s) probing cycle finished: starting next cycle
   (0.8s) probing: 51/472 (10.8%) - 365 fixings, 0 aggregations, 140478 implications, 0 bound changes
   (0.8s) probing aborted: 50/50 successive totally useless probings
(round 47, exhaustive) 914 del vars, 1119 del conss, 679 add conss, 1991 chg bounds, 0 chg sides, 924 chg coeffs, 188 upgd conss, 140664 impls, 2 clqs
(round 48, fast)       914 del vars, 1125 del conss, 679 add conss, 1991 chg bounds, 0 chg sides, 924 chg coeffs, 188 upgd conss, 140664 impls, 2 clqs
   (0.8s) probing: 56/472 (11.9%) - 365 fixings, 0 aggregations, 140478 implications, 0 bound changes
   (0.8s) probing aborted: 50/50 successive totally useless probings
   (0.8s) symmetry computation started: requiring (bin +, int -, cont +), (fixed: bin -, int +, cont -)
   (0.8s) symmetry computation finished: 1 generators found (max: 1500, log10 of symmetry group size: 0.3)
(round 49, exhaustive) 914 del vars, 1125 del conss, 680 add conss, 1991 chg bounds, 0 chg sides, 924 chg coeffs, 188 upgd conss, 140664 impls, 2 clqs
presolving (50 rounds: 50 fast, 33 medium, 31 exhaustive):
 914 deleted vars, 1125 deleted constraints, 680 added constraints, 1991 tightened bounds, 0 added holes, 0 changed sides, 924 changed coefficients
 140664 implications, 2 cliques
presolved problem has 946 variables (472 bin, 0 int, 0 impl, 474 cont) and 482 constraints
      4 constraints of type <varbound>
      2 constraints of type <setppc>
    475 constraints of type <linear>
      1 constraints of type <orbitope>
Presolving Time: 0.77

 time | node  | left  |LP iter|LP it/n|mem/heur|mdpt |vars |cons |rows |cuts |sepa|confs|strbr|  dualbound   | primalbound  |  gap   | compl. 
  0.8s|     1 |     0 |   299 |     - |    39M |   0 | 946 | 483 | 481 |   0 |  0 |   0 |   0 |-1.414211e+00 |      --      |    Inf | unknown
r 0.8s|     1 |     0 |   299 |     - |randroun|   0 | 946 | 483 | 481 |   0 |  0 |   0 |   0 |-1.414211e+00 |-1.414211e+00 |   0.00%| unknown
  0.8s|     1 |     0 |   299 |     - |    39M |   0 | 946 | 483 | 481 |   0 |  0 |   0 |   0 |-1.414211e+00 |-1.414211e+00 |   0.00%| unknown

SCIP Status        : problem is solved [optimal solution found]
Solving Time (sec) : 0.79
Solving Nodes      : 1
Primal Bound       : -1.41421107628004e+00 (1 solutions)
Dual Bound         : -1.41421107628004e+00
Gap                : 0.00 %

primal solution (original space):
=================================

objective value:                    -1.41421107628004
y_1,150_                                            1 	(obj:0)
y_2,150_                                            1 	(obj:0)
x_2_                               -0.706896551724138 	(obj:1)
x_1_                               -0.707314524555904 	(obj:1)
t_2,151_                                            1 	(obj:0)
t_1,150_                           0.0484848484848632 	(obj:0)
t_1,151_                            0.951515151515137 	(obj:0)

Statistics
==========

SCIP Status        : problem is solved [optimal solution found]
Total Time         :       0.80
  solving          :       0.79
  presolving       :       0.77 (included in solving)
  reading          :       0.00
  copying          :       0.00 (0 times copied the problem)
Original Problem   :
  Problem name     : ../modeles/2_464.lp
  Variables        : 1860 (928 binary, 0 integer, 0 implicit integer, 932 continuous)
  Constraints      : 937 initial, 937 maximal
  Objective        : minimize, 2 non-zeros (abs.min = 1, abs.max = 1)
Presolved Problem  :
  Problem name     : t_../modeles/2_464.lp
  Variables        : 946 (472 binary, 0 integer, 0 implicit integer, 474 continuous)
  Constraints      : 482 initial, 483 maximal
  Objective        : minimize, 472 non-zeros (abs.min = 0.00862069, abs.max = 1.01724)
  Nonzeros         : 3780 constraint, 472 clique table
Presolvers         :   ExecTime  SetupTime  Calls  FixedVars   AggrVars   ChgTypes  ChgBounds   AddHoles    DelCons    AddCons   ChgSides   ChgCoefs
  boundshift       :       0.00       0.00      0          0          0          0          0          0          0          0          0          0
  convertinttobin  :       0.00       0.00      0          0          0          0          0          0          0          0          0          0
  domcol           :       0.04       0.00     17          0          0          0          0          0          0          0          0          0
  dualagg          :       0.00       0.00      0          0          0          0          0          0          0          0          0          0
  dualcomp         :       0.01       0.00     17          0          0          0          0          0          0          0          0          0
  dualinfer        :       0.00       0.00      0          0          0          0          0          0          0          0          0          0
  dualsparsify     :       0.00       0.00      1          0          0          0          0          0          0          0          0          0
  gateextraction   :       0.00       0.00      0          0          0          0          0          0          0          0          0          0
  implics          :       0.00       0.00     33          0          0          0          0          0          0          0          0          0
  inttobinary      :       0.00       0.00      0          0          0          0          0          0          0          0          0          0
  milp             :       0.24       0.00      3        540          0          0          8          0        937        679          0          0
  qpkktref         :       0.00       0.00      0          0          0          0          0          0          0          0          0          0
  redvub           :       0.00       0.00      0          0          0          0          0          0          0          0          0          0
  sparsify         :       0.01       0.00      4          0          0          0          0          0          0          0          0          0
  stuffing         :       0.00       0.00      0          0          0          0          0          0          0          0          0          0
  trivial          :       0.00       0.00     50          0          0          0          0          0          0          0          0          0
  tworowbnd        :       0.00       0.00      0          0          0          0          0          0          0          0          0          0
  dualfix          :       0.00       0.00     50          0          0          0          0          0          0          0          0          0
  genvbounds       :       0.00       0.00      0          0          0          0          0          0          0          0          0          0
  probing          :       0.41       0.00     16        365          0          0          0          0          0          0          0          0
  pseudoobj        :       0.00       0.00      0          0          0          0          0          0          0          0          0          0
  symmetry         :       0.00       0.00      1          0          0          0          0          0          0          1          0          0
  vbounds          :       0.00       0.00      1          0          0          0          0          0          0          0          0          0
  varbound         :       0.00       0.00     77          0          0          0          7          0        182          0          0          0
  setppc           :       0.00       0.00    107          0          0          0          0          0          0          0          0          0
  linear           :       0.05       0.00     81          7          2          0       1976          0          6          0          0        924
  orbitope         :       0.00       0.00      1          0          0          0          0          0          0          0          0          0
  logicor          :       0.00       0.00      0          0          0          0          0          0          0          0          0          0
  benders          :       0.00       0.00      0          0          0          0          0          0          0          0          0          0
  components       :       0.00       0.00      1          0          0          0          0          0          0          0          0          0
  root node        :          -          -      -          0          -          -          0          -          -          -          -          -
Constraints        :     Number  MaxNumber  #Separate #Propagate    #EnfoLP    #EnfoRelax  #EnfoPS    #Check   #ResProp    Cutoffs    DomReds       Cuts    Applied      Conss   Children
  benderslp        :          0          0          0          0          0          0          0         11          0          0          0          0          0          0          0
  integral         :          0          0          0          0          0          0          0         11          0          0          0          0          0          0          0
  varbound         :          4          4          0       2215          0          0          0          5          0          0          0          0          0          0          0
  setppc           :          2          2          0       2211          0          0          0          5          0          0          0          0          0          0          0
  linear           :        475        475          0       2224          0          0          0          1          0        183          0          0          0          0          0
  orbitope         :          1          1          0         30          0          0          0          1          0          0          0          0          0          0          0
  logicor          :          0+         1          0          3          0          0          0          0          0          0          0          0          0          0          0
  benders          :          0          0          0          0          0          0          0          2          0          0          0          0          0          0          0
  countsols        :          0          0          0          0          0          0          0          2          0          0          0          0          0          0          0
  components       :          0          0          0          0          0          0          0          0          0          0          0          0          0          0          0
Constraint Timings :  TotalTime  SetupTime   Separate  Propagate     EnfoLP     EnfoPS     EnfoRelax   Check    ResProp    SB-Prop
  benderslp        :       0.00       0.00       0.00       0.00       0.00       0.00       0.00       0.00       0.00       0.00
  integral         :       0.00       0.00       0.00       0.00       0.00       0.00       0.00       0.00       0.00       0.00
  varbound         :       0.01       0.00       0.00       0.01       0.00       0.00       0.00       0.00       0.00       0.00
  setppc           :       0.00       0.00       0.00       0.00       0.00       0.00       0.00       0.00       0.00       0.00
  linear           :       0.11       0.00       0.00       0.11       0.00       0.00       0.00       0.00       0.00       0.00
  orbitope         :       0.00       0.00       0.00       0.00       0.00       0.00       0.00       0.00       0.00       0.00
  logicor          :       0.00       0.00       0.00       0.00       0.00       0.00       0.00       0.00       0.00       0.00
  benders          :       0.00       0.00       0.00       0.00       0.00       0.00       0.00       0.00       0.00       0.00
  countsols        :       0.00       0.00       0.00       0.00       0.00       0.00       0.00       0.00       0.00       0.00
  components       :       0.00       0.00       0.00       0.00       0.00       0.00       0.00       0.00       0.00       0.00
Propagators        : #Propagate   #ResProp    Cutoffs    DomReds
  dualfix          :          1          0          0          0
  genvbounds       :          0          0          0          0
  nlobbt           :          0          0          0          0
  obbt             :          0          0          0          0
  probing          :          0          0          0          0
  pseudoobj        :          2          0          0          0
  redcost          :          1          0          0          0
  rootredcost      :          0          0          0          0
  symmetry         :          0          0          0          0
  vbounds          :         15          0          0          0
Propagator Timings :  TotalTime  SetupTime   Presolve  Propagate    ResProp    SB-Prop
  dualfix          :       0.00       0.00       0.00       0.00       0.00       0.00
  genvbounds       :       0.00       0.00       0.00       0.00       0.00       0.00
  nlobbt           :       0.00       0.00       0.00       0.00       0.00       0.00
  obbt             :       0.00       0.00       0.00       0.00       0.00       0.00
  probing          :       0.41       0.00       0.41       0.00       0.00       0.00
  pseudoobj        :       0.00       0.00       0.00       0.00       0.00       0.00
  redcost          :       0.00       0.00       0.00       0.00       0.00       0.00
  rootredcost      :       0.00       0.00       0.00       0.00       0.00       0.00
  symmetry         :       0.00       0.00       0.00       0.00       0.00       0.00
  vbounds          :       0.01       0.00       0.00       0.01       0.00       0.00
Orbital fixing     :
  vars fixed to 0  :          0
  vars fixed to 1  :          0
Conflict Analysis  :       Time      Calls    Success    DomReds  Conflicts   Literals    Reconvs ReconvLits   Dualrays   Nonzeros   LP Iters   (pool size: [10000,10000])
  propagation      :       0.00          0          0          -          0        0.0          0        0.0          -          -          -
  infeasible LP    :       0.00          2          0          -          0        0.0          0        0.0          0        0.0          0
  bound exceed. LP :       0.00          0          0          -          0        0.0          0        0.0          0        0.0          0
  strong branching :       0.00          0          0          -          0        0.0          0        0.0          -          -          0
  pseudo solution  :       0.00          0          0          -          0        0.0          0        0.0          -          -          -
  applied globally :       0.00          -          -          0          0        0.0          -          -          0          -          -
  applied locally  :          -          -          -          0          0        0.0          -          -          0          -          -
Separators         :   ExecTime  SetupTime      Calls    Cutoffs    DomReds       Cuts    Applied      Conss
  cut pool         :       0.00                     0          -          -          0          -          -    (maximal pool size: 0)
  aggregation      :       0.00       0.00          0          0          0          0          0          0
  > cmir           :          -          -          -          -          -          -          0          -
  > flowcover      :          -          -          -          -          -          -          0          -
  > knapsackcover  :          -          -          -          -          -          -          0          -
  cgmip            :       0.00       0.00          0          0          0          0          0          0
  clique           :       0.00       0.00          0          0          0          0          0          0
  closecuts        :       0.00       0.00          0          0          0          0          0          0
  convexproj       :       0.00       0.00          0          0          0          0          0          0
  disjunctive      :       0.00       0.00          0          0          0          0          0          0
  eccuts           :       0.00       0.00          0          0          0          0          0          0
  gauge            :       0.00       0.00          0          0          0          0          0          0
  gomory           :       0.00       0.00          0          0          0          0          0          0
  > gomorymi       :          -          -          -          -          -          -          0          -
  > strongcg       :          -          -          -          -          -          -          0          -
  impliedbounds    :       0.00       0.00          0          0          0          0          0          0
  interminor       :       0.00       0.00          0          0          0          0          0          0
  intobj           :       0.00       0.00          0          0          0          0          0          0
  mcf              :       0.00       0.00          0          0          0          0          0          0
  minor            :       0.00       0.00          0          0          0          0          0          0
  mixing           :       0.00       0.00          0          0          0          0          0          0
  oddcycle         :       0.00       0.00          0          0          0          0          0          0
  rapidlearning    :       0.00       0.00          0          0          0          0          0          0
  rlt              :       0.00       0.00          0          0          0          0          0          0
  zerohalf         :       0.00       0.00          0          0          0          0          0          0
Cutselectors       :   ExecTime  SetupTime
  hybrid           :       0.00       0.00
Pricers            :   ExecTime  SetupTime      Calls       Vars
  problem variables:       0.00          -          0          0
Branching Rules    :   ExecTime  SetupTime   BranchLP  BranchExt   BranchPS    Cutoffs    DomReds       Cuts      Conss   Children
  allfullstrong    :       0.00       0.00          0          0          0          0          0          0          0          0
  cloud            :       0.00       0.00          0          0          0          0          0          0          0          0
  distribution     :       0.00       0.00          0          0          0          0          0          0          0          0
  fullstrong       :       0.00       0.00          0          0          0          0          0          0          0          0
  inference        :       0.00       0.00          0          0          0          0          0          0          0          0
  leastinf         :       0.00       0.00          0          0          0          0          0          0          0          0
  lookahead        :       0.00       0.00          0          0          0          0          0          0          0          0
  mostinf          :       0.00       0.00          0          0          0          0          0          0          0          0
  multaggr         :       0.00       0.00          0          0          0          0          0          0          0          0
  nodereopt        :       0.00       0.00          0          0          0          0          0          0          0          0
  pscost           :       0.00       0.00          0          0          0          0          0          0          0          0
  random           :       0.00       0.00          0          0          0          0          0          0          0          0
  relpscost        :       0.00       0.00          0          0          0          0          0          0          0          0
  vanillafullstrong:       0.00       0.00          0          0          0          0          0          0          0          0
Primal Heuristics  :   ExecTime  SetupTime      Calls      Found       Best
  LP solutions     :       0.00          -          -          0          0
  relax solutions  :       0.00          -          -          0          0
  pseudo solutions :       0.00          -          -          0          0
  strong branching :       0.00          -          -          0          0
  actconsdiving    :       0.00       0.00          0          0          0
  adaptivediving   :       0.00       0.00          0          0          0
  alns             :       0.00       0.00          0          0          0
  bound            :       0.00       0.00          0          0          0
  clique           :       0.00       0.00          1          0          0
  coefdiving       :       0.00       0.00          0          0          0
  completesol      :       0.00       0.00          0          0          0
  conflictdiving   :       0.00       0.00          0          0          0
  crossover        :       0.00       0.00          0          0          0
  dins             :       0.00       0.00          0          0          0
  distributiondivin:       0.00       0.00          0          0          0
  dps              :       0.00       0.00          0          0          0
  dualval          :       0.00       0.00          0          0          0
  farkasdiving     :       0.00       0.00          0          0          0
  feaspump         :       0.00       0.00          0          0          0
  fixandinfer      :       0.00       0.00          0          0          0
  fracdiving       :       0.00       0.00          0          0          0
  gins             :       0.00       0.00          0          0          0
  guideddiving     :       0.00       0.00          0          0          0
  indicator        :       0.00       0.00          0          0          0
  intdiving        :       0.00       0.00          0          0          0
  intshifting      :       0.00       0.00          0          0          0
  linesearchdiving :       0.00       0.00          0          0          0
  localbranching   :       0.00       0.00          0          0          0
  locks            :       0.00       0.00          1          0          0
  lpface           :       0.00       0.00          0          0          0
  mpec             :       0.00       0.00          0          0          0
  multistart       :       0.00       0.00          0          0          0
  mutation         :       0.00       0.00          0          0          0
  nlpdiving        :       0.00       0.00          0          0          0
  objpscostdiving  :       0.00       0.00          0          0          0
  octane           :       0.00       0.00          0          0          0
  ofins            :       0.00       0.00          0          0          0
  oneopt           :       0.00       0.00          0          0          0
  padm             :       0.00       0.00          0          0          0
  proximity        :       0.00       0.00          0          0          0
  pscostdiving     :       0.00       0.00          0          0          0
  randrounding     :       0.00       0.00          1          1          1
  rens             :       0.00       0.00          0          0          0
  reoptsols        :       0.00       0.00          0          0          0
  repair           :       0.00       0.00          0          0          0
  rins             :       0.00       0.00          0          0          0
  rootsoldiving    :       0.00       0.00          0          0          0
  rounding         :       0.00       0.00          0          0          0
  shiftandpropagate:       0.00       0.00          1          0          0
  shifting         :       0.00       0.00          0          0          0
  simplerounding   :       0.00       0.00          0          0          0
  subnlp           :       0.00       0.00          0          0          0
  trivial          :       0.00       0.00          2          0          0
  trivialnegation  :       0.00       0.00          0          0          0
  trustregion      :       0.00       0.00          0          0          0
  trysol           :       0.00       0.00          0          0          0
  twoopt           :       0.00       0.00          0          0          0
  undercover       :       0.00       0.00          0          0          0
  vbounds          :       0.00       0.00          0          0          0
  veclendiving     :       0.00       0.00          0          0          0
  zeroobj          :       0.00       0.00          0          0          0
  zirounding       :       0.00       0.00          0          0          0
  other solutions  :          -          -          -          0          -
Diving (single)    :      Calls      Nodes   LP Iters Backtracks  Conflicts   MinDepth   MaxDepth   AvgDepth  RoundSols  NLeafSols  MinSolDpt  MaxSolDpt  AvgSolDpt
  actconsdiving    :          0          -          -          -          -          -          -          -          -          -          -          -          -
  coefdiving       :          0          -          -          -          -          -          -          -          -          -          -          -          -
  conflictdiving   :          0          -          -          -          -          -          -          -          -          -          -          -          -
  distributiondivin:          0          -          -          -          -          -          -          -          -          -          -          -          -
  farkasdiving     :          0          -          -          -          -          -          -          -          -          -          -          -          -
  fracdiving       :          0          -          -          -          -          -          -          -          -          -          -          -          -
  guideddiving     :          0          -          -          -          -          -          -          -          -          -          -          -          -
  linesearchdiving :          0          -          -          -          -          -          -          -          -          -          -          -          -
  pscostdiving     :          0          -          -          -          -          -          -          -          -          -          -          -          -
  veclendiving     :          0          -          -          -          -          -          -          -          -          -          -          -          -
Diving (adaptive)  :      Calls      Nodes   LP Iters Backtracks  Conflicts   MinDepth   MaxDepth   AvgDepth  RoundSols  NLeafSols  MinSolDpt  MaxSolDpt  AvgSolDpt
  actconsdiving    :          0          -          -          -          -          -          -          -          -          -          -          -          -
  coefdiving       :          0          -          -          -          -          -          -          -          -          -          -          -          -
  conflictdiving   :          0          -          -          -          -          -          -          -          -          -          -          -          -
  distributiondivin:          0          -          -          -          -          -          -          -          -          -          -          -          -
  farkasdiving     :          0          -          -          -          -          -          -          -          -          -          -          -          -
  fracdiving       :          0          -          -          -          -          -          -          -          -          -          -          -          -
  guideddiving     :          0          -          -          -          -          -          -          -          -          -          -          -          -
  linesearchdiving :          0          -          -          -          -          -          -          -          -          -          -          -          -
  pscostdiving     :          0          -          -          -          -          -          -          -          -          -          -          -          -
  veclendiving     :          0          -          -          -          -          -          -          -          -          -          -          -          -
Neighborhoods      :      Calls  SetupTime  SolveTime SolveNodes       Sols       Best       Exp3  EpsGreedy        UCB TgtFixRate  Opt  Inf Node Stal  Sol  Usr Othr Actv
  rens             :          0       0.00       0.00          0          0          0    0.00000   -1.00000    1.00000      0.900    0    0    0    0    0    0    0    1
  rins             :          0       0.00       0.00          0          0          0    0.00000   -1.00000    1.00000      0.900    0    0    0    0    0    0    0    1
  mutation         :          0       0.00       0.00          0          0          0    0.00000   -1.00000    1.00000      0.900    0    0    0    0    0    0    0    1
  localbranching   :          0       0.00       0.00          0          0          0    0.00000   -1.00000    1.00000      0.900    0    0    0    0    0    0    0    1
  crossover        :          0       0.00       0.00          0          0          0    0.00000   -1.00000    1.00000      0.900    0    0    0    0    0    0    0    1
  proximity        :          0       0.00       0.00          0          0          0    0.00000   -1.00000    1.00000      0.900    0    0    0    0    0    0    0    1
  zeroobjective    :          0       0.00       0.00          0          0          0    0.00000   -1.00000    1.00000      0.900    0    0    0    0    0    0    0    1
  dins             :          0       0.00       0.00          0          0          0    0.00000   -1.00000    1.00000      0.900    0    0    0    0    0    0    0    1
  trustregion      :          0       0.00       0.00          0          0          0    0.00000   -1.00000    1.00000      0.900    0    0    0    0    0    0    0    0
LP                 :       Time      Calls Iterations  Iter/call   Iter/sec  Time-0-It Calls-0-It    ItLimit
  primal LP        :       0.00          0          0       0.00          -       0.00          0
  dual LP          :       0.01          1        293     293.00          -       0.00          0
  lex dual LP      :       0.00          0          0       0.00          -
  barrier LP       :       0.00          0          0       0.00          -       0.00          0
  resolve instable :       0.00          0          0       0.00          -
  diving/probing LP:       0.00          3          6       2.00          -
  strong branching :       0.00          0          0       0.00          -          -          -          0
    (at root node) :          -          0          0       0.00          -
  conflict analysis:       0.00          0          0       0.00          -
B&B Tree           :
  number of runs   :          1
  nodes            :          1 (0 internal, 1 leaves)
  feasible leaves  :          0
  infeas. leaves   :          0
  objective leaves :          1
  nodes (total)    :          1 (0 internal, 1 leaves)
  nodes left       :          0
  max depth        :          0
  max depth (total):          0
  backtracks       :          0 (0.0%)
  early backtracks :          0 (0.0%)
  nodes exc. ref.  :          0 (0.0%)
  delayed cutoffs  :          0
  repropagations   :          0 (0 domain reductions, 0 cutoffs)
  avg switch length:       2.00
  switching time   :       0.00
Estim. Tree Size   :          1
Estimation Tree    : 1 nodes (1 visited, 0 internal, 1 leaves, 0 open), weight: 1.0000 completed 1.0000
Estimations        :      estim      value      trend resolution     smooth
  wbe              :          1          -          -          -          -
  tree-profile     :         -1          -          -          -          -
  gap              :          1    1.00000    1.00000          1          1
  tree-weight      :          1    1.00000    1.00000          1          1
  leaf-frequency   :          1    0.50000    1.00000          1          1
  ssg              :          1    0.00000   -1.00000          1          1
  open-nodes       :          1    0.00000    0.00000          1          1
Root Node          :
  First LP value   : -1.41421107628004e+00
  First LP Iters   :        293 (54319.61 Iter/sec)
  First LP Time    :       0.01
  Final Dual Bound : -1.41421107628004e+00
  Final Root Iters :        293
  Root LP Estimate :                     -
Solution           :
  Solutions found  :          1 (1 improvements)
  First Solution   : -1.41421107628004e+00   (in run 1, after 1 nodes, 0.79 seconds, depth 2, found by <randrounding>)
  Gap First Sol.   :       0.00 %
  Gap Last Sol.    :       0.00 %
  Primal Bound     : -1.41421107628004e+00   (in run 1, after 1 nodes, 0.79 seconds, depth 2, found by <randrounding>)
  Dual Bound       : -1.41421107628004e+00
  Gap              :       0.00 %
Integrals          :      Total       Avg%
  primal-dual      :      79.26      99.95
  primal-ref       :          -          - (not evaluated)
  dual-ref         :          -          - (not evaluated)
