SCIP version 8.0.0 [precision: 8 byte] [memory: block] [mode: optimized] [LP solver: SoPlex 6.0.0] [GitHash: a740f0891e]
Copyright (C) 2002-2021 Konrad-Zuse-Zentrum fuer Informationstechnik Berlin (ZIB)

External libraries: 
  SoPlex 6.0.0         Linear Programming Solver developed at Zuse Institute Berlin (soplex.zib.de) [GitHash: 71a5873d]
  CppAD 20180000.0     Algorithmic Differentiation of C++ algorithms developed by B. Bell (github.com/coin-or/CppAD)
  ZLIB 1.2.11          General purpose compression library by J. Gailly and M. Adler (zlib.net)
  GMP 6.2.1            GNU Multiple Precision Arithmetic Library developed by T. Granlund (gmplib.org)
  ZIMPL 3.5.1          Zuse Institute Mathematical Programming Language developed by T. Koch (zimpl.zib.de)
  AMPL/MP 4e2d45c4     AMPL .nl file reader library (github.com/ampl/mp)
  PaPILO 2.0.0         parallel presolve for integer and linear optimization (github.com/scipopt/papilo) [GitHash: 76cafc1]
  bliss 0.73p          Computing Graph Automorphism Groups by T. Junttila and P. Kaski (www.tcs.hut.fi/Software/bliss/)
  Ipopt 3.13.2         Interior Point Optimizer developed by A. Waechter et.al. (github.com/coin-or/Ipopt)

user parameter file <scip.set> not found - using default parameters

read problem <../modeles/3_394.lp>
============

original problem has 2370 variables (1182 bin, 0 int, 0 impl, 1188 cont) and 1195 constraints

solve problem
=============

presolving:
(round 1, fast)       3 del vars, 0 del conss, 0 add conss, 2520 chg bounds, 0 chg sides, 0 chg coeffs, 0 upgd conss, 0 impls, 3 clqs
(round 2, fast)       3 del vars, 0 del conss, 0 add conss, 2520 chg bounds, 0 chg sides, 1182 chg coeffs, 0 upgd conss, 0 impls, 3 clqs
   (0.0s) running MILP presolver
   (0.0s) MILP presolver (2 rounds): 0 aggregations, 0 fixings, 12 bound changes
(round 3, exhaustive) 3 del vars, 0 del conss, 0 add conss, 2532 chg bounds, 0 chg sides, 1182 chg coeffs, 9 upgd conss, 0 impls, 3 clqs
(round 4, exhaustive) 28 del vars, 0 del conss, 0 add conss, 2532 chg bounds, 0 chg sides, 1182 chg coeffs, 9 upgd conss, 7072 impls, 3 clqs
(round 5, exhaustive) 28 del vars, 0 del conss, 0 add conss, 2532 chg bounds, 0 chg sides, 1182 chg coeffs, 51 upgd conss, 7072 impls, 3 clqs
(round 6, exhaustive) 53 del vars, 0 del conss, 0 add conss, 2532 chg bounds, 0 chg sides, 1182 chg coeffs, 51 upgd conss, 14952 impls, 3 clqs
(round 7, fast)       53 del vars, 2 del conss, 0 add conss, 2532 chg bounds, 0 chg sides, 1182 chg coeffs, 51 upgd conss, 14952 impls, 3 clqs
(round 8, exhaustive) 53 del vars, 2 del conss, 0 add conss, 2532 chg bounds, 0 chg sides, 1182 chg coeffs, 95 upgd conss, 14952 impls, 3 clqs
(round 9, exhaustive) 78 del vars, 2 del conss, 0 add conss, 2532 chg bounds, 0 chg sides, 1182 chg coeffs, 95 upgd conss, 26709 impls, 3 clqs
(round 10, fast)       78 del vars, 7 del conss, 0 add conss, 2532 chg bounds, 0 chg sides, 1182 chg coeffs, 95 upgd conss, 26709 impls, 3 clqs
(round 11, exhaustive) 78 del vars, 7 del conss, 0 add conss, 2532 chg bounds, 0 chg sides, 1182 chg coeffs, 130 upgd conss, 26709 impls, 3 clqs
(round 12, exhaustive) 103 del vars, 7 del conss, 0 add conss, 2532 chg bounds, 0 chg sides, 1182 chg coeffs, 130 upgd conss, 33748 impls, 3 clqs
(round 13, fast)       103 del vars, 12 del conss, 0 add conss, 2532 chg bounds, 0 chg sides, 1182 chg coeffs, 130 upgd conss, 33748 impls, 3 clqs
(round 14, exhaustive) 103 del vars, 12 del conss, 0 add conss, 2532 chg bounds, 0 chg sides, 1182 chg coeffs, 165 upgd conss, 33748 impls, 3 clqs
(round 15, exhaustive) 128 del vars, 12 del conss, 0 add conss, 2532 chg bounds, 0 chg sides, 1182 chg coeffs, 165 upgd conss, 42703 impls, 3 clqs
(round 16, fast)       128 del vars, 18 del conss, 0 add conss, 2532 chg bounds, 0 chg sides, 1182 chg coeffs, 165 upgd conss, 42703 impls, 3 clqs
(round 17, exhaustive) 128 del vars, 18 del conss, 0 add conss, 2532 chg bounds, 0 chg sides, 1182 chg coeffs, 197 upgd conss, 42703 impls, 3 clqs
(round 18, exhaustive) 153 del vars, 18 del conss, 0 add conss, 2532 chg bounds, 0 chg sides, 1182 chg coeffs, 197 upgd conss, 47754 impls, 3 clqs
(round 19, fast)       155 del vars, 26 del conss, 0 add conss, 2534 chg bounds, 0 chg sides, 1182 chg coeffs, 197 upgd conss, 47754 impls, 3 clqs
(round 20, exhaustive) 155 del vars, 26 del conss, 0 add conss, 2534 chg bounds, 0 chg sides, 1182 chg coeffs, 223 upgd conss, 47754 impls, 3 clqs
(round 21, exhaustive) 180 del vars, 26 del conss, 0 add conss, 2534 chg bounds, 0 chg sides, 1182 chg coeffs, 223 upgd conss, 57717 impls, 3 clqs
(round 22, fast)       182 del vars, 34 del conss, 0 add conss, 2536 chg bounds, 0 chg sides, 1182 chg coeffs, 223 upgd conss, 57717 impls, 3 clqs
(round 23, exhaustive) 182 del vars, 34 del conss, 0 add conss, 2536 chg bounds, 0 chg sides, 1182 chg coeffs, 253 upgd conss, 57717 impls, 3 clqs
(round 24, exhaustive) 207 del vars, 34 del conss, 0 add conss, 2536 chg bounds, 0 chg sides, 1182 chg coeffs, 253 upgd conss, 68020 impls, 3 clqs
(round 25, fast)       207 del vars, 41 del conss, 0 add conss, 2536 chg bounds, 0 chg sides, 1182 chg coeffs, 253 upgd conss, 68020 impls, 3 clqs
(round 26, exhaustive) 207 del vars, 41 del conss, 0 add conss, 2536 chg bounds, 0 chg sides, 1182 chg coeffs, 282 upgd conss, 68020 impls, 3 clqs
(round 27, exhaustive) 232 del vars, 41 del conss, 0 add conss, 2536 chg bounds, 0 chg sides, 1182 chg coeffs, 282 upgd conss, 72560 impls, 3 clqs
(round 28, fast)       232 del vars, 50 del conss, 0 add conss, 2536 chg bounds, 0 chg sides, 1182 chg coeffs, 282 upgd conss, 72560 impls, 3 clqs
(round 29, exhaustive) 232 del vars, 50 del conss, 0 add conss, 2536 chg bounds, 0 chg sides, 1182 chg coeffs, 305 upgd conss, 72560 impls, 3 clqs
(round 30, exhaustive) 258 del vars, 50 del conss, 0 add conss, 2536 chg bounds, 0 chg sides, 1182 chg coeffs, 305 upgd conss, 75570 impls, 3 clqs
(round 31, fast)       258 del vars, 60 del conss, 0 add conss, 2536 chg bounds, 0 chg sides, 1182 chg coeffs, 305 upgd conss, 75570 impls, 3 clqs
(round 32, exhaustive) 258 del vars, 60 del conss, 0 add conss, 2536 chg bounds, 0 chg sides, 1182 chg coeffs, 322 upgd conss, 75570 impls, 3 clqs
(round 33, exhaustive) 283 del vars, 60 del conss, 0 add conss, 2536 chg bounds, 0 chg sides, 1182 chg coeffs, 322 upgd conss, 83733 impls, 3 clqs
(round 34, fast)       283 del vars, 70 del conss, 0 add conss, 2536 chg bounds, 0 chg sides, 1182 chg coeffs, 322 upgd conss, 83733 impls, 3 clqs
(round 35, exhaustive) 283 del vars, 70 del conss, 0 add conss, 2536 chg bounds, 0 chg sides, 1182 chg coeffs, 342 upgd conss, 83733 impls, 3 clqs
(round 36, exhaustive) 308 del vars, 70 del conss, 0 add conss, 2536 chg bounds, 0 chg sides, 1182 chg coeffs, 342 upgd conss, 89607 impls, 3 clqs
(round 37, fast)       309 del vars, 83 del conss, 0 add conss, 2537 chg bounds, 0 chg sides, 1182 chg coeffs, 342 upgd conss, 89607 impls, 3 clqs
(round 38, exhaustive) 309 del vars, 83 del conss, 0 add conss, 2537 chg bounds, 0 chg sides, 1182 chg coeffs, 355 upgd conss, 89607 impls, 3 clqs
(round 39, exhaustive) 336 del vars, 83 del conss, 0 add conss, 2537 chg bounds, 0 chg sides, 1182 chg coeffs, 355 upgd conss, 93611 impls, 3 clqs
(round 40, fast)       336 del vars, 96 del conss, 0 add conss, 2537 chg bounds, 0 chg sides, 1182 chg coeffs, 355 upgd conss, 93611 impls, 3 clqs
(round 41, exhaustive) 336 del vars, 96 del conss, 0 add conss, 2537 chg bounds, 0 chg sides, 1182 chg coeffs, 368 upgd conss, 93611 impls, 3 clqs
(round 42, exhaustive) 361 del vars, 96 del conss, 0 add conss, 2537 chg bounds, 0 chg sides, 1182 chg coeffs, 368 upgd conss, 103292 impls, 3 clqs
(round 43, fast)       364 del vars, 108 del conss, 0 add conss, 2540 chg bounds, 0 chg sides, 1182 chg coeffs, 368 upgd conss, 103292 impls, 3 clqs
   (0.7s) running MILP presolver
   (0.7s) MILP presolver (14 rounds): 0 aggregations, 123 fixings, 0 bound changes
(round 44, medium)     487 del vars, 152 del conss, 0 add conss, 2540 chg bounds, 0 chg sides, 1182 chg coeffs, 368 upgd conss, 103292 impls, 3 clqs
(round 45, fast)       487 del vars, 175 del conss, 0 add conss, 2540 chg bounds, 0 chg sides, 1182 chg coeffs, 368 upgd conss, 103292 impls, 3 clqs
(round 46, exhaustive) 487 del vars, 175 del conss, 0 add conss, 2540 chg bounds, 0 chg sides, 1182 chg coeffs, 410 upgd conss, 103292 impls, 3 clqs
(round 47, exhaustive) 512 del vars, 175 del conss, 0 add conss, 2540 chg bounds, 0 chg sides, 1182 chg coeffs, 410 upgd conss, 109604 impls, 3 clqs
(round 48, fast)       512 del vars, 187 del conss, 0 add conss, 2540 chg bounds, 0 chg sides, 1182 chg coeffs, 410 upgd conss, 109604 impls, 3 clqs
(round 49, exhaustive) 512 del vars, 187 del conss, 0 add conss, 2540 chg bounds, 0 chg sides, 1182 chg coeffs, 424 upgd conss, 109604 impls, 3 clqs
(round 50, exhaustive) 537 del vars, 187 del conss, 0 add conss, 2540 chg bounds, 0 chg sides, 1182 chg coeffs, 424 upgd conss, 113878 impls, 3 clqs
(round 51, fast)       537 del vars, 200 del conss, 0 add conss, 2540 chg bounds, 0 chg sides, 1182 chg coeffs, 424 upgd conss, 113878 impls, 3 clqs
(round 52, exhaustive) 537 del vars, 200 del conss, 0 add conss, 2540 chg bounds, 0 chg sides, 1182 chg coeffs, 435 upgd conss, 113878 impls, 3 clqs
(round 53, exhaustive) 562 del vars, 200 del conss, 0 add conss, 2540 chg bounds, 0 chg sides, 1182 chg coeffs, 435 upgd conss, 119678 impls, 3 clqs
(round 54, fast)       563 del vars, 213 del conss, 0 add conss, 2541 chg bounds, 0 chg sides, 1182 chg coeffs, 435 upgd conss, 119678 impls, 3 clqs
(round 55, exhaustive) 563 del vars, 213 del conss, 0 add conss, 2541 chg bounds, 0 chg sides, 1182 chg coeffs, 444 upgd conss, 119678 impls, 3 clqs
(round 56, exhaustive) 589 del vars, 213 del conss, 0 add conss, 2541 chg bounds, 0 chg sides, 1182 chg coeffs, 444 upgd conss, 124785 impls, 3 clqs
(round 57, fast)       589 del vars, 224 del conss, 0 add conss, 2541 chg bounds, 0 chg sides, 1182 chg coeffs, 444 upgd conss, 124785 impls, 3 clqs
(round 58, exhaustive) 589 del vars, 224 del conss, 0 add conss, 2541 chg bounds, 0 chg sides, 1182 chg coeffs, 459 upgd conss, 124785 impls, 3 clqs
(round 59, exhaustive) 617 del vars, 224 del conss, 0 add conss, 2541 chg bounds, 0 chg sides, 1182 chg coeffs, 459 upgd conss, 130476 impls, 3 clqs
(round 60, fast)       617 del vars, 239 del conss, 0 add conss, 2541 chg bounds, 0 chg sides, 1182 chg coeffs, 459 upgd conss, 130476 impls, 3 clqs
(round 61, exhaustive) 617 del vars, 239 del conss, 0 add conss, 2541 chg bounds, 0 chg sides, 1182 chg coeffs, 470 upgd conss, 130476 impls, 3 clqs
(round 62, exhaustive) 642 del vars, 239 del conss, 0 add conss, 2541 chg bounds, 0 chg sides, 1182 chg coeffs, 470 upgd conss, 136981 impls, 3 clqs
(round 63, fast)       648 del vars, 256 del conss, 0 add conss, 2547 chg bounds, 0 chg sides, 1182 chg coeffs, 470 upgd conss, 136981 impls, 3 clqs
(round 64, exhaustive) 648 del vars, 256 del conss, 0 add conss, 2547 chg bounds, 0 chg sides, 1182 chg coeffs, 481 upgd conss, 136981 impls, 3 clqs
(round 65, exhaustive) 682 del vars, 256 del conss, 0 add conss, 2547 chg bounds, 0 chg sides, 1182 chg coeffs, 481 upgd conss, 140672 impls, 3 clqs
(round 66, fast)       682 del vars, 273 del conss, 0 add conss, 2547 chg bounds, 0 chg sides, 1182 chg coeffs, 481 upgd conss, 140672 impls, 3 clqs
(round 67, exhaustive) 682 del vars, 273 del conss, 0 add conss, 2547 chg bounds, 0 chg sides, 1182 chg coeffs, 494 upgd conss, 140672 impls, 3 clqs
(round 68, exhaustive) 707 del vars, 273 del conss, 0 add conss, 2547 chg bounds, 0 chg sides, 1182 chg coeffs, 494 upgd conss, 146908 impls, 3 clqs
(round 69, fast)       707 del vars, 288 del conss, 0 add conss, 2547 chg bounds, 0 chg sides, 1182 chg coeffs, 494 upgd conss, 146908 impls, 3 clqs
(round 70, exhaustive) 707 del vars, 288 del conss, 0 add conss, 2547 chg bounds, 0 chg sides, 1182 chg coeffs, 499 upgd conss, 146908 impls, 3 clqs
(round 71, exhaustive) 735 del vars, 288 del conss, 0 add conss, 2547 chg bounds, 0 chg sides, 1182 chg coeffs, 499 upgd conss, 148981 impls, 3 clqs
(round 72, fast)       735 del vars, 304 del conss, 0 add conss, 2547 chg bounds, 0 chg sides, 1182 chg coeffs, 499 upgd conss, 148981 impls, 3 clqs
(round 73, exhaustive) 735 del vars, 304 del conss, 0 add conss, 2547 chg bounds, 0 chg sides, 1182 chg coeffs, 506 upgd conss, 148981 impls, 3 clqs
(round 74, exhaustive) 760 del vars, 304 del conss, 0 add conss, 2547 chg bounds, 0 chg sides, 1182 chg coeffs, 506 upgd conss, 152153 impls, 3 clqs
(round 75, fast)       762 del vars, 318 del conss, 0 add conss, 2549 chg bounds, 0 chg sides, 1182 chg coeffs, 506 upgd conss, 152153 impls, 3 clqs
(round 76, exhaustive) 762 del vars, 318 del conss, 0 add conss, 2549 chg bounds, 0 chg sides, 1182 chg coeffs, 518 upgd conss, 152153 impls, 3 clqs
(round 77, exhaustive) 787 del vars, 318 del conss, 0 add conss, 2549 chg bounds, 0 chg sides, 1182 chg coeffs, 518 upgd conss, 157536 impls, 3 clqs
(round 78, fast)       787 del vars, 333 del conss, 0 add conss, 2549 chg bounds, 0 chg sides, 1182 chg coeffs, 518 upgd conss, 157536 impls, 3 clqs
   (1.1s) running MILP presolver
   (1.1s) MILP presolver (15 rounds): 0 aggregations, 116 fixings, 0 bound changes
(round 79, medium)     903 del vars, 399 del conss, 0 add conss, 2549 chg bounds, 0 chg sides, 1182 chg coeffs, 518 upgd conss, 157536 impls, 3 clqs
(round 80, fast)       903 del vars, 406 del conss, 0 add conss, 2549 chg bounds, 0 chg sides, 1182 chg coeffs, 518 upgd conss, 157536 impls, 3 clqs
(round 81, exhaustive) 903 del vars, 406 del conss, 0 add conss, 2549 chg bounds, 0 chg sides, 1182 chg coeffs, 529 upgd conss, 157536 impls, 3 clqs
(round 82, exhaustive) 929 del vars, 406 del conss, 0 add conss, 2549 chg bounds, 0 chg sides, 1182 chg coeffs, 529 upgd conss, 162854 impls, 3 clqs
(round 83, fast)       929 del vars, 421 del conss, 0 add conss, 2549 chg bounds, 0 chg sides, 1182 chg coeffs, 529 upgd conss, 162854 impls, 3 clqs
(round 84, exhaustive) 929 del vars, 421 del conss, 0 add conss, 2549 chg bounds, 0 chg sides, 1182 chg coeffs, 531 upgd conss, 162854 impls, 3 clqs
(round 85, exhaustive) 958 del vars, 421 del conss, 0 add conss, 2549 chg bounds, 0 chg sides, 1182 chg coeffs, 531 upgd conss, 165814 impls, 3 clqs
(round 86, fast)       958 del vars, 438 del conss, 0 add conss, 2549 chg bounds, 0 chg sides, 1182 chg coeffs, 531 upgd conss, 165814 impls, 3 clqs
(round 87, exhaustive) 958 del vars, 438 del conss, 0 add conss, 2549 chg bounds, 0 chg sides, 1182 chg coeffs, 538 upgd conss, 165814 impls, 3 clqs
(round 88, exhaustive) 983 del vars, 438 del conss, 0 add conss, 2549 chg bounds, 0 chg sides, 1182 chg coeffs, 538 upgd conss, 170162 impls, 3 clqs
(round 89, fast)       985 del vars, 456 del conss, 0 add conss, 2551 chg bounds, 0 chg sides, 1182 chg coeffs, 538 upgd conss, 170162 impls, 3 clqs
(round 90, exhaustive) 1010 del vars, 456 del conss, 0 add conss, 2551 chg bounds, 0 chg sides, 1182 chg coeffs, 538 upgd conss, 172785 impls, 3 clqs
(round 91, fast)       1010 del vars, 472 del conss, 0 add conss, 2551 chg bounds, 0 chg sides, 1182 chg coeffs, 538 upgd conss, 172785 impls, 3 clqs
(round 92, exhaustive) 1010 del vars, 472 del conss, 0 add conss, 2551 chg bounds, 0 chg sides, 1182 chg coeffs, 540 upgd conss, 172785 impls, 3 clqs
(round 93, exhaustive) 1041 del vars, 472 del conss, 0 add conss, 2551 chg bounds, 0 chg sides, 1182 chg coeffs, 540 upgd conss, 174388 impls, 3 clqs
(round 94, fast)       1041 del vars, 492 del conss, 0 add conss, 2551 chg bounds, 0 chg sides, 1182 chg coeffs, 540 upgd conss, 174388 impls, 3 clqs
(round 95, exhaustive) 1041 del vars, 492 del conss, 0 add conss, 2551 chg bounds, 0 chg sides, 1182 chg coeffs, 542 upgd conss, 174388 impls, 3 clqs
(round 96, exhaustive) 1069 del vars, 492 del conss, 0 add conss, 2551 chg bounds, 0 chg sides, 1182 chg coeffs, 542 upgd conss, 175716 impls, 3 clqs
(round 97, fast)       1069 del vars, 509 del conss, 0 add conss, 2551 chg bounds, 0 chg sides, 1182 chg coeffs, 542 upgd conss, 175716 impls, 3 clqs
(round 98, exhaustive) 1069 del vars, 509 del conss, 0 add conss, 2551 chg bounds, 0 chg sides, 1182 chg coeffs, 543 upgd conss, 175716 impls, 3 clqs
   (1.3s) probing: 1000/1182 (84.6%) - 826 fixings, 0 aggregations, 177155 implications, 0 bound changes
(round 99, exhaustive) 1094 del vars, 509 del conss, 0 add conss, 2551 chg bounds, 0 chg sides, 1182 chg coeffs, 543 upgd conss, 179841 impls, 3 clqs
(round 100, fast)       1096 del vars, 527 del conss, 0 add conss, 2553 chg bounds, 0 chg sides, 1182 chg coeffs, 543 upgd conss, 179841 impls, 3 clqs
   (1.3s) running MILP presolver
   (1.3s) MILP presolver found nothing
(round 101, exhaustive) 1122 del vars, 527 del conss, 0 add conss, 2553 chg bounds, 0 chg sides, 1182 chg coeffs, 543 upgd conss, 185309 impls, 3 clqs
(round 102, fast)       1122 del vars, 544 del conss, 0 add conss, 2553 chg bounds, 0 chg sides, 1182 chg coeffs, 543 upgd conss, 185309 impls, 3 clqs
(round 103, exhaustive) 1122 del vars, 544 del conss, 0 add conss, 2553 chg bounds, 0 chg sides, 1182 chg coeffs, 544 upgd conss, 185309 impls, 3 clqs
(round 104, exhaustive) 1147 del vars, 544 del conss, 0 add conss, 2553 chg bounds, 0 chg sides, 1182 chg coeffs, 544 upgd conss, 188432 impls, 3 clqs
(round 105, fast)       1147 del vars, 559 del conss, 0 add conss, 2553 chg bounds, 0 chg sides, 1182 chg coeffs, 544 upgd conss, 188432 impls, 3 clqs
(round 106, exhaustive) 1147 del vars, 559 del conss, 0 add conss, 2553 chg bounds, 0 chg sides, 1182 chg coeffs, 545 upgd conss, 188432 impls, 3 clqs
   (1.3s) probing cycle finished: starting next cycle
   (1.4s) probing: 51/600 (8.5%) - 904 fixings, 0 aggregations, 191731 implications, 0 bound changes
   (1.4s) probing aborted: 50/50 successive totally useless probings
(round 107, exhaustive) 1167 del vars, 559 del conss, 0 add conss, 2553 chg bounds, 0 chg sides, 1182 chg coeffs, 545 upgd conss, 192273 impls, 3 clqs
(round 108, fast)       1167 del vars, 571 del conss, 0 add conss, 2553 chg bounds, 0 chg sides, 1182 chg coeffs, 545 upgd conss, 192273 impls, 3 clqs
   (1.4s) probing: 56/600 (9.3%) - 904 fixings, 0 aggregations, 191731 implications, 0 bound changes
   (1.4s) probing aborted: 50/50 successive totally useless probings
   (1.4s) symmetry computation started: requiring (bin +, int -, cont +), (fixed: bin -, int +, cont -)
   (1.4s) symmetry computation finished: 2 generators found (max: 1500, log10 of symmetry group size: 0.8)
(round 109, exhaustive) 1167 del vars, 571 del conss, 1 add conss, 2553 chg bounds, 0 chg sides, 1182 chg coeffs, 545 upgd conss, 192273 impls, 3 clqs
presolving (110 rounds: 110 fast, 72 medium, 70 exhaustive):
 1167 deleted vars, 571 deleted constraints, 1 added constraints, 2553 tightened bounds, 0 added holes, 0 changed sides, 1182 changed coefficients
 192273 implications, 3 cliques
presolved problem has 1203 variables (600 bin, 0 int, 0 impl, 603 cont) and 614 constraints
      6 constraints of type <varbound>
      3 constraints of type <setppc>
    604 constraints of type <linear>
      1 constraints of type <orbitope>
Presolving Time: 1.37

 time | node  | left  |LP iter|LP it/n|mem/heur|mdpt |vars |cons |rows |cuts |sepa|confs|strbr|  dualbound   | primalbound  |  gap   | compl. 
  1.4s|     1 |     0 |   619 |     - |    57M |   0 |1203 | 615 | 613 |   0 |  0 |   0 |   0 |-1.732020e+00 |      --      |    Inf | unknown
o 1.4s|     1 |     0 |   639 |     - |feaspump|   0 |1203 | 615 | 613 |   0 |  0 |   0 |   0 |-1.732020e+00 |-1.732020e+00 |   0.00%| unknown
  1.4s|     1 |     0 |   639 |     - |    57M |   0 |1203 | 615 | 613 |   0 |  0 |   0 |   0 |-1.732020e+00 |-1.732020e+00 |   0.00%| unknown

SCIP Status        : problem is solved [optimal solution found]
Solving Time (sec) : 1.42
Solving Nodes      : 1
Primal Bound       : -1.73202012488208e+00 (1 solutions)
Dual Bound         : -1.73202012488208e+00
Gap                : 0.00 %

primal solution (original space):
=================================

objective value:                    -1.73202012488208
y_3,140_                                            1 	(obj:0)
y_1,141_                                            1 	(obj:0)
y_2,141_                                            1 	(obj:0)
t_1,142_                            0.396017699115062 	(obj:0)
x_3_                               -0.578680203045685 	(obj:1)
x_2_                               -0.578680203045685 	(obj:1)
t_1,141_                            0.603982300884938 	(obj:0)
t_3,141_                                            1 	(obj:0)
x_1_                                -0.57465971879071 	(obj:1)
t_2,141_                                            1 	(obj:0)

Statistics
==========

SCIP Status        : problem is solved [optimal solution found]
Total Time         :       1.42
  solving          :       1.42
  presolving       :       1.37 (included in solving)
  reading          :       0.01
  copying          :       0.00 (0 times copied the problem)
Original Problem   :
  Problem name     : ../modeles/3_394.lp
  Variables        : 2370 (1182 binary, 0 integer, 0 implicit integer, 1188 continuous)
  Constraints      : 1195 initial, 1195 maximal
  Objective        : minimize, 3 non-zeros (abs.min = 1, abs.max = 1)
Presolved Problem  :
  Problem name     : t_../modeles/3_394.lp
  Variables        : 1203 (600 binary, 0 integer, 0 implicit integer, 603 continuous)
  Constraints      : 614 initial, 615 maximal
  Objective        : minimize, 600 non-zeros (abs.min = 0.0101523, abs.max = 1.01523)
  Nonzeros         : 4806 constraint, 600 clique table
Presolvers         :   ExecTime  SetupTime  Calls  FixedVars   AggrVars   ChgTypes  ChgBounds   AddHoles    DelCons    AddCons   ChgSides   ChgCoefs
  boundshift       :       0.00       0.00      0          0          0          0          0          0          0          0          0          0
  convertinttobin  :       0.00       0.00      0          0          0          0          0          0          0          0          0          0
  domcol           :       0.17       0.00     37          0          0          0          0          0          0          0          0          0
  dualagg          :       0.00       0.00      0          0          0          0          0          0          0          0          0          0
  dualcomp         :       0.03       0.00     37          0          0          0          0          0          0          0          0          0
  dualinfer        :       0.00       0.00      0          0          0          0          0          0          0          0          0          0
  dualsparsify     :       0.00       0.00      1          0          0          0          0          0          0          0          0          0
  gateextraction   :       0.00       0.00      0          0          0          0          0          0          0          0          0          0
  implics          :       0.00       0.00     72          0          0          0          0          0          0          0          0          0
  inttobinary      :       0.00       0.00      0          0          0          0          0          0          0          0          0          0
  milp             :       0.13       0.00      4        239          0          0         12          0          0          0          0          0
  qpkktref         :       0.00       0.00      0          0          0          0          0          0          0          0          0          0
  redvub           :       0.00       0.00      0          0          0          0          0          0          0          0          0          0
  sparsify         :       0.02       0.00      6          0          0          0          0          0          0          0          0          0
  stuffing         :       0.00       0.00      0          0          0          0          0          0          0          0          0          0
  trivial          :       0.00       0.00    110          0          0          0          0          0          0          0          0          0
  tworowbnd        :       0.00       0.00      0          0          0          0          0          0          0          0          0          0
  dualfix          :       0.00       0.00    110          0          0          0          0          0          0          0          0          0
  genvbounds       :       0.00       0.00      0          0          0          0          0          0          0          0          0          0
  probing          :       0.81       0.00     36        904          0          0          0          0          0          0          0          0
  pseudoobj        :       0.00       0.00      0          0          0          0          0          0          0          0          0          0
  symmetry         :       0.01       0.00      1          0          0          0          0          0          0          1          0          0
  vbounds          :       0.00       0.00      1          0          0          0          0          0          0          0          0          0
  varbound         :       0.01       0.00    178          0          0          0         21          0        536          0          0          0
  setppc           :       0.01       0.00    247          0          0          0          0          0          0          0          0          0
  linear           :       0.17       0.00    180         21          3          0       2520          0         35          0          0       1182
  orbitope         :       0.00       0.00      1          0          0          0          0          0          0          0          0          0
  logicor          :       0.00       0.00      0          0          0          0          0          0          0          0          0          0
  benders          :       0.00       0.00      0          0          0          0          0          0          0          0          0          0
  components       :       0.00       0.00      1          0          0          0          0          0          0          0          0          0
  root node        :          -          -      -          0          -          -          0          -          -          -          -          -
Constraints        :     Number  MaxNumber  #Separate #Propagate    #EnfoLP    #EnfoRelax  #EnfoPS    #Check   #ResProp    Cutoffs    DomReds       Cuts    Applied      Conss   Children
  benderslp        :          0          0          0          0          0          0          0         12          0          0          0          0          0          0          0
  integral         :          0          0          0          0          0          0          0         12          0          0          0          0          0          0          0
  varbound         :          6          6          0       3414          0          0          0          6          0          0          0          0          0          0          0
  setppc           :          3          3          0       3412          0          0          0          6          0          0          0          0          0          0          0
  linear           :        604        604          0       3416          0          0          0          2          0        490          0          0          0          0          0
  orbitope         :          1          1          0         45          0          0          0          1          0          0          0          0          0          0          0
  logicor          :          0+         1          0          3          0          0          0          0          0          0          0          0          0          0          0
  benders          :          0          0          0          0          0          0          0          2          0          0          0          0          0          0          0
  countsols        :          0          0          0          0          0          0          0          2          0          0          0          0          0          0          0
  components       :          0          0          0          0          0          0          0          0          0          0          0          0          0          0          0
Constraint Timings :  TotalTime  SetupTime   Separate  Propagate     EnfoLP     EnfoPS     EnfoRelax   Check    ResProp    SB-Prop
  benderslp        :       0.00       0.00       0.00       0.00       0.00       0.00       0.00       0.00       0.00       0.00
  integral         :       0.00       0.00       0.00       0.00       0.00       0.00       0.00       0.00       0.00       0.00
  varbound         :       0.04       0.00       0.00       0.04       0.00       0.00       0.00       0.00       0.00       0.00
  setppc           :       0.00       0.00       0.00       0.00       0.00       0.00       0.00       0.00       0.00       0.00
  linear           :       0.24       0.00       0.00       0.24       0.00       0.00       0.00       0.00       0.00       0.00
  orbitope         :       0.00       0.00       0.00       0.00       0.00       0.00       0.00       0.00       0.00       0.00
  logicor          :       0.00       0.00       0.00       0.00       0.00       0.00       0.00       0.00       0.00       0.00
  benders          :       0.00       0.00       0.00       0.00       0.00       0.00       0.00       0.00       0.00       0.00
  countsols        :       0.00       0.00       0.00       0.00       0.00       0.00       0.00       0.00       0.00       0.00
  components       :       0.00       0.00       0.00       0.00       0.00       0.00       0.00       0.00       0.00       0.00
Propagators        : #Propagate   #ResProp    Cutoffs    DomReds
  dualfix          :          1          0          0          0
  genvbounds       :          0          0          0          0
  nlobbt           :          0          0          0          0
  obbt             :          0          0          0          0
  probing          :          0          0          0          0
  pseudoobj        :          2          0          0          0
  redcost          :          1          0          0          0
  rootredcost      :          0          0          0          0
  symmetry         :          0          0          0          0
  vbounds          :         26          0          0          0
Propagator Timings :  TotalTime  SetupTime   Presolve  Propagate    ResProp    SB-Prop
  dualfix          :       0.00       0.00       0.00       0.00       0.00       0.00
  genvbounds       :       0.00       0.00       0.00       0.00       0.00       0.00
  nlobbt           :       0.00       0.00       0.00       0.00       0.00       0.00
  obbt             :       0.00       0.00       0.00       0.00       0.00       0.00
  probing          :       0.81       0.00       0.81       0.00       0.00       0.00
  pseudoobj        :       0.00       0.00       0.00       0.00       0.00       0.00
  redcost          :       0.00       0.00       0.00       0.00       0.00       0.00
  rootredcost      :       0.00       0.00       0.00       0.00       0.00       0.00
  symmetry         :       0.01       0.00       0.01       0.00       0.00       0.00
  vbounds          :       0.01       0.00       0.00       0.01       0.00       0.00
Orbital fixing     :
  vars fixed to 0  :          0
  vars fixed to 1  :          0
Conflict Analysis  :       Time      Calls    Success    DomReds  Conflicts   Literals    Reconvs ReconvLits   Dualrays   Nonzeros   LP Iters   (pool size: [10000,10000])
  propagation      :       0.00          0          0          -          0        0.0          0        0.0          -          -          -
  infeasible LP    :       0.00          1          0          -          0        0.0          0        0.0          0        0.0          0
  bound exceed. LP :       0.00          0          0          -          0        0.0          0        0.0          0        0.0          0
  strong branching :       0.00          0          0          -          0        0.0          0        0.0          -          -          0
  pseudo solution  :       0.00          0          0          -          0        0.0          0        0.0          -          -          -
  applied globally :       0.00          -          -          0          0        0.0          -          -          0          -          -
  applied locally  :          -          -          -          0          0        0.0          -          -          0          -          -
Separators         :   ExecTime  SetupTime      Calls    Cutoffs    DomReds       Cuts    Applied      Conss
  cut pool         :       0.00                     0          -          -          0          -          -    (maximal pool size: 0)
  aggregation      :       0.00       0.00          0          0          0          0          0          0
  > cmir           :          -          -          -          -          -          -          0          -
  > flowcover      :          -          -          -          -          -          -          0          -
  > knapsackcover  :          -          -          -          -          -          -          0          -
  cgmip            :       0.00       0.00          0          0          0          0          0          0
  clique           :       0.00       0.00          0          0          0          0          0          0
  closecuts        :       0.00       0.00          0          0          0          0          0          0
  convexproj       :       0.00       0.00          0          0          0          0          0          0
  disjunctive      :       0.00       0.00          0          0          0          0          0          0
  eccuts           :       0.00       0.00          0          0          0          0          0          0
  gauge            :       0.00       0.00          0          0          0          0          0          0
  gomory           :       0.00       0.00          0          0          0          0          0          0
  > gomorymi       :          -          -          -          -          -          -          0          -
  > strongcg       :          -          -          -          -          -          -          0          -
  impliedbounds    :       0.00       0.00          0          0          0          0          0          0
  interminor       :       0.00       0.00          0          0          0          0          0          0
  intobj           :       0.00       0.00          0          0          0          0          0          0
  mcf              :       0.00       0.00          0          0          0          0          0          0
  minor            :       0.00       0.00          0          0          0          0          0          0
  mixing           :       0.00       0.00          0          0          0          0          0          0
  oddcycle         :       0.00       0.00          0          0          0          0          0          0
  rapidlearning    :       0.00       0.00          0          0          0          0          0          0
  rlt              :       0.00       0.00          0          0          0          0          0          0
  zerohalf         :       0.00       0.00          0          0          0          0          0          0
Cutselectors       :   ExecTime  SetupTime
  hybrid           :       0.00       0.00
Pricers            :   ExecTime  SetupTime      Calls       Vars
  problem variables:       0.00          -          0          0
Branching Rules    :   ExecTime  SetupTime   BranchLP  BranchExt   BranchPS    Cutoffs    DomReds       Cuts      Conss   Children
  allfullstrong    :       0.00       0.00          0          0          0          0          0          0          0          0
  cloud            :       0.00       0.00          0          0          0          0          0          0          0          0
  distribution     :       0.00       0.00          0          0          0          0          0          0          0          0
  fullstrong       :       0.00       0.00          0          0          0          0          0          0          0          0
  inference        :       0.00       0.00          0          0          0          0          0          0          0          0
  leastinf         :       0.00       0.00          0          0          0          0          0          0          0          0
  lookahead        :       0.00       0.00          0          0          0          0          0          0          0          0
  mostinf          :       0.00       0.00          0          0          0          0          0          0          0          0
  multaggr         :       0.00       0.00          0          0          0          0          0          0          0          0
  nodereopt        :       0.00       0.00          0          0          0          0          0          0          0          0
  pscost           :       0.00       0.00          0          0          0          0          0          0          0          0
  random           :       0.00       0.00          0          0          0          0          0          0          0          0
  relpscost        :       0.00       0.00          0          0          0          0          0          0          0          0
  vanillafullstrong:       0.00       0.00          0          0          0          0          0          0          0          0
Primal Heuristics  :   ExecTime  SetupTime      Calls      Found       Best
  LP solutions     :       0.00          -          -          0          0
  relax solutions  :       0.00          -          -          0          0
  pseudo solutions :       0.00          -          -          0          0
  strong branching :       0.00          -          -          0          0
  actconsdiving    :       0.00       0.00          0          0          0
  adaptivediving   :       0.00       0.00          0          0          0
  alns             :       0.00       0.00          0          0          0
  bound            :       0.00       0.00          0          0          0
  clique           :       0.01       0.00          1          0          0
  coefdiving       :       0.00       0.00          0          0          0
  completesol      :       0.00       0.00          0          0          0
  conflictdiving   :       0.00       0.00          0          0          0
  crossover        :       0.00       0.00          0          0          0
  dins             :       0.00       0.00          0          0          0
  distributiondivin:       0.00       0.00          0          0          0
  dps              :       0.00       0.00          0          0          0
  dualval          :       0.00       0.00          0          0          0
  farkasdiving     :       0.00       0.00          0          0          0
  feaspump         :       0.00       0.00          1          1          1
  fixandinfer      :       0.00       0.00          0          0          0
  fracdiving       :       0.00       0.00          0          0          0
  gins             :       0.00       0.00          0          0          0
  guideddiving     :       0.00       0.00          0          0          0
  indicator        :       0.00       0.00          0          0          0
  intdiving        :       0.00       0.00          0          0          0
  intshifting      :       0.00       0.00          0          0          0
  linesearchdiving :       0.00       0.00          0          0          0
  localbranching   :       0.00       0.00          0          0          0
  locks            :       0.00       0.00          1          0          0
  lpface           :       0.00       0.00          0          0          0
  mpec             :       0.00       0.00          0          0          0
  multistart       :       0.00       0.00          0          0          0
  mutation         :       0.00       0.00          0          0          0
  nlpdiving        :       0.00       0.00          0          0          0
  objpscostdiving  :       0.00       0.00          0          0          0
  octane           :       0.00       0.00          0          0          0
  ofins            :       0.00       0.00          0          0          0
  oneopt           :       0.00       0.00          0          0          0
  padm             :       0.00       0.00          0          0          0
  proximity        :       0.00       0.00          0          0          0
  pscostdiving     :       0.00       0.00          0          0          0
  randrounding     :       0.00       0.00          1          0          0
  rens             :       0.00       0.00          0          0          0
  reoptsols        :       0.00       0.00          0          0          0
  repair           :       0.00       0.00          0          0          0
  rins             :       0.00       0.00          0          0          0
  rootsoldiving    :       0.00       0.00          0          0          0
  rounding         :       0.00       0.00          1          0          0
  shiftandpropagate:       0.00       0.00          1          0          0
  shifting         :       0.00       0.00          1          0          0
  simplerounding   :       0.00       0.00          0          0          0
  subnlp           :       0.00       0.00          0          0          0
  trivial          :       0.00       0.00          2          0          0
  trivialnegation  :       0.00       0.00          0          0          0
  trustregion      :       0.00       0.00          0          0          0
  trysol           :       0.00       0.00          0          0          0
  twoopt           :       0.00       0.00          0          0          0
  undercover       :       0.00       0.00          0          0          0
  vbounds          :       0.00       0.00          0          0          0
  veclendiving     :       0.00       0.00          0          0          0
  zeroobj          :       0.00       0.00          0          0          0
  zirounding       :       0.00       0.00          0          0          0
  other solutions  :          -          -          -          0          -
Diving (single)    :      Calls      Nodes   LP Iters Backtracks  Conflicts   MinDepth   MaxDepth   AvgDepth  RoundSols  NLeafSols  MinSolDpt  MaxSolDpt  AvgSolDpt
  actconsdiving    :          0          -          -          -          -          -          -          -          -          -          -          -          -
  coefdiving       :          0          -          -          -          -          -          -          -          -          -          -          -          -
  conflictdiving   :          0          -          -          -          -          -          -          -          -          -          -          -          -
  distributiondivin:          0          -          -          -          -          -          -          -          -          -          -          -          -
  farkasdiving     :          0          -          -          -          -          -          -          -          -          -          -          -          -
  fracdiving       :          0          -          -          -          -          -          -          -          -          -          -          -          -
  guideddiving     :          0          -          -          -          -          -          -          -          -          -          -          -          -
  linesearchdiving :          0          -          -          -          -          -          -          -          -          -          -          -          -
  pscostdiving     :          0          -          -          -          -          -          -          -          -          -          -          -          -
  veclendiving     :          0          -          -          -          -          -          -          -          -          -          -          -          -
Diving (adaptive)  :      Calls      Nodes   LP Iters Backtracks  Conflicts   MinDepth   MaxDepth   AvgDepth  RoundSols  NLeafSols  MinSolDpt  MaxSolDpt  AvgSolDpt
  actconsdiving    :          0          -          -          -          -          -          -          -          -          -          -          -          -
  coefdiving       :          0          -          -          -          -          -          -          -          -          -          -          -          -
  conflictdiving   :          0          -          -          -          -          -          -          -          -          -          -          -          -
  distributiondivin:          0          -          -          -          -          -          -          -          -          -          -          -          -
  farkasdiving     :          0          -          -          -          -          -          -          -          -          -          -          -          -
  fracdiving       :          0          -          -          -          -          -          -          -          -          -          -          -          -
  guideddiving     :          0          -          -          -          -          -          -          -          -          -          -          -          -
  linesearchdiving :          0          -          -          -          -          -          -          -          -          -          -          -          -
  pscostdiving     :          0          -          -          -          -          -          -          -          -          -          -          -          -
  veclendiving     :          0          -          -          -          -          -          -          -          -          -          -          -          -
Neighborhoods      :      Calls  SetupTime  SolveTime SolveNodes       Sols       Best       Exp3  EpsGreedy        UCB TgtFixRate  Opt  Inf Node Stal  Sol  Usr Othr Actv
  rens             :          0       0.00       0.00          0          0          0    0.00000   -1.00000    1.00000      0.900    0    0    0    0    0    0    0    1
  rins             :          0       0.00       0.00          0          0          0    0.00000   -1.00000    1.00000      0.900    0    0    0    0    0    0    0    1
  mutation         :          0       0.00       0.00          0          0          0    0.00000   -1.00000    1.00000      0.900    0    0    0    0    0    0    0    1
  localbranching   :          0       0.00       0.00          0          0          0    0.00000   -1.00000    1.00000      0.900    0    0    0    0    0    0    0    1
  crossover        :          0       0.00       0.00          0          0          0    0.00000   -1.00000    1.00000      0.900    0    0    0    0    0    0    0    1
  proximity        :          0       0.00       0.00          0          0          0    0.00000   -1.00000    1.00000      0.900    0    0    0    0    0    0    0    1
  zeroobjective    :          0       0.00       0.00          0          0          0    0.00000   -1.00000    1.00000      0.900    0    0    0    0    0    0    0    1
  dins             :          0       0.00       0.00          0          0          0    0.00000   -1.00000    1.00000      0.900    0    0    0    0    0    0    0    1
  trustregion      :          0       0.00       0.00          0          0          0    0.00000   -1.00000    1.00000      0.900    0    0    0    0    0    0    0    0
LP                 :       Time      Calls Iterations  Iter/call   Iter/sec  Time-0-It Calls-0-It    ItLimit
  primal LP        :       0.00          0          0       0.00          -       0.00          0
  dual LP          :       0.01          1        527     527.00   37423.66       0.00          0
  lex dual LP      :       0.00          0          0       0.00          -
  barrier LP       :       0.00          0          0       0.00          -       0.00          0
  resolve instable :       0.00          0          0       0.00          -
  diving/probing LP:       0.00          3        112      37.33          -
  strong branching :       0.00          0          0       0.00          -          -          -          0
    (at root node) :          -          0          0       0.00          -
  conflict analysis:       0.00          0          0       0.00          -
B&B Tree           :
  number of runs   :          1
  nodes            :          1 (0 internal, 1 leaves)
  feasible leaves  :          0
  infeas. leaves   :          0
  objective leaves :          1
  nodes (total)    :          1 (0 internal, 1 leaves)
  nodes left       :          0
  max depth        :          0
  max depth (total):          0
  backtracks       :          0 (0.0%)
  early backtracks :          0 (0.0%)
  nodes exc. ref.  :          0 (0.0%)
  delayed cutoffs  :          0
  repropagations   :          0 (0 domain reductions, 0 cutoffs)
  avg switch length:       2.00
  switching time   :       0.00
Estim. Tree Size   :          1
Estimation Tree    : 1 nodes (1 visited, 0 internal, 1 leaves, 0 open), weight: 1.0000 completed 1.0000
Estimations        :      estim      value      trend resolution     smooth
  wbe              :          1          -          -          -          -
  tree-profile     :         -1          -          -          -          -
  gap              :          1    1.00000    1.00000          1          1
  tree-weight      :          1    1.00000    1.00000          1          1
  leaf-frequency   :          1    0.50000    1.00000          1          1
  ssg              :          1    0.00000   -1.00000          1          1
  open-nodes       :          1    0.00000    0.00000          1          1
Root Node          :
  First LP value   : -1.73202012488208e+00
  First LP Iters   :        527 (37172.89 Iter/sec)
  First LP Time    :       0.01
  Final Dual Bound : -1.73202012488208e+00
  Final Root Iters :        547
  Root LP Estimate :                     -
Solution           :
  Solutions found  :          1 (1 improvements)
  First Solution   : -1.73202012488208e+00   (in run 1, after 1 nodes, 1.42 seconds, depth 0, found by <feaspump>)
  Gap First Sol.   :       0.00 %
  Gap Last Sol.    :       0.00 %
  Primal Bound     : -1.73202012488208e+00   (in run 1, after 1 nodes, 1.42 seconds, depth 0, found by <feaspump>)
  Dual Bound       : -1.73202012488208e+00
  Gap              :       0.00 %
Integrals          :      Total       Avg%
  primal-dual      :     141.54      99.98
  primal-ref       :          -          - (not evaluated)
  dual-ref         :          -          - (not evaluated)
