SCIP version 8.0.0 [precision: 8 byte] [memory: block] [mode: optimized] [LP solver: SoPlex 6.0.0] [GitHash: a740f0891e]
Copyright (C) 2002-2021 Konrad-Zuse-Zentrum fuer Informationstechnik Berlin (ZIB)

External libraries: 
  SoPlex 6.0.0         Linear Programming Solver developed at Zuse Institute Berlin (soplex.zib.de) [GitHash: 71a5873d]
  CppAD 20180000.0     Algorithmic Differentiation of C++ algorithms developed by B. Bell (github.com/coin-or/CppAD)
  ZLIB 1.2.11          General purpose compression library by J. Gailly and M. Adler (zlib.net)
  GMP 6.2.1            GNU Multiple Precision Arithmetic Library developed by T. Granlund (gmplib.org)
  ZIMPL 3.5.1          Zuse Institute Mathematical Programming Language developed by T. Koch (zimpl.zib.de)
  AMPL/MP 4e2d45c4     AMPL .nl file reader library (github.com/ampl/mp)
  PaPILO 2.0.0         parallel presolve for integer and linear optimization (github.com/scipopt/papilo) [GitHash: 76cafc1]
  bliss 0.73p          Computing Graph Automorphism Groups by T. Junttila and P. Kaski (www.tcs.hut.fi/Software/bliss/)
  Ipopt 3.13.2         Interior Point Optimizer developed by A. Waechter et.al. (github.com/coin-or/Ipopt)

user parameter file <scip.set> not found - using default parameters

read problem <../modeles/4_159.lp>
============

original problem has 1280 variables (636 bin, 0 int, 0 impl, 644 cont) and 653 constraints

solve problem
=============

presolving:
(round 1, fast)       4 del vars, 0 del conss, 0 add conss, 1360 chg bounds, 0 chg sides, 0 chg coeffs, 0 upgd conss, 0 impls, 4 clqs
(round 2, fast)       4 del vars, 0 del conss, 0 add conss, 1360 chg bounds, 0 chg sides, 632 chg coeffs, 0 upgd conss, 0 impls, 4 clqs
   (0.0s) running MILP presolver
   (0.0s) MILP presolver (2 rounds): 0 aggregations, 0 fixings, 8 bound changes
(round 3, exhaustive) 4 del vars, 0 del conss, 0 add conss, 1368 chg bounds, 0 chg sides, 632 chg coeffs, 12 upgd conss, 0 impls, 4 clqs
   (0.0s) sparsify finished: 2/4468 (0.0%) nonzeros canceled - in total 2 canceled nonzeros, 160 changed coefficients, 0 added nonzeros
(round 4, exhaustive) 4 del vars, 0 del conss, 0 add conss, 1368 chg bounds, 0 chg sides, 792 chg coeffs, 12 upgd conss, 8 impls, 4 clqs
(round 5, exhaustive) 29 del vars, 0 del conss, 0 add conss, 1368 chg bounds, 0 chg sides, 792 chg coeffs, 12 upgd conss, 7908 impls, 15 clqs
(round 6, exhaustive) 29 del vars, 0 del conss, 0 add conss, 1368 chg bounds, 0 chg sides, 792 chg coeffs, 58 upgd conss, 7908 impls, 15 clqs
(round 7, exhaustive) 54 del vars, 0 del conss, 0 add conss, 1368 chg bounds, 0 chg sides, 792 chg coeffs, 58 upgd conss, 12514 impls, 38 clqs
(round 8, fast)       55 del vars, 4 del conss, 0 add conss, 1369 chg bounds, 0 chg sides, 792 chg coeffs, 58 upgd conss, 12514 impls, 38 clqs
(round 9, exhaustive) 55 del vars, 4 del conss, 0 add conss, 1369 chg bounds, 0 chg sides, 792 chg coeffs, 93 upgd conss, 12514 impls, 38 clqs
(round 10, exhaustive) 81 del vars, 4 del conss, 0 add conss, 1369 chg bounds, 0 chg sides, 792 chg coeffs, 93 upgd conss, 16128 impls, 79 clqs
(round 11, fast)       81 del vars, 14 del conss, 0 add conss, 1369 chg bounds, 0 chg sides, 792 chg coeffs, 93 upgd conss, 16128 impls, 79 clqs
(round 12, exhaustive) 81 del vars, 14 del conss, 0 add conss, 1369 chg bounds, 0 chg sides, 792 chg coeffs, 114 upgd conss, 16128 impls, 79 clqs
(round 13, exhaustive) 106 del vars, 14 del conss, 0 add conss, 1369 chg bounds, 0 chg sides, 792 chg coeffs, 114 upgd conss, 20746 impls, 140 clqs
(round 14, fast)       108 del vars, 23 del conss, 0 add conss, 1371 chg bounds, 0 chg sides, 792 chg coeffs, 114 upgd conss, 20746 impls, 140 clqs
(round 15, exhaustive) 108 del vars, 23 del conss, 0 add conss, 1371 chg bounds, 0 chg sides, 792 chg coeffs, 141 upgd conss, 20746 impls, 140 clqs
(round 16, exhaustive) 133 del vars, 23 del conss, 0 add conss, 1371 chg bounds, 0 chg sides, 792 chg coeffs, 141 upgd conss, 26515 impls, 187 clqs
(round 17, fast)       133 del vars, 34 del conss, 0 add conss, 1371 chg bounds, 0 chg sides, 792 chg coeffs, 141 upgd conss, 26515 impls, 187 clqs
(round 18, exhaustive) 133 del vars, 34 del conss, 0 add conss, 1371 chg bounds, 0 chg sides, 792 chg coeffs, 154 upgd conss, 26515 impls, 187 clqs
(round 19, exhaustive) 158 del vars, 34 del conss, 0 add conss, 1371 chg bounds, 0 chg sides, 792 chg coeffs, 154 upgd conss, 29481 impls, 257 clqs
(round 20, fast)       158 del vars, 46 del conss, 0 add conss, 1371 chg bounds, 0 chg sides, 792 chg coeffs, 154 upgd conss, 29481 impls, 257 clqs
(round 21, exhaustive) 158 del vars, 46 del conss, 0 add conss, 1371 chg bounds, 0 chg sides, 792 chg coeffs, 168 upgd conss, 29481 impls, 257 clqs
(round 22, exhaustive) 183 del vars, 46 del conss, 0 add conss, 1371 chg bounds, 0 chg sides, 792 chg coeffs, 168 upgd conss, 33659 impls, 344 clqs
(round 23, fast)       184 del vars, 59 del conss, 0 add conss, 1372 chg bounds, 0 chg sides, 792 chg coeffs, 168 upgd conss, 33659 impls, 344 clqs
(round 24, exhaustive) 184 del vars, 59 del conss, 0 add conss, 1372 chg bounds, 0 chg sides, 792 chg coeffs, 177 upgd conss, 33659 impls, 344 clqs
(round 25, exhaustive) 209 del vars, 59 del conss, 0 add conss, 1372 chg bounds, 0 chg sides, 792 chg coeffs, 177 upgd conss, 39624 impls, 412 clqs
(round 26, fast)       209 del vars, 74 del conss, 0 add conss, 1372 chg bounds, 0 chg sides, 792 chg coeffs, 177 upgd conss, 39624 impls, 412 clqs
   (0.2s) running MILP presolver
   (0.2s) MILP presolver (25 rounds): 0 aggregations, 194 fixings, 0 bound changes
(round 27, medium)     403 del vars, 158 del conss, 0 add conss, 1372 chg bounds, 0 chg sides, 792 chg coeffs, 177 upgd conss, 39624 impls, 412 clqs
(round 28, fast)       403 del vars, 192 del conss, 0 add conss, 1372 chg bounds, 0 chg sides, 792 chg coeffs, 177 upgd conss, 39624 impls, 412 clqs
(round 29, exhaustive) 403 del vars, 192 del conss, 0 add conss, 1372 chg bounds, 0 chg sides, 792 chg coeffs, 182 upgd conss, 39624 impls, 412 clqs
   (0.2s) sparsify finished: 4/3075 (0.1%) nonzeros canceled - in total 6 canceled nonzeros, 390 changed coefficients, 0 added nonzeros
(round 30, exhaustive) 403 del vars, 192 del conss, 0 add conss, 1372 chg bounds, 0 chg sides, 1022 chg coeffs, 182 upgd conss, 39629 impls, 412 clqs
   (0.3s) probing cycle finished: starting next cycle
   (0.3s) probing: 51/428 (11.9%) - 216 fixings, 0 aggregations, 57453 implications, 0 bound changes
   (0.3s) probing aborted: 50/50 successive totally useless probings
(round 31, exhaustive) 418 del vars, 192 del conss, 0 add conss, 1372 chg bounds, 0 chg sides, 1022 chg coeffs, 182 upgd conss, 57631 impls, 667 clqs
(round 32, fast)       418 del vars, 202 del conss, 0 add conss, 1372 chg bounds, 0 chg sides, 1022 chg coeffs, 182 upgd conss, 57631 impls, 667 clqs
   (0.3s) probing: 56/428 (13.1%) - 216 fixings, 0 aggregations, 57453 implications, 0 bound changes
   (0.3s) probing aborted: 50/50 successive totally useless probings
   (0.3s) symmetry computation started: requiring (bin +, int -, cont +), (fixed: bin -, int +, cont -)
   (0.3s) no symmetry present
presolving (33 rounds: 33 fast, 22 medium, 21 exhaustive):
 418 deleted vars, 202 deleted constraints, 0 added constraints, 1372 tightened bounds, 0 added holes, 0 changed sides, 1022 changed coefficients
 57631 implications, 667 cliques
presolved problem has 862 variables (428 bin, 0 int, 0 impl, 434 cont) and 447 constraints
     12 constraints of type <varbound>
      4 constraints of type <setppc>
    431 constraints of type <linear>
Presolving Time: 0.30

 time | node  | left  |LP iter|LP it/n|mem/heur|mdpt |vars |cons |rows |cuts |sepa|confs|strbr|  dualbound   | primalbound  |  gap   | compl. 
  0.3s|     1 |     0 |   280 |     - |    21M |   0 | 862 | 448 | 447 |   0 |  0 |   0 |   0 |-1.999410e+00 |      --      |    Inf | unknown
o 0.3s|     1 |     0 |   536 |     - |feaspump|   0 | 862 | 448 | 447 |   0 |  0 |   0 |   0 |-1.999410e+00 |-1.999410e+00 |   0.00%| unknown
  0.3s|     1 |     0 |   536 |     - |    21M |   0 | 862 | 448 | 447 |   0 |  0 |   0 |   0 |-1.999410e+00 |-1.999410e+00 |   0.00%| unknown

SCIP Status        : problem is solved [optimal solution found]
Solving Time (sec) : 0.33
Solving Nodes      : 1
Primal Bound       : -1.99941037735849e+00 (1 solutions)
Dual Bound         : -1.99941037735849e+00
Gap                : 0.00 %

primal solution (original space):
=================================

objective value:                    -1.99941037735849
y_2,59_                                             1 	(obj:0)
y_1,60_                                             1 	(obj:0)
y_3,60_                                             1 	(obj:0)
y_4,60_                                             1 	(obj:0)
x_2_                               -0.515723270440252 	(obj:1)
x_4_                               -0.490566037735849 	(obj:1)
t_3,60_                             0.476562499999973 	(obj:0)
t_3,61_                             0.523437500000027 	(obj:0)
t_2,60_                                             1 	(obj:0)
x_3_                                -0.50255503144654 	(obj:1)
t_4,61_                                             1 	(obj:0)
t_1,61_                                             1 	(obj:0)
x_1_                               -0.490566037735849 	(obj:1)

Statistics
==========

SCIP Status        : problem is solved [optimal solution found]
Total Time         :       0.33
  solving          :       0.33
  presolving       :       0.30 (included in solving)
  reading          :       0.00
  copying          :       0.00 (0 times copied the problem)
Original Problem   :
  Problem name     : ../modeles/4_159.lp
  Variables        : 1280 (636 binary, 0 integer, 0 implicit integer, 644 continuous)
  Constraints      : 653 initial, 653 maximal
  Objective        : minimize, 4 non-zeros (abs.min = 1, abs.max = 1)
Presolved Problem  :
  Problem name     : t_../modeles/4_159.lp
  Variables        : 862 (428 binary, 0 integer, 0 implicit integer, 434 continuous)
  Constraints      : 447 initial, 448 maximal
  Objective        : minimize, 434 non-zeros (abs.min = 0.0125786, abs.max = 1.42138)
  Nonzeros         : 3016 constraint, 1754 clique table
Presolvers         :   ExecTime  SetupTime  Calls  FixedVars   AggrVars   ChgTypes  ChgBounds   AddHoles    DelCons    AddCons   ChgSides   ChgCoefs
  boundshift       :       0.00       0.00      0          0          0          0          0          0          0          0          0          0
  convertinttobin  :       0.00       0.00      0          0          0          0          0          0          0          0          0          0
  domcol           :       0.02       0.00     12          0          0          0          0          0          0          0          0          0
  dualagg          :       0.00       0.00      0          0          0          0          0          0          0          0          0          0
  dualcomp         :       0.01       0.00     12          0          0          0          0          0          0          0          0          0
  dualinfer        :       0.00       0.00      0          0          0          0          0          0          0          0          0          0
  dualsparsify     :       0.00       0.00      1          0          0          0          0          0          0          0          0          0
  gateextraction   :       0.00       0.00      0          0          0          0          0          0          0          0          0          0
  implics          :       0.00       0.00     22          0          0          0          0          0          0          0          0          0
  inttobinary      :       0.00       0.00      0          0          0          0          0          0          0          0          0          0
  milp             :       0.05       0.00      2        194          0          0          8          0          0          0          0          0
  qpkktref         :       0.00       0.00      0          0          0          0          0          0          0          0          0          0
  redvub           :       0.00       0.00      0          0          0          0          0          0          0          0          0          0
  sparsify         :       0.02       0.00      5          0          0          0          0          0          0          0          0        390
  stuffing         :       0.00       0.00      0          0          0          0          0          0          0          0          0          0
  trivial          :       0.00       0.00     33          0          0          0          0          0          0          0          0          0
  tworowbnd        :       0.00       0.00      0          0          0          0          0          0          0          0          0          0
  dualfix          :       0.00       0.00     33          0          0          0          0          0          0          0          0          0
  genvbounds       :       0.00       0.00      0          0          0          0          0          0          0          0          0          0
  probing          :       0.17       0.00     10        216          0          0          0          0          0          0          0          0
  pseudoobj        :       0.00       0.00      0          0          0          0          0          0          0          0          0          0
  symmetry         :       0.00       0.00      1          0          0          0          0          0          0          0          0          0
  vbounds          :       0.00       0.00     10          0          0          0          0          0          0          0          0          0
  varbound         :       0.00       0.00     51          0          0          0          3          0        166          0          0          0
  setppc           :       0.00       0.00     71          0          0          0          0          0          0          0          0          0
  linear           :       0.02       0.00     54          4          4          0       1361          0         36          0          0        632
  logicor          :       0.00       0.00      0          0          0          0          0          0          0          0          0          0
  benders          :       0.00       0.00      0          0          0          0          0          0          0          0          0          0
  components       :       0.00       0.00      1          0          0          0          0          0          0          0          0          0
  root node        :          -          -      -          0          -          -          0          -          -          -          -          -
Constraints        :     Number  MaxNumber  #Separate #Propagate    #EnfoLP    #EnfoRelax  #EnfoPS    #Check   #ResProp    Cutoffs    DomReds       Cuts    Applied      Conss   Children
  benderslp        :          0          0          0          0          0          0          0         12          0          0          0          0          0          0          0
  integral         :          0          0          0          0          0          0          0         12          0          0          0          0          0          0          0
  varbound         :         12         12          0       2156          0          0          0          6          0          0          0          0          0          0          0
  setppc           :          4          4          0       2055          0          0          0          6          0          0          0          0          0          0          0
  linear           :        431        431          0       2156          0          0          0          2          0        235          0          0          0          0          0
  logicor          :          0+         1          0          5          0          0          0          0          0          0          0          0          0          0          0
  benders          :          0          0          0          0          0          0          0          2          0          0          0          0          0          0          0
  countsols        :          0          0          0          0          0          0          0          2          0          0          0          0          0          0          0
  components       :          0          0          0          0          0          0          0          0          0          0          0          0          0          0          0
Constraint Timings :  TotalTime  SetupTime   Separate  Propagate     EnfoLP     EnfoPS     EnfoRelax   Check    ResProp    SB-Prop
  benderslp        :       0.00       0.00       0.00       0.00       0.00       0.00       0.00       0.00       0.00       0.00
  integral         :       0.00       0.00       0.00       0.00       0.00       0.00       0.00       0.00       0.00       0.00
  varbound         :       0.01       0.00       0.00       0.01       0.00       0.00       0.00       0.00       0.00       0.00
  setppc           :       0.00       0.00       0.00       0.00       0.00       0.00       0.00       0.00       0.00       0.00
  linear           :       0.05       0.00       0.00       0.05       0.00       0.00       0.00       0.00       0.00       0.00
  logicor          :       0.00       0.00       0.00       0.00       0.00       0.00       0.00       0.00       0.00       0.00
  benders          :       0.00       0.00       0.00       0.00       0.00       0.00       0.00       0.00       0.00       0.00
  countsols        :       0.00       0.00       0.00       0.00       0.00       0.00       0.00       0.00       0.00       0.00
  components       :       0.00       0.00       0.00       0.00       0.00       0.00       0.00       0.00       0.00       0.00
Propagators        : #Propagate   #ResProp    Cutoffs    DomReds
  dualfix          :          1          0          0          0
  genvbounds       :          0          0          0          0
  nlobbt           :          0          0          0          0
  obbt             :          0          0          0          0
  probing          :          0          0          0          0
  pseudoobj        :          2          0          0          0
  redcost          :          1          0          0          0
  rootredcost      :          0          0          0          0
  symmetry         :          0          0          0          0
  vbounds          :        227          0          0          0
Propagator Timings :  TotalTime  SetupTime   Presolve  Propagate    ResProp    SB-Prop
  dualfix          :       0.00       0.00       0.00       0.00       0.00       0.00
  genvbounds       :       0.00       0.00       0.00       0.00       0.00       0.00
  nlobbt           :       0.00       0.00       0.00       0.00       0.00       0.00
  obbt             :       0.00       0.00       0.00       0.00       0.00       0.00
  probing          :       0.17       0.00       0.17       0.00       0.00       0.00
  pseudoobj        :       0.00       0.00       0.00       0.00       0.00       0.00
  redcost          :       0.00       0.00       0.00       0.00       0.00       0.00
  rootredcost      :       0.00       0.00       0.00       0.00       0.00       0.00
  symmetry         :       0.00       0.00       0.00       0.00       0.00       0.00
  vbounds          :       0.01       0.00       0.00       0.00       0.00       0.00
Conflict Analysis  :       Time      Calls    Success    DomReds  Conflicts   Literals    Reconvs ReconvLits   Dualrays   Nonzeros   LP Iters   (pool size: [10000,10000])
  propagation      :       0.00          0          0          -          0        0.0          0        0.0          -          -          -
  infeasible LP    :       0.00          0          0          -          0        0.0          0        0.0          0        0.0          0
  bound exceed. LP :       0.00          0          0          -          0        0.0          0        0.0          0        0.0          0
  strong branching :       0.00          0          0          -          0        0.0          0        0.0          -          -          0
  pseudo solution  :       0.00          0          0          -          0        0.0          0        0.0          -          -          -
  applied globally :       0.00          -          -          0          0        0.0          -          -          0          -          -
  applied locally  :          -          -          -          0          0        0.0          -          -          0          -          -
Separators         :   ExecTime  SetupTime      Calls    Cutoffs    DomReds       Cuts    Applied      Conss
  cut pool         :       0.00                     0          -          -          0          -          -    (maximal pool size: 0)
  aggregation      :       0.00       0.00          0          0          0          0          0          0
  > cmir           :          -          -          -          -          -          -          0          -
  > flowcover      :          -          -          -          -          -          -          0          -
  > knapsackcover  :          -          -          -          -          -          -          0          -
  cgmip            :       0.00       0.00          0          0          0          0          0          0
  clique           :       0.00       0.00          0          0          0          0          0          0
  closecuts        :       0.00       0.00          0          0          0          0          0          0
  convexproj       :       0.00       0.00          0          0          0          0          0          0
  disjunctive      :       0.00       0.00          0          0          0          0          0          0
  eccuts           :       0.00       0.00          0          0          0          0          0          0
  gauge            :       0.00       0.00          0          0          0          0          0          0
  gomory           :       0.00       0.00          0          0          0          0          0          0
  > gomorymi       :          -          -          -          -          -          -          0          -
  > strongcg       :          -          -          -          -          -          -          0          -
  impliedbounds    :       0.00       0.00          0          0          0          0          0          0
  interminor       :       0.00       0.00          0          0          0          0          0          0
  intobj           :       0.00       0.00          0          0          0          0          0          0
  mcf              :       0.00       0.00          0          0          0          0          0          0
  minor            :       0.00       0.00          0          0          0          0          0          0
  mixing           :       0.00       0.00          0          0          0          0          0          0
  oddcycle         :       0.00       0.00          0          0          0          0          0          0
  rapidlearning    :       0.00       0.00          0          0          0          0          0          0
  rlt              :       0.00       0.00          0          0          0          0          0          0
  zerohalf         :       0.00       0.00          0          0          0          0          0          0
Cutselectors       :   ExecTime  SetupTime
  hybrid           :       0.00       0.00
Pricers            :   ExecTime  SetupTime      Calls       Vars
  problem variables:       0.00          -          0          0
Branching Rules    :   ExecTime  SetupTime   BranchLP  BranchExt   BranchPS    Cutoffs    DomReds       Cuts      Conss   Children
  allfullstrong    :       0.00       0.00          0          0          0          0          0          0          0          0
  cloud            :       0.00       0.00          0          0          0          0          0          0          0          0
  distribution     :       0.00       0.00          0          0          0          0          0          0          0          0
  fullstrong       :       0.00       0.00          0          0          0          0          0          0          0          0
  inference        :       0.00       0.00          0          0          0          0          0          0          0          0
  leastinf         :       0.00       0.00          0          0          0          0          0          0          0          0
  lookahead        :       0.00       0.00          0          0          0          0          0          0          0          0
  mostinf          :       0.00       0.00          0          0          0          0          0          0          0          0
  multaggr         :       0.00       0.00          0          0          0          0          0          0          0          0
  nodereopt        :       0.00       0.00          0          0          0          0          0          0          0          0
  pscost           :       0.00       0.00          0          0          0          0          0          0          0          0
  random           :       0.00       0.00          0          0          0          0          0          0          0          0
  relpscost        :       0.00       0.00          0          0          0          0          0          0          0          0
  vanillafullstrong:       0.00       0.00          0          0          0          0          0          0          0          0
Primal Heuristics  :   ExecTime  SetupTime      Calls      Found       Best
  LP solutions     :       0.00          -          -          0          0
  relax solutions  :       0.00          -          -          0          0
  pseudo solutions :       0.00          -          -          0          0
  strong branching :       0.00          -          -          0          0
  actconsdiving    :       0.00       0.00          0          0          0
  adaptivediving   :       0.00       0.00          0          0          0
  alns             :       0.00       0.00          0          0          0
  bound            :       0.00       0.00          0          0          0
  clique           :       0.00       0.00          1          0          0
  coefdiving       :       0.00       0.00          0          0          0
  completesol      :       0.00       0.00          0          0          0
  conflictdiving   :       0.00       0.00          0          0          0
  crossover        :       0.00       0.00          0          0          0
  dins             :       0.00       0.00          0          0          0
  distributiondivin:       0.00       0.00          0          0          0
  dps              :       0.00       0.00          0          0          0
  dualval          :       0.00       0.00          0          0          0
  farkasdiving     :       0.00       0.00          0          0          0
  feaspump         :       0.00       0.00          1          1          1
  fixandinfer      :       0.00       0.00          0          0          0
  fracdiving       :       0.00       0.00          0          0          0
  gins             :       0.00       0.00          0          0          0
  guideddiving     :       0.00       0.00          0          0          0
  indicator        :       0.00       0.00          0          0          0
  intdiving        :       0.00       0.00          0          0          0
  intshifting      :       0.00       0.00          0          0          0
  linesearchdiving :       0.00       0.00          0          0          0
  localbranching   :       0.00       0.00          0          0          0
  locks            :       0.01       0.00          1          0          0
  lpface           :       0.00       0.00          0          0          0
  mpec             :       0.00       0.00          0          0          0
  multistart       :       0.00       0.00          0          0          0
  mutation         :       0.00       0.00          0          0          0
  nlpdiving        :       0.00       0.00          0          0          0
  objpscostdiving  :       0.00       0.00          0          0          0
  octane           :       0.00       0.00          0          0          0
  ofins            :       0.00       0.00          0          0          0
  oneopt           :       0.00       0.00          0          0          0
  padm             :       0.00       0.00          0          0          0
  proximity        :       0.00       0.00          0          0          0
  pscostdiving     :       0.00       0.00          0          0          0
  randrounding     :       0.00       0.00          1          0          0
  rens             :       0.00       0.00          0          0          0
  reoptsols        :       0.00       0.00          0          0          0
  repair           :       0.00       0.00          0          0          0
  rins             :       0.00       0.00          0          0          0
  rootsoldiving    :       0.00       0.00          0          0          0
  rounding         :       0.00       0.00          1          0          0
  shiftandpropagate:       0.00       0.00          1          0          0
  shifting         :       0.00       0.00          1          0          0
  simplerounding   :       0.00       0.00          0          0          0
  subnlp           :       0.00       0.00          0          0          0
  trivial          :       0.00       0.00          2          0          0
  trivialnegation  :       0.00       0.00          0          0          0
  trustregion      :       0.00       0.00          0          0          0
  trysol           :       0.00       0.00          0          0          0
  twoopt           :       0.00       0.00          0          0          0
  undercover       :       0.00       0.00          0          0          0
  vbounds          :       0.00       0.00          0          0          0
  veclendiving     :       0.00       0.00          0          0          0
  zeroobj          :       0.00       0.00          0          0          0
  zirounding       :       0.00       0.00          0          0          0
  other solutions  :          -          -          -          0          -
Diving (single)    :      Calls      Nodes   LP Iters Backtracks  Conflicts   MinDepth   MaxDepth   AvgDepth  RoundSols  NLeafSols  MinSolDpt  MaxSolDpt  AvgSolDpt
  actconsdiving    :          0          -          -          -          -          -          -          -          -          -          -          -          -
  coefdiving       :          0          -          -          -          -          -          -          -          -          -          -          -          -
  conflictdiving   :          0          -          -          -          -          -          -          -          -          -          -          -          -
  distributiondivin:          0          -          -          -          -          -          -          -          -          -          -          -          -
  farkasdiving     :          0          -          -          -          -          -          -          -          -          -          -          -          -
  fracdiving       :          0          -          -          -          -          -          -          -          -          -          -          -          -
  guideddiving     :          0          -          -          -          -          -          -          -          -          -          -          -          -
  linesearchdiving :          0          -          -          -          -          -          -          -          -          -          -          -          -
  pscostdiving     :          0          -          -          -          -          -          -          -          -          -          -          -          -
  veclendiving     :          0          -          -          -          -          -          -          -          -          -          -          -          -
Diving (adaptive)  :      Calls      Nodes   LP Iters Backtracks  Conflicts   MinDepth   MaxDepth   AvgDepth  RoundSols  NLeafSols  MinSolDpt  MaxSolDpt  AvgSolDpt
  actconsdiving    :          0          -          -          -          -          -          -          -          -          -          -          -          -
  coefdiving       :          0          -          -          -          -          -          -          -          -          -          -          -          -
  conflictdiving   :          0          -          -          -          -          -          -          -          -          -          -          -          -
  distributiondivin:          0          -          -          -          -          -          -          -          -          -          -          -          -
  farkasdiving     :          0          -          -          -          -          -          -          -          -          -          -          -          -
  fracdiving       :          0          -          -          -          -          -          -          -          -          -          -          -          -
  guideddiving     :          0          -          -          -          -          -          -          -          -          -          -          -          -
  linesearchdiving :          0          -          -          -          -          -          -          -          -          -          -          -          -
  pscostdiving     :          0          -          -          -          -          -          -          -          -          -          -          -          -
  veclendiving     :          0          -          -          -          -          -          -          -          -          -          -          -          -
Neighborhoods      :      Calls  SetupTime  SolveTime SolveNodes       Sols       Best       Exp3  EpsGreedy        UCB TgtFixRate  Opt  Inf Node Stal  Sol  Usr Othr Actv
  rens             :          0       0.00       0.00          0          0          0    0.00000   -1.00000    1.00000      0.900    0    0    0    0    0    0    0    1
  rins             :          0       0.00       0.00          0          0          0    0.00000   -1.00000    1.00000      0.900    0    0    0    0    0    0    0    1
  mutation         :          0       0.00       0.00          0          0          0    0.00000   -1.00000    1.00000      0.900    0    0    0    0    0    0    0    1
  localbranching   :          0       0.00       0.00          0          0          0    0.00000   -1.00000    1.00000      0.900    0    0    0    0    0    0    0    1
  crossover        :          0       0.00       0.00          0          0          0    0.00000   -1.00000    1.00000      0.900    0    0    0    0    0    0    0    1
  proximity        :          0       0.00       0.00          0          0          0    0.00000   -1.00000    1.00000      0.900    0    0    0    0    0    0    0    1
  zeroobjective    :          0       0.00       0.00          0          0          0    0.00000   -1.00000    1.00000      0.900    0    0    0    0    0    0    0    1
  dins             :          0       0.00       0.00          0          0          0    0.00000   -1.00000    1.00000      0.900    0    0    0    0    0    0    0    1
  trustregion      :          0       0.00       0.00          0          0          0    0.00000   -1.00000    1.00000      0.900    0    0    0    0    0    0    0    0
LP                 :       Time      Calls Iterations  Iter/call   Iter/sec  Time-0-It Calls-0-It    ItLimit
  primal LP        :       0.00          0          0       0.00          -       0.00          0
  dual LP          :       0.00          1        265     265.00          -       0.00          0
  lex dual LP      :       0.00          0          0       0.00          -
  barrier LP       :       0.00          0          0       0.00          -       0.00          0
  resolve instable :       0.00          0          0       0.00          -
  diving/probing LP:       0.00          2        271     135.50          -
  strong branching :       0.00          0          0       0.00          -          -          -          0
    (at root node) :          -          0          0       0.00          -
  conflict analysis:       0.00          0          0       0.00          -
B&B Tree           :
  number of runs   :          1
  nodes            :          1 (0 internal, 1 leaves)
  feasible leaves  :          0
  infeas. leaves   :          0
  objective leaves :          1
  nodes (total)    :          1 (0 internal, 1 leaves)
  nodes left       :          0
  max depth        :          0
  max depth (total):          0
  backtracks       :          0 (0.0%)
  early backtracks :          0 (0.0%)
  nodes exc. ref.  :          0 (0.0%)
  delayed cutoffs  :          0
  repropagations   :          0 (0 domain reductions, 0 cutoffs)
  avg switch length:       2.00
  switching time   :       0.00
Estim. Tree Size   :          1
Estimation Tree    : 1 nodes (1 visited, 0 internal, 1 leaves, 0 open), weight: 1.0000 completed 1.0000
Estimations        :      estim      value      trend resolution     smooth
  wbe              :          1          -          -          -          -
  tree-profile     :         -1          -          -          -          -
  gap              :          1    1.00000    1.00000          1          1
  tree-weight      :          1    1.00000    1.00000          1          1
  leaf-frequency   :          1    0.50000    1.00000          1          1
  ssg              :          1    0.00000   -1.00000          1          1
  open-nodes       :          1    0.00000    0.00000          1          1
Root Node          :
  First LP value   : -1.99941037735849e+00
  First LP Iters   :        265 (55150.88 Iter/sec)
  First LP Time    :       0.00
  Final Dual Bound : -1.99941037735849e+00
  Final Root Iters :        521
  Root LP Estimate :                     -
Solution           :
  Solutions found  :          1 (1 improvements)
  First Solution   : -1.99941037735849e+00   (in run 1, after 1 nodes, 0.33 seconds, depth 0, found by <feaspump>)
  Gap First Sol.   :       0.00 %
  Gap Last Sol.    :       0.00 %
  Primal Bound     : -1.99941037735849e+00   (in run 1, after 1 nodes, 0.33 seconds, depth 0, found by <feaspump>)
  Dual Bound       : -1.99941037735849e+00
  Gap              :       0.00 %
Integrals          :      Total       Avg%
  primal-dual      :      32.96      99.94
  primal-ref       :          -          - (not evaluated)
  dual-ref         :          -          - (not evaluated)
