SCIP version 8.0.0 [precision: 8 byte] [memory: block] [mode: optimized] [LP solver: SoPlex 6.0.0] [GitHash: a740f0891e]
Copyright (C) 2002-2021 Konrad-Zuse-Zentrum fuer Informationstechnik Berlin (ZIB)

External libraries: 
  SoPlex 6.0.0         Linear Programming Solver developed at Zuse Institute Berlin (soplex.zib.de) [GitHash: 71a5873d]
  CppAD 20180000.0     Algorithmic Differentiation of C++ algorithms developed by B. Bell (github.com/coin-or/CppAD)
  ZLIB 1.2.11          General purpose compression library by J. Gailly and M. Adler (zlib.net)
  GMP 6.2.1            GNU Multiple Precision Arithmetic Library developed by T. Granlund (gmplib.org)
  ZIMPL 3.5.1          Zuse Institute Mathematical Programming Language developed by T. Koch (zimpl.zib.de)
  AMPL/MP 4e2d45c4     AMPL .nl file reader library (github.com/ampl/mp)
  PaPILO 2.0.0         parallel presolve for integer and linear optimization (github.com/scipopt/papilo) [GitHash: 76cafc1]
  bliss 0.73p          Computing Graph Automorphism Groups by T. Junttila and P. Kaski (www.tcs.hut.fi/Software/bliss/)
  Ipopt 3.13.2         Interior Point Optimizer developed by A. Waechter et.al. (github.com/coin-or/Ipopt)

user parameter file <scip.set> not found - using default parameters

read problem <../modeles/4_339.lp>
============

original problem has 2720 variables (1356 bin, 0 int, 0 impl, 1364 cont) and 1373 constraints

solve problem
=============

presolving:
(round 1, fast)       4 del vars, 0 del conss, 0 add conss, 2896 chg bounds, 0 chg sides, 0 chg coeffs, 0 upgd conss, 0 impls, 4 clqs
(round 2, fast)       4 del vars, 0 del conss, 0 add conss, 2896 chg bounds, 0 chg sides, 1352 chg coeffs, 0 upgd conss, 0 impls, 4 clqs
   (0.0s) running MILP presolver
   (0.0s) MILP presolver (2 rounds): 0 aggregations, 0 fixings, 16 bound changes
(round 3, exhaustive) 4 del vars, 0 del conss, 0 add conss, 2912 chg bounds, 0 chg sides, 1352 chg coeffs, 12 upgd conss, 0 impls, 4 clqs
   (0.1s) sparsify finished: 2/9508 (0.0%) nonzeros canceled - in total 2 canceled nonzeros, 340 changed coefficients, 0 added nonzeros
(round 4, exhaustive) 4 del vars, 0 del conss, 0 add conss, 2912 chg bounds, 0 chg sides, 1692 chg coeffs, 12 upgd conss, 8 impls, 4 clqs
(round 5, exhaustive) 29 del vars, 0 del conss, 0 add conss, 2912 chg bounds, 0 chg sides, 1692 chg coeffs, 12 upgd conss, 11500 impls, 4 clqs
(round 6, exhaustive) 29 del vars, 1 del conss, 0 add conss, 2912 chg bounds, 0 chg sides, 1692 chg coeffs, 59 upgd conss, 11500 impls, 4 clqs
(round 7, exhaustive) 54 del vars, 1 del conss, 0 add conss, 2912 chg bounds, 0 chg sides, 1692 chg coeffs, 59 upgd conss, 30798 impls, 4 clqs
(round 8, exhaustive) 54 del vars, 1 del conss, 0 add conss, 2912 chg bounds, 0 chg sides, 1692 chg coeffs, 109 upgd conss, 30798 impls, 4 clqs
(round 9, exhaustive) 79 del vars, 1 del conss, 0 add conss, 2912 chg bounds, 0 chg sides, 1692 chg coeffs, 109 upgd conss, 40288 impls, 4 clqs
(round 10, fast)       79 del vars, 6 del conss, 0 add conss, 2912 chg bounds, 0 chg sides, 1692 chg coeffs, 109 upgd conss, 40288 impls, 4 clqs
(round 11, exhaustive) 79 del vars, 6 del conss, 0 add conss, 2912 chg bounds, 0 chg sides, 1692 chg coeffs, 143 upgd conss, 40288 impls, 4 clqs
(round 12, exhaustive) 104 del vars, 6 del conss, 0 add conss, 2912 chg bounds, 0 chg sides, 1692 chg coeffs, 143 upgd conss, 53094 impls, 4 clqs
(round 13, fast)       104 del vars, 14 del conss, 0 add conss, 2912 chg bounds, 0 chg sides, 1692 chg coeffs, 143 upgd conss, 53094 impls, 4 clqs
(round 14, exhaustive) 104 del vars, 14 del conss, 0 add conss, 2912 chg bounds, 0 chg sides, 1692 chg coeffs, 168 upgd conss, 53094 impls, 4 clqs
(round 15, exhaustive) 129 del vars, 14 del conss, 0 add conss, 2912 chg bounds, 0 chg sides, 1692 chg coeffs, 168 upgd conss, 67475 impls, 4 clqs
(round 16, fast)       129 del vars, 22 del conss, 0 add conss, 2912 chg bounds, 0 chg sides, 1692 chg coeffs, 168 upgd conss, 67475 impls, 4 clqs
(round 17, exhaustive) 129 del vars, 22 del conss, 0 add conss, 2912 chg bounds, 0 chg sides, 1692 chg coeffs, 194 upgd conss, 67475 impls, 4 clqs
(round 18, exhaustive) 154 del vars, 22 del conss, 0 add conss, 2912 chg bounds, 0 chg sides, 1692 chg coeffs, 194 upgd conss, 80445 impls, 4 clqs
(round 19, fast)       154 del vars, 30 del conss, 0 add conss, 2912 chg bounds, 0 chg sides, 1692 chg coeffs, 194 upgd conss, 80445 impls, 4 clqs
(round 20, exhaustive) 154 del vars, 30 del conss, 0 add conss, 2912 chg bounds, 0 chg sides, 1692 chg coeffs, 220 upgd conss, 80445 impls, 4 clqs
(round 21, exhaustive) 179 del vars, 30 del conss, 0 add conss, 2912 chg bounds, 0 chg sides, 1692 chg coeffs, 220 upgd conss, 89693 impls, 4 clqs
(round 22, fast)       179 del vars, 40 del conss, 0 add conss, 2912 chg bounds, 0 chg sides, 1692 chg coeffs, 220 upgd conss, 89693 impls, 4 clqs
(round 23, exhaustive) 179 del vars, 40 del conss, 0 add conss, 2912 chg bounds, 0 chg sides, 1692 chg coeffs, 236 upgd conss, 89693 impls, 4 clqs
(round 24, exhaustive) 204 del vars, 40 del conss, 0 add conss, 2912 chg bounds, 0 chg sides, 1692 chg coeffs, 236 upgd conss, 101801 impls, 4 clqs
(round 25, fast)       204 del vars, 48 del conss, 0 add conss, 2912 chg bounds, 0 chg sides, 1692 chg coeffs, 236 upgd conss, 101801 impls, 4 clqs
(round 26, exhaustive) 204 del vars, 48 del conss, 0 add conss, 2912 chg bounds, 0 chg sides, 1692 chg coeffs, 262 upgd conss, 101801 impls, 4 clqs
(round 27, exhaustive) 229 del vars, 48 del conss, 0 add conss, 2912 chg bounds, 0 chg sides, 1692 chg coeffs, 262 upgd conss, 112220 impls, 4 clqs
(round 28, fast)       230 del vars, 58 del conss, 0 add conss, 2913 chg bounds, 0 chg sides, 1692 chg coeffs, 262 upgd conss, 112220 impls, 4 clqs
(round 29, exhaustive) 230 del vars, 58 del conss, 0 add conss, 2913 chg bounds, 0 chg sides, 1692 chg coeffs, 283 upgd conss, 112220 impls, 4 clqs
(round 30, exhaustive) 255 del vars, 58 del conss, 0 add conss, 2913 chg bounds, 0 chg sides, 1692 chg coeffs, 283 upgd conss, 118686 impls, 4 clqs
(round 31, fast)       255 del vars, 70 del conss, 0 add conss, 2913 chg bounds, 0 chg sides, 1692 chg coeffs, 283 upgd conss, 118686 impls, 4 clqs
(round 32, exhaustive) 255 del vars, 70 del conss, 0 add conss, 2913 chg bounds, 0 chg sides, 1692 chg coeffs, 297 upgd conss, 118686 impls, 4 clqs
(round 33, exhaustive) 280 del vars, 70 del conss, 0 add conss, 2913 chg bounds, 0 chg sides, 1692 chg coeffs, 297 upgd conss, 125417 impls, 4 clqs
(round 34, fast)       280 del vars, 82 del conss, 0 add conss, 2913 chg bounds, 0 chg sides, 1692 chg coeffs, 297 upgd conss, 125417 impls, 4 clqs
(round 35, exhaustive) 280 del vars, 82 del conss, 0 add conss, 2913 chg bounds, 0 chg sides, 1692 chg coeffs, 307 upgd conss, 125417 impls, 4 clqs
(round 36, exhaustive) 305 del vars, 82 del conss, 0 add conss, 2913 chg bounds, 0 chg sides, 1692 chg coeffs, 307 upgd conss, 137782 impls, 4 clqs
(round 37, fast)       305 del vars, 92 del conss, 0 add conss, 2913 chg bounds, 0 chg sides, 1692 chg coeffs, 307 upgd conss, 137782 impls, 4 clqs
(round 38, exhaustive) 305 del vars, 92 del conss, 0 add conss, 2913 chg bounds, 0 chg sides, 1692 chg coeffs, 323 upgd conss, 137782 impls, 4 clqs
(round 39, exhaustive) 330 del vars, 92 del conss, 0 add conss, 2913 chg bounds, 0 chg sides, 1692 chg coeffs, 323 upgd conss, 145641 impls, 4 clqs
(round 40, fast)       330 del vars, 103 del conss, 0 add conss, 2913 chg bounds, 0 chg sides, 1692 chg coeffs, 323 upgd conss, 145641 impls, 4 clqs
(round 41, exhaustive) 330 del vars, 103 del conss, 0 add conss, 2913 chg bounds, 0 chg sides, 1692 chg coeffs, 336 upgd conss, 145641 impls, 4 clqs
(round 42, exhaustive) 355 del vars, 103 del conss, 0 add conss, 2913 chg bounds, 0 chg sides, 1692 chg coeffs, 336 upgd conss, 150929 impls, 4 clqs
(round 43, fast)       355 del vars, 116 del conss, 0 add conss, 2913 chg bounds, 0 chg sides, 1692 chg coeffs, 336 upgd conss, 150929 impls, 4 clqs
(round 44, exhaustive) 355 del vars, 116 del conss, 0 add conss, 2913 chg bounds, 0 chg sides, 1692 chg coeffs, 346 upgd conss, 150929 impls, 4 clqs
(round 45, exhaustive) 380 del vars, 116 del conss, 0 add conss, 2913 chg bounds, 0 chg sides, 1692 chg coeffs, 346 upgd conss, 157690 impls, 4 clqs
(round 46, fast)       382 del vars, 131 del conss, 0 add conss, 2915 chg bounds, 0 chg sides, 1692 chg coeffs, 346 upgd conss, 157690 impls, 4 clqs
(round 47, exhaustive) 382 del vars, 131 del conss, 0 add conss, 2915 chg bounds, 0 chg sides, 1692 chg coeffs, 355 upgd conss, 157690 impls, 4 clqs
   (0.8s) sparsify finished: 4/8237 (0.0%) nonzeros canceled - in total 6 canceled nonzeros, 958 changed coefficients, 0 added nonzeros
(round 48, exhaustive) 382 del vars, 131 del conss, 0 add conss, 2915 chg bounds, 0 chg sides, 2310 chg coeffs, 355 upgd conss, 157699 impls, 4 clqs
(round 49, exhaustive) 407 del vars, 131 del conss, 0 add conss, 2915 chg bounds, 0 chg sides, 2310 chg coeffs, 355 upgd conss, 167076 impls, 4 clqs
(round 50, fast)       408 del vars, 143 del conss, 0 add conss, 2916 chg bounds, 0 chg sides, 2310 chg coeffs, 355 upgd conss, 167076 impls, 4 clqs
(round 51, exhaustive) 408 del vars, 143 del conss, 0 add conss, 2916 chg bounds, 0 chg sides, 2310 chg coeffs, 371 upgd conss, 167076 impls, 4 clqs
(round 52, exhaustive) 433 del vars, 143 del conss, 0 add conss, 2916 chg bounds, 0 chg sides, 2310 chg coeffs, 371 upgd conss, 177000 impls, 4 clqs
(round 53, fast)       434 del vars, 156 del conss, 0 add conss, 2917 chg bounds, 0 chg sides, 2310 chg coeffs, 371 upgd conss, 177000 impls, 4 clqs
   (0.9s) running MILP presolver
   (0.9s) MILP presolver (2 rounds): 0 aggregations, 5 fixings, 0 bound changes
(round 54, medium)     439 del vars, 159 del conss, 0 add conss, 2917 chg bounds, 0 chg sides, 2310 chg coeffs, 371 upgd conss, 177000 impls, 4 clqs
(round 55, exhaustive) 439 del vars, 159 del conss, 0 add conss, 2917 chg bounds, 0 chg sides, 2310 chg coeffs, 385 upgd conss, 177000 impls, 4 clqs
(round 56, exhaustive) 466 del vars, 159 del conss, 0 add conss, 2917 chg bounds, 0 chg sides, 2310 chg coeffs, 385 upgd conss, 182343 impls, 4 clqs
(round 57, fast)       466 del vars, 176 del conss, 0 add conss, 2917 chg bounds, 0 chg sides, 2310 chg coeffs, 385 upgd conss, 182343 impls, 4 clqs
(round 58, exhaustive) 466 del vars, 176 del conss, 0 add conss, 2917 chg bounds, 0 chg sides, 2310 chg coeffs, 388 upgd conss, 182343 impls, 4 clqs
(round 59, exhaustive) 491 del vars, 176 del conss, 0 add conss, 2917 chg bounds, 0 chg sides, 2310 chg coeffs, 388 upgd conss, 191431 impls, 4 clqs
(round 60, fast)       493 del vars, 192 del conss, 0 add conss, 2919 chg bounds, 0 chg sides, 2310 chg coeffs, 388 upgd conss, 191431 impls, 4 clqs
(round 61, exhaustive) 493 del vars, 192 del conss, 0 add conss, 2919 chg bounds, 0 chg sides, 2310 chg coeffs, 394 upgd conss, 191431 impls, 4 clqs
(round 62, exhaustive) 518 del vars, 192 del conss, 0 add conss, 2919 chg bounds, 0 chg sides, 2310 chg coeffs, 394 upgd conss, 208638 impls, 4 clqs
(round 63, fast)       519 del vars, 206 del conss, 0 add conss, 2920 chg bounds, 0 chg sides, 2310 chg coeffs, 394 upgd conss, 208638 impls, 4 clqs
(round 64, exhaustive) 519 del vars, 206 del conss, 0 add conss, 2920 chg bounds, 0 chg sides, 2310 chg coeffs, 404 upgd conss, 208638 impls, 4 clqs
(round 65, exhaustive) 545 del vars, 206 del conss, 0 add conss, 2920 chg bounds, 0 chg sides, 2310 chg coeffs, 404 upgd conss, 213414 impls, 4 clqs
(round 66, fast)       545 del vars, 220 del conss, 0 add conss, 2920 chg bounds, 0 chg sides, 2310 chg coeffs, 404 upgd conss, 213414 impls, 4 clqs
(round 67, exhaustive) 545 del vars, 220 del conss, 0 add conss, 2920 chg bounds, 0 chg sides, 2310 chg coeffs, 410 upgd conss, 213414 impls, 4 clqs
   (1.0s) probing: 1000/1356 (73.7%) - 536 fixings, 0 aggregations, 216093 implications, 0 bound changes
(round 68, exhaustive) 570 del vars, 220 del conss, 0 add conss, 2920 chg bounds, 0 chg sides, 2310 chg coeffs, 410 upgd conss, 219827 impls, 4 clqs
(round 69, fast)       572 del vars, 236 del conss, 0 add conss, 2922 chg bounds, 0 chg sides, 2310 chg coeffs, 410 upgd conss, 219827 impls, 4 clqs
(round 70, exhaustive) 572 del vars, 236 del conss, 0 add conss, 2922 chg bounds, 0 chg sides, 2310 chg coeffs, 416 upgd conss, 219827 impls, 4 clqs
(round 71, exhaustive) 597 del vars, 236 del conss, 0 add conss, 2922 chg bounds, 0 chg sides, 2310 chg coeffs, 416 upgd conss, 226733 impls, 4 clqs
(round 72, fast)       600 del vars, 250 del conss, 0 add conss, 2925 chg bounds, 0 chg sides, 2310 chg coeffs, 416 upgd conss, 226733 impls, 4 clqs
(round 73, exhaustive) 600 del vars, 250 del conss, 0 add conss, 2925 chg bounds, 0 chg sides, 2310 chg coeffs, 426 upgd conss, 226733 impls, 4 clqs
(round 74, exhaustive) 625 del vars, 250 del conss, 0 add conss, 2925 chg bounds, 0 chg sides, 2310 chg coeffs, 426 upgd conss, 233008 impls, 4 clqs
(round 75, fast)       626 del vars, 265 del conss, 0 add conss, 2926 chg bounds, 0 chg sides, 2310 chg coeffs, 426 upgd conss, 233008 impls, 4 clqs
(round 76, exhaustive) 626 del vars, 265 del conss, 0 add conss, 2926 chg bounds, 0 chg sides, 2310 chg coeffs, 433 upgd conss, 233008 impls, 4 clqs
(round 77, exhaustive) 651 del vars, 265 del conss, 0 add conss, 2926 chg bounds, 0 chg sides, 2310 chg coeffs, 433 upgd conss, 237322 impls, 4 clqs
(round 78, fast)       652 del vars, 282 del conss, 0 add conss, 2927 chg bounds, 0 chg sides, 2310 chg coeffs, 433 upgd conss, 237322 impls, 4 clqs
(round 79, exhaustive) 652 del vars, 282 del conss, 0 add conss, 2927 chg bounds, 0 chg sides, 2310 chg coeffs, 434 upgd conss, 237322 impls, 4 clqs
(round 80, exhaustive) 678 del vars, 282 del conss, 0 add conss, 2927 chg bounds, 0 chg sides, 2310 chg coeffs, 434 upgd conss, 247089 impls, 4 clqs
(round 81, fast)       678 del vars, 298 del conss, 0 add conss, 2927 chg bounds, 0 chg sides, 2310 chg coeffs, 434 upgd conss, 247089 impls, 4 clqs
(round 82, exhaustive) 678 del vars, 298 del conss, 0 add conss, 2927 chg bounds, 0 chg sides, 2310 chg coeffs, 438 upgd conss, 247089 impls, 4 clqs
(round 83, exhaustive) 704 del vars, 298 del conss, 0 add conss, 2927 chg bounds, 0 chg sides, 2310 chg coeffs, 438 upgd conss, 254392 impls, 4 clqs
(round 84, fast)       704 del vars, 315 del conss, 0 add conss, 2927 chg bounds, 0 chg sides, 2310 chg coeffs, 438 upgd conss, 254392 impls, 4 clqs
(round 85, exhaustive) 704 del vars, 315 del conss, 0 add conss, 2927 chg bounds, 0 chg sides, 2310 chg coeffs, 439 upgd conss, 254392 impls, 4 clqs
(round 86, exhaustive) 729 del vars, 315 del conss, 0 add conss, 2927 chg bounds, 0 chg sides, 2310 chg coeffs, 439 upgd conss, 260264 impls, 4 clqs
(round 87, fast)       731 del vars, 331 del conss, 0 add conss, 2929 chg bounds, 0 chg sides, 2310 chg coeffs, 439 upgd conss, 260264 impls, 4 clqs
(round 88, exhaustive) 731 del vars, 331 del conss, 0 add conss, 2929 chg bounds, 0 chg sides, 2310 chg coeffs, 441 upgd conss, 260264 impls, 4 clqs
(round 89, exhaustive) 756 del vars, 331 del conss, 0 add conss, 2929 chg bounds, 0 chg sides, 2310 chg coeffs, 441 upgd conss, 265027 impls, 4 clqs
(round 90, fast)       758 del vars, 349 del conss, 0 add conss, 2931 chg bounds, 0 chg sides, 2310 chg coeffs, 441 upgd conss, 265027 impls, 4 clqs
   (1.3s) running MILP presolver
   (1.3s) MILP presolver found nothing
(round 91, exhaustive) 784 del vars, 349 del conss, 0 add conss, 2931 chg bounds, 0 chg sides, 2310 chg coeffs, 441 upgd conss, 269230 impls, 4 clqs
(round 92, fast)       784 del vars, 366 del conss, 0 add conss, 2931 chg bounds, 0 chg sides, 2310 chg coeffs, 441 upgd conss, 269230 impls, 4 clqs
(round 93, exhaustive) 784 del vars, 366 del conss, 0 add conss, 2931 chg bounds, 0 chg sides, 2310 chg coeffs, 442 upgd conss, 269230 impls, 4 clqs
(round 94, exhaustive) 809 del vars, 366 del conss, 0 add conss, 2931 chg bounds, 0 chg sides, 2310 chg coeffs, 442 upgd conss, 270929 impls, 4 clqs
(round 95, fast)       809 del vars, 382 del conss, 0 add conss, 2931 chg bounds, 0 chg sides, 2310 chg coeffs, 442 upgd conss, 270929 impls, 4 clqs
(round 96, exhaustive) 809 del vars, 382 del conss, 0 add conss, 2931 chg bounds, 0 chg sides, 2310 chg coeffs, 444 upgd conss, 270929 impls, 4 clqs
(round 97, exhaustive) 834 del vars, 382 del conss, 0 add conss, 2931 chg bounds, 0 chg sides, 2310 chg coeffs, 444 upgd conss, 274971 impls, 4 clqs
(round 98, fast)       834 del vars, 398 del conss, 0 add conss, 2931 chg bounds, 0 chg sides, 2310 chg coeffs, 444 upgd conss, 274971 impls, 4 clqs
(round 99, exhaustive) 834 del vars, 398 del conss, 0 add conss, 2931 chg bounds, 0 chg sides, 2310 chg coeffs, 446 upgd conss, 274971 impls, 4 clqs
   (1.4s) probing cycle finished: starting next cycle
   (1.4s) probing: 51/925 (5.5%) - 824 fixings, 0 aggregations, 279203 implications, 0 bound changes
   (1.4s) probing aborted: 50/50 successive totally useless probings
(round 100, exhaustive) 852 del vars, 398 del conss, 0 add conss, 2931 chg bounds, 0 chg sides, 2310 chg coeffs, 446 upgd conss, 279645 impls, 4 clqs
(round 101, fast)       852 del vars, 410 del conss, 0 add conss, 2931 chg bounds, 0 chg sides, 2310 chg coeffs, 446 upgd conss, 279645 impls, 4 clqs
   (1.4s) probing: 56/925 (6.1%) - 824 fixings, 0 aggregations, 279203 implications, 0 bound changes
   (1.4s) probing aborted: 50/50 successive totally useless probings
   (1.4s) symmetry computation started: requiring (bin +, int -, cont +), (fixed: bin -, int +, cont -)
   (1.4s) no symmetry present
presolving (102 rounds: 102 fast, 69 medium, 68 exhaustive):
 852 deleted vars, 410 deleted constraints, 0 added constraints, 2931 tightened bounds, 0 added holes, 0 changed sides, 2310 changed coefficients
 279645 implications, 4 cliques
presolved problem has 1868 variables (925 bin, 0 int, 0 impl, 943 cont) and 956 constraints
     36 constraints of type <varbound>
      4 constraints of type <setppc>
    916 constraints of type <linear>
Presolving Time: 1.42

 time | node  | left  |LP iter|LP it/n|mem/heur|mdpt |vars |cons |rows |cuts |sepa|confs|strbr|  dualbound   | primalbound  |  gap   | compl. 
  1.5s|     1 |     0 |  1071 |     - |    60M |   0 |1868 | 957 | 956 |   0 |  0 |   1 |   0 |-1.999939e+00 |      --      |    Inf | unknown
o 1.5s|     1 |     0 |  1294 |     - |feaspump|   0 |1868 | 957 | 956 |   0 |  0 |   1 |   0 |-1.999939e+00 |-1.999939e+00 |   0.00%| unknown
  1.5s|     1 |     0 |  1294 |     - |    60M |   0 |1868 | 957 | 956 |   0 |  0 |   1 |   0 |-1.999939e+00 |-1.999939e+00 |   0.00%| unknown

SCIP Status        : problem is solved [optimal solution found]
Solving Time (sec) : 1.53
Solving Nodes      : 1
Primal Bound       : -1.99993854473943e+00 (1 solutions)
Dual Bound         : -1.99993854473943e+00
Gap                : 0.00 %

primal solution (original space):
=================================

objective value:                    -1.99993854473943
y_1,127_                                            1 	(obj:0)
y_4,127_                                            1 	(obj:0)
y_2,128_                                            1 	(obj:0)
y_3,128_                                            1 	(obj:0)
x_2_                               -0.501474926253687 	(obj:1)
x_4_                               -0.501474926253687 	(obj:1)
t_3,128_                            0.494791666666721 	(obj:0)
t_3,129_                            0.505208333333279 	(obj:0)
t_2,128_                                            1 	(obj:0)
x_3_                               -0.495513765978368 	(obj:1)
t_1,128_                                            1 	(obj:0)
t_4,128_                                            1 	(obj:0)
x_1_                               -0.501474926253687 	(obj:1)

Statistics
==========

SCIP Status        : problem is solved [optimal solution found]
Total Time         :       1.54
  solving          :       1.53
  presolving       :       1.42 (included in solving)
  reading          :       0.01
  copying          :       0.00 (0 times copied the problem)
Original Problem   :
  Problem name     : ../modeles/4_339.lp
  Variables        : 2720 (1356 binary, 0 integer, 0 implicit integer, 1364 continuous)
  Constraints      : 1373 initial, 1373 maximal
  Objective        : minimize, 4 non-zeros (abs.min = 1, abs.max = 1)
Presolved Problem  :
  Problem name     : t_../modeles/4_339.lp
  Variables        : 1868 (925 binary, 0 integer, 0 implicit integer, 943 continuous)
  Constraints      : 956 initial, 957 maximal
  Objective        : minimize, 943 non-zeros (abs.min = 0.00589971, abs.max = 1.41003)
  Nonzeros         : 6545 constraint, 925 clique table
Presolvers         :   ExecTime  SetupTime  Calls  FixedVars   AggrVars   ChgTypes  ChgBounds   AddHoles    DelCons    AddCons   ChgSides   ChgCoefs
  boundshift       :       0.00       0.00      0          0          0          0          0          0          0          0          0          0
  convertinttobin  :       0.00       0.00      0          0          0          0          0          0          0          0          0          0
  domcol           :       0.21       0.00     36          0          0          0          0          0          0          0          0          0
  dualagg          :       0.00       0.00      0          0          0          0          0          0          0          0          0          0
  dualcomp         :       0.04       0.00     36          0          0          0          0          0          0          0          0          0
  dualinfer        :       0.00       0.00      0          0          0          0          0          0          0          0          0          0
  dualsparsify     :       0.00       0.00      1          0          0          0          0          0          0          0          0          0
  gateextraction   :       0.00       0.00      0          0          0          0          0          0          0          0          0          0
  implics          :       0.00       0.00     69          0          0          0          0          0          0          0          0          0
  inttobinary      :       0.00       0.00      0          0          0          0          0          0          0          0          0          0
  milp             :       0.04       0.00      3          5          0          0         16          0          0          0          0          0
  qpkktref         :       0.00       0.00      0          0          0          0          0          0          0          0          0          0
  redvub           :       0.00       0.00      0          0          0          0          0          0          0          0          0          0
  sparsify         :       0.04       0.00      9          0          0          0          0          0          0          0          0        958
  stuffing         :       0.00       0.00      0          0          0          0          0          0          0          0          0          0
  trivial          :       0.00       0.00    102          0          0          0          0          0          0          0          0          0
  tworowbnd        :       0.00       0.00      0          0          0          0          0          0          0          0          0          0
  dualfix          :       0.00       0.00    102          0          0          0          0          0          0          0          0          0
  genvbounds       :       0.00       0.00      0          0          0          0          0          0          0          0          0          0
  probing          :       0.91       0.00     34        824          0          0          0          0          0          0          0          0
  pseudoobj        :       0.00       0.00      0          0          0          0          0          0          0          0          0          0
  symmetry         :       0.00       0.00      1          0          0          0          0          0          0          0          0          0
  vbounds          :       0.00       0.00      1          0          0          0          0          0          0          0          0          0
  varbound         :       0.01       0.00    167          0          0          0         18          0        406          0          0          0
  setppc           :       0.01       0.00    234          0          0          0          0          0          0          0          0          0
  linear           :       0.13       0.00    170         19          4          0       2897          0          4          0          0       1352
  logicor          :       0.00       0.00      0          0          0          0          0          0          0          0          0          0
  benders          :       0.00       0.00      0          0          0          0          0          0          0          0          0          0
  components       :       0.00       0.00      1          0          0          0          0          0          0          0          0          0
  root node        :          -          -      -          0          -          -          0          -          -          -          -          -
Constraints        :     Number  MaxNumber  #Separate #Propagate    #EnfoLP    #EnfoRelax  #EnfoPS    #Check   #ResProp    Cutoffs    DomReds       Cuts    Applied      Conss   Children
  benderslp        :          0          0          0          0          0          0          0         12          0          0          0          0          0          0          0
  integral         :          0          0          0          0          0          0          0         12          0          0          0          0          0          0          0
  varbound         :         36         36          0       4838          0          0          0          6         30          1          0          0          0          0          0
  setppc           :          4          4          0       4619          0          0          0          6        713          0          0          0          0          0          0
  linear           :        916        916          0       4837          0          0          0          1       1418        650          0          0          0          0          0
  logicor          :          0+         2          0          5          0          0          0          0          1          0          0          0          0          0          0
  benders          :          0          0          0          0          0          0          0          2          0          0          0          0          0          0          0
  countsols        :          0          0          0          0          0          0          0          2          0          0          0          0          0          0          0
  components       :          0          0          0          0          0          0          0          0          0          0          0          0          0          0          0
Constraint Timings :  TotalTime  SetupTime   Separate  Propagate     EnfoLP     EnfoPS     EnfoRelax   Check    ResProp    SB-Prop
  benderslp        :       0.00       0.00       0.00       0.00       0.00       0.00       0.00       0.00       0.00       0.00
  integral         :       0.00       0.00       0.00       0.00       0.00       0.00       0.00       0.00       0.00       0.00
  varbound         :       0.04       0.00       0.00       0.04       0.00       0.00       0.00       0.00       0.00       0.00
  setppc           :       0.01       0.00       0.00       0.01       0.00       0.00       0.00       0.00       0.00       0.00
  linear           :       0.23       0.00       0.00       0.23       0.00       0.00       0.00       0.00       0.00       0.00
  logicor          :       0.00       0.00       0.00       0.00       0.00       0.00       0.00       0.00       0.00       0.00
  benders          :       0.00       0.00       0.00       0.00       0.00       0.00       0.00       0.00       0.00       0.00
  countsols        :       0.00       0.00       0.00       0.00       0.00       0.00       0.00       0.00       0.00       0.00
  components       :       0.00       0.00       0.00       0.00       0.00       0.00       0.00       0.00       0.00       0.00
Propagators        : #Propagate   #ResProp    Cutoffs    DomReds
  dualfix          :          1          0          0          0
  genvbounds       :          0          0          0          0
  nlobbt           :          0          0          0          0
  obbt             :          0          0          0          0
  probing          :          0          0          0          0
  pseudoobj        :          2          0          0          0
  redcost          :          1          0          0          0
  rootredcost      :          0          0          0          0
  symmetry         :          0          0          0          0
  vbounds          :        491          0          0          0
Propagator Timings :  TotalTime  SetupTime   Presolve  Propagate    ResProp    SB-Prop
  dualfix          :       0.00       0.00       0.00       0.00       0.00       0.00
  genvbounds       :       0.00       0.00       0.00       0.00       0.00       0.00
  nlobbt           :       0.00       0.00       0.00       0.00       0.00       0.00
  obbt             :       0.00       0.00       0.00       0.00       0.00       0.00
  probing          :       0.91       0.00       0.91       0.00       0.00       0.00
  pseudoobj        :       0.00       0.00       0.00       0.00       0.00       0.00
  redcost          :       0.00       0.00       0.00       0.00       0.00       0.00
  rootredcost      :       0.00       0.00       0.00       0.00       0.00       0.00
  symmetry         :       0.00       0.00       0.00       0.00       0.00       0.00
  vbounds          :       0.02       0.00       0.00       0.02       0.00       0.00
Conflict Analysis  :       Time      Calls    Success    DomReds  Conflicts   Literals    Reconvs ReconvLits   Dualrays   Nonzeros   LP Iters   (pool size: [10000,10000])
  propagation      :       0.00          1          1          -          3      367.0          0        0.0          -          -          -
  infeasible LP    :       0.00          0          0          -          0        0.0          0        0.0          0        0.0          0
  bound exceed. LP :       0.00          0          0          -          0        0.0          0        0.0          0        0.0          0
  strong branching :       0.00          0          0          -          0        0.0          0        0.0          -          -          0
  pseudo solution  :       0.00          0          0          -          0        0.0          0        0.0          -          -          -
  applied globally :       0.00          -          -          0          0        0.0          -          -          0          -          -
  applied locally  :          -          -          -          0          1      208.0          -          -          0          -          -
Separators         :   ExecTime  SetupTime      Calls    Cutoffs    DomReds       Cuts    Applied      Conss
  cut pool         :       0.00                     0          -          -          0          -          -    (maximal pool size: 0)
  aggregation      :       0.00       0.00          0          0          0          0          0          0
  > cmir           :          -          -          -          -          -          -          0          -
  > flowcover      :          -          -          -          -          -          -          0          -
  > knapsackcover  :          -          -          -          -          -          -          0          -
  cgmip            :       0.00       0.00          0          0          0          0          0          0
  clique           :       0.00       0.00          0          0          0          0          0          0
  closecuts        :       0.00       0.00          0          0          0          0          0          0
  convexproj       :       0.00       0.00          0          0          0          0          0          0
  disjunctive      :       0.00       0.00          0          0          0          0          0          0
  eccuts           :       0.00       0.00          0          0          0          0          0          0
  gauge            :       0.00       0.00          0          0          0          0          0          0
  gomory           :       0.00       0.00          0          0          0          0          0          0
  > gomorymi       :          -          -          -          -          -          -          0          -
  > strongcg       :          -          -          -          -          -          -          0          -
  impliedbounds    :       0.00       0.00          0          0          0          0          0          0
  interminor       :       0.00       0.00          0          0          0          0          0          0
  intobj           :       0.00       0.00          0          0          0          0          0          0
  mcf              :       0.00       0.00          0          0          0          0          0          0
  minor            :       0.00       0.00          0          0          0          0          0          0
  mixing           :       0.00       0.00          0          0          0          0          0          0
  oddcycle         :       0.00       0.00          0          0          0          0          0          0
  rapidlearning    :       0.00       0.00          0          0          0          0          0          0
  rlt              :       0.00       0.00          0          0          0          0          0          0
  zerohalf         :       0.00       0.00          0          0          0          0          0          0
Cutselectors       :   ExecTime  SetupTime
  hybrid           :       0.00       0.00
Pricers            :   ExecTime  SetupTime      Calls       Vars
  problem variables:       0.00          -          0          0
Branching Rules    :   ExecTime  SetupTime   BranchLP  BranchExt   BranchPS    Cutoffs    DomReds       Cuts      Conss   Children
  allfullstrong    :       0.00       0.00          0          0          0          0          0          0          0          0
  cloud            :       0.00       0.00          0          0          0          0          0          0          0          0
  distribution     :       0.00       0.00          0          0          0          0          0          0          0          0
  fullstrong       :       0.00       0.00          0          0          0          0          0          0          0          0
  inference        :       0.00       0.00          0          0          0          0          0          0          0          0
  leastinf         :       0.00       0.00          0          0          0          0          0          0          0          0
  lookahead        :       0.00       0.00          0          0          0          0          0          0          0          0
  mostinf          :       0.00       0.00          0          0          0          0          0          0          0          0
  multaggr         :       0.00       0.00          0          0          0          0          0          0          0          0
  nodereopt        :       0.00       0.00          0          0          0          0          0          0          0          0
  pscost           :       0.00       0.00          0          0          0          0          0          0          0          0
  random           :       0.00       0.00          0          0          0          0          0          0          0          0
  relpscost        :       0.00       0.00          0          0          0          0          0          0          0          0
  vanillafullstrong:       0.00       0.00          0          0          0          0          0          0          0          0
Primal Heuristics  :   ExecTime  SetupTime      Calls      Found       Best
  LP solutions     :       0.00          -          -          0          0
  relax solutions  :       0.00          -          -          0          0
  pseudo solutions :       0.00          -          -          0          0
  strong branching :       0.00          -          -          0          0
  actconsdiving    :       0.00       0.00          0          0          0
  adaptivediving   :       0.00       0.00          0          0          0
  alns             :       0.00       0.00          0          0          0
  bound            :       0.00       0.00          0          0          0
  clique           :       0.01       0.00          1          0          0
  coefdiving       :       0.00       0.00          0          0          0
  completesol      :       0.00       0.00          0          0          0
  conflictdiving   :       0.00       0.00          0          0          0
  crossover        :       0.00       0.00          0          0          0
  dins             :       0.00       0.00          0          0          0
  distributiondivin:       0.00       0.00          0          0          0
  dps              :       0.00       0.00          0          0          0
  dualval          :       0.00       0.00          0          0          0
  farkasdiving     :       0.00       0.00          0          0          0
  feaspump         :       0.00       0.00          1          1          1
  fixandinfer      :       0.00       0.00          0          0          0
  fracdiving       :       0.00       0.00          0          0          0
  gins             :       0.00       0.00          0          0          0
  guideddiving     :       0.00       0.00          0          0          0
  indicator        :       0.00       0.00          0          0          0
  intdiving        :       0.00       0.00          0          0          0
  intshifting      :       0.00       0.00          0          0          0
  linesearchdiving :       0.00       0.00          0          0          0
  localbranching   :       0.00       0.00          0          0          0
  locks            :       0.03       0.00          1          0          0
  lpface           :       0.00       0.00          0          0          0
  mpec             :       0.00       0.00          0          0          0
  multistart       :       0.00       0.00          0          0          0
  mutation         :       0.00       0.00          0          0          0
  nlpdiving        :       0.00       0.00          0          0          0
  objpscostdiving  :       0.00       0.00          0          0          0
  octane           :       0.00       0.00          0          0          0
  ofins            :       0.00       0.00          0          0          0
  oneopt           :       0.00       0.00          0          0          0
  padm             :       0.00       0.00          0          0          0
  proximity        :       0.00       0.00          0          0          0
  pscostdiving     :       0.00       0.00          0          0          0
  randrounding     :       0.00       0.00          1          0          0
  rens             :       0.00       0.00          0          0          0
  reoptsols        :       0.00       0.00          0          0          0
  repair           :       0.00       0.00          0          0          0
  rins             :       0.00       0.00          0          0          0
  rootsoldiving    :       0.00       0.00          0          0          0
  rounding         :       0.00       0.00          1          0          0
  shiftandpropagate:       0.01       0.00          1          0          0
  shifting         :       0.00       0.00          1          0          0
  simplerounding   :       0.00       0.00          0          0          0
  subnlp           :       0.00       0.00          0          0          0
  trivial          :       0.00       0.00          2          0          0
  trivialnegation  :       0.00       0.00          0          0          0
  trustregion      :       0.00       0.00          0          0          0
  trysol           :       0.00       0.00          0          0          0
  twoopt           :       0.00       0.00          0          0          0
  undercover       :       0.00       0.00          0          0          0
  vbounds          :       0.00       0.00          0          0          0
  veclendiving     :       0.00       0.00          0          0          0
  zeroobj          :       0.00       0.00          0          0          0
  zirounding       :       0.00       0.00          0          0          0
  other solutions  :          -          -          -          0          -
Diving (single)    :      Calls      Nodes   LP Iters Backtracks  Conflicts   MinDepth   MaxDepth   AvgDepth  RoundSols  NLeafSols  MinSolDpt  MaxSolDpt  AvgSolDpt
  actconsdiving    :          0          -          -          -          -          -          -          -          -          -          -          -          -
  coefdiving       :          0          -          -          -          -          -          -          -          -          -          -          -          -
  conflictdiving   :          0          -          -          -          -          -          -          -          -          -          -          -          -
  distributiondivin:          0          -          -          -          -          -          -          -          -          -          -          -          -
  farkasdiving     :          0          -          -          -          -          -          -          -          -          -          -          -          -
  fracdiving       :          0          -          -          -          -          -          -          -          -          -          -          -          -
  guideddiving     :          0          -          -          -          -          -          -          -          -          -          -          -          -
  linesearchdiving :          0          -          -          -          -          -          -          -          -          -          -          -          -
  pscostdiving     :          0          -          -          -          -          -          -          -          -          -          -          -          -
  veclendiving     :          0          -          -          -          -          -          -          -          -          -          -          -          -
Diving (adaptive)  :      Calls      Nodes   LP Iters Backtracks  Conflicts   MinDepth   MaxDepth   AvgDepth  RoundSols  NLeafSols  MinSolDpt  MaxSolDpt  AvgSolDpt
  actconsdiving    :          0          -          -          -          -          -          -          -          -          -          -          -          -
  coefdiving       :          0          -          -          -          -          -          -          -          -          -          -          -          -
  conflictdiving   :          0          -          -          -          -          -          -          -          -          -          -          -          -
  distributiondivin:          0          -          -          -          -          -          -          -          -          -          -          -          -
  farkasdiving     :          0          -          -          -          -          -          -          -          -          -          -          -          -
  fracdiving       :          0          -          -          -          -          -          -          -          -          -          -          -          -
  guideddiving     :          0          -          -          -          -          -          -          -          -          -          -          -          -
  linesearchdiving :          0          -          -          -          -          -          -          -          -          -          -          -          -
  pscostdiving     :          0          -          -          -          -          -          -          -          -          -          -          -          -
  veclendiving     :          0          -          -          -          -          -          -          -          -          -          -          -          -
Neighborhoods      :      Calls  SetupTime  SolveTime SolveNodes       Sols       Best       Exp3  EpsGreedy        UCB TgtFixRate  Opt  Inf Node Stal  Sol  Usr Othr Actv
  rens             :          0       0.00       0.00          0          0          0    0.00000   -1.00000    1.00000      0.900    0    0    0    0    0    0    0    1
  rins             :          0       0.00       0.00          0          0          0    0.00000   -1.00000    1.00000      0.900    0    0    0    0    0    0    0    1
  mutation         :          0       0.00       0.00          0          0          0    0.00000   -1.00000    1.00000      0.900    0    0    0    0    0    0    0    1
  localbranching   :          0       0.00       0.00          0          0          0    0.00000   -1.00000    1.00000      0.900    0    0    0    0    0    0    0    1
  crossover        :          0       0.00       0.00          0          0          0    0.00000   -1.00000    1.00000      0.900    0    0    0    0    0    0    0    1
  proximity        :          0       0.00       0.00          0          0          0    0.00000   -1.00000    1.00000      0.900    0    0    0    0    0    0    0    1
  zeroobjective    :          0       0.00       0.00          0          0          0    0.00000   -1.00000    1.00000      0.900    0    0    0    0    0    0    0    1
  dins             :          0       0.00       0.00          0          0          0    0.00000   -1.00000    1.00000      0.900    0    0    0    0    0    0    0    1
  trustregion      :          0       0.00       0.00          0          0          0    0.00000   -1.00000    1.00000      0.900    0    0    0    0    0    0    0    0
LP                 :       Time      Calls Iterations  Iter/call   Iter/sec  Time-0-It Calls-0-It    ItLimit
  primal LP        :       0.00          0          0       0.00          -       0.00          0
  dual LP          :       0.04          1       1058    1058.00   29289.63       0.00          0
  lex dual LP      :       0.00          0          0       0.00          -
  barrier LP       :       0.00          0          0       0.00          -       0.00          0
  resolve instable :       0.00          0          0       0.00          -
  diving/probing LP:       0.00          2        236     118.00          -
  strong branching :       0.00          0          0       0.00          -          -          -          0
    (at root node) :          -          0          0       0.00          -
  conflict analysis:       0.00          0          0       0.00          -
B&B Tree           :
  number of runs   :          1
  nodes            :          1 (0 internal, 1 leaves)
  feasible leaves  :          0
  infeas. leaves   :          0
  objective leaves :          1
  nodes (total)    :          1 (0 internal, 1 leaves)
  nodes left       :          0
  max depth        :          0
  max depth (total):          0
  backtracks       :          0 (0.0%)
  early backtracks :          0 (0.0%)
  nodes exc. ref.  :          0 (0.0%)
  delayed cutoffs  :          0
  repropagations   :          0 (0 domain reductions, 0 cutoffs)
  avg switch length:       2.00
  switching time   :       0.00
Estim. Tree Size   :          1
Estimation Tree    : 1 nodes (1 visited, 0 internal, 1 leaves, 0 open), weight: 1.0000 completed 1.0000
Estimations        :      estim      value      trend resolution     smooth
  wbe              :          1          -          -          -          -
  tree-profile     :         -1          -          -          -          -
  gap              :          1    1.00000    1.00000          1          1
  tree-weight      :          1    1.00000    1.00000          1          1
  leaf-frequency   :          1    0.50000    1.00000          1          1
  ssg              :          1    0.00000   -1.00000          1          1
  open-nodes       :          1    0.00000    0.00000          1          1
Root Node          :
  First LP value   : -1.99993854473943e+00
  First LP Iters   :       1058 (29176.55 Iter/sec)
  First LP Time    :       0.04
  Final Dual Bound : -1.99993854473943e+00
  Final Root Iters :       1281
  Root LP Estimate :                     -
Solution           :
  Solutions found  :          1 (1 improvements)
  First Solution   : -1.99993854473943e+00   (in run 1, after 1 nodes, 1.53 seconds, depth 0, found by <feaspump>)
  Gap First Sol.   :       0.00 %
  Gap Last Sol.    :       0.00 %
  Primal Bound     : -1.99993854473943e+00   (in run 1, after 1 nodes, 1.53 seconds, depth 0, found by <feaspump>)
  Dual Bound       : -1.99993854473943e+00
  Gap              :       0.00 %
Integrals          :      Total       Avg%
  primal-dual      :     153.12      99.98
  primal-ref       :          -          - (not evaluated)
  dual-ref         :          -          - (not evaluated)
