SCIP version 8.0.0 [precision: 8 byte] [memory: block] [mode: optimized] [LP solver: SoPlex 6.0.0] [GitHash: a740f0891e]
Copyright (C) 2002-2021 Konrad-Zuse-Zentrum fuer Informationstechnik Berlin (ZIB)

External libraries: 
  SoPlex 6.0.0         Linear Programming Solver developed at Zuse Institute Berlin (soplex.zib.de) [GitHash: 71a5873d]
  CppAD 20180000.0     Algorithmic Differentiation of C++ algorithms developed by B. Bell (github.com/coin-or/CppAD)
  ZLIB 1.2.11          General purpose compression library by J. Gailly and M. Adler (zlib.net)
  GMP 6.2.1            GNU Multiple Precision Arithmetic Library developed by T. Granlund (gmplib.org)
  ZIMPL 3.5.1          Zuse Institute Mathematical Programming Language developed by T. Koch (zimpl.zib.de)
  AMPL/MP 4e2d45c4     AMPL .nl file reader library (github.com/ampl/mp)
  PaPILO 2.0.0         parallel presolve for integer and linear optimization (github.com/scipopt/papilo) [GitHash: 76cafc1]
  bliss 0.73p          Computing Graph Automorphism Groups by T. Junttila and P. Kaski (www.tcs.hut.fi/Software/bliss/)
  Ipopt 3.13.2         Interior Point Optimizer developed by A. Waechter et.al. (github.com/coin-or/Ipopt)

user parameter file <scip.set> not found - using default parameters

read problem <../modeles/4_384.lp>
============

original problem has 3080 variables (1536 bin, 0 int, 0 impl, 1544 cont) and 1553 constraints

solve problem
=============

presolving:
(round 1, fast)       4 del vars, 0 del conss, 0 add conss, 3272 chg bounds, 0 chg sides, 0 chg coeffs, 0 upgd conss, 0 impls, 4 clqs
(round 2, fast)       4 del vars, 0 del conss, 0 add conss, 3272 chg bounds, 0 chg sides, 1528 chg coeffs, 0 upgd conss, 0 impls, 4 clqs
   (0.0s) running MILP presolver
   (0.0s) MILP presolver (2 rounds): 0 aggregations, 0 fixings, 16 bound changes
(round 3, exhaustive) 4 del vars, 0 del conss, 0 add conss, 3288 chg bounds, 0 chg sides, 1528 chg coeffs, 12 upgd conss, 0 impls, 4 clqs
(round 4, exhaustive) 29 del vars, 0 del conss, 0 add conss, 3288 chg bounds, 0 chg sides, 1528 chg coeffs, 12 upgd conss, 11498 impls, 4 clqs
(round 5, exhaustive) 29 del vars, 0 del conss, 0 add conss, 3288 chg bounds, 0 chg sides, 1528 chg coeffs, 62 upgd conss, 11498 impls, 4 clqs
(round 6, exhaustive) 54 del vars, 0 del conss, 0 add conss, 3288 chg bounds, 0 chg sides, 1528 chg coeffs, 62 upgd conss, 23804 impls, 4 clqs
(round 7, exhaustive) 54 del vars, 0 del conss, 0 add conss, 3288 chg bounds, 0 chg sides, 1528 chg coeffs, 112 upgd conss, 23804 impls, 4 clqs
(round 8, exhaustive) 80 del vars, 0 del conss, 0 add conss, 3288 chg bounds, 0 chg sides, 1528 chg coeffs, 112 upgd conss, 28829 impls, 4 clqs
(round 9, fast)       80 del vars, 4 del conss, 0 add conss, 3288 chg bounds, 0 chg sides, 1528 chg coeffs, 112 upgd conss, 28829 impls, 4 clqs
(round 10, exhaustive) 80 del vars, 4 del conss, 0 add conss, 3288 chg bounds, 0 chg sides, 1528 chg coeffs, 152 upgd conss, 28829 impls, 4 clqs
(round 11, exhaustive) 105 del vars, 4 del conss, 0 add conss, 3288 chg bounds, 0 chg sides, 1528 chg coeffs, 152 upgd conss, 40688 impls, 4 clqs
(round 12, fast)       105 del vars, 8 del conss, 0 add conss, 3288 chg bounds, 0 chg sides, 1528 chg coeffs, 152 upgd conss, 40688 impls, 4 clqs
(round 13, exhaustive) 105 del vars, 8 del conss, 0 add conss, 3288 chg bounds, 0 chg sides, 1528 chg coeffs, 190 upgd conss, 40688 impls, 4 clqs
(round 14, exhaustive) 130 del vars, 8 del conss, 0 add conss, 3288 chg bounds, 0 chg sides, 1528 chg coeffs, 190 upgd conss, 48339 impls, 4 clqs
(round 15, fast)       130 del vars, 12 del conss, 0 add conss, 3288 chg bounds, 0 chg sides, 1528 chg coeffs, 190 upgd conss, 48339 impls, 4 clqs
(round 16, exhaustive) 130 del vars, 12 del conss, 0 add conss, 3288 chg bounds, 0 chg sides, 1528 chg coeffs, 224 upgd conss, 48339 impls, 4 clqs
(round 17, exhaustive) 155 del vars, 12 del conss, 0 add conss, 3288 chg bounds, 0 chg sides, 1528 chg coeffs, 224 upgd conss, 54834 impls, 4 clqs
(round 18, fast)       156 del vars, 18 del conss, 0 add conss, 3289 chg bounds, 0 chg sides, 1528 chg coeffs, 224 upgd conss, 54834 impls, 4 clqs
(round 19, exhaustive) 156 del vars, 18 del conss, 0 add conss, 3289 chg bounds, 0 chg sides, 1528 chg coeffs, 258 upgd conss, 54834 impls, 4 clqs
(round 20, exhaustive) 181 del vars, 18 del conss, 0 add conss, 3289 chg bounds, 0 chg sides, 1528 chg coeffs, 258 upgd conss, 60922 impls, 4 clqs
(round 21, fast)       182 del vars, 23 del conss, 0 add conss, 3290 chg bounds, 0 chg sides, 1528 chg coeffs, 258 upgd conss, 60922 impls, 4 clqs
(round 22, exhaustive) 182 del vars, 23 del conss, 0 add conss, 3290 chg bounds, 0 chg sides, 1528 chg coeffs, 294 upgd conss, 60922 impls, 4 clqs
(round 23, exhaustive) 207 del vars, 23 del conss, 0 add conss, 3290 chg bounds, 0 chg sides, 1528 chg coeffs, 294 upgd conss, 67345 impls, 4 clqs
(round 24, fast)       208 del vars, 29 del conss, 0 add conss, 3291 chg bounds, 0 chg sides, 1528 chg coeffs, 294 upgd conss, 67345 impls, 4 clqs
(round 25, exhaustive) 208 del vars, 29 del conss, 0 add conss, 3291 chg bounds, 0 chg sides, 1528 chg coeffs, 328 upgd conss, 67345 impls, 4 clqs
(round 26, exhaustive) 233 del vars, 29 del conss, 0 add conss, 3291 chg bounds, 0 chg sides, 1528 chg coeffs, 328 upgd conss, 75635 impls, 4 clqs
(round 27, fast)       234 del vars, 35 del conss, 0 add conss, 3292 chg bounds, 0 chg sides, 1528 chg coeffs, 328 upgd conss, 75635 impls, 4 clqs
(round 28, exhaustive) 234 del vars, 35 del conss, 0 add conss, 3292 chg bounds, 0 chg sides, 1528 chg coeffs, 362 upgd conss, 75635 impls, 4 clqs
(round 29, exhaustive) 259 del vars, 35 del conss, 0 add conss, 3292 chg bounds, 0 chg sides, 1528 chg coeffs, 362 upgd conss, 82386 impls, 4 clqs
(round 30, fast)       261 del vars, 44 del conss, 0 add conss, 3294 chg bounds, 0 chg sides, 1528 chg coeffs, 362 upgd conss, 82386 impls, 4 clqs
(round 31, exhaustive) 261 del vars, 44 del conss, 0 add conss, 3294 chg bounds, 0 chg sides, 1528 chg coeffs, 385 upgd conss, 82386 impls, 4 clqs
(round 32, exhaustive) 286 del vars, 44 del conss, 0 add conss, 3294 chg bounds, 0 chg sides, 1528 chg coeffs, 385 upgd conss, 89809 impls, 4 clqs
(round 33, fast)       287 del vars, 53 del conss, 0 add conss, 3295 chg bounds, 0 chg sides, 1528 chg coeffs, 385 upgd conss, 89809 impls, 4 clqs
(round 34, exhaustive) 287 del vars, 53 del conss, 0 add conss, 3295 chg bounds, 0 chg sides, 1528 chg coeffs, 406 upgd conss, 89809 impls, 4 clqs
(round 35, exhaustive) 312 del vars, 53 del conss, 0 add conss, 3295 chg bounds, 0 chg sides, 1528 chg coeffs, 406 upgd conss, 97906 impls, 4 clqs
(round 36, fast)       313 del vars, 64 del conss, 0 add conss, 3296 chg bounds, 0 chg sides, 1528 chg coeffs, 406 upgd conss, 97906 impls, 4 clqs
(round 37, exhaustive) 313 del vars, 64 del conss, 0 add conss, 3296 chg bounds, 0 chg sides, 1528 chg coeffs, 425 upgd conss, 97906 impls, 4 clqs
(round 38, exhaustive) 338 del vars, 64 del conss, 0 add conss, 3296 chg bounds, 0 chg sides, 1528 chg coeffs, 425 upgd conss, 104848 impls, 4 clqs
(round 39, fast)       339 del vars, 77 del conss, 0 add conss, 3297 chg bounds, 0 chg sides, 1528 chg coeffs, 425 upgd conss, 104848 impls, 4 clqs
(round 40, exhaustive) 339 del vars, 77 del conss, 0 add conss, 3297 chg bounds, 0 chg sides, 1528 chg coeffs, 438 upgd conss, 104848 impls, 4 clqs
(round 41, exhaustive) 364 del vars, 77 del conss, 0 add conss, 3297 chg bounds, 0 chg sides, 1528 chg coeffs, 438 upgd conss, 109560 impls, 4 clqs
(round 42, fast)       364 del vars, 85 del conss, 0 add conss, 3297 chg bounds, 0 chg sides, 1528 chg coeffs, 438 upgd conss, 109560 impls, 4 clqs
(round 43, exhaustive) 364 del vars, 85 del conss, 0 add conss, 3297 chg bounds, 0 chg sides, 1528 chg coeffs, 464 upgd conss, 109560 impls, 4 clqs
(round 44, exhaustive) 389 del vars, 85 del conss, 0 add conss, 3297 chg bounds, 0 chg sides, 1528 chg coeffs, 464 upgd conss, 114260 impls, 4 clqs
(round 45, fast)       389 del vars, 98 del conss, 0 add conss, 3297 chg bounds, 0 chg sides, 1528 chg coeffs, 464 upgd conss, 114260 impls, 4 clqs
(round 46, exhaustive) 389 del vars, 98 del conss, 0 add conss, 3297 chg bounds, 0 chg sides, 1528 chg coeffs, 475 upgd conss, 114260 impls, 4 clqs
(round 47, exhaustive) 414 del vars, 98 del conss, 0 add conss, 3297 chg bounds, 0 chg sides, 1528 chg coeffs, 475 upgd conss, 120700 impls, 4 clqs
(round 48, fast)       415 del vars, 110 del conss, 0 add conss, 3298 chg bounds, 0 chg sides, 1528 chg coeffs, 475 upgd conss, 120700 impls, 4 clqs
(round 49, exhaustive) 415 del vars, 110 del conss, 0 add conss, 3298 chg bounds, 0 chg sides, 1528 chg coeffs, 491 upgd conss, 120700 impls, 4 clqs
(round 50, exhaustive) 440 del vars, 110 del conss, 0 add conss, 3298 chg bounds, 0 chg sides, 1528 chg coeffs, 491 upgd conss, 124935 impls, 4 clqs
(round 51, fast)       442 del vars, 124 del conss, 0 add conss, 3300 chg bounds, 0 chg sides, 1528 chg coeffs, 491 upgd conss, 124935 impls, 4 clqs
(round 52, exhaustive) 442 del vars, 124 del conss, 0 add conss, 3300 chg bounds, 0 chg sides, 1528 chg coeffs, 503 upgd conss, 124935 impls, 4 clqs
(round 53, exhaustive) 467 del vars, 124 del conss, 0 add conss, 3300 chg bounds, 0 chg sides, 1528 chg coeffs, 503 upgd conss, 128768 impls, 4 clqs
(round 54, fast)       468 del vars, 134 del conss, 0 add conss, 3301 chg bounds, 0 chg sides, 1528 chg coeffs, 503 upgd conss, 128768 impls, 4 clqs
   (1.0s) running MILP presolver
   (1.0s) MILP presolver (6 rounds): 0 aggregations, 54 fixings, 0 bound changes
(round 55, medium)     522 del vars, 158 del conss, 0 add conss, 3301 chg bounds, 0 chg sides, 1528 chg coeffs, 503 upgd conss, 128768 impls, 4 clqs
(round 56, fast)       522 del vars, 164 del conss, 0 add conss, 3301 chg bounds, 0 chg sides, 1528 chg coeffs, 503 upgd conss, 128768 impls, 4 clqs
(round 57, exhaustive) 522 del vars, 164 del conss, 0 add conss, 3301 chg bounds, 0 chg sides, 1528 chg coeffs, 537 upgd conss, 128768 impls, 4 clqs
(round 58, exhaustive) 547 del vars, 164 del conss, 0 add conss, 3301 chg bounds, 0 chg sides, 1528 chg coeffs, 537 upgd conss, 134929 impls, 4 clqs
(round 59, fast)       548 del vars, 178 del conss, 0 add conss, 3302 chg bounds, 0 chg sides, 1528 chg coeffs, 537 upgd conss, 134929 impls, 4 clqs
(round 60, exhaustive) 548 del vars, 178 del conss, 0 add conss, 3302 chg bounds, 0 chg sides, 1528 chg coeffs, 547 upgd conss, 134929 impls, 4 clqs
(round 61, exhaustive) 573 del vars, 178 del conss, 0 add conss, 3302 chg bounds, 0 chg sides, 1528 chg coeffs, 547 upgd conss, 139632 impls, 4 clqs
(round 62, fast)       579 del vars, 193 del conss, 0 add conss, 3308 chg bounds, 0 chg sides, 1528 chg coeffs, 547 upgd conss, 139632 impls, 4 clqs
(round 63, exhaustive) 579 del vars, 193 del conss, 0 add conss, 3308 chg bounds, 0 chg sides, 1528 chg coeffs, 564 upgd conss, 139632 impls, 4 clqs
(round 64, exhaustive) 604 del vars, 193 del conss, 0 add conss, 3308 chg bounds, 0 chg sides, 1528 chg coeffs, 564 upgd conss, 145638 impls, 4 clqs
(round 65, fast)       604 del vars, 206 del conss, 0 add conss, 3308 chg bounds, 0 chg sides, 1528 chg coeffs, 564 upgd conss, 145638 impls, 4 clqs
(round 66, exhaustive) 604 del vars, 206 del conss, 0 add conss, 3308 chg bounds, 0 chg sides, 1528 chg coeffs, 575 upgd conss, 145638 impls, 4 clqs
(round 67, exhaustive) 631 del vars, 206 del conss, 0 add conss, 3308 chg bounds, 0 chg sides, 1528 chg coeffs, 575 upgd conss, 150598 impls, 4 clqs
(round 68, fast)       631 del vars, 220 del conss, 0 add conss, 3308 chg bounds, 0 chg sides, 1528 chg coeffs, 575 upgd conss, 150598 impls, 4 clqs
(round 69, exhaustive) 631 del vars, 220 del conss, 0 add conss, 3308 chg bounds, 0 chg sides, 1528 chg coeffs, 587 upgd conss, 150598 impls, 4 clqs
(round 70, exhaustive) 659 del vars, 220 del conss, 0 add conss, 3308 chg bounds, 0 chg sides, 1528 chg coeffs, 587 upgd conss, 151907 impls, 4 clqs
(round 71, fast)       659 del vars, 237 del conss, 0 add conss, 3308 chg bounds, 0 chg sides, 1528 chg coeffs, 587 upgd conss, 151907 impls, 4 clqs
(round 72, exhaustive) 659 del vars, 237 del conss, 0 add conss, 3308 chg bounds, 0 chg sides, 1528 chg coeffs, 592 upgd conss, 151907 impls, 4 clqs
(round 73, exhaustive) 684 del vars, 237 del conss, 0 add conss, 3308 chg bounds, 0 chg sides, 1528 chg coeffs, 592 upgd conss, 158022 impls, 4 clqs
(round 74, fast)       687 del vars, 252 del conss, 0 add conss, 3311 chg bounds, 0 chg sides, 1528 chg coeffs, 592 upgd conss, 158022 impls, 4 clqs
(round 75, exhaustive) 687 del vars, 252 del conss, 0 add conss, 3311 chg bounds, 0 chg sides, 1528 chg coeffs, 603 upgd conss, 158022 impls, 4 clqs
(round 76, exhaustive) 714 del vars, 252 del conss, 0 add conss, 3311 chg bounds, 0 chg sides, 1528 chg coeffs, 603 upgd conss, 163725 impls, 4 clqs
(round 77, fast)       714 del vars, 268 del conss, 0 add conss, 3311 chg bounds, 0 chg sides, 1528 chg coeffs, 603 upgd conss, 163725 impls, 4 clqs
(round 78, exhaustive) 714 del vars, 268 del conss, 0 add conss, 3311 chg bounds, 0 chg sides, 1528 chg coeffs, 609 upgd conss, 163725 impls, 4 clqs
(round 79, exhaustive) 740 del vars, 268 del conss, 0 add conss, 3311 chg bounds, 0 chg sides, 1528 chg coeffs, 609 upgd conss, 167219 impls, 4 clqs
(round 80, fast)       740 del vars, 281 del conss, 0 add conss, 3311 chg bounds, 0 chg sides, 1528 chg coeffs, 609 upgd conss, 167219 impls, 4 clqs
(round 81, exhaustive) 740 del vars, 281 del conss, 0 add conss, 3311 chg bounds, 0 chg sides, 1528 chg coeffs, 622 upgd conss, 167219 impls, 4 clqs
(round 82, exhaustive) 769 del vars, 281 del conss, 0 add conss, 3311 chg bounds, 0 chg sides, 1528 chg coeffs, 622 upgd conss, 170648 impls, 4 clqs
(round 83, fast)       769 del vars, 295 del conss, 0 add conss, 3311 chg bounds, 0 chg sides, 1528 chg coeffs, 622 upgd conss, 170648 impls, 4 clqs
(round 84, exhaustive) 769 del vars, 295 del conss, 0 add conss, 3311 chg bounds, 0 chg sides, 1528 chg coeffs, 638 upgd conss, 170648 impls, 4 clqs
(round 85, exhaustive) 795 del vars, 295 del conss, 0 add conss, 3311 chg bounds, 0 chg sides, 1528 chg coeffs, 638 upgd conss, 173434 impls, 4 clqs
(round 86, fast)       795 del vars, 310 del conss, 0 add conss, 3311 chg bounds, 0 chg sides, 1528 chg coeffs, 638 upgd conss, 173434 impls, 4 clqs
(round 87, exhaustive) 795 del vars, 310 del conss, 0 add conss, 3311 chg bounds, 0 chg sides, 1528 chg coeffs, 645 upgd conss, 173434 impls, 4 clqs
(round 88, exhaustive) 820 del vars, 310 del conss, 0 add conss, 3311 chg bounds, 0 chg sides, 1528 chg coeffs, 645 upgd conss, 179503 impls, 4 clqs
(round 89, fast)       820 del vars, 324 del conss, 0 add conss, 3311 chg bounds, 0 chg sides, 1528 chg coeffs, 645 upgd conss, 179503 impls, 4 clqs
(round 90, exhaustive) 820 del vars, 324 del conss, 0 add conss, 3311 chg bounds, 0 chg sides, 1528 chg coeffs, 653 upgd conss, 179503 impls, 4 clqs
(round 91, exhaustive) 845 del vars, 324 del conss, 0 add conss, 3311 chg bounds, 0 chg sides, 1528 chg coeffs, 653 upgd conss, 181879 impls, 4 clqs
(round 92, fast)       845 del vars, 339 del conss, 0 add conss, 3311 chg bounds, 0 chg sides, 1528 chg coeffs, 653 upgd conss, 181879 impls, 4 clqs
(round 93, exhaustive) 845 del vars, 339 del conss, 0 add conss, 3311 chg bounds, 0 chg sides, 1528 chg coeffs, 658 upgd conss, 181879 impls, 4 clqs
   (1.5s) probing: 1000/1536 (65.1%) - 776 fixings, 0 aggregations, 183616 implications, 0 bound changes
(round 94, exhaustive) 870 del vars, 339 del conss, 0 add conss, 3311 chg bounds, 0 chg sides, 1528 chg coeffs, 658 upgd conss, 186056 impls, 4 clqs
(round 95, fast)       872 del vars, 353 del conss, 0 add conss, 3313 chg bounds, 0 chg sides, 1528 chg coeffs, 658 upgd conss, 186056 impls, 4 clqs
(round 96, exhaustive) 872 del vars, 353 del conss, 0 add conss, 3313 chg bounds, 0 chg sides, 1528 chg coeffs, 670 upgd conss, 186056 impls, 4 clqs
(round 97, exhaustive) 898 del vars, 353 del conss, 0 add conss, 3313 chg bounds, 0 chg sides, 1528 chg coeffs, 670 upgd conss, 189848 impls, 4 clqs
(round 98, fast)       898 del vars, 368 del conss, 0 add conss, 3313 chg bounds, 0 chg sides, 1528 chg coeffs, 670 upgd conss, 189848 impls, 4 clqs
(round 99, exhaustive) 898 del vars, 368 del conss, 0 add conss, 3313 chg bounds, 0 chg sides, 1528 chg coeffs, 677 upgd conss, 189848 impls, 4 clqs
(round 100, exhaustive) 923 del vars, 368 del conss, 0 add conss, 3313 chg bounds, 0 chg sides, 1528 chg coeffs, 677 upgd conss, 195632 impls, 4 clqs
(round 101, fast)       925 del vars, 383 del conss, 0 add conss, 3315 chg bounds, 0 chg sides, 1528 chg coeffs, 677 upgd conss, 195632 impls, 4 clqs
   (1.6s) running MILP presolver
   (1.6s) MILP presolver (21 rounds): 0 aggregations, 159 fixings, 0 bound changes
(round 102, medium)     1084 del vars, 468 del conss, 0 add conss, 3315 chg bounds, 0 chg sides, 1528 chg coeffs, 677 upgd conss, 195632 impls, 4 clqs
(round 103, fast)       1084 del vars, 480 del conss, 0 add conss, 3315 chg bounds, 0 chg sides, 1528 chg coeffs, 677 upgd conss, 195632 impls, 4 clqs
(round 104, exhaustive) 1084 del vars, 480 del conss, 0 add conss, 3315 chg bounds, 0 chg sides, 1528 chg coeffs, 701 upgd conss, 195632 impls, 4 clqs
(round 105, exhaustive) 1109 del vars, 480 del conss, 0 add conss, 3315 chg bounds, 0 chg sides, 1528 chg coeffs, 701 upgd conss, 198783 impls, 4 clqs
(round 106, fast)       1111 del vars, 495 del conss, 0 add conss, 3317 chg bounds, 0 chg sides, 1528 chg coeffs, 701 upgd conss, 198783 impls, 4 clqs
(round 107, exhaustive) 1111 del vars, 495 del conss, 0 add conss, 3317 chg bounds, 0 chg sides, 1528 chg coeffs, 710 upgd conss, 198783 impls, 4 clqs
(round 108, exhaustive) 1136 del vars, 495 del conss, 0 add conss, 3317 chg bounds, 0 chg sides, 1528 chg coeffs, 710 upgd conss, 202121 impls, 4 clqs
(round 109, fast)       1136 del vars, 510 del conss, 0 add conss, 3317 chg bounds, 0 chg sides, 1528 chg coeffs, 710 upgd conss, 202121 impls, 4 clqs
(round 110, exhaustive) 1136 del vars, 510 del conss, 0 add conss, 3317 chg bounds, 0 chg sides, 1528 chg coeffs, 715 upgd conss, 202121 impls, 4 clqs
(round 111, exhaustive) 1163 del vars, 510 del conss, 0 add conss, 3317 chg bounds, 0 chg sides, 1528 chg coeffs, 715 upgd conss, 205920 impls, 4 clqs
(round 112, fast)       1163 del vars, 527 del conss, 0 add conss, 3317 chg bounds, 0 chg sides, 1528 chg coeffs, 715 upgd conss, 205920 impls, 4 clqs
(round 113, exhaustive) 1163 del vars, 527 del conss, 0 add conss, 3317 chg bounds, 0 chg sides, 1528 chg coeffs, 718 upgd conss, 205920 impls, 4 clqs
(round 114, exhaustive) 1191 del vars, 527 del conss, 0 add conss, 3317 chg bounds, 0 chg sides, 1528 chg coeffs, 718 upgd conss, 208171 impls, 4 clqs
(round 115, fast)       1191 del vars, 544 del conss, 0 add conss, 3317 chg bounds, 0 chg sides, 1528 chg coeffs, 718 upgd conss, 208171 impls, 4 clqs
(round 116, exhaustive) 1191 del vars, 544 del conss, 0 add conss, 3317 chg bounds, 0 chg sides, 1528 chg coeffs, 723 upgd conss, 208171 impls, 4 clqs
(round 117, exhaustive) 1219 del vars, 544 del conss, 0 add conss, 3317 chg bounds, 0 chg sides, 1528 chg coeffs, 723 upgd conss, 211377 impls, 4 clqs
(round 118, fast)       1219 del vars, 562 del conss, 0 add conss, 3317 chg bounds, 0 chg sides, 1528 chg coeffs, 723 upgd conss, 211377 impls, 4 clqs
(round 119, exhaustive) 1219 del vars, 562 del conss, 0 add conss, 3317 chg bounds, 0 chg sides, 1528 chg coeffs, 725 upgd conss, 211377 impls, 4 clqs
(round 120, exhaustive) 1244 del vars, 562 del conss, 0 add conss, 3317 chg bounds, 0 chg sides, 1528 chg coeffs, 725 upgd conss, 215910 impls, 4 clqs
(round 121, fast)       1246 del vars, 579 del conss, 0 add conss, 3319 chg bounds, 0 chg sides, 1528 chg coeffs, 725 upgd conss, 215910 impls, 4 clqs
(round 122, exhaustive) 1246 del vars, 579 del conss, 0 add conss, 3319 chg bounds, 0 chg sides, 1528 chg coeffs, 728 upgd conss, 215910 impls, 4 clqs
(round 123, exhaustive) 1271 del vars, 579 del conss, 0 add conss, 3319 chg bounds, 0 chg sides, 1528 chg coeffs, 728 upgd conss, 219228 impls, 4 clqs
(round 124, fast)       1273 del vars, 595 del conss, 0 add conss, 3321 chg bounds, 0 chg sides, 1528 chg coeffs, 728 upgd conss, 219228 impls, 4 clqs
(round 125, exhaustive) 1273 del vars, 595 del conss, 0 add conss, 3321 chg bounds, 0 chg sides, 1528 chg coeffs, 734 upgd conss, 219228 impls, 4 clqs
(round 126, exhaustive) 1299 del vars, 595 del conss, 0 add conss, 3321 chg bounds, 0 chg sides, 1528 chg coeffs, 734 upgd conss, 223377 impls, 4 clqs
(round 127, fast)       1299 del vars, 611 del conss, 0 add conss, 3321 chg bounds, 0 chg sides, 1528 chg coeffs, 734 upgd conss, 223377 impls, 4 clqs
(round 128, exhaustive) 1299 del vars, 611 del conss, 0 add conss, 3321 chg bounds, 0 chg sides, 1528 chg coeffs, 738 upgd conss, 223377 impls, 4 clqs
(round 129, exhaustive) 1325 del vars, 611 del conss, 0 add conss, 3321 chg bounds, 0 chg sides, 1528 chg coeffs, 738 upgd conss, 225658 impls, 4 clqs
(round 130, fast)       1325 del vars, 628 del conss, 0 add conss, 3321 chg bounds, 0 chg sides, 1528 chg coeffs, 738 upgd conss, 225658 impls, 4 clqs
(round 131, exhaustive) 1325 del vars, 628 del conss, 0 add conss, 3321 chg bounds, 0 chg sides, 1528 chg coeffs, 739 upgd conss, 225658 impls, 4 clqs
(round 132, exhaustive) 1350 del vars, 628 del conss, 0 add conss, 3321 chg bounds, 0 chg sides, 1528 chg coeffs, 739 upgd conss, 230144 impls, 4 clqs
(round 133, fast)       1351 del vars, 645 del conss, 0 add conss, 3322 chg bounds, 0 chg sides, 1528 chg coeffs, 739 upgd conss, 230144 impls, 4 clqs
   (1.9s) running MILP presolver
   (1.9s) MILP presolver found nothing
(round 134, exhaustive) 1351 del vars, 645 del conss, 0 add conss, 3322 chg bounds, 0 chg sides, 1528 chg coeffs, 740 upgd conss, 230144 impls, 4 clqs
(round 135, exhaustive) 1380 del vars, 645 del conss, 0 add conss, 3322 chg bounds, 0 chg sides, 1528 chg coeffs, 740 upgd conss, 232352 impls, 4 clqs
(round 136, fast)       1380 del vars, 664 del conss, 0 add conss, 3322 chg bounds, 0 chg sides, 1528 chg coeffs, 740 upgd conss, 232352 impls, 4 clqs
(round 137, exhaustive) 1380 del vars, 664 del conss, 0 add conss, 3322 chg bounds, 0 chg sides, 1528 chg coeffs, 741 upgd conss, 232352 impls, 4 clqs
(round 138, exhaustive) 1405 del vars, 664 del conss, 0 add conss, 3322 chg bounds, 0 chg sides, 1528 chg coeffs, 741 upgd conss, 236396 impls, 4 clqs
(round 139, fast)       1413 del vars, 686 del conss, 0 add conss, 3330 chg bounds, 0 chg sides, 1528 chg coeffs, 741 upgd conss, 236396 impls, 4 clqs
(round 140, exhaustive) 1438 del vars, 686 del conss, 0 add conss, 3330 chg bounds, 0 chg sides, 1528 chg coeffs, 741 upgd conss, 238470 impls, 4 clqs
(round 141, fast)       1440 del vars, 704 del conss, 0 add conss, 3332 chg bounds, 0 chg sides, 1528 chg coeffs, 741 upgd conss, 238470 impls, 4 clqs
(round 142, exhaustive) 1465 del vars, 704 del conss, 0 add conss, 3332 chg bounds, 0 chg sides, 1528 chg coeffs, 741 upgd conss, 239499 impls, 4 clqs
(round 143, fast)       1467 del vars, 722 del conss, 0 add conss, 3334 chg bounds, 0 chg sides, 1528 chg coeffs, 741 upgd conss, 239499 impls, 4 clqs
(round 144, exhaustive) 1496 del vars, 722 del conss, 0 add conss, 3334 chg bounds, 0 chg sides, 1528 chg coeffs, 741 upgd conss, 244118 impls, 4 clqs
(round 145, fast)       1496 del vars, 741 del conss, 0 add conss, 3334 chg bounds, 0 chg sides, 1528 chg coeffs, 741 upgd conss, 244118 impls, 4 clqs
(round 146, exhaustive) 1496 del vars, 741 del conss, 0 add conss, 3334 chg bounds, 0 chg sides, 1528 chg coeffs, 742 upgd conss, 244118 impls, 4 clqs
   (2.1s) probing cycle finished: starting next cycle
   (2.1s) probing: 51/784 (6.5%) - 1245 fixings, 0 aggregations, 246923 implications, 0 bound changes
   (2.1s) probing aborted: 50/50 successive totally useless probings
(round 147, exhaustive) 1508 del vars, 741 del conss, 0 add conss, 3334 chg bounds, 0 chg sides, 1528 chg coeffs, 742 upgd conss, 247661 impls, 4 clqs
(round 148, fast)       1508 del vars, 749 del conss, 0 add conss, 3334 chg bounds, 0 chg sides, 1528 chg coeffs, 742 upgd conss, 247661 impls, 4 clqs
   (2.1s) probing: 56/784 (7.1%) - 1245 fixings, 0 aggregations, 246923 implications, 0 bound changes
   (2.1s) probing aborted: 50/50 successive totally useless probings
   (2.1s) symmetry computation started: requiring (bin +, int -, cont +), (fixed: bin -, int +, cont -)
   (2.1s) symmetry computation finished: 3 generators found (max: 1500, log10 of symmetry group size: 1.4)
(round 149, exhaustive) 1508 del vars, 749 del conss, 1 add conss, 3334 chg bounds, 0 chg sides, 1528 chg coeffs, 742 upgd conss, 247661 impls, 4 clqs
presolving (150 rounds: 150 fast, 99 medium, 97 exhaustive):
 1508 deleted vars, 749 deleted constraints, 1 added constraints, 3334 tightened bounds, 0 added holes, 0 changed sides, 1528 changed coefficients
 247661 implications, 4 cliques
presolved problem has 1572 variables (784 bin, 0 int, 0 impl, 788 cont) and 802 constraints
      8 constraints of type <varbound>
      4 constraints of type <setppc>
    789 constraints of type <linear>
      1 constraints of type <orbitope>
Presolving Time: 2.08

 time | node  | left  |LP iter|LP it/n|mem/heur|mdpt |vars |cons |rows |cuts |sepa|confs|strbr|  dualbound   | primalbound  |  gap   | compl. 
* 2.1s|     1 |     0 |   533 |     - |    LP  |   0 |1572 | 804 | 801 |   0 |  0 |   1 |   0 |-2.000000e+00 |-2.000000e+00 |   0.00%| unknown
  2.1s|     1 |     0 |   533 |     - |    76M |   0 |1572 | 804 | 801 |   0 |  0 |   1 |   0 |-2.000000e+00 |-2.000000e+00 |   0.00%| unknown

SCIP Status        : problem is solved [optimal solution found]
Solving Time (sec) : 2.13
Solving Nodes      : 1
Primal Bound       : -2.00000000000000e+00 (1 solutions)
Dual Bound         : -2.00000000000000e+00
Gap                : 0.00 %

primal solution (original space):
=================================

objective value:                                   -2
y_2,144_                                            1 	(obj:0)
y_4,144_                                            1 	(obj:0)
y_1,145_                                            1 	(obj:0)
y_3,145_                                            1 	(obj:0)
x_2_                                             -0.5 	(obj:1)
x_4_                                             -0.5 	(obj:1)
t_3,145_                                            1 	(obj:0)
t_2,145_                                            1 	(obj:0)
x_3_                                             -0.5 	(obj:1)
t_4,145_                                            1 	(obj:0)
x_1_                                             -0.5 	(obj:1)
t_1,145_                                            1 	(obj:0)

Statistics
==========

SCIP Status        : problem is solved [optimal solution found]
Total Time         :       2.14
  solving          :       2.13
  presolving       :       2.08 (included in solving)
  reading          :       0.01
  copying          :       0.00 (0 times copied the problem)
Original Problem   :
  Problem name     : ../modeles/4_384.lp
  Variables        : 3080 (1536 binary, 0 integer, 0 implicit integer, 1544 continuous)
  Constraints      : 1553 initial, 1553 maximal
  Objective        : minimize, 4 non-zeros (abs.min = 1, abs.max = 1)
Presolved Problem  :
  Problem name     : t_../modeles/4_384.lp
  Variables        : 1572 (784 binary, 0 integer, 0 implicit integer, 788 continuous)
  Constraints      : 802 initial, 804 maximal
  Objective        : minimize, 784 non-zeros (abs.min = 0.0104167, abs.max = 1.02083)
  Nonzeros         : 6280 constraint, 784 clique table
Presolvers         :   ExecTime  SetupTime  Calls  FixedVars   AggrVars   ChgTypes  ChgBounds   AddHoles    DelCons    AddCons   ChgSides   ChgCoefs
  boundshift       :       0.00       0.00      0          0          0          0          0          0          0          0          0          0
  convertinttobin  :       0.00       0.00      0          0          0          0          0          0          0          0          0          0
  domcol           :       0.30       0.00     51          0          0          0          0          0          0          0          0          0
  dualagg          :       0.00       0.00      0          0          0          0          0          0          0          0          0          0
  dualcomp         :       0.05       0.00     51          0          0          0          0          0          0          0          0          0
  dualinfer        :       0.00       0.00      0          0          0          0          0          0          0          0          0          0
  dualsparsify     :       0.00       0.00      1          0          0          0          0          0          0          0          0          0
  gateextraction   :       0.00       0.00      0          0          0          0          0          0          0          0          0          0
  implics          :       0.00       0.00     99          0          0          0          0          0          0          0          0          0
  inttobinary      :       0.00       0.00      0          0          0          0          0          0          0          0          0          0
  milp             :       0.16       0.00      4        213          0          0         16          0          0          0          0          0
  qpkktref         :       0.00       0.00      0          0          0          0          0          0          0          0          0          0
  redvub           :       0.00       0.00      0          0          0          0          0          0          0          0          0          0
  sparsify         :       0.03       0.00      7          0          0          0          0          0          0          0          0          0
  stuffing         :       0.00       0.00      0          0          0          0          0          0          0          0          0          0
  trivial          :       0.01       0.00    150          0          0          0          0          0          0          0          0          0
  tworowbnd        :       0.00       0.00      0          0          0          0          0          0          0          0          0          0
  dualfix          :       0.01       0.00    150          0          0          0          0          0          0          0          0          0
  genvbounds       :       0.00       0.00      0          0          0          0          0          0          0          0          0          0
  probing          :       1.14       0.00     50       1245          0          0          0          0          0          0          0          0
  pseudoobj        :       0.00       0.00      0          0          0          0          0          0          0          0          0          0
  symmetry         :       0.01       0.00      1          0          0          0          0          0          0          1          0          0
  vbounds          :       0.00       0.00      1          0          0          0          0          0          0          0          0          0
  varbound         :       0.01       0.00    245          0          0          0         45          0        730          0          0          0
  setppc           :       0.01       0.00    341          0          0          0          0          0          0          0          0          0
  linear           :       0.32       0.00    247         46          4          0       3273          0         19          0          0       1528
  orbitope         :       0.00       0.00      1          0          0          0          0          0          0          0          0          0
  logicor          :       0.00       0.00      0          0          0          0          0          0          0          0          0          0
  benders          :       0.00       0.00      0          0          0          0          0          0          0          0          0          0
  components       :       0.00       0.00      1          0          0          0          0          0          0          0          0          0
  root node        :          -          -      -          0          -          -          0          -          -          -          -          -
Constraints        :     Number  MaxNumber  #Separate #Propagate    #EnfoLP    #EnfoRelax  #EnfoPS    #Check   #ResProp    Cutoffs    DomReds       Cuts    Applied      Conss   Children
  benderslp        :          0          0          0          0          0          0          0         10          0          0          0          0          0          0          0
  integral         :          0          0          0          0          0          0          0         10          0          0          0          0          0          0          0
  varbound         :          8          8          0       4372          0          0          0          5          8          0          0          0          0          0          0
  setppc           :          4          4          0       4371          0          0          0          5        585          0          0          0          0          0          0
  linear           :        789        789          0       4373          0          0          0          1       1566        678          0          0          0          0          0
  orbitope         :          1          1          0         77          0          0          0          1          0          0          0          0          0          0          0
  logicor          :          0+         2          0          7          0          0          0          0          0          0          0          0          0          0          0
  benders          :          0          0          0          0          0          0          0          2          0          0          0          0          0          0          0
  countsols        :          0          0          0          0          0          0          0          2          0          0          0          0          0          0          0
  components       :          0          0          0          0          0          0          0          0          0          0          0          0          0          0          0
Constraint Timings :  TotalTime  SetupTime   Separate  Propagate     EnfoLP     EnfoPS     EnfoRelax   Check    ResProp    SB-Prop
  benderslp        :       0.00       0.00       0.00       0.00       0.00       0.00       0.00       0.00       0.00       0.00
  integral         :       0.00       0.00       0.00       0.00       0.00       0.00       0.00       0.00       0.00       0.00
  varbound         :       0.06       0.00       0.00       0.06       0.00       0.00       0.00       0.00       0.00       0.00
  setppc           :       0.00       0.00       0.00       0.00       0.00       0.00       0.00       0.00       0.00       0.00
  linear           :       0.34       0.00       0.00       0.34       0.00       0.00       0.00       0.00       0.00       0.00
  orbitope         :       0.00       0.00       0.00       0.00       0.00       0.00       0.00       0.00       0.00       0.00
  logicor          :       0.00       0.00       0.00       0.00       0.00       0.00       0.00       0.00       0.00       0.00
  benders          :       0.00       0.00       0.00       0.00       0.00       0.00       0.00       0.00       0.00       0.00
  countsols        :       0.00       0.00       0.00       0.00       0.00       0.00       0.00       0.00       0.00       0.00
  components       :       0.00       0.00       0.00       0.00       0.00       0.00       0.00       0.00       0.00       0.00
Propagators        : #Propagate   #ResProp    Cutoffs    DomReds
  dualfix          :          1          0          0          0
  genvbounds       :          0          0          0          0
  nlobbt           :          0          0          0          0
  obbt             :          0          0          0          0
  probing          :          0          0          0          0
  pseudoobj        :          1          0          0          0
  redcost          :          0          0          0          0
  rootredcost      :          0          0          0          0
  symmetry         :          0          0          0          0
  vbounds          :         42          0          0          0
Propagator Timings :  TotalTime  SetupTime   Presolve  Propagate    ResProp    SB-Prop
  dualfix          :       0.01       0.00       0.01       0.00       0.00       0.00
  genvbounds       :       0.00       0.00       0.00       0.00       0.00       0.00
  nlobbt           :       0.00       0.00       0.00       0.00       0.00       0.00
  obbt             :       0.00       0.00       0.00       0.00       0.00       0.00
  probing          :       1.14       0.00       1.14       0.00       0.00       0.00
  pseudoobj        :       0.00       0.00       0.00       0.00       0.00       0.00
  redcost          :       0.00       0.00       0.00       0.00       0.00       0.00
  rootredcost      :       0.00       0.00       0.00       0.00       0.00       0.00
  symmetry         :       0.01       0.00       0.01       0.00       0.00       0.00
  vbounds          :       0.01       0.00       0.00       0.01       0.00       0.00
Orbital fixing     :
  vars fixed to 0  :          0
  vars fixed to 1  :          0
Conflict Analysis  :       Time      Calls    Success    DomReds  Conflicts   Literals    Reconvs ReconvLits   Dualrays   Nonzeros   LP Iters   (pool size: [10000,10000])
  propagation      :       0.00          1          1          -          3       69.7          0        0.0          -          -          -
  infeasible LP    :       0.00          1          0          -          0        0.0          0        0.0          0        0.0          0
  bound exceed. LP :       0.00          0          0          -          0        0.0          0        0.0          0        0.0          0
  strong branching :       0.00          0          0          -          0        0.0          0        0.0          -          -          0
  pseudo solution  :       0.00          0          0          -          0        0.0          0        0.0          -          -          -
  applied globally :       0.00          -          -          0          1        3.0          -          -          0          -          -
  applied locally  :          -          -          -          0          0        0.0          -          -          0          -          -
Separators         :   ExecTime  SetupTime      Calls    Cutoffs    DomReds       Cuts    Applied      Conss
  cut pool         :       0.00                     0          -          -          0          -          -    (maximal pool size: 0)
  aggregation      :       0.00       0.00          0          0          0          0          0          0
  > cmir           :          -          -          -          -          -          -          0          -
  > flowcover      :          -          -          -          -          -          -          0          -
  > knapsackcover  :          -          -          -          -          -          -          0          -
  cgmip            :       0.00       0.00          0          0          0          0          0          0
  clique           :       0.00       0.00          0          0          0          0          0          0
  closecuts        :       0.00       0.00          0          0          0          0          0          0
  convexproj       :       0.00       0.00          0          0          0          0          0          0
  disjunctive      :       0.00       0.00          0          0          0          0          0          0
  eccuts           :       0.00       0.00          0          0          0          0          0          0
  gauge            :       0.00       0.00          0          0          0          0          0          0
  gomory           :       0.00       0.00          0          0          0          0          0          0
  > gomorymi       :          -          -          -          -          -          -          0          -
  > strongcg       :          -          -          -          -          -          -          0          -
  impliedbounds    :       0.00       0.00          0          0          0          0          0          0
  interminor       :       0.00       0.00          0          0          0          0          0          0
  intobj           :       0.00       0.00          0          0          0          0          0          0
  mcf              :       0.00       0.00          0          0          0          0          0          0
  minor            :       0.00       0.00          0          0          0          0          0          0
  mixing           :       0.00       0.00          0          0          0          0          0          0
  oddcycle         :       0.00       0.00          0          0          0          0          0          0
  rapidlearning    :       0.00       0.00          0          0          0          0          0          0
  rlt              :       0.00       0.00          0          0          0          0          0          0
  zerohalf         :       0.00       0.00          0          0          0          0          0          0
Cutselectors       :   ExecTime  SetupTime
  hybrid           :       0.00       0.00
Pricers            :   ExecTime  SetupTime      Calls       Vars
  problem variables:       0.00          -          0          0
Branching Rules    :   ExecTime  SetupTime   BranchLP  BranchExt   BranchPS    Cutoffs    DomReds       Cuts      Conss   Children
  allfullstrong    :       0.00       0.00          0          0          0          0          0          0          0          0
  cloud            :       0.00       0.00          0          0          0          0          0          0          0          0
  distribution     :       0.00       0.00          0          0          0          0          0          0          0          0
  fullstrong       :       0.00       0.00          0          0          0          0          0          0          0          0
  inference        :       0.00       0.00          0          0          0          0          0          0          0          0
  leastinf         :       0.00       0.00          0          0          0          0          0          0          0          0
  lookahead        :       0.00       0.00          0          0          0          0          0          0          0          0
  mostinf          :       0.00       0.00          0          0          0          0          0          0          0          0
  multaggr         :       0.00       0.00          0          0          0          0          0          0          0          0
  nodereopt        :       0.00       0.00          0          0          0          0          0          0          0          0
  pscost           :       0.00       0.00          0          0          0          0          0          0          0          0
  random           :       0.00       0.00          0          0          0          0          0          0          0          0
  relpscost        :       0.00       0.00          0          0          0          0          0          0          0          0
  vanillafullstrong:       0.00       0.00          0          0          0          0          0          0          0          0
Primal Heuristics  :   ExecTime  SetupTime      Calls      Found       Best
  LP solutions     :       0.00          -          -          1          1
  relax solutions  :       0.00          -          -          0          0
  pseudo solutions :       0.00          -          -          0          0
  strong branching :       0.00          -          -          0          0
  actconsdiving    :       0.00       0.00          0          0          0
  adaptivediving   :       0.00       0.00          0          0          0
  alns             :       0.00       0.00          0          0          0
  bound            :       0.00       0.00          0          0          0
  clique           :       0.01       0.00          1          0          0
  coefdiving       :       0.00       0.00          0          0          0
  completesol      :       0.00       0.00          0          0          0
  conflictdiving   :       0.00       0.00          0          0          0
  crossover        :       0.00       0.00          0          0          0
  dins             :       0.00       0.00          0          0          0
  distributiondivin:       0.00       0.00          0          0          0
  dps              :       0.00       0.00          0          0          0
  dualval          :       0.00       0.00          0          0          0
  farkasdiving     :       0.00       0.00          0          0          0
  feaspump         :       0.00       0.00          0          0          0
  fixandinfer      :       0.00       0.00          0          0          0
  fracdiving       :       0.00       0.00          0          0          0
  gins             :       0.00       0.00          0          0          0
  guideddiving     :       0.00       0.00          0          0          0
  indicator        :       0.00       0.00          0          0          0
  intdiving        :       0.00       0.00          0          0          0
  intshifting      :       0.00       0.00          0          0          0
  linesearchdiving :       0.00       0.00          0          0          0
  localbranching   :       0.00       0.00          0          0          0
  locks            :       0.00       0.00          1          0          0
  lpface           :       0.00       0.00          0          0          0
  mpec             :       0.00       0.00          0          0          0
  multistart       :       0.00       0.00          0          0          0
  mutation         :       0.00       0.00          0          0          0
  nlpdiving        :       0.00       0.00          0          0          0
  objpscostdiving  :       0.00       0.00          0          0          0
  octane           :       0.00       0.00          0          0          0
  ofins            :       0.00       0.00          0          0          0
  oneopt           :       0.00       0.00          0          0          0
  padm             :       0.00       0.00          0          0          0
  proximity        :       0.00       0.00          0          0          0
  pscostdiving     :       0.00       0.00          0          0          0
  randrounding     :       0.00       0.00          0          0          0
  rens             :       0.00       0.00          0          0          0
  reoptsols        :       0.00       0.00          0          0          0
  repair           :       0.00       0.00          0          0          0
  rins             :       0.00       0.00          0          0          0
  rootsoldiving    :       0.00       0.00          0          0          0
  rounding         :       0.00       0.00          0          0          0
  shiftandpropagate:       0.01       0.00          1          0          0
  shifting         :       0.00       0.00          0          0          0
  simplerounding   :       0.00       0.00          0          0          0
  subnlp           :       0.00       0.00          0          0          0
  trivial          :       0.00       0.00          2          0          0
  trivialnegation  :       0.00       0.00          0          0          0
  trustregion      :       0.00       0.00          0          0          0
  trysol           :       0.00       0.00          0          0          0
  twoopt           :       0.00       0.00          0          0          0
  undercover       :       0.00       0.00          0          0          0
  vbounds          :       0.00       0.00          0          0          0
  veclendiving     :       0.00       0.00          0          0          0
  zeroobj          :       0.00       0.00          0          0          0
  zirounding       :       0.00       0.00          0          0          0
  other solutions  :          -          -          -          0          -
Diving (single)    :      Calls      Nodes   LP Iters Backtracks  Conflicts   MinDepth   MaxDepth   AvgDepth  RoundSols  NLeafSols  MinSolDpt  MaxSolDpt  AvgSolDpt
  actconsdiving    :          0          -          -          -          -          -          -          -          -          -          -          -          -
  coefdiving       :          0          -          -          -          -          -          -          -          -          -          -          -          -
  conflictdiving   :          0          -          -          -          -          -          -          -          -          -          -          -          -
  distributiondivin:          0          -          -          -          -          -          -          -          -          -          -          -          -
  farkasdiving     :          0          -          -          -          -          -          -          -          -          -          -          -          -
  fracdiving       :          0          -          -          -          -          -          -          -          -          -          -          -          -
  guideddiving     :          0          -          -          -          -          -          -          -          -          -          -          -          -
  linesearchdiving :          0          -          -          -          -          -          -          -          -          -          -          -          -
  pscostdiving     :          0          -          -          -          -          -          -          -          -          -          -          -          -
  veclendiving     :          0          -          -          -          -          -          -          -          -          -          -          -          -
Diving (adaptive)  :      Calls      Nodes   LP Iters Backtracks  Conflicts   MinDepth   MaxDepth   AvgDepth  RoundSols  NLeafSols  MinSolDpt  MaxSolDpt  AvgSolDpt
  actconsdiving    :          0          -          -          -          -          -          -          -          -          -          -          -          -
  coefdiving       :          0          -          -          -          -          -          -          -          -          -          -          -          -
  conflictdiving   :          0          -          -          -          -          -          -          -          -          -          -          -          -
  distributiondivin:          0          -          -          -          -          -          -          -          -          -          -          -          -
  farkasdiving     :          0          -          -          -          -          -          -          -          -          -          -          -          -
  fracdiving       :          0          -          -          -          -          -          -          -          -          -          -          -          -
  guideddiving     :          0          -          -          -          -          -          -          -          -          -          -          -          -
  linesearchdiving :          0          -          -          -          -          -          -          -          -          -          -          -          -
  pscostdiving     :          0          -          -          -          -          -          -          -          -          -          -          -          -
  veclendiving     :          0          -          -          -          -          -          -          -          -          -          -          -          -
Neighborhoods      :      Calls  SetupTime  SolveTime SolveNodes       Sols       Best       Exp3  EpsGreedy        UCB TgtFixRate  Opt  Inf Node Stal  Sol  Usr Othr Actv
  rens             :          0       0.00       0.00          0          0          0    0.00000   -1.00000    1.00000      0.900    0    0    0    0    0    0    0    1
  rins             :          0       0.00       0.00          0          0          0    0.00000   -1.00000    1.00000      0.900    0    0    0    0    0    0    0    1
  mutation         :          0       0.00       0.00          0          0          0    0.00000   -1.00000    1.00000      0.900    0    0    0    0    0    0    0    1
  localbranching   :          0       0.00       0.00          0          0          0    0.00000   -1.00000    1.00000      0.900    0    0    0    0    0    0    0    1
  crossover        :          0       0.00       0.00          0          0          0    0.00000   -1.00000    1.00000      0.900    0    0    0    0    0    0    0    1
  proximity        :          0       0.00       0.00          0          0          0    0.00000   -1.00000    1.00000      0.900    0    0    0    0    0    0    0    1
  zeroobjective    :          0       0.00       0.00          0          0          0    0.00000   -1.00000    1.00000      0.900    0    0    0    0    0    0    0    1
  dins             :          0       0.00       0.00          0          0          0    0.00000   -1.00000    1.00000      0.900    0    0    0    0    0    0    0    1
  trustregion      :          0       0.00       0.00          0          0          0    0.00000   -1.00000    1.00000      0.900    0    0    0    0    0    0    0    0
LP                 :       Time      Calls Iterations  Iter/call   Iter/sec  Time-0-It Calls-0-It    ItLimit
  primal LP        :       0.00          0          0       0.00          -       0.00          0
  dual LP          :       0.01          1        444     444.00   35995.14       0.00          0
  lex dual LP      :       0.00          0          0       0.00          -
  barrier LP       :       0.00          0          0       0.00          -       0.00          0
  resolve instable :       0.00          0          0       0.00          -
  diving/probing LP:       0.00          2         89      44.50          -
  strong branching :       0.00          0          0       0.00          -          -          -          0
    (at root node) :          -          0          0       0.00          -
  conflict analysis:       0.00          0          0       0.00          -
B&B Tree           :
  number of runs   :          1
  nodes            :          1 (0 internal, 1 leaves)
  feasible leaves  :          0
  infeas. leaves   :          0
  objective leaves :          1
  nodes (total)    :          1 (0 internal, 1 leaves)
  nodes left       :          0
  max depth        :          0
  max depth (total):          0
  backtracks       :          0 (0.0%)
  early backtracks :          0 (0.0%)
  nodes exc. ref.  :          0 (0.0%)
  delayed cutoffs  :          0
  repropagations   :          0 (0 domain reductions, 0 cutoffs)
  avg switch length:       2.00
  switching time   :       0.00
Estim. Tree Size   :          1
Estimation Tree    : 1 nodes (1 visited, 0 internal, 1 leaves, 0 open), weight: 1.0000 completed 1.0000
Estimations        :      estim      value      trend resolution     smooth
  wbe              :          1          -          -          -          -
  tree-profile     :         -1          -          -          -          -
  gap              :          1    1.00000    1.00000          1          1
  tree-weight      :          1    1.00000    1.00000          1          1
  leaf-frequency   :          1    0.50000    1.00000          1          1
  ssg              :          1    0.00000   -1.00000          1          1
  open-nodes       :          1    0.00000    0.00000          1          1
Root Node          :
  First LP value   : -2.00000000000000e+00
  First LP Iters   :        444 (35688.45 Iter/sec)
  First LP Time    :       0.01
  Final Dual Bound : -2.00000000000000e+00
  Final Root Iters :        444
  Root LP Estimate :                     -
Solution           :
  Solutions found  :          1 (1 improvements)
  First Solution   : -2.00000000000000e+00   (in run 1, after 1 nodes, 2.13 seconds, depth 0, found by <relaxation>)
  Gap First Sol.   :       0.00 %
  Gap Last Sol.    :       0.00 %
  Primal Bound     : -2.00000000000000e+00   (in run 1, after 1 nodes, 2.13 seconds, depth 0, found by <relaxation>)
  Dual Bound       : -2.00000000000000e+00
  Gap              :       0.00 %
Integrals          :      Total       Avg%
  primal-dual      :     212.84      99.99
  primal-ref       :          -          - (not evaluated)
  dual-ref         :          -          - (not evaluated)
