SCIP version 8.0.0 [precision: 8 byte] [memory: block] [mode: optimized] [LP solver: SoPlex 6.0.0] [GitHash: a740f0891e]
Copyright (C) 2002-2021 Konrad-Zuse-Zentrum fuer Informationstechnik Berlin (ZIB)

External libraries: 
  SoPlex 6.0.0         Linear Programming Solver developed at Zuse Institute Berlin (soplex.zib.de) [GitHash: 71a5873d]
  CppAD 20180000.0     Algorithmic Differentiation of C++ algorithms developed by B. Bell (github.com/coin-or/CppAD)
  ZLIB 1.2.11          General purpose compression library by J. Gailly and M. Adler (zlib.net)
  GMP 6.2.1            GNU Multiple Precision Arithmetic Library developed by T. Granlund (gmplib.org)
  ZIMPL 3.5.1          Zuse Institute Mathematical Programming Language developed by T. Koch (zimpl.zib.de)
  AMPL/MP 4e2d45c4     AMPL .nl file reader library (github.com/ampl/mp)
  PaPILO 2.0.0         parallel presolve for integer and linear optimization (github.com/scipopt/papilo) [GitHash: 76cafc1]
  bliss 0.73p          Computing Graph Automorphism Groups by T. Junttila and P. Kaski (www.tcs.hut.fi/Software/bliss/)
  Ipopt 3.13.2         Interior Point Optimizer developed by A. Waechter et.al. (github.com/coin-or/Ipopt)

user parameter file <scip.set> not found - using default parameters

read problem <../modeles/4_394.lp>
============

original problem has 3160 variables (1576 bin, 0 int, 0 impl, 1584 cont) and 1593 constraints

solve problem
=============

presolving:
(round 1, fast)       4 del vars, 0 del conss, 0 add conss, 3360 chg bounds, 0 chg sides, 0 chg coeffs, 0 upgd conss, 0 impls, 4 clqs
(round 2, fast)       4 del vars, 0 del conss, 0 add conss, 3360 chg bounds, 0 chg sides, 1576 chg coeffs, 0 upgd conss, 0 impls, 4 clqs
   (0.0s) running MILP presolver
   (0.0s) MILP presolver (2 rounds): 0 aggregations, 0 fixings, 16 bound changes
(round 3, exhaustive) 4 del vars, 0 del conss, 0 add conss, 3376 chg bounds, 0 chg sides, 1576 chg coeffs, 12 upgd conss, 0 impls, 4 clqs
(round 4, exhaustive) 29 del vars, 0 del conss, 0 add conss, 3376 chg bounds, 0 chg sides, 1576 chg coeffs, 12 upgd conss, 11798 impls, 4 clqs
(round 5, exhaustive) 29 del vars, 0 del conss, 0 add conss, 3376 chg bounds, 0 chg sides, 1576 chg coeffs, 62 upgd conss, 11798 impls, 4 clqs
(round 6, exhaustive) 54 del vars, 0 del conss, 0 add conss, 3376 chg bounds, 0 chg sides, 1576 chg coeffs, 62 upgd conss, 24031 impls, 4 clqs
(round 7, exhaustive) 54 del vars, 0 del conss, 0 add conss, 3376 chg bounds, 0 chg sides, 1576 chg coeffs, 112 upgd conss, 24031 impls, 4 clqs
(round 8, exhaustive) 79 del vars, 0 del conss, 0 add conss, 3376 chg bounds, 0 chg sides, 1576 chg coeffs, 112 upgd conss, 30360 impls, 4 clqs
(round 9, fast)       79 del vars, 3 del conss, 0 add conss, 3376 chg bounds, 0 chg sides, 1576 chg coeffs, 112 upgd conss, 30360 impls, 4 clqs
(round 10, exhaustive) 79 del vars, 3 del conss, 0 add conss, 3376 chg bounds, 0 chg sides, 1576 chg coeffs, 149 upgd conss, 30360 impls, 4 clqs
(round 11, exhaustive) 104 del vars, 3 del conss, 0 add conss, 3376 chg bounds, 0 chg sides, 1576 chg coeffs, 149 upgd conss, 39395 impls, 4 clqs
(round 12, fast)       104 del vars, 7 del conss, 0 add conss, 3376 chg bounds, 0 chg sides, 1576 chg coeffs, 149 upgd conss, 39395 impls, 4 clqs
(round 13, exhaustive) 104 del vars, 7 del conss, 0 add conss, 3376 chg bounds, 0 chg sides, 1576 chg coeffs, 183 upgd conss, 39395 impls, 4 clqs
(round 14, exhaustive) 130 del vars, 7 del conss, 0 add conss, 3376 chg bounds, 0 chg sides, 1576 chg coeffs, 183 upgd conss, 50761 impls, 4 clqs
(round 15, fast)       130 del vars, 10 del conss, 0 add conss, 3376 chg bounds, 0 chg sides, 1576 chg coeffs, 183 upgd conss, 50761 impls, 4 clqs
(round 16, exhaustive) 130 del vars, 10 del conss, 0 add conss, 3376 chg bounds, 0 chg sides, 1576 chg coeffs, 222 upgd conss, 50761 impls, 4 clqs
(round 17, exhaustive) 157 del vars, 10 del conss, 0 add conss, 3376 chg bounds, 0 chg sides, 1576 chg coeffs, 222 upgd conss, 57019 impls, 4 clqs
(round 18, fast)       157 del vars, 19 del conss, 0 add conss, 3376 chg bounds, 0 chg sides, 1576 chg coeffs, 222 upgd conss, 57019 impls, 4 clqs
(round 19, exhaustive) 157 del vars, 19 del conss, 0 add conss, 3376 chg bounds, 0 chg sides, 1576 chg coeffs, 249 upgd conss, 57019 impls, 4 clqs
(round 20, exhaustive) 182 del vars, 19 del conss, 0 add conss, 3376 chg bounds, 0 chg sides, 1576 chg coeffs, 249 upgd conss, 62842 impls, 4 clqs
(round 21, fast)       182 del vars, 27 del conss, 0 add conss, 3376 chg bounds, 0 chg sides, 1576 chg coeffs, 249 upgd conss, 62842 impls, 4 clqs
(round 22, exhaustive) 182 del vars, 27 del conss, 0 add conss, 3376 chg bounds, 0 chg sides, 1576 chg coeffs, 275 upgd conss, 62842 impls, 4 clqs
(round 23, exhaustive) 209 del vars, 27 del conss, 0 add conss, 3376 chg bounds, 0 chg sides, 1576 chg coeffs, 275 upgd conss, 69805 impls, 4 clqs
(round 24, fast)       209 del vars, 34 del conss, 0 add conss, 3376 chg bounds, 0 chg sides, 1576 chg coeffs, 275 upgd conss, 69805 impls, 4 clqs
(round 25, exhaustive) 209 del vars, 34 del conss, 0 add conss, 3376 chg bounds, 0 chg sides, 1576 chg coeffs, 304 upgd conss, 69805 impls, 4 clqs
(round 26, exhaustive) 236 del vars, 34 del conss, 0 add conss, 3376 chg bounds, 0 chg sides, 1576 chg coeffs, 304 upgd conss, 73272 impls, 4 clqs
(round 27, fast)       236 del vars, 45 del conss, 0 add conss, 3376 chg bounds, 0 chg sides, 1576 chg coeffs, 304 upgd conss, 73272 impls, 4 clqs
(round 28, exhaustive) 236 del vars, 45 del conss, 0 add conss, 3376 chg bounds, 0 chg sides, 1576 chg coeffs, 325 upgd conss, 73272 impls, 4 clqs
(round 29, exhaustive) 261 del vars, 45 del conss, 0 add conss, 3376 chg bounds, 0 chg sides, 1576 chg coeffs, 325 upgd conss, 79720 impls, 4 clqs
(round 30, fast)       262 del vars, 55 del conss, 0 add conss, 3377 chg bounds, 0 chg sides, 1576 chg coeffs, 325 upgd conss, 79720 impls, 4 clqs
(round 31, exhaustive) 262 del vars, 55 del conss, 0 add conss, 3377 chg bounds, 0 chg sides, 1576 chg coeffs, 347 upgd conss, 79720 impls, 4 clqs
(round 32, exhaustive) 287 del vars, 55 del conss, 0 add conss, 3377 chg bounds, 0 chg sides, 1576 chg coeffs, 347 upgd conss, 85390 impls, 4 clqs
(round 33, fast)       287 del vars, 63 del conss, 0 add conss, 3377 chg bounds, 0 chg sides, 1576 chg coeffs, 347 upgd conss, 85390 impls, 4 clqs
(round 34, exhaustive) 287 del vars, 63 del conss, 0 add conss, 3377 chg bounds, 0 chg sides, 1576 chg coeffs, 373 upgd conss, 85390 impls, 4 clqs
(round 35, exhaustive) 312 del vars, 63 del conss, 0 add conss, 3377 chg bounds, 0 chg sides, 1576 chg coeffs, 373 upgd conss, 90668 impls, 4 clqs
(round 36, fast)       312 del vars, 71 del conss, 0 add conss, 3377 chg bounds, 0 chg sides, 1576 chg coeffs, 373 upgd conss, 90668 impls, 4 clqs
(round 37, exhaustive) 312 del vars, 71 del conss, 0 add conss, 3377 chg bounds, 0 chg sides, 1576 chg coeffs, 399 upgd conss, 90668 impls, 4 clqs
(round 38, exhaustive) 337 del vars, 71 del conss, 0 add conss, 3377 chg bounds, 0 chg sides, 1576 chg coeffs, 399 upgd conss, 99265 impls, 4 clqs
(round 39, fast)       340 del vars, 83 del conss, 0 add conss, 3380 chg bounds, 0 chg sides, 1576 chg coeffs, 399 upgd conss, 99265 impls, 4 clqs
(round 40, exhaustive) 340 del vars, 83 del conss, 0 add conss, 3380 chg bounds, 0 chg sides, 1576 chg coeffs, 419 upgd conss, 99265 impls, 4 clqs
(round 41, exhaustive) 365 del vars, 83 del conss, 0 add conss, 3380 chg bounds, 0 chg sides, 1576 chg coeffs, 419 upgd conss, 105193 impls, 4 clqs
(round 42, fast)       366 del vars, 91 del conss, 0 add conss, 3381 chg bounds, 0 chg sides, 1576 chg coeffs, 419 upgd conss, 105193 impls, 4 clqs
(round 43, exhaustive) 366 del vars, 91 del conss, 0 add conss, 3381 chg bounds, 0 chg sides, 1576 chg coeffs, 447 upgd conss, 105193 impls, 4 clqs
(round 44, exhaustive) 391 del vars, 91 del conss, 0 add conss, 3381 chg bounds, 0 chg sides, 1576 chg coeffs, 447 upgd conss, 109281 impls, 4 clqs
(round 45, fast)       395 del vars, 107 del conss, 0 add conss, 3385 chg bounds, 0 chg sides, 1576 chg coeffs, 447 upgd conss, 109281 impls, 4 clqs
(round 46, exhaustive) 395 del vars, 107 del conss, 0 add conss, 3385 chg bounds, 0 chg sides, 1576 chg coeffs, 457 upgd conss, 109281 impls, 4 clqs
(round 47, exhaustive) 420 del vars, 107 del conss, 0 add conss, 3385 chg bounds, 0 chg sides, 1576 chg coeffs, 457 upgd conss, 118052 impls, 4 clqs
(round 48, fast)       421 del vars, 117 del conss, 0 add conss, 3386 chg bounds, 0 chg sides, 1576 chg coeffs, 457 upgd conss, 118052 impls, 4 clqs
(round 49, exhaustive) 421 del vars, 117 del conss, 0 add conss, 3386 chg bounds, 0 chg sides, 1576 chg coeffs, 479 upgd conss, 118052 impls, 4 clqs
(round 50, exhaustive) 446 del vars, 117 del conss, 0 add conss, 3386 chg bounds, 0 chg sides, 1576 chg coeffs, 479 upgd conss, 122404 impls, 4 clqs
(round 51, fast)       446 del vars, 128 del conss, 0 add conss, 3386 chg bounds, 0 chg sides, 1576 chg coeffs, 479 upgd conss, 122404 impls, 4 clqs
(round 52, exhaustive) 446 del vars, 128 del conss, 0 add conss, 3386 chg bounds, 0 chg sides, 1576 chg coeffs, 496 upgd conss, 122404 impls, 4 clqs
(round 53, exhaustive) 471 del vars, 128 del conss, 0 add conss, 3386 chg bounds, 0 chg sides, 1576 chg coeffs, 496 upgd conss, 127415 impls, 4 clqs
(round 54, fast)       472 del vars, 141 del conss, 0 add conss, 3387 chg bounds, 0 chg sides, 1576 chg coeffs, 496 upgd conss, 127415 impls, 4 clqs
(round 55, exhaustive) 472 del vars, 141 del conss, 0 add conss, 3387 chg bounds, 0 chg sides, 1576 chg coeffs, 509 upgd conss, 127415 impls, 4 clqs
(round 56, exhaustive) 497 del vars, 141 del conss, 0 add conss, 3387 chg bounds, 0 chg sides, 1576 chg coeffs, 509 upgd conss, 133839 impls, 4 clqs
(round 57, fast)       497 del vars, 153 del conss, 0 add conss, 3387 chg bounds, 0 chg sides, 1576 chg coeffs, 509 upgd conss, 133839 impls, 4 clqs
   (1.0s) running MILP presolver
   (1.1s) MILP presolver (8 rounds): 0 aggregations, 56 fixings, 0 bound changes
(round 58, medium)     553 del vars, 175 del conss, 0 add conss, 3387 chg bounds, 0 chg sides, 1576 chg coeffs, 509 upgd conss, 133839 impls, 4 clqs
(round 59, fast)       553 del vars, 180 del conss, 0 add conss, 3387 chg bounds, 0 chg sides, 1576 chg coeffs, 509 upgd conss, 133839 impls, 4 clqs
(round 60, exhaustive) 553 del vars, 180 del conss, 0 add conss, 3387 chg bounds, 0 chg sides, 1576 chg coeffs, 549 upgd conss, 133839 impls, 4 clqs
(round 61, exhaustive) 578 del vars, 180 del conss, 0 add conss, 3387 chg bounds, 0 chg sides, 1576 chg coeffs, 549 upgd conss, 138722 impls, 4 clqs
(round 62, fast)       578 del vars, 191 del conss, 0 add conss, 3387 chg bounds, 0 chg sides, 1576 chg coeffs, 549 upgd conss, 138722 impls, 4 clqs
(round 63, exhaustive) 578 del vars, 191 del conss, 0 add conss, 3387 chg bounds, 0 chg sides, 1576 chg coeffs, 566 upgd conss, 138722 impls, 4 clqs
(round 64, exhaustive) 605 del vars, 191 del conss, 0 add conss, 3387 chg bounds, 0 chg sides, 1576 chg coeffs, 566 upgd conss, 145255 impls, 4 clqs
(round 65, fast)       605 del vars, 205 del conss, 0 add conss, 3387 chg bounds, 0 chg sides, 1576 chg coeffs, 566 upgd conss, 145255 impls, 4 clqs
(round 66, exhaustive) 605 del vars, 205 del conss, 0 add conss, 3387 chg bounds, 0 chg sides, 1576 chg coeffs, 578 upgd conss, 145255 impls, 4 clqs
(round 67, exhaustive) 630 del vars, 205 del conss, 0 add conss, 3387 chg bounds, 0 chg sides, 1576 chg coeffs, 578 upgd conss, 147977 impls, 4 clqs
(round 68, fast)       632 del vars, 219 del conss, 0 add conss, 3389 chg bounds, 0 chg sides, 1576 chg coeffs, 578 upgd conss, 147977 impls, 4 clqs
(round 69, exhaustive) 632 del vars, 219 del conss, 0 add conss, 3389 chg bounds, 0 chg sides, 1576 chg coeffs, 590 upgd conss, 147977 impls, 4 clqs
(round 70, exhaustive) 657 del vars, 219 del conss, 0 add conss, 3389 chg bounds, 0 chg sides, 1576 chg coeffs, 590 upgd conss, 150021 impls, 4 clqs
(round 71, fast)       657 del vars, 233 del conss, 0 add conss, 3389 chg bounds, 0 chg sides, 1576 chg coeffs, 590 upgd conss, 150021 impls, 4 clqs
(round 72, exhaustive) 657 del vars, 233 del conss, 0 add conss, 3389 chg bounds, 0 chg sides, 1576 chg coeffs, 598 upgd conss, 150021 impls, 4 clqs
(round 73, exhaustive) 684 del vars, 233 del conss, 0 add conss, 3389 chg bounds, 0 chg sides, 1576 chg coeffs, 598 upgd conss, 152691 impls, 4 clqs
(round 74, fast)       684 del vars, 248 del conss, 0 add conss, 3389 chg bounds, 0 chg sides, 1576 chg coeffs, 598 upgd conss, 152691 impls, 4 clqs
(round 75, exhaustive) 684 del vars, 248 del conss, 0 add conss, 3389 chg bounds, 0 chg sides, 1576 chg coeffs, 606 upgd conss, 152691 impls, 4 clqs
(round 76, exhaustive) 713 del vars, 248 del conss, 0 add conss, 3389 chg bounds, 0 chg sides, 1576 chg coeffs, 606 upgd conss, 158302 impls, 4 clqs
(round 77, fast)       713 del vars, 262 del conss, 0 add conss, 3389 chg bounds, 0 chg sides, 1576 chg coeffs, 606 upgd conss, 158302 impls, 4 clqs
(round 78, exhaustive) 713 del vars, 262 del conss, 0 add conss, 3389 chg bounds, 0 chg sides, 1576 chg coeffs, 621 upgd conss, 158302 impls, 4 clqs
(round 79, exhaustive) 738 del vars, 262 del conss, 0 add conss, 3389 chg bounds, 0 chg sides, 1576 chg coeffs, 621 upgd conss, 161906 impls, 4 clqs
(round 80, fast)       739 del vars, 276 del conss, 0 add conss, 3390 chg bounds, 0 chg sides, 1576 chg coeffs, 621 upgd conss, 161906 impls, 4 clqs
(round 81, exhaustive) 739 del vars, 276 del conss, 0 add conss, 3390 chg bounds, 0 chg sides, 1576 chg coeffs, 631 upgd conss, 161906 impls, 4 clqs
(round 82, exhaustive) 764 del vars, 276 del conss, 0 add conss, 3390 chg bounds, 0 chg sides, 1576 chg coeffs, 631 upgd conss, 167999 impls, 4 clqs
(round 83, fast)       765 del vars, 290 del conss, 0 add conss, 3391 chg bounds, 0 chg sides, 1576 chg coeffs, 631 upgd conss, 167999 impls, 4 clqs
(round 84, exhaustive) 765 del vars, 290 del conss, 0 add conss, 3391 chg bounds, 0 chg sides, 1576 chg coeffs, 641 upgd conss, 167999 impls, 4 clqs
(round 85, exhaustive) 790 del vars, 290 del conss, 0 add conss, 3391 chg bounds, 0 chg sides, 1576 chg coeffs, 641 upgd conss, 173763 impls, 4 clqs
(round 86, fast)       791 del vars, 302 del conss, 0 add conss, 3392 chg bounds, 0 chg sides, 1576 chg coeffs, 641 upgd conss, 173763 impls, 4 clqs
(round 87, exhaustive) 791 del vars, 302 del conss, 0 add conss, 3392 chg bounds, 0 chg sides, 1576 chg coeffs, 656 upgd conss, 173763 impls, 4 clqs
(round 88, exhaustive) 816 del vars, 302 del conss, 0 add conss, 3392 chg bounds, 0 chg sides, 1576 chg coeffs, 656 upgd conss, 176302 impls, 4 clqs
(round 89, fast)       816 del vars, 314 del conss, 0 add conss, 3392 chg bounds, 0 chg sides, 1576 chg coeffs, 656 upgd conss, 176302 impls, 4 clqs
(round 90, exhaustive) 816 del vars, 314 del conss, 0 add conss, 3392 chg bounds, 0 chg sides, 1576 chg coeffs, 670 upgd conss, 176302 impls, 4 clqs
(round 91, exhaustive) 841 del vars, 314 del conss, 0 add conss, 3392 chg bounds, 0 chg sides, 1576 chg coeffs, 670 upgd conss, 177555 impls, 4 clqs
(round 92, fast)       841 del vars, 328 del conss, 0 add conss, 3392 chg bounds, 0 chg sides, 1576 chg coeffs, 670 upgd conss, 177555 impls, 4 clqs
(round 93, exhaustive) 841 del vars, 328 del conss, 0 add conss, 3392 chg bounds, 0 chg sides, 1576 chg coeffs, 678 upgd conss, 177555 impls, 4 clqs
(round 94, exhaustive) 866 del vars, 328 del conss, 0 add conss, 3392 chg bounds, 0 chg sides, 1576 chg coeffs, 678 upgd conss, 181854 impls, 4 clqs
(round 95, fast)       868 del vars, 343 del conss, 0 add conss, 3394 chg bounds, 0 chg sides, 1576 chg coeffs, 678 upgd conss, 181854 impls, 4 clqs
(round 96, exhaustive) 868 del vars, 343 del conss, 0 add conss, 3394 chg bounds, 0 chg sides, 1576 chg coeffs, 687 upgd conss, 181854 impls, 4 clqs
   (1.5s) probing: 1000/1576 (63.5%) - 805 fixings, 0 aggregations, 182710 implications, 0 bound changes
(round 97, exhaustive) 893 del vars, 343 del conss, 0 add conss, 3394 chg bounds, 0 chg sides, 1576 chg coeffs, 687 upgd conss, 184302 impls, 4 clqs
(round 98, fast)       898 del vars, 360 del conss, 0 add conss, 3399 chg bounds, 0 chg sides, 1576 chg coeffs, 687 upgd conss, 184302 impls, 4 clqs
(round 99, exhaustive) 898 del vars, 360 del conss, 0 add conss, 3399 chg bounds, 0 chg sides, 1576 chg coeffs, 696 upgd conss, 184302 impls, 4 clqs
(round 100, exhaustive) 924 del vars, 360 del conss, 0 add conss, 3399 chg bounds, 0 chg sides, 1576 chg coeffs, 696 upgd conss, 188504 impls, 4 clqs
(round 101, fast)       924 del vars, 375 del conss, 0 add conss, 3399 chg bounds, 0 chg sides, 1576 chg coeffs, 696 upgd conss, 188504 impls, 4 clqs
(round 102, exhaustive) 924 del vars, 375 del conss, 0 add conss, 3399 chg bounds, 0 chg sides, 1576 chg coeffs, 703 upgd conss, 188504 impls, 4 clqs
(round 103, exhaustive) 951 del vars, 375 del conss, 0 add conss, 3399 chg bounds, 0 chg sides, 1576 chg coeffs, 703 upgd conss, 191773 impls, 4 clqs
(round 104, fast)       951 del vars, 391 del conss, 0 add conss, 3399 chg bounds, 0 chg sides, 1576 chg coeffs, 703 upgd conss, 191773 impls, 4 clqs
   (1.6s) running MILP presolver
   (1.7s) MILP presolver (17 rounds): 0 aggregations, 130 fixings, 0 bound changes
(round 105, medium)     1081 del vars, 466 del conss, 0 add conss, 3399 chg bounds, 0 chg sides, 1576 chg coeffs, 703 upgd conss, 191773 impls, 4 clqs
(round 106, fast)       1081 del vars, 471 del conss, 0 add conss, 3399 chg bounds, 0 chg sides, 1576 chg coeffs, 703 upgd conss, 191773 impls, 4 clqs
(round 107, exhaustive) 1081 del vars, 471 del conss, 0 add conss, 3399 chg bounds, 0 chg sides, 1576 chg coeffs, 724 upgd conss, 191773 impls, 4 clqs
(round 108, exhaustive) 1108 del vars, 471 del conss, 0 add conss, 3399 chg bounds, 0 chg sides, 1576 chg coeffs, 724 upgd conss, 194804 impls, 4 clqs
(round 109, fast)       1108 del vars, 487 del conss, 0 add conss, 3399 chg bounds, 0 chg sides, 1576 chg coeffs, 724 upgd conss, 194804 impls, 4 clqs
(round 110, exhaustive) 1108 del vars, 487 del conss, 0 add conss, 3399 chg bounds, 0 chg sides, 1576 chg coeffs, 730 upgd conss, 194804 impls, 4 clqs
(round 111, exhaustive) 1134 del vars, 487 del conss, 0 add conss, 3399 chg bounds, 0 chg sides, 1576 chg coeffs, 730 upgd conss, 199375 impls, 4 clqs
(round 112, fast)       1134 del vars, 503 del conss, 0 add conss, 3399 chg bounds, 0 chg sides, 1576 chg coeffs, 730 upgd conss, 199375 impls, 4 clqs
(round 113, exhaustive) 1134 del vars, 503 del conss, 0 add conss, 3399 chg bounds, 0 chg sides, 1576 chg coeffs, 734 upgd conss, 199375 impls, 4 clqs
(round 114, exhaustive) 1159 del vars, 503 del conss, 0 add conss, 3399 chg bounds, 0 chg sides, 1576 chg coeffs, 734 upgd conss, 203610 impls, 4 clqs
(round 115, fast)       1161 del vars, 517 del conss, 0 add conss, 3401 chg bounds, 0 chg sides, 1576 chg coeffs, 734 upgd conss, 203610 impls, 4 clqs
(round 116, exhaustive) 1161 del vars, 517 del conss, 0 add conss, 3401 chg bounds, 0 chg sides, 1576 chg coeffs, 742 upgd conss, 203610 impls, 4 clqs
(round 117, exhaustive) 1187 del vars, 517 del conss, 0 add conss, 3401 chg bounds, 0 chg sides, 1576 chg coeffs, 742 upgd conss, 210404 impls, 4 clqs
(round 118, fast)       1187 del vars, 533 del conss, 0 add conss, 3401 chg bounds, 0 chg sides, 1576 chg coeffs, 742 upgd conss, 210404 impls, 4 clqs
(round 119, exhaustive) 1187 del vars, 533 del conss, 0 add conss, 3401 chg bounds, 0 chg sides, 1576 chg coeffs, 746 upgd conss, 210404 impls, 4 clqs
(round 120, exhaustive) 1213 del vars, 533 del conss, 0 add conss, 3401 chg bounds, 0 chg sides, 1576 chg coeffs, 746 upgd conss, 215058 impls, 4 clqs
(round 121, fast)       1213 del vars, 549 del conss, 0 add conss, 3401 chg bounds, 0 chg sides, 1576 chg coeffs, 746 upgd conss, 215058 impls, 4 clqs
(round 122, exhaustive) 1213 del vars, 549 del conss, 0 add conss, 3401 chg bounds, 0 chg sides, 1576 chg coeffs, 749 upgd conss, 215058 impls, 4 clqs
(round 123, exhaustive) 1241 del vars, 549 del conss, 0 add conss, 3401 chg bounds, 0 chg sides, 1576 chg coeffs, 749 upgd conss, 219112 impls, 4 clqs
(round 124, fast)       1241 del vars, 567 del conss, 0 add conss, 3401 chg bounds, 0 chg sides, 1576 chg coeffs, 749 upgd conss, 219112 impls, 4 clqs
(round 125, exhaustive) 1241 del vars, 567 del conss, 0 add conss, 3401 chg bounds, 0 chg sides, 1576 chg coeffs, 751 upgd conss, 219112 impls, 4 clqs
(round 126, exhaustive) 1266 del vars, 567 del conss, 0 add conss, 3401 chg bounds, 0 chg sides, 1576 chg coeffs, 751 upgd conss, 223826 impls, 4 clqs
(round 127, fast)       1266 del vars, 582 del conss, 0 add conss, 3401 chg bounds, 0 chg sides, 1576 chg coeffs, 751 upgd conss, 223826 impls, 4 clqs
(round 128, exhaustive) 1266 del vars, 582 del conss, 0 add conss, 3401 chg bounds, 0 chg sides, 1576 chg coeffs, 756 upgd conss, 223826 impls, 4 clqs
(round 129, exhaustive) 1293 del vars, 582 del conss, 0 add conss, 3401 chg bounds, 0 chg sides, 1576 chg coeffs, 756 upgd conss, 226520 impls, 4 clqs
(round 130, fast)       1293 del vars, 598 del conss, 0 add conss, 3401 chg bounds, 0 chg sides, 1576 chg coeffs, 756 upgd conss, 226520 impls, 4 clqs
(round 131, exhaustive) 1293 del vars, 598 del conss, 0 add conss, 3401 chg bounds, 0 chg sides, 1576 chg coeffs, 762 upgd conss, 226520 impls, 4 clqs
(round 132, exhaustive) 1319 del vars, 598 del conss, 0 add conss, 3401 chg bounds, 0 chg sides, 1576 chg coeffs, 762 upgd conss, 230878 impls, 4 clqs
(round 133, fast)       1319 del vars, 615 del conss, 0 add conss, 3401 chg bounds, 0 chg sides, 1576 chg coeffs, 762 upgd conss, 230878 impls, 4 clqs
(round 134, exhaustive) 1319 del vars, 615 del conss, 0 add conss, 3401 chg bounds, 0 chg sides, 1576 chg coeffs, 763 upgd conss, 230878 impls, 4 clqs
(round 135, exhaustive) 1346 del vars, 615 del conss, 0 add conss, 3401 chg bounds, 0 chg sides, 1576 chg coeffs, 763 upgd conss, 233974 impls, 4 clqs
(round 136, fast)       1346 del vars, 633 del conss, 0 add conss, 3401 chg bounds, 0 chg sides, 1576 chg coeffs, 763 upgd conss, 233974 impls, 4 clqs
(round 137, exhaustive) 1371 del vars, 633 del conss, 0 add conss, 3401 chg bounds, 0 chg sides, 1576 chg coeffs, 763 upgd conss, 234907 impls, 4 clqs
(round 138, fast)       1377 del vars, 653 del conss, 0 add conss, 3407 chg bounds, 0 chg sides, 1576 chg coeffs, 763 upgd conss, 234907 impls, 4 clqs
   (2.0s) running MILP presolver
   (2.0s) MILP presolver found nothing
(round 139, exhaustive) 1377 del vars, 653 del conss, 0 add conss, 3407 chg bounds, 0 chg sides, 1576 chg coeffs, 765 upgd conss, 234907 impls, 4 clqs
(round 140, exhaustive) 1402 del vars, 653 del conss, 0 add conss, 3407 chg bounds, 0 chg sides, 1576 chg coeffs, 765 upgd conss, 239898 impls, 4 clqs
(round 141, fast)       1404 del vars, 671 del conss, 0 add conss, 3409 chg bounds, 0 chg sides, 1576 chg coeffs, 765 upgd conss, 239898 impls, 4 clqs
(round 142, exhaustive) 1429 del vars, 671 del conss, 0 add conss, 3409 chg bounds, 0 chg sides, 1576 chg coeffs, 765 upgd conss, 246424 impls, 4 clqs
(round 143, fast)       1433 del vars, 690 del conss, 0 add conss, 3413 chg bounds, 0 chg sides, 1576 chg coeffs, 765 upgd conss, 246424 impls, 4 clqs
(round 144, exhaustive) 1433 del vars, 690 del conss, 0 add conss, 3413 chg bounds, 0 chg sides, 1576 chg coeffs, 766 upgd conss, 246424 impls, 4 clqs
(round 145, exhaustive) 1463 del vars, 690 del conss, 0 add conss, 3413 chg bounds, 0 chg sides, 1576 chg coeffs, 766 upgd conss, 246871 impls, 4 clqs
(round 146, fast)       1463 del vars, 710 del conss, 0 add conss, 3413 chg bounds, 0 chg sides, 1576 chg coeffs, 766 upgd conss, 246871 impls, 4 clqs
(round 147, exhaustive) 1488 del vars, 710 del conss, 0 add conss, 3413 chg bounds, 0 chg sides, 1576 chg coeffs, 766 upgd conss, 249840 impls, 4 clqs
(round 148, fast)       1490 del vars, 728 del conss, 0 add conss, 3415 chg bounds, 0 chg sides, 1576 chg coeffs, 766 upgd conss, 249840 impls, 4 clqs
(round 149, exhaustive) 1515 del vars, 728 del conss, 0 add conss, 3415 chg bounds, 0 chg sides, 1576 chg coeffs, 766 upgd conss, 251911 impls, 4 clqs
(round 150, fast)       1521 del vars, 747 del conss, 0 add conss, 3421 chg bounds, 0 chg sides, 1576 chg coeffs, 766 upgd conss, 251911 impls, 4 clqs
(round 151, exhaustive) 1521 del vars, 747 del conss, 0 add conss, 3421 chg bounds, 0 chg sides, 1576 chg coeffs, 767 upgd conss, 251911 impls, 4 clqs
(round 152, exhaustive) 1547 del vars, 747 del conss, 0 add conss, 3421 chg bounds, 0 chg sides, 1576 chg coeffs, 767 upgd conss, 256185 impls, 4 clqs
(round 153, fast)       1547 del vars, 764 del conss, 0 add conss, 3421 chg bounds, 0 chg sides, 1576 chg coeffs, 767 upgd conss, 256185 impls, 4 clqs
   (2.2s) probing cycle finished: starting next cycle
   (2.2s) probing: 52/800 (6.5%) - 1321 fixings, 0 aggregations, 256019 implications, 0 bound changes
   (2.2s) probing aborted: 50/50 successive totally useless probings
(round 154, exhaustive) 1556 del vars, 764 del conss, 0 add conss, 3421 chg bounds, 0 chg sides, 1576 chg coeffs, 767 upgd conss, 256782 impls, 4 clqs
(round 155, fast)       1556 del vars, 770 del conss, 0 add conss, 3421 chg bounds, 0 chg sides, 1576 chg coeffs, 767 upgd conss, 256782 impls, 4 clqs
   (2.2s) probing: 57/800 (7.1%) - 1321 fixings, 0 aggregations, 256019 implications, 0 bound changes
   (2.2s) probing aborted: 50/50 successive totally useless probings
   (2.2s) symmetry computation started: requiring (bin +, int -, cont +), (fixed: bin -, int +, cont -)
   (2.2s) symmetry computation finished: 3 generators found (max: 1500, log10 of symmetry group size: 1.4)
(round 156, exhaustive) 1556 del vars, 770 del conss, 1 add conss, 3421 chg bounds, 0 chg sides, 1576 chg coeffs, 767 upgd conss, 256782 impls, 4 clqs
presolving (157 rounds: 157 fast, 103 medium, 101 exhaustive):
 1556 deleted vars, 770 deleted constraints, 1 added constraints, 3421 tightened bounds, 0 added holes, 0 changed sides, 1576 changed coefficients
 256782 implications, 4 cliques
presolved problem has 1604 variables (800 bin, 0 int, 0 impl, 804 cont) and 818 constraints
      8 constraints of type <varbound>
      4 constraints of type <setppc>
    805 constraints of type <linear>
      1 constraints of type <orbitope>
Presolving Time: 2.19

 time | node  | left  |LP iter|LP it/n|mem/heur|mdpt |vars |cons |rows |cuts |sepa|confs|strbr|  dualbound   | primalbound  |  gap   | compl. 
  2.2s|     1 |     0 |   529 |     - |    79M |   0 |1604 | 820 | 817 |   0 |  0 |   1 |   0 |-1.999923e+00 |      --      |    Inf | unknown
o 2.2s|     1 |     0 |   540 |     - |feaspump|   0 |1604 | 820 | 817 |   0 |  0 |   1 |   0 |-1.999923e+00 |-1.999923e+00 |   0.00%| unknown
  2.2s|     1 |     0 |   540 |     - |    79M |   0 |1604 | 820 | 817 |   0 |  0 |   1 |   0 |-1.999923e+00 |-1.999923e+00 |   0.00%| unknown

SCIP Status        : problem is solved [optimal solution found]
Solving Time (sec) : 2.24
Solving Nodes      : 1
Primal Bound       : -1.99992308875558e+00 (1 solutions)
Dual Bound         : -1.99992308875558e+00
Gap                : 0.00 %

primal solution (original space):
=================================

objective value:                    -1.99992308875558
y_1,148_                                            1 	(obj:0)
y_2,148_                                            1 	(obj:0)
y_3,148_                                            1 	(obj:0)
y_4,149_                                            1 	(obj:0)
x_2_                                -0.49746192893401 	(obj:1)
x_4_                                -0.49746192893401 	(obj:1)
t_3,149_                                            1 	(obj:0)
t_2,149_                                            1 	(obj:0)
x_3_                                -0.49746192893401 	(obj:1)
t_1,148_                            0.992424242424238 	(obj:0)
t_4,149_                                            1 	(obj:0)
x_1_                               -0.507537301953546 	(obj:1)
t_1,149_                          0.00757575757576245 	(obj:0)

Statistics
==========

SCIP Status        : problem is solved [optimal solution found]
Total Time         :       2.25
  solving          :       2.24
  presolving       :       2.19 (included in solving)
  reading          :       0.01
  copying          :       0.00 (0 times copied the problem)
Original Problem   :
  Problem name     : ../modeles/4_394.lp
  Variables        : 3160 (1576 binary, 0 integer, 0 implicit integer, 1584 continuous)
  Constraints      : 1593 initial, 1593 maximal
  Objective        : minimize, 4 non-zeros (abs.min = 1, abs.max = 1)
Presolved Problem  :
  Problem name     : t_../modeles/4_394.lp
  Variables        : 1604 (800 binary, 0 integer, 0 implicit integer, 804 continuous)
  Constraints      : 818 initial, 820 maximal
  Objective        : minimize, 800 non-zeros (abs.min = 0.0101523, abs.max = 1.01523)
  Nonzeros         : 6408 constraint, 800 clique table
Presolvers         :   ExecTime  SetupTime  Calls  FixedVars   AggrVars   ChgTypes  ChgBounds   AddHoles    DelCons    AddCons   ChgSides   ChgCoefs
  boundshift       :       0.00       0.00      0          0          0          0          0          0          0          0          0          0
  convertinttobin  :       0.00       0.00      0          0          0          0          0          0          0          0          0          0
  domcol           :       0.33       0.00     54          0          0          0          0          0          0          0          0          0
  dualagg          :       0.00       0.00      0          0          0          0          0          0          0          0          0          0
  dualcomp         :       0.06       0.00     54          0          0          0          0          0          0          0          0          0
  dualinfer        :       0.00       0.00      0          0          0          0          0          0          0          0          0          0
  dualsparsify     :       0.00       0.00      1          0          0          0          0          0          0          0          0          0
  gateextraction   :       0.00       0.00      0          0          0          0          0          0          0          0          0          0
  implics          :       0.00       0.00    103          0          0          0          0          0          0          0          0          0
  inttobinary      :       0.00       0.00      0          0          0          0          0          0          0          0          0          0
  milp             :       0.16       0.00      4        186          0          0         16          0          0          0          0          0
  qpkktref         :       0.00       0.00      0          0          0          0          0          0          0          0          0          0
  redvub           :       0.00       0.00      0          0          0          0          0          0          0          0          0          0
  sparsify         :       0.04       0.00      7          0          0          0          0          0          0          0          0          0
  stuffing         :       0.00       0.00      0          0          0          0          0          0          0          0          0          0
  trivial          :       0.01       0.00    157          0          0          0          0          0          0          0          0          0
  tworowbnd        :       0.00       0.00      0          0          0          0          0          0          0          0          0          0
  dualfix          :       0.01       0.00    157          0          0          0          0          0          0          0          0          0
  genvbounds       :       0.00       0.00      0          0          0          0          0          0          0          0          0          0
  probing          :       1.27       0.00     53       1321          0          0          0          0          0          0          0          0
  pseudoobj        :       0.00       0.00      0          0          0          0          0          0          0          0          0          0
  symmetry         :       0.01       0.00      1          0          0          0          0          0          0          1          0          0
  vbounds          :       0.00       0.00      1          0          0          0          0          0          0          0          0          0
  varbound         :       0.01       0.00    256          0          0          0         44          0        755          0          0          0
  setppc           :       0.01       0.00    356          0          0          0          0          0          0          0          0          0
  linear           :       0.27       0.00    258         45          4          0       3361          0         15          0          0       1576
  orbitope         :       0.00       0.00      1          0          0          0          0          0          0          0          0          0
  logicor          :       0.00       0.00      0          0          0          0          0          0          0          0          0          0
  benders          :       0.00       0.00      0          0          0          0          0          0          0          0          0          0
  components       :       0.00       0.00      1          0          0          0          0          0          0          0          0          0
  root node        :          -          -      -          0          -          -          0          -          -          -          -          -
Constraints        :     Number  MaxNumber  #Separate #Propagate    #EnfoLP    #EnfoRelax  #EnfoPS    #Check   #ResProp    Cutoffs    DomReds       Cuts    Applied      Conss   Children
  benderslp        :          0          0          0          0          0          0          0         12          0          0          0          0          0          0          0
  integral         :          0          0          0          0          0          0          0         12          0          0          0          0          0          0          0
  varbound         :          8          8          0       4598          0          0          0          6         12          0          0          0          0          0          0
  setppc           :          4          4          0       4597          0          0          0          6        597          0          0          0          0          0          0
  linear           :        805        805          0       4599          0          0          0          1       2396        708          0          0          0          0          0
  orbitope         :          1          1          0         70          0          0          0          1          0          0          0          0          0          0          0
  logicor          :          0+         2          0          6          0          0          0          0          0          0          0          0          0          0          0
  benders          :          0          0          0          0          0          0          0          2          0          0          0          0          0          0          0
  countsols        :          0          0          0          0          0          0          0          2          0          0          0          0          0          0          0
  components       :          0          0          0          0          0          0          0          0          0          0          0          0          0          0          0
Constraint Timings :  TotalTime  SetupTime   Separate  Propagate     EnfoLP     EnfoPS     EnfoRelax   Check    ResProp    SB-Prop
  benderslp        :       0.00       0.00       0.00       0.00       0.00       0.00       0.00       0.00       0.00       0.00
  integral         :       0.00       0.00       0.00       0.00       0.00       0.00       0.00       0.00       0.00       0.00
  varbound         :       0.07       0.00       0.00       0.07       0.00       0.00       0.00       0.00       0.00       0.00
  setppc           :       0.00       0.00       0.00       0.00       0.00       0.00       0.00       0.00       0.00       0.00
  linear           :       0.39       0.00       0.00       0.39       0.00       0.00       0.00       0.00       0.00       0.00
  orbitope         :       0.00       0.00       0.00       0.00       0.00       0.00       0.00       0.00       0.00       0.00
  logicor          :       0.00       0.00       0.00       0.00       0.00       0.00       0.00       0.00       0.00       0.00
  benders          :       0.00       0.00       0.00       0.00       0.00       0.00       0.00       0.00       0.00       0.00
  countsols        :       0.00       0.00       0.00       0.00       0.00       0.00       0.00       0.00       0.00       0.00
  components       :       0.00       0.00       0.00       0.00       0.00       0.00       0.00       0.00       0.00       0.00
Propagators        : #Propagate   #ResProp    Cutoffs    DomReds
  dualfix          :          1          0          0          0
  genvbounds       :          0          0          0          0
  nlobbt           :          0          0          0          0
  obbt             :          0          0          0          0
  probing          :          0          0          0          0
  pseudoobj        :          2          0          0          0
  redcost          :          1          0          0          0
  rootredcost      :          0          0          0          0
  symmetry         :          0          0          0          0
  vbounds          :         38          0          0          0
Propagator Timings :  TotalTime  SetupTime   Presolve  Propagate    ResProp    SB-Prop
  dualfix          :       0.01       0.00       0.01       0.00       0.00       0.00
  genvbounds       :       0.00       0.00       0.00       0.00       0.00       0.00
  nlobbt           :       0.00       0.00       0.00       0.00       0.00       0.00
  obbt             :       0.00       0.00       0.00       0.00       0.00       0.00
  probing          :       1.27       0.00       1.27       0.00       0.00       0.00
  pseudoobj        :       0.00       0.00       0.00       0.00       0.00       0.00
  redcost          :       0.00       0.00       0.00       0.00       0.00       0.00
  rootredcost      :       0.00       0.00       0.00       0.00       0.00       0.00
  symmetry         :       0.01       0.00       0.01       0.00       0.00       0.00
  vbounds          :       0.02       0.00       0.00       0.01       0.00       0.00
Orbital fixing     :
  vars fixed to 0  :          0
  vars fixed to 1  :          0
Conflict Analysis  :       Time      Calls    Success    DomReds  Conflicts   Literals    Reconvs ReconvLits   Dualrays   Nonzeros   LP Iters   (pool size: [10000,10000])
  propagation      :       0.00          1          1          -          3      203.0          0        0.0          -          -          -
  infeasible LP    :       0.00          1          0          -          0        0.0          0        0.0          0        0.0          0
  bound exceed. LP :       0.00          0          0          -          0        0.0          0        0.0          0        0.0          0
  strong branching :       0.00          0          0          -          0        0.0          0        0.0          -          -          0
  pseudo solution  :       0.00          0          0          -          0        0.0          0        0.0          -          -          -
  applied globally :       0.00          -          -          0          1        3.0          -          -          0          -          -
  applied locally  :          -          -          -          0          0        0.0          -          -          0          -          -
Separators         :   ExecTime  SetupTime      Calls    Cutoffs    DomReds       Cuts    Applied      Conss
  cut pool         :       0.00                     0          -          -          0          -          -    (maximal pool size: 0)
  aggregation      :       0.00       0.00          0          0          0          0          0          0
  > cmir           :          -          -          -          -          -          -          0          -
  > flowcover      :          -          -          -          -          -          -          0          -
  > knapsackcover  :          -          -          -          -          -          -          0          -
  cgmip            :       0.00       0.00          0          0          0          0          0          0
  clique           :       0.00       0.00          0          0          0          0          0          0
  closecuts        :       0.00       0.00          0          0          0          0          0          0
  convexproj       :       0.00       0.00          0          0          0          0          0          0
  disjunctive      :       0.00       0.00          0          0          0          0          0          0
  eccuts           :       0.00       0.00          0          0          0          0          0          0
  gauge            :       0.00       0.00          0          0          0          0          0          0
  gomory           :       0.00       0.00          0          0          0          0          0          0
  > gomorymi       :          -          -          -          -          -          -          0          -
  > strongcg       :          -          -          -          -          -          -          0          -
  impliedbounds    :       0.00       0.00          0          0          0          0          0          0
  interminor       :       0.00       0.00          0          0          0          0          0          0
  intobj           :       0.00       0.00          0          0          0          0          0          0
  mcf              :       0.00       0.00          0          0          0          0          0          0
  minor            :       0.00       0.00          0          0          0          0          0          0
  mixing           :       0.00       0.00          0          0          0          0          0          0
  oddcycle         :       0.00       0.00          0          0          0          0          0          0
  rapidlearning    :       0.00       0.00          0          0          0          0          0          0
  rlt              :       0.00       0.00          0          0          0          0          0          0
  zerohalf         :       0.00       0.00          0          0          0          0          0          0
Cutselectors       :   ExecTime  SetupTime
  hybrid           :       0.00       0.00
Pricers            :   ExecTime  SetupTime      Calls       Vars
  problem variables:       0.00          -          0          0
Branching Rules    :   ExecTime  SetupTime   BranchLP  BranchExt   BranchPS    Cutoffs    DomReds       Cuts      Conss   Children
  allfullstrong    :       0.00       0.00          0          0          0          0          0          0          0          0
  cloud            :       0.00       0.00          0          0          0          0          0          0          0          0
  distribution     :       0.00       0.00          0          0          0          0          0          0          0          0
  fullstrong       :       0.00       0.00          0          0          0          0          0          0          0          0
  inference        :       0.00       0.00          0          0          0          0          0          0          0          0
  leastinf         :       0.00       0.00          0          0          0          0          0          0          0          0
  lookahead        :       0.00       0.00          0          0          0          0          0          0          0          0
  mostinf          :       0.00       0.00          0          0          0          0          0          0          0          0
  multaggr         :       0.00       0.00          0          0          0          0          0          0          0          0
  nodereopt        :       0.00       0.00          0          0          0          0          0          0          0          0
  pscost           :       0.00       0.00          0          0          0          0          0          0          0          0
  random           :       0.00       0.00          0          0          0          0          0          0          0          0
  relpscost        :       0.00       0.00          0          0          0          0          0          0          0          0
  vanillafullstrong:       0.00       0.00          0          0          0          0          0          0          0          0
Primal Heuristics  :   ExecTime  SetupTime      Calls      Found       Best
  LP solutions     :       0.00          -          -          0          0
  relax solutions  :       0.00          -          -          0          0
  pseudo solutions :       0.00          -          -          0          0
  strong branching :       0.00          -          -          0          0
  actconsdiving    :       0.00       0.00          0          0          0
  adaptivediving   :       0.00       0.00          0          0          0
  alns             :       0.00       0.00          0          0          0
  bound            :       0.00       0.00          0          0          0
  clique           :       0.00       0.00          1          0          0
  coefdiving       :       0.00       0.00          0          0          0
  completesol      :       0.00       0.00          0          0          0
  conflictdiving   :       0.00       0.00          0          0          0
  crossover        :       0.00       0.00          0          0          0
  dins             :       0.00       0.00          0          0          0
  distributiondivin:       0.00       0.00          0          0          0
  dps              :       0.00       0.00          0          0          0
  dualval          :       0.00       0.00          0          0          0
  farkasdiving     :       0.00       0.00          0          0          0
  feaspump         :       0.00       0.00          1          1          1
  fixandinfer      :       0.00       0.00          0          0          0
  fracdiving       :       0.00       0.00          0          0          0
  gins             :       0.00       0.00          0          0          0
  guideddiving     :       0.00       0.00          0          0          0
  indicator        :       0.00       0.00          0          0          0
  intdiving        :       0.00       0.00          0          0          0
  intshifting      :       0.00       0.00          0          0          0
  linesearchdiving :       0.00       0.00          0          0          0
  localbranching   :       0.00       0.00          0          0          0
  locks            :       0.00       0.00          1          0          0
  lpface           :       0.00       0.00          0          0          0
  mpec             :       0.00       0.00          0          0          0
  multistart       :       0.00       0.00          0          0          0
  mutation         :       0.00       0.00          0          0          0
  nlpdiving        :       0.00       0.00          0          0          0
  objpscostdiving  :       0.00       0.00          0          0          0
  octane           :       0.00       0.00          0          0          0
  ofins            :       0.00       0.00          0          0          0
  oneopt           :       0.00       0.00          0          0          0
  padm             :       0.00       0.00          0          0          0
  proximity        :       0.00       0.00          0          0          0
  pscostdiving     :       0.00       0.00          0          0          0
  randrounding     :       0.00       0.00          1          0          0
  rens             :       0.00       0.00          0          0          0
  reoptsols        :       0.00       0.00          0          0          0
  repair           :       0.00       0.00          0          0          0
  rins             :       0.00       0.00          0          0          0
  rootsoldiving    :       0.00       0.00          0          0          0
  rounding         :       0.00       0.00          1          0          0
  shiftandpropagate:       0.01       0.00          1          0          0
  shifting         :       0.00       0.00          1          0          0
  simplerounding   :       0.00       0.00          0          0          0
  subnlp           :       0.00       0.00          0          0          0
  trivial          :       0.00       0.00          2          0          0
  trivialnegation  :       0.00       0.00          0          0          0
  trustregion      :       0.00       0.00          0          0          0
  trysol           :       0.00       0.00          0          0          0
  twoopt           :       0.00       0.00          0          0          0
  undercover       :       0.00       0.00          0          0          0
  vbounds          :       0.00       0.00          0          0          0
  veclendiving     :       0.00       0.00          0          0          0
  zeroobj          :       0.00       0.00          0          0          0
  zirounding       :       0.00       0.00          0          0          0
  other solutions  :          -          -          -          0          -
Diving (single)    :      Calls      Nodes   LP Iters Backtracks  Conflicts   MinDepth   MaxDepth   AvgDepth  RoundSols  NLeafSols  MinSolDpt  MaxSolDpt  AvgSolDpt
  actconsdiving    :          0          -          -          -          -          -          -          -          -          -          -          -          -
  coefdiving       :          0          -          -          -          -          -          -          -          -          -          -          -          -
  conflictdiving   :          0          -          -          -          -          -          -          -          -          -          -          -          -
  distributiondivin:          0          -          -          -          -          -          -          -          -          -          -          -          -
  farkasdiving     :          0          -          -          -          -          -          -          -          -          -          -          -          -
  fracdiving       :          0          -          -          -          -          -          -          -          -          -          -          -          -
  guideddiving     :          0          -          -          -          -          -          -          -          -          -          -          -          -
  linesearchdiving :          0          -          -          -          -          -          -          -          -          -          -          -          -
  pscostdiving     :          0          -          -          -          -          -          -          -          -          -          -          -          -
  veclendiving     :          0          -          -          -          -          -          -          -          -          -          -          -          -
Diving (adaptive)  :      Calls      Nodes   LP Iters Backtracks  Conflicts   MinDepth   MaxDepth   AvgDepth  RoundSols  NLeafSols  MinSolDpt  MaxSolDpt  AvgSolDpt
  actconsdiving    :          0          -          -          -          -          -          -          -          -          -          -          -          -
  coefdiving       :          0          -          -          -          -          -          -          -          -          -          -          -          -
  conflictdiving   :          0          -          -          -          -          -          -          -          -          -          -          -          -
  distributiondivin:          0          -          -          -          -          -          -          -          -          -          -          -          -
  farkasdiving     :          0          -          -          -          -          -          -          -          -          -          -          -          -
  fracdiving       :          0          -          -          -          -          -          -          -          -          -          -          -          -
  guideddiving     :          0          -          -          -          -          -          -          -          -          -          -          -          -
  linesearchdiving :          0          -          -          -          -          -          -          -          -          -          -          -          -
  pscostdiving     :          0          -          -          -          -          -          -          -          -          -          -          -          -
  veclendiving     :          0          -          -          -          -          -          -          -          -          -          -          -          -
Neighborhoods      :      Calls  SetupTime  SolveTime SolveNodes       Sols       Best       Exp3  EpsGreedy        UCB TgtFixRate  Opt  Inf Node Stal  Sol  Usr Othr Actv
  rens             :          0       0.00       0.00          0          0          0    0.00000   -1.00000    1.00000      0.900    0    0    0    0    0    0    0    1
  rins             :          0       0.00       0.00          0          0          0    0.00000   -1.00000    1.00000      0.900    0    0    0    0    0    0    0    1
  mutation         :          0       0.00       0.00          0          0          0    0.00000   -1.00000    1.00000      0.900    0    0    0    0    0    0    0    1
  localbranching   :          0       0.00       0.00          0          0          0    0.00000   -1.00000    1.00000      0.900    0    0    0    0    0    0    0    1
  crossover        :          0       0.00       0.00          0          0          0    0.00000   -1.00000    1.00000      0.900    0    0    0    0    0    0    0    1
  proximity        :          0       0.00       0.00          0          0          0    0.00000   -1.00000    1.00000      0.900    0    0    0    0    0    0    0    1
  zeroobjective    :          0       0.00       0.00          0          0          0    0.00000   -1.00000    1.00000      0.900    0    0    0    0    0    0    0    1
  dins             :          0       0.00       0.00          0          0          0    0.00000   -1.00000    1.00000      0.900    0    0    0    0    0    0    0    1
  trustregion      :          0       0.00       0.00          0          0          0    0.00000   -1.00000    1.00000      0.900    0    0    0    0    0    0    0    0
LP                 :       Time      Calls Iterations  Iter/call   Iter/sec  Time-0-It Calls-0-It    ItLimit
  primal LP        :       0.00          0          0       0.00          -       0.00          0
  dual LP          :       0.01          1        526     526.00   41109.81       0.00          0
  lex dual LP      :       0.00          0          0       0.00          -
  barrier LP       :       0.00          0          0       0.00          -       0.00          0
  resolve instable :       0.00          0          0       0.00          -
  diving/probing LP:       0.00          2         14       7.00          -
  strong branching :       0.00          0          0       0.00          -          -          -          0
    (at root node) :          -          0          0       0.00          -
  conflict analysis:       0.00          0          0       0.00          -
B&B Tree           :
  number of runs   :          1
  nodes            :          1 (0 internal, 1 leaves)
  feasible leaves  :          0
  infeas. leaves   :          1
  objective leaves :          0
  nodes (total)    :          1 (0 internal, 1 leaves)
  nodes left       :          0
  max depth        :          0
  max depth (total):          0
  backtracks       :          0 (0.0%)
  early backtracks :          0 (0.0%)
  nodes exc. ref.  :          0 (0.0%)
  delayed cutoffs  :          0
  repropagations   :          0 (0 domain reductions, 0 cutoffs)
  avg switch length:       2.00
  switching time   :       0.00
Estim. Tree Size   :          1
Estimation Tree    : 1 nodes (1 visited, 0 internal, 1 leaves, 0 open), weight: 1.0000 completed 1.0000
Estimations        :      estim      value      trend resolution     smooth
  wbe              :          1          -          -          -          -
  tree-profile     :         -1          -          -          -          -
  gap              :          1    1.00000    1.00000          1          1
  tree-weight      :          1    1.00000    1.00000          1          1
  leaf-frequency   :          1    0.50000    1.00000          1          1
  ssg              :          1    0.00000   -1.00000          1          1
  open-nodes       :          1    0.00000    0.00000          1          1
Root Node          :
  First LP value   : -1.99992308875558e+00
  First LP Iters   :        526 (40362.19 Iter/sec)
  First LP Time    :       0.01
  Final Dual Bound : -1.99992308875558e+00
  Final Root Iters :        537
  Root LP Estimate :                     -
Solution           :
  Solutions found  :          1 (1 improvements)
  First Solution   : -1.99992308875558e+00   (in run 1, after 1 nodes, 2.24 seconds, depth 0, found by <feaspump>)
  Gap First Sol.   :       0.00 %
  Gap Last Sol.    :       0.00 %
  Primal Bound     : -1.99992308875558e+00   (in run 1, after 1 nodes, 2.24 seconds, depth 0, found by <feaspump>)
  Dual Bound       : -1.99992308875558e+00
  Gap              :       0.00 %
Integrals          :      Total       Avg%
  primal-dual      :     224.36      99.99
  primal-ref       :          -          - (not evaluated)
  dual-ref         :          -          - (not evaluated)
