SCIP version 8.0.0 [precision: 8 byte] [memory: block] [mode: optimized] [LP solver: SoPlex 6.0.0] [GitHash: a740f0891e]
Copyright (C) 2002-2021 Konrad-Zuse-Zentrum fuer Informationstechnik Berlin (ZIB)

External libraries: 
  SoPlex 6.0.0         Linear Programming Solver developed at Zuse Institute Berlin (soplex.zib.de) [GitHash: 71a5873d]
  CppAD 20180000.0     Algorithmic Differentiation of C++ algorithms developed by B. Bell (github.com/coin-or/CppAD)
  ZLIB 1.2.11          General purpose compression library by J. Gailly and M. Adler (zlib.net)
  GMP 6.2.1            GNU Multiple Precision Arithmetic Library developed by T. Granlund (gmplib.org)
  ZIMPL 3.5.1          Zuse Institute Mathematical Programming Language developed by T. Koch (zimpl.zib.de)
  AMPL/MP 4e2d45c4     AMPL .nl file reader library (github.com/ampl/mp)
  PaPILO 2.0.0         parallel presolve for integer and linear optimization (github.com/scipopt/papilo) [GitHash: 76cafc1]
  bliss 0.73p          Computing Graph Automorphism Groups by T. Junttila and P. Kaski (www.tcs.hut.fi/Software/bliss/)
  Ipopt 3.13.2         Interior Point Optimizer developed by A. Waechter et.al. (github.com/coin-or/Ipopt)

user parameter file <scip.set> not found - using default parameters

read problem <../modeles/5_264.lp>
============

original problem has 2650 variables (1320 bin, 0 int, 0 impl, 1330 cont) and 1341 constraints

solve problem
=============

presolving:
(round 1, fast)       5 del vars, 0 del conss, 0 add conss, 2820 chg bounds, 0 chg sides, 0 chg coeffs, 0 upgd conss, 0 impls, 5 clqs
(round 2, fast)       5 del vars, 0 del conss, 0 add conss, 2820 chg bounds, 0 chg sides, 1310 chg coeffs, 0 upgd conss, 0 impls, 5 clqs
   (0.0s) running MILP presolver
   (0.0s) MILP presolver (2 rounds): 0 aggregations, 0 fixings, 10 bound changes
(round 3, exhaustive) 5 del vars, 0 del conss, 0 add conss, 2830 chg bounds, 0 chg sides, 1310 chg coeffs, 15 upgd conss, 0 impls, 5 clqs
(round 4, exhaustive) 30 del vars, 0 del conss, 0 add conss, 2830 chg bounds, 0 chg sides, 1310 chg coeffs, 15 upgd conss, 6059 impls, 5 clqs
(round 5, exhaustive) 31 del vars, 1 del conss, 0 add conss, 2831 chg bounds, 0 chg sides, 1310 chg coeffs, 63 upgd conss, 6059 impls, 5 clqs
(round 6, exhaustive) 56 del vars, 1 del conss, 0 add conss, 2831 chg bounds, 0 chg sides, 1310 chg coeffs, 63 upgd conss, 11882 impls, 5 clqs
(round 7, fast)       57 del vars, 6 del conss, 0 add conss, 2832 chg bounds, 0 chg sides, 1310 chg coeffs, 63 upgd conss, 11882 impls, 5 clqs
(round 8, exhaustive) 57 del vars, 6 del conss, 0 add conss, 2832 chg bounds, 0 chg sides, 1310 chg coeffs, 100 upgd conss, 11882 impls, 5 clqs
(round 9, exhaustive) 82 del vars, 6 del conss, 0 add conss, 2832 chg bounds, 0 chg sides, 1310 chg coeffs, 100 upgd conss, 17934 impls, 5 clqs
(round 10, fast)       83 del vars, 9 del conss, 0 add conss, 2833 chg bounds, 0 chg sides, 1310 chg coeffs, 100 upgd conss, 17934 impls, 5 clqs
(round 11, exhaustive) 83 del vars, 9 del conss, 0 add conss, 2833 chg bounds, 0 chg sides, 1310 chg coeffs, 142 upgd conss, 17934 impls, 5 clqs
(round 12, exhaustive) 108 del vars, 9 del conss, 0 add conss, 2833 chg bounds, 0 chg sides, 1310 chg coeffs, 142 upgd conss, 24246 impls, 5 clqs
(round 13, fast)       108 del vars, 11 del conss, 0 add conss, 2833 chg bounds, 0 chg sides, 1310 chg coeffs, 142 upgd conss, 24246 impls, 5 clqs
(round 14, exhaustive) 108 del vars, 11 del conss, 0 add conss, 2833 chg bounds, 0 chg sides, 1310 chg coeffs, 186 upgd conss, 24246 impls, 5 clqs
(round 15, exhaustive) 133 del vars, 11 del conss, 0 add conss, 2833 chg bounds, 0 chg sides, 1310 chg coeffs, 186 upgd conss, 28706 impls, 5 clqs
(round 16, fast)       133 del vars, 19 del conss, 0 add conss, 2833 chg bounds, 0 chg sides, 1310 chg coeffs, 186 upgd conss, 28706 impls, 5 clqs
(round 17, exhaustive) 133 del vars, 19 del conss, 0 add conss, 2833 chg bounds, 0 chg sides, 1310 chg coeffs, 212 upgd conss, 28706 impls, 5 clqs
(round 18, exhaustive) 158 del vars, 19 del conss, 0 add conss, 2833 chg bounds, 0 chg sides, 1310 chg coeffs, 212 upgd conss, 34945 impls, 5 clqs
(round 19, fast)       158 del vars, 27 del conss, 0 add conss, 2833 chg bounds, 0 chg sides, 1310 chg coeffs, 212 upgd conss, 34945 impls, 5 clqs
(round 20, exhaustive) 158 del vars, 27 del conss, 0 add conss, 2833 chg bounds, 0 chg sides, 1310 chg coeffs, 238 upgd conss, 34945 impls, 5 clqs
(round 21, exhaustive) 187 del vars, 27 del conss, 0 add conss, 2833 chg bounds, 0 chg sides, 1310 chg coeffs, 238 upgd conss, 36524 impls, 5 clqs
(round 22, fast)       187 del vars, 37 del conss, 0 add conss, 2833 chg bounds, 0 chg sides, 1310 chg coeffs, 238 upgd conss, 36524 impls, 5 clqs
(round 23, exhaustive) 187 del vars, 37 del conss, 0 add conss, 2833 chg bounds, 0 chg sides, 1310 chg coeffs, 265 upgd conss, 36524 impls, 5 clqs
(round 24, exhaustive) 213 del vars, 37 del conss, 0 add conss, 2833 chg bounds, 0 chg sides, 1310 chg coeffs, 265 upgd conss, 39362 impls, 5 clqs
(round 25, fast)       213 del vars, 45 del conss, 0 add conss, 2833 chg bounds, 0 chg sides, 1310 chg coeffs, 265 upgd conss, 39362 impls, 5 clqs
(round 26, exhaustive) 213 del vars, 45 del conss, 0 add conss, 2833 chg bounds, 0 chg sides, 1310 chg coeffs, 293 upgd conss, 39362 impls, 5 clqs
(round 27, exhaustive) 238 del vars, 45 del conss, 0 add conss, 2833 chg bounds, 0 chg sides, 1310 chg coeffs, 293 upgd conss, 42432 impls, 5 clqs
(round 28, fast)       238 del vars, 53 del conss, 0 add conss, 2833 chg bounds, 0 chg sides, 1310 chg coeffs, 293 upgd conss, 42432 impls, 5 clqs
(round 29, exhaustive) 238 del vars, 53 del conss, 0 add conss, 2833 chg bounds, 0 chg sides, 1310 chg coeffs, 319 upgd conss, 42432 impls, 5 clqs
(round 30, exhaustive) 263 del vars, 53 del conss, 0 add conss, 2833 chg bounds, 0 chg sides, 1310 chg coeffs, 319 upgd conss, 50012 impls, 5 clqs
(round 31, fast)       263 del vars, 60 del conss, 0 add conss, 2833 chg bounds, 0 chg sides, 1310 chg coeffs, 319 upgd conss, 50012 impls, 5 clqs
(round 32, exhaustive) 263 del vars, 60 del conss, 0 add conss, 2833 chg bounds, 0 chg sides, 1310 chg coeffs, 348 upgd conss, 50012 impls, 5 clqs
(round 33, exhaustive) 289 del vars, 60 del conss, 0 add conss, 2833 chg bounds, 0 chg sides, 1310 chg coeffs, 348 upgd conss, 54841 impls, 5 clqs
(round 34, fast)       289 del vars, 70 del conss, 0 add conss, 2833 chg bounds, 0 chg sides, 1310 chg coeffs, 348 upgd conss, 54841 impls, 5 clqs
(round 35, exhaustive) 289 del vars, 70 del conss, 0 add conss, 2833 chg bounds, 0 chg sides, 1310 chg coeffs, 370 upgd conss, 54841 impls, 5 clqs
(round 36, exhaustive) 314 del vars, 70 del conss, 0 add conss, 2833 chg bounds, 0 chg sides, 1310 chg coeffs, 370 upgd conss, 59318 impls, 5 clqs
(round 37, fast)       315 del vars, 81 del conss, 0 add conss, 2834 chg bounds, 0 chg sides, 1310 chg coeffs, 370 upgd conss, 59318 impls, 5 clqs
(round 38, exhaustive) 315 del vars, 81 del conss, 0 add conss, 2834 chg bounds, 0 chg sides, 1310 chg coeffs, 389 upgd conss, 59318 impls, 5 clqs
(round 39, exhaustive) 341 del vars, 81 del conss, 0 add conss, 2834 chg bounds, 0 chg sides, 1310 chg coeffs, 389 upgd conss, 61285 impls, 5 clqs
(round 40, fast)       341 del vars, 96 del conss, 0 add conss, 2834 chg bounds, 0 chg sides, 1310 chg coeffs, 389 upgd conss, 61285 impls, 5 clqs
(round 41, exhaustive) 341 del vars, 96 del conss, 0 add conss, 2834 chg bounds, 0 chg sides, 1310 chg coeffs, 396 upgd conss, 61285 impls, 5 clqs
(round 42, exhaustive) 366 del vars, 96 del conss, 0 add conss, 2834 chg bounds, 0 chg sides, 1310 chg coeffs, 396 upgd conss, 65917 impls, 5 clqs
(round 43, fast)       366 del vars, 106 del conss, 0 add conss, 2834 chg bounds, 0 chg sides, 1310 chg coeffs, 396 upgd conss, 65917 impls, 5 clqs
(round 44, exhaustive) 366 del vars, 106 del conss, 0 add conss, 2834 chg bounds, 0 chg sides, 1310 chg coeffs, 416 upgd conss, 65917 impls, 5 clqs
(round 45, exhaustive) 391 del vars, 106 del conss, 0 add conss, 2834 chg bounds, 0 chg sides, 1310 chg coeffs, 416 upgd conss, 69593 impls, 5 clqs
(round 46, fast)       391 del vars, 116 del conss, 0 add conss, 2834 chg bounds, 0 chg sides, 1310 chg coeffs, 416 upgd conss, 69593 impls, 5 clqs
(round 47, exhaustive) 391 del vars, 116 del conss, 0 add conss, 2834 chg bounds, 0 chg sides, 1310 chg coeffs, 436 upgd conss, 69593 impls, 5 clqs
(round 48, exhaustive) 417 del vars, 116 del conss, 0 add conss, 2834 chg bounds, 0 chg sides, 1310 chg coeffs, 436 upgd conss, 73865 impls, 5 clqs
(round 49, fast)       417 del vars, 127 del conss, 0 add conss, 2834 chg bounds, 0 chg sides, 1310 chg coeffs, 436 upgd conss, 73865 impls, 5 clqs
   (0.7s) running MILP presolver
   (0.7s) MILP presolver (8 rounds): 0 aggregations, 54 fixings, 0 bound changes
(round 50, medium)     471 del vars, 145 del conss, 0 add conss, 2834 chg bounds, 0 chg sides, 1310 chg coeffs, 436 upgd conss, 73865 impls, 5 clqs
(round 51, fast)       471 del vars, 151 del conss, 0 add conss, 2834 chg bounds, 0 chg sides, 1310 chg coeffs, 436 upgd conss, 73865 impls, 5 clqs
(round 52, exhaustive) 471 del vars, 151 del conss, 0 add conss, 2834 chg bounds, 0 chg sides, 1310 chg coeffs, 484 upgd conss, 73865 impls, 5 clqs
(round 53, exhaustive) 496 del vars, 151 del conss, 0 add conss, 2834 chg bounds, 0 chg sides, 1310 chg coeffs, 484 upgd conss, 78089 impls, 5 clqs
(round 54, fast)       497 del vars, 166 del conss, 0 add conss, 2835 chg bounds, 0 chg sides, 1310 chg coeffs, 484 upgd conss, 78089 impls, 5 clqs
(round 55, exhaustive) 497 del vars, 166 del conss, 0 add conss, 2835 chg bounds, 0 chg sides, 1310 chg coeffs, 491 upgd conss, 78089 impls, 5 clqs
(round 56, exhaustive) 522 del vars, 166 del conss, 0 add conss, 2835 chg bounds, 0 chg sides, 1310 chg coeffs, 491 upgd conss, 81059 impls, 5 clqs
(round 57, fast)       522 del vars, 180 del conss, 0 add conss, 2835 chg bounds, 0 chg sides, 1310 chg coeffs, 491 upgd conss, 81059 impls, 5 clqs
(round 58, exhaustive) 522 del vars, 180 del conss, 0 add conss, 2835 chg bounds, 0 chg sides, 1310 chg coeffs, 499 upgd conss, 81059 impls, 5 clqs
(round 59, exhaustive) 547 del vars, 180 del conss, 0 add conss, 2835 chg bounds, 0 chg sides, 1310 chg coeffs, 499 upgd conss, 87384 impls, 5 clqs
(round 60, fast)       549 del vars, 192 del conss, 0 add conss, 2837 chg bounds, 0 chg sides, 1310 chg coeffs, 499 upgd conss, 87384 impls, 5 clqs
(round 61, exhaustive) 549 del vars, 192 del conss, 0 add conss, 2837 chg bounds, 0 chg sides, 1310 chg coeffs, 517 upgd conss, 87384 impls, 5 clqs
(round 62, exhaustive) 574 del vars, 192 del conss, 0 add conss, 2837 chg bounds, 0 chg sides, 1310 chg coeffs, 517 upgd conss, 90090 impls, 5 clqs
(round 63, fast)       575 del vars, 206 del conss, 0 add conss, 2838 chg bounds, 0 chg sides, 1310 chg coeffs, 517 upgd conss, 90090 impls, 5 clqs
(round 64, exhaustive) 575 del vars, 206 del conss, 0 add conss, 2838 chg bounds, 0 chg sides, 1310 chg coeffs, 527 upgd conss, 90090 impls, 5 clqs
(round 65, exhaustive) 600 del vars, 206 del conss, 0 add conss, 2838 chg bounds, 0 chg sides, 1310 chg coeffs, 527 upgd conss, 93409 impls, 5 clqs
(round 66, fast)       601 del vars, 219 del conss, 0 add conss, 2839 chg bounds, 0 chg sides, 1310 chg coeffs, 527 upgd conss, 93409 impls, 5 clqs
(round 67, exhaustive) 601 del vars, 219 del conss, 0 add conss, 2839 chg bounds, 0 chg sides, 1310 chg coeffs, 539 upgd conss, 93409 impls, 5 clqs
(round 68, exhaustive) 627 del vars, 219 del conss, 0 add conss, 2839 chg bounds, 0 chg sides, 1310 chg coeffs, 539 upgd conss, 98645 impls, 5 clqs
(round 69, fast)       627 del vars, 235 del conss, 0 add conss, 2839 chg bounds, 0 chg sides, 1310 chg coeffs, 539 upgd conss, 98645 impls, 5 clqs
(round 70, exhaustive) 627 del vars, 235 del conss, 0 add conss, 2839 chg bounds, 0 chg sides, 1310 chg coeffs, 543 upgd conss, 98645 impls, 5 clqs
(round 71, exhaustive) 659 del vars, 235 del conss, 0 add conss, 2839 chg bounds, 0 chg sides, 1310 chg coeffs, 543 upgd conss, 100585 impls, 5 clqs
(round 72, fast)       659 del vars, 254 del conss, 0 add conss, 2839 chg bounds, 0 chg sides, 1310 chg coeffs, 543 upgd conss, 100585 impls, 5 clqs
(round 73, exhaustive) 659 del vars, 254 del conss, 0 add conss, 2839 chg bounds, 0 chg sides, 1310 chg coeffs, 550 upgd conss, 100585 impls, 5 clqs
(round 74, exhaustive) 684 del vars, 254 del conss, 0 add conss, 2839 chg bounds, 0 chg sides, 1310 chg coeffs, 550 upgd conss, 102728 impls, 5 clqs
(round 75, fast)       687 del vars, 268 del conss, 0 add conss, 2842 chg bounds, 0 chg sides, 1310 chg coeffs, 550 upgd conss, 102728 impls, 5 clqs
(round 76, exhaustive) 687 del vars, 268 del conss, 0 add conss, 2842 chg bounds, 0 chg sides, 1310 chg coeffs, 564 upgd conss, 102728 impls, 5 clqs
(round 77, exhaustive) 712 del vars, 268 del conss, 0 add conss, 2842 chg bounds, 0 chg sides, 1310 chg coeffs, 564 upgd conss, 104188 impls, 5 clqs
(round 78, fast)       713 del vars, 282 del conss, 0 add conss, 2843 chg bounds, 0 chg sides, 1310 chg coeffs, 564 upgd conss, 104188 impls, 5 clqs
(round 79, exhaustive) 713 del vars, 282 del conss, 0 add conss, 2843 chg bounds, 0 chg sides, 1310 chg coeffs, 574 upgd conss, 104188 impls, 5 clqs
(round 80, exhaustive) 739 del vars, 282 del conss, 0 add conss, 2843 chg bounds, 0 chg sides, 1310 chg coeffs, 574 upgd conss, 105839 impls, 5 clqs
(round 81, fast)       739 del vars, 298 del conss, 0 add conss, 2843 chg bounds, 0 chg sides, 1310 chg coeffs, 574 upgd conss, 105839 impls, 5 clqs
(round 82, exhaustive) 739 del vars, 298 del conss, 0 add conss, 2843 chg bounds, 0 chg sides, 1310 chg coeffs, 578 upgd conss, 105839 impls, 5 clqs
(round 83, exhaustive) 764 del vars, 298 del conss, 0 add conss, 2843 chg bounds, 0 chg sides, 1310 chg coeffs, 578 upgd conss, 107657 impls, 5 clqs
(round 84, fast)       766 del vars, 313 del conss, 0 add conss, 2845 chg bounds, 0 chg sides, 1310 chg coeffs, 578 upgd conss, 107657 impls, 5 clqs
(round 85, exhaustive) 766 del vars, 313 del conss, 0 add conss, 2845 chg bounds, 0 chg sides, 1310 chg coeffs, 587 upgd conss, 107657 impls, 5 clqs
(round 86, exhaustive) 791 del vars, 313 del conss, 0 add conss, 2845 chg bounds, 0 chg sides, 1310 chg coeffs, 587 upgd conss, 110056 impls, 5 clqs
(round 87, fast)       791 del vars, 328 del conss, 0 add conss, 2845 chg bounds, 0 chg sides, 1310 chg coeffs, 587 upgd conss, 110056 impls, 5 clqs
(round 88, exhaustive) 791 del vars, 328 del conss, 0 add conss, 2845 chg bounds, 0 chg sides, 1310 chg coeffs, 592 upgd conss, 110056 impls, 5 clqs
(round 89, exhaustive) 817 del vars, 328 del conss, 0 add conss, 2845 chg bounds, 0 chg sides, 1310 chg coeffs, 592 upgd conss, 111624 impls, 5 clqs
(round 90, fast)       817 del vars, 343 del conss, 0 add conss, 2845 chg bounds, 0 chg sides, 1310 chg coeffs, 592 upgd conss, 111624 impls, 5 clqs
   (1.0s) running MILP presolver
   (1.1s) MILP presolver (14 rounds): 0 aggregations, 103 fixings, 0 bound changes
(round 91, medium)     920 del vars, 397 del conss, 0 add conss, 2845 chg bounds, 0 chg sides, 1310 chg coeffs, 592 upgd conss, 111624 impls, 5 clqs
(round 92, fast)       920 del vars, 407 del conss, 0 add conss, 2845 chg bounds, 0 chg sides, 1310 chg coeffs, 592 upgd conss, 111624 impls, 5 clqs
(round 93, exhaustive) 920 del vars, 407 del conss, 0 add conss, 2845 chg bounds, 0 chg sides, 1310 chg coeffs, 603 upgd conss, 111624 impls, 5 clqs
(round 94, exhaustive) 945 del vars, 407 del conss, 0 add conss, 2845 chg bounds, 0 chg sides, 1310 chg coeffs, 603 upgd conss, 114870 impls, 5 clqs
(round 95, fast)       945 del vars, 421 del conss, 0 add conss, 2845 chg bounds, 0 chg sides, 1310 chg coeffs, 603 upgd conss, 114870 impls, 5 clqs
(round 96, exhaustive) 945 del vars, 421 del conss, 0 add conss, 2845 chg bounds, 0 chg sides, 1310 chg coeffs, 611 upgd conss, 114870 impls, 5 clqs
(round 97, exhaustive) 972 del vars, 421 del conss, 0 add conss, 2845 chg bounds, 0 chg sides, 1310 chg coeffs, 611 upgd conss, 116126 impls, 5 clqs
(round 98, fast)       972 del vars, 438 del conss, 0 add conss, 2845 chg bounds, 0 chg sides, 1310 chg coeffs, 611 upgd conss, 116126 impls, 5 clqs
(round 99, exhaustive) 972 del vars, 438 del conss, 0 add conss, 2845 chg bounds, 0 chg sides, 1310 chg coeffs, 614 upgd conss, 116126 impls, 5 clqs
(round 100, exhaustive) 997 del vars, 438 del conss, 0 add conss, 2845 chg bounds, 0 chg sides, 1310 chg coeffs, 614 upgd conss, 119075 impls, 5 clqs
(round 101, fast)       999 del vars, 455 del conss, 0 add conss, 2847 chg bounds, 0 chg sides, 1310 chg coeffs, 614 upgd conss, 119075 impls, 5 clqs
(round 102, exhaustive) 999 del vars, 455 del conss, 0 add conss, 2847 chg bounds, 0 chg sides, 1310 chg coeffs, 617 upgd conss, 119075 impls, 5 clqs
   (1.1s) probing: 1000/1320 (75.8%) - 830 fixings, 0 aggregations, 119323 implications, 0 bound changes
(round 103, exhaustive) 1026 del vars, 455 del conss, 0 add conss, 2847 chg bounds, 0 chg sides, 1310 chg coeffs, 617 upgd conss, 121473 impls, 5 clqs
(round 104, fast)       1026 del vars, 472 del conss, 0 add conss, 2847 chg bounds, 0 chg sides, 1310 chg coeffs, 617 upgd conss, 121473 impls, 5 clqs
(round 105, exhaustive) 1026 del vars, 472 del conss, 0 add conss, 2847 chg bounds, 0 chg sides, 1310 chg coeffs, 620 upgd conss, 121473 impls, 5 clqs
(round 106, exhaustive) 1054 del vars, 472 del conss, 0 add conss, 2847 chg bounds, 0 chg sides, 1310 chg coeffs, 620 upgd conss, 126161 impls, 5 clqs
(round 107, fast)       1054 del vars, 489 del conss, 0 add conss, 2847 chg bounds, 0 chg sides, 1310 chg coeffs, 620 upgd conss, 126161 impls, 5 clqs
(round 108, exhaustive) 1054 del vars, 489 del conss, 0 add conss, 2847 chg bounds, 0 chg sides, 1310 chg coeffs, 625 upgd conss, 126161 impls, 5 clqs
(round 109, exhaustive) 1079 del vars, 489 del conss, 0 add conss, 2847 chg bounds, 0 chg sides, 1310 chg coeffs, 625 upgd conss, 127975 impls, 5 clqs
(round 110, fast)       1079 del vars, 505 del conss, 0 add conss, 2847 chg bounds, 0 chg sides, 1310 chg coeffs, 625 upgd conss, 127975 impls, 5 clqs
(round 111, exhaustive) 1079 del vars, 505 del conss, 0 add conss, 2847 chg bounds, 0 chg sides, 1310 chg coeffs, 627 upgd conss, 127975 impls, 5 clqs
(round 112, exhaustive) 1104 del vars, 505 del conss, 0 add conss, 2847 chg bounds, 0 chg sides, 1310 chg coeffs, 627 upgd conss, 128952 impls, 5 clqs
(round 113, fast)       1106 del vars, 521 del conss, 0 add conss, 2849 chg bounds, 0 chg sides, 1310 chg coeffs, 627 upgd conss, 128952 impls, 5 clqs
(round 114, exhaustive) 1106 del vars, 521 del conss, 0 add conss, 2849 chg bounds, 0 chg sides, 1310 chg coeffs, 629 upgd conss, 128952 impls, 5 clqs
(round 115, exhaustive) 1131 del vars, 521 del conss, 0 add conss, 2849 chg bounds, 0 chg sides, 1310 chg coeffs, 629 upgd conss, 131012 impls, 5 clqs
(round 116, fast)       1133 del vars, 538 del conss, 0 add conss, 2851 chg bounds, 0 chg sides, 1310 chg coeffs, 629 upgd conss, 131012 impls, 5 clqs
(round 117, exhaustive) 1133 del vars, 538 del conss, 0 add conss, 2851 chg bounds, 0 chg sides, 1310 chg coeffs, 632 upgd conss, 131012 impls, 5 clqs
(round 118, exhaustive) 1158 del vars, 538 del conss, 0 add conss, 2851 chg bounds, 0 chg sides, 1310 chg coeffs, 632 upgd conss, 133822 impls, 5 clqs
(round 119, fast)       1158 del vars, 553 del conss, 0 add conss, 2851 chg bounds, 0 chg sides, 1310 chg coeffs, 632 upgd conss, 133822 impls, 5 clqs
   (1.3s) running MILP presolver
   (1.3s) MILP presolver found nothing
(round 120, exhaustive) 1158 del vars, 553 del conss, 0 add conss, 2851 chg bounds, 0 chg sides, 1310 chg coeffs, 636 upgd conss, 133822 impls, 5 clqs
(round 121, exhaustive) 1183 del vars, 553 del conss, 0 add conss, 2851 chg bounds, 0 chg sides, 1310 chg coeffs, 636 upgd conss, 135796 impls, 5 clqs
(round 122, fast)       1183 del vars, 569 del conss, 0 add conss, 2851 chg bounds, 0 chg sides, 1310 chg coeffs, 636 upgd conss, 135796 impls, 5 clqs
(round 123, exhaustive) 1183 del vars, 569 del conss, 0 add conss, 2851 chg bounds, 0 chg sides, 1310 chg coeffs, 638 upgd conss, 135796 impls, 5 clqs
(round 124, exhaustive) 1208 del vars, 569 del conss, 0 add conss, 2851 chg bounds, 0 chg sides, 1310 chg coeffs, 638 upgd conss, 136666 impls, 5 clqs
(round 125, fast)       1212 del vars, 588 del conss, 0 add conss, 2855 chg bounds, 0 chg sides, 1310 chg coeffs, 638 upgd conss, 136666 impls, 5 clqs
(round 126, exhaustive) 1212 del vars, 588 del conss, 0 add conss, 2855 chg bounds, 0 chg sides, 1310 chg coeffs, 639 upgd conss, 136666 impls, 5 clqs
(round 127, exhaustive) 1237 del vars, 588 del conss, 0 add conss, 2855 chg bounds, 0 chg sides, 1310 chg coeffs, 639 upgd conss, 138819 impls, 5 clqs
(round 128, fast)       1237 del vars, 604 del conss, 0 add conss, 2855 chg bounds, 0 chg sides, 1310 chg coeffs, 639 upgd conss, 138819 impls, 5 clqs
(round 129, exhaustive) 1237 del vars, 604 del conss, 0 add conss, 2855 chg bounds, 0 chg sides, 1310 chg coeffs, 641 upgd conss, 138819 impls, 5 clqs
(round 130, exhaustive) 1262 del vars, 604 del conss, 0 add conss, 2855 chg bounds, 0 chg sides, 1310 chg coeffs, 641 upgd conss, 141075 impls, 5 clqs
(round 131, fast)       1269 del vars, 625 del conss, 0 add conss, 2862 chg bounds, 0 chg sides, 1310 chg coeffs, 641 upgd conss, 141075 impls, 5 clqs
(round 132, exhaustive) 1269 del vars, 625 del conss, 0 add conss, 2862 chg bounds, 0 chg sides, 1310 chg coeffs, 642 upgd conss, 141075 impls, 5 clqs
(round 133, exhaustive) 1296 del vars, 625 del conss, 0 add conss, 2862 chg bounds, 0 chg sides, 1310 chg coeffs, 642 upgd conss, 143663 impls, 5 clqs
(round 134, fast)       1296 del vars, 643 del conss, 0 add conss, 2862 chg bounds, 0 chg sides, 1310 chg coeffs, 642 upgd conss, 143663 impls, 5 clqs
   (1.3s) probing cycle finished: starting next cycle
   (1.4s) probing: 52/670 (7.8%) - 1111 fixings, 0 aggregations, 143961 implications, 0 bound changes
   (1.4s) probing aborted: 50/50 successive totally useless probings
(round 135, exhaustive) 1305 del vars, 643 del conss, 0 add conss, 2862 chg bounds, 0 chg sides, 1310 chg coeffs, 642 upgd conss, 144598 impls, 5 clqs
(round 136, fast)       1305 del vars, 649 del conss, 0 add conss, 2862 chg bounds, 0 chg sides, 1310 chg coeffs, 642 upgd conss, 144598 impls, 5 clqs
   (1.4s) probing: 57/670 (8.5%) - 1111 fixings, 0 aggregations, 143961 implications, 0 bound changes
   (1.4s) probing aborted: 50/50 successive totally useless probings
   (1.4s) symmetry computation started: requiring (bin +, int -, cont +), (fixed: bin -, int +, cont -)
   (1.4s) symmetry computation finished: 4 generators found (max: 1500, log10 of symmetry group size: 2.1)
(round 137, exhaustive) 1305 del vars, 649 del conss, 1 add conss, 2862 chg bounds, 0 chg sides, 1310 chg coeffs, 642 upgd conss, 144598 impls, 5 clqs
presolving (138 rounds: 138 fast, 91 medium, 89 exhaustive):
 1305 deleted vars, 649 deleted constraints, 1 added constraints, 2862 tightened bounds, 0 added holes, 0 changed sides, 1310 changed coefficients
 144598 implications, 5 cliques
presolved problem has 1345 variables (670 bin, 0 int, 0 impl, 675 cont) and 692 constraints
     10 constraints of type <varbound>
      5 constraints of type <setppc>
    676 constraints of type <linear>
      1 constraints of type <orbitope>
Presolving Time: 1.36

 time | node  | left  |LP iter|LP it/n|mem/heur|mdpt |vars |cons |rows |cuts |sepa|confs|strbr|  dualbound   | primalbound  |  gap   | compl. 
  1.4s|     1 |     0 |   356 |     - |    56M |   0 |1345 | 694 | 691 |   0 |  0 |   1 |   0 |-2.235747e+00 |      --      |    Inf | unknown
o 1.4s|     1 |     0 |   680 |     - |feaspump|   0 |1345 | 694 | 691 |   0 |  0 |   1 |   0 |-2.235747e+00 |-2.090909e+00 |   6.93%| unknown
  1.4s|     1 |     0 |   684 |     - |    56M |   0 |1345 | 694 | 695 |   4 |  1 |   1 |   0 |-2.235747e+00 |-2.090909e+00 |   6.93%| unknown
  1.4s|     1 |     0 |   688 |     - |    56M |   0 |1345 | 694 | 699 |   8 |  2 |   1 |   0 |-2.235747e+00 |-2.090909e+00 |   6.93%| unknown
  1.4s|     1 |     0 |   692 |     - |    56M |   0 |1345 | 694 | 703 |  12 |  3 |   1 |   0 |-2.235747e+00 |-2.090909e+00 |   6.93%| unknown
  1.4s|     1 |     0 |   696 |     - |    56M |   0 |1345 | 694 | 707 |  16 |  4 |   1 |   0 |-2.235747e+00 |-2.090909e+00 |   6.93%| unknown
  1.4s|     1 |     0 |   700 |     - |    56M |   0 |1345 | 694 | 711 |  20 |  5 |   1 |   0 |-2.235747e+00 |-2.090909e+00 |   6.93%| unknown
  1.4s|     1 |     0 |   704 |     - |    57M |   0 |1345 | 694 | 715 |  24 |  6 |   1 |   0 |-2.235747e+00 |-2.090909e+00 |   6.93%| unknown
  1.5s|     1 |     0 |   708 |     - |    57M |   0 |1345 | 694 | 719 |  28 |  7 |   1 |   0 |-2.235747e+00 |-2.090909e+00 |   6.93%| unknown
  1.5s|     1 |     0 |   712 |     - |    57M |   0 |1345 | 694 | 723 |  32 |  8 |   1 |   0 |-2.235747e+00 |-2.090909e+00 |   6.93%| unknown
  1.5s|     1 |     0 |   716 |     - |    57M |   0 |1345 | 694 | 727 |  36 |  9 |   1 |   0 |-2.235747e+00 |-2.090909e+00 |   6.93%| unknown
  1.5s|     1 |     0 |   720 |     - |    57M |   0 |1345 | 694 | 731 |  40 | 10 |   1 |   0 |-2.235747e+00 |-2.090909e+00 |   6.93%| unknown
  1.5s|     1 |     0 |   724 |     - |    57M |   0 |1345 | 694 | 735 |  44 | 11 |   1 |   0 |-2.235747e+00 |-2.090909e+00 |   6.93%| unknown
L 1.5s|     1 |     0 |  1488 |     - |    rens|   0 |1345 | 694 | 735 |  44 | 11 |   1 |   0 |-2.235747e+00 |-2.235747e+00 |   0.00%| unknown
  1.5s|     1 |     0 |  1488 |     - |    57M |   0 |1345 | 694 | 735 |  44 | 11 |   1 |   0 |-2.235747e+00 |-2.235747e+00 |   0.00%| unknown

SCIP Status        : problem is solved [optimal solution found]
Solving Time (sec) : 1.52
Solving Nodes      : 1
Primal Bound       : -2.23574730354391e+00 (2 solutions)
Dual Bound         : -2.23574730354391e+00
Gap                : 0.00 %

primal solution (original space):
=================================

objective value:                    -2.23574730354391
y_1,103_                                            1 	(obj:0)
y_2,103_                                            1 	(obj:0)
y_3,103_                                            1 	(obj:0)
y_4,103_                                            1 	(obj:0)
y_5,103_                                            1 	(obj:0)
x_1_                               -0.439393939393939 	(obj:1)
x_3_                               -0.454545454545455 	(obj:1)
x_2_                               -0.454545454545455 	(obj:1)
t_4,103_                            0.559322033898294 	(obj:0)
t_4,104_                            0.440677966101706 	(obj:0)
t_3,103_                                            1 	(obj:0)
x_4_                               -0.447868515665126 	(obj:1)
x_5_                               -0.439393939393939 	(obj:1)
t_5,104_                                            1 	(obj:0)
t_2,103_                                            1 	(obj:0)
t_1,104_                                            1 	(obj:0)

Statistics
==========

SCIP Status        : problem is solved [optimal solution found]
Total Time         :       1.53
  solving          :       1.52
  presolving       :       1.36 (included in solving)
  reading          :       0.01
  copying          :       0.00 (1 #copies) (minimal 0.00, maximal 0.00, average 0.00)
Original Problem   :
  Problem name     : ../modeles/5_264.lp
  Variables        : 2650 (1320 binary, 0 integer, 0 implicit integer, 1330 continuous)
  Constraints      : 1341 initial, 1341 maximal
  Objective        : minimize, 5 non-zeros (abs.min = 1, abs.max = 1)
Presolved Problem  :
  Problem name     : t_../modeles/5_264.lp
  Variables        : 1345 (670 binary, 0 integer, 0 implicit integer, 675 continuous)
  Constraints      : 692 initial, 694 maximal
  Objective        : minimize, 670 non-zeros (abs.min = 0.0151515, abs.max = 1.01515)
  Nonzeros         : 5370 constraint, 670 clique table
Presolvers         :   ExecTime  SetupTime  Calls  FixedVars   AggrVars   ChgTypes  ChgBounds   AddHoles    DelCons    AddCons   ChgSides   ChgCoefs
  boundshift       :       0.00       0.00      0          0          0          0          0          0          0          0          0          0
  convertinttobin  :       0.00       0.00      0          0          0          0          0          0          0          0          0          0
  domcol           :       0.17       0.00     46          0          0          0          0          0          0          0          0          0
  dualagg          :       0.00       0.00      0          0          0          0          0          0          0          0          0          0
  dualcomp         :       0.04       0.00     46          0          0          0          0          0          0          0          0          0
  dualinfer        :       0.00       0.00      0          0          0          0          0          0          0          0          0          0
  dualsparsify     :       0.00       0.00      1          0          0          0          0          0          0          0          0          0
  gateextraction   :       0.00       0.00      0          0          0          0          0          0          0          0          0          0
  implics          :       0.00       0.00     91          0          0          0          0          0          0          0          0          0
  inttobinary      :       0.00       0.00      0          0          0          0          0          0          0          0          0          0
  milp             :       0.11       0.00      4        157          0          0         10          0          0          0          0          0
  qpkktref         :       0.00       0.00      0          0          0          0          0          0          0          0          0          0
  redvub           :       0.00       0.00      0          0          0          0          0          0          0          0          0          0
  sparsify         :       0.04       0.00      6          0          0          0          0          0          0          0          0          0
  stuffing         :       0.00       0.00      0          0          0          0          0          0          0          0          0          0
  trivial          :       0.00       0.00    138          0          0          0          0          0          0          0          0          0
  tworowbnd        :       0.00       0.00      0          0          0          0          0          0          0          0          0          0
  dualfix          :       0.00       0.00    138          0          0          0          0          0          0          0          0          0
  genvbounds       :       0.00       0.00      0          0          0          0          0          0          0          0          0          0
  probing          :       0.76       0.00     45       1111          0          0          0          0          0          0          0          0
  pseudoobj        :       0.00       0.00      0          0          0          0          0          0          0          0          0          0
  symmetry         :       0.01       0.00      1          0          0          0          0          0          0          1          0          0
  vbounds          :       0.00       0.00      1          0          0          0          0          0          0          0          0          0
  varbound         :       0.01       0.00    225          0          0          0         29          0        627          0          0          0
  setppc           :       0.01       0.00    313          0          0          0          0          0          0          0          0          0
  linear           :       0.20       0.00    227         32          5          0       2823          0         22          0          0       1310
  orbitope         :       0.00       0.00      1          0          0          0          0          0          0          0          0          0
  logicor          :       0.00       0.00      0          0          0          0          0          0          0          0          0          0
  benders          :       0.00       0.00      0          0          0          0          0          0          0          0          0          0
  components       :       0.00       0.00      1          0          0          0          0          0          0          0          0          0
  root node        :          -          -      -          0          -          -          0          -          -          -          -          -
Constraints        :     Number  MaxNumber  #Separate #Propagate    #EnfoLP    #EnfoRelax  #EnfoPS    #Check   #ResProp    Cutoffs    DomReds       Cuts    Applied      Conss   Children
  benderslp        :          0          0          0          0          0          0          0         23          0          0          0          0          0          0          0
  integral         :          0          0          0          0          0          0          0         23          0          0          0          0          0          0          0
  varbound         :         10         10         11       3987          0          0          0         17          9          0          0          0          0          0          0
  setppc           :          5          5         11       3986          0          0          0         17        399          0          0          0          0          0          0
  linear           :        676        676         11       3988          0          0          0          6       1204        590          0          0          0          0          0
  orbitope         :          1          1          0        238          0          0          0          2          0          0          0          0          0          0          0
  logicor          :          0+         2         11          8          0          0          0          0          0          0          0          0          0          0          0
  benders          :          0          0          0          0          0          0          0          3          0          0          0          0          0          0          0
  countsols        :          0          0          0          0          0          0          0          3          0          0          0          0          0          0          0
  components       :          0          0          0          0          0          0          0          0          0          0          0          0          0          0          0
Constraint Timings :  TotalTime  SetupTime   Separate  Propagate     EnfoLP     EnfoPS     EnfoRelax   Check    ResProp    SB-Prop
  benderslp        :       0.00       0.00       0.00       0.00       0.00       0.00       0.00       0.00       0.00       0.00
  integral         :       0.00       0.00       0.00       0.00       0.00       0.00       0.00       0.00       0.00       0.00
  varbound         :       0.04       0.00       0.00       0.04       0.00       0.00       0.00       0.00       0.00       0.00
  setppc           :       0.00       0.00       0.00       0.00       0.00       0.00       0.00       0.00       0.00       0.00
  linear           :       0.25       0.00       0.00       0.25       0.00       0.00       0.00       0.00       0.00       0.00
  orbitope         :       0.00       0.00       0.00       0.00       0.00       0.00       0.00       0.00       0.00       0.00
  logicor          :       0.00       0.00       0.00       0.00       0.00       0.00       0.00       0.00       0.00       0.00
  benders          :       0.00       0.00       0.00       0.00       0.00       0.00       0.00       0.00       0.00       0.00
  countsols        :       0.00       0.00       0.00       0.00       0.00       0.00       0.00       0.00       0.00       0.00
  components       :       0.00       0.00       0.00       0.00       0.00       0.00       0.00       0.00       0.00       0.00
Propagators        : #Propagate   #ResProp    Cutoffs    DomReds
  dualfix          :          1          0          0          0
  genvbounds       :          0          0          0          0
  nlobbt           :          0          0          0          0
  obbt             :          0          0          0          0
  probing          :          0          0          0          0
  pseudoobj        :         14          0          0          0
  redcost          :         13          0          0          0
  rootredcost      :          0          0          0          0
  symmetry         :          0          0          0          0
  vbounds          :        103          0          0          0
Propagator Timings :  TotalTime  SetupTime   Presolve  Propagate    ResProp    SB-Prop
  dualfix          :       0.00       0.00       0.00       0.00       0.00       0.00
  genvbounds       :       0.00       0.00       0.00       0.00       0.00       0.00
  nlobbt           :       0.00       0.00       0.00       0.00       0.00       0.00
  obbt             :       0.00       0.00       0.00       0.00       0.00       0.00
  probing          :       0.76       0.00       0.76       0.00       0.00       0.00
  pseudoobj        :       0.00       0.00       0.00       0.00       0.00       0.00
  redcost          :       0.00       0.00       0.00       0.00       0.00       0.00
  rootredcost      :       0.00       0.00       0.00       0.00       0.00       0.00
  symmetry         :       0.01       0.00       0.01       0.00       0.00       0.00
  vbounds          :       0.01       0.00       0.00       0.01       0.00       0.00
Orbital fixing     :
  vars fixed to 0  :          0
  vars fixed to 1  :          0
Conflict Analysis  :       Time      Calls    Success    DomReds  Conflicts   Literals    Reconvs ReconvLits   Dualrays   Nonzeros   LP Iters   (pool size: [10000,10000])
  propagation      :       0.00          1          1          -          3      136.0          0        0.0          -          -          -
  infeasible LP    :       0.00          1          0          -          0        0.0          0        0.0          0        0.0          0
  bound exceed. LP :       0.00          1          0          -          0        0.0          0        0.0          0        0.0          0
  strong branching :       0.00          0          0          -          0        0.0          0        0.0          -          -          0
  pseudo solution  :       0.00          0          0          -          0        0.0          0        0.0          -          -          -
  applied globally :       0.00          -          -          0          1        3.0          -          -          0          -          -
  applied locally  :          -          -          -          0          0        0.0          -          -          0          -          -
Separators         :   ExecTime  SetupTime      Calls    Cutoffs    DomReds       Cuts    Applied      Conss
  cut pool         :       0.00                    21          -          -         88          -          -    (maximal pool size: 156)
  aggregation      :       0.03       0.00         11          0          0        110         44          0
  > cmir           :          -          -          -          -          -          -         44          -
  > flowcover      :          -          -          -          -          -          -          0          -
  > knapsackcover  :          -          -          -          -          -          -          0          -
  cgmip            :       0.00       0.00          0          0          0          0          0          0
  clique           :       0.00       0.00         11          0          0          0          0          0
  closecuts        :       0.00       0.00          0          0          0          0          0          0
  convexproj       :       0.00       0.00          0          0          0          0          0          0
  disjunctive      :       0.00       0.00          0          0          0          0          0          0
  eccuts           :       0.00       0.00          0          0          0          0          0          0
  gauge            :       0.00       0.00          0          0          0          0          0          0
  gomory           :       0.01       0.00         10          0          0         46          0          0
  > gomorymi       :          -          -          -          -          -          -          0          -
  > strongcg       :          -          -          -          -          -          -          0          -
  impliedbounds    :       0.00       0.00         11          0          0          0          0          0
  interminor       :       0.00       0.00          0          0          0          0          0          0
  intobj           :       0.00       0.00          0          0          0          0          0          0
  mcf              :       0.00       0.00          1          0          0          0          0          0
  minor            :       0.00       0.00          0          0          0          0          0          0
  mixing           :       0.00       0.00         11          0          0          0          0          0
  oddcycle         :       0.00       0.00          0          0          0          0          0          0
  rapidlearning    :       0.00       0.00          0          0          0          0          0          0
  rlt              :       0.00       0.00         10          0          0          0          0          0
  zerohalf         :       0.00       0.00         11          0          0          0          0          0
Cutselectors       :   ExecTime  SetupTime
  hybrid           :       0.00       0.00
Pricers            :   ExecTime  SetupTime      Calls       Vars
  problem variables:       0.00          -          0          0
Branching Rules    :   ExecTime  SetupTime   BranchLP  BranchExt   BranchPS    Cutoffs    DomReds       Cuts      Conss   Children
  allfullstrong    :       0.00       0.00          0          0          0          0          0          0          0          0
  cloud            :       0.00       0.00          0          0          0          0          0          0          0          0
  distribution     :       0.00       0.00          0          0          0          0          0          0          0          0
  fullstrong       :       0.00       0.00          0          0          0          0          0          0          0          0
  inference        :       0.00       0.00          0          0          0          0          0          0          0          0
  leastinf         :       0.00       0.00          0          0          0          0          0          0          0          0
  lookahead        :       0.00       0.00          0          0          0          0          0          0          0          0
  mostinf          :       0.00       0.00          0          0          0          0          0          0          0          0
  multaggr         :       0.00       0.00          0          0          0          0          0          0          0          0
  nodereopt        :       0.00       0.00          0          0          0          0          0          0          0          0
  pscost           :       0.00       0.00          0          0          0          0          0          0          0          0
  random           :       0.00       0.00          0          0          0          0          0          0          0          0
  relpscost        :       0.00       0.00          0          0          0          0          0          0          0          0
  vanillafullstrong:       0.00       0.00          0          0          0          0          0          0          0          0
Primal Heuristics  :   ExecTime  SetupTime      Calls      Found       Best
  LP solutions     :       0.00          -          -          0          0
  relax solutions  :       0.00          -          -          0          0
  pseudo solutions :       0.00          -          -          0          0
  strong branching :       0.00          -          -          0          0
  actconsdiving    :       0.00       0.00          0          0          0
  adaptivediving   :       0.00       0.00          0          0          0
  alns             :       0.00       0.00          0          0          0
  bound            :       0.00       0.00          0          0          0
  clique           :       0.00       0.00          1          0          0
  coefdiving       :       0.00       0.00          0          0          0
  completesol      :       0.00       0.00          0          0          0
  conflictdiving   :       0.02       0.00          1          0          0
  crossover        :       0.00       0.00          0          0          0
  dins             :       0.00       0.00          0          0          0
  distributiondivin:       0.00       0.00          0          0          0
  dps              :       0.00       0.00          0          0          0
  dualval          :       0.00       0.00          0          0          0
  farkasdiving     :       0.00       0.00          0          0          0
  feaspump         :       0.00       0.00          1          1          1
  fixandinfer      :       0.00       0.00          0          0          0
  fracdiving       :       0.00       0.00          0          0          0
  gins             :       0.00       0.00          0          0          0
  guideddiving     :       0.00       0.00          0          0          0
  indicator        :       0.00       0.00          0          0          0
  intdiving        :       0.00       0.00          0          0          0
  intshifting      :       0.00       0.00          1          0          0
  linesearchdiving :       0.00       0.00          0          0          0
  localbranching   :       0.00       0.00          0          0          0
  locks            :       0.00       0.00          1          0          0
  lpface           :       0.00       0.00          0          0          0
  mpec             :       0.00       0.00          0          0          0
  multistart       :       0.00       0.00          0          0          0
  mutation         :       0.00       0.00          0          0          0
  nlpdiving        :       0.00       0.00          0          0          0
  objpscostdiving  :       0.00       0.00          0          0          0
  octane           :       0.00       0.00          0          0          0
  ofins            :       0.00       0.00          0          0          0
  oneopt           :       0.00       0.00          1          0          0
  padm             :       0.00       0.00          0          0          0
  proximity        :       0.00       0.00          0          0          0
  pscostdiving     :       0.00       0.00          0          0          0
  randrounding     :       0.01       0.00         12          0          0
  rens             :       0.01       0.00          1          1          1
  reoptsols        :       0.00       0.00          0          0          0
  repair           :       0.00       0.00          0          0          0
  rins             :       0.00       0.00          0          0          0
  rootsoldiving    :       0.00       0.00          0          0          0
  rounding         :       0.00       0.00         12          0          0
  shiftandpropagate:       0.00       0.00          1          0          0
  shifting         :       0.01       0.00         12          0          0
  simplerounding   :       0.00       0.00          0          0          0
  subnlp           :       0.00       0.00          0          0          0
  trivial          :       0.00       0.00          2          0          0
  trivialnegation  :       0.00       0.00          0          0          0
  trustregion      :       0.00       0.00          0          0          0
  trysol           :       0.00       0.00          0          0          0
  twoopt           :       0.00       0.00          0          0          0
  undercover       :       0.00       0.00          0          0          0
  vbounds          :       0.00       0.00          0          0          0
  veclendiving     :       0.00       0.00          0          0          0
  zeroobj          :       0.00       0.00          0          0          0
  zirounding       :       0.00       0.00          1          0          0
  other solutions  :          -          -          -          0          -
Diving (single)    :      Calls      Nodes   LP Iters Backtracks  Conflicts   MinDepth   MaxDepth   AvgDepth  RoundSols  NLeafSols  MinSolDpt  MaxSolDpt  AvgSolDpt
  actconsdiving    :          0          -          -          -          -          -          -          -          -          -          -          -          -
  coefdiving       :          0          -          -          -          -          -          -          -          -          -          -          -          -
  conflictdiving   :          1         52        571          0          0         53         53       53.0          0          -          -          -          -
  distributiondivin:          0          -          -          -          -          -          -          -          -          -          -          -          -
  farkasdiving     :          0          -          -          -          -          -          -          -          -          -          -          -          -
  fracdiving       :          0          -          -          -          -          -          -          -          -          -          -          -          -
  guideddiving     :          0          -          -          -          -          -          -          -          -          -          -          -          -
  linesearchdiving :          0          -          -          -          -          -          -          -          -          -          -          -          -
  pscostdiving     :          0          -          -          -          -          -          -          -          -          -          -          -          -
  veclendiving     :          0          -          -          -          -          -          -          -          -          -          -          -          -
Diving (adaptive)  :      Calls      Nodes   LP Iters Backtracks  Conflicts   MinDepth   MaxDepth   AvgDepth  RoundSols  NLeafSols  MinSolDpt  MaxSolDpt  AvgSolDpt
  actconsdiving    :          0          -          -          -          -          -          -          -          -          -          -          -          -
  coefdiving       :          0          -          -          -          -          -          -          -          -          -          -          -          -
  conflictdiving   :          0          -          -          -          -          -          -          -          -          -          -          -          -
  distributiondivin:          0          -          -          -          -          -          -          -          -          -          -          -          -
  farkasdiving     :          0          -          -          -          -          -          -          -          -          -          -          -          -
  fracdiving       :          0          -          -          -          -          -          -          -          -          -          -          -          -
  guideddiving     :          0          -          -          -          -          -          -          -          -          -          -          -          -
  linesearchdiving :          0          -          -          -          -          -          -          -          -          -          -          -          -
  pscostdiving     :          0          -          -          -          -          -          -          -          -          -          -          -          -
  veclendiving     :          0          -          -          -          -          -          -          -          -          -          -          -          -
Neighborhoods      :      Calls  SetupTime  SolveTime SolveNodes       Sols       Best       Exp3  EpsGreedy        UCB TgtFixRate  Opt  Inf Node Stal  Sol  Usr Othr Actv
  rens             :          0       0.00       0.00          0          0          0    0.00000   -1.00000    1.00000      0.900    0    0    0    0    0    0    0    1
  rins             :          0       0.00       0.00          0          0          0    0.00000   -1.00000    1.00000      0.900    0    0    0    0    0    0    0    1
  mutation         :          0       0.00       0.00          0          0          0    0.00000   -1.00000    1.00000      0.900    0    0    0    0    0    0    0    1
  localbranching   :          0       0.00       0.00          0          0          0    0.00000   -1.00000    1.00000      0.900    0    0    0    0    0    0    0    1
  crossover        :          0       0.00       0.00          0          0          0    0.00000   -1.00000    1.00000      0.900    0    0    0    0    0    0    0    1
  proximity        :          0       0.00       0.00          0          0          0    0.00000   -1.00000    1.00000      0.900    0    0    0    0    0    0    0    1
  zeroobjective    :          0       0.00       0.00          0          0          0    0.00000   -1.00000    1.00000      0.900    0    0    0    0    0    0    0    1
  dins             :          0       0.00       0.00          0          0          0    0.00000   -1.00000    1.00000      0.900    0    0    0    0    0    0    0    1
  trustregion      :          0       0.00       0.00          0          0          0    0.00000   -1.00000    1.00000      0.900    0    0    0    0    0    0    0    0
LP                 :       Time      Calls Iterations  Iter/call   Iter/sec  Time-0-It Calls-0-It    ItLimit
  primal LP        :       0.00          0          0       0.00          -       0.00          0
  dual LP          :       0.01         12        396      33.00   28261.49       0.00          0
  lex dual LP      :       0.00          0          0       0.00          -
  barrier LP       :       0.00          0          0       0.00          -       0.00          0
  resolve instable :       0.00          0          0       0.00          -
  diving/probing LP:       0.02         28       1092      39.00   54439.40
  strong branching :       0.00          0          0       0.00          -          -          -          0
    (at root node) :          -          0          0       0.00          -
  conflict analysis:       0.00          0          0       0.00          -
B&B Tree           :
  number of runs   :          1
  nodes            :          1 (0 internal, 1 leaves)
  feasible leaves  :          0
  infeas. leaves   :          1
  objective leaves :          0
  nodes (total)    :          1 (0 internal, 1 leaves)
  nodes left       :          0
  max depth        :          0
  max depth (total):          0
  backtracks       :          0 (0.0%)
  early backtracks :          0 (0.0%)
  nodes exc. ref.  :          0 (0.0%)
  delayed cutoffs  :          0
  repropagations   :          0 (0 domain reductions, 0 cutoffs)
  avg switch length:       2.00
  switching time   :       0.00
Estim. Tree Size   :          1
Estimation Tree    : 1 nodes (1 visited, 0 internal, 1 leaves, 0 open), weight: 1.0000 completed 1.0000
Estimations        :      estim      value      trend resolution     smooth
  wbe              :          1          -          -          -          -
  tree-profile     :         -1          -          -          -          -
  gap              :          1    1.00000    1.00000          1          1
  tree-weight      :          1    1.00000    1.00000          1          1
  leaf-frequency   :          1    0.50000    1.00000          1          1
  ssg              :          1    0.00000   -1.00000          1          1
  open-nodes       :          1    0.00000    0.00000          1          1
Root Node          :
  First LP value   : -2.23574730354391e+00
  First LP Iters   :        352 (39329.61 Iter/sec)
  First LP Time    :       0.01
  Final Dual Bound : -2.23574730354391e+00
  Final Root Iters :        720
  Root LP Estimate :                     -
Solution           :
  Solutions found  :          2 (2 improvements)
  First Solution   : -2.09090909090909e+00   (in run 1, after 1 nodes, 1.40 seconds, depth 0, found by <feaspump>)
  Gap First Sol.   :       6.93 %
  Gap Last Sol.    :       0.00 %
  Primal Bound     : -2.23574730354391e+00   (in run 1, after 1 nodes, 1.52 seconds, depth 0, found by <rens>)
  Dual Bound       : -2.23574730354391e+00
  Gap              :       0.00 %
Integrals          :      Total       Avg%
  primal-dual      :     140.78      92.58
  primal-ref       :          -          - (not evaluated)
  dual-ref         :          -          - (not evaluated)
