SCIP version 8.0.0 [precision: 8 byte] [memory: block] [mode: optimized] [LP solver: SoPlex 6.0.0] [GitHash: a740f0891e]
Copyright (C) 2002-2021 Konrad-Zuse-Zentrum fuer Informationstechnik Berlin (ZIB)

External libraries: 
  SoPlex 6.0.0         Linear Programming Solver developed at Zuse Institute Berlin (soplex.zib.de) [GitHash: 71a5873d]
  CppAD 20180000.0     Algorithmic Differentiation of C++ algorithms developed by B. Bell (github.com/coin-or/CppAD)
  ZLIB 1.2.11          General purpose compression library by J. Gailly and M. Adler (zlib.net)
  GMP 6.2.1            GNU Multiple Precision Arithmetic Library developed by T. Granlund (gmplib.org)
  ZIMPL 3.5.1          Zuse Institute Mathematical Programming Language developed by T. Koch (zimpl.zib.de)
  AMPL/MP 4e2d45c4     AMPL .nl file reader library (github.com/ampl/mp)
  PaPILO 2.0.0         parallel presolve for integer and linear optimization (github.com/scipopt/papilo) [GitHash: 76cafc1]
  bliss 0.73p          Computing Graph Automorphism Groups by T. Junttila and P. Kaski (www.tcs.hut.fi/Software/bliss/)
  Ipopt 3.13.2         Interior Point Optimizer developed by A. Waechter et.al. (github.com/coin-or/Ipopt)

user parameter file <scip.set> not found - using default parameters

read problem <../modeles/5_284.lp>
============

original problem has 2850 variables (1420 bin, 0 int, 0 impl, 1430 cont) and 1441 constraints

solve problem
=============

presolving:
(round 1, fast)       5 del vars, 0 del conss, 0 add conss, 3030 chg bounds, 0 chg sides, 0 chg coeffs, 0 upgd conss, 0 impls, 5 clqs
(round 2, fast)       5 del vars, 0 del conss, 0 add conss, 3030 chg bounds, 0 chg sides, 1410 chg coeffs, 0 upgd conss, 0 impls, 5 clqs
   (0.0s) running MILP presolver
   (0.0s) MILP presolver (2 rounds): 0 aggregations, 0 fixings, 10 bound changes
(round 3, exhaustive) 5 del vars, 0 del conss, 0 add conss, 3040 chg bounds, 0 chg sides, 1410 chg coeffs, 15 upgd conss, 0 impls, 5 clqs
(round 4, exhaustive) 30 del vars, 0 del conss, 0 add conss, 3040 chg bounds, 0 chg sides, 1410 chg coeffs, 15 upgd conss, 7651 impls, 5 clqs
(round 5, exhaustive) 31 del vars, 1 del conss, 0 add conss, 3041 chg bounds, 0 chg sides, 1410 chg coeffs, 63 upgd conss, 7651 impls, 5 clqs
(round 6, exhaustive) 56 del vars, 1 del conss, 0 add conss, 3041 chg bounds, 0 chg sides, 1410 chg coeffs, 63 upgd conss, 15334 impls, 5 clqs
(round 7, fast)       56 del vars, 3 del conss, 0 add conss, 3041 chg bounds, 0 chg sides, 1410 chg coeffs, 63 upgd conss, 15334 impls, 5 clqs
(round 8, exhaustive) 56 del vars, 3 del conss, 0 add conss, 3041 chg bounds, 0 chg sides, 1410 chg coeffs, 107 upgd conss, 15334 impls, 5 clqs
(round 9, exhaustive) 82 del vars, 3 del conss, 0 add conss, 3041 chg bounds, 0 chg sides, 1410 chg coeffs, 107 upgd conss, 21309 impls, 5 clqs
(round 10, fast)       82 del vars, 6 del conss, 0 add conss, 3041 chg bounds, 0 chg sides, 1410 chg coeffs, 107 upgd conss, 21309 impls, 5 clqs
(round 11, exhaustive) 82 del vars, 6 del conss, 0 add conss, 3041 chg bounds, 0 chg sides, 1410 chg coeffs, 150 upgd conss, 21309 impls, 5 clqs
(round 12, exhaustive) 107 del vars, 6 del conss, 0 add conss, 3041 chg bounds, 0 chg sides, 1410 chg coeffs, 150 upgd conss, 26123 impls, 5 clqs
(round 13, fast)       108 del vars, 13 del conss, 0 add conss, 3042 chg bounds, 0 chg sides, 1410 chg coeffs, 150 upgd conss, 26123 impls, 5 clqs
(round 14, exhaustive) 108 del vars, 13 del conss, 0 add conss, 3042 chg bounds, 0 chg sides, 1410 chg coeffs, 173 upgd conss, 26123 impls, 5 clqs
(round 15, exhaustive) 133 del vars, 13 del conss, 0 add conss, 3042 chg bounds, 0 chg sides, 1410 chg coeffs, 173 upgd conss, 34523 impls, 5 clqs
(round 16, fast)       138 del vars, 20 del conss, 0 add conss, 3047 chg bounds, 0 chg sides, 1410 chg coeffs, 173 upgd conss, 34523 impls, 5 clqs
(round 17, exhaustive) 138 del vars, 20 del conss, 0 add conss, 3047 chg bounds, 0 chg sides, 1410 chg coeffs, 210 upgd conss, 34523 impls, 5 clqs
(round 18, exhaustive) 163 del vars, 20 del conss, 0 add conss, 3047 chg bounds, 0 chg sides, 1410 chg coeffs, 210 upgd conss, 42622 impls, 5 clqs
(round 19, fast)       165 del vars, 25 del conss, 0 add conss, 3049 chg bounds, 0 chg sides, 1410 chg coeffs, 210 upgd conss, 42622 impls, 5 clqs
(round 20, exhaustive) 165 del vars, 25 del conss, 0 add conss, 3049 chg bounds, 0 chg sides, 1410 chg coeffs, 245 upgd conss, 42622 impls, 5 clqs
(round 21, exhaustive) 190 del vars, 25 del conss, 0 add conss, 3049 chg bounds, 0 chg sides, 1410 chg coeffs, 245 upgd conss, 48764 impls, 5 clqs
(round 22, fast)       192 del vars, 34 del conss, 0 add conss, 3051 chg bounds, 0 chg sides, 1410 chg coeffs, 245 upgd conss, 48764 impls, 5 clqs
(round 23, exhaustive) 192 del vars, 34 del conss, 0 add conss, 3051 chg bounds, 0 chg sides, 1410 chg coeffs, 272 upgd conss, 48764 impls, 5 clqs
(round 24, exhaustive) 217 del vars, 34 del conss, 0 add conss, 3051 chg bounds, 0 chg sides, 1410 chg coeffs, 272 upgd conss, 53453 impls, 5 clqs
(round 25, fast)       217 del vars, 40 del conss, 0 add conss, 3051 chg bounds, 0 chg sides, 1410 chg coeffs, 272 upgd conss, 53453 impls, 5 clqs
(round 26, exhaustive) 217 del vars, 40 del conss, 0 add conss, 3051 chg bounds, 0 chg sides, 1410 chg coeffs, 300 upgd conss, 53453 impls, 5 clqs
(round 27, exhaustive) 242 del vars, 40 del conss, 0 add conss, 3051 chg bounds, 0 chg sides, 1410 chg coeffs, 300 upgd conss, 57630 impls, 5 clqs
(round 28, fast)       243 del vars, 52 del conss, 0 add conss, 3052 chg bounds, 0 chg sides, 1410 chg coeffs, 300 upgd conss, 57630 impls, 5 clqs
(round 29, exhaustive) 243 del vars, 52 del conss, 0 add conss, 3052 chg bounds, 0 chg sides, 1410 chg coeffs, 316 upgd conss, 57630 impls, 5 clqs
(round 30, exhaustive) 270 del vars, 52 del conss, 0 add conss, 3052 chg bounds, 0 chg sides, 1410 chg coeffs, 316 upgd conss, 62778 impls, 5 clqs
(round 31, fast)       270 del vars, 64 del conss, 0 add conss, 3052 chg bounds, 0 chg sides, 1410 chg coeffs, 316 upgd conss, 62778 impls, 5 clqs
(round 32, exhaustive) 270 del vars, 64 del conss, 0 add conss, 3052 chg bounds, 0 chg sides, 1410 chg coeffs, 334 upgd conss, 62778 impls, 5 clqs
(round 33, exhaustive) 295 del vars, 64 del conss, 0 add conss, 3052 chg bounds, 0 chg sides, 1410 chg coeffs, 334 upgd conss, 66549 impls, 5 clqs
(round 34, fast)       296 del vars, 73 del conss, 0 add conss, 3053 chg bounds, 0 chg sides, 1410 chg coeffs, 334 upgd conss, 66549 impls, 5 clqs
(round 35, exhaustive) 296 del vars, 73 del conss, 0 add conss, 3053 chg bounds, 0 chg sides, 1410 chg coeffs, 351 upgd conss, 66549 impls, 5 clqs
(round 36, exhaustive) 321 del vars, 73 del conss, 0 add conss, 3053 chg bounds, 0 chg sides, 1410 chg coeffs, 351 upgd conss, 70576 impls, 5 clqs
(round 37, fast)       324 del vars, 84 del conss, 0 add conss, 3056 chg bounds, 0 chg sides, 1410 chg coeffs, 351 upgd conss, 70576 impls, 5 clqs
(round 38, exhaustive) 324 del vars, 84 del conss, 0 add conss, 3056 chg bounds, 0 chg sides, 1410 chg coeffs, 374 upgd conss, 70576 impls, 5 clqs
(round 39, exhaustive) 349 del vars, 84 del conss, 0 add conss, 3056 chg bounds, 0 chg sides, 1410 chg coeffs, 374 upgd conss, 75088 impls, 5 clqs
(round 40, fast)       349 del vars, 93 del conss, 0 add conss, 3056 chg bounds, 0 chg sides, 1410 chg coeffs, 374 upgd conss, 75088 impls, 5 clqs
(round 41, exhaustive) 349 del vars, 93 del conss, 0 add conss, 3056 chg bounds, 0 chg sides, 1410 chg coeffs, 397 upgd conss, 75088 impls, 5 clqs
(round 42, exhaustive) 374 del vars, 93 del conss, 0 add conss, 3056 chg bounds, 0 chg sides, 1410 chg coeffs, 397 upgd conss, 80608 impls, 5 clqs
(round 43, fast)       375 del vars, 105 del conss, 0 add conss, 3057 chg bounds, 0 chg sides, 1410 chg coeffs, 397 upgd conss, 80608 impls, 5 clqs
(round 44, exhaustive) 375 del vars, 105 del conss, 0 add conss, 3057 chg bounds, 0 chg sides, 1410 chg coeffs, 413 upgd conss, 80608 impls, 5 clqs
(round 45, exhaustive) 400 del vars, 105 del conss, 0 add conss, 3057 chg bounds, 0 chg sides, 1410 chg coeffs, 413 upgd conss, 83202 impls, 5 clqs
(round 46, fast)       401 del vars, 116 del conss, 0 add conss, 3058 chg bounds, 0 chg sides, 1410 chg coeffs, 413 upgd conss, 83202 impls, 5 clqs
(round 47, exhaustive) 401 del vars, 116 del conss, 0 add conss, 3058 chg bounds, 0 chg sides, 1410 chg coeffs, 432 upgd conss, 83202 impls, 5 clqs
(round 48, exhaustive) 431 del vars, 116 del conss, 0 add conss, 3058 chg bounds, 0 chg sides, 1410 chg coeffs, 432 upgd conss, 86320 impls, 5 clqs
(round 49, fast)       431 del vars, 128 del conss, 0 add conss, 3058 chg bounds, 0 chg sides, 1410 chg coeffs, 432 upgd conss, 86320 impls, 5 clqs
(round 50, exhaustive) 431 del vars, 128 del conss, 0 add conss, 3058 chg bounds, 0 chg sides, 1410 chg coeffs, 452 upgd conss, 86320 impls, 5 clqs
(round 51, exhaustive) 458 del vars, 128 del conss, 0 add conss, 3058 chg bounds, 0 chg sides, 1410 chg coeffs, 452 upgd conss, 88874 impls, 5 clqs
(round 52, fast)       458 del vars, 143 del conss, 0 add conss, 3058 chg bounds, 0 chg sides, 1410 chg coeffs, 452 upgd conss, 88874 impls, 5 clqs
   (0.8s) running MILP presolver
   (0.9s) MILP presolver (13 rounds): 0 aggregations, 76 fixings, 0 bound changes
(round 53, medium)     534 del vars, 170 del conss, 0 add conss, 3058 chg bounds, 0 chg sides, 1410 chg coeffs, 452 upgd conss, 88874 impls, 5 clqs
(round 54, fast)       534 del vars, 180 del conss, 0 add conss, 3058 chg bounds, 0 chg sides, 1410 chg coeffs, 452 upgd conss, 88874 impls, 5 clqs
(round 55, exhaustive) 534 del vars, 180 del conss, 0 add conss, 3058 chg bounds, 0 chg sides, 1410 chg coeffs, 492 upgd conss, 88874 impls, 5 clqs
(round 56, exhaustive) 559 del vars, 180 del conss, 0 add conss, 3058 chg bounds, 0 chg sides, 1410 chg coeffs, 492 upgd conss, 90880 impls, 5 clqs
(round 57, fast)       559 del vars, 193 del conss, 0 add conss, 3058 chg bounds, 0 chg sides, 1410 chg coeffs, 492 upgd conss, 90880 impls, 5 clqs
(round 58, exhaustive) 559 del vars, 193 del conss, 0 add conss, 3058 chg bounds, 0 chg sides, 1410 chg coeffs, 503 upgd conss, 90880 impls, 5 clqs
(round 59, exhaustive) 584 del vars, 193 del conss, 0 add conss, 3058 chg bounds, 0 chg sides, 1410 chg coeffs, 503 upgd conss, 94983 impls, 5 clqs
(round 60, fast)       584 del vars, 205 del conss, 0 add conss, 3058 chg bounds, 0 chg sides, 1410 chg coeffs, 503 upgd conss, 94983 impls, 5 clqs
(round 61, exhaustive) 584 del vars, 205 del conss, 0 add conss, 3058 chg bounds, 0 chg sides, 1410 chg coeffs, 517 upgd conss, 94983 impls, 5 clqs
(round 62, exhaustive) 609 del vars, 205 del conss, 0 add conss, 3058 chg bounds, 0 chg sides, 1410 chg coeffs, 517 upgd conss, 97889 impls, 5 clqs
(round 63, fast)       610 del vars, 219 del conss, 0 add conss, 3059 chg bounds, 0 chg sides, 1410 chg coeffs, 517 upgd conss, 97889 impls, 5 clqs
(round 64, exhaustive) 610 del vars, 219 del conss, 0 add conss, 3059 chg bounds, 0 chg sides, 1410 chg coeffs, 527 upgd conss, 97889 impls, 5 clqs
(round 65, exhaustive) 635 del vars, 219 del conss, 0 add conss, 3059 chg bounds, 0 chg sides, 1410 chg coeffs, 527 upgd conss, 102150 impls, 5 clqs
(round 66, fast)       635 del vars, 230 del conss, 0 add conss, 3059 chg bounds, 0 chg sides, 1410 chg coeffs, 527 upgd conss, 102150 impls, 5 clqs
(round 67, exhaustive) 635 del vars, 230 del conss, 0 add conss, 3059 chg bounds, 0 chg sides, 1410 chg coeffs, 540 upgd conss, 102150 impls, 5 clqs
(round 68, exhaustive) 660 del vars, 230 del conss, 0 add conss, 3059 chg bounds, 0 chg sides, 1410 chg coeffs, 540 upgd conss, 108527 impls, 5 clqs
(round 69, fast)       664 del vars, 243 del conss, 0 add conss, 3063 chg bounds, 0 chg sides, 1410 chg coeffs, 540 upgd conss, 108527 impls, 5 clqs
(round 70, exhaustive) 664 del vars, 243 del conss, 0 add conss, 3063 chg bounds, 0 chg sides, 1410 chg coeffs, 554 upgd conss, 108527 impls, 5 clqs
(round 71, exhaustive) 689 del vars, 243 del conss, 0 add conss, 3063 chg bounds, 0 chg sides, 1410 chg coeffs, 554 upgd conss, 113178 impls, 5 clqs
(round 72, fast)       689 del vars, 252 del conss, 0 add conss, 3063 chg bounds, 0 chg sides, 1410 chg coeffs, 554 upgd conss, 113178 impls, 5 clqs
(round 73, exhaustive) 689 del vars, 252 del conss, 0 add conss, 3063 chg bounds, 0 chg sides, 1410 chg coeffs, 577 upgd conss, 113178 impls, 5 clqs
(round 74, exhaustive) 714 del vars, 252 del conss, 0 add conss, 3063 chg bounds, 0 chg sides, 1410 chg coeffs, 577 upgd conss, 117296 impls, 5 clqs
(round 75, fast)       714 del vars, 267 del conss, 0 add conss, 3063 chg bounds, 0 chg sides, 1410 chg coeffs, 577 upgd conss, 117296 impls, 5 clqs
(round 76, exhaustive) 714 del vars, 267 del conss, 0 add conss, 3063 chg bounds, 0 chg sides, 1410 chg coeffs, 582 upgd conss, 117296 impls, 5 clqs
(round 77, exhaustive) 739 del vars, 267 del conss, 0 add conss, 3063 chg bounds, 0 chg sides, 1410 chg coeffs, 582 upgd conss, 120913 impls, 5 clqs
(round 78, fast)       741 del vars, 283 del conss, 0 add conss, 3065 chg bounds, 0 chg sides, 1410 chg coeffs, 582 upgd conss, 120913 impls, 5 clqs
(round 79, exhaustive) 741 del vars, 283 del conss, 0 add conss, 3065 chg bounds, 0 chg sides, 1410 chg coeffs, 588 upgd conss, 120913 impls, 5 clqs
(round 80, exhaustive) 766 del vars, 283 del conss, 0 add conss, 3065 chg bounds, 0 chg sides, 1410 chg coeffs, 588 upgd conss, 122710 impls, 5 clqs
(round 81, fast)       770 del vars, 298 del conss, 0 add conss, 3069 chg bounds, 0 chg sides, 1410 chg coeffs, 588 upgd conss, 122710 impls, 5 clqs
(round 82, exhaustive) 770 del vars, 298 del conss, 0 add conss, 3069 chg bounds, 0 chg sides, 1410 chg coeffs, 601 upgd conss, 122710 impls, 5 clqs
(round 83, exhaustive) 795 del vars, 298 del conss, 0 add conss, 3069 chg bounds, 0 chg sides, 1410 chg coeffs, 601 upgd conss, 124485 impls, 5 clqs
(round 84, fast)       795 del vars, 312 del conss, 0 add conss, 3069 chg bounds, 0 chg sides, 1410 chg coeffs, 601 upgd conss, 124485 impls, 5 clqs
(round 85, exhaustive) 795 del vars, 312 del conss, 0 add conss, 3069 chg bounds, 0 chg sides, 1410 chg coeffs, 609 upgd conss, 124485 impls, 5 clqs
(round 86, exhaustive) 820 del vars, 312 del conss, 0 add conss, 3069 chg bounds, 0 chg sides, 1410 chg coeffs, 609 upgd conss, 127509 impls, 5 clqs
(round 87, fast)       823 del vars, 329 del conss, 0 add conss, 3072 chg bounds, 0 chg sides, 1410 chg coeffs, 609 upgd conss, 127509 impls, 5 clqs
(round 88, exhaustive) 823 del vars, 329 del conss, 0 add conss, 3072 chg bounds, 0 chg sides, 1410 chg coeffs, 614 upgd conss, 127509 impls, 5 clqs
(round 89, exhaustive) 849 del vars, 329 del conss, 0 add conss, 3072 chg bounds, 0 chg sides, 1410 chg coeffs, 614 upgd conss, 129407 impls, 5 clqs
(round 90, fast)       849 del vars, 343 del conss, 0 add conss, 3072 chg bounds, 0 chg sides, 1410 chg coeffs, 614 upgd conss, 129407 impls, 5 clqs
(round 91, exhaustive) 849 del vars, 343 del conss, 0 add conss, 3072 chg bounds, 0 chg sides, 1410 chg coeffs, 620 upgd conss, 129407 impls, 5 clqs
(round 92, exhaustive) 875 del vars, 343 del conss, 0 add conss, 3072 chg bounds, 0 chg sides, 1410 chg coeffs, 620 upgd conss, 131089 impls, 5 clqs
(round 93, fast)       875 del vars, 358 del conss, 0 add conss, 3072 chg bounds, 0 chg sides, 1410 chg coeffs, 620 upgd conss, 131089 impls, 5 clqs
(round 94, exhaustive) 875 del vars, 358 del conss, 0 add conss, 3072 chg bounds, 0 chg sides, 1410 chg coeffs, 627 upgd conss, 131089 impls, 5 clqs
(round 95, exhaustive) 900 del vars, 358 del conss, 0 add conss, 3072 chg bounds, 0 chg sides, 1410 chg coeffs, 627 upgd conss, 132987 impls, 5 clqs
(round 96, fast)       902 del vars, 374 del conss, 0 add conss, 3074 chg bounds, 0 chg sides, 1410 chg coeffs, 627 upgd conss, 132987 impls, 5 clqs
   (1.3s) running MILP presolver
   (1.3s) MILP presolver (17 rounds): 0 aggregations, 111 fixings, 0 bound changes
(round 97, medium)     1013 del vars, 427 del conss, 0 add conss, 3074 chg bounds, 0 chg sides, 1410 chg coeffs, 627 upgd conss, 132987 impls, 5 clqs
(round 98, fast)       1013 del vars, 439 del conss, 0 add conss, 3074 chg bounds, 0 chg sides, 1410 chg coeffs, 627 upgd conss, 132987 impls, 5 clqs
(round 99, exhaustive) 1013 del vars, 439 del conss, 0 add conss, 3074 chg bounds, 0 chg sides, 1410 chg coeffs, 648 upgd conss, 132987 impls, 5 clqs
   (1.4s) probing: 1000/1420 (70.4%) - 787 fixings, 0 aggregations, 133326 implications, 0 bound changes
(round 100, exhaustive) 1038 del vars, 439 del conss, 0 add conss, 3074 chg bounds, 0 chg sides, 1410 chg coeffs, 648 upgd conss, 136453 impls, 5 clqs
(round 101, fast)       1038 del vars, 453 del conss, 0 add conss, 3074 chg bounds, 0 chg sides, 1410 chg coeffs, 648 upgd conss, 136453 impls, 5 clqs
(round 102, exhaustive) 1038 del vars, 453 del conss, 0 add conss, 3074 chg bounds, 0 chg sides, 1410 chg coeffs, 656 upgd conss, 136453 impls, 5 clqs
(round 103, exhaustive) 1063 del vars, 453 del conss, 0 add conss, 3074 chg bounds, 0 chg sides, 1410 chg coeffs, 656 upgd conss, 139085 impls, 5 clqs
(round 104, fast)       1065 del vars, 470 del conss, 0 add conss, 3076 chg bounds, 0 chg sides, 1410 chg coeffs, 656 upgd conss, 139085 impls, 5 clqs
(round 105, exhaustive) 1065 del vars, 470 del conss, 0 add conss, 3076 chg bounds, 0 chg sides, 1410 chg coeffs, 659 upgd conss, 139085 impls, 5 clqs
(round 106, exhaustive) 1090 del vars, 470 del conss, 0 add conss, 3076 chg bounds, 0 chg sides, 1410 chg coeffs, 659 upgd conss, 140394 impls, 5 clqs
(round 107, fast)       1090 del vars, 486 del conss, 0 add conss, 3076 chg bounds, 0 chg sides, 1410 chg coeffs, 659 upgd conss, 140394 impls, 5 clqs
(round 108, exhaustive) 1090 del vars, 486 del conss, 0 add conss, 3076 chg bounds, 0 chg sides, 1410 chg coeffs, 661 upgd conss, 140394 impls, 5 clqs
(round 109, exhaustive) 1117 del vars, 486 del conss, 0 add conss, 3076 chg bounds, 0 chg sides, 1410 chg coeffs, 661 upgd conss, 142590 impls, 5 clqs
(round 110, fast)       1117 del vars, 502 del conss, 0 add conss, 3076 chg bounds, 0 chg sides, 1410 chg coeffs, 661 upgd conss, 142590 impls, 5 clqs
(round 111, exhaustive) 1117 del vars, 502 del conss, 0 add conss, 3076 chg bounds, 0 chg sides, 1410 chg coeffs, 667 upgd conss, 142590 impls, 5 clqs
(round 112, exhaustive) 1142 del vars, 502 del conss, 0 add conss, 3076 chg bounds, 0 chg sides, 1410 chg coeffs, 667 upgd conss, 144762 impls, 5 clqs
(round 113, fast)       1144 del vars, 519 del conss, 0 add conss, 3078 chg bounds, 0 chg sides, 1410 chg coeffs, 667 upgd conss, 144762 impls, 5 clqs
(round 114, exhaustive) 1144 del vars, 519 del conss, 0 add conss, 3078 chg bounds, 0 chg sides, 1410 chg coeffs, 670 upgd conss, 144762 impls, 5 clqs
(round 115, exhaustive) 1173 del vars, 519 del conss, 0 add conss, 3078 chg bounds, 0 chg sides, 1410 chg coeffs, 670 upgd conss, 148640 impls, 5 clqs
(round 116, fast)       1173 del vars, 538 del conss, 0 add conss, 3078 chg bounds, 0 chg sides, 1410 chg coeffs, 670 upgd conss, 148640 impls, 5 clqs
(round 117, exhaustive) 1173 del vars, 538 del conss, 0 add conss, 3078 chg bounds, 0 chg sides, 1410 chg coeffs, 671 upgd conss, 148640 impls, 5 clqs
(round 118, exhaustive) 1202 del vars, 538 del conss, 0 add conss, 3078 chg bounds, 0 chg sides, 1410 chg coeffs, 671 upgd conss, 151242 impls, 5 clqs
(round 119, fast)       1202 del vars, 557 del conss, 0 add conss, 3078 chg bounds, 0 chg sides, 1410 chg coeffs, 671 upgd conss, 151242 impls, 5 clqs
(round 120, exhaustive) 1202 del vars, 557 del conss, 0 add conss, 3078 chg bounds, 0 chg sides, 1410 chg coeffs, 672 upgd conss, 151242 impls, 5 clqs
(round 121, exhaustive) 1228 del vars, 557 del conss, 0 add conss, 3078 chg bounds, 0 chg sides, 1410 chg coeffs, 672 upgd conss, 154068 impls, 5 clqs
(round 122, fast)       1228 del vars, 574 del conss, 0 add conss, 3078 chg bounds, 0 chg sides, 1410 chg coeffs, 672 upgd conss, 154068 impls, 5 clqs
(round 123, exhaustive) 1228 del vars, 574 del conss, 0 add conss, 3078 chg bounds, 0 chg sides, 1410 chg coeffs, 673 upgd conss, 154068 impls, 5 clqs
(round 124, exhaustive) 1253 del vars, 574 del conss, 0 add conss, 3078 chg bounds, 0 chg sides, 1410 chg coeffs, 673 upgd conss, 156824 impls, 5 clqs
(round 125, fast)       1253 del vars, 590 del conss, 0 add conss, 3078 chg bounds, 0 chg sides, 1410 chg coeffs, 673 upgd conss, 156824 impls, 5 clqs
   (1.5s) running MILP presolver
   (1.6s) MILP presolver (5 rounds): 0 aggregations, 15 fixings, 0 bound changes
(round 126, medium)     1268 del vars, 600 del conss, 0 add conss, 3078 chg bounds, 0 chg sides, 1410 chg coeffs, 673 upgd conss, 156824 impls, 5 clqs
(round 127, exhaustive) 1268 del vars, 600 del conss, 0 add conss, 3078 chg bounds, 0 chg sides, 1410 chg coeffs, 675 upgd conss, 156824 impls, 5 clqs
(round 128, exhaustive) 1294 del vars, 600 del conss, 0 add conss, 3078 chg bounds, 0 chg sides, 1410 chg coeffs, 675 upgd conss, 159228 impls, 5 clqs
(round 129, fast)       1294 del vars, 617 del conss, 0 add conss, 3078 chg bounds, 0 chg sides, 1410 chg coeffs, 675 upgd conss, 159228 impls, 5 clqs
(round 130, exhaustive) 1294 del vars, 617 del conss, 0 add conss, 3078 chg bounds, 0 chg sides, 1410 chg coeffs, 676 upgd conss, 159228 impls, 5 clqs
(round 131, exhaustive) 1319 del vars, 617 del conss, 0 add conss, 3078 chg bounds, 0 chg sides, 1410 chg coeffs, 676 upgd conss, 160950 impls, 5 clqs
(round 132, fast)       1321 del vars, 635 del conss, 0 add conss, 3080 chg bounds, 0 chg sides, 1410 chg coeffs, 676 upgd conss, 160950 impls, 5 clqs
(round 133, exhaustive) 1346 del vars, 635 del conss, 0 add conss, 3080 chg bounds, 0 chg sides, 1410 chg coeffs, 676 upgd conss, 164135 impls, 5 clqs
(round 134, fast)       1350 del vars, 654 del conss, 0 add conss, 3084 chg bounds, 0 chg sides, 1410 chg coeffs, 676 upgd conss, 164135 impls, 5 clqs
(round 135, exhaustive) 1350 del vars, 654 del conss, 0 add conss, 3084 chg bounds, 0 chg sides, 1410 chg coeffs, 677 upgd conss, 164135 impls, 5 clqs
(round 136, exhaustive) 1375 del vars, 654 del conss, 0 add conss, 3084 chg bounds, 0 chg sides, 1410 chg coeffs, 677 upgd conss, 164574 impls, 5 clqs
(round 137, fast)       1375 del vars, 670 del conss, 0 add conss, 3084 chg bounds, 0 chg sides, 1410 chg coeffs, 677 upgd conss, 164574 impls, 5 clqs
(round 138, exhaustive) 1375 del vars, 670 del conss, 0 add conss, 3084 chg bounds, 0 chg sides, 1410 chg coeffs, 679 upgd conss, 164574 impls, 5 clqs
(round 139, exhaustive) 1400 del vars, 670 del conss, 0 add conss, 3084 chg bounds, 0 chg sides, 1410 chg coeffs, 679 upgd conss, 167035 impls, 5 clqs
(round 140, fast)       1402 del vars, 688 del conss, 0 add conss, 3086 chg bounds, 0 chg sides, 1410 chg coeffs, 679 upgd conss, 167035 impls, 5 clqs
   (1.7s) probing cycle finished: starting next cycle
   (1.7s) probing: 51/720 (7.1%) - 1152 fixings, 0 aggregations, 166933 implications, 0 bound changes
   (1.7s) probing aborted: 50/50 successive totally useless probings
(round 141, exhaustive) 1405 del vars, 688 del conss, 0 add conss, 3086 chg bounds, 0 chg sides, 1410 chg coeffs, 679 upgd conss, 167607 impls, 5 clqs
(round 142, fast)       1405 del vars, 690 del conss, 0 add conss, 3086 chg bounds, 0 chg sides, 1410 chg coeffs, 679 upgd conss, 167607 impls, 5 clqs
   (1.7s) probing: 56/720 (7.8%) - 1152 fixings, 0 aggregations, 166933 implications, 0 bound changes
   (1.7s) probing aborted: 50/50 successive totally useless probings
   (1.7s) symmetry computation started: requiring (bin +, int -, cont +), (fixed: bin -, int +, cont -)
   (1.7s) symmetry computation finished: 4 generators found (max: 1500, log10 of symmetry group size: 2.1)
(round 143, exhaustive) 1405 del vars, 690 del conss, 1 add conss, 3086 chg bounds, 0 chg sides, 1410 chg coeffs, 679 upgd conss, 167607 impls, 5 clqs
presolving (144 rounds: 144 fast, 95 medium, 92 exhaustive):
 1405 deleted vars, 690 deleted constraints, 1 added constraints, 3086 tightened bounds, 0 added holes, 0 changed sides, 1410 changed coefficients
 167607 implications, 5 cliques
presolved problem has 1445 variables (720 bin, 0 int, 0 impl, 725 cont) and 742 constraints
     10 constraints of type <varbound>
      5 constraints of type <setppc>
    726 constraints of type <linear>
      1 constraints of type <orbitope>
Presolving Time: 1.69

 time | node  | left  |LP iter|LP it/n|mem/heur|mdpt |vars |cons |rows |cuts |sepa|confs|strbr|  dualbound   | primalbound  |  gap   | compl. 
  1.7s|     1 |     0 |   337 |     - |    59M |   0 |1445 | 744 | 741 |   0 |  0 |   1 |   0 |-2.235860e+00 |      --      |    Inf | unknown
o 1.7s|     1 |     0 |   669 |     - |feaspump|   0 |1445 | 744 | 741 |   0 |  0 |   1 |   0 |-2.235860e+00 |-2.112676e+00 |   5.83%| unknown
  1.7s|     1 |     0 |   670 |     - |    60M |   0 |1445 | 744 | 742 |   1 |  1 |   1 |   0 |-2.235860e+00 |-2.112676e+00 |   5.83%| unknown
  1.7s|     1 |     0 |   671 |     - |    60M |   0 |1445 | 744 | 743 |   2 |  2 |   1 |   0 |-2.235860e+00 |-2.112676e+00 |   5.83%| unknown
  1.7s|     1 |     0 |   672 |     - |    60M |   0 |1445 | 744 | 744 |   3 |  3 |   1 |   0 |-2.235860e+00 |-2.112676e+00 |   5.83%| unknown
r 1.7s|     1 |     0 |   672 |     - |randroun|   0 |1445 | 744 | 744 |   0 |  3 |   1 |   0 |-2.235860e+00 |-2.235860e+00 |   0.00%| unknown
  1.7s|     1 |     0 |   672 |     - |    60M |   0 |1445 | 744 | 744 |   3 |  3 |   1 |   0 |-2.235860e+00 |-2.235860e+00 |   0.00%| unknown

SCIP Status        : problem is solved [optimal solution found]
Solving Time (sec) : 1.75
Solving Nodes      : 1
Primal Bound       : -2.23585960205678e+00 (2 solutions)
Dual Bound         : -2.23585960205678e+00
Gap                : 0.00 %

primal solution (original space):
=================================

objective value:                    -2.23585960205678
y_1,110_                                            1 	(obj:0)
y_3,110_                                            1 	(obj:0)
y_2,111_                                            1 	(obj:0)
y_4,111_                                            1 	(obj:0)
y_5,111_                                            1 	(obj:0)
t_2,112_                                          0.5 	(obj:0)
t_1,111_                                            1 	(obj:0)
x_3_                               -0.450704225352113 	(obj:1)
x_2_                               -0.443661971830986 	(obj:1)
t_4,111_                                            1 	(obj:0)
x_1_                               -0.450704225352113 	(obj:1)
x_4_                               -0.450704225352113 	(obj:1)
x_5_                               -0.440084954169461 	(obj:1)
t_5,111_                            0.246031746031699 	(obj:0)
t_5,112_                            0.753968253968301 	(obj:0)
t_2,111_                                          0.5 	(obj:0)
t_3,111_                                            1 	(obj:0)

Statistics
==========

SCIP Status        : problem is solved [optimal solution found]
Total Time         :       1.76
  solving          :       1.75
  presolving       :       1.69 (included in solving)
  reading          :       0.01
  copying          :       0.00 (0 times copied the problem)
Original Problem   :
  Problem name     : ../modeles/5_284.lp
  Variables        : 2850 (1420 binary, 0 integer, 0 implicit integer, 1430 continuous)
  Constraints      : 1441 initial, 1441 maximal
  Objective        : minimize, 5 non-zeros (abs.min = 1, abs.max = 1)
Presolved Problem  :
  Problem name     : t_../modeles/5_284.lp
  Variables        : 1445 (720 binary, 0 integer, 0 implicit integer, 725 continuous)
  Constraints      : 742 initial, 744 maximal
  Objective        : minimize, 720 non-zeros (abs.min = 0.0140845, abs.max = 1.01408)
  Nonzeros         : 5770 constraint, 720 clique table
Presolvers         :   ExecTime  SetupTime  Calls  FixedVars   AggrVars   ChgTypes  ChgBounds   AddHoles    DelCons    AddCons   ChgSides   ChgCoefs
  boundshift       :       0.00       0.00      0          0          0          0          0          0          0          0          0          0
  convertinttobin  :       0.00       0.00      0          0          0          0          0          0          0          0          0          0
  domcol           :       0.20       0.00     48          0          0          0          0          0          0          0          0          0
  dualagg          :       0.00       0.00      0          0          0          0          0          0          0          0          0          0
  dualcomp         :       0.04       0.00     48          0          0          0          0          0          0          0          0          0
  dualinfer        :       0.00       0.00      0          0          0          0          0          0          0          0          0          0
  dualsparsify     :       0.00       0.00      1          0          0          0          0          0          0          0          0          0
  gateextraction   :       0.00       0.00      0          0          0          0          0          0          0          0          0          0
  implics          :       0.00       0.00     95          0          0          0          0          0          0          0          0          0
  inttobinary      :       0.00       0.00      0          0          0          0          0          0          0          0          0          0
  milp             :       0.16       0.00      4        202          0          0         10          0          0          0          0          0
  qpkktref         :       0.00       0.00      0          0          0          0          0          0          0          0          0          0
  redvub           :       0.00       0.00      0          0          0          0          0          0          0          0          0          0
  sparsify         :       0.04       0.00      6          0          0          0          0          0          0          0          0          0
  stuffing         :       0.00       0.00      0          0          0          0          0          0          0          0          0          0
  trivial          :       0.00       0.00    144          0          0          0          0          0          0          0          0          0
  tworowbnd        :       0.00       0.00      0          0          0          0          0          0          0          0          0          0
  dualfix          :       0.00       0.00    144          0          0          0          0          0          0          0          0          0
  genvbounds       :       0.00       0.00      0          0          0          0          0          0          0          0          0          0
  probing          :       0.88       0.00     47       1152          0          0          0          0          0          0          0          0
  pseudoobj        :       0.00       0.00      0          0          0          0          0          0          0          0          0          0
  symmetry         :       0.01       0.00      1          0          0          0          0          0          0          1          0          0
  vbounds          :       0.00       0.00      1          0          0          0          0          0          0          0          0          0
  varbound         :       0.01       0.00    235          0          0          0         42          0        664          0          0          0
  setppc           :       0.01       0.00    326          0          0          0          0          0          0          0          0          0
  linear           :       0.31       0.00    236         46          5          0       3034          0         26          0          0       1410
  orbitope         :       0.00       0.00      1          0          0          0          0          0          0          0          0          0
  logicor          :       0.00       0.00      0          0          0          0          0          0          0          0          0          0
  benders          :       0.00       0.00      0          0          0          0          0          0          0          0          0          0
  components       :       0.00       0.00      1          0          0          0          0          0          0          0          0          0
  root node        :          -          -      -          0          -          -          0          -          -          -          -          -
Constraints        :     Number  MaxNumber  #Separate #Propagate    #EnfoLP    #EnfoRelax  #EnfoPS    #Check   #ResProp    Cutoffs    DomReds       Cuts    Applied      Conss   Children
  benderslp        :          0          0          0          0          0          0          0         15          0          0          0          0          0          0          0
  integral         :          0          0          0          0          0          0          0         15          0          0          0          0          0          0          0
  varbound         :         10         10          3       4083          0          0          0          9          9          0          0          0          0          0          0
  setppc           :          5          5          3       4082          0          0          0          9        429          0          0          0          0          0          0
  linear           :        726        726          3       4084          0          0          0          4       1294        618          0          0          0          0          0
  orbitope         :          1          1          0         58          0          0          0          2          0          0          0          0          0          0          0
  logicor          :          0+         2          3          8          0          0          0          0          0          0          0          0          0          0          0
  benders          :          0          0          0          0          0          0          0          3          0          0          0          0          0          0          0
  countsols        :          0          0          0          0          0          0          0          3          0          0          0          0          0          0          0
  components       :          0          0          0          0          0          0          0          0          0          0          0          0          0          0          0
Constraint Timings :  TotalTime  SetupTime   Separate  Propagate     EnfoLP     EnfoPS     EnfoRelax   Check    ResProp    SB-Prop
  benderslp        :       0.00       0.00       0.00       0.00       0.00       0.00       0.00       0.00       0.00       0.00
  integral         :       0.00       0.00       0.00       0.00       0.00       0.00       0.00       0.00       0.00       0.00
  varbound         :       0.04       0.00       0.00       0.04       0.00       0.00       0.00       0.00       0.00       0.00
  setppc           :       0.00       0.00       0.00       0.00       0.00       0.00       0.00       0.00       0.00       0.00
  linear           :       0.29       0.00       0.00       0.29       0.00       0.00       0.00       0.00       0.00       0.00
  orbitope         :       0.00       0.00       0.00       0.00       0.00       0.00       0.00       0.00       0.00       0.00
  logicor          :       0.00       0.00       0.00       0.00       0.00       0.00       0.00       0.00       0.00       0.00
  benders          :       0.00       0.00       0.00       0.00       0.00       0.00       0.00       0.00       0.00       0.00
  countsols        :       0.00       0.00       0.00       0.00       0.00       0.00       0.00       0.00       0.00       0.00
  components       :       0.00       0.00       0.00       0.00       0.00       0.00       0.00       0.00       0.00       0.00
Propagators        : #Propagate   #ResProp    Cutoffs    DomReds
  dualfix          :          1          0          0          0
  genvbounds       :          0          0          0          0
  nlobbt           :          0          0          0          0
  obbt             :          0          0          0          0
  probing          :          0          0          0          0
  pseudoobj        :          5          0          0          0
  redcost          :          4          0          0          0
  rootredcost      :          0          0          0          0
  symmetry         :          0          0          0          0
  vbounds          :         39          0          0          0
Propagator Timings :  TotalTime  SetupTime   Presolve  Propagate    ResProp    SB-Prop
  dualfix          :       0.00       0.00       0.00       0.00       0.00       0.00
  genvbounds       :       0.00       0.00       0.00       0.00       0.00       0.00
  nlobbt           :       0.00       0.00       0.00       0.00       0.00       0.00
  obbt             :       0.00       0.00       0.00       0.00       0.00       0.00
  probing          :       0.88       0.00       0.88       0.00       0.00       0.00
  pseudoobj        :       0.00       0.00       0.00       0.00       0.00       0.00
  redcost          :       0.00       0.00       0.00       0.00       0.00       0.00
  rootredcost      :       0.00       0.00       0.00       0.00       0.00       0.00
  symmetry         :       0.01       0.00       0.01       0.00       0.00       0.00
  vbounds          :       0.01       0.00       0.00       0.01       0.00       0.00
Orbital fixing     :
  vars fixed to 0  :          0
  vars fixed to 1  :          0
Conflict Analysis  :       Time      Calls    Success    DomReds  Conflicts   Literals    Reconvs ReconvLits   Dualrays   Nonzeros   LP Iters   (pool size: [10000,10000])
  propagation      :       0.00          1          1          -          3      146.0          0        0.0          -          -          -
  infeasible LP    :       0.00          1          0          -          0        0.0          0        0.0          0        0.0          0
  bound exceed. LP :       0.00          0          0          -          0        0.0          0        0.0          0        0.0          0
  strong branching :       0.00          0          0          -          0        0.0          0        0.0          -          -          0
  pseudo solution  :       0.00          0          0          -          0        0.0          0        0.0          -          -          -
  applied globally :       0.00          -          -          0          1        3.0          -          -          0          -          -
  applied locally  :          -          -          -          0          0        0.0          -          -          0          -          -
Separators         :   ExecTime  SetupTime      Calls    Cutoffs    DomReds       Cuts    Applied      Conss
  cut pool         :       0.00                     5          -          -          6          -          -    (maximal pool size: 16)
  aggregation      :       0.01       0.00          3          0          0         12          3          0
  > cmir           :          -          -          -          -          -          -          3          -
  > flowcover      :          -          -          -          -          -          -          0          -
  > knapsackcover  :          -          -          -          -          -          -          0          -
  cgmip            :       0.00       0.00          0          0          0          0          0          0
  clique           :       0.00       0.00          3          0          0          0          0          0
  closecuts        :       0.00       0.00          0          0          0          0          0          0
  convexproj       :       0.00       0.00          0          0          0          0          0          0
  disjunctive      :       0.00       0.00          0          0          0          0          0          0
  eccuts           :       0.00       0.00          0          0          0          0          0          0
  gauge            :       0.00       0.00          0          0          0          0          0          0
  gomory           :       0.00       0.00          3          0          0          4          0          0
  > gomorymi       :          -          -          -          -          -          -          0          -
  > strongcg       :          -          -          -          -          -          -          0          -
  impliedbounds    :       0.00       0.00          3          0          0          0          0          0
  interminor       :       0.00       0.00          0          0          0          0          0          0
  intobj           :       0.00       0.00          0          0          0          0          0          0
  mcf              :       0.00       0.00          1          0          0          0          0          0
  minor            :       0.00       0.00          0          0          0          0          0          0
  mixing           :       0.00       0.00          3          0          0          0          0          0
  oddcycle         :       0.00       0.00          0          0          0          0          0          0
  rapidlearning    :       0.00       0.00          0          0          0          0          0          0
  rlt              :       0.00       0.00          3          0          0          0          0          0
  zerohalf         :       0.00       0.00          3          0          0          0          0          0
Cutselectors       :   ExecTime  SetupTime
  hybrid           :       0.00       0.00
Pricers            :   ExecTime  SetupTime      Calls       Vars
  problem variables:       0.00          -          0          0
Branching Rules    :   ExecTime  SetupTime   BranchLP  BranchExt   BranchPS    Cutoffs    DomReds       Cuts      Conss   Children
  allfullstrong    :       0.00       0.00          0          0          0          0          0          0          0          0
  cloud            :       0.00       0.00          0          0          0          0          0          0          0          0
  distribution     :       0.00       0.00          0          0          0          0          0          0          0          0
  fullstrong       :       0.00       0.00          0          0          0          0          0          0          0          0
  inference        :       0.00       0.00          0          0          0          0          0          0          0          0
  leastinf         :       0.00       0.00          0          0          0          0          0          0          0          0
  lookahead        :       0.00       0.00          0          0          0          0          0          0          0          0
  mostinf          :       0.00       0.00          0          0          0          0          0          0          0          0
  multaggr         :       0.00       0.00          0          0          0          0          0          0          0          0
  nodereopt        :       0.00       0.00          0          0          0          0          0          0          0          0
  pscost           :       0.00       0.00          0          0          0          0          0          0          0          0
  random           :       0.00       0.00          0          0          0          0          0          0          0          0
  relpscost        :       0.00       0.00          0          0          0          0          0          0          0          0
  vanillafullstrong:       0.00       0.00          0          0          0          0          0          0          0          0
Primal Heuristics  :   ExecTime  SetupTime      Calls      Found       Best
  LP solutions     :       0.00          -          -          0          0
  relax solutions  :       0.00          -          -          0          0
  pseudo solutions :       0.00          -          -          0          0
  strong branching :       0.00          -          -          0          0
  actconsdiving    :       0.00       0.00          0          0          0
  adaptivediving   :       0.00       0.00          0          0          0
  alns             :       0.00       0.00          0          0          0
  bound            :       0.00       0.00          0          0          0
  clique           :       0.00       0.00          1          0          0
  coefdiving       :       0.00       0.00          0          0          0
  completesol      :       0.00       0.00          0          0          0
  conflictdiving   :       0.00       0.00          0          0          0
  crossover        :       0.00       0.00          0          0          0
  dins             :       0.00       0.00          0          0          0
  distributiondivin:       0.00       0.00          0          0          0
  dps              :       0.00       0.00          0          0          0
  dualval          :       0.00       0.00          0          0          0
  farkasdiving     :       0.00       0.00          0          0          0
  feaspump         :       0.00       0.00          1          1          1
  fixandinfer      :       0.00       0.00          0          0          0
  fracdiving       :       0.00       0.00          0          0          0
  gins             :       0.00       0.00          0          0          0
  guideddiving     :       0.00       0.00          0          0          0
  indicator        :       0.00       0.00          0          0          0
  intdiving        :       0.00       0.00          0          0          0
  intshifting      :       0.00       0.00          0          0          0
  linesearchdiving :       0.00       0.00          0          0          0
  localbranching   :       0.00       0.00          0          0          0
  locks            :       0.00       0.00          1          0          0
  lpface           :       0.00       0.00          0          0          0
  mpec             :       0.00       0.00          0          0          0
  multistart       :       0.00       0.00          0          0          0
  mutation         :       0.00       0.00          0          0          0
  nlpdiving        :       0.00       0.00          0          0          0
  objpscostdiving  :       0.00       0.00          0          0          0
  octane           :       0.00       0.00          0          0          0
  ofins            :       0.00       0.00          0          0          0
  oneopt           :       0.00       0.00          1          0          0
  padm             :       0.00       0.00          0          0          0
  proximity        :       0.00       0.00          0          0          0
  pscostdiving     :       0.00       0.00          0          0          0
  randrounding     :       0.00       0.00          4          1          1
  rens             :       0.00       0.00          0          0          0
  reoptsols        :       0.00       0.00          0          0          0
  repair           :       0.00       0.00          0          0          0
  rins             :       0.00       0.00          0          0          0
  rootsoldiving    :       0.00       0.00          0          0          0
  rounding         :       0.00       0.00          3          0          0
  shiftandpropagate:       0.01       0.00          1          0          0
  shifting         :       0.00       0.00          3          0          0
  simplerounding   :       0.00       0.00          0          0          0
  subnlp           :       0.00       0.00          0          0          0
  trivial          :       0.00       0.00          2          0          0
  trivialnegation  :       0.00       0.00          0          0          0
  trustregion      :       0.00       0.00          0          0          0
  trysol           :       0.00       0.00          0          0          0
  twoopt           :       0.00       0.00          0          0          0
  undercover       :       0.00       0.00          0          0          0
  vbounds          :       0.00       0.00          0          0          0
  veclendiving     :       0.00       0.00          0          0          0
  zeroobj          :       0.00       0.00          0          0          0
  zirounding       :       0.00       0.00          0          0          0
  other solutions  :          -          -          -          0          -
Diving (single)    :      Calls      Nodes   LP Iters Backtracks  Conflicts   MinDepth   MaxDepth   AvgDepth  RoundSols  NLeafSols  MinSolDpt  MaxSolDpt  AvgSolDpt
  actconsdiving    :          0          -          -          -          -          -          -          -          -          -          -          -          -
  coefdiving       :          0          -          -          -          -          -          -          -          -          -          -          -          -
  conflictdiving   :          0          -          -          -          -          -          -          -          -          -          -          -          -
  distributiondivin:          0          -          -          -          -          -          -          -          -          -          -          -          -
  farkasdiving     :          0          -          -          -          -          -          -          -          -          -          -          -          -
  fracdiving       :          0          -          -          -          -          -          -          -          -          -          -          -          -
  guideddiving     :          0          -          -          -          -          -          -          -          -          -          -          -          -
  linesearchdiving :          0          -          -          -          -          -          -          -          -          -          -          -          -
  pscostdiving     :          0          -          -          -          -          -          -          -          -          -          -          -          -
  veclendiving     :          0          -          -          -          -          -          -          -          -          -          -          -          -
Diving (adaptive)  :      Calls      Nodes   LP Iters Backtracks  Conflicts   MinDepth   MaxDepth   AvgDepth  RoundSols  NLeafSols  MinSolDpt  MaxSolDpt  AvgSolDpt
  actconsdiving    :          0          -          -          -          -          -          -          -          -          -          -          -          -
  coefdiving       :          0          -          -          -          -          -          -          -          -          -          -          -          -
  conflictdiving   :          0          -          -          -          -          -          -          -          -          -          -          -          -
  distributiondivin:          0          -          -          -          -          -          -          -          -          -          -          -          -
  farkasdiving     :          0          -          -          -          -          -          -          -          -          -          -          -          -
  fracdiving       :          0          -          -          -          -          -          -          -          -          -          -          -          -
  guideddiving     :          0          -          -          -          -          -          -          -          -          -          -          -          -
  linesearchdiving :          0          -          -          -          -          -          -          -          -          -          -          -          -
  pscostdiving     :          0          -          -          -          -          -          -          -          -          -          -          -          -
  veclendiving     :          0          -          -          -          -          -          -          -          -          -          -          -          -
Neighborhoods      :      Calls  SetupTime  SolveTime SolveNodes       Sols       Best       Exp3  EpsGreedy        UCB TgtFixRate  Opt  Inf Node Stal  Sol  Usr Othr Actv
  rens             :          0       0.00       0.00          0          0          0    0.00000   -1.00000    1.00000      0.900    0    0    0    0    0    0    0    1
  rins             :          0       0.00       0.00          0          0          0    0.00000   -1.00000    1.00000      0.900    0    0    0    0    0    0    0    1
  mutation         :          0       0.00       0.00          0          0          0    0.00000   -1.00000    1.00000      0.900    0    0    0    0    0    0    0    1
  localbranching   :          0       0.00       0.00          0          0          0    0.00000   -1.00000    1.00000      0.900    0    0    0    0    0    0    0    1
  crossover        :          0       0.00       0.00          0          0          0    0.00000   -1.00000    1.00000      0.900    0    0    0    0    0    0    0    1
  proximity        :          0       0.00       0.00          0          0          0    0.00000   -1.00000    1.00000      0.900    0    0    0    0    0    0    0    1
  zeroobjective    :          0       0.00       0.00          0          0          0    0.00000   -1.00000    1.00000      0.900    0    0    0    0    0    0    0    1
  dins             :          0       0.00       0.00          0          0          0    0.00000   -1.00000    1.00000      0.900    0    0    0    0    0    0    0    1
  trustregion      :          0       0.00       0.00          0          0          0    0.00000   -1.00000    1.00000      0.900    0    0    0    0    0    0    0    0
LP                 :       Time      Calls Iterations  Iter/call   Iter/sec  Time-0-It Calls-0-It    ItLimit
  primal LP        :       0.00          0          0       0.00          -       0.00          0
  dual LP          :       0.01          4        336      84.00          -       0.00          0
  lex dual LP      :       0.00          0          0       0.00          -
  barrier LP       :       0.00          0          0       0.00          -       0.00          0
  resolve instable :       0.00          0          0       0.00          -
  diving/probing LP:       0.00          4        336      84.00          -
  strong branching :       0.00          0          0       0.00          -          -          -          0
    (at root node) :          -          0          0       0.00          -
  conflict analysis:       0.00          0          0       0.00          -
B&B Tree           :
  number of runs   :          1
  nodes            :          1 (0 internal, 1 leaves)
  feasible leaves  :          0
  infeas. leaves   :          0
  objective leaves :          1
  nodes (total)    :          1 (0 internal, 1 leaves)
  nodes left       :          0
  max depth        :          0
  max depth (total):          0
  backtracks       :          0 (0.0%)
  early backtracks :          0 (0.0%)
  nodes exc. ref.  :          0 (0.0%)
  delayed cutoffs  :          0
  repropagations   :          0 (0 domain reductions, 0 cutoffs)
  avg switch length:       2.00
  switching time   :       0.00
Estim. Tree Size   :          1
Estimation Tree    : 1 nodes (1 visited, 0 internal, 1 leaves, 0 open), weight: 1.0000 completed 1.0000
Estimations        :      estim      value      trend resolution     smooth
  wbe              :          1          -          -          -          -
  tree-profile     :         -1          -          -          -          -
  gap              :          1    1.00000    1.00000          1          1
  tree-weight      :          1    1.00000    1.00000          1          1
  leaf-frequency   :          1    0.50000    1.00000          1          1
  ssg              :          1    0.00000   -1.00000          1          1
  open-nodes       :          1    0.00000    0.00000          1          1
Root Node          :
  First LP value   : -2.23585960205678e+00
  First LP Iters   :        333 (37487.34 Iter/sec)
  First LP Time    :       0.01
  Final Dual Bound : -2.23585960205678e+00
  Final Root Iters :        668
  Root LP Estimate :                     -
Solution           :
  Solutions found  :          2 (2 improvements)
  First Solution   : -2.11267605633803e+00   (in run 1, after 1 nodes, 1.73 seconds, depth 0, found by <feaspump>)
  Gap First Sol.   :       5.83 %
  Gap Last Sol.    :       0.00 %
  Primal Bound     : -2.23585960205678e+00   (in run 1, after 1 nodes, 1.75 seconds, depth 2, found by <randrounding>)
  Dual Bound       : -2.23585960205678e+00
  Gap              :       0.00 %
Integrals          :      Total       Avg%
  primal-dual      :     173.13      99.02
  primal-ref       :          -          - (not evaluated)
  dual-ref         :          -          - (not evaluated)
