SCIP version 8.0.0 [precision: 8 byte] [memory: block] [mode: optimized] [LP solver: SoPlex 6.0.0] [GitHash: a740f0891e]
Copyright (C) 2002-2021 Konrad-Zuse-Zentrum fuer Informationstechnik Berlin (ZIB)

External libraries: 
  SoPlex 6.0.0         Linear Programming Solver developed at Zuse Institute Berlin (soplex.zib.de) [GitHash: 71a5873d]
  CppAD 20180000.0     Algorithmic Differentiation of C++ algorithms developed by B. Bell (github.com/coin-or/CppAD)
  ZLIB 1.2.11          General purpose compression library by J. Gailly and M. Adler (zlib.net)
  GMP 6.2.1            GNU Multiple Precision Arithmetic Library developed by T. Granlund (gmplib.org)
  ZIMPL 3.5.1          Zuse Institute Mathematical Programming Language developed by T. Koch (zimpl.zib.de)
  AMPL/MP 4e2d45c4     AMPL .nl file reader library (github.com/ampl/mp)
  PaPILO 2.0.0         parallel presolve for integer and linear optimization (github.com/scipopt/papilo) [GitHash: 76cafc1]
  bliss 0.73p          Computing Graph Automorphism Groups by T. Junttila and P. Kaski (www.tcs.hut.fi/Software/bliss/)
  Ipopt 3.13.2         Interior Point Optimizer developed by A. Waechter et.al. (github.com/coin-or/Ipopt)

user parameter file <scip.set> not found - using default parameters

read problem <../modeles/5_374.lp>
============

original problem has 3750 variables (1870 bin, 0 int, 0 impl, 1880 cont) and 1891 constraints

solve problem
=============

presolving:
(round 1, fast)       5 del vars, 0 del conss, 0 add conss, 3990 chg bounds, 0 chg sides, 0 chg coeffs, 0 upgd conss, 0 impls, 5 clqs
(round 2, fast)       5 del vars, 0 del conss, 0 add conss, 3990 chg bounds, 0 chg sides, 1870 chg coeffs, 0 upgd conss, 0 impls, 5 clqs
   (0.0s) running MILP presolver
   (0.0s) MILP presolver (2 rounds): 0 aggregations, 0 fixings, 20 bound changes
(round 3, exhaustive) 5 del vars, 0 del conss, 0 add conss, 4010 chg bounds, 0 chg sides, 1870 chg coeffs, 15 upgd conss, 0 impls, 5 clqs
(round 4, exhaustive) 30 del vars, 0 del conss, 0 add conss, 4010 chg bounds, 0 chg sides, 1870 chg coeffs, 15 upgd conss, 11573 impls, 5 clqs
(round 5, exhaustive) 30 del vars, 0 del conss, 0 add conss, 4010 chg bounds, 0 chg sides, 1870 chg coeffs, 65 upgd conss, 11573 impls, 5 clqs
(round 6, exhaustive) 55 del vars, 0 del conss, 0 add conss, 4010 chg bounds, 0 chg sides, 1870 chg coeffs, 65 upgd conss, 26543 impls, 5 clqs
(round 7, exhaustive) 55 del vars, 0 del conss, 0 add conss, 4010 chg bounds, 0 chg sides, 1870 chg coeffs, 115 upgd conss, 26543 impls, 5 clqs
(round 8, exhaustive) 80 del vars, 0 del conss, 0 add conss, 4010 chg bounds, 0 chg sides, 1870 chg coeffs, 115 upgd conss, 34423 impls, 5 clqs
(round 9, fast)       80 del vars, 2 del conss, 0 add conss, 4010 chg bounds, 0 chg sides, 1870 chg coeffs, 115 upgd conss, 34423 impls, 5 clqs
(round 10, exhaustive) 80 del vars, 2 del conss, 0 add conss, 4010 chg bounds, 0 chg sides, 1870 chg coeffs, 159 upgd conss, 34423 impls, 5 clqs
(round 11, exhaustive) 105 del vars, 2 del conss, 0 add conss, 4010 chg bounds, 0 chg sides, 1870 chg coeffs, 159 upgd conss, 44134 impls, 5 clqs
(round 12, fast)       105 del vars, 7 del conss, 0 add conss, 4010 chg bounds, 0 chg sides, 1870 chg coeffs, 159 upgd conss, 44134 impls, 5 clqs
(round 13, exhaustive) 105 del vars, 7 del conss, 0 add conss, 4010 chg bounds, 0 chg sides, 1870 chg coeffs, 194 upgd conss, 44134 impls, 5 clqs
(round 14, exhaustive) 130 del vars, 7 del conss, 0 add conss, 4010 chg bounds, 0 chg sides, 1870 chg coeffs, 194 upgd conss, 50852 impls, 5 clqs
(round 15, fast)       130 del vars, 12 del conss, 0 add conss, 4010 chg bounds, 0 chg sides, 1870 chg coeffs, 194 upgd conss, 50852 impls, 5 clqs
(round 16, exhaustive) 130 del vars, 12 del conss, 0 add conss, 4010 chg bounds, 0 chg sides, 1870 chg coeffs, 229 upgd conss, 50852 impls, 5 clqs
(round 17, exhaustive) 155 del vars, 12 del conss, 0 add conss, 4010 chg bounds, 0 chg sides, 1870 chg coeffs, 229 upgd conss, 61611 impls, 5 clqs
(round 18, fast)       155 del vars, 15 del conss, 0 add conss, 4010 chg bounds, 0 chg sides, 1870 chg coeffs, 229 upgd conss, 61611 impls, 5 clqs
(round 19, exhaustive) 155 del vars, 15 del conss, 0 add conss, 4010 chg bounds, 0 chg sides, 1870 chg coeffs, 266 upgd conss, 61611 impls, 5 clqs
(round 20, exhaustive) 181 del vars, 15 del conss, 0 add conss, 4010 chg bounds, 0 chg sides, 1870 chg coeffs, 266 upgd conss, 68290 impls, 5 clqs
(round 21, fast)       181 del vars, 25 del conss, 0 add conss, 4010 chg bounds, 0 chg sides, 1870 chg coeffs, 266 upgd conss, 68290 impls, 5 clqs
(round 22, exhaustive) 181 del vars, 25 del conss, 0 add conss, 4010 chg bounds, 0 chg sides, 1870 chg coeffs, 288 upgd conss, 68290 impls, 5 clqs
(round 23, exhaustive) 206 del vars, 25 del conss, 0 add conss, 4010 chg bounds, 0 chg sides, 1870 chg coeffs, 288 upgd conss, 73475 impls, 5 clqs
(round 24, fast)       209 del vars, 32 del conss, 0 add conss, 4013 chg bounds, 0 chg sides, 1870 chg coeffs, 288 upgd conss, 73475 impls, 5 clqs
(round 25, exhaustive) 209 del vars, 32 del conss, 0 add conss, 4013 chg bounds, 0 chg sides, 1870 chg coeffs, 319 upgd conss, 73475 impls, 5 clqs
(round 26, exhaustive) 234 del vars, 32 del conss, 0 add conss, 4013 chg bounds, 0 chg sides, 1870 chg coeffs, 319 upgd conss, 81938 impls, 5 clqs
(round 27, fast)       235 del vars, 40 del conss, 0 add conss, 4014 chg bounds, 0 chg sides, 1870 chg coeffs, 319 upgd conss, 81938 impls, 5 clqs
(round 28, exhaustive) 235 del vars, 40 del conss, 0 add conss, 4014 chg bounds, 0 chg sides, 1870 chg coeffs, 347 upgd conss, 81938 impls, 5 clqs
(round 29, exhaustive) 261 del vars, 40 del conss, 0 add conss, 4014 chg bounds, 0 chg sides, 1870 chg coeffs, 347 upgd conss, 92136 impls, 5 clqs
(round 30, fast)       261 del vars, 47 del conss, 0 add conss, 4014 chg bounds, 0 chg sides, 1870 chg coeffs, 347 upgd conss, 92136 impls, 5 clqs
(round 31, exhaustive) 261 del vars, 47 del conss, 0 add conss, 4014 chg bounds, 0 chg sides, 1870 chg coeffs, 377 upgd conss, 92136 impls, 5 clqs
(round 32, exhaustive) 289 del vars, 47 del conss, 0 add conss, 4014 chg bounds, 0 chg sides, 1870 chg coeffs, 377 upgd conss, 97216 impls, 5 clqs
(round 33, fast)       289 del vars, 58 del conss, 0 add conss, 4014 chg bounds, 0 chg sides, 1870 chg coeffs, 377 upgd conss, 97216 impls, 5 clqs
(round 34, exhaustive) 289 del vars, 58 del conss, 0 add conss, 4014 chg bounds, 0 chg sides, 1870 chg coeffs, 400 upgd conss, 97216 impls, 5 clqs
(round 35, exhaustive) 314 del vars, 58 del conss, 0 add conss, 4014 chg bounds, 0 chg sides, 1870 chg coeffs, 400 upgd conss, 100860 impls, 5 clqs
(round 36, fast)       316 del vars, 70 del conss, 0 add conss, 4016 chg bounds, 0 chg sides, 1870 chg coeffs, 400 upgd conss, 100860 impls, 5 clqs
(round 37, exhaustive) 316 del vars, 70 del conss, 0 add conss, 4016 chg bounds, 0 chg sides, 1870 chg coeffs, 418 upgd conss, 100860 impls, 5 clqs
(round 38, exhaustive) 341 del vars, 70 del conss, 0 add conss, 4016 chg bounds, 0 chg sides, 1870 chg coeffs, 418 upgd conss, 104101 impls, 5 clqs
(round 39, fast)       342 del vars, 79 del conss, 0 add conss, 4017 chg bounds, 0 chg sides, 1870 chg coeffs, 418 upgd conss, 104101 impls, 5 clqs
(round 40, exhaustive) 342 del vars, 79 del conss, 0 add conss, 4017 chg bounds, 0 chg sides, 1870 chg coeffs, 443 upgd conss, 104101 impls, 5 clqs
(round 41, exhaustive) 367 del vars, 79 del conss, 0 add conss, 4017 chg bounds, 0 chg sides, 1870 chg coeffs, 443 upgd conss, 107342 impls, 5 clqs
(round 42, fast)       367 del vars, 88 del conss, 0 add conss, 4017 chg bounds, 0 chg sides, 1870 chg coeffs, 443 upgd conss, 107342 impls, 5 clqs
(round 43, exhaustive) 367 del vars, 88 del conss, 0 add conss, 4017 chg bounds, 0 chg sides, 1870 chg coeffs, 462 upgd conss, 107342 impls, 5 clqs
(round 44, exhaustive) 392 del vars, 88 del conss, 0 add conss, 4017 chg bounds, 0 chg sides, 1870 chg coeffs, 462 upgd conss, 111970 impls, 5 clqs
(round 45, fast)       394 del vars, 99 del conss, 0 add conss, 4019 chg bounds, 0 chg sides, 1870 chg coeffs, 462 upgd conss, 111970 impls, 5 clqs
(round 46, exhaustive) 394 del vars, 99 del conss, 0 add conss, 4019 chg bounds, 0 chg sides, 1870 chg coeffs, 483 upgd conss, 111970 impls, 5 clqs
(round 47, exhaustive) 419 del vars, 99 del conss, 0 add conss, 4019 chg bounds, 0 chg sides, 1870 chg coeffs, 483 upgd conss, 119351 impls, 5 clqs
(round 48, fast)       420 del vars, 109 del conss, 0 add conss, 4020 chg bounds, 0 chg sides, 1870 chg coeffs, 483 upgd conss, 119351 impls, 5 clqs
(round 49, exhaustive) 420 del vars, 109 del conss, 0 add conss, 4020 chg bounds, 0 chg sides, 1870 chg coeffs, 505 upgd conss, 119351 impls, 5 clqs
(round 50, exhaustive) 446 del vars, 109 del conss, 0 add conss, 4020 chg bounds, 0 chg sides, 1870 chg coeffs, 505 upgd conss, 124614 impls, 5 clqs
(round 51, fast)       446 del vars, 121 del conss, 0 add conss, 4020 chg bounds, 0 chg sides, 1870 chg coeffs, 505 upgd conss, 124614 impls, 5 clqs
(round 52, exhaustive) 446 del vars, 121 del conss, 0 add conss, 4020 chg bounds, 0 chg sides, 1870 chg coeffs, 521 upgd conss, 124614 impls, 5 clqs
(round 53, exhaustive) 471 del vars, 121 del conss, 0 add conss, 4020 chg bounds, 0 chg sides, 1870 chg coeffs, 521 upgd conss, 127080 impls, 5 clqs
(round 54, fast)       471 del vars, 132 del conss, 0 add conss, 4020 chg bounds, 0 chg sides, 1870 chg coeffs, 521 upgd conss, 127080 impls, 5 clqs
(round 55, exhaustive) 471 del vars, 132 del conss, 0 add conss, 4020 chg bounds, 0 chg sides, 1870 chg coeffs, 534 upgd conss, 127080 impls, 5 clqs
(round 56, exhaustive) 496 del vars, 132 del conss, 0 add conss, 4020 chg bounds, 0 chg sides, 1870 chg coeffs, 534 upgd conss, 133636 impls, 5 clqs
(round 57, fast)       497 del vars, 144 del conss, 0 add conss, 4021 chg bounds, 0 chg sides, 1870 chg coeffs, 534 upgd conss, 133636 impls, 5 clqs
(round 58, exhaustive) 497 del vars, 144 del conss, 0 add conss, 4021 chg bounds, 0 chg sides, 1870 chg coeffs, 546 upgd conss, 133636 impls, 5 clqs
(round 59, exhaustive) 524 del vars, 144 del conss, 0 add conss, 4021 chg bounds, 0 chg sides, 1870 chg coeffs, 546 upgd conss, 138465 impls, 5 clqs
(round 60, fast)       524 del vars, 155 del conss, 0 add conss, 4021 chg bounds, 0 chg sides, 1870 chg coeffs, 546 upgd conss, 138465 impls, 5 clqs
(round 61, exhaustive) 524 del vars, 155 del conss, 0 add conss, 4021 chg bounds, 0 chg sides, 1870 chg coeffs, 567 upgd conss, 138465 impls, 5 clqs
(round 62, exhaustive) 549 del vars, 155 del conss, 0 add conss, 4021 chg bounds, 0 chg sides, 1870 chg coeffs, 567 upgd conss, 139173 impls, 5 clqs
(round 63, fast)       553 del vars, 167 del conss, 0 add conss, 4025 chg bounds, 0 chg sides, 1870 chg coeffs, 567 upgd conss, 139173 impls, 5 clqs
(round 64, exhaustive) 553 del vars, 167 del conss, 0 add conss, 4025 chg bounds, 0 chg sides, 1870 chg coeffs, 585 upgd conss, 139173 impls, 5 clqs
(round 65, exhaustive) 578 del vars, 167 del conss, 0 add conss, 4025 chg bounds, 0 chg sides, 1870 chg coeffs, 585 upgd conss, 148306 impls, 5 clqs
(round 66, fast)       578 del vars, 174 del conss, 0 add conss, 4025 chg bounds, 0 chg sides, 1870 chg coeffs, 585 upgd conss, 148306 impls, 5 clqs
   (1.3s) running MILP presolver
   (1.4s) MILP presolver (8 rounds): 0 aggregations, 59 fixings, 0 bound changes
(round 67, medium)     637 del vars, 195 del conss, 0 add conss, 4025 chg bounds, 0 chg sides, 1870 chg coeffs, 585 upgd conss, 148306 impls, 5 clqs
(round 68, fast)       637 del vars, 203 del conss, 0 add conss, 4025 chg bounds, 0 chg sides, 1870 chg coeffs, 585 upgd conss, 148306 impls, 5 clqs
(round 69, exhaustive) 637 del vars, 203 del conss, 0 add conss, 4025 chg bounds, 0 chg sides, 1870 chg coeffs, 633 upgd conss, 148306 impls, 5 clqs
(round 70, exhaustive) 662 del vars, 203 del conss, 0 add conss, 4025 chg bounds, 0 chg sides, 1870 chg coeffs, 633 upgd conss, 153618 impls, 5 clqs
(round 71, fast)       662 del vars, 215 del conss, 0 add conss, 4025 chg bounds, 0 chg sides, 1870 chg coeffs, 633 upgd conss, 153618 impls, 5 clqs
(round 72, exhaustive) 662 del vars, 215 del conss, 0 add conss, 4025 chg bounds, 0 chg sides, 1870 chg coeffs, 647 upgd conss, 153618 impls, 5 clqs
(round 73, exhaustive) 687 del vars, 215 del conss, 0 add conss, 4025 chg bounds, 0 chg sides, 1870 chg coeffs, 647 upgd conss, 155920 impls, 5 clqs
(round 74, fast)       689 del vars, 228 del conss, 0 add conss, 4027 chg bounds, 0 chg sides, 1870 chg coeffs, 647 upgd conss, 155920 impls, 5 clqs
(round 75, exhaustive) 689 del vars, 228 del conss, 0 add conss, 4027 chg bounds, 0 chg sides, 1870 chg coeffs, 662 upgd conss, 155920 impls, 5 clqs
(round 76, exhaustive) 714 del vars, 228 del conss, 0 add conss, 4027 chg bounds, 0 chg sides, 1870 chg coeffs, 662 upgd conss, 160809 impls, 5 clqs
(round 77, fast)       716 del vars, 243 del conss, 0 add conss, 4029 chg bounds, 0 chg sides, 1870 chg coeffs, 662 upgd conss, 160809 impls, 5 clqs
(round 78, exhaustive) 716 del vars, 243 del conss, 0 add conss, 4029 chg bounds, 0 chg sides, 1870 chg coeffs, 671 upgd conss, 160809 impls, 5 clqs
(round 79, exhaustive) 744 del vars, 243 del conss, 0 add conss, 4029 chg bounds, 0 chg sides, 1870 chg coeffs, 671 upgd conss, 164029 impls, 5 clqs
(round 80, fast)       744 del vars, 258 del conss, 0 add conss, 4029 chg bounds, 0 chg sides, 1870 chg coeffs, 671 upgd conss, 164029 impls, 5 clqs
(round 81, exhaustive) 744 del vars, 258 del conss, 0 add conss, 4029 chg bounds, 0 chg sides, 1870 chg coeffs, 682 upgd conss, 164029 impls, 5 clqs
(round 82, exhaustive) 769 del vars, 258 del conss, 0 add conss, 4029 chg bounds, 0 chg sides, 1870 chg coeffs, 682 upgd conss, 171025 impls, 5 clqs
(round 83, fast)       769 del vars, 271 del conss, 0 add conss, 4029 chg bounds, 0 chg sides, 1870 chg coeffs, 682 upgd conss, 171025 impls, 5 clqs
(round 84, exhaustive) 769 del vars, 271 del conss, 0 add conss, 4029 chg bounds, 0 chg sides, 1870 chg coeffs, 693 upgd conss, 171025 impls, 5 clqs
(round 85, exhaustive) 794 del vars, 271 del conss, 0 add conss, 4029 chg bounds, 0 chg sides, 1870 chg coeffs, 693 upgd conss, 173866 impls, 5 clqs
(round 86, fast)       794 del vars, 284 del conss, 0 add conss, 4029 chg bounds, 0 chg sides, 1870 chg coeffs, 693 upgd conss, 173866 impls, 5 clqs
(round 87, exhaustive) 794 del vars, 284 del conss, 0 add conss, 4029 chg bounds, 0 chg sides, 1870 chg coeffs, 704 upgd conss, 173866 impls, 5 clqs
(round 88, exhaustive) 819 del vars, 284 del conss, 0 add conss, 4029 chg bounds, 0 chg sides, 1870 chg coeffs, 704 upgd conss, 178605 impls, 5 clqs
(round 89, fast)       821 del vars, 297 del conss, 0 add conss, 4031 chg bounds, 0 chg sides, 1870 chg coeffs, 704 upgd conss, 178605 impls, 5 clqs
(round 90, exhaustive) 821 del vars, 297 del conss, 0 add conss, 4031 chg bounds, 0 chg sides, 1870 chg coeffs, 719 upgd conss, 178605 impls, 5 clqs
   (1.7s) probing: 1000/1870 (53.5%) - 748 fixings, 0 aggregations, 179780 implications, 0 bound changes
(round 91, exhaustive) 846 del vars, 297 del conss, 0 add conss, 4031 chg bounds, 0 chg sides, 1870 chg coeffs, 719 upgd conss, 184210 impls, 5 clqs
(round 92, fast)       846 del vars, 308 del conss, 0 add conss, 4031 chg bounds, 0 chg sides, 1870 chg coeffs, 719 upgd conss, 184210 impls, 5 clqs
(round 93, exhaustive) 846 del vars, 308 del conss, 0 add conss, 4031 chg bounds, 0 chg sides, 1870 chg coeffs, 736 upgd conss, 184210 impls, 5 clqs
(round 94, exhaustive) 871 del vars, 308 del conss, 0 add conss, 4031 chg bounds, 0 chg sides, 1870 chg coeffs, 736 upgd conss, 190707 impls, 5 clqs
(round 95, fast)       871 del vars, 322 del conss, 0 add conss, 4031 chg bounds, 0 chg sides, 1870 chg coeffs, 736 upgd conss, 190707 impls, 5 clqs
(round 96, exhaustive) 871 del vars, 322 del conss, 0 add conss, 4031 chg bounds, 0 chg sides, 1870 chg coeffs, 744 upgd conss, 190707 impls, 5 clqs
(round 97, exhaustive) 896 del vars, 322 del conss, 0 add conss, 4031 chg bounds, 0 chg sides, 1870 chg coeffs, 744 upgd conss, 193754 impls, 5 clqs
(round 98, fast)       897 del vars, 336 del conss, 0 add conss, 4032 chg bounds, 0 chg sides, 1870 chg coeffs, 744 upgd conss, 193754 impls, 5 clqs
(round 99, exhaustive) 897 del vars, 336 del conss, 0 add conss, 4032 chg bounds, 0 chg sides, 1870 chg coeffs, 750 upgd conss, 193754 impls, 5 clqs
(round 100, exhaustive) 922 del vars, 336 del conss, 0 add conss, 4032 chg bounds, 0 chg sides, 1870 chg coeffs, 750 upgd conss, 197377 impls, 5 clqs
(round 101, fast)       930 del vars, 355 del conss, 0 add conss, 4040 chg bounds, 0 chg sides, 1870 chg coeffs, 750 upgd conss, 197377 impls, 5 clqs
(round 102, exhaustive) 930 del vars, 355 del conss, 0 add conss, 4040 chg bounds, 0 chg sides, 1870 chg coeffs, 759 upgd conss, 197377 impls, 5 clqs
(round 103, exhaustive) 955 del vars, 355 del conss, 0 add conss, 4040 chg bounds, 0 chg sides, 1870 chg coeffs, 759 upgd conss, 201613 impls, 5 clqs
(round 104, fast)       956 del vars, 368 del conss, 0 add conss, 4041 chg bounds, 0 chg sides, 1870 chg coeffs, 759 upgd conss, 201613 impls, 5 clqs
(round 105, exhaustive) 956 del vars, 368 del conss, 0 add conss, 4041 chg bounds, 0 chg sides, 1870 chg coeffs, 772 upgd conss, 201613 impls, 5 clqs
(round 106, exhaustive) 981 del vars, 368 del conss, 0 add conss, 4041 chg bounds, 0 chg sides, 1870 chg coeffs, 772 upgd conss, 205185 impls, 5 clqs
(round 107, fast)       983 del vars, 383 del conss, 0 add conss, 4043 chg bounds, 0 chg sides, 1870 chg coeffs, 772 upgd conss, 205185 impls, 5 clqs
(round 108, exhaustive) 983 del vars, 383 del conss, 0 add conss, 4043 chg bounds, 0 chg sides, 1870 chg coeffs, 781 upgd conss, 205185 impls, 5 clqs
(round 109, exhaustive) 1008 del vars, 383 del conss, 0 add conss, 4043 chg bounds, 0 chg sides, 1870 chg coeffs, 781 upgd conss, 206931 impls, 5 clqs
(round 110, fast)       1008 del vars, 397 del conss, 0 add conss, 4043 chg bounds, 0 chg sides, 1870 chg coeffs, 781 upgd conss, 206931 impls, 5 clqs
(round 111, exhaustive) 1008 del vars, 397 del conss, 0 add conss, 4043 chg bounds, 0 chg sides, 1870 chg coeffs, 789 upgd conss, 206931 impls, 5 clqs
(round 112, exhaustive) 1033 del vars, 397 del conss, 0 add conss, 4043 chg bounds, 0 chg sides, 1870 chg coeffs, 789 upgd conss, 210731 impls, 5 clqs
(round 113, fast)       1033 del vars, 411 del conss, 0 add conss, 4043 chg bounds, 0 chg sides, 1870 chg coeffs, 789 upgd conss, 210731 impls, 5 clqs
(round 114, exhaustive) 1033 del vars, 411 del conss, 0 add conss, 4043 chg bounds, 0 chg sides, 1870 chg coeffs, 797 upgd conss, 210731 impls, 5 clqs
(round 115, exhaustive) 1059 del vars, 411 del conss, 0 add conss, 4043 chg bounds, 0 chg sides, 1870 chg coeffs, 797 upgd conss, 216187 impls, 5 clqs
(round 116, fast)       1059 del vars, 423 del conss, 0 add conss, 4043 chg bounds, 0 chg sides, 1870 chg coeffs, 797 upgd conss, 216187 impls, 5 clqs
(round 117, exhaustive) 1059 del vars, 423 del conss, 0 add conss, 4043 chg bounds, 0 chg sides, 1870 chg coeffs, 809 upgd conss, 216187 impls, 5 clqs
(round 118, exhaustive) 1084 del vars, 423 del conss, 0 add conss, 4043 chg bounds, 0 chg sides, 1870 chg coeffs, 809 upgd conss, 220764 impls, 5 clqs
(round 119, fast)       1084 del vars, 436 del conss, 0 add conss, 4043 chg bounds, 0 chg sides, 1870 chg coeffs, 809 upgd conss, 220764 impls, 5 clqs
(round 120, exhaustive) 1084 del vars, 436 del conss, 0 add conss, 4043 chg bounds, 0 chg sides, 1870 chg coeffs, 820 upgd conss, 220764 impls, 5 clqs
(round 121, exhaustive) 1109 del vars, 436 del conss, 0 add conss, 4043 chg bounds, 0 chg sides, 1870 chg coeffs, 820 upgd conss, 223598 impls, 5 clqs
(round 122, fast)       1109 del vars, 450 del conss, 0 add conss, 4043 chg bounds, 0 chg sides, 1870 chg coeffs, 820 upgd conss, 223598 impls, 5 clqs
   (2.1s) running MILP presolver
   (2.3s) MILP presolver (30 rounds): 0 aggregations, 182 fixings, 0 bound changes
(round 123, medium)     1291 del vars, 540 del conss, 0 add conss, 4043 chg bounds, 0 chg sides, 1870 chg coeffs, 820 upgd conss, 223598 impls, 5 clqs
(round 124, fast)       1291 del vars, 560 del conss, 0 add conss, 4043 chg bounds, 0 chg sides, 1870 chg coeffs, 820 upgd conss, 223598 impls, 5 clqs
(round 125, exhaustive) 1291 del vars, 560 del conss, 0 add conss, 4043 chg bounds, 0 chg sides, 1870 chg coeffs, 842 upgd conss, 223598 impls, 5 clqs
(round 126, exhaustive) 1316 del vars, 560 del conss, 0 add conss, 4043 chg bounds, 0 chg sides, 1870 chg coeffs, 842 upgd conss, 225414 impls, 5 clqs
(round 127, fast)       1318 del vars, 576 del conss, 0 add conss, 4045 chg bounds, 0 chg sides, 1870 chg coeffs, 842 upgd conss, 225414 impls, 5 clqs
(round 128, exhaustive) 1318 del vars, 576 del conss, 0 add conss, 4045 chg bounds, 0 chg sides, 1870 chg coeffs, 848 upgd conss, 225414 impls, 5 clqs
(round 129, exhaustive) 1343 del vars, 576 del conss, 0 add conss, 4045 chg bounds, 0 chg sides, 1870 chg coeffs, 848 upgd conss, 229751 impls, 5 clqs
(round 130, fast)       1346 del vars, 594 del conss, 0 add conss, 4048 chg bounds, 0 chg sides, 1870 chg coeffs, 848 upgd conss, 229751 impls, 5 clqs
(round 131, exhaustive) 1346 del vars, 594 del conss, 0 add conss, 4048 chg bounds, 0 chg sides, 1870 chg coeffs, 850 upgd conss, 229751 impls, 5 clqs
(round 132, exhaustive) 1371 del vars, 594 del conss, 0 add conss, 4048 chg bounds, 0 chg sides, 1870 chg coeffs, 850 upgd conss, 235298 impls, 5 clqs
(round 133, fast)       1373 del vars, 611 del conss, 0 add conss, 4050 chg bounds, 0 chg sides, 1870 chg coeffs, 850 upgd conss, 235298 impls, 5 clqs
(round 134, exhaustive) 1373 del vars, 611 del conss, 0 add conss, 4050 chg bounds, 0 chg sides, 1870 chg coeffs, 853 upgd conss, 235298 impls, 5 clqs
(round 135, exhaustive) 1398 del vars, 611 del conss, 0 add conss, 4050 chg bounds, 0 chg sides, 1870 chg coeffs, 853 upgd conss, 239005 impls, 5 clqs
(round 136, fast)       1402 del vars, 628 del conss, 0 add conss, 4054 chg bounds, 0 chg sides, 1870 chg coeffs, 853 upgd conss, 239005 impls, 5 clqs
(round 137, exhaustive) 1402 del vars, 628 del conss, 0 add conss, 4054 chg bounds, 0 chg sides, 1870 chg coeffs, 860 upgd conss, 239005 impls, 5 clqs
(round 138, exhaustive) 1431 del vars, 628 del conss, 0 add conss, 4054 chg bounds, 0 chg sides, 1870 chg coeffs, 860 upgd conss, 243428 impls, 5 clqs
(round 139, fast)       1431 del vars, 646 del conss, 0 add conss, 4054 chg bounds, 0 chg sides, 1870 chg coeffs, 860 upgd conss, 243428 impls, 5 clqs
(round 140, exhaustive) 1431 del vars, 646 del conss, 0 add conss, 4054 chg bounds, 0 chg sides, 1870 chg coeffs, 864 upgd conss, 243428 impls, 5 clqs
(round 141, exhaustive) 1457 del vars, 646 del conss, 0 add conss, 4054 chg bounds, 0 chg sides, 1870 chg coeffs, 864 upgd conss, 247525 impls, 5 clqs
(round 142, fast)       1457 del vars, 661 del conss, 0 add conss, 4054 chg bounds, 0 chg sides, 1870 chg coeffs, 864 upgd conss, 247525 impls, 5 clqs
(round 143, exhaustive) 1457 del vars, 661 del conss, 0 add conss, 4054 chg bounds, 0 chg sides, 1870 chg coeffs, 867 upgd conss, 247525 impls, 5 clqs
(round 144, exhaustive) 1482 del vars, 661 del conss, 0 add conss, 4054 chg bounds, 0 chg sides, 1870 chg coeffs, 867 upgd conss, 250806 impls, 5 clqs
(round 145, fast)       1484 del vars, 677 del conss, 0 add conss, 4056 chg bounds, 0 chg sides, 1870 chg coeffs, 867 upgd conss, 250806 impls, 5 clqs
(round 146, exhaustive) 1484 del vars, 677 del conss, 0 add conss, 4056 chg bounds, 0 chg sides, 1870 chg coeffs, 873 upgd conss, 250806 impls, 5 clqs
(round 147, exhaustive) 1509 del vars, 677 del conss, 0 add conss, 4056 chg bounds, 0 chg sides, 1870 chg coeffs, 873 upgd conss, 255464 impls, 5 clqs
(round 148, fast)       1512 del vars, 694 del conss, 0 add conss, 4059 chg bounds, 0 chg sides, 1870 chg coeffs, 873 upgd conss, 255464 impls, 5 clqs
(round 149, exhaustive) 1512 del vars, 694 del conss, 0 add conss, 4059 chg bounds, 0 chg sides, 1870 chg coeffs, 878 upgd conss, 255464 impls, 5 clqs
(round 150, exhaustive) 1541 del vars, 694 del conss, 0 add conss, 4059 chg bounds, 0 chg sides, 1870 chg coeffs, 878 upgd conss, 257320 impls, 5 clqs
(round 151, fast)       1541 del vars, 713 del conss, 0 add conss, 4059 chg bounds, 0 chg sides, 1870 chg coeffs, 878 upgd conss, 257320 impls, 5 clqs
(round 152, exhaustive) 1541 del vars, 713 del conss, 0 add conss, 4059 chg bounds, 0 chg sides, 1870 chg coeffs, 879 upgd conss, 257320 impls, 5 clqs
(round 153, exhaustive) 1566 del vars, 713 del conss, 0 add conss, 4059 chg bounds, 0 chg sides, 1870 chg coeffs, 879 upgd conss, 260936 impls, 5 clqs
(round 154, fast)       1566 del vars, 728 del conss, 0 add conss, 4059 chg bounds, 0 chg sides, 1870 chg coeffs, 879 upgd conss, 260936 impls, 5 clqs
(round 155, exhaustive) 1566 del vars, 728 del conss, 0 add conss, 4059 chg bounds, 0 chg sides, 1870 chg coeffs, 884 upgd conss, 260936 impls, 5 clqs
(round 156, exhaustive) 1591 del vars, 728 del conss, 0 add conss, 4059 chg bounds, 0 chg sides, 1870 chg coeffs, 884 upgd conss, 263590 impls, 5 clqs
(round 157, fast)       1591 del vars, 743 del conss, 0 add conss, 4059 chg bounds, 0 chg sides, 1870 chg coeffs, 884 upgd conss, 263590 impls, 5 clqs
(round 158, exhaustive) 1591 del vars, 743 del conss, 0 add conss, 4059 chg bounds, 0 chg sides, 1870 chg coeffs, 885 upgd conss, 263590 impls, 5 clqs
(round 159, exhaustive) 1618 del vars, 743 del conss, 0 add conss, 4059 chg bounds, 0 chg sides, 1870 chg coeffs, 885 upgd conss, 266038 impls, 5 clqs
(round 160, fast)       1618 del vars, 760 del conss, 0 add conss, 4059 chg bounds, 0 chg sides, 1870 chg coeffs, 885 upgd conss, 266038 impls, 5 clqs
   (2.6s) running MILP presolver
   (2.6s) MILP presolver found nothing
(round 161, exhaustive) 1618 del vars, 760 del conss, 0 add conss, 4059 chg bounds, 0 chg sides, 1870 chg coeffs, 888 upgd conss, 266038 impls, 5 clqs
(round 162, exhaustive) 1643 del vars, 760 del conss, 0 add conss, 4059 chg bounds, 0 chg sides, 1870 chg coeffs, 888 upgd conss, 269078 impls, 5 clqs
(round 163, fast)       1643 del vars, 776 del conss, 0 add conss, 4059 chg bounds, 0 chg sides, 1870 chg coeffs, 888 upgd conss, 269078 impls, 5 clqs
(round 164, exhaustive) 1643 del vars, 776 del conss, 0 add conss, 4059 chg bounds, 0 chg sides, 1870 chg coeffs, 890 upgd conss, 269078 impls, 5 clqs
(round 165, exhaustive) 1672 del vars, 776 del conss, 0 add conss, 4059 chg bounds, 0 chg sides, 1870 chg coeffs, 890 upgd conss, 271675 impls, 5 clqs
(round 166, fast)       1672 del vars, 794 del conss, 0 add conss, 4059 chg bounds, 0 chg sides, 1870 chg coeffs, 890 upgd conss, 271675 impls, 5 clqs
(round 167, exhaustive) 1697 del vars, 794 del conss, 0 add conss, 4059 chg bounds, 0 chg sides, 1870 chg coeffs, 890 upgd conss, 275849 impls, 5 clqs
(round 168, fast)       1697 del vars, 810 del conss, 0 add conss, 4059 chg bounds, 0 chg sides, 1870 chg coeffs, 890 upgd conss, 275849 impls, 5 clqs
(round 169, exhaustive) 1697 del vars, 810 del conss, 0 add conss, 4059 chg bounds, 0 chg sides, 1870 chg coeffs, 892 upgd conss, 275849 impls, 5 clqs
(round 170, exhaustive) 1723 del vars, 810 del conss, 0 add conss, 4059 chg bounds, 0 chg sides, 1870 chg coeffs, 892 upgd conss, 278561 impls, 5 clqs
(round 171, fast)       1723 del vars, 827 del conss, 0 add conss, 4059 chg bounds, 0 chg sides, 1870 chg coeffs, 892 upgd conss, 278561 impls, 5 clqs
(round 172, exhaustive) 1723 del vars, 827 del conss, 0 add conss, 4059 chg bounds, 0 chg sides, 1870 chg coeffs, 893 upgd conss, 278561 impls, 5 clqs
(round 173, exhaustive) 1749 del vars, 827 del conss, 0 add conss, 4059 chg bounds, 0 chg sides, 1870 chg coeffs, 893 upgd conss, 281811 impls, 5 clqs
(round 174, fast)       1749 del vars, 844 del conss, 0 add conss, 4059 chg bounds, 0 chg sides, 1870 chg coeffs, 893 upgd conss, 281811 impls, 5 clqs
(round 175, exhaustive) 1749 del vars, 844 del conss, 0 add conss, 4059 chg bounds, 0 chg sides, 1870 chg coeffs, 894 upgd conss, 281811 impls, 5 clqs
(round 176, exhaustive) 1774 del vars, 844 del conss, 0 add conss, 4059 chg bounds, 0 chg sides, 1870 chg coeffs, 894 upgd conss, 284622 impls, 5 clqs
(round 177, fast)       1776 del vars, 862 del conss, 0 add conss, 4061 chg bounds, 0 chg sides, 1870 chg coeffs, 894 upgd conss, 284622 impls, 5 clqs
(round 178, exhaustive) 1801 del vars, 862 del conss, 0 add conss, 4061 chg bounds, 0 chg sides, 1870 chg coeffs, 894 upgd conss, 288154 impls, 5 clqs
(round 179, fast)       1803 del vars, 880 del conss, 0 add conss, 4063 chg bounds, 0 chg sides, 1870 chg coeffs, 894 upgd conss, 288154 impls, 5 clqs
(round 180, exhaustive) 1828 del vars, 880 del conss, 0 add conss, 4063 chg bounds, 0 chg sides, 1870 chg coeffs, 894 upgd conss, 290460 impls, 5 clqs
(round 181, fast)       1830 del vars, 898 del conss, 0 add conss, 4065 chg bounds, 0 chg sides, 1870 chg coeffs, 894 upgd conss, 290460 impls, 5 clqs
   (2.9s) probing cycle finished: starting next cycle
   (2.9s) probing: 52/950 (5.5%) - 1544 fixings, 0 aggregations, 289760 implications, 0 bound changes
   (2.9s) probing aborted: 50/50 successive totally useless probings
(round 182, exhaustive) 1845 del vars, 898 del conss, 0 add conss, 4065 chg bounds, 0 chg sides, 1870 chg coeffs, 894 upgd conss, 290649 impls, 5 clqs
(round 183, fast)       1845 del vars, 908 del conss, 0 add conss, 4065 chg bounds, 0 chg sides, 1870 chg coeffs, 894 upgd conss, 290649 impls, 5 clqs
   (2.9s) probing: 57/950 (6.0%) - 1544 fixings, 0 aggregations, 289760 implications, 0 bound changes
   (2.9s) probing aborted: 50/50 successive totally useless probings
   (2.9s) symmetry computation started: requiring (bin +, int -, cont +), (fixed: bin -, int +, cont -)
   (2.9s) symmetry computation finished: 4 generators found (max: 1500, log10 of symmetry group size: 2.1)
(round 184, exhaustive) 1845 del vars, 908 del conss, 1 add conss, 4065 chg bounds, 0 chg sides, 1870 chg coeffs, 894 upgd conss, 290649 impls, 5 clqs
presolving (185 rounds: 185 fast, 122 medium, 120 exhaustive):
 1845 deleted vars, 908 deleted constraints, 1 added constraints, 4065 tightened bounds, 0 added holes, 0 changed sides, 1870 changed coefficients
 290649 implications, 5 cliques
presolved problem has 1905 variables (950 bin, 0 int, 0 impl, 955 cont) and 972 constraints
     10 constraints of type <varbound>
      5 constraints of type <setppc>
    956 constraints of type <linear>
      1 constraints of type <orbitope>
Presolving Time: 2.90

 time | node  | left  |LP iter|LP it/n|mem/heur|mdpt |vars |cons |rows |cuts |sepa|confs|strbr|  dualbound   | primalbound  |  gap   | compl. 
  3.0s|     1 |     0 |   518 |     - |    88M |   0 |1905 | 973 | 971 |   0 |  0 |   0 |   0 |-2.235971e+00 |      --      |    Inf | unknown
o 3.0s|     1 |     0 |   996 |     - |feaspump|   0 |1905 | 973 | 971 |   0 |  0 |   0 |   0 |-2.235971e+00 |-2.053476e+00 |   8.89%| unknown
  3.0s|     1 |     0 |   998 |     - |    88M |   0 |1905 | 973 | 973 |   2 |  1 |   0 |   0 |-2.235971e+00 |-2.053476e+00 |   8.89%| unknown
  3.0s|     1 |     0 |  1000 |     - |    88M |   0 |1905 | 973 | 975 |   4 |  2 |   0 |   0 |-2.235971e+00 |-2.053476e+00 |   8.89%| unknown
  3.0s|     1 |     0 |  1002 |     - |    88M |   0 |1905 | 973 | 977 |   6 |  3 |   0 |   0 |-2.235971e+00 |-2.053476e+00 |   8.89%| unknown
  3.0s|     1 |     0 |  1004 |     - |    88M |   0 |1905 | 973 | 979 |   8 |  4 |   0 |   0 |-2.235971e+00 |-2.053476e+00 |   8.89%| unknown
  3.0s|     1 |     0 |  1006 |     - |    88M |   0 |1905 | 973 | 981 |  10 |  5 |   0 |   0 |-2.235971e+00 |-2.053476e+00 |   8.89%| unknown
  3.0s|     1 |     0 |  1008 |     - |    89M |   0 |1905 | 973 | 983 |  12 |  6 |   0 |   0 |-2.235971e+00 |-2.053476e+00 |   8.89%| unknown
  3.0s|     1 |     0 |  1010 |     - |    89M |   0 |1905 | 973 | 985 |  14 |  7 |   0 |   0 |-2.235971e+00 |-2.053476e+00 |   8.89%| unknown
  3.0s|     1 |     0 |  1012 |     - |    89M |   0 |1905 | 973 | 987 |  16 |  8 |   0 |   0 |-2.235971e+00 |-2.053476e+00 |   8.89%| unknown
  3.1s|     1 |     0 |  1014 |     - |    89M |   0 |1905 | 973 | 989 |  18 |  9 |   0 |   0 |-2.235971e+00 |-2.053476e+00 |   8.89%| unknown
  3.1s|     1 |     0 |  1016 |     - |    89M |   0 |1905 | 973 | 991 |  20 | 10 |   0 |   0 |-2.235971e+00 |-2.053476e+00 |   8.89%| unknown
  3.1s|     1 |     0 |  1018 |     - |    89M |   0 |1905 | 973 | 993 |  22 | 11 |   0 |   0 |-2.235971e+00 |-2.053476e+00 |   8.89%| unknown
L 3.1s|     1 |     0 |  1115 |     - |    rens|   0 |1905 | 973 | 993 |  22 | 11 |   0 |   0 |-2.235971e+00 |-2.235971e+00 |   0.00%| unknown
  3.1s|     1 |     0 |  1115 |     - |    89M |   0 |1905 | 973 | 993 |  22 | 11 |   0 |   0 |-2.235971e+00 |-2.235971e+00 |   0.00%| unknown

SCIP Status        : problem is solved [optimal solution found]
Solving Time (sec) : 3.10
Solving Nodes      : 1
Primal Bound       : -2.23597062044971e+00 (2 solutions)
Dual Bound         : -2.23597062044971e+00
Gap                : 0.00 %

primal solution (original space):
=================================

objective value:                    -2.23597062044971
y_1,145_                                            1 	(obj:0)
y_3,145_                                            1 	(obj:0)
y_2,146_                                            1 	(obj:0)
y_4,146_                                            1 	(obj:0)
y_5,146_                                            1 	(obj:0)
x_3_                               -0.449197860962567 	(obj:1)
t_4,146_                           0.0632530120482002 	(obj:0)
t_4,147_                              0.9367469879518 	(obj:0)
x_1_                               -0.449197860962567 	(obj:1)
x_4_                               -0.439179176599446 	(obj:1)
x_5_                               -0.449197860962567 	(obj:1)
x_2_                               -0.449197860962567 	(obj:1)
t_5,146_                                            1 	(obj:0)
t_1,146_                                            1 	(obj:0)
t_2,146_                                            1 	(obj:0)
t_3,146_                                            1 	(obj:0)

Statistics
==========

SCIP Status        : problem is solved [optimal solution found]
Total Time         :       3.10
  solving          :       3.10
  presolving       :       2.90 (included in solving)
  reading          :       0.01
  copying          :       0.00 (1 #copies) (minimal 0.00, maximal 0.00, average 0.00)
Original Problem   :
  Problem name     : ../modeles/5_374.lp
  Variables        : 3750 (1870 binary, 0 integer, 0 implicit integer, 1880 continuous)
  Constraints      : 1891 initial, 1891 maximal
  Objective        : minimize, 5 non-zeros (abs.min = 1, abs.max = 1)
Presolved Problem  :
  Problem name     : t_../modeles/5_374.lp
  Variables        : 1905 (950 binary, 0 integer, 0 implicit integer, 955 continuous)
  Constraints      : 972 initial, 973 maximal
  Objective        : minimize, 950 non-zeros (abs.min = 0.0106952, abs.max = 1.01604)
  Nonzeros         : 7610 constraint, 950 clique table
Presolvers         :   ExecTime  SetupTime  Calls  FixedVars   AggrVars   ChgTypes  ChgBounds   AddHoles    DelCons    AddCons   ChgSides   ChgCoefs
  boundshift       :       0.00       0.00      0          0          0          0          0          0          0          0          0          0
  convertinttobin  :       0.00       0.00      0          0          0          0          0          0          0          0          0          0
  domcol           :       0.45       0.00     63          0          0          0          0          0          0          0          0          0
  dualagg          :       0.00       0.00      0          0          0          0          0          0          0          0          0          0
  dualcomp         :       0.08       0.00     63          0          0          0          0          0          0          0          0          0
  dualinfer        :       0.00       0.00      0          0          0          0          0          0          0          0          0          0
  dualsparsify     :       0.00       0.00      1          0          0          0          0          0          0          0          0          0
  gateextraction   :       0.00       0.00      0          0          0          0          0          0          0          0          0          0
  implics          :       0.00       0.00    122          0          0          0          0          0          0          0          0          0
  inttobinary      :       0.00       0.00      0          0          0          0          0          0          0          0          0          0
  milp             :       0.25       0.00      4        241          0          0         20          0          0          0          0          0
  qpkktref         :       0.00       0.00      0          0          0          0          0          0          0          0          0          0
  redvub           :       0.00       0.00      0          0          0          0          0          0          0          0          0          0
  sparsify         :       0.05       0.00      7          0          0          0          0          0          0          0          0          0
  stuffing         :       0.00       0.00      0          0          0          0          0          0          0          0          0          0
  trivial          :       0.01       0.00    185          0          0          0          0          0          0          0          0          0
  tworowbnd        :       0.00       0.00      0          0          0          0          0          0          0          0          0          0
  dualfix          :       0.01       0.00    185          0          0          0          0          0          0          0          0          0
  genvbounds       :       0.00       0.00      0          0          0          0          0          0          0          0          0          0
  probing          :       1.61       0.00     62       1544          0          0          0          0          0          0          0          0
  pseudoobj        :       0.00       0.00      0          0          0          0          0          0          0          0          0          0
  symmetry         :       0.01       0.00      1          0          0          0          0          0          0          1          0          0
  vbounds          :       0.00       0.00      1          0          0          0          0          0          0          0          0          0
  varbound         :       0.01       0.00    303          0          0          0         55          0        879          0          0          0
  setppc           :       0.02       0.00    422          0          0          0          0          0          0          0          0          0
  linear           :       0.40       0.00    305         55          5          0       3990          0         29          0          0       1870
  orbitope         :       0.00       0.00      1          0          0          0          0          0          0          0          0          0
  logicor          :       0.00       0.00      0          0          0          0          0          0          0          0          0          0
  benders          :       0.00       0.00      0          0          0          0          0          0          0          0          0          0
  components       :       0.00       0.00      1          0          0          0          0          0          0          0          0          0
  root node        :          -          -      -          0          -          -          0          -          -          -          -          -
Constraints        :     Number  MaxNumber  #Separate #Propagate    #EnfoLP    #EnfoRelax  #EnfoPS    #Check   #ResProp    Cutoffs    DomReds       Cuts    Applied      Conss   Children
  benderslp        :          0          0          0          0          0          0          0         24          0          0          0          0          0          0          0
  integral         :          0          0          0          0          0          0          0         24          0          0          0          0          0          0          0
  varbound         :         10         10         11       5433          0          0          0         18          0          0          0          0          0          0          0
  setppc           :          5          5         11       5432          0          0          0         18          0          0          0          0          0          0          0
  linear           :        956        956         11       5434          0          0          0          5          0        829          0          0          0          0          0
  orbitope         :          1          1          0        117          0          0          0          2          0          0          0          0          0          0          0
  logicor          :          0+         1         11          3          0          0          0          0          0          0          0          0          0          0          0
  benders          :          0          0          0          0          0          0          0          3          0          0          0          0          0          0          0
  countsols        :          0          0          0          0          0          0          0          3          0          0          0          0          0          0          0
  components       :          0          0          0          0          0          0          0          0          0          0          0          0          0          0          0
Constraint Timings :  TotalTime  SetupTime   Separate  Propagate     EnfoLP     EnfoPS     EnfoRelax   Check    ResProp    SB-Prop
  benderslp        :       0.00       0.00       0.00       0.00       0.00       0.00       0.00       0.00       0.00       0.00
  integral         :       0.00       0.00       0.00       0.00       0.00       0.00       0.00       0.00       0.00       0.00
  varbound         :       0.09       0.00       0.00       0.09       0.00       0.00       0.00       0.00       0.00       0.00
  setppc           :       0.00       0.00       0.00       0.00       0.00       0.00       0.00       0.00       0.00       0.00
  linear           :       0.53       0.00       0.00       0.53       0.00       0.00       0.00       0.00       0.00       0.00
  orbitope         :       0.00       0.00       0.00       0.00       0.00       0.00       0.00       0.00       0.00       0.00
  logicor          :       0.00       0.00       0.00       0.00       0.00       0.00       0.00       0.00       0.00       0.00
  benders          :       0.00       0.00       0.00       0.00       0.00       0.00       0.00       0.00       0.00       0.00
  countsols        :       0.00       0.00       0.00       0.00       0.00       0.00       0.00       0.00       0.00       0.00
  components       :       0.00       0.00       0.00       0.00       0.00       0.00       0.00       0.00       0.00       0.00
Propagators        : #Propagate   #ResProp    Cutoffs    DomReds
  dualfix          :          1          0          0          0
  genvbounds       :          0          0          0          0
  nlobbt           :          0          0          0          0
  obbt             :          0          0          0          0
  probing          :          0          0          0          0
  pseudoobj        :         14          0          0          0
  redcost          :         13          0          0          0
  rootredcost      :          0          0          0          0
  symmetry         :          0          0          0          0
  vbounds          :         62          0          0          0
Propagator Timings :  TotalTime  SetupTime   Presolve  Propagate    ResProp    SB-Prop
  dualfix          :       0.01       0.00       0.01       0.00       0.00       0.00
  genvbounds       :       0.00       0.00       0.00       0.00       0.00       0.00
  nlobbt           :       0.00       0.00       0.00       0.00       0.00       0.00
  obbt             :       0.00       0.00       0.00       0.00       0.00       0.00
  probing          :       1.61       0.00       1.61       0.00       0.00       0.00
  pseudoobj        :       0.00       0.00       0.00       0.00       0.00       0.00
  redcost          :       0.00       0.00       0.00       0.00       0.00       0.00
  rootredcost      :       0.00       0.00       0.00       0.00       0.00       0.00
  symmetry         :       0.01       0.00       0.01       0.00       0.00       0.00
  vbounds          :       0.02       0.00       0.00       0.02       0.00       0.00
Orbital fixing     :
  vars fixed to 0  :          0
  vars fixed to 1  :          0
Conflict Analysis  :       Time      Calls    Success    DomReds  Conflicts   Literals    Reconvs ReconvLits   Dualrays   Nonzeros   LP Iters   (pool size: [10000,10000])
  propagation      :       0.00          0          0          -          0        0.0          0        0.0          -          -          -
  infeasible LP    :       0.00          1          0          -          0        0.0          0        0.0          0        0.0          0
  bound exceed. LP :       0.00          1          0          -          0        0.0          0        0.0          0        0.0          0
  strong branching :       0.00          0          0          -          0        0.0          0        0.0          -          -          0
  pseudo solution  :       0.00          0          0          -          0        0.0          0        0.0          -          -          -
  applied globally :       0.00          -          -          0          0        0.0          -          -          0          -          -
  applied locally  :          -          -          -          0          0        0.0          -          -          0          -          -
Separators         :   ExecTime  SetupTime      Calls    Cutoffs    DomReds       Cuts    Applied      Conss
  cut pool         :       0.00                    21          -          -         33          -          -    (maximal pool size: 68)
  aggregation      :       0.04       0.00         11          0          0         55         22          0
  > cmir           :          -          -          -          -          -          -         22          -
  > flowcover      :          -          -          -          -          -          -          0          -
  > knapsackcover  :          -          -          -          -          -          -          0          -
  cgmip            :       0.00       0.00          0          0          0          0          0          0
  clique           :       0.00       0.00         11          0          0          0          0          0
  closecuts        :       0.00       0.00          0          0          0          0          0          0
  convexproj       :       0.00       0.00          0          0          0          0          0          0
  disjunctive      :       0.00       0.00          0          0          0          0          0          0
  eccuts           :       0.00       0.00          0          0          0          0          0          0
  gauge            :       0.00       0.00          0          0          0          0          0          0
  gomory           :       0.02       0.00         10          0          0         13          0          0
  > gomorymi       :          -          -          -          -          -          -          0          -
  > strongcg       :          -          -          -          -          -          -          0          -
  impliedbounds    :       0.00       0.00         11          0          0          0          0          0
  interminor       :       0.00       0.00          0          0          0          0          0          0
  intobj           :       0.00       0.00          0          0          0          0          0          0
  mcf              :       0.00       0.00          1          0          0          0          0          0
  minor            :       0.00       0.00          0          0          0          0          0          0
  mixing           :       0.00       0.00         11          0          0          0          0          0
  oddcycle         :       0.00       0.00          0          0          0          0          0          0
  rapidlearning    :       0.00       0.00          0          0          0          0          0          0
  rlt              :       0.00       0.00         10          0          0          0          0          0
  zerohalf         :       0.00       0.00         11          0          0          0          0          0
Cutselectors       :   ExecTime  SetupTime
  hybrid           :       0.00       0.00
Pricers            :   ExecTime  SetupTime      Calls       Vars
  problem variables:       0.00          -          0          0
Branching Rules    :   ExecTime  SetupTime   BranchLP  BranchExt   BranchPS    Cutoffs    DomReds       Cuts      Conss   Children
  allfullstrong    :       0.00       0.00          0          0          0          0          0          0          0          0
  cloud            :       0.00       0.00          0          0          0          0          0          0          0          0
  distribution     :       0.00       0.00          0          0          0          0          0          0          0          0
  fullstrong       :       0.00       0.00          0          0          0          0          0          0          0          0
  inference        :       0.00       0.00          0          0          0          0          0          0          0          0
  leastinf         :       0.00       0.00          0          0          0          0          0          0          0          0
  lookahead        :       0.00       0.00          0          0          0          0          0          0          0          0
  mostinf          :       0.00       0.00          0          0          0          0          0          0          0          0
  multaggr         :       0.00       0.00          0          0          0          0          0          0          0          0
  nodereopt        :       0.00       0.00          0          0          0          0          0          0          0          0
  pscost           :       0.00       0.00          0          0          0          0          0          0          0          0
  random           :       0.00       0.00          0          0          0          0          0          0          0          0
  relpscost        :       0.00       0.00          0          0          0          0          0          0          0          0
  vanillafullstrong:       0.00       0.00          0          0          0          0          0          0          0          0
Primal Heuristics  :   ExecTime  SetupTime      Calls      Found       Best
  LP solutions     :       0.00          -          -          0          0
  relax solutions  :       0.00          -          -          0          0
  pseudo solutions :       0.00          -          -          0          0
  strong branching :       0.00          -          -          0          0
  actconsdiving    :       0.00       0.00          0          0          0
  adaptivediving   :       0.00       0.00          0          0          0
  alns             :       0.00       0.00          0          0          0
  bound            :       0.00       0.00          0          0          0
  clique           :       0.00       0.00          1          0          0
  coefdiving       :       0.00       0.00          0          0          0
  completesol      :       0.00       0.00          0          0          0
  conflictdiving   :       0.00       0.00          0          0          0
  crossover        :       0.00       0.00          0          0          0
  dins             :       0.00       0.00          0          0          0
  distributiondivin:       0.00       0.00          0          0          0
  dps              :       0.00       0.00          0          0          0
  dualval          :       0.00       0.00          0          0          0
  farkasdiving     :       0.00       0.00          0          0          0
  feaspump         :       0.01       0.00          1          1          1
  fixandinfer      :       0.00       0.00          0          0          0
  fracdiving       :       0.00       0.00          0          0          0
  gins             :       0.00       0.00          0          0          0
  guideddiving     :       0.00       0.00          0          0          0
  indicator        :       0.00       0.00          0          0          0
  intdiving        :       0.00       0.00          0          0          0
  intshifting      :       0.00       0.00          1          0          0
  linesearchdiving :       0.00       0.00          0          0          0
  localbranching   :       0.00       0.00          0          0          0
  locks            :       0.00       0.00          1          0          0
  lpface           :       0.00       0.00          0          0          0
  mpec             :       0.00       0.00          0          0          0
  multistart       :       0.00       0.00          0          0          0
  mutation         :       0.00       0.00          0          0          0
  nlpdiving        :       0.00       0.00          0          0          0
  objpscostdiving  :       0.00       0.00          0          0          0
  octane           :       0.00       0.00          0          0          0
  ofins            :       0.00       0.00          0          0          0
  oneopt           :       0.00       0.00          1          0          0
  padm             :       0.00       0.00          0          0          0
  proximity        :       0.00       0.00          0          0          0
  pscostdiving     :       0.00       0.00          0          0          0
  randrounding     :       0.01       0.00         12          0          0
  rens             :       0.01       0.00          1          1          1
  reoptsols        :       0.00       0.00          0          0          0
  repair           :       0.00       0.00          0          0          0
  rins             :       0.00       0.00          0          0          0
  rootsoldiving    :       0.00       0.00          0          0          0
  rounding         :       0.00       0.00         12          0          0
  shiftandpropagate:       0.01       0.00          1          0          0
  shifting         :       0.01       0.00         12          0          0
  simplerounding   :       0.00       0.00          0          0          0
  subnlp           :       0.00       0.00          0          0          0
  trivial          :       0.00       0.00          2          0          0
  trivialnegation  :       0.00       0.00          0          0          0
  trustregion      :       0.00       0.00          0          0          0
  trysol           :       0.00       0.00          0          0          0
  twoopt           :       0.00       0.00          0          0          0
  undercover       :       0.00       0.00          0          0          0
  vbounds          :       0.00       0.00          0          0          0
  veclendiving     :       0.00       0.00          0          0          0
  zeroobj          :       0.00       0.00          0          0          0
  zirounding       :       0.00       0.00          1          0          0
  other solutions  :          -          -          -          0          -
Diving (single)    :      Calls      Nodes   LP Iters Backtracks  Conflicts   MinDepth   MaxDepth   AvgDepth  RoundSols  NLeafSols  MinSolDpt  MaxSolDpt  AvgSolDpt
  actconsdiving    :          0          -          -          -          -          -          -          -          -          -          -          -          -
  coefdiving       :          0          -          -          -          -          -          -          -          -          -          -          -          -
  conflictdiving   :          0          -          -          -          -          -          -          -          -          -          -          -          -
  distributiondivin:          0          -          -          -          -          -          -          -          -          -          -          -          -
  farkasdiving     :          0          -          -          -          -          -          -          -          -          -          -          -          -
  fracdiving       :          0          -          -          -          -          -          -          -          -          -          -          -          -
  guideddiving     :          0          -          -          -          -          -          -          -          -          -          -          -          -
  linesearchdiving :          0          -          -          -          -          -          -          -          -          -          -          -          -
  pscostdiving     :          0          -          -          -          -          -          -          -          -          -          -          -          -
  veclendiving     :          0          -          -          -          -          -          -          -          -          -          -          -          -
Diving (adaptive)  :      Calls      Nodes   LP Iters Backtracks  Conflicts   MinDepth   MaxDepth   AvgDepth  RoundSols  NLeafSols  MinSolDpt  MaxSolDpt  AvgSolDpt
  actconsdiving    :          0          -          -          -          -          -          -          -          -          -          -          -          -
  coefdiving       :          0          -          -          -          -          -          -          -          -          -          -          -          -
  conflictdiving   :          0          -          -          -          -          -          -          -          -          -          -          -          -
  distributiondivin:          0          -          -          -          -          -          -          -          -          -          -          -          -
  farkasdiving     :          0          -          -          -          -          -          -          -          -          -          -          -          -
  fracdiving       :          0          -          -          -          -          -          -          -          -          -          -          -          -
  guideddiving     :          0          -          -          -          -          -          -          -          -          -          -          -          -
  linesearchdiving :          0          -          -          -          -          -          -          -          -          -          -          -          -
  pscostdiving     :          0          -          -          -          -          -          -          -          -          -          -          -          -
  veclendiving     :          0          -          -          -          -          -          -          -          -          -          -          -          -
Neighborhoods      :      Calls  SetupTime  SolveTime SolveNodes       Sols       Best       Exp3  EpsGreedy        UCB TgtFixRate  Opt  Inf Node Stal  Sol  Usr Othr Actv
  rens             :          0       0.00       0.00          0          0          0    0.00000   -1.00000    1.00000      0.900    0    0    0    0    0    0    0    1
  rins             :          0       0.00       0.00          0          0          0    0.00000   -1.00000    1.00000      0.900    0    0    0    0    0    0    0    1
  mutation         :          0       0.00       0.00          0          0          0    0.00000   -1.00000    1.00000      0.900    0    0    0    0    0    0    0    1
  localbranching   :          0       0.00       0.00          0          0          0    0.00000   -1.00000    1.00000      0.900    0    0    0    0    0    0    0    1
  crossover        :          0       0.00       0.00          0          0          0    0.00000   -1.00000    1.00000      0.900    0    0    0    0    0    0    0    1
  proximity        :          0       0.00       0.00          0          0          0    0.00000   -1.00000    1.00000      0.900    0    0    0    0    0    0    0    1
  zeroobjective    :          0       0.00       0.00          0          0          0    0.00000   -1.00000    1.00000      0.900    0    0    0    0    0    0    0    1
  dins             :          0       0.00       0.00          0          0          0    0.00000   -1.00000    1.00000      0.900    0    0    0    0    0    0    0    1
  trustregion      :          0       0.00       0.00          0          0          0    0.00000   -1.00000    1.00000      0.900    0    0    0    0    0    0    0    0
LP                 :       Time      Calls Iterations  Iter/call   Iter/sec  Time-0-It Calls-0-It    ItLimit
  primal LP        :       0.00          0          0       0.00          -       0.00          0
  dual LP          :       0.02         12        536      44.67   23637.33       0.00          0
  lex dual LP      :       0.00          0          0       0.00          -
  barrier LP       :       0.00          0          0       0.00          -       0.00          0
  resolve instable :       0.00          0          0       0.00          -
  diving/probing LP:       0.01          5        579     115.80          -
  strong branching :       0.00          0          0       0.00          -          -          -          0
    (at root node) :          -          0          0       0.00          -
  conflict analysis:       0.00          0          0       0.00          -
B&B Tree           :
  number of runs   :          1
  nodes            :          1 (0 internal, 1 leaves)
  feasible leaves  :          0
  infeas. leaves   :          0
  objective leaves :          1
  nodes (total)    :          1 (0 internal, 1 leaves)
  nodes left       :          0
  max depth        :          0
  max depth (total):          0
  backtracks       :          0 (0.0%)
  early backtracks :          0 (0.0%)
  nodes exc. ref.  :          0 (0.0%)
  delayed cutoffs  :          0
  repropagations   :          0 (0 domain reductions, 0 cutoffs)
  avg switch length:       2.00
  switching time   :       0.00
Estim. Tree Size   :          1
Estimation Tree    : 1 nodes (1 visited, 0 internal, 1 leaves, 0 open), weight: 1.0000 completed 1.0000
Estimations        :      estim      value      trend resolution     smooth
  wbe              :          1          -          -          -          -
  tree-profile     :         -1          -          -          -          -
  gap              :          1    1.00000    1.00000          1          1
  tree-weight      :          1    1.00000    1.00000          1          1
  leaf-frequency   :          1    0.50000    1.00000          1          1
  ssg              :          1    0.00000   -1.00000          1          1
  open-nodes       :          1    0.00000    0.00000          1          1
Root Node          :
  First LP value   : -2.23597062044971e+00
  First LP Iters   :        514 (31098.74 Iter/sec)
  First LP Time    :       0.02
  Final Dual Bound : -2.23597062044971e+00
  Final Root Iters :       1014
  Root LP Estimate :                     -
Solution           :
  Solutions found  :          2 (2 improvements)
  First Solution   : -2.05347593582888e+00   (in run 1, after 1 nodes, 2.97 seconds, depth 0, found by <feaspump>)
  Gap First Sol.   :       8.89 %
  Gap Last Sol.    :       0.00 %
  Primal Bound     : -2.23597062044971e+00   (in run 1, after 1 nodes, 3.09 seconds, depth 0, found by <rens>)
  Dual Bound       : -2.23597062044971e+00
  Gap              :       0.00 %
Integrals          :      Total       Avg%
  primal-dual      :     297.88      96.19
  primal-ref       :          -          - (not evaluated)
  dual-ref         :          -          - (not evaluated)
