SCIP version 8.0.0 [precision: 8 byte] [memory: block] [mode: optimized] [LP solver: SoPlex 6.0.0] [GitHash: a740f0891e]
Copyright (C) 2002-2021 Konrad-Zuse-Zentrum fuer Informationstechnik Berlin (ZIB)

External libraries: 
  SoPlex 6.0.0         Linear Programming Solver developed at Zuse Institute Berlin (soplex.zib.de) [GitHash: 71a5873d]
  CppAD 20180000.0     Algorithmic Differentiation of C++ algorithms developed by B. Bell (github.com/coin-or/CppAD)
  ZLIB 1.2.11          General purpose compression library by J. Gailly and M. Adler (zlib.net)
  GMP 6.2.1            GNU Multiple Precision Arithmetic Library developed by T. Granlund (gmplib.org)
  ZIMPL 3.5.1          Zuse Institute Mathematical Programming Language developed by T. Koch (zimpl.zib.de)
  AMPL/MP 4e2d45c4     AMPL .nl file reader library (github.com/ampl/mp)
  PaPILO 2.0.0         parallel presolve for integer and linear optimization (github.com/scipopt/papilo) [GitHash: 76cafc1]
  bliss 0.73p          Computing Graph Automorphism Groups by T. Junttila and P. Kaski (www.tcs.hut.fi/Software/bliss/)
  Ipopt 3.13.2         Interior Point Optimizer developed by A. Waechter et.al. (github.com/coin-or/Ipopt)

user parameter file <scip.set> not found - using default parameters

read problem <../modeles/5_459.lp>
============

original problem has 4600 variables (2295 bin, 0 int, 0 impl, 2305 cont) and 2316 constraints

solve problem
=============

presolving:
(round 1, fast)       5 del vars, 0 del conss, 0 add conss, 4890 chg bounds, 0 chg sides, 0 chg coeffs, 0 upgd conss, 0 impls, 5 clqs
(round 2, fast)       5 del vars, 0 del conss, 0 add conss, 4890 chg bounds, 0 chg sides, 2290 chg coeffs, 0 upgd conss, 0 impls, 5 clqs
   (0.0s) running MILP presolver
   (0.1s) MILP presolver (2 rounds): 0 aggregations, 0 fixings, 30 bound changes
(round 3, exhaustive) 5 del vars, 0 del conss, 0 add conss, 4920 chg bounds, 0 chg sides, 2290 chg coeffs, 15 upgd conss, 0 impls, 5 clqs
   (0.1s) sparsify finished: 2/16085 (0.0%) nonzeros canceled - in total 2 canceled nonzeros, 460 changed coefficients, 0 added nonzeros
(round 4, exhaustive) 5 del vars, 0 del conss, 0 add conss, 4920 chg bounds, 0 chg sides, 2750 chg coeffs, 15 upgd conss, 10 impls, 5 clqs
(round 5, exhaustive) 30 del vars, 0 del conss, 0 add conss, 4920 chg bounds, 0 chg sides, 2750 chg coeffs, 15 upgd conss, 14208 impls, 5 clqs
(round 6, exhaustive) 30 del vars, 1 del conss, 0 add conss, 4920 chg bounds, 0 chg sides, 2750 chg coeffs, 62 upgd conss, 14208 impls, 5 clqs
(round 7, exhaustive) 55 del vars, 1 del conss, 0 add conss, 4920 chg bounds, 0 chg sides, 2750 chg coeffs, 62 upgd conss, 22954 impls, 5 clqs
(round 8, fast)       56 del vars, 3 del conss, 0 add conss, 4921 chg bounds, 0 chg sides, 2750 chg coeffs, 62 upgd conss, 22954 impls, 5 clqs
(round 9, exhaustive) 56 del vars, 3 del conss, 0 add conss, 4921 chg bounds, 0 chg sides, 2750 chg coeffs, 108 upgd conss, 22954 impls, 5 clqs
(round 10, exhaustive) 81 del vars, 3 del conss, 0 add conss, 4921 chg bounds, 0 chg sides, 2750 chg coeffs, 108 upgd conss, 40841 impls, 5 clqs
(round 11, exhaustive) 81 del vars, 4 del conss, 0 add conss, 4921 chg bounds, 0 chg sides, 2750 chg coeffs, 155 upgd conss, 40841 impls, 5 clqs
(round 12, exhaustive) 106 del vars, 4 del conss, 0 add conss, 4921 chg bounds, 0 chg sides, 2750 chg coeffs, 155 upgd conss, 49120 impls, 5 clqs
(round 13, fast)       106 del vars, 6 del conss, 0 add conss, 4921 chg bounds, 0 chg sides, 2750 chg coeffs, 155 upgd conss, 49120 impls, 5 clqs
(round 14, exhaustive) 106 del vars, 6 del conss, 0 add conss, 4921 chg bounds, 0 chg sides, 2750 chg coeffs, 199 upgd conss, 49120 impls, 5 clqs
(round 15, exhaustive) 133 del vars, 6 del conss, 0 add conss, 4921 chg bounds, 0 chg sides, 2750 chg coeffs, 199 upgd conss, 57851 impls, 5 clqs
(round 16, fast)       133 del vars, 11 del conss, 0 add conss, 4921 chg bounds, 0 chg sides, 2750 chg coeffs, 199 upgd conss, 57851 impls, 5 clqs
(round 17, exhaustive) 133 del vars, 11 del conss, 0 add conss, 4921 chg bounds, 0 chg sides, 2750 chg coeffs, 234 upgd conss, 57851 impls, 5 clqs
(round 18, exhaustive) 158 del vars, 11 del conss, 0 add conss, 4921 chg bounds, 0 chg sides, 2750 chg coeffs, 234 upgd conss, 64249 impls, 5 clqs
(round 19, fast)       158 del vars, 15 del conss, 0 add conss, 4921 chg bounds, 0 chg sides, 2750 chg coeffs, 234 upgd conss, 64249 impls, 5 clqs
(round 20, exhaustive) 158 del vars, 15 del conss, 0 add conss, 4921 chg bounds, 0 chg sides, 2750 chg coeffs, 264 upgd conss, 64249 impls, 5 clqs
(round 21, exhaustive) 183 del vars, 15 del conss, 0 add conss, 4921 chg bounds, 0 chg sides, 2750 chg coeffs, 264 upgd conss, 74725 impls, 5 clqs
(round 22, fast)       183 del vars, 18 del conss, 0 add conss, 4921 chg bounds, 0 chg sides, 2750 chg coeffs, 264 upgd conss, 74725 impls, 5 clqs
(round 23, exhaustive) 183 del vars, 18 del conss, 0 add conss, 4921 chg bounds, 0 chg sides, 2750 chg coeffs, 305 upgd conss, 74725 impls, 5 clqs
(round 24, exhaustive) 210 del vars, 18 del conss, 0 add conss, 4921 chg bounds, 0 chg sides, 2750 chg coeffs, 305 upgd conss, 82940 impls, 5 clqs
(round 25, fast)       210 del vars, 26 del conss, 0 add conss, 4921 chg bounds, 0 chg sides, 2750 chg coeffs, 305 upgd conss, 82940 impls, 5 clqs
(round 26, exhaustive) 210 del vars, 26 del conss, 0 add conss, 4921 chg bounds, 0 chg sides, 2750 chg coeffs, 331 upgd conss, 82940 impls, 5 clqs
(round 27, exhaustive) 236 del vars, 26 del conss, 0 add conss, 4921 chg bounds, 0 chg sides, 2750 chg coeffs, 331 upgd conss, 94246 impls, 5 clqs
(round 28, fast)       236 del vars, 33 del conss, 0 add conss, 4921 chg bounds, 0 chg sides, 2750 chg coeffs, 331 upgd conss, 94246 impls, 5 clqs
(round 29, exhaustive) 236 del vars, 33 del conss, 0 add conss, 4921 chg bounds, 0 chg sides, 2750 chg coeffs, 362 upgd conss, 94246 impls, 5 clqs
(round 30, exhaustive) 261 del vars, 33 del conss, 0 add conss, 4921 chg bounds, 0 chg sides, 2750 chg coeffs, 362 upgd conss, 100583 impls, 5 clqs
(round 31, fast)       262 del vars, 39 del conss, 0 add conss, 4922 chg bounds, 0 chg sides, 2750 chg coeffs, 362 upgd conss, 100583 impls, 5 clqs
(round 32, exhaustive) 262 del vars, 39 del conss, 0 add conss, 4922 chg bounds, 0 chg sides, 2750 chg coeffs, 396 upgd conss, 100583 impls, 5 clqs
(round 33, exhaustive) 287 del vars, 39 del conss, 0 add conss, 4922 chg bounds, 0 chg sides, 2750 chg coeffs, 396 upgd conss, 108278 impls, 5 clqs
(round 34, fast)       287 del vars, 41 del conss, 0 add conss, 4922 chg bounds, 0 chg sides, 2750 chg coeffs, 396 upgd conss, 108278 impls, 5 clqs
(round 35, exhaustive) 287 del vars, 41 del conss, 0 add conss, 4922 chg bounds, 0 chg sides, 2750 chg coeffs, 440 upgd conss, 108278 impls, 5 clqs
(round 36, exhaustive) 312 del vars, 41 del conss, 0 add conss, 4922 chg bounds, 0 chg sides, 2750 chg coeffs, 440 upgd conss, 113254 impls, 5 clqs
(round 37, fast)       313 del vars, 48 del conss, 0 add conss, 4923 chg bounds, 0 chg sides, 2750 chg coeffs, 440 upgd conss, 113254 impls, 5 clqs
(round 38, exhaustive) 313 del vars, 48 del conss, 0 add conss, 4923 chg bounds, 0 chg sides, 2750 chg coeffs, 471 upgd conss, 113254 impls, 5 clqs
(round 39, exhaustive) 338 del vars, 48 del conss, 0 add conss, 4923 chg bounds, 0 chg sides, 2750 chg coeffs, 471 upgd conss, 124956 impls, 5 clqs
(round 40, fast)       338 del vars, 56 del conss, 0 add conss, 4923 chg bounds, 0 chg sides, 2750 chg coeffs, 471 upgd conss, 124956 impls, 5 clqs
(round 41, exhaustive) 338 del vars, 56 del conss, 0 add conss, 4923 chg bounds, 0 chg sides, 2750 chg coeffs, 497 upgd conss, 124956 impls, 5 clqs
(round 42, exhaustive) 363 del vars, 56 del conss, 0 add conss, 4923 chg bounds, 0 chg sides, 2750 chg coeffs, 497 upgd conss, 132092 impls, 5 clqs
(round 43, fast)       363 del vars, 63 del conss, 0 add conss, 4923 chg bounds, 0 chg sides, 2750 chg coeffs, 497 upgd conss, 132092 impls, 5 clqs
(round 44, exhaustive) 363 del vars, 63 del conss, 0 add conss, 4923 chg bounds, 0 chg sides, 2750 chg coeffs, 526 upgd conss, 132092 impls, 5 clqs
(round 45, exhaustive) 388 del vars, 63 del conss, 0 add conss, 4923 chg bounds, 0 chg sides, 2750 chg coeffs, 526 upgd conss, 142806 impls, 5 clqs
(round 46, fast)       388 del vars, 73 del conss, 0 add conss, 4923 chg bounds, 0 chg sides, 2750 chg coeffs, 526 upgd conss, 142806 impls, 5 clqs
(round 47, exhaustive) 388 del vars, 73 del conss, 0 add conss, 4923 chg bounds, 0 chg sides, 2750 chg coeffs, 546 upgd conss, 142806 impls, 5 clqs
   (1.4s) sparsify finished: 2/14857 (0.0%) nonzeros canceled - in total 4 canceled nonzeros, 906 changed coefficients, 0 added nonzeros
(round 48, exhaustive) 388 del vars, 73 del conss, 0 add conss, 4923 chg bounds, 0 chg sides, 3196 chg coeffs, 546 upgd conss, 142826 impls, 5 clqs
(round 49, exhaustive) 413 del vars, 73 del conss, 0 add conss, 4923 chg bounds, 0 chg sides, 3196 chg coeffs, 546 upgd conss, 153400 impls, 5 clqs
(round 50, fast)       413 del vars, 81 del conss, 0 add conss, 4923 chg bounds, 0 chg sides, 3196 chg coeffs, 546 upgd conss, 153400 impls, 5 clqs
(round 51, exhaustive) 413 del vars, 81 del conss, 0 add conss, 4923 chg bounds, 0 chg sides, 3196 chg coeffs, 568 upgd conss, 153400 impls, 5 clqs
(round 52, exhaustive) 438 del vars, 81 del conss, 0 add conss, 4923 chg bounds, 0 chg sides, 3196 chg coeffs, 568 upgd conss, 163104 impls, 5 clqs
(round 53, fast)       440 del vars, 89 del conss, 0 add conss, 4925 chg bounds, 0 chg sides, 3196 chg coeffs, 568 upgd conss, 163104 impls, 5 clqs
(round 54, exhaustive) 440 del vars, 89 del conss, 0 add conss, 4925 chg bounds, 0 chg sides, 3196 chg coeffs, 598 upgd conss, 163104 impls, 5 clqs
(round 55, exhaustive) 465 del vars, 89 del conss, 0 add conss, 4925 chg bounds, 0 chg sides, 3196 chg coeffs, 598 upgd conss, 172773 impls, 5 clqs
(round 56, fast)       465 del vars, 96 del conss, 0 add conss, 4925 chg bounds, 0 chg sides, 3196 chg coeffs, 598 upgd conss, 172773 impls, 5 clqs
(round 57, exhaustive) 465 del vars, 96 del conss, 0 add conss, 4925 chg bounds, 0 chg sides, 3196 chg coeffs, 623 upgd conss, 172773 impls, 5 clqs
   (1.7s) sparsify finished: 2/14599 (0.0%) nonzeros canceled - in total 6 canceled nonzeros, 1337 changed coefficients, 0 added nonzeros
(round 58, exhaustive) 465 del vars, 96 del conss, 0 add conss, 4925 chg bounds, 0 chg sides, 3627 chg coeffs, 623 upgd conss, 172798 impls, 5 clqs
(round 59, exhaustive) 490 del vars, 96 del conss, 0 add conss, 4925 chg bounds, 0 chg sides, 3627 chg coeffs, 623 upgd conss, 178028 impls, 5 clqs
(round 60, fast)       491 del vars, 107 del conss, 0 add conss, 4926 chg bounds, 0 chg sides, 3627 chg coeffs, 623 upgd conss, 178028 impls, 5 clqs
(round 61, exhaustive) 491 del vars, 107 del conss, 0 add conss, 4926 chg bounds, 0 chg sides, 3627 chg coeffs, 638 upgd conss, 178028 impls, 5 clqs
(round 62, exhaustive) 516 del vars, 107 del conss, 0 add conss, 4926 chg bounds, 0 chg sides, 3627 chg coeffs, 638 upgd conss, 186286 impls, 5 clqs
(round 63, fast)       516 del vars, 117 del conss, 0 add conss, 4926 chg bounds, 0 chg sides, 3627 chg coeffs, 638 upgd conss, 186286 impls, 5 clqs
(round 64, exhaustive) 516 del vars, 117 del conss, 0 add conss, 4926 chg bounds, 0 chg sides, 3627 chg coeffs, 658 upgd conss, 186286 impls, 5 clqs
(round 65, exhaustive) 542 del vars, 117 del conss, 0 add conss, 4926 chg bounds, 0 chg sides, 3627 chg coeffs, 658 upgd conss, 195369 impls, 5 clqs
(round 66, fast)       542 del vars, 128 del conss, 0 add conss, 4926 chg bounds, 0 chg sides, 3627 chg coeffs, 658 upgd conss, 195369 impls, 5 clqs
(round 67, exhaustive) 542 del vars, 128 del conss, 0 add conss, 4926 chg bounds, 0 chg sides, 3627 chg coeffs, 676 upgd conss, 195369 impls, 5 clqs
(round 68, exhaustive) 568 del vars, 128 del conss, 0 add conss, 4926 chg bounds, 0 chg sides, 3627 chg coeffs, 676 upgd conss, 207829 impls, 5 clqs
(round 69, fast)       568 del vars, 140 del conss, 0 add conss, 4926 chg bounds, 0 chg sides, 3627 chg coeffs, 676 upgd conss, 207829 impls, 5 clqs
(round 70, exhaustive) 568 del vars, 140 del conss, 0 add conss, 4926 chg bounds, 0 chg sides, 3627 chg coeffs, 692 upgd conss, 207829 impls, 5 clqs
(round 71, exhaustive) 593 del vars, 140 del conss, 0 add conss, 4926 chg bounds, 0 chg sides, 3627 chg coeffs, 692 upgd conss, 215552 impls, 5 clqs
(round 72, fast)       596 del vars, 152 del conss, 0 add conss, 4929 chg bounds, 0 chg sides, 3627 chg coeffs, 692 upgd conss, 215552 impls, 5 clqs
(round 73, exhaustive) 596 del vars, 152 del conss, 0 add conss, 4929 chg bounds, 0 chg sides, 3627 chg coeffs, 712 upgd conss, 215552 impls, 5 clqs
(round 74, exhaustive) 621 del vars, 152 del conss, 0 add conss, 4929 chg bounds, 0 chg sides, 3627 chg coeffs, 712 upgd conss, 227473 impls, 5 clqs
(round 75, fast)       622 del vars, 165 del conss, 0 add conss, 4930 chg bounds, 0 chg sides, 3627 chg coeffs, 712 upgd conss, 227473 impls, 5 clqs
(round 76, exhaustive) 622 del vars, 165 del conss, 0 add conss, 4930 chg bounds, 0 chg sides, 3627 chg coeffs, 725 upgd conss, 227473 impls, 5 clqs
   (2.2s) probing: 1000/2295 (43.6%) - 629 fixings, 0 aggregations, 239446 implications, 0 bound changes
(round 77, exhaustive) 651 del vars, 165 del conss, 0 add conss, 4930 chg bounds, 0 chg sides, 3627 chg coeffs, 725 upgd conss, 240596 impls, 5 clqs
(round 78, fast)       651 del vars, 179 del conss, 0 add conss, 4930 chg bounds, 0 chg sides, 3627 chg coeffs, 725 upgd conss, 240596 impls, 5 clqs
(round 79, exhaustive) 651 del vars, 179 del conss, 0 add conss, 4930 chg bounds, 0 chg sides, 3627 chg coeffs, 741 upgd conss, 240596 impls, 5 clqs
(round 80, exhaustive) 678 del vars, 179 del conss, 0 add conss, 4930 chg bounds, 0 chg sides, 3627 chg coeffs, 741 upgd conss, 246040 impls, 5 clqs
(round 81, fast)       678 del vars, 193 del conss, 0 add conss, 4930 chg bounds, 0 chg sides, 3627 chg coeffs, 741 upgd conss, 246040 impls, 5 clqs
(round 82, exhaustive) 678 del vars, 193 del conss, 0 add conss, 4930 chg bounds, 0 chg sides, 3627 chg coeffs, 753 upgd conss, 246040 impls, 5 clqs
(round 83, exhaustive) 703 del vars, 193 del conss, 0 add conss, 4930 chg bounds, 0 chg sides, 3627 chg coeffs, 753 upgd conss, 254840 impls, 5 clqs
(round 84, fast)       704 del vars, 207 del conss, 0 add conss, 4931 chg bounds, 0 chg sides, 3627 chg coeffs, 753 upgd conss, 254840 impls, 5 clqs
   (2.3s) running MILP presolver
   (2.4s) MILP presolver (5 rounds): 0 aggregations, 30 fixings, 0 bound changes
(round 85, medium)     734 del vars, 219 del conss, 0 add conss, 4931 chg bounds, 0 chg sides, 3627 chg coeffs, 753 upgd conss, 254840 impls, 5 clqs
(round 86, fast)       734 del vars, 223 del conss, 0 add conss, 4931 chg bounds, 0 chg sides, 3627 chg coeffs, 753 upgd conss, 254840 impls, 5 clqs
(round 87, exhaustive) 734 del vars, 223 del conss, 0 add conss, 4931 chg bounds, 0 chg sides, 3627 chg coeffs, 771 upgd conss, 254840 impls, 5 clqs
(round 88, exhaustive) 759 del vars, 223 del conss, 0 add conss, 4931 chg bounds, 0 chg sides, 3627 chg coeffs, 771 upgd conss, 265143 impls, 5 clqs
(round 89, fast)       760 del vars, 237 del conss, 0 add conss, 4932 chg bounds, 0 chg sides, 3627 chg coeffs, 771 upgd conss, 265143 impls, 5 clqs
(round 90, exhaustive) 760 del vars, 237 del conss, 0 add conss, 4932 chg bounds, 0 chg sides, 3627 chg coeffs, 781 upgd conss, 265143 impls, 5 clqs
(round 91, exhaustive) 785 del vars, 237 del conss, 0 add conss, 4932 chg bounds, 0 chg sides, 3627 chg coeffs, 781 upgd conss, 273306 impls, 5 clqs
(round 92, fast)       785 del vars, 248 del conss, 0 add conss, 4932 chg bounds, 0 chg sides, 3627 chg coeffs, 781 upgd conss, 273306 impls, 5 clqs
(round 93, exhaustive) 785 del vars, 248 del conss, 0 add conss, 4932 chg bounds, 0 chg sides, 3627 chg coeffs, 798 upgd conss, 273306 impls, 5 clqs
(round 94, exhaustive) 810 del vars, 248 del conss, 0 add conss, 4932 chg bounds, 0 chg sides, 3627 chg coeffs, 798 upgd conss, 280218 impls, 5 clqs
(round 95, fast)       811 del vars, 257 del conss, 0 add conss, 4933 chg bounds, 0 chg sides, 3627 chg coeffs, 798 upgd conss, 280218 impls, 5 clqs
(round 96, exhaustive) 811 del vars, 257 del conss, 0 add conss, 4933 chg bounds, 0 chg sides, 3627 chg coeffs, 819 upgd conss, 280218 impls, 5 clqs
(round 97, exhaustive) 838 del vars, 257 del conss, 0 add conss, 4933 chg bounds, 0 chg sides, 3627 chg coeffs, 819 upgd conss, 288745 impls, 5 clqs
(round 98, fast)       838 del vars, 269 del conss, 0 add conss, 4933 chg bounds, 0 chg sides, 3627 chg coeffs, 819 upgd conss, 288745 impls, 5 clqs
(round 99, exhaustive) 838 del vars, 269 del conss, 0 add conss, 4933 chg bounds, 0 chg sides, 3627 chg coeffs, 837 upgd conss, 288745 impls, 5 clqs
(round 100, exhaustive) 863 del vars, 269 del conss, 0 add conss, 4933 chg bounds, 0 chg sides, 3627 chg coeffs, 837 upgd conss, 294834 impls, 5 clqs
(round 101, fast)       864 del vars, 282 del conss, 0 add conss, 4934 chg bounds, 0 chg sides, 3627 chg coeffs, 837 upgd conss, 294834 impls, 5 clqs
(round 102, exhaustive) 864 del vars, 282 del conss, 0 add conss, 4934 chg bounds, 0 chg sides, 3627 chg coeffs, 850 upgd conss, 294834 impls, 5 clqs
(round 103, exhaustive) 890 del vars, 282 del conss, 0 add conss, 4934 chg bounds, 0 chg sides, 3627 chg coeffs, 850 upgd conss, 304791 impls, 5 clqs
(round 104, fast)       890 del vars, 296 del conss, 0 add conss, 4934 chg bounds, 0 chg sides, 3627 chg coeffs, 850 upgd conss, 304791 impls, 5 clqs
(round 105, exhaustive) 890 del vars, 296 del conss, 0 add conss, 4934 chg bounds, 0 chg sides, 3627 chg coeffs, 860 upgd conss, 304791 impls, 5 clqs
(round 106, exhaustive) 915 del vars, 296 del conss, 0 add conss, 4934 chg bounds, 0 chg sides, 3627 chg coeffs, 860 upgd conss, 310745 impls, 5 clqs
(round 107, fast)       915 del vars, 310 del conss, 0 add conss, 4934 chg bounds, 0 chg sides, 3627 chg coeffs, 860 upgd conss, 310745 impls, 5 clqs
(round 108, exhaustive) 915 del vars, 310 del conss, 0 add conss, 4934 chg bounds, 0 chg sides, 3627 chg coeffs, 867 upgd conss, 310745 impls, 5 clqs
(round 109, exhaustive) 941 del vars, 310 del conss, 0 add conss, 4934 chg bounds, 0 chg sides, 3627 chg coeffs, 867 upgd conss, 320933 impls, 5 clqs
(round 110, fast)       941 del vars, 325 del conss, 0 add conss, 4934 chg bounds, 0 chg sides, 3627 chg coeffs, 867 upgd conss, 320933 impls, 5 clqs
(round 111, exhaustive) 941 del vars, 325 del conss, 0 add conss, 4934 chg bounds, 0 chg sides, 3627 chg coeffs, 874 upgd conss, 320933 impls, 5 clqs
(round 112, exhaustive) 966 del vars, 325 del conss, 0 add conss, 4934 chg bounds, 0 chg sides, 3627 chg coeffs, 874 upgd conss, 328324 impls, 5 clqs
(round 113, fast)       970 del vars, 340 del conss, 0 add conss, 4938 chg bounds, 0 chg sides, 3627 chg coeffs, 874 upgd conss, 328324 impls, 5 clqs
(round 114, exhaustive) 970 del vars, 340 del conss, 0 add conss, 4938 chg bounds, 0 chg sides, 3627 chg coeffs, 887 upgd conss, 328324 impls, 5 clqs
(round 115, exhaustive) 997 del vars, 340 del conss, 0 add conss, 4938 chg bounds, 0 chg sides, 3627 chg coeffs, 887 upgd conss, 331878 impls, 5 clqs
(round 116, fast)       997 del vars, 356 del conss, 0 add conss, 4938 chg bounds, 0 chg sides, 3627 chg coeffs, 887 upgd conss, 331878 impls, 5 clqs
(round 117, exhaustive) 997 del vars, 356 del conss, 0 add conss, 4938 chg bounds, 0 chg sides, 3627 chg coeffs, 893 upgd conss, 331878 impls, 5 clqs
(round 118, exhaustive) 1023 del vars, 356 del conss, 0 add conss, 4938 chg bounds, 0 chg sides, 3627 chg coeffs, 893 upgd conss, 334177 impls, 5 clqs
(round 119, fast)       1023 del vars, 372 del conss, 0 add conss, 4938 chg bounds, 0 chg sides, 3627 chg coeffs, 893 upgd conss, 334177 impls, 5 clqs
(round 120, exhaustive) 1023 del vars, 372 del conss, 0 add conss, 4938 chg bounds, 0 chg sides, 3627 chg coeffs, 897 upgd conss, 334177 impls, 5 clqs
(round 121, exhaustive) 1048 del vars, 372 del conss, 0 add conss, 4938 chg bounds, 0 chg sides, 3627 chg coeffs, 897 upgd conss, 343762 impls, 5 clqs
(round 122, fast)       1050 del vars, 387 del conss, 0 add conss, 4940 chg bounds, 0 chg sides, 3627 chg coeffs, 897 upgd conss, 343762 impls, 5 clqs
(round 123, exhaustive) 1050 del vars, 387 del conss, 0 add conss, 4940 chg bounds, 0 chg sides, 3627 chg coeffs, 906 upgd conss, 343762 impls, 5 clqs
(round 124, exhaustive) 1077 del vars, 387 del conss, 0 add conss, 4940 chg bounds, 0 chg sides, 3627 chg coeffs, 906 upgd conss, 350964 impls, 5 clqs
(round 125, fast)       1077 del vars, 400 del conss, 0 add conss, 4940 chg bounds, 0 chg sides, 3627 chg coeffs, 906 upgd conss, 350964 impls, 5 clqs
(round 126, exhaustive) 1077 del vars, 400 del conss, 0 add conss, 4940 chg bounds, 0 chg sides, 3627 chg coeffs, 921 upgd conss, 350964 impls, 5 clqs
(round 127, exhaustive) 1103 del vars, 400 del conss, 0 add conss, 4940 chg bounds, 0 chg sides, 3627 chg coeffs, 921 upgd conss, 357711 impls, 5 clqs
(round 128, fast)       1103 del vars, 414 del conss, 0 add conss, 4940 chg bounds, 0 chg sides, 3627 chg coeffs, 921 upgd conss, 357711 impls, 5 clqs
(round 129, exhaustive) 1103 del vars, 414 del conss, 0 add conss, 4940 chg bounds, 0 chg sides, 3627 chg coeffs, 931 upgd conss, 357711 impls, 5 clqs
(round 130, exhaustive) 1129 del vars, 414 del conss, 0 add conss, 4940 chg bounds, 0 chg sides, 3627 chg coeffs, 931 upgd conss, 366667 impls, 5 clqs
(round 131, fast)       1129 del vars, 428 del conss, 0 add conss, 4940 chg bounds, 0 chg sides, 3627 chg coeffs, 931 upgd conss, 366667 impls, 5 clqs
(round 132, exhaustive) 1129 del vars, 428 del conss, 0 add conss, 4940 chg bounds, 0 chg sides, 3627 chg coeffs, 941 upgd conss, 366667 impls, 5 clqs
   (3.2s) sparsify finished: 2/12271 (0.0%) nonzeros canceled - in total 8 canceled nonzeros, 1719 changed coefficients, 0 added nonzeros
(round 133, exhaustive) 1129 del vars, 428 del conss, 0 add conss, 4940 chg bounds, 0 chg sides, 4009 chg coeffs, 941 upgd conss, 366677 impls, 5 clqs
(round 134, exhaustive) 1154 del vars, 428 del conss, 0 add conss, 4940 chg bounds, 0 chg sides, 4009 chg coeffs, 941 upgd conss, 376023 impls, 5 clqs
(round 135, fast)       1154 del vars, 441 del conss, 0 add conss, 4940 chg bounds, 0 chg sides, 4009 chg coeffs, 941 upgd conss, 376023 impls, 5 clqs
(round 136, exhaustive) 1154 del vars, 441 del conss, 0 add conss, 4940 chg bounds, 0 chg sides, 4009 chg coeffs, 948 upgd conss, 376023 impls, 5 clqs
(round 137, exhaustive) 1179 del vars, 441 del conss, 0 add conss, 4940 chg bounds, 0 chg sides, 4009 chg coeffs, 948 upgd conss, 382255 impls, 5 clqs
(round 138, fast)       1179 del vars, 453 del conss, 0 add conss, 4940 chg bounds, 0 chg sides, 4009 chg coeffs, 948 upgd conss, 382255 impls, 5 clqs
(round 139, exhaustive) 1179 del vars, 453 del conss, 0 add conss, 4940 chg bounds, 0 chg sides, 4009 chg coeffs, 958 upgd conss, 382255 impls, 5 clqs
(round 140, exhaustive) 1204 del vars, 453 del conss, 0 add conss, 4940 chg bounds, 0 chg sides, 4009 chg coeffs, 958 upgd conss, 392414 impls, 5 clqs
(round 141, fast)       1206 del vars, 470 del conss, 0 add conss, 4942 chg bounds, 0 chg sides, 4009 chg coeffs, 958 upgd conss, 392414 impls, 5 clqs
(round 142, exhaustive) 1206 del vars, 470 del conss, 0 add conss, 4942 chg bounds, 0 chg sides, 4009 chg coeffs, 961 upgd conss, 392414 impls, 5 clqs
(round 143, exhaustive) 1231 del vars, 470 del conss, 0 add conss, 4942 chg bounds, 0 chg sides, 4009 chg coeffs, 961 upgd conss, 398558 impls, 5 clqs
(round 144, fast)       1231 del vars, 485 del conss, 0 add conss, 4942 chg bounds, 0 chg sides, 4009 chg coeffs, 961 upgd conss, 398558 impls, 5 clqs
(round 145, exhaustive) 1231 del vars, 485 del conss, 0 add conss, 4942 chg bounds, 0 chg sides, 4009 chg coeffs, 966 upgd conss, 398558 impls, 5 clqs
(round 146, exhaustive) 1256 del vars, 485 del conss, 0 add conss, 4942 chg bounds, 0 chg sides, 4009 chg coeffs, 966 upgd conss, 407439 impls, 5 clqs
(round 147, fast)       1258 del vars, 502 del conss, 0 add conss, 4944 chg bounds, 0 chg sides, 4009 chg coeffs, 966 upgd conss, 407439 impls, 5 clqs
(round 148, exhaustive) 1258 del vars, 502 del conss, 0 add conss, 4944 chg bounds, 0 chg sides, 4009 chg coeffs, 969 upgd conss, 407439 impls, 5 clqs
(round 149, exhaustive) 1283 del vars, 502 del conss, 0 add conss, 4944 chg bounds, 0 chg sides, 4009 chg coeffs, 969 upgd conss, 420518 impls, 5 clqs
(round 150, fast)       1288 del vars, 520 del conss, 0 add conss, 4949 chg bounds, 0 chg sides, 4009 chg coeffs, 969 upgd conss, 420518 impls, 5 clqs
(round 151, exhaustive) 1288 del vars, 520 del conss, 0 add conss, 4949 chg bounds, 0 chg sides, 4009 chg coeffs, 975 upgd conss, 420518 impls, 5 clqs
(round 152, exhaustive) 1313 del vars, 520 del conss, 0 add conss, 4949 chg bounds, 0 chg sides, 4009 chg coeffs, 975 upgd conss, 428088 impls, 5 clqs
(round 153, fast)       1313 del vars, 536 del conss, 0 add conss, 4949 chg bounds, 0 chg sides, 4009 chg coeffs, 975 upgd conss, 428088 impls, 5 clqs
   (3.6s) running MILP presolver
   (3.6s) MILP presolver (4 rounds): 0 aggregations, 21 fixings, 0 bound changes
(round 154, medium)     1334 del vars, 549 del conss, 0 add conss, 4949 chg bounds, 0 chg sides, 4009 chg coeffs, 975 upgd conss, 428088 impls, 5 clqs
(round 155, exhaustive) 1334 del vars, 549 del conss, 0 add conss, 4949 chg bounds, 0 chg sides, 4009 chg coeffs, 980 upgd conss, 428088 impls, 5 clqs
(round 156, exhaustive) 1360 del vars, 549 del conss, 0 add conss, 4949 chg bounds, 0 chg sides, 4009 chg coeffs, 980 upgd conss, 435362 impls, 5 clqs
(round 157, fast)       1360 del vars, 566 del conss, 0 add conss, 4949 chg bounds, 0 chg sides, 4009 chg coeffs, 980 upgd conss, 435362 impls, 5 clqs
(round 158, exhaustive) 1385 del vars, 566 del conss, 0 add conss, 4949 chg bounds, 0 chg sides, 4009 chg coeffs, 981 upgd conss, 446297 impls, 5 clqs
(round 159, fast)       1385 del vars, 582 del conss, 0 add conss, 4949 chg bounds, 0 chg sides, 4009 chg coeffs, 981 upgd conss, 446298 impls, 5 clqs
(round 160, exhaustive) 1385 del vars, 582 del conss, 0 add conss, 4949 chg bounds, 0 chg sides, 4009 chg coeffs, 983 upgd conss, 446298 impls, 5 clqs
(round 161, exhaustive) 1413 del vars, 582 del conss, 0 add conss, 4949 chg bounds, 0 chg sides, 4009 chg coeffs, 983 upgd conss, 455823 impls, 5 clqs
(round 162, fast)       1413 del vars, 600 del conss, 0 add conss, 4949 chg bounds, 0 chg sides, 4009 chg coeffs, 983 upgd conss, 455823 impls, 5 clqs
(round 163, exhaustive) 1413 del vars, 600 del conss, 0 add conss, 4949 chg bounds, 0 chg sides, 4009 chg coeffs, 985 upgd conss, 455823 impls, 5 clqs
(round 164, exhaustive) 1441 del vars, 600 del conss, 0 add conss, 4949 chg bounds, 0 chg sides, 4009 chg coeffs, 985 upgd conss, 459129 impls, 5 clqs
(round 165, fast)       1441 del vars, 618 del conss, 0 add conss, 4949 chg bounds, 0 chg sides, 4009 chg coeffs, 985 upgd conss, 459129 impls, 5 clqs
(round 166, exhaustive) 1441 del vars, 618 del conss, 0 add conss, 4949 chg bounds, 0 chg sides, 4009 chg coeffs, 987 upgd conss, 459129 impls, 5 clqs
(round 167, exhaustive) 1466 del vars, 618 del conss, 0 add conss, 4949 chg bounds, 0 chg sides, 4009 chg coeffs, 987 upgd conss, 465399 impls, 5 clqs
(round 168, fast)       1468 del vars, 634 del conss, 0 add conss, 4951 chg bounds, 0 chg sides, 4009 chg coeffs, 987 upgd conss, 465399 impls, 5 clqs
(round 169, exhaustive) 1468 del vars, 634 del conss, 0 add conss, 4951 chg bounds, 0 chg sides, 4009 chg coeffs, 989 upgd conss, 465399 impls, 5 clqs
(round 170, exhaustive) 1493 del vars, 634 del conss, 0 add conss, 4951 chg bounds, 0 chg sides, 4009 chg coeffs, 989 upgd conss, 475885 impls, 5 clqs
(round 171, fast)       1493 del vars, 650 del conss, 0 add conss, 4951 chg bounds, 0 chg sides, 4009 chg coeffs, 989 upgd conss, 475885 impls, 5 clqs
(round 172, exhaustive) 1493 del vars, 650 del conss, 0 add conss, 4951 chg bounds, 0 chg sides, 4009 chg coeffs, 991 upgd conss, 475885 impls, 5 clqs
   (3.9s) probing: 2000/2295 (87.1%) - 1415 fixings, 0 aggregations, 481402 implications, 0 bound changes
(round 173, exhaustive) 1518 del vars, 650 del conss, 0 add conss, 4951 chg bounds, 0 chg sides, 4009 chg coeffs, 991 upgd conss, 489191 impls, 5 clqs
(round 174, fast)       1518 del vars, 666 del conss, 0 add conss, 4951 chg bounds, 0 chg sides, 4009 chg coeffs, 991 upgd conss, 489191 impls, 5 clqs
(round 175, exhaustive) 1518 del vars, 666 del conss, 0 add conss, 4951 chg bounds, 0 chg sides, 4009 chg coeffs, 993 upgd conss, 489191 impls, 5 clqs
(round 176, exhaustive) 1544 del vars, 666 del conss, 0 add conss, 4951 chg bounds, 0 chg sides, 4009 chg coeffs, 993 upgd conss, 496225 impls, 5 clqs
(round 177, fast)       1544 del vars, 683 del conss, 0 add conss, 4951 chg bounds, 0 chg sides, 4009 chg coeffs, 993 upgd conss, 496225 impls, 5 clqs
   (4.0s) sparsify finished: 2/10766 (0.0%) nonzeros canceled - in total 10 canceled nonzeros, 2043 changed coefficients, 0 added nonzeros
(round 178, exhaustive) 1544 del vars, 683 del conss, 0 add conss, 4951 chg bounds, 0 chg sides, 4333 chg coeffs, 994 upgd conss, 496225 impls, 5 clqs
(round 179, exhaustive) 1569 del vars, 683 del conss, 0 add conss, 4951 chg bounds, 0 chg sides, 4333 chg coeffs, 994 upgd conss, 501625 impls, 5 clqs
(round 180, fast)       1571 del vars, 700 del conss, 0 add conss, 4953 chg bounds, 0 chg sides, 4333 chg coeffs, 994 upgd conss, 501625 impls, 5 clqs
(round 181, exhaustive) 1571 del vars, 700 del conss, 0 add conss, 4953 chg bounds, 0 chg sides, 4333 chg coeffs, 997 upgd conss, 501625 impls, 5 clqs
(round 182, exhaustive) 1600 del vars, 700 del conss, 0 add conss, 4953 chg bounds, 0 chg sides, 4333 chg coeffs, 997 upgd conss, 509180 impls, 5 clqs
(round 183, fast)       1600 del vars, 719 del conss, 0 add conss, 4953 chg bounds, 0 chg sides, 4333 chg coeffs, 997 upgd conss, 509180 impls, 5 clqs
(round 184, exhaustive) 1626 del vars, 719 del conss, 0 add conss, 4953 chg bounds, 0 chg sides, 4333 chg coeffs, 998 upgd conss, 516481 impls, 5 clqs
(round 185, fast)       1626 del vars, 736 del conss, 0 add conss, 4953 chg bounds, 0 chg sides, 4333 chg coeffs, 998 upgd conss, 516482 impls, 5 clqs
(round 186, exhaustive) 1653 del vars, 736 del conss, 0 add conss, 4953 chg bounds, 0 chg sides, 4333 chg coeffs, 999 upgd conss, 520455 impls, 5 clqs
(round 187, fast)       1653 del vars, 754 del conss, 0 add conss, 4953 chg bounds, 0 chg sides, 4333 chg coeffs, 999 upgd conss, 520455 impls, 5 clqs
(round 188, exhaustive) 1678 del vars, 754 del conss, 0 add conss, 4953 chg bounds, 0 chg sides, 4333 chg coeffs, 999 upgd conss, 524703 impls, 5 clqs
(round 189, fast)       1682 del vars, 773 del conss, 0 add conss, 4957 chg bounds, 0 chg sides, 4333 chg coeffs, 999 upgd conss, 524703 impls, 5 clqs
(round 190, exhaustive) 1707 del vars, 773 del conss, 0 add conss, 4957 chg bounds, 0 chg sides, 4333 chg coeffs, 1000 upgd conss, 531846 impls, 5 clqs
(round 191, fast)       1709 del vars, 791 del conss, 0 add conss, 4959 chg bounds, 0 chg sides, 4333 chg coeffs, 1000 upgd conss, 531847 impls, 5 clqs
(round 192, exhaustive) 1736 del vars, 791 del conss, 0 add conss, 4959 chg bounds, 0 chg sides, 4333 chg coeffs, 1000 upgd conss, 539043 impls, 5 clqs
(round 193, fast)       1736 del vars, 809 del conss, 0 add conss, 4959 chg bounds, 0 chg sides, 4333 chg coeffs, 1000 upgd conss, 539043 impls, 5 clqs
   (4.4s) probing cycle finished: starting next cycle
   (4.4s) probing: 87/1380 (6.3%) - 1653 fixings, 0 aggregations, 540473 implications, 0 bound changes
   (4.4s) probing aborted: 50/50 successive totally useless probings
(round 194, exhaustive) 1748 del vars, 809 del conss, 0 add conss, 4959 chg bounds, 0 chg sides, 4333 chg coeffs, 1000 upgd conss, 541467 impls, 5 clqs
(round 195, fast)       1748 del vars, 817 del conss, 0 add conss, 4959 chg bounds, 0 chg sides, 4333 chg coeffs, 1000 upgd conss, 541467 impls, 5 clqs
   (4.4s) running MILP presolver
   (4.4s) MILP presolver found nothing
   (4.4s) probing: 92/1380 (6.7%) - 1653 fixings, 0 aggregations, 540473 implications, 0 bound changes
   (4.4s) probing aborted: 50/50 successive totally useless probings
   (4.4s) symmetry computation started: requiring (bin +, int -, cont +), (fixed: bin -, int +, cont -)
   (4.4s) no symmetry present
presolving (196 rounds: 196 fast, 130 medium, 128 exhaustive):
 1748 deleted vars, 817 deleted constraints, 0 added constraints, 4959 tightened bounds, 0 added holes, 0 changed sides, 4333 changed coefficients
 541467 implications, 5 cliques
presolved problem has 2852 variables (1380 bin, 0 int, 0 impl, 1472 cont) and 1488 constraints
    184 constraints of type <varbound>
      5 constraints of type <setppc>
   1299 constraints of type <linear>
Presolving Time: 4.43

 time | node  | left  |LP iter|LP it/n|mem/heur|mdpt |vars |cons |rows |cuts |sepa|confs|strbr|  dualbound   | primalbound  |  gap   | compl. 
  4.6s|     1 |     0 |   221 |     - |   113M |   0 |2852 |1489 |1488 |   0 |  0 |   0 |   0 |-2.236004e+00 |      --      |    Inf | unknown
o 4.6s|     1 |     0 |   776 |     - |feaspump|   0 |2852 |1489 |1488 |   0 |  0 |   0 |   0 |-2.236004e+00 |-2.226580e+00 |   0.42%| unknown
  4.6s|     1 |     0 |   778 |     - |   114M |   0 |2852 |1489 |1490 |   2 |  1 |   0 |   0 |-2.236004e+00 |-2.226580e+00 |   0.42%| unknown
  4.6s|     1 |     0 |   780 |     - |   114M |   0 |2852 |1489 |1492 |   4 |  2 |   0 |   0 |-2.236004e+00 |-2.226580e+00 |   0.42%| unknown
  4.6s|     1 |     0 |   782 |     - |   114M |   0 |2852 |1489 |1494 |   6 |  3 |   0 |   0 |-2.236004e+00 |-2.226580e+00 |   0.42%| unknown
  4.7s|     1 |     0 |   784 |     - |   114M |   0 |2852 |1489 |1496 |   8 |  4 |   0 |   0 |-2.236004e+00 |-2.226580e+00 |   0.42%| unknown
  4.7s|     1 |     0 |   786 |     - |   115M |   0 |2852 |1489 |1498 |  10 |  5 |   0 |   0 |-2.236004e+00 |-2.226580e+00 |   0.42%| unknown
  4.7s|     1 |     0 |   788 |     - |   115M |   0 |2852 |1489 |1500 |  12 |  6 |   0 |   0 |-2.236004e+00 |-2.226580e+00 |   0.42%| unknown
  4.7s|     1 |     0 |   790 |     - |   115M |   0 |2852 |1489 |1502 |  14 |  7 |   0 |   0 |-2.236004e+00 |-2.226580e+00 |   0.42%| unknown
r 4.7s|     1 |     0 |   790 |     - |randroun|   0 |2852 |1489 |1502 |   0 |  7 |   0 |   0 |-2.236004e+00 |-2.236004e+00 |   0.00%| unknown
  4.7s|     1 |     0 |   790 |     - |   115M |   0 |2852 |1489 |1502 |  14 |  7 |   0 |   0 |-2.236004e+00 |-2.236004e+00 |   0.00%| unknown

SCIP Status        : problem is solved [optimal solution found]
Solving Time (sec) : 4.71
Solving Nodes      : 1
Primal Bound       : -2.23600431457986e+00 (2 solutions)
Dual Bound         : -2.23600431457986e+00
Gap                : 0.00 %

primal solution (original space):
=================================

objective value:                    -2.23600431457986
y_1,178_                                            1 	(obj:0)
y_2,178_                                            1 	(obj:0)
y_3,179_                                            1 	(obj:0)
y_4,179_                                            1 	(obj:0)
y_5,179_                                            1 	(obj:0)
t_3,180_                                          0.5 	(obj:0)
x_3_                               -0.444444444444444 	(obj:1)
t_4,179_                                            1 	(obj:0)
t_2,179_                                            1 	(obj:0)
x_4_                                -0.44880174291939 	(obj:1)
x_5_                               -0.445154641377248 	(obj:1)
x_2_                                -0.44880174291939 	(obj:1)
t_5,179_                             0.58149509803919 	(obj:0)
t_5,180_                             0.41850490196081 	(obj:0)
x_1_                                -0.44880174291939 	(obj:1)
t_1,179_                                            1 	(obj:0)
t_3,179_                                          0.5 	(obj:0)

Statistics
==========

SCIP Status        : problem is solved [optimal solution found]
Total Time         :       4.72
  solving          :       4.71
  presolving       :       4.43 (included in solving)
  reading          :       0.01
  copying          :       0.00 (0 times copied the problem)
Original Problem   :
  Problem name     : ../modeles/5_459.lp
  Variables        : 4600 (2295 binary, 0 integer, 0 implicit integer, 2305 continuous)
  Constraints      : 2316 initial, 2316 maximal
  Objective        : minimize, 5 non-zeros (abs.min = 1, abs.max = 1)
Presolved Problem  :
  Problem name     : t_../modeles/5_459.lp
  Variables        : 2852 (1380 binary, 0 integer, 0 implicit integer, 1472 continuous)
  Constraints      : 1488 initial, 1489 maximal
  Objective        : minimize, 1472 non-zeros (abs.min = 0.0043573, abs.max = 1.40741)
  Nonzeros         : 10018 constraint, 1380 clique table
Presolvers         :   ExecTime  SetupTime  Calls  FixedVars   AggrVars   ChgTypes  ChgBounds   AddHoles    DelCons    AddCons   ChgSides   ChgCoefs
  boundshift       :       0.00       0.00      0          0          0          0          0          0          0          0          0          0
  convertinttobin  :       0.00       0.00      0          0          0          0          0          0          0          0          0          0
  domcol           :       0.82       0.00     71          0          0          0          0          0          0          0          0          0
  dualagg          :       0.00       0.00      0          0          0          0          0          0          0          0          0          0
  dualcomp         :       0.13       0.00     71          0          0          0          0          0          0          0          0          0
  dualinfer        :       0.00       0.00      0          0          0          0          0          0          0          0          0          0
  dualsparsify     :       0.00       0.00      1          0          0          0          0          0          0          0          0          0
  gateextraction   :       0.00       0.00      0          0          0          0          0          0          0          0          0          0
  implics          :       0.00       0.00    130          0          0          0          0          0          0          0          0          0
  inttobinary      :       0.00       0.00      0          0          0          0          0          0          0          0          0          0
  milp             :       0.14       0.00      4         51          0          0         30          0          0          0          0          0
  qpkktref         :       0.00       0.00      0          0          0          0          0          0          0          0          0          0
  redvub           :       0.00       0.00      0          0          0          0          0          0          0          0          0          0
  sparsify         :       0.13       0.00     19          0          0          0          0          0          0          0          0       2043
  stuffing         :       0.00       0.00      0          0          0          0          0          0          0          0          0          0
  trivial          :       0.01       0.00    196          0          0          0          0          0          0          0          0          0
  tworowbnd        :       0.00       0.00      0          0          0          0          0          0          0          0          0          0
  dualfix          :       0.01       0.00    196          0          0          0          0          0          0          0          0          0
  genvbounds       :       0.00       0.00      0          0          0          0          0          0          0          0          0          0
  probing          :       2.74       0.00     66       1653          0          0          0          0          0          0          0          0
  pseudoobj        :       0.00       0.00      0          0          0          0          0          0          0          0          0          0
  symmetry         :       0.01       0.00      1          0          0          0          0          0          0          0          0          0
  vbounds          :       0.00       0.00      1          0          0          0          0          0          0          0          0          0
  varbound         :       0.02       0.00    322          0          0          0         39          0        811          0          0          0
  setppc           :       0.03       0.00    449          0          0          0          0          0          0          0          0          0
  linear           :       0.37       0.00    324         39          5          0       4890          0          6          0          0       2290
  logicor          :       0.00       0.00      0          0          0          0          0          0          0          0          0          0
  benders          :       0.00       0.00      0          0          0          0          0          0          0          0          0          0
  components       :       0.00       0.00      1          0          0          0          0          0          0          0          0          0
  root node        :          -          -      -          0          -          -          0          -          -          -          -          -
Constraints        :     Number  MaxNumber  #Separate #Propagate    #EnfoLP    #EnfoRelax  #EnfoPS    #Check   #ResProp    Cutoffs    DomReds       Cuts    Applied      Conss   Children
  benderslp        :          0          0          0          0          0          0          0         19          0          0          0          0          0          0          0
  integral         :          0          0          0          0          0          0          0         19          0          0          0          0          0          0          0
  varbound         :        184        184          7       7576          0          0          0         13          0          0          0          0          0          0          0
  setppc           :          5          5          7       7403          0          0          0         13          0          0          0          0          0          0          0
  linear           :       1299       1299          7       7576          0          0          0          4          0       1068          0          0          0          0          0
  logicor          :          0+         1          7          6          0          0          0          0          0          0          0          0          0          0          0
  benders          :          0          0          0          0          0          0          0          3          0          0          0          0          0          0          0
  countsols        :          0          0          0          0          0          0          0          3          0          0          0          0          0          0          0
  components       :          0          0          0          0          0          0          0          0          0          0          0          0          0          0          0
Constraint Timings :  TotalTime  SetupTime   Separate  Propagate     EnfoLP     EnfoPS     EnfoRelax   Check    ResProp    SB-Prop
  benderslp        :       0.00       0.00       0.00       0.00       0.00       0.00       0.00       0.00       0.00       0.00
  integral         :       0.00       0.00       0.00       0.00       0.00       0.00       0.00       0.00       0.00       0.00
  varbound         :       0.16       0.00       0.00       0.16       0.00       0.00       0.00       0.00       0.00       0.00
  setppc           :       0.01       0.00       0.00       0.01       0.00       0.00       0.00       0.00       0.00       0.00
  linear           :       0.81       0.00       0.01       0.80       0.00       0.00       0.00       0.00       0.00       0.00
  logicor          :       0.00       0.00       0.00       0.00       0.00       0.00       0.00       0.00       0.00       0.00
  benders          :       0.00       0.00       0.00       0.00       0.00       0.00       0.00       0.00       0.00       0.00
  countsols        :       0.00       0.00       0.00       0.00       0.00       0.00       0.00       0.00       0.00       0.00
  components       :       0.00       0.00       0.00       0.00       0.00       0.00       0.00       0.00       0.00       0.00
Propagators        : #Propagate   #ResProp    Cutoffs    DomReds
  dualfix          :          1          0          0          0
  genvbounds       :          0          0          0          0
  nlobbt           :          0          0          0          0
  obbt             :          0          0          0          0
  probing          :          0          0          0          0
  pseudoobj        :          9          0          0          0
  redcost          :          8          0          0          0
  rootredcost      :          0          0          0          0
  symmetry         :          0          0          0          0
  vbounds          :        409          0          0          0
Propagator Timings :  TotalTime  SetupTime   Presolve  Propagate    ResProp    SB-Prop
  dualfix          :       0.01       0.00       0.01       0.00       0.00       0.00
  genvbounds       :       0.00       0.00       0.00       0.00       0.00       0.00
  nlobbt           :       0.00       0.00       0.00       0.00       0.00       0.00
  obbt             :       0.00       0.00       0.00       0.00       0.00       0.00
  probing          :       2.74       0.00       2.74       0.00       0.00       0.00
  pseudoobj        :       0.00       0.00       0.00       0.00       0.00       0.00
  redcost          :       0.00       0.00       0.00       0.00       0.00       0.00
  rootredcost      :       0.00       0.00       0.00       0.00       0.00       0.00
  symmetry         :       0.01       0.00       0.01       0.00       0.00       0.00
  vbounds          :       0.04       0.00       0.00       0.04       0.00       0.00
Conflict Analysis  :       Time      Calls    Success    DomReds  Conflicts   Literals    Reconvs ReconvLits   Dualrays   Nonzeros   LP Iters   (pool size: [10000,10000])
  propagation      :       0.00          0          0          -          0        0.0          0        0.0          -          -          -
  infeasible LP    :       0.00          0          0          -          0        0.0          0        0.0          0        0.0          0
  bound exceed. LP :       0.00          0          0          -          0        0.0          0        0.0          0        0.0          0
  strong branching :       0.00          0          0          -          0        0.0          0        0.0          -          -          0
  pseudo solution  :       0.00          0          0          -          0        0.0          0        0.0          -          -          -
  applied globally :       0.00          -          -          0          0        0.0          -          -          0          -          -
  applied locally  :          -          -          -          0          0        0.0          -          -          0          -          -
Separators         :   ExecTime  SetupTime      Calls    Cutoffs    DomReds       Cuts    Applied      Conss
  cut pool         :       0.00                    13          -          -         21          -          -    (maximal pool size: 50)
  aggregation      :       0.06       0.00          7          0          0         42         14          0
  > cmir           :          -          -          -          -          -          -         14          -
  > flowcover      :          -          -          -          -          -          -          0          -
  > knapsackcover  :          -          -          -          -          -          -          0          -
  cgmip            :       0.00       0.00          0          0          0          0          0          0
  clique           :       0.00       0.00          7          0          0          0          0          0
  closecuts        :       0.00       0.00          0          0          0          0          0          0
  convexproj       :       0.00       0.00          0          0          0          0          0          0
  disjunctive      :       0.00       0.00          0          0          0          0          0          0
  eccuts           :       0.00       0.00          0          0          0          0          0          0
  gauge            :       0.00       0.00          0          0          0          0          0          0
  gomory           :       0.00       0.00          7          0          0          8          0          0
  > gomorymi       :          -          -          -          -          -          -          0          -
  > strongcg       :          -          -          -          -          -          -          0          -
  impliedbounds    :       0.00       0.00          7          0          0          0          0          0
  interminor       :       0.00       0.00          0          0          0          0          0          0
  intobj           :       0.00       0.00          0          0          0          0          0          0
  mcf              :       0.01       0.00          1          0          0          0          0          0
  minor            :       0.00       0.00          0          0          0          0          0          0
  mixing           :       0.00       0.00          7          0          0          0          0          0
  oddcycle         :       0.00       0.00          0          0          0          0          0          0
  rapidlearning    :       0.00       0.00          0          0          0          0          0          0
  rlt              :       0.00       0.00          7          0          0          0          0          0
  zerohalf         :       0.00       0.00          7          0          0          0          0          0
Cutselectors       :   ExecTime  SetupTime
  hybrid           :       0.00       0.00
Pricers            :   ExecTime  SetupTime      Calls       Vars
  problem variables:       0.00          -          0          0
Branching Rules    :   ExecTime  SetupTime   BranchLP  BranchExt   BranchPS    Cutoffs    DomReds       Cuts      Conss   Children
  allfullstrong    :       0.00       0.00          0          0          0          0          0          0          0          0
  cloud            :       0.00       0.00          0          0          0          0          0          0          0          0
  distribution     :       0.00       0.00          0          0          0          0          0          0          0          0
  fullstrong       :       0.00       0.00          0          0          0          0          0          0          0          0
  inference        :       0.00       0.00          0          0          0          0          0          0          0          0
  leastinf         :       0.00       0.00          0          0          0          0          0          0          0          0
  lookahead        :       0.00       0.00          0          0          0          0          0          0          0          0
  mostinf          :       0.00       0.00          0          0          0          0          0          0          0          0
  multaggr         :       0.00       0.00          0          0          0          0          0          0          0          0
  nodereopt        :       0.00       0.00          0          0          0          0          0          0          0          0
  pscost           :       0.00       0.00          0          0          0          0          0          0          0          0
  random           :       0.00       0.00          0          0          0          0          0          0          0          0
  relpscost        :       0.00       0.00          0          0          0          0          0          0          0          0
  vanillafullstrong:       0.00       0.00          0          0          0          0          0          0          0          0
Primal Heuristics  :   ExecTime  SetupTime      Calls      Found       Best
  LP solutions     :       0.00          -          -          0          0
  relax solutions  :       0.00          -          -          0          0
  pseudo solutions :       0.00          -          -          0          0
  strong branching :       0.00          -          -          0          0
  actconsdiving    :       0.00       0.00          0          0          0
  adaptivediving   :       0.00       0.00          0          0          0
  alns             :       0.00       0.00          0          0          0
  bound            :       0.00       0.00          0          0          0
  clique           :       0.01       0.00          1          0          0
  coefdiving       :       0.00       0.00          0          0          0
  completesol      :       0.00       0.00          0          0          0
  conflictdiving   :       0.00       0.00          0          0          0
  crossover        :       0.00       0.00          0          0          0
  dins             :       0.00       0.00          0          0          0
  distributiondivin:       0.00       0.00          0          0          0
  dps              :       0.00       0.00          0          0          0
  dualval          :       0.00       0.00          0          0          0
  farkasdiving     :       0.00       0.00          0          0          0
  feaspump         :       0.01       0.00          1          1          1
  fixandinfer      :       0.00       0.00          0          0          0
  fracdiving       :       0.00       0.00          0          0          0
  gins             :       0.00       0.00          0          0          0
  guideddiving     :       0.00       0.00          0          0          0
  indicator        :       0.00       0.00          0          0          0
  intdiving        :       0.00       0.00          0          0          0
  intshifting      :       0.00       0.00          0          0          0
  linesearchdiving :       0.00       0.00          0          0          0
  localbranching   :       0.00       0.00          0          0          0
  locks            :       0.04       0.00          1          0          0
  lpface           :       0.00       0.00          0          0          0
  mpec             :       0.00       0.00          0          0          0
  multistart       :       0.00       0.00          0          0          0
  mutation         :       0.00       0.00          0          0          0
  nlpdiving        :       0.00       0.00          0          0          0
  objpscostdiving  :       0.00       0.00          0          0          0
  octane           :       0.00       0.00          0          0          0
  ofins            :       0.00       0.00          0          0          0
  oneopt           :       0.00       0.00          1          0          0
  padm             :       0.00       0.00          0          0          0
  proximity        :       0.00       0.00          0          0          0
  pscostdiving     :       0.00       0.00          0          0          0
  randrounding     :       0.01       0.00          8          1          1
  rens             :       0.00       0.00          0          0          0
  reoptsols        :       0.00       0.00          0          0          0
  repair           :       0.00       0.00          0          0          0
  rins             :       0.00       0.00          0          0          0
  rootsoldiving    :       0.00       0.00          0          0          0
  rounding         :       0.00       0.00          7          0          0
  shiftandpropagate:       0.01       0.00          1          0          0
  shifting         :       0.01       0.00          7          0          0
  simplerounding   :       0.00       0.00          0          0          0
  subnlp           :       0.00       0.00          0          0          0
  trivial          :       0.01       0.00          2          0          0
  trivialnegation  :       0.00       0.00          0          0          0
  trustregion      :       0.00       0.00          0          0          0
  trysol           :       0.00       0.00          0          0          0
  twoopt           :       0.00       0.00          0          0          0
  undercover       :       0.00       0.00          0          0          0
  vbounds          :       0.00       0.00          0          0          0
  veclendiving     :       0.00       0.00          0          0          0
  zeroobj          :       0.00       0.00          0          0          0
  zirounding       :       0.00       0.00          0          0          0
  other solutions  :          -          -          -          0          -
Diving (single)    :      Calls      Nodes   LP Iters Backtracks  Conflicts   MinDepth   MaxDepth   AvgDepth  RoundSols  NLeafSols  MinSolDpt  MaxSolDpt  AvgSolDpt
  actconsdiving    :          0          -          -          -          -          -          -          -          -          -          -          -          -
  coefdiving       :          0          -          -          -          -          -          -          -          -          -          -          -          -
  conflictdiving   :          0          -          -          -          -          -          -          -          -          -          -          -          -
  distributiondivin:          0          -          -          -          -          -          -          -          -          -          -          -          -
  farkasdiving     :          0          -          -          -          -          -          -          -          -          -          -          -          -
  fracdiving       :          0          -          -          -          -          -          -          -          -          -          -          -          -
  guideddiving     :          0          -          -          -          -          -          -          -          -          -          -          -          -
  linesearchdiving :          0          -          -          -          -          -          -          -          -          -          -          -          -
  pscostdiving     :          0          -          -          -          -          -          -          -          -          -          -          -          -
  veclendiving     :          0          -          -          -          -          -          -          -          -          -          -          -          -
Diving (adaptive)  :      Calls      Nodes   LP Iters Backtracks  Conflicts   MinDepth   MaxDepth   AvgDepth  RoundSols  NLeafSols  MinSolDpt  MaxSolDpt  AvgSolDpt
  actconsdiving    :          0          -          -          -          -          -          -          -          -          -          -          -          -
  coefdiving       :          0          -          -          -          -          -          -          -          -          -          -          -          -
  conflictdiving   :          0          -          -          -          -          -          -          -          -          -          -          -          -
  distributiondivin:          0          -          -          -          -          -          -          -          -          -          -          -          -
  farkasdiving     :          0          -          -          -          -          -          -          -          -          -          -          -          -
  fracdiving       :          0          -          -          -          -          -          -          -          -          -          -          -          -
  guideddiving     :          0          -          -          -          -          -          -          -          -          -          -          -          -
  linesearchdiving :          0          -          -          -          -          -          -          -          -          -          -          -          -
  pscostdiving     :          0          -          -          -          -          -          -          -          -          -          -          -          -
  veclendiving     :          0          -          -          -          -          -          -          -          -          -          -          -          -
Neighborhoods      :      Calls  SetupTime  SolveTime SolveNodes       Sols       Best       Exp3  EpsGreedy        UCB TgtFixRate  Opt  Inf Node Stal  Sol  Usr Othr Actv
  rens             :          0       0.00       0.00          0          0          0    0.00000   -1.00000    1.00000      0.900    0    0    0    0    0    0    0    1
  rins             :          0       0.00       0.00          0          0          0    0.00000   -1.00000    1.00000      0.900    0    0    0    0    0    0    0    1
  mutation         :          0       0.00       0.00          0          0          0    0.00000   -1.00000    1.00000      0.900    0    0    0    0    0    0    0    1
  localbranching   :          0       0.00       0.00          0          0          0    0.00000   -1.00000    1.00000      0.900    0    0    0    0    0    0    0    1
  crossover        :          0       0.00       0.00          0          0          0    0.00000   -1.00000    1.00000      0.900    0    0    0    0    0    0    0    1
  proximity        :          0       0.00       0.00          0          0          0    0.00000   -1.00000    1.00000      0.900    0    0    0    0    0    0    0    1
  zeroobjective    :          0       0.00       0.00          0          0          0    0.00000   -1.00000    1.00000      0.900    0    0    0    0    0    0    0    1
  dins             :          0       0.00       0.00          0          0          0    0.00000   -1.00000    1.00000      0.900    0    0    0    0    0    0    0    1
  trustregion      :          0       0.00       0.00          0          0          0    0.00000   -1.00000    1.00000      0.900    0    0    0    0    0    0    0    0
LP                 :       Time      Calls Iterations  Iter/call   Iter/sec  Time-0-It Calls-0-It    ItLimit
  primal LP        :       0.00          0          0       0.00          -       0.00          0
  dual LP          :       0.01          8        170      21.25   14453.32       0.00          0
  lex dual LP      :       0.00          0          0       0.00          -
  barrier LP       :       0.00          0          0       0.00          -       0.00          0
  resolve instable :       0.00          0          0       0.00          -
  diving/probing LP:       0.01          4        620     155.00          -
  strong branching :       0.00          0          0       0.00          -          -          -          0
    (at root node) :          -          0          0       0.00          -
  conflict analysis:       0.00          0          0       0.00          -
B&B Tree           :
  number of runs   :          1
  nodes            :          1 (0 internal, 1 leaves)
  feasible leaves  :          0
  infeas. leaves   :          0
  objective leaves :          1
  nodes (total)    :          1 (0 internal, 1 leaves)
  nodes left       :          0
  max depth        :          0
  max depth (total):          0
  backtracks       :          0 (0.0%)
  early backtracks :          0 (0.0%)
  nodes exc. ref.  :          0 (0.0%)
  delayed cutoffs  :          0
  repropagations   :          0 (0 domain reductions, 0 cutoffs)
  avg switch length:       2.00
  switching time   :       0.00
Estim. Tree Size   :          1
Estimation Tree    : 1 nodes (1 visited, 0 internal, 1 leaves, 0 open), weight: 1.0000 completed 1.0000
Estimations        :      estim      value      trend resolution     smooth
  wbe              :          1          -          -          -          -
  tree-profile     :         -1          -          -          -          -
  gap              :          1    1.00000    1.00000          1          1
  tree-weight      :          1    1.00000    1.00000          1          1
  leaf-frequency   :          1    0.50000    1.00000          1          1
  ssg              :          1    0.00000   -1.00000          1          1
  open-nodes       :          1    0.00000    0.00000          1          1
Root Node          :
  First LP value   : -2.23600431457986e+00
  First LP Iters   :        156 (23318.39 Iter/sec)
  First LP Time    :       0.01
  Final Dual Bound : -2.23600431457986e+00
  Final Root Iters :        725
  Root LP Estimate :                     -
Solution           :
  Solutions found  :          2 (2 improvements)
  First Solution   : -2.22657952069717e+00   (in run 1, after 1 nodes, 4.57 seconds, depth 0, found by <feaspump>)
  Gap First Sol.   :       0.42 %
  Gap Last Sol.    :       0.00 %
  Primal Bound     : -2.23600431457986e+00   (in run 1, after 1 nodes, 4.71 seconds, depth 5, found by <randrounding>)
  Dual Bound       : -2.23600431457986e+00
  Gap              :       0.00 %
Integrals          :      Total       Avg%
  primal-dual      :     457.14      97.05
  primal-ref       :          -          - (not evaluated)
  dual-ref         :          -          - (not evaluated)
