SCIP version 8.0.0 [precision: 8 byte] [memory: block] [mode: optimized] [LP solver: SoPlex 6.0.0] [GitHash: a740f0891e]
Copyright (C) 2002-2021 Konrad-Zuse-Zentrum fuer Informationstechnik Berlin (ZIB)

External libraries: 
  SoPlex 6.0.0         Linear Programming Solver developed at Zuse Institute Berlin (soplex.zib.de) [GitHash: 71a5873d]
  CppAD 20180000.0     Algorithmic Differentiation of C++ algorithms developed by B. Bell (github.com/coin-or/CppAD)
  ZLIB 1.2.11          General purpose compression library by J. Gailly and M. Adler (zlib.net)
  GMP 6.2.1            GNU Multiple Precision Arithmetic Library developed by T. Granlund (gmplib.org)
  ZIMPL 3.5.1          Zuse Institute Mathematical Programming Language developed by T. Koch (zimpl.zib.de)
  AMPL/MP 4e2d45c4     AMPL .nl file reader library (github.com/ampl/mp)
  PaPILO 2.0.0         parallel presolve for integer and linear optimization (github.com/scipopt/papilo) [GitHash: 76cafc1]
  bliss 0.73p          Computing Graph Automorphism Groups by T. Junttila and P. Kaski (www.tcs.hut.fi/Software/bliss/)
  Ipopt 3.13.2         Interior Point Optimizer developed by A. Waechter et.al. (github.com/coin-or/Ipopt)

user parameter file <scip.set> not found - using default parameters

read problem <../modeles/5_494.lp>
============

original problem has 4950 variables (2470 bin, 0 int, 0 impl, 2480 cont) and 2491 constraints

solve problem
=============

presolving:
(round 1, fast)       5 del vars, 0 del conss, 0 add conss, 5260 chg bounds, 0 chg sides, 0 chg coeffs, 0 upgd conss, 0 impls, 5 clqs
(round 2, fast)       5 del vars, 0 del conss, 0 add conss, 5260 chg bounds, 0 chg sides, 2470 chg coeffs, 0 upgd conss, 0 impls, 5 clqs
   (0.0s) running MILP presolver
   (0.1s) MILP presolver (2 rounds): 0 aggregations, 0 fixings, 30 bound changes
(round 3, exhaustive) 5 del vars, 0 del conss, 0 add conss, 5290 chg bounds, 0 chg sides, 2470 chg coeffs, 15 upgd conss, 0 impls, 5 clqs
(round 4, exhaustive) 30 del vars, 0 del conss, 0 add conss, 5290 chg bounds, 0 chg sides, 2470 chg coeffs, 15 upgd conss, 15786 impls, 5 clqs
(round 5, exhaustive) 30 del vars, 0 del conss, 0 add conss, 5290 chg bounds, 0 chg sides, 2470 chg coeffs, 65 upgd conss, 15786 impls, 5 clqs
(round 6, exhaustive) 55 del vars, 0 del conss, 0 add conss, 5290 chg bounds, 0 chg sides, 2470 chg coeffs, 65 upgd conss, 24214 impls, 5 clqs
(round 7, exhaustive) 55 del vars, 1 del conss, 0 add conss, 5290 chg bounds, 0 chg sides, 2470 chg coeffs, 108 upgd conss, 24214 impls, 5 clqs
(round 8, exhaustive) 80 del vars, 1 del conss, 0 add conss, 5290 chg bounds, 0 chg sides, 2470 chg coeffs, 108 upgd conss, 39527 impls, 5 clqs
(round 9, exhaustive) 80 del vars, 2 del conss, 0 add conss, 5290 chg bounds, 0 chg sides, 2470 chg coeffs, 155 upgd conss, 39527 impls, 5 clqs
(round 10, exhaustive) 105 del vars, 2 del conss, 0 add conss, 5290 chg bounds, 0 chg sides, 2470 chg coeffs, 155 upgd conss, 52362 impls, 5 clqs
(round 11, fast)       105 del vars, 4 del conss, 0 add conss, 5290 chg bounds, 0 chg sides, 2470 chg coeffs, 155 upgd conss, 52362 impls, 5 clqs
(round 12, exhaustive) 105 del vars, 4 del conss, 0 add conss, 5290 chg bounds, 0 chg sides, 2470 chg coeffs, 199 upgd conss, 52362 impls, 5 clqs
(round 13, exhaustive) 130 del vars, 4 del conss, 0 add conss, 5290 chg bounds, 0 chg sides, 2470 chg coeffs, 199 upgd conss, 63713 impls, 5 clqs
(round 14, fast)       130 del vars, 8 del conss, 0 add conss, 5290 chg bounds, 0 chg sides, 2470 chg coeffs, 199 upgd conss, 63713 impls, 5 clqs
(round 15, exhaustive) 130 del vars, 8 del conss, 0 add conss, 5290 chg bounds, 0 chg sides, 2470 chg coeffs, 237 upgd conss, 63713 impls, 5 clqs
(round 16, exhaustive) 155 del vars, 8 del conss, 0 add conss, 5290 chg bounds, 0 chg sides, 2470 chg coeffs, 237 upgd conss, 75038 impls, 5 clqs
(round 17, fast)       155 del vars, 14 del conss, 0 add conss, 5290 chg bounds, 0 chg sides, 2470 chg coeffs, 237 upgd conss, 75038 impls, 5 clqs
(round 18, exhaustive) 155 del vars, 14 del conss, 0 add conss, 5290 chg bounds, 0 chg sides, 2470 chg coeffs, 269 upgd conss, 75038 impls, 5 clqs
(round 19, exhaustive) 180 del vars, 14 del conss, 0 add conss, 5290 chg bounds, 0 chg sides, 2470 chg coeffs, 269 upgd conss, 89749 impls, 5 clqs
(round 20, fast)       180 del vars, 20 del conss, 0 add conss, 5290 chg bounds, 0 chg sides, 2470 chg coeffs, 269 upgd conss, 89749 impls, 5 clqs
(round 21, exhaustive) 180 del vars, 20 del conss, 0 add conss, 5290 chg bounds, 0 chg sides, 2470 chg coeffs, 301 upgd conss, 89749 impls, 5 clqs
(round 22, exhaustive) 205 del vars, 20 del conss, 0 add conss, 5290 chg bounds, 0 chg sides, 2470 chg coeffs, 301 upgd conss, 103459 impls, 5 clqs
(round 23, fast)       205 del vars, 26 del conss, 0 add conss, 5290 chg bounds, 0 chg sides, 2470 chg coeffs, 301 upgd conss, 103459 impls, 5 clqs
(round 24, exhaustive) 205 del vars, 26 del conss, 0 add conss, 5290 chg bounds, 0 chg sides, 2470 chg coeffs, 333 upgd conss, 103459 impls, 5 clqs
(round 25, exhaustive) 230 del vars, 26 del conss, 0 add conss, 5290 chg bounds, 0 chg sides, 2470 chg coeffs, 333 upgd conss, 109329 impls, 5 clqs
(round 26, fast)       230 del vars, 35 del conss, 0 add conss, 5290 chg bounds, 0 chg sides, 2470 chg coeffs, 333 upgd conss, 109329 impls, 5 clqs
(round 27, exhaustive) 230 del vars, 35 del conss, 0 add conss, 5290 chg bounds, 0 chg sides, 2470 chg coeffs, 355 upgd conss, 109329 impls, 5 clqs
(round 28, exhaustive) 256 del vars, 35 del conss, 0 add conss, 5290 chg bounds, 0 chg sides, 2470 chg coeffs, 355 upgd conss, 123919 impls, 5 clqs
(round 29, fast)       256 del vars, 39 del conss, 0 add conss, 5290 chg bounds, 0 chg sides, 2470 chg coeffs, 355 upgd conss, 123919 impls, 5 clqs
(round 30, exhaustive) 256 del vars, 39 del conss, 0 add conss, 5290 chg bounds, 0 chg sides, 2470 chg coeffs, 395 upgd conss, 123919 impls, 5 clqs
(round 31, exhaustive) 281 del vars, 39 del conss, 0 add conss, 5290 chg bounds, 0 chg sides, 2470 chg coeffs, 395 upgd conss, 130257 impls, 5 clqs
(round 32, fast)       282 del vars, 47 del conss, 0 add conss, 5291 chg bounds, 0 chg sides, 2470 chg coeffs, 395 upgd conss, 130257 impls, 5 clqs
(round 33, exhaustive) 282 del vars, 47 del conss, 0 add conss, 5291 chg bounds, 0 chg sides, 2470 chg coeffs, 423 upgd conss, 130257 impls, 5 clqs
(round 34, exhaustive) 307 del vars, 47 del conss, 0 add conss, 5291 chg bounds, 0 chg sides, 2470 chg coeffs, 423 upgd conss, 140407 impls, 5 clqs
(round 35, fast)       307 del vars, 51 del conss, 0 add conss, 5291 chg bounds, 0 chg sides, 2470 chg coeffs, 423 upgd conss, 140407 impls, 5 clqs
(round 36, exhaustive) 307 del vars, 51 del conss, 0 add conss, 5291 chg bounds, 0 chg sides, 2470 chg coeffs, 461 upgd conss, 140407 impls, 5 clqs
(round 37, exhaustive) 332 del vars, 51 del conss, 0 add conss, 5291 chg bounds, 0 chg sides, 2470 chg coeffs, 461 upgd conss, 158282 impls, 5 clqs
(round 38, fast)       333 del vars, 56 del conss, 0 add conss, 5292 chg bounds, 0 chg sides, 2470 chg coeffs, 461 upgd conss, 158282 impls, 5 clqs
(round 39, exhaustive) 333 del vars, 56 del conss, 0 add conss, 5292 chg bounds, 0 chg sides, 2470 chg coeffs, 498 upgd conss, 158282 impls, 5 clqs
(round 40, exhaustive) 359 del vars, 56 del conss, 0 add conss, 5292 chg bounds, 0 chg sides, 2470 chg coeffs, 498 upgd conss, 168416 impls, 5 clqs
(round 41, fast)       359 del vars, 65 del conss, 0 add conss, 5292 chg bounds, 0 chg sides, 2470 chg coeffs, 498 upgd conss, 168416 impls, 5 clqs
(round 42, exhaustive) 359 del vars, 65 del conss, 0 add conss, 5292 chg bounds, 0 chg sides, 2470 chg coeffs, 523 upgd conss, 168416 impls, 5 clqs
(round 43, exhaustive) 384 del vars, 65 del conss, 0 add conss, 5292 chg bounds, 0 chg sides, 2470 chg coeffs, 523 upgd conss, 172737 impls, 5 clqs
(round 44, fast)       386 del vars, 76 del conss, 0 add conss, 5294 chg bounds, 0 chg sides, 2470 chg coeffs, 523 upgd conss, 172737 impls, 5 clqs
(round 45, exhaustive) 386 del vars, 76 del conss, 0 add conss, 5294 chg bounds, 0 chg sides, 2470 chg coeffs, 544 upgd conss, 172737 impls, 5 clqs
(round 46, exhaustive) 411 del vars, 76 del conss, 0 add conss, 5294 chg bounds, 0 chg sides, 2470 chg coeffs, 544 upgd conss, 178015 impls, 5 clqs
(round 47, fast)       411 del vars, 85 del conss, 0 add conss, 5294 chg bounds, 0 chg sides, 2470 chg coeffs, 544 upgd conss, 178015 impls, 5 clqs
(round 48, exhaustive) 411 del vars, 85 del conss, 0 add conss, 5294 chg bounds, 0 chg sides, 2470 chg coeffs, 567 upgd conss, 178015 impls, 5 clqs
(round 49, exhaustive) 436 del vars, 85 del conss, 0 add conss, 5294 chg bounds, 0 chg sides, 2470 chg coeffs, 567 upgd conss, 186137 impls, 5 clqs
(round 50, fast)       437 del vars, 92 del conss, 0 add conss, 5295 chg bounds, 0 chg sides, 2470 chg coeffs, 567 upgd conss, 186137 impls, 5 clqs
(round 51, exhaustive) 437 del vars, 92 del conss, 0 add conss, 5295 chg bounds, 0 chg sides, 2470 chg coeffs, 594 upgd conss, 186137 impls, 5 clqs
(round 52, exhaustive) 462 del vars, 92 del conss, 0 add conss, 5295 chg bounds, 0 chg sides, 2470 chg coeffs, 594 upgd conss, 194211 impls, 5 clqs
(round 53, fast)       464 del vars, 102 del conss, 0 add conss, 5297 chg bounds, 0 chg sides, 2470 chg coeffs, 594 upgd conss, 194211 impls, 5 clqs
(round 54, exhaustive) 464 del vars, 102 del conss, 0 add conss, 5297 chg bounds, 0 chg sides, 2470 chg coeffs, 618 upgd conss, 194211 impls, 5 clqs
(round 55, exhaustive) 489 del vars, 102 del conss, 0 add conss, 5297 chg bounds, 0 chg sides, 2470 chg coeffs, 618 upgd conss, 197060 impls, 5 clqs
(round 56, fast)       489 del vars, 110 del conss, 0 add conss, 5297 chg bounds, 0 chg sides, 2470 chg coeffs, 618 upgd conss, 197060 impls, 5 clqs
(round 57, exhaustive) 489 del vars, 110 del conss, 0 add conss, 5297 chg bounds, 0 chg sides, 2470 chg coeffs, 644 upgd conss, 197060 impls, 5 clqs
(round 58, exhaustive) 514 del vars, 110 del conss, 0 add conss, 5297 chg bounds, 0 chg sides, 2470 chg coeffs, 644 upgd conss, 202743 impls, 5 clqs
(round 59, fast)       514 del vars, 119 del conss, 0 add conss, 5297 chg bounds, 0 chg sides, 2470 chg coeffs, 644 upgd conss, 202743 impls, 5 clqs
(round 60, exhaustive) 514 del vars, 119 del conss, 0 add conss, 5297 chg bounds, 0 chg sides, 2470 chg coeffs, 667 upgd conss, 202743 impls, 5 clqs
(round 61, exhaustive) 539 del vars, 119 del conss, 0 add conss, 5297 chg bounds, 0 chg sides, 2470 chg coeffs, 667 upgd conss, 214414 impls, 5 clqs
(round 62, fast)       541 del vars, 132 del conss, 0 add conss, 5299 chg bounds, 0 chg sides, 2470 chg coeffs, 667 upgd conss, 214414 impls, 5 clqs
(round 63, exhaustive) 541 del vars, 132 del conss, 0 add conss, 5299 chg bounds, 0 chg sides, 2470 chg coeffs, 682 upgd conss, 214414 impls, 5 clqs
(round 64, exhaustive) 566 del vars, 132 del conss, 0 add conss, 5299 chg bounds, 0 chg sides, 2470 chg coeffs, 682 upgd conss, 218119 impls, 5 clqs
(round 65, fast)       571 del vars, 144 del conss, 0 add conss, 5304 chg bounds, 0 chg sides, 2470 chg coeffs, 682 upgd conss, 218119 impls, 5 clqs
(round 66, exhaustive) 571 del vars, 144 del conss, 0 add conss, 5304 chg bounds, 0 chg sides, 2470 chg coeffs, 701 upgd conss, 218119 impls, 5 clqs
(round 67, exhaustive) 598 del vars, 144 del conss, 0 add conss, 5304 chg bounds, 0 chg sides, 2470 chg coeffs, 701 upgd conss, 221855 impls, 5 clqs
(round 68, fast)       598 del vars, 156 del conss, 0 add conss, 5304 chg bounds, 0 chg sides, 2470 chg coeffs, 701 upgd conss, 221855 impls, 5 clqs
(round 69, exhaustive) 598 del vars, 156 del conss, 0 add conss, 5304 chg bounds, 0 chg sides, 2470 chg coeffs, 719 upgd conss, 221855 impls, 5 clqs
(round 70, exhaustive) 623 del vars, 156 del conss, 0 add conss, 5304 chg bounds, 0 chg sides, 2470 chg coeffs, 719 upgd conss, 231998 impls, 5 clqs
(round 71, fast)       625 del vars, 168 del conss, 0 add conss, 5306 chg bounds, 0 chg sides, 2470 chg coeffs, 719 upgd conss, 231998 impls, 5 clqs
(round 72, exhaustive) 625 del vars, 168 del conss, 0 add conss, 5306 chg bounds, 0 chg sides, 2470 chg coeffs, 736 upgd conss, 231998 impls, 5 clqs
(round 73, exhaustive) 650 del vars, 168 del conss, 0 add conss, 5306 chg bounds, 0 chg sides, 2470 chg coeffs, 736 upgd conss, 234308 impls, 5 clqs
(round 74, fast)       650 del vars, 182 del conss, 0 add conss, 5306 chg bounds, 0 chg sides, 2470 chg coeffs, 736 upgd conss, 234308 impls, 5 clqs
(round 75, exhaustive) 650 del vars, 182 del conss, 0 add conss, 5306 chg bounds, 0 chg sides, 2470 chg coeffs, 744 upgd conss, 234308 impls, 5 clqs
(round 76, exhaustive) 675 del vars, 182 del conss, 0 add conss, 5306 chg bounds, 0 chg sides, 2470 chg coeffs, 744 upgd conss, 242081 impls, 5 clqs
(round 77, fast)       677 del vars, 194 del conss, 0 add conss, 5308 chg bounds, 0 chg sides, 2470 chg coeffs, 744 upgd conss, 242081 impls, 5 clqs
(round 78, exhaustive) 677 del vars, 194 del conss, 0 add conss, 5308 chg bounds, 0 chg sides, 2470 chg coeffs, 761 upgd conss, 242081 impls, 5 clqs
   (2.3s) probing: 1000/2470 (40.5%) - 669 fixings, 0 aggregations, 247213 implications, 0 bound changes
(round 79, exhaustive) 702 del vars, 194 del conss, 0 add conss, 5308 chg bounds, 0 chg sides, 2470 chg coeffs, 761 upgd conss, 252967 impls, 5 clqs
(round 80, fast)       703 del vars, 204 del conss, 0 add conss, 5309 chg bounds, 0 chg sides, 2470 chg coeffs, 761 upgd conss, 252967 impls, 5 clqs
(round 81, exhaustive) 703 del vars, 204 del conss, 0 add conss, 5309 chg bounds, 0 chg sides, 2470 chg coeffs, 783 upgd conss, 252967 impls, 5 clqs
(round 82, exhaustive) 731 del vars, 204 del conss, 0 add conss, 5309 chg bounds, 0 chg sides, 2470 chg coeffs, 783 upgd conss, 265177 impls, 5 clqs
(round 83, fast)       731 del vars, 218 del conss, 0 add conss, 5309 chg bounds, 0 chg sides, 2470 chg coeffs, 783 upgd conss, 265177 impls, 5 clqs
(round 84, exhaustive) 731 del vars, 218 del conss, 0 add conss, 5309 chg bounds, 0 chg sides, 2470 chg coeffs, 797 upgd conss, 265177 impls, 5 clqs
(round 85, exhaustive) 756 del vars, 218 del conss, 0 add conss, 5309 chg bounds, 0 chg sides, 2470 chg coeffs, 797 upgd conss, 275113 impls, 5 clqs
(round 86, fast)       756 del vars, 228 del conss, 0 add conss, 5309 chg bounds, 0 chg sides, 2470 chg coeffs, 797 upgd conss, 275113 impls, 5 clqs
   (2.5s) running MILP presolver
   (2.6s) MILP presolver (15 rounds): 0 aggregations, 101 fixings, 0 bound changes
(round 87, medium)     857 del vars, 263 del conss, 0 add conss, 5309 chg bounds, 0 chg sides, 2470 chg coeffs, 797 upgd conss, 275113 impls, 5 clqs
(round 88, fast)       857 del vars, 278 del conss, 0 add conss, 5309 chg bounds, 0 chg sides, 2470 chg coeffs, 797 upgd conss, 275113 impls, 5 clqs
(round 89, exhaustive) 857 del vars, 278 del conss, 0 add conss, 5309 chg bounds, 0 chg sides, 2470 chg coeffs, 854 upgd conss, 275113 impls, 5 clqs
(round 90, exhaustive) 882 del vars, 278 del conss, 0 add conss, 5309 chg bounds, 0 chg sides, 2470 chg coeffs, 854 upgd conss, 283895 impls, 5 clqs
(round 91, fast)       884 del vars, 289 del conss, 0 add conss, 5311 chg bounds, 0 chg sides, 2470 chg coeffs, 854 upgd conss, 283895 impls, 5 clqs
(round 92, exhaustive) 884 del vars, 289 del conss, 0 add conss, 5311 chg bounds, 0 chg sides, 2470 chg coeffs, 875 upgd conss, 283895 impls, 5 clqs
(round 93, exhaustive) 909 del vars, 289 del conss, 0 add conss, 5311 chg bounds, 0 chg sides, 2470 chg coeffs, 875 upgd conss, 291261 impls, 5 clqs
(round 94, fast)       912 del vars, 303 del conss, 0 add conss, 5314 chg bounds, 0 chg sides, 2470 chg coeffs, 875 upgd conss, 291261 impls, 5 clqs
(round 95, exhaustive) 912 del vars, 303 del conss, 0 add conss, 5314 chg bounds, 0 chg sides, 2470 chg coeffs, 889 upgd conss, 291261 impls, 5 clqs
(round 96, exhaustive) 937 del vars, 303 del conss, 0 add conss, 5314 chg bounds, 0 chg sides, 2470 chg coeffs, 889 upgd conss, 300294 impls, 5 clqs
(round 97, fast)       937 del vars, 315 del conss, 0 add conss, 5314 chg bounds, 0 chg sides, 2470 chg coeffs, 889 upgd conss, 300294 impls, 5 clqs
(round 98, exhaustive) 937 del vars, 315 del conss, 0 add conss, 5314 chg bounds, 0 chg sides, 2470 chg coeffs, 903 upgd conss, 300294 impls, 5 clqs
(round 99, exhaustive) 962 del vars, 315 del conss, 0 add conss, 5314 chg bounds, 0 chg sides, 2470 chg coeffs, 903 upgd conss, 307155 impls, 5 clqs
(round 100, fast)       962 del vars, 328 del conss, 0 add conss, 5314 chg bounds, 0 chg sides, 2470 chg coeffs, 903 upgd conss, 307155 impls, 5 clqs
(round 101, exhaustive) 962 del vars, 328 del conss, 0 add conss, 5314 chg bounds, 0 chg sides, 2470 chg coeffs, 914 upgd conss, 307155 impls, 5 clqs
(round 102, exhaustive) 990 del vars, 328 del conss, 0 add conss, 5314 chg bounds, 0 chg sides, 2470 chg coeffs, 914 upgd conss, 314412 impls, 5 clqs
(round 103, fast)       990 del vars, 342 del conss, 0 add conss, 5314 chg bounds, 0 chg sides, 2470 chg coeffs, 914 upgd conss, 314412 impls, 5 clqs
(round 104, exhaustive) 990 del vars, 342 del conss, 0 add conss, 5314 chg bounds, 0 chg sides, 2470 chg coeffs, 924 upgd conss, 314412 impls, 5 clqs
(round 105, exhaustive) 1018 del vars, 342 del conss, 0 add conss, 5314 chg bounds, 0 chg sides, 2470 chg coeffs, 924 upgd conss, 318676 impls, 5 clqs
(round 106, fast)       1018 del vars, 357 del conss, 0 add conss, 5314 chg bounds, 0 chg sides, 2470 chg coeffs, 924 upgd conss, 318676 impls, 5 clqs
(round 107, exhaustive) 1018 del vars, 357 del conss, 0 add conss, 5314 chg bounds, 0 chg sides, 2470 chg coeffs, 935 upgd conss, 318676 impls, 5 clqs
(round 108, exhaustive) 1043 del vars, 357 del conss, 0 add conss, 5314 chg bounds, 0 chg sides, 2470 chg coeffs, 935 upgd conss, 324951 impls, 5 clqs
(round 109, fast)       1045 del vars, 371 del conss, 0 add conss, 5316 chg bounds, 0 chg sides, 2470 chg coeffs, 935 upgd conss, 324951 impls, 5 clqs
(round 110, exhaustive) 1045 del vars, 371 del conss, 0 add conss, 5316 chg bounds, 0 chg sides, 2470 chg coeffs, 947 upgd conss, 324951 impls, 5 clqs
(round 111, exhaustive) 1072 del vars, 371 del conss, 0 add conss, 5316 chg bounds, 0 chg sides, 2470 chg coeffs, 947 upgd conss, 330368 impls, 5 clqs
(round 112, fast)       1072 del vars, 384 del conss, 0 add conss, 5316 chg bounds, 0 chg sides, 2470 chg coeffs, 947 upgd conss, 330368 impls, 5 clqs
(round 113, exhaustive) 1072 del vars, 384 del conss, 0 add conss, 5316 chg bounds, 0 chg sides, 2470 chg coeffs, 962 upgd conss, 330368 impls, 5 clqs
(round 114, exhaustive) 1097 del vars, 384 del conss, 0 add conss, 5316 chg bounds, 0 chg sides, 2470 chg coeffs, 962 upgd conss, 336196 impls, 5 clqs
(round 115, fast)       1098 del vars, 396 del conss, 0 add conss, 5317 chg bounds, 0 chg sides, 2470 chg coeffs, 962 upgd conss, 336196 impls, 5 clqs
(round 116, exhaustive) 1098 del vars, 396 del conss, 0 add conss, 5317 chg bounds, 0 chg sides, 2470 chg coeffs, 978 upgd conss, 336196 impls, 5 clqs
(round 117, exhaustive) 1123 del vars, 396 del conss, 0 add conss, 5317 chg bounds, 0 chg sides, 2470 chg coeffs, 978 upgd conss, 341189 impls, 5 clqs
(round 118, fast)       1123 del vars, 410 del conss, 0 add conss, 5317 chg bounds, 0 chg sides, 2470 chg coeffs, 978 upgd conss, 341189 impls, 5 clqs
(round 119, exhaustive) 1123 del vars, 410 del conss, 0 add conss, 5317 chg bounds, 0 chg sides, 2470 chg coeffs, 986 upgd conss, 341189 impls, 5 clqs
(round 120, exhaustive) 1149 del vars, 410 del conss, 0 add conss, 5317 chg bounds, 0 chg sides, 2470 chg coeffs, 986 upgd conss, 345695 impls, 5 clqs
(round 121, fast)       1149 del vars, 424 del conss, 0 add conss, 5317 chg bounds, 0 chg sides, 2470 chg coeffs, 986 upgd conss, 345695 impls, 5 clqs
(round 122, exhaustive) 1149 del vars, 424 del conss, 0 add conss, 5317 chg bounds, 0 chg sides, 2470 chg coeffs, 996 upgd conss, 345695 impls, 5 clqs
(round 123, exhaustive) 1176 del vars, 424 del conss, 0 add conss, 5317 chg bounds, 0 chg sides, 2470 chg coeffs, 996 upgd conss, 350987 impls, 5 clqs
(round 124, fast)       1176 del vars, 438 del conss, 0 add conss, 5317 chg bounds, 0 chg sides, 2470 chg coeffs, 996 upgd conss, 350987 impls, 5 clqs
(round 125, exhaustive) 1176 del vars, 438 del conss, 0 add conss, 5317 chg bounds, 0 chg sides, 2470 chg coeffs, 1008 upgd conss, 350987 impls, 5 clqs
(round 126, exhaustive) 1201 del vars, 438 del conss, 0 add conss, 5317 chg bounds, 0 chg sides, 2470 chg coeffs, 1008 upgd conss, 357831 impls, 5 clqs
(round 127, fast)       1202 del vars, 453 del conss, 0 add conss, 5318 chg bounds, 0 chg sides, 2470 chg coeffs, 1008 upgd conss, 357831 impls, 5 clqs
(round 128, exhaustive) 1202 del vars, 453 del conss, 0 add conss, 5318 chg bounds, 0 chg sides, 2470 chg coeffs, 1015 upgd conss, 357831 impls, 5 clqs
(round 129, exhaustive) 1227 del vars, 453 del conss, 0 add conss, 5318 chg bounds, 0 chg sides, 2470 chg coeffs, 1015 upgd conss, 365459 impls, 5 clqs
(round 130, fast)       1228 del vars, 466 del conss, 0 add conss, 5319 chg bounds, 0 chg sides, 2470 chg coeffs, 1015 upgd conss, 365459 impls, 5 clqs
(round 131, exhaustive) 1228 del vars, 466 del conss, 0 add conss, 5319 chg bounds, 0 chg sides, 2470 chg coeffs, 1027 upgd conss, 365459 impls, 5 clqs
(round 132, exhaustive) 1253 del vars, 466 del conss, 0 add conss, 5319 chg bounds, 0 chg sides, 2470 chg coeffs, 1027 upgd conss, 373795 impls, 5 clqs
(round 133, fast)       1253 del vars, 479 del conss, 0 add conss, 5319 chg bounds, 0 chg sides, 2470 chg coeffs, 1027 upgd conss, 373795 impls, 5 clqs
(round 134, exhaustive) 1253 del vars, 479 del conss, 0 add conss, 5319 chg bounds, 0 chg sides, 2470 chg coeffs, 1038 upgd conss, 373795 impls, 5 clqs
(round 135, exhaustive) 1278 del vars, 479 del conss, 0 add conss, 5319 chg bounds, 0 chg sides, 2470 chg coeffs, 1038 upgd conss, 376137 impls, 5 clqs
(round 136, fast)       1278 del vars, 494 del conss, 0 add conss, 5319 chg bounds, 0 chg sides, 2470 chg coeffs, 1038 upgd conss, 376137 impls, 5 clqs
(round 137, exhaustive) 1278 del vars, 494 del conss, 0 add conss, 5319 chg bounds, 0 chg sides, 2470 chg coeffs, 1043 upgd conss, 376137 impls, 5 clqs
(round 138, exhaustive) 1303 del vars, 494 del conss, 0 add conss, 5319 chg bounds, 0 chg sides, 2470 chg coeffs, 1043 upgd conss, 383211 impls, 5 clqs
(round 139, fast)       1303 del vars, 508 del conss, 0 add conss, 5319 chg bounds, 0 chg sides, 2470 chg coeffs, 1043 upgd conss, 383211 impls, 5 clqs
(round 140, exhaustive) 1303 del vars, 508 del conss, 0 add conss, 5319 chg bounds, 0 chg sides, 2470 chg coeffs, 1047 upgd conss, 383211 impls, 5 clqs
(round 141, exhaustive) 1328 del vars, 508 del conss, 0 add conss, 5319 chg bounds, 0 chg sides, 2470 chg coeffs, 1047 upgd conss, 388621 impls, 5 clqs
(round 142, fast)       1328 del vars, 522 del conss, 0 add conss, 5319 chg bounds, 0 chg sides, 2470 chg coeffs, 1047 upgd conss, 388621 impls, 5 clqs
(round 143, exhaustive) 1328 del vars, 522 del conss, 0 add conss, 5319 chg bounds, 0 chg sides, 2470 chg coeffs, 1055 upgd conss, 388621 impls, 5 clqs
(round 144, exhaustive) 1353 del vars, 522 del conss, 0 add conss, 5319 chg bounds, 0 chg sides, 2470 chg coeffs, 1055 upgd conss, 392526 impls, 5 clqs
(round 145, fast)       1354 del vars, 535 del conss, 0 add conss, 5320 chg bounds, 0 chg sides, 2470 chg coeffs, 1055 upgd conss, 392526 impls, 5 clqs
(round 146, exhaustive) 1354 del vars, 535 del conss, 0 add conss, 5320 chg bounds, 0 chg sides, 2470 chg coeffs, 1068 upgd conss, 392526 impls, 5 clqs
(round 147, exhaustive) 1379 del vars, 535 del conss, 0 add conss, 5320 chg bounds, 0 chg sides, 2470 chg coeffs, 1068 upgd conss, 392920 impls, 5 clqs
(round 148, fast)       1383 del vars, 551 del conss, 0 add conss, 5324 chg bounds, 0 chg sides, 2470 chg coeffs, 1068 upgd conss, 392920 impls, 5 clqs
(round 149, exhaustive) 1383 del vars, 551 del conss, 0 add conss, 5324 chg bounds, 0 chg sides, 2470 chg coeffs, 1078 upgd conss, 392920 impls, 5 clqs
(round 150, exhaustive) 1408 del vars, 551 del conss, 0 add conss, 5324 chg bounds, 0 chg sides, 2470 chg coeffs, 1078 upgd conss, 397154 impls, 5 clqs
(round 151, fast)       1410 del vars, 569 del conss, 0 add conss, 5326 chg bounds, 0 chg sides, 2470 chg coeffs, 1078 upgd conss, 397154 impls, 5 clqs
(round 152, exhaustive) 1435 del vars, 569 del conss, 0 add conss, 5326 chg bounds, 0 chg sides, 2470 chg coeffs, 1078 upgd conss, 401657 impls, 5 clqs
(round 153, fast)       1435 del vars, 583 del conss, 0 add conss, 5326 chg bounds, 0 chg sides, 2470 chg coeffs, 1078 upgd conss, 401657 impls, 5 clqs
(round 154, exhaustive) 1435 del vars, 583 del conss, 0 add conss, 5326 chg bounds, 0 chg sides, 2470 chg coeffs, 1086 upgd conss, 401657 impls, 5 clqs
(round 155, exhaustive) 1462 del vars, 583 del conss, 0 add conss, 5326 chg bounds, 0 chg sides, 2470 chg coeffs, 1086 upgd conss, 405406 impls, 5 clqs
(round 156, fast)       1462 del vars, 600 del conss, 0 add conss, 5326 chg bounds, 0 chg sides, 2470 chg coeffs, 1086 upgd conss, 405406 impls, 5 clqs
(round 157, exhaustive) 1462 del vars, 600 del conss, 0 add conss, 5326 chg bounds, 0 chg sides, 2470 chg coeffs, 1089 upgd conss, 405406 impls, 5 clqs
(round 158, exhaustive) 1491 del vars, 600 del conss, 0 add conss, 5326 chg bounds, 0 chg sides, 2470 chg coeffs, 1089 upgd conss, 410613 impls, 5 clqs
(round 159, fast)       1491 del vars, 617 del conss, 0 add conss, 5326 chg bounds, 0 chg sides, 2470 chg coeffs, 1089 upgd conss, 410613 impls, 5 clqs
   (3.9s) running MILP presolver
   (4.1s) MILP presolver (17 rounds): 0 aggregations, 132 fixings, 0 bound changes
(round 160, medium)     1623 del vars, 684 del conss, 0 add conss, 5326 chg bounds, 0 chg sides, 2470 chg coeffs, 1089 upgd conss, 410613 impls, 5 clqs
(round 161, fast)       1623 del vars, 695 del conss, 0 add conss, 5326 chg bounds, 0 chg sides, 2470 chg coeffs, 1089 upgd conss, 410613 impls, 5 clqs
(round 162, exhaustive) 1623 del vars, 695 del conss, 0 add conss, 5326 chg bounds, 0 chg sides, 2470 chg coeffs, 1115 upgd conss, 410613 impls, 5 clqs
(round 163, exhaustive) 1648 del vars, 695 del conss, 0 add conss, 5326 chg bounds, 0 chg sides, 2470 chg coeffs, 1115 upgd conss, 417683 impls, 5 clqs
(round 164, fast)       1655 del vars, 714 del conss, 0 add conss, 5333 chg bounds, 0 chg sides, 2470 chg coeffs, 1115 upgd conss, 417683 impls, 5 clqs
(round 165, exhaustive) 1655 del vars, 714 del conss, 0 add conss, 5333 chg bounds, 0 chg sides, 2470 chg coeffs, 1122 upgd conss, 417683 impls, 5 clqs
(round 166, exhaustive) 1683 del vars, 714 del conss, 0 add conss, 5333 chg bounds, 0 chg sides, 2470 chg coeffs, 1122 upgd conss, 419074 impls, 5 clqs
(round 167, fast)       1683 del vars, 732 del conss, 0 add conss, 5333 chg bounds, 0 chg sides, 2470 chg coeffs, 1122 upgd conss, 419074 impls, 5 clqs
(round 168, exhaustive) 1683 del vars, 732 del conss, 0 add conss, 5333 chg bounds, 0 chg sides, 2470 chg coeffs, 1124 upgd conss, 419074 impls, 5 clqs
(round 169, exhaustive) 1708 del vars, 732 del conss, 0 add conss, 5333 chg bounds, 0 chg sides, 2470 chg coeffs, 1124 upgd conss, 421830 impls, 5 clqs
(round 170, fast)       1708 del vars, 745 del conss, 0 add conss, 5333 chg bounds, 0 chg sides, 2470 chg coeffs, 1124 upgd conss, 421830 impls, 5 clqs
(round 171, exhaustive) 1708 del vars, 745 del conss, 0 add conss, 5333 chg bounds, 0 chg sides, 2470 chg coeffs, 1131 upgd conss, 421830 impls, 5 clqs
(round 172, exhaustive) 1733 del vars, 745 del conss, 0 add conss, 5333 chg bounds, 0 chg sides, 2470 chg coeffs, 1131 upgd conss, 426938 impls, 5 clqs
(round 173, fast)       1737 del vars, 762 del conss, 0 add conss, 5337 chg bounds, 0 chg sides, 2470 chg coeffs, 1131 upgd conss, 426938 impls, 5 clqs
(round 174, exhaustive) 1737 del vars, 762 del conss, 0 add conss, 5337 chg bounds, 0 chg sides, 2470 chg coeffs, 1138 upgd conss, 426938 impls, 5 clqs
(round 175, exhaustive) 1767 del vars, 762 del conss, 0 add conss, 5337 chg bounds, 0 chg sides, 2470 chg coeffs, 1138 upgd conss, 432735 impls, 5 clqs
(round 176, fast)       1767 del vars, 780 del conss, 0 add conss, 5337 chg bounds, 0 chg sides, 2470 chg coeffs, 1138 upgd conss, 432735 impls, 5 clqs
(round 177, exhaustive) 1767 del vars, 780 del conss, 0 add conss, 5337 chg bounds, 0 chg sides, 2470 chg coeffs, 1144 upgd conss, 432735 impls, 5 clqs
(round 178, exhaustive) 1792 del vars, 780 del conss, 0 add conss, 5337 chg bounds, 0 chg sides, 2470 chg coeffs, 1144 upgd conss, 433737 impls, 5 clqs
(round 179, fast)       1792 del vars, 796 del conss, 0 add conss, 5337 chg bounds, 0 chg sides, 2470 chg coeffs, 1144 upgd conss, 433737 impls, 5 clqs
(round 180, exhaustive) 1817 del vars, 796 del conss, 0 add conss, 5337 chg bounds, 0 chg sides, 2470 chg coeffs, 1145 upgd conss, 437386 impls, 5 clqs
(round 181, fast)       1820 del vars, 814 del conss, 0 add conss, 5340 chg bounds, 0 chg sides, 2470 chg coeffs, 1145 upgd conss, 437387 impls, 5 clqs
(round 182, exhaustive) 1820 del vars, 814 del conss, 0 add conss, 5340 chg bounds, 0 chg sides, 2470 chg coeffs, 1147 upgd conss, 437387 impls, 5 clqs
(round 183, exhaustive) 1845 del vars, 814 del conss, 0 add conss, 5340 chg bounds, 0 chg sides, 2470 chg coeffs, 1147 upgd conss, 439020 impls, 5 clqs
(round 184, fast)       1845 del vars, 830 del conss, 0 add conss, 5340 chg bounds, 0 chg sides, 2470 chg coeffs, 1147 upgd conss, 439020 impls, 5 clqs
(round 185, exhaustive) 1845 del vars, 830 del conss, 0 add conss, 5340 chg bounds, 0 chg sides, 2470 chg coeffs, 1149 upgd conss, 439020 impls, 5 clqs
(round 186, exhaustive) 1870 del vars, 830 del conss, 0 add conss, 5340 chg bounds, 0 chg sides, 2470 chg coeffs, 1149 upgd conss, 444203 impls, 5 clqs
(round 187, fast)       1872 del vars, 847 del conss, 0 add conss, 5342 chg bounds, 0 chg sides, 2470 chg coeffs, 1149 upgd conss, 444203 impls, 5 clqs
(round 188, exhaustive) 1872 del vars, 847 del conss, 0 add conss, 5342 chg bounds, 0 chg sides, 2470 chg coeffs, 1152 upgd conss, 444203 impls, 5 clqs
(round 189, exhaustive) 1897 del vars, 847 del conss, 0 add conss, 5342 chg bounds, 0 chg sides, 2470 chg coeffs, 1152 upgd conss, 449678 impls, 5 clqs
(round 190, fast)       1897 del vars, 863 del conss, 0 add conss, 5342 chg bounds, 0 chg sides, 2470 chg coeffs, 1152 upgd conss, 449678 impls, 5 clqs
(round 191, exhaustive) 1897 del vars, 863 del conss, 0 add conss, 5342 chg bounds, 0 chg sides, 2470 chg coeffs, 1154 upgd conss, 449678 impls, 5 clqs
(round 192, exhaustive) 1923 del vars, 863 del conss, 0 add conss, 5342 chg bounds, 0 chg sides, 2470 chg coeffs, 1154 upgd conss, 455683 impls, 5 clqs
(round 193, fast)       1923 del vars, 879 del conss, 0 add conss, 5342 chg bounds, 0 chg sides, 2470 chg coeffs, 1154 upgd conss, 455683 impls, 5 clqs
(round 194, exhaustive) 1923 del vars, 879 del conss, 0 add conss, 5342 chg bounds, 0 chg sides, 2470 chg coeffs, 1158 upgd conss, 455683 impls, 5 clqs
(round 195, exhaustive) 1948 del vars, 879 del conss, 0 add conss, 5342 chg bounds, 0 chg sides, 2470 chg coeffs, 1158 upgd conss, 458178 impls, 5 clqs
(round 196, fast)       1952 del vars, 897 del conss, 0 add conss, 5346 chg bounds, 0 chg sides, 2470 chg coeffs, 1158 upgd conss, 458178 impls, 5 clqs
(round 197, exhaustive) 1952 del vars, 897 del conss, 0 add conss, 5346 chg bounds, 0 chg sides, 2470 chg coeffs, 1162 upgd conss, 458178 impls, 5 clqs
   (4.6s) probing: 2000/2470 (81.0%) - 1668 fixings, 0 aggregations, 457648 implications, 0 bound changes
(round 198, exhaustive) 1977 del vars, 897 del conss, 0 add conss, 5346 chg bounds, 0 chg sides, 2470 chg coeffs, 1162 upgd conss, 460650 impls, 5 clqs
(round 199, fast)       1979 del vars, 914 del conss, 0 add conss, 5348 chg bounds, 0 chg sides, 2470 chg coeffs, 1162 upgd conss, 460650 impls, 5 clqs
(round 200, exhaustive) 1979 del vars, 914 del conss, 0 add conss, 5348 chg bounds, 0 chg sides, 2470 chg coeffs, 1165 upgd conss, 460650 impls, 5 clqs
(round 201, exhaustive) 2008 del vars, 914 del conss, 0 add conss, 5348 chg bounds, 0 chg sides, 2470 chg coeffs, 1165 upgd conss, 463414 impls, 5 clqs
(round 202, fast)       2008 del vars, 932 del conss, 0 add conss, 5348 chg bounds, 0 chg sides, 2470 chg coeffs, 1165 upgd conss, 463414 impls, 5 clqs
(round 203, exhaustive) 2008 del vars, 932 del conss, 0 add conss, 5348 chg bounds, 0 chg sides, 2470 chg coeffs, 1169 upgd conss, 463414 impls, 5 clqs
(round 204, exhaustive) 2035 del vars, 932 del conss, 0 add conss, 5348 chg bounds, 0 chg sides, 2470 chg coeffs, 1169 upgd conss, 466765 impls, 5 clqs
(round 205, fast)       2035 del vars, 950 del conss, 0 add conss, 5348 chg bounds, 0 chg sides, 2470 chg coeffs, 1169 upgd conss, 466765 impls, 5 clqs
(round 206, exhaustive) 2060 del vars, 950 del conss, 0 add conss, 5348 chg bounds, 0 chg sides, 2470 chg coeffs, 1169 upgd conss, 470081 impls, 5 clqs
(round 207, fast)       2064 del vars, 969 del conss, 0 add conss, 5352 chg bounds, 0 chg sides, 2470 chg coeffs, 1169 upgd conss, 470081 impls, 5 clqs
   (4.7s) running MILP presolver
   (4.8s) MILP presolver found nothing
(round 208, exhaustive) 2093 del vars, 969 del conss, 0 add conss, 5352 chg bounds, 0 chg sides, 2470 chg coeffs, 1170 upgd conss, 475721 impls, 5 clqs
(round 209, fast)       2093 del vars, 987 del conss, 0 add conss, 5352 chg bounds, 0 chg sides, 2470 chg coeffs, 1170 upgd conss, 475722 impls, 5 clqs
(round 210, exhaustive) 2093 del vars, 987 del conss, 0 add conss, 5352 chg bounds, 0 chg sides, 2470 chg coeffs, 1174 upgd conss, 475722 impls, 5 clqs
(round 211, exhaustive) 2118 del vars, 987 del conss, 0 add conss, 5352 chg bounds, 0 chg sides, 2470 chg coeffs, 1174 upgd conss, 482165 impls, 5 clqs
(round 212, fast)       2119 del vars, 1004 del conss, 0 add conss, 5353 chg bounds, 0 chg sides, 2470 chg coeffs, 1174 upgd conss, 482165 impls, 5 clqs
(round 213, exhaustive) 2144 del vars, 1004 del conss, 0 add conss, 5353 chg bounds, 0 chg sides, 2470 chg coeffs, 1175 upgd conss, 485387 impls, 5 clqs
(round 214, fast)       2144 del vars, 1020 del conss, 0 add conss, 5353 chg bounds, 0 chg sides, 2470 chg coeffs, 1175 upgd conss, 485388 impls, 5 clqs
(round 215, exhaustive) 2144 del vars, 1020 del conss, 0 add conss, 5353 chg bounds, 0 chg sides, 2470 chg coeffs, 1177 upgd conss, 485388 impls, 5 clqs
(round 216, exhaustive) 2169 del vars, 1020 del conss, 0 add conss, 5353 chg bounds, 0 chg sides, 2470 chg coeffs, 1177 upgd conss, 489107 impls, 5 clqs
(round 217, fast)       2171 del vars, 1037 del conss, 0 add conss, 5355 chg bounds, 0 chg sides, 2470 chg coeffs, 1177 upgd conss, 489107 impls, 5 clqs
(round 218, exhaustive) 2171 del vars, 1037 del conss, 0 add conss, 5355 chg bounds, 0 chg sides, 2470 chg coeffs, 1180 upgd conss, 489107 impls, 5 clqs
(round 219, exhaustive) 2196 del vars, 1037 del conss, 0 add conss, 5355 chg bounds, 0 chg sides, 2470 chg coeffs, 1180 upgd conss, 491621 impls, 5 clqs
(round 220, fast)       2197 del vars, 1054 del conss, 0 add conss, 5356 chg bounds, 0 chg sides, 2470 chg coeffs, 1180 upgd conss, 491621 impls, 5 clqs
(round 221, exhaustive) 2223 del vars, 1054 del conss, 0 add conss, 5356 chg bounds, 0 chg sides, 2470 chg coeffs, 1181 upgd conss, 493878 impls, 5 clqs
(round 222, fast)       2223 del vars, 1071 del conss, 0 add conss, 5356 chg bounds, 0 chg sides, 2470 chg coeffs, 1181 upgd conss, 493879 impls, 5 clqs
(round 223, exhaustive) 2248 del vars, 1071 del conss, 0 add conss, 5356 chg bounds, 0 chg sides, 2470 chg coeffs, 1182 upgd conss, 496079 impls, 5 clqs
(round 224, fast)       2250 del vars, 1089 del conss, 0 add conss, 5358 chg bounds, 0 chg sides, 2470 chg coeffs, 1182 upgd conss, 496080 impls, 5 clqs
(round 225, exhaustive) 2275 del vars, 1089 del conss, 0 add conss, 5358 chg bounds, 0 chg sides, 2470 chg coeffs, 1182 upgd conss, 499080 impls, 5 clqs
(round 226, fast)       2278 del vars, 1107 del conss, 0 add conss, 5361 chg bounds, 0 chg sides, 2470 chg coeffs, 1182 upgd conss, 499080 impls, 5 clqs
(round 227, exhaustive) 2278 del vars, 1107 del conss, 0 add conss, 5361 chg bounds, 0 chg sides, 2470 chg coeffs, 1184 upgd conss, 499080 impls, 5 clqs
(round 228, exhaustive) 2304 del vars, 1107 del conss, 0 add conss, 5361 chg bounds, 0 chg sides, 2470 chg coeffs, 1184 upgd conss, 504968 impls, 5 clqs
(round 229, fast)       2304 del vars, 1124 del conss, 0 add conss, 5361 chg bounds, 0 chg sides, 2470 chg coeffs, 1184 upgd conss, 504968 impls, 5 clqs
(round 230, exhaustive) 2330 del vars, 1124 del conss, 0 add conss, 5361 chg bounds, 0 chg sides, 2470 chg coeffs, 1185 upgd conss, 507085 impls, 5 clqs
(round 231, fast)       2330 del vars, 1141 del conss, 0 add conss, 5361 chg bounds, 0 chg sides, 2470 chg coeffs, 1185 upgd conss, 507085 impls, 5 clqs
(round 232, exhaustive) 2357 del vars, 1141 del conss, 0 add conss, 5361 chg bounds, 0 chg sides, 2470 chg coeffs, 1186 upgd conss, 511008 impls, 5 clqs
(round 233, fast)       2357 del vars, 1159 del conss, 0 add conss, 5361 chg bounds, 0 chg sides, 2470 chg coeffs, 1186 upgd conss, 511009 impls, 5 clqs
(round 234, exhaustive) 2384 del vars, 1159 del conss, 0 add conss, 5361 chg bounds, 0 chg sides, 2470 chg coeffs, 1186 upgd conss, 515667 impls, 5 clqs
(round 235, fast)       2384 del vars, 1177 del conss, 0 add conss, 5361 chg bounds, 0 chg sides, 2470 chg coeffs, 1186 upgd conss, 515667 impls, 5 clqs
(round 236, exhaustive) 2410 del vars, 1177 del conss, 0 add conss, 5361 chg bounds, 0 chg sides, 2470 chg coeffs, 1186 upgd conss, 516438 impls, 5 clqs
(round 237, fast)       2410 del vars, 1194 del conss, 0 add conss, 5361 chg bounds, 0 chg sides, 2470 chg coeffs, 1186 upgd conss, 516438 impls, 5 clqs
   (5.2s) probing cycle finished: starting next cycle
   (5.3s) probing: 51/1260 (4.0%) - 2116 fixings, 0 aggregations, 516521 implications, 0 bound changes
   (5.3s) probing aborted: 50/50 successive totally useless probings
(round 238, exhaustive) 2425 del vars, 1194 del conss, 0 add conss, 5361 chg bounds, 0 chg sides, 2470 chg coeffs, 1187 upgd conss, 517701 impls, 5 clqs
(round 239, fast)       2425 del vars, 1204 del conss, 0 add conss, 5361 chg bounds, 0 chg sides, 2470 chg coeffs, 1187 upgd conss, 517701 impls, 5 clqs
   (5.3s) running MILP presolver
   (5.3s) MILP presolver found nothing
   (5.3s) probing: 56/1260 (4.4%) - 2116 fixings, 0 aggregations, 516521 implications, 0 bound changes
   (5.3s) probing aborted: 50/50 successive totally useless probings
   (5.3s) symmetry computation started: requiring (bin +, int -, cont +), (fixed: bin -, int +, cont -)
   (5.3s) symmetry computation finished: 4 generators found (max: 1500, log10 of symmetry group size: 2.1)
presolving (240 rounds: 240 fast, 156 medium, 154 exhaustive):
 2425 deleted vars, 1204 deleted constraints, 1 added constraints, 5361 tightened bounds, 0 added holes, 0 changed sides, 2470 changed coefficients
 517701 implications, 5 cliques
presolved problem has 2525 variables (1260 bin, 0 int, 0 impl, 1265 cont) and 1282 constraints
     10 constraints of type <varbound>
      5 constraints of type <setppc>
   1266 constraints of type <linear>
      1 constraints of type <orbitope>
Presolving Time: 5.29

 time | node  | left  |LP iter|LP it/n|mem/heur|mdpt |vars |cons |rows |cuts |sepa|confs|strbr|  dualbound   | primalbound  |  gap   | compl. 
  5.4s|     1 |     0 |   890 |     - |   114M |   0 |2525 |1284 |1281 |   0 |  0 |   1 |   0 |-2.236003e+00 |      --      |    Inf | unknown
o 5.4s|     1 |     0 |  1347 |     - |feaspump|   0 |2525 |1284 |1281 |   0 |  0 |   1 |   0 |-2.236003e+00 |-2.202429e+00 |   1.52%| unknown
  5.4s|     1 |     0 |  1349 |     - |   115M |   0 |2525 |1284 |1283 |   2 |  1 |   1 |   0 |-2.236003e+00 |-2.202429e+00 |   1.52%| unknown
r 5.4s|     1 |     0 |  1349 |     - |randroun|   0 |2525 |1284 |1283 |   0 |  1 |   1 |   0 |-2.236003e+00 |-2.236003e+00 |   0.00%| unknown
  5.4s|     1 |     0 |  1349 |     - |   115M |   0 |2525 |1284 |1283 |   2 |  1 |   1 |   0 |-2.236003e+00 |-2.236003e+00 |   0.00%| unknown

SCIP Status        : problem is solved [optimal solution found]
Solving Time (sec) : 5.43
Solving Nodes      : 1
Primal Bound       : -2.23600320968742e+00 (2 solutions)
Dual Bound         : -2.23600320968742e+00
Gap                : 0.00 %

primal solution (original space):
=================================

objective value:                    -2.23600320968742
y_1,192_                                            1 	(obj:0)
y_2,192_                                            1 	(obj:0)
y_4,192_                                            1 	(obj:0)
y_3,193_                                            1 	(obj:0)
y_5,193_                                            1 	(obj:0)
t_2,192_                            0.146396396396424 	(obj:0)
x_2_                               -0.446529525476894 	(obj:1)
x_3_                               -0.445344129554656 	(obj:1)
t_1,193_                                          0.5 	(obj:0)
t_1,192_                                          0.5 	(obj:0)
t_4,192_                                          0.5 	(obj:0)
t_4,193_                                          0.5 	(obj:0)
t_3,193_                                            1 	(obj:0)
x_4_                               -0.449392712550607 	(obj:1)
x_5_                               -0.445344129554656 	(obj:1)
t_5,193_                                            1 	(obj:0)
t_2,193_                            0.853603603603576 	(obj:0)
x_1_                               -0.449392712550607 	(obj:1)

Statistics
==========

SCIP Status        : problem is solved [optimal solution found]
Total Time         :       5.44
  solving          :       5.43
  presolving       :       5.29 (included in solving)
  reading          :       0.01
  copying          :       0.00 (0 times copied the problem)
Original Problem   :
  Problem name     : ../modeles/5_494.lp
  Variables        : 4950 (2470 binary, 0 integer, 0 implicit integer, 2480 continuous)
  Constraints      : 2491 initial, 2491 maximal
  Objective        : minimize, 5 non-zeros (abs.min = 1, abs.max = 1)
Presolved Problem  :
  Problem name     : t_../modeles/5_494.lp
  Variables        : 2525 (1260 binary, 0 integer, 0 implicit integer, 1265 continuous)
  Constraints      : 1282 initial, 1284 maximal
  Objective        : minimize, 1260 non-zeros (abs.min = 0.00809717, abs.max = 1.02024)
  Nonzeros         : 10090 constraint, 1260 clique table
Presolvers         :   ExecTime  SetupTime  Calls  FixedVars   AggrVars   ChgTypes  ChgBounds   AddHoles    DelCons    AddCons   ChgSides   ChgCoefs
  boundshift       :       0.00       0.00      0          0          0          0          0          0          0          0          0          0
  convertinttobin  :       0.00       0.00      0          0          0          0          0          0          0          0          0          0
  domcol           :       1.00       0.00     84          0          0          0          0          0          0          0          0          0
  dualagg          :       0.00       0.00      0          0          0          0          0          0          0          0          0          0
  dualcomp         :       0.16       0.00     84          0          0          0          0          0          0          0          0          0
  dualinfer        :       0.00       0.00      0          0          0          0          0          0          0          0          0          0
  dualsparsify     :       0.00       0.00      1          0          0          0          0          0          0          0          0          0
  gateextraction   :       0.00       0.00      0          0          0          0          0          0          0          0          0          0
  implics          :       0.00       0.00    156          0          0          0          0          0          0          0          0          0
  inttobinary      :       0.00       0.00      0          0          0          0          0          0          0          0          0          0
  milp             :       0.34       0.00      5        233          0          0         30          0          0          0          0          0
  qpkktref         :       0.00       0.00      0          0          0          0          0          0          0          0          0          0
  redvub           :       0.00       0.00      0          0          0          0          0          0          0          0          0          0
  sparsify         :       0.06       0.00      9          0          0          0          0          0          0          0          0          0
  stuffing         :       0.00       0.00      0          0          0          0          0          0          0          0          0          0
  trivial          :       0.02       0.00    240          0          0          0          0          0          0          0          0          0
  tworowbnd        :       0.00       0.00      0          0          0          0          0          0          0          0          0          0
  dualfix          :       0.02       0.00    240          0          0          0          0          0          0          0          0          0
  genvbounds       :       0.00       0.00      0          0          0          0          0          0          0          0          0          0
  probing          :       3.06       0.00     84       2116          0          0          0          0          0          0          0          0
  pseudoobj        :       0.00       0.00      0          0          0          0          0          0          0          0          0          0
  symmetry         :       0.02       0.00      1          0          0          0          0          0          0          1          0          0
  vbounds          :       0.00       0.00      1          0          0          0          0          0          0          0          0          0
  varbound         :       0.03       0.00    392          0          0          0         67          0       1172          0          0          0
  setppc           :       0.03       0.00    545          0          0          0          0          0          0          0          0          0
  linear           :       0.54       0.00    394         71          5          0       5264          0         32          0          0       2470
  orbitope         :       0.00       0.00      0          0          0          0          0          0          0          0          0          0
  logicor          :       0.00       0.00      0          0          0          0          0          0          0          0          0          0
  benders          :       0.00       0.00      0          0          0          0          0          0          0          0          0          0
  components       :       0.00       0.00      1          0          0          0          0          0          0          0          0          0
  root node        :          -          -      -          0          -          -          0          -          -          -          -          -
Constraints        :     Number  MaxNumber  #Separate #Propagate    #EnfoLP    #EnfoRelax  #EnfoPS    #Check   #ResProp    Cutoffs    DomReds       Cuts    Applied      Conss   Children
  benderslp        :          0          0          0          0          0          0          0         13          0          0          0          0          0          0          0
  integral         :          0          0          0          0          0          0          0         13          0          0          0          0          0          0          0
  varbound         :         10         10          1       7110          0          0          0          7          9          0          0          0          0          0          0
  setppc           :          5          5          1       7110          0          0          0          7        753          0          0          0          0          0          0
  linear           :       1266       1266          1       7110          0          0          0          2       2266       1125          0          0          0          0          0
  orbitope         :          1          1          0        102          0          0          0          2          0          0          0          0          0          0          0
  logicor          :          0+         2          1          6          0          0          0          0          0          0          0          0          0          0          0
  benders          :          0          0          0          0          0          0          0          3          0          0          0          0          0          0          0
  countsols        :          0          0          0          0          0          0          0          3          0          0          0          0          0          0          0
  components       :          0          0          0          0          0          0          0          0          0          0          0          0          0          0          0
Constraint Timings :  TotalTime  SetupTime   Separate  Propagate     EnfoLP     EnfoPS     EnfoRelax   Check    ResProp    SB-Prop
  benderslp        :       0.00       0.00       0.00       0.00       0.00       0.00       0.00       0.00       0.00       0.00
  integral         :       0.00       0.00       0.00       0.00       0.00       0.00       0.00       0.00       0.00       0.00
  varbound         :       0.16       0.00       0.00       0.16       0.00       0.00       0.00       0.00       0.00       0.00
  setppc           :       0.00       0.00       0.00       0.00       0.00       0.00       0.00       0.00       0.00       0.00
  linear           :       0.94       0.00       0.00       0.94       0.00       0.00       0.00       0.00       0.00       0.00
  orbitope         :       0.00       0.00       0.00       0.00       0.00       0.00       0.00       0.00       0.00       0.00
  logicor          :       0.00       0.00       0.00       0.00       0.00       0.00       0.00       0.00       0.00       0.00
  benders          :       0.00       0.00       0.00       0.00       0.00       0.00       0.00       0.00       0.00       0.00
  countsols        :       0.00       0.00       0.00       0.00       0.00       0.00       0.00       0.00       0.00       0.00
  components       :       0.00       0.00       0.00       0.00       0.00       0.00       0.00       0.00       0.00       0.00
Propagators        : #Propagate   #ResProp    Cutoffs    DomReds
  dualfix          :          1          0          0          0
  genvbounds       :          0          0          0          0
  nlobbt           :          0          0          0          0
  obbt             :          0          0          0          0
  probing          :          0          0          0          0
  pseudoobj        :          3          0          0          0
  redcost          :          2          0          0          0
  rootredcost      :          0          0          0          0
  symmetry         :          0          0          0          0
  vbounds          :         56          0          0          0
Propagator Timings :  TotalTime  SetupTime   Presolve  Propagate    ResProp    SB-Prop
  dualfix          :       0.02       0.00       0.02       0.00       0.00       0.00
  genvbounds       :       0.00       0.00       0.00       0.00       0.00       0.00
  nlobbt           :       0.00       0.00       0.00       0.00       0.00       0.00
  obbt             :       0.00       0.00       0.00       0.00       0.00       0.00
  probing          :       3.06       0.00       3.06       0.00       0.00       0.00
  pseudoobj        :       0.00       0.00       0.00       0.00       0.00       0.00
  redcost          :       0.00       0.00       0.00       0.00       0.00       0.00
  rootredcost      :       0.00       0.00       0.00       0.00       0.00       0.00
  symmetry         :       0.02       0.00       0.02       0.00       0.00       0.00
  vbounds          :       0.03       0.00       0.00       0.03       0.00       0.00
Orbital fixing     :
  vars fixed to 0  :          0
  vars fixed to 1  :          0
Conflict Analysis  :       Time      Calls    Success    DomReds  Conflicts   Literals    Reconvs ReconvLits   Dualrays   Nonzeros   LP Iters   (pool size: [10000,10000])
  propagation      :       0.00          1          1          -          3      255.0          0        0.0          -          -          -
  infeasible LP    :       0.00          0          0          -          0        0.0          0        0.0          0        0.0          0
  bound exceed. LP :       0.00          0          0          -          0        0.0          0        0.0          0        0.0          0
  strong branching :       0.00          0          0          -          0        0.0          0        0.0          -          -          0
  pseudo solution  :       0.00          0          0          -          0        0.0          0        0.0          -          -          -
  applied globally :       0.00          -          -          0          1        3.0          -          -          0          -          -
  applied locally  :          -          -          -          0          0        0.0          -          -          0          -          -
Separators         :   ExecTime  SetupTime      Calls    Cutoffs    DomReds       Cuts    Applied      Conss
  cut pool         :       0.00                     1          -          -          4          -          -    (maximal pool size: 8)
  aggregation      :       0.01       0.00          1          0          0          4          2          0
  > cmir           :          -          -          -          -          -          -          2          -
  > flowcover      :          -          -          -          -          -          -          0          -
  > knapsackcover  :          -          -          -          -          -          -          0          -
  cgmip            :       0.00       0.00          0          0          0          0          0          0
  clique           :       0.00       0.00          1          0          0          0          0          0
  closecuts        :       0.00       0.00          0          0          0          0          0          0
  convexproj       :       0.00       0.00          0          0          0          0          0          0
  disjunctive      :       0.00       0.00          0          0          0          0          0          0
  eccuts           :       0.00       0.00          0          0          0          0          0          0
  gauge            :       0.00       0.00          0          0          0          0          0          0
  gomory           :       0.00       0.00          1          0          0          4          0          0
  > gomorymi       :          -          -          -          -          -          -          0          -
  > strongcg       :          -          -          -          -          -          -          0          -
  impliedbounds    :       0.00       0.00          1          0          0          0          0          0
  interminor       :       0.00       0.00          0          0          0          0          0          0
  intobj           :       0.00       0.00          0          0          0          0          0          0
  mcf              :       0.01       0.00          1          0          0          0          0          0
  minor            :       0.00       0.00          0          0          0          0          0          0
  mixing           :       0.00       0.00          1          0          0          0          0          0
  oddcycle         :       0.00       0.00          0          0          0          0          0          0
  rapidlearning    :       0.00       0.00          0          0          0          0          0          0
  rlt              :       0.00       0.00          1          0          0          0          0          0
  zerohalf         :       0.00       0.00          1          0          0          0          0          0
Cutselectors       :   ExecTime  SetupTime
  hybrid           :       0.00       0.00
Pricers            :   ExecTime  SetupTime      Calls       Vars
  problem variables:       0.00          -          0          0
Branching Rules    :   ExecTime  SetupTime   BranchLP  BranchExt   BranchPS    Cutoffs    DomReds       Cuts      Conss   Children
  allfullstrong    :       0.00       0.00          0          0          0          0          0          0          0          0
  cloud            :       0.00       0.00          0          0          0          0          0          0          0          0
  distribution     :       0.00       0.00          0          0          0          0          0          0          0          0
  fullstrong       :       0.00       0.00          0          0          0          0          0          0          0          0
  inference        :       0.00       0.00          0          0          0          0          0          0          0          0
  leastinf         :       0.00       0.00          0          0          0          0          0          0          0          0
  lookahead        :       0.00       0.00          0          0          0          0          0          0          0          0
  mostinf          :       0.00       0.00          0          0          0          0          0          0          0          0
  multaggr         :       0.00       0.00          0          0          0          0          0          0          0          0
  nodereopt        :       0.00       0.00          0          0          0          0          0          0          0          0
  pscost           :       0.00       0.00          0          0          0          0          0          0          0          0
  random           :       0.00       0.00          0          0          0          0          0          0          0          0
  relpscost        :       0.00       0.00          0          0          0          0          0          0          0          0
  vanillafullstrong:       0.00       0.00          0          0          0          0          0          0          0          0
Primal Heuristics  :   ExecTime  SetupTime      Calls      Found       Best
  LP solutions     :       0.00          -          -          0          0
  relax solutions  :       0.00          -          -          0          0
  pseudo solutions :       0.00          -          -          0          0
  strong branching :       0.00          -          -          0          0
  actconsdiving    :       0.00       0.00          0          0          0
  adaptivediving   :       0.00       0.00          0          0          0
  alns             :       0.00       0.00          0          0          0
  bound            :       0.00       0.00          0          0          0
  clique           :       0.01       0.00          1          0          0
  coefdiving       :       0.00       0.00          0          0          0
  completesol      :       0.00       0.00          0          0          0
  conflictdiving   :       0.00       0.00          0          0          0
  crossover        :       0.00       0.00          0          0          0
  dins             :       0.00       0.00          0          0          0
  distributiondivin:       0.00       0.00          0          0          0
  dps              :       0.00       0.00          0          0          0
  dualval          :       0.00       0.00          0          0          0
  farkasdiving     :       0.00       0.00          0          0          0
  feaspump         :       0.01       0.00          1          1          1
  fixandinfer      :       0.00       0.00          0          0          0
  fracdiving       :       0.00       0.00          0          0          0
  gins             :       0.00       0.00          0          0          0
  guideddiving     :       0.00       0.00          0          0          0
  indicator        :       0.00       0.00          0          0          0
  intdiving        :       0.00       0.00          0          0          0
  intshifting      :       0.00       0.00          0          0          0
  linesearchdiving :       0.00       0.00          0          0          0
  localbranching   :       0.00       0.00          0          0          0
  locks            :       0.00       0.00          1          0          0
  lpface           :       0.00       0.00          0          0          0
  mpec             :       0.00       0.00          0          0          0
  multistart       :       0.00       0.00          0          0          0
  mutation         :       0.00       0.00          0          0          0
  nlpdiving        :       0.00       0.00          0          0          0
  objpscostdiving  :       0.00       0.00          0          0          0
  octane           :       0.00       0.00          0          0          0
  ofins            :       0.00       0.00          0          0          0
  oneopt           :       0.00       0.00          1          0          0
  padm             :       0.00       0.00          0          0          0
  proximity        :       0.00       0.00          0          0          0
  pscostdiving     :       0.00       0.00          0          0          0
  randrounding     :       0.00       0.00          2          1          1
  rens             :       0.00       0.00          0          0          0
  reoptsols        :       0.00       0.00          0          0          0
  repair           :       0.00       0.00          0          0          0
  rins             :       0.00       0.00          0          0          0
  rootsoldiving    :       0.00       0.00          0          0          0
  rounding         :       0.00       0.00          1          0          0
  shiftandpropagate:       0.01       0.00          1          0          0
  shifting         :       0.00       0.00          1          0          0
  simplerounding   :       0.00       0.00          0          0          0
  subnlp           :       0.00       0.00          0          0          0
  trivial          :       0.01       0.00          2          0          0
  trivialnegation  :       0.00       0.00          0          0          0
  trustregion      :       0.00       0.00          0          0          0
  trysol           :       0.00       0.00          0          0          0
  twoopt           :       0.00       0.00          0          0          0
  undercover       :       0.00       0.00          0          0          0
  vbounds          :       0.00       0.00          0          0          0
  veclendiving     :       0.00       0.00          0          0          0
  zeroobj          :       0.00       0.00          0          0          0
  zirounding       :       0.00       0.00          0          0          0
  other solutions  :          -          -          -          0          -
Diving (single)    :      Calls      Nodes   LP Iters Backtracks  Conflicts   MinDepth   MaxDepth   AvgDepth  RoundSols  NLeafSols  MinSolDpt  MaxSolDpt  AvgSolDpt
  actconsdiving    :          0          -          -          -          -          -          -          -          -          -          -          -          -
  coefdiving       :          0          -          -          -          -          -          -          -          -          -          -          -          -
  conflictdiving   :          0          -          -          -          -          -          -          -          -          -          -          -          -
  distributiondivin:          0          -          -          -          -          -          -          -          -          -          -          -          -
  farkasdiving     :          0          -          -          -          -          -          -          -          -          -          -          -          -
  fracdiving       :          0          -          -          -          -          -          -          -          -          -          -          -          -
  guideddiving     :          0          -          -          -          -          -          -          -          -          -          -          -          -
  linesearchdiving :          0          -          -          -          -          -          -          -          -          -          -          -          -
  pscostdiving     :          0          -          -          -          -          -          -          -          -          -          -          -          -
  veclendiving     :          0          -          -          -          -          -          -          -          -          -          -          -          -
Diving (adaptive)  :      Calls      Nodes   LP Iters Backtracks  Conflicts   MinDepth   MaxDepth   AvgDepth  RoundSols  NLeafSols  MinSolDpt  MaxSolDpt  AvgSolDpt
  actconsdiving    :          0          -          -          -          -          -          -          -          -          -          -          -          -
  coefdiving       :          0          -          -          -          -          -          -          -          -          -          -          -          -
  conflictdiving   :          0          -          -          -          -          -          -          -          -          -          -          -          -
  distributiondivin:          0          -          -          -          -          -          -          -          -          -          -          -          -
  farkasdiving     :          0          -          -          -          -          -          -          -          -          -          -          -          -
  fracdiving       :          0          -          -          -          -          -          -          -          -          -          -          -          -
  guideddiving     :          0          -          -          -          -          -          -          -          -          -          -          -          -
  linesearchdiving :          0          -          -          -          -          -          -          -          -          -          -          -          -
  pscostdiving     :          0          -          -          -          -          -          -          -          -          -          -          -          -
  veclendiving     :          0          -          -          -          -          -          -          -          -          -          -          -          -
Neighborhoods      :      Calls  SetupTime  SolveTime SolveNodes       Sols       Best       Exp3  EpsGreedy        UCB TgtFixRate  Opt  Inf Node Stal  Sol  Usr Othr Actv
  rens             :          0       0.00       0.00          0          0          0    0.00000   -1.00000    1.00000      0.900    0    0    0    0    0    0    0    1
  rins             :          0       0.00       0.00          0          0          0    0.00000   -1.00000    1.00000      0.900    0    0    0    0    0    0    0    1
  mutation         :          0       0.00       0.00          0          0          0    0.00000   -1.00000    1.00000      0.900    0    0    0    0    0    0    0    1
  localbranching   :          0       0.00       0.00          0          0          0    0.00000   -1.00000    1.00000      0.900    0    0    0    0    0    0    0    1
  crossover        :          0       0.00       0.00          0          0          0    0.00000   -1.00000    1.00000      0.900    0    0    0    0    0    0    0    1
  proximity        :          0       0.00       0.00          0          0          0    0.00000   -1.00000    1.00000      0.900    0    0    0    0    0    0    0    1
  zeroobjective    :          0       0.00       0.00          0          0          0    0.00000   -1.00000    1.00000      0.900    0    0    0    0    0    0    0    1
  dins             :          0       0.00       0.00          0          0          0    0.00000   -1.00000    1.00000      0.900    0    0    0    0    0    0    0    1
  trustregion      :          0       0.00       0.00          0          0          0    0.00000   -1.00000    1.00000      0.900    0    0    0    0    0    0    0    0
LP                 :       Time      Calls Iterations  Iter/call   Iter/sec  Time-0-It Calls-0-It    ItLimit
  primal LP        :       0.00          0          0       0.00          -       0.00          0
  dual LP          :       0.04          2        892     446.00   24907.85       0.00          0
  lex dual LP      :       0.00          0          0       0.00          -
  barrier LP       :       0.00          0          0       0.00          -       0.00          0
  resolve instable :       0.00          0          0       0.00          -
  diving/probing LP:       0.00          3        457     152.33          -
  strong branching :       0.00          0          0       0.00          -          -          -          0
    (at root node) :          -          0          0       0.00          -
  conflict analysis:       0.00          0          0       0.00          -
B&B Tree           :
  number of runs   :          1
  nodes            :          1 (0 internal, 1 leaves)
  feasible leaves  :          0
  infeas. leaves   :          0
  objective leaves :          1
  nodes (total)    :          1 (0 internal, 1 leaves)
  nodes left       :          0
  max depth        :          0
  max depth (total):          0
  backtracks       :          0 (0.0%)
  early backtracks :          0 (0.0%)
  nodes exc. ref.  :          0 (0.0%)
  delayed cutoffs  :          0
  repropagations   :          0 (0 domain reductions, 0 cutoffs)
  avg switch length:       2.00
  switching time   :       0.00
Estim. Tree Size   :          1
Estimation Tree    : 1 nodes (1 visited, 0 internal, 1 leaves, 0 open), weight: 1.0000 completed 1.0000
Estimations        :      estim      value      trend resolution     smooth
  wbe              :          1          -          -          -          -
  tree-profile     :         -1          -          -          -          -
  gap              :          1    1.00000    1.00000          1          1
  tree-weight      :          1    1.00000    1.00000          1          1
  leaf-frequency   :          1    0.50000    1.00000          1          1
  ssg              :          1    0.00000   -1.00000          1          1
  open-nodes       :          1    0.00000    0.00000          1          1
Root Node          :
  First LP value   : -2.23600320968742e+00
  First LP Iters   :        890 (25213.89 Iter/sec)
  First LP Time    :       0.04
  Final Dual Bound : -2.23600320968742e+00
  Final Root Iters :       1349
  Root LP Estimate :                     -
Solution           :
  Solutions found  :          2 (2 improvements)
  First Solution   : -2.20242914979757e+00   (in run 1, after 1 nodes, 5.41 seconds, depth 0, found by <feaspump>)
  Gap First Sol.   :       1.52 %
  Gap Last Sol.    :       0.00 %
  Primal Bound     : -2.23600320968742e+00   (in run 1, after 1 nodes, 5.43 seconds, depth 4, found by <randrounding>)
  Dual Bound       : -2.23600320968742e+00
  Gap              :       0.00 %
Integrals          :      Total       Avg%
  primal-dual      :     540.77      99.62
  primal-ref       :          -          - (not evaluated)
  dual-ref         :          -          - (not evaluated)
