GLPSOL--GLPK LP/MIP Solver 5.0
Parameter(s) specified in the command line:
 --lp ../modeles/10_264.lp --log 10_264.log
Reading problem data from '../modeles/10_264.lp'...
2681 rows, 5300 columns, 18510 non-zeros
2640 integer variables, all of which are binary
7997 lines were read
GLPK Integer Optimizer 5.0
2681 rows, 5300 columns, 18510 non-zeros
2640 integer variables, all of which are binary
Preprocessing...
2620 constraint coefficient(s) were reduced
2681 rows, 5290 columns, 18500 non-zeros
2640 integer variables, all of which are binary
Scaling...
 A: min|aij| =  2.296e-04  max|aij| =  4.000e+00  ratio =  1.742e+04
GM: min|aij| =  8.704e-02  max|aij| =  1.149e+01  ratio =  1.320e+02
EQ: min|aij| =  7.576e-03  max|aij| =  1.000e+00  ratio =  1.320e+02
2N: min|aij| =  3.673e-03  max|aij| =  1.708e+00  ratio =  4.650e+02
Constructing initial basis...
Size of triangular part is 2681
Solving LP relaxation...
GLPK Simplex Optimizer 5.0
2681 rows, 5290 columns, 18500 non-zeros
      0: obj =   2.000000000e+01 inf =   4.110e+02 (21)
    209: obj =   2.755790259e-01 inf =   0.000e+00 (0)
*   505: obj =  -3.161862528e+00 inf =   2.940e-15 (0)
OPTIMAL LP SOLUTION FOUND
Integer optimization begins...
Long-step dual simplex will be used
+   505: mip =     not found yet >=              -inf        (1; 0)
+   507: >>>>>  -3.161862528e+00 >=  -3.161862528e+00 < 0.1% (3; 0)
+   507: mip =  -3.161862528e+00 >=     tree is empty   0.0% (0; 5)
INTEGER OPTIMAL SOLUTION FOUND
Time used:   0.1 secs
Memory used: 7.7 Mb (8044404 bytes)
