GLPSOL--GLPK LP/MIP Solver 5.0
Parameter(s) specified in the command line:
 --lp ../modeles/10_259.lp --log 10_259.log
Reading problem data from '../modeles/10_259.lp'...
2631 rows, 5200 columns, 18180 non-zeros
2590 integer variables, all of which are binary
7847 lines were read
GLPK Integer Optimizer 5.0
2631 rows, 5200 columns, 18180 non-zeros
2590 integer variables, all of which are binary
Preprocessing...
2580 constraint coefficient(s) were reduced
2631 rows, 5190 columns, 18170 non-zeros
2590 integer variables, all of which are binary
Scaling...
 A: min|aij| =  5.963e-05  max|aij| =  4.000e+00  ratio =  6.708e+04
GM: min|aij| =  6.214e-02  max|aij| =  1.609e+01  ratio =  2.590e+02
EQ: min|aij| =  3.861e-03  max|aij| =  1.000e+00  ratio =  2.590e+02
2N: min|aij| =  3.816e-03  max|aij| =  1.764e+00  ratio =  4.623e+02
Constructing initial basis...
Size of triangular part is 2631
Solving LP relaxation...
GLPK Simplex Optimizer 5.0
2631 rows, 5190 columns, 18170 non-zeros
      0: obj =   2.000000000e+01 inf =   4.950e+01 (21)
    169: obj =   4.997093023e-01 inf =   0.000e+00 (0)
*   502: obj =  -3.162186293e+00 inf =   2.066e-14 (0)
OPTIMAL LP SOLUTION FOUND
Integer optimization begins...
Long-step dual simplex will be used
+   502: mip =     not found yet >=              -inf        (1; 0)
+   506: >>>>>  -3.162186293e+00 >=  -3.162186293e+00 < 0.1% (3; 0)
+   506: mip =  -3.162186293e+00 >=     tree is empty   0.0% (0; 5)
INTEGER OPTIMAL SOLUTION FOUND
Time used:   0.1 secs
Memory used: 7.5 Mb (7815686 bytes)
