GLPSOL--GLPK LP/MIP Solver 5.0
Parameter(s) specified in the command line:
 --lp ../modeles/15_189.lp --log 15_189.log
Reading problem data from '../modeles/15_189.lp'...
2896 rows, 5700 columns, 19920 non-zeros
2835 integer variables, all of which are binary
8617 lines were read
GLPK Integer Optimizer 5.0
2896 rows, 5700 columns, 19920 non-zeros
2835 integer variables, all of which are binary
Preprocessing...
2790 constraint coefficient(s) were reduced
2896 rows, 5685 columns, 19905 non-zeros
2835 integer variables, all of which are binary
Scaling...
 A: min|aij| =  1.120e-04  max|aij| =  4.000e+00  ratio =  3.572e+04
GM: min|aij| =  7.274e-02  max|aij| =  1.375e+01  ratio =  1.890e+02
EQ: min|aij| =  5.291e-03  max|aij| =  1.000e+00  ratio =  1.890e+02
2N: min|aij| =  3.583e-03  max|aij| =  1.747e+00  ratio =  4.875e+02
Constructing initial basis...
Size of triangular part is 2896
Solving LP relaxation...
GLPK Simplex Optimizer 5.0
2896 rows, 5685 columns, 19905 non-zeros
      0: obj =   3.000000000e+01 inf =   7.450e+01 (31)
    194: obj =   4.991741321e-01 inf =   0.000e+00 (0)
*   691: obj =  -3.870205026e+00 inf =   3.073e-15 (0)
OPTIMAL LP SOLUTION FOUND
Integer optimization begins...
Long-step dual simplex will be used
+   691: mip =     not found yet >=              -inf        (1; 0)
+   904: >>>>>  -3.870205026e+00 >=  -3.870205026e+00 < 0.1% (207; 0)
+   904: mip =  -3.870205026e+00 >=     tree is empty   0.0% (0; 413)
INTEGER OPTIMAL SOLUTION FOUND
Time used:   1.2 secs
Memory used: 8.3 Mb (8655483 bytes)
