GLPSOL--GLPK LP/MIP Solver 5.0
Parameter(s) specified in the command line:
 --lp ../modeles/15_169.lp --log 15_169.log
Reading problem data from '../modeles/15_169.lp'...
2596 rows, 5100 columns, 17820 non-zeros
2535 integer variables, all of which are binary
7717 lines were read
GLPK Integer Optimizer 5.0
2596 rows, 5100 columns, 17820 non-zeros
2535 integer variables, all of which are binary
Preprocessing...
2490 constraint coefficient(s) were reduced
2596 rows, 5085 columns, 17805 non-zeros
2535 integer variables, all of which are binary
Scaling...
 A: min|aij| =  1.401e-04  max|aij| =  4.000e+00  ratio =  2.856e+04
GM: min|aij| =  7.692e-02  max|aij| =  1.300e+01  ratio =  1.690e+02
EQ: min|aij| =  5.917e-03  max|aij| =  1.000e+00  ratio =  1.690e+02
2N: min|aij| =  4.482e-03  max|aij| =  1.771e+00  ratio =  3.951e+02
Constructing initial basis...
Size of triangular part is 2596
Solving LP relaxation...
GLPK Simplex Optimizer 5.0
2596 rows, 5085 columns, 17805 non-zeros
      0: obj =   3.000000000e+01 inf =   7.450e+01 (31)
    194: obj =   4.989670868e-01 inf =   0.000e+00 (0)
*   665: obj =  -3.869082840e+00 inf =   1.812e-15 (0)
OPTIMAL LP SOLUTION FOUND
Integer optimization begins...
Long-step dual simplex will be used
+   665: mip =     not found yet >=              -inf        (1; 0)
+   903: >>>>>  -3.869082840e+00 >=  -3.869082840e+00 < 0.1% (228; 0)
+   903: mip =  -3.869082840e+00 >=     tree is empty   0.0% (0; 455)
INTEGER OPTIMAL SOLUTION FOUND
Time used:   1.3 secs
Memory used: 7.4 Mb (7775699 bytes)
