GLPSOL--GLPK LP/MIP Solver 5.0
Parameter(s) specified in the command line:
 --lp ../modeles/20_64.lp --log 20_64.log
Reading problem data from '../modeles/20_64.lp'...
1361 rows, 2600 columns, 9020 non-zeros
1280 integer variables, all of which are binary
3987 lines were read
GLPK Integer Optimizer 5.0
1361 rows, 2600 columns, 9020 non-zeros
1280 integer variables, all of which are binary
Preprocessing...
1240 constraint coefficient(s) were reduced
1361 rows, 2580 columns, 9000 non-zeros
1280 integer variables, all of which are binary
Scaling...
 A: min|aij| =  3.906e-03  max|aij| =  4.000e+00  ratio =  1.024e+03
GM: min|aij| =  1.768e-01  max|aij| =  5.657e+00  ratio =  3.200e+01
EQ: min|aij| =  3.125e-02  max|aij| =  1.000e+00  ratio =  3.200e+01
2N: min|aij| =  3.125e-02  max|aij| =  1.638e+00  ratio =  5.243e+01
Constructing initial basis...
Size of triangular part is 1361
Solving LP relaxation...
GLPK Simplex Optimizer 5.0
1361 rows, 2580 columns, 9000 non-zeros
      0: obj =   4.000000000e+01 inf =   9.950e+01 (41)
    219: obj =  -1.452765541e+00 inf =   0.000e+00 (0)
*   548: obj =  -4.428571429e+00 inf =   9.833e-16 (0)
OPTIMAL LP SOLUTION FOUND
Integer optimization begins...
Long-step dual simplex will be used
+   548: mip =     not found yet >=              -inf        (1; 0)
+   580: >>>>>  -4.428571429e+00 >=  -4.428571429e+00   0.0% (24; 0)
+   580: mip =  -4.428571429e+00 >=     tree is empty   0.0% (0; 47)
INTEGER OPTIMAL SOLUTION FOUND
Time used:   0.1 secs
Memory used: 4.0 Mb (4145528 bytes)
