GLPSOL--GLPK LP/MIP Solver 5.0
Parameter(s) specified in the command line:
 --lp ../modeles/2_129.lp --log 2_129.log
Reading problem data from '../modeles/2_129.lp'...
267 rows, 520 columns, 1816 non-zeros
258 integer variables, all of which are binary
795 lines were read
GLPK Integer Optimizer 5.0
267 rows, 520 columns, 1816 non-zeros
258 integer variables, all of which are binary
Preprocessing...
252 constraint coefficient(s) were reduced
267 rows, 518 columns, 1814 non-zeros
258 integer variables, all of which are binary
Scaling...
 A: min|aij| =  2.404e-04  max|aij| =  4.000e+00  ratio =  1.664e+04
GM: min|aij| =  8.805e-02  max|aij| =  1.136e+01  ratio =  1.290e+02
EQ: min|aij| =  7.752e-03  max|aij| =  1.000e+00  ratio =  1.290e+02
2N: min|aij| =  7.692e-03  max|aij| =  1.769e+00  ratio =  2.299e+02
Constructing initial basis...
Size of triangular part is 267
Solving LP relaxation...
GLPK Simplex Optimizer 5.0
267 rows, 518 columns, 1814 non-zeros
      0: obj =   4.000000000e+00 inf =   9.500e+00 (5)
     21: obj =   4.997896635e-01 inf =   0.000e+00 (0)
*    97: obj =  -1.413928210e+00 inf =   3.059e-17 (0)
OPTIMAL LP SOLUTION FOUND
Integer optimization begins...
Long-step dual simplex will be used
+    97: mip =     not found yet >=              -inf        (1; 0)
+   246: >>>>>  -1.413928210e+00 >=  -1.413928210e+00 < 0.1% (149; 0)
+   246: mip =  -1.413928210e+00 >=     tree is empty   0.0% (0; 297)
INTEGER OPTIMAL SOLUTION FOUND
Time used:   0.0 secs
Memory used: 0.8 Mb (835532 bytes)
