GLPSOL--GLPK LP/MIP Solver 5.0
Parameter(s) specified in the command line:
 --lp ../modeles/2_254.lp --log 2_254.log
Reading problem data from '../modeles/2_254.lp'...
517 rows, 1020 columns, 3562 non-zeros
508 integer variables, all of which are binary
1545 lines were read
GLPK Integer Optimizer 5.0
517 rows, 1020 columns, 3562 non-zeros
508 integer variables, all of which are binary
Preprocessing...
500 constraint coefficient(s) were reduced
517 rows, 1018 columns, 3560 non-zeros
508 integer variables, all of which are binary
Scaling...
 A: min|aij| =  2.480e-04  max|aij| =  4.000e+00  ratio =  1.613e+04
GM: min|aij| =  8.874e-02  max|aij| =  1.127e+01  ratio =  1.270e+02
EQ: min|aij| =  7.874e-03  max|aij| =  1.000e+00  ratio =  1.270e+02
2N: min|aij| =  7.812e-03  max|aij| =  1.750e+00  ratio =  2.240e+02
Constructing initial basis...
Size of triangular part is 517
Solving LP relaxation...
GLPK Simplex Optimizer 5.0
517 rows, 1018 columns, 3560 non-zeros
      0: obj =   4.000000000e+00 inf =   9.500e+00 (5)
     33: obj =   4.581124237e-01 inf =   0.000e+00 (0)
*   134: obj =  -1.414182076e+00 inf =   1.353e-16 (0)
OPTIMAL LP SOLUTION FOUND
Integer optimization begins...
Long-step dual simplex will be used
+   134: mip =     not found yet >=              -inf        (1; 0)
+   175: >>>>>  -1.414182076e+00 >=  -1.414182076e+00   0.0% (42; 0)
+   175: mip =  -1.414182076e+00 >=     tree is empty   0.0% (0; 83)
INTEGER OPTIMAL SOLUTION FOUND
Time used:   0.0 secs
Memory used: 1.5 Mb (1596722 bytes)
