GLPSOL--GLPK LP/MIP Solver 5.0
Parameter(s) specified in the command line:
 --lp ../modeles/2_339.lp --log 2_339.log
Reading problem data from '../modeles/2_339.lp'...
687 rows, 1360 columns, 4756 non-zeros
678 integer variables, all of which are binary
2055 lines were read
GLPK Integer Optimizer 5.0
687 rows, 1360 columns, 4756 non-zeros
678 integer variables, all of which are binary
Preprocessing...
668 constraint coefficient(s) were reduced
687 rows, 1358 columns, 4754 non-zeros
678 integer variables, all of which are binary
Scaling...
 A: min|aij| =  3.481e-05  max|aij| =  4.000e+00  ratio =  1.149e+05
GM: min|aij| =  5.431e-02  max|aij| =  1.841e+01  ratio =  3.390e+02
EQ: min|aij| =  2.950e-03  max|aij| =  1.000e+00  ratio =  3.390e+02
2N: min|aij| =  2.228e-03  max|aij| =  1.767e+00  ratio =  7.934e+02
Constructing initial basis...
Size of triangular part is 687
Solving LP relaxation...
GLPK Simplex Optimizer 5.0
687 rows, 1358 columns, 4754 non-zeros
      0: obj =   4.000000000e+00 inf =   9.500e+00 (5)
     37: obj =   4.999695440e-01 inf =   0.000e+00 (0)
*   145: obj =  -1.414165438e+00 inf =   8.609e-17 (0)
OPTIMAL LP SOLUTION FOUND
Integer optimization begins...
Long-step dual simplex will be used
+   145: mip =     not found yet >=              -inf        (1; 0)
+   539: >>>>>  -1.414165438e+00 >=  -1.414165438e+00   0.0% (394; 0)
+   539: mip =  -1.414165438e+00 >=     tree is empty   0.0% (0; 787)
INTEGER OPTIMAL SOLUTION FOUND
Time used:   0.3 secs
Memory used: 2.0 Mb (2137766 bytes)
