GLPSOL--GLPK LP/MIP Solver 5.0
Parameter(s) specified in the command line:
 --lp ../modeles/2_444.lp --log 2_444.log
Reading problem data from '../modeles/2_444.lp'...
897 rows, 1780 columns, 6222 non-zeros
888 integer variables, all of which are binary
2685 lines were read
GLPK Integer Optimizer 5.0
897 rows, 1780 columns, 6222 non-zeros
888 integer variables, all of which are binary
Preprocessing...
876 constraint coefficient(s) were reduced
897 rows, 1778 columns, 6220 non-zeros
888 integer variables, all of which are binary
Scaling...
 A: min|aij| =  8.116e-05  max|aij| =  4.000e+00  ratio =  4.928e+04
GM: min|aij| =  6.712e-02  max|aij| =  1.490e+01  ratio =  2.220e+02
EQ: min|aij| =  4.505e-03  max|aij| =  1.000e+00  ratio =  2.220e+02
2N: min|aij| =  3.906e-03  max|aij| =  1.705e+00  ratio =  4.366e+02
Constructing initial basis...
Size of triangular part is 897
Solving LP relaxation...
GLPK Simplex Optimizer 5.0
897 rows, 1778 columns, 6220 non-zeros
      0: obj =   4.000000000e+00 inf =   1.070e+02 (5)
     61: obj =   4.761726003e-01 inf =   0.000e+00 (0)
*   199: obj =  -1.414184886e+00 inf =   7.153e-16 (0)
OPTIMAL LP SOLUTION FOUND
Integer optimization begins...
Long-step dual simplex will be used
+   199: mip =     not found yet >=              -inf        (1; 0)
+   441: >>>>>  -1.414181924e+00 >=  -1.414184886e+00 < 0.1% (241; 0)
+   442: >>>>>  -1.414184886e+00 >=  -1.414184886e+00   0.0% (1; 241)
+   442: mip =  -1.414184886e+00 >=     tree is empty   0.0% (0; 481)
INTEGER OPTIMAL SOLUTION FOUND
Time used:   0.4 secs
Memory used: 2.7 Mb (2853250 bytes)
