GLPSOL--GLPK LP/MIP Solver 5.0
Parameter(s) specified in the command line:
 --lp ../modeles/2_99.lp --log 2_99.log
Reading problem data from '../modeles/2_99.lp'...
207 rows, 400 columns, 1396 non-zeros
198 integer variables, all of which are binary
615 lines were read
GLPK Integer Optimizer 5.0
207 rows, 400 columns, 1396 non-zeros
198 integer variables, all of which are binary
Preprocessing...
196 constraint coefficient(s) were reduced
207 rows, 398 columns, 1394 non-zeros
198 integer variables, all of which are binary
Scaling...
 A: min|aij| =  4.081e-04  max|aij| =  4.000e+00  ratio =  9.801e+03
GM: min|aij| =  1.005e-01  max|aij| =  9.950e+00  ratio =  9.900e+01
EQ: min|aij| =  1.010e-02  max|aij| =  1.000e+00  ratio =  9.900e+01
2N: min|aij| =  7.812e-03  max|aij| =  1.742e+00  ratio =  2.230e+02
Constructing initial basis...
Size of triangular part is 207
Solving LP relaxation...
GLPK Simplex Optimizer 5.0
207 rows, 398 columns, 1394 non-zeros
      0: obj =   4.000000000e+00 inf =   9.500e+00 (5)
     17: obj =   4.996428571e-01 inf =   0.000e+00 (0)
*    84: obj =  -1.414211560e+00 inf =   3.441e-17 (0)
OPTIMAL LP SOLUTION FOUND
Integer optimization begins...
Long-step dual simplex will be used
+    84: mip =     not found yet >=              -inf        (1; 0)
+   100: >>>>>  -1.414211560e+00 >=  -1.414211560e+00 < 0.1% (17; 0)
+   100: mip =  -1.414211560e+00 >=     tree is empty   0.0% (0; 33)
INTEGER OPTIMAL SOLUTION FOUND
Time used:   0.0 secs
Memory used: 0.6 Mb (641702 bytes)
