GLPSOL--GLPK LP/MIP Solver 5.0
Parameter(s) specified in the command line:
 --lp ../modeles/4_129.lp --log 4_129.log
Reading problem data from '../modeles/4_129.lp'...
533 rows, 1040 columns, 3632 non-zeros
516 integer variables, all of which are binary
1583 lines were read
GLPK Integer Optimizer 5.0
533 rows, 1040 columns, 3632 non-zeros
516 integer variables, all of which are binary
Preprocessing...
504 constraint coefficient(s) were reduced
533 rows, 1036 columns, 3628 non-zeros
516 integer variables, all of which are binary
Scaling...
 A: min|aij| =  2.404e-04  max|aij| =  4.000e+00  ratio =  1.664e+04
GM: min|aij| =  8.805e-02  max|aij| =  1.136e+01  ratio =  1.290e+02
EQ: min|aij| =  7.752e-03  max|aij| =  1.000e+00  ratio =  1.290e+02
2N: min|aij| =  7.692e-03  max|aij| =  1.769e+00  ratio =  2.299e+02
Constructing initial basis...
Size of triangular part is 533
Solving LP relaxation...
GLPK Simplex Optimizer 5.0
533 rows, 1036 columns, 3628 non-zeros
      0: obj =   8.000000000e+00 inf =   1.950e+01 (9)
     43: obj =   4.995492788e-01 inf =   0.000e+00 (0)
*   188: obj =  -1.999091570e+00 inf =   7.822e-16 (0)
OPTIMAL LP SOLUTION FOUND
Integer optimization begins...
Long-step dual simplex will be used
+   188: mip =     not found yet >=              -inf        (1; 0)
+   190: >>>>>  -1.999091570e+00 >=  -1.999091570e+00 < 0.1% (3; 0)
+   190: mip =  -1.999091570e+00 >=     tree is empty   0.0% (0; 5)
INTEGER OPTIMAL SOLUTION FOUND
Time used:   0.0 secs
Memory used: 1.5 Mb (1588564 bytes)
