GLPSOL--GLPK LP/MIP Solver 5.0
Parameter(s) specified in the command line:
 --lp ../modeles/4_184.lp --log 4_184.log
Reading problem data from '../modeles/4_184.lp'...
753 rows, 1480 columns, 5164 non-zeros
736 integer variables, all of which are binary
2243 lines were read
GLPK Integer Optimizer 5.0
753 rows, 1480 columns, 5164 non-zeros
736 integer variables, all of which are binary
Preprocessing...
728 constraint coefficient(s) were reduced
753 rows, 1476 columns, 5160 non-zeros
736 integer variables, all of which are binary
Scaling...
 A: min|aij| =  4.726e-04  max|aij| =  4.000e+00  ratio =  8.464e+03
GM: min|aij| =  1.043e-01  max|aij| =  9.592e+00  ratio =  9.200e+01
EQ: min|aij| =  1.087e-02  max|aij| =  1.000e+00  ratio =  9.200e+01
2N: min|aij| =  7.561e-03  max|aij| =  1.727e+00  ratio =  2.284e+02
Constructing initial basis...
Size of triangular part is 753
Solving LP relaxation...
GLPK Simplex Optimizer 5.0
753 rows, 1476 columns, 5160 non-zeros
      0: obj =   8.000000000e+00 inf =   1.950e+01 (9)
     51: obj =   3.754653430e-01 inf =   0.000e+00 (0)
*   210: obj =  -2.000000000e+00 inf =   6.920e-15 (0)
OPTIMAL LP SOLUTION FOUND
Integer optimization begins...
Long-step dual simplex will be used
+   210: mip =     not found yet >=              -inf        (1; 0)
+   210: >>>>>  -2.000000000e+00 >=  -2.000000000e+00   0.0% (1; 0)
+   210: mip =  -2.000000000e+00 >=     tree is empty   0.0% (0; 1)
INTEGER OPTIMAL SOLUTION FOUND
Time used:   0.0 secs
Memory used: 2.1 Mb (2176990 bytes)
