GLPSOL--GLPK LP/MIP Solver 5.0
Parameter(s) specified in the command line:
 --lp ../modeles/4_224.lp --log 4_224.log
Reading problem data from '../modeles/4_224.lp'...
913 rows, 1800 columns, 6284 non-zeros
896 integer variables, all of which are binary
2723 lines were read
GLPK Integer Optimizer 5.0
913 rows, 1800 columns, 6284 non-zeros
896 integer variables, all of which are binary
Preprocessing...
888 constraint coefficient(s) were reduced
913 rows, 1796 columns, 6280 non-zeros
896 integer variables, all of which are binary
Scaling...
 A: min|aij| =  3.189e-04  max|aij| =  4.000e+00  ratio =  1.254e+04
GM: min|aij| =  9.449e-02  max|aij| =  1.058e+01  ratio =  1.120e+02
EQ: min|aij| =  8.929e-03  max|aij| =  1.000e+00  ratio =  1.120e+02
2N: min|aij| =  5.102e-03  max|aij| =  1.696e+00  ratio =  3.324e+02
Constructing initial basis...
Size of triangular part is 913
Solving LP relaxation...
GLPK Simplex Optimizer 5.0
913 rows, 1796 columns, 6280 non-zeros
      0: obj =   8.000000000e+00 inf =   1.140e+02 (9)
     75: obj =   3.980385121e-01 inf =   0.000e+00 (0)
*   199: obj =  -2.000000000e+00 inf =   3.851e-15 (0)
OPTIMAL LP SOLUTION FOUND
Integer optimization begins...
Long-step dual simplex will be used
+   199: mip =     not found yet >=              -inf        (1; 0)
+   199: >>>>>  -2.000000000e+00 >=  -2.000000000e+00   0.0% (1; 0)
+   199: mip =  -2.000000000e+00 >=     tree is empty   0.0% (0; 1)
INTEGER OPTIMAL SOLUTION FOUND
Time used:   0.0 secs
Memory used: 2.6 Mb (2691454 bytes)
