GLPSOL--GLPK LP/MIP Solver 5.0
Parameter(s) specified in the command line:
 --lp ../modeles/4_329.lp --log 4_329.log
Reading problem data from '../modeles/4_329.lp'...
1333 rows, 2640 columns, 9232 non-zeros
1316 integer variables, all of which are binary
3983 lines were read
GLPK Integer Optimizer 5.0
1333 rows, 2640 columns, 9232 non-zeros
1316 integer variables, all of which are binary
Preprocessing...
1304 constraint coefficient(s) were reduced
1333 rows, 2636 columns, 9228 non-zeros
1316 integer variables, all of which are binary
Scaling...
 A: min|aij| =  3.695e-05  max|aij| =  4.000e+00  ratio =  1.082e+05
GM: min|aij| =  5.513e-02  max|aij| =  1.814e+01  ratio =  3.290e+02
EQ: min|aij| =  3.040e-03  max|aij| =  1.000e+00  ratio =  3.290e+02
2N: min|aij| =  2.365e-03  max|aij| =  1.774e+00  ratio =  7.502e+02
Constructing initial basis...
Size of triangular part is 1333
Solving LP relaxation...
GLPK Simplex Optimizer 5.0
1333 rows, 2636 columns, 9228 non-zeros
      0: obj =   8.000000000e+00 inf =   1.950e+01 (9)
     75: obj =   4.999307095e-01 inf =   0.000e+00 (0)
*   257: obj =  -1.999860998e+00 inf =   1.423e-15 (0)
OPTIMAL LP SOLUTION FOUND
Integer optimization begins...
Long-step dual simplex will be used
+   257: mip =     not found yet >=              -inf        (1; 0)
+   449: >>>>>  -1.999860998e+00 >=  -1.999860998e+00 < 0.1% (191; 0)
+   449: mip =  -1.999860998e+00 >=     tree is empty   0.0% (0; 381)
INTEGER OPTIMAL SOLUTION FOUND
Time used:   0.4 secs
Memory used: 3.8 Mb (4030962 bytes)
