GLPSOL--GLPK LP/MIP Solver 5.0
Parameter(s) specified in the command line:
 --lp ../modeles/4_344.lp --log 4_344.log
Reading problem data from '../modeles/4_344.lp'...
1393 rows, 2760 columns, 9644 non-zeros
1376 integer variables, all of which are binary
4163 lines were read
GLPK Integer Optimizer 5.0
1393 rows, 2760 columns, 9644 non-zeros
1376 integer variables, all of which are binary
Preprocessing...
1368 constraint coefficient(s) were reduced
1393 rows, 2756 columns, 9640 non-zeros
1376 integer variables, all of which are binary
Scaling...
 A: min|aij| =  1.352e-04  max|aij| =  4.000e+00  ratio =  2.958e+04
GM: min|aij| =  7.625e-02  max|aij| =  1.311e+01  ratio =  1.720e+02
EQ: min|aij| =  5.814e-03  max|aij| =  1.000e+00  ratio =  1.720e+02
2N: min|aij| =  3.906e-03  max|aij| =  1.751e+00  ratio =  4.481e+02
Constructing initial basis...
Size of triangular part is 1393
Solving LP relaxation...
GLPK Simplex Optimizer 5.0
1393 rows, 2756 columns, 9640 non-zeros
      0: obj =   8.000000000e+00 inf =   1.950e+01 (9)
     83: obj =   4.339536535e-01 inf =   0.000e+00 (0)
*   277: obj =  -2.000000000e+00 inf =   7.996e-15 (0)
OPTIMAL LP SOLUTION FOUND
Integer optimization begins...
Long-step dual simplex will be used
+   277: mip =     not found yet >=              -inf        (1; 0)
+   277: >>>>>  -2.000000000e+00 >=  -2.000000000e+00   0.0% (1; 0)
+   277: mip =  -2.000000000e+00 >=     tree is empty   0.0% (0; 1)
INTEGER OPTIMAL SOLUTION FOUND
Time used:   0.0 secs
Memory used: 3.9 Mb (4045982 bytes)
