GLPSOL--GLPK LP/MIP Solver 5.0
Parameter(s) specified in the command line:
 --lp ../modeles/4_384.lp --log 4_384.log
Reading problem data from '../modeles/4_384.lp'...
1553 rows, 3080 columns, 10764 non-zeros
1536 integer variables, all of which are binary
4643 lines were read
GLPK Integer Optimizer 5.0
1553 rows, 3080 columns, 10764 non-zeros
1536 integer variables, all of which are binary
Preprocessing...
1528 constraint coefficient(s) were reduced
1553 rows, 3076 columns, 10760 non-zeros
1536 integer variables, all of which are binary
Scaling...
 A: min|aij| =  1.085e-04  max|aij| =  4.000e+00  ratio =  3.686e+04
GM: min|aij| =  7.217e-02  max|aij| =  1.386e+01  ratio =  1.920e+02
EQ: min|aij| =  5.208e-03  max|aij| =  1.000e+00  ratio =  1.920e+02
2N: min|aij| =  3.472e-03  max|aij| =  1.753e+00  ratio =  5.050e+02
Constructing initial basis...
Size of triangular part is 1553
Solving LP relaxation...
GLPK Simplex Optimizer 5.0
1553 rows, 3076 columns, 10760 non-zeros
      0: obj =   8.000000000e+00 inf =   1.950e+01 (9)
     91: obj =   4.408936153e-01 inf =   0.000e+00 (0)
*   320: obj =  -2.000000000e+00 inf =   9.810e-15 (0)
OPTIMAL LP SOLUTION FOUND
Integer optimization begins...
Long-step dual simplex will be used
+   320: mip =     not found yet >=              -inf        (1; 0)
+   320: >>>>>  -2.000000000e+00 >=  -2.000000000e+00   0.0% (1; 0)
+   320: mip =  -2.000000000e+00 >=     tree is empty   0.0% (0; 1)
INTEGER OPTIMAL SOLUTION FOUND
Time used:   0.0 secs
Memory used: 4.3 Mb (4494814 bytes)
