GLPSOL--GLPK LP/MIP Solver 5.0
Parameter(s) specified in the command line:
 --lp ../modeles/4_419.lp --log 4_419.log
Reading problem data from '../modeles/4_419.lp'...
1693 rows, 3360 columns, 11752 non-zeros
1676 integer variables, all of which are binary
5063 lines were read
GLPK Integer Optimizer 5.0
1693 rows, 3360 columns, 11752 non-zeros
1676 integer variables, all of which are binary
Preprocessing...
1656 constraint coefficient(s) were reduced
1693 rows, 3356 columns, 11748 non-zeros
1676 integer variables, all of which are binary
Scaling...
 A: min|aij| =  2.278e-05  max|aij| =  4.000e+00  ratio =  1.756e+05
GM: min|aij| =  4.885e-02  max|aij| =  2.047e+01  ratio =  4.190e+02
EQ: min|aij| =  2.387e-03  max|aij| =  1.000e+00  ratio =  4.190e+02
2N: min|aij| =  1.953e-03  max|aij| =  1.769e+00  ratio =  9.059e+02
Constructing initial basis...
Size of triangular part is 1693
Solving LP relaxation...
GLPK Simplex Optimizer 5.0
1693 rows, 3356 columns, 11748 non-zeros
      0: obj =   8.000000000e+00 inf =   1.950e+01 (9)
     91: obj =   4.999572796e-01 inf =   0.000e+00 (0)
*   300: obj =  -1.999959840e+00 inf =   1.183e-15 (0)
OPTIMAL LP SOLUTION FOUND
Integer optimization begins...
Long-step dual simplex will be used
+   300: mip =     not found yet >=              -inf        (1; 0)
+   541: >>>>>  -1.999959840e+00 >=  -1.999959840e+00   0.0% (241; 0)
+   541: mip =  -1.999959840e+00 >=     tree is empty   0.0% (0; 481)
INTEGER OPTIMAL SOLUTION FOUND
Time used:   0.6 secs
Memory used: 5.0 Mb (5214086 bytes)
