GLPSOL--GLPK LP/MIP Solver 5.0
Parameter(s) specified in the command line:
 --lp ../modeles/4_64.lp --log 4_64.log
Reading problem data from '../modeles/4_64.lp'...
273 rows, 520 columns, 1804 non-zeros
256 integer variables, all of which are binary
803 lines were read
GLPK Integer Optimizer 5.0
273 rows, 520 columns, 1804 non-zeros
256 integer variables, all of which are binary
Preprocessing...
248 constraint coefficient(s) were reduced
273 rows, 516 columns, 1800 non-zeros
256 integer variables, all of which are binary
Scaling...
 A: min|aij| =  3.906e-03  max|aij| =  4.000e+00  ratio =  1.024e+03
GM: min|aij| =  1.768e-01  max|aij| =  5.657e+00  ratio =  3.200e+01
EQ: min|aij| =  3.125e-02  max|aij| =  1.000e+00  ratio =  3.200e+01
2N: min|aij| =  3.125e-02  max|aij| =  1.638e+00  ratio =  5.243e+01
Constructing initial basis...
Size of triangular part is 273
Solving LP relaxation...
GLPK Simplex Optimizer 5.0
273 rows, 516 columns, 1800 non-zeros
      0: obj =   8.000000000e+00 inf =   1.950e+01 (9)
     43: obj =   1.292217327e-01 inf =   0.000e+00 (0)
*   128: obj =  -2.000000000e+00 inf =   1.769e-15 (0)
OPTIMAL LP SOLUTION FOUND
Integer optimization begins...
Long-step dual simplex will be used
+   128: mip =     not found yet >=              -inf        (1; 0)
+   128: >>>>>  -2.000000000e+00 >=  -2.000000000e+00   0.0% (1; 0)
+   128: mip =  -2.000000000e+00 >=     tree is empty   0.0% (0; 1)
INTEGER OPTIMAL SOLUTION FOUND
Time used:   0.0 secs
Memory used: 0.8 Mb (793662 bytes)
