GLPSOL--GLPK LP/MIP Solver 5.0
Parameter(s) specified in the command line:
 --lp ../modeles/5_139.lp --log 5_139.log
Reading problem data from '../modeles/5_139.lp'...
716 rows, 1400 columns, 4890 non-zeros
695 integer variables, all of which are binary
2127 lines were read
GLPK Integer Optimizer 5.0
716 rows, 1400 columns, 4890 non-zeros
695 integer variables, all of which are binary
Preprocessing...
690 constraint coefficient(s) were reduced
716 rows, 1395 columns, 4885 non-zeros
695 integer variables, all of which are binary
Scaling...
 A: min|aij| =  2.070e-04  max|aij| =  4.000e+00  ratio =  1.932e+04
GM: min|aij| =  8.482e-02  max|aij| =  1.179e+01  ratio =  1.390e+02
EQ: min|aij| =  7.194e-03  max|aij| =  1.000e+00  ratio =  1.390e+02
2N: min|aij| =  3.312e-03  max|aij| =  1.688e+00  ratio =  5.095e+02
Constructing initial basis...
Size of triangular part is 716
Solving LP relaxation...
GLPK Simplex Optimizer 5.0
716 rows, 1395 columns, 4885 non-zeros
      0: obj =   1.000000000e+01 inf =   2.035e+02 (11)
     64: obj =   4.995082816e-01 inf =   0.000e+00 (0)
*   212: obj =  -2.235892536e+00 inf =   7.413e-15 (0)
OPTIMAL LP SOLUTION FOUND
Integer optimization begins...
Long-step dual simplex will be used
+   212: mip =     not found yet >=              -inf        (1; 0)
+   214: >>>>>  -2.235892536e+00 >=  -2.235892536e+00 < 0.1% (3; 0)
+   214: mip =  -2.235892536e+00 >=     tree is empty   0.0% (0; 5)
INTEGER OPTIMAL SOLUTION FOUND
Time used:   0.0 secs
Memory used: 2.1 Mb (2152053 bytes)
