GLPSOL--GLPK LP/MIP Solver 5.0
Parameter(s) specified in the command line:
 --lp ../modeles/5_194.lp --log 5_194.log
Reading problem data from '../modeles/5_194.lp'...
991 rows, 1950 columns, 6805 non-zeros
970 integer variables, all of which are binary
2952 lines were read
GLPK Integer Optimizer 5.0
991 rows, 1950 columns, 6805 non-zeros
970 integer variables, all of which are binary
Preprocessing...
970 constraint coefficient(s) were reduced
991 rows, 1945 columns, 6800 non-zeros
970 integer variables, all of which are binary
Scaling...
 A: min|aij| =  4.251e-04  max|aij| =  4.000e+00  ratio =  9.409e+03
GM: min|aij| =  1.015e-01  max|aij| =  9.849e+00  ratio =  9.700e+01
EQ: min|aij| =  1.031e-02  max|aij| =  1.000e+00  ratio =  9.700e+01
2N: min|aij| =  7.812e-03  max|aij| =  1.766e+00  ratio =  2.260e+02
Constructing initial basis...
Size of triangular part is 991
Solving LP relaxation...
GLPK Simplex Optimizer 5.0
991 rows, 1945 columns, 6800 non-zeros
      0: obj =   1.000000000e+01 inf =   2.450e+01 (11)
     74: obj =   3.505288896e-01 inf =   0.000e+00 (0)
*   268: obj =  -2.235555023e+00 inf =   8.405e-15 (0)
OPTIMAL LP SOLUTION FOUND
Integer optimization begins...
Long-step dual simplex will be used
+   268: mip =     not found yet >=              -inf        (1; 0)
+   488: >>>>>  -2.235555023e+00 >=  -2.235555023e+00 < 0.1% (219; 0)
+   488: mip =  -2.235555023e+00 >=     tree is empty   0.0% (0; 437)
INTEGER OPTIMAL SOLUTION FOUND
Time used:   0.3 secs
Memory used: 2.9 Mb (3034043 bytes)
