GLPSOL--GLPK LP/MIP Solver 5.0
Parameter(s) specified in the command line:
 --lp ../modeles/5_209.lp --log 5_209.log
Reading problem data from '../modeles/5_209.lp'...
1066 rows, 2100 columns, 7340 non-zeros
1045 integer variables, all of which are binary
3177 lines were read
GLPK Integer Optimizer 5.0
1066 rows, 2100 columns, 7340 non-zeros
1045 integer variables, all of which are binary
Preprocessing...
1030 constraint coefficient(s) were reduced
1066 rows, 2095 columns, 7335 non-zeros
1045 integer variables, all of which are binary
Scaling...
 A: min|aij| =  9.157e-05  max|aij| =  4.000e+00  ratio =  4.368e+04
GM: min|aij| =  6.917e-02  max|aij| =  1.446e+01  ratio =  2.090e+02
EQ: min|aij| =  4.785e-03  max|aij| =  1.000e+00  ratio =  2.090e+02
2N: min|aij| =  3.906e-03  max|aij| =  1.772e+00  ratio =  4.537e+02
Constructing initial basis...
Size of triangular part is 1066
Solving LP relaxation...
GLPK Simplex Optimizer 5.0
1066 rows, 2095 columns, 7335 non-zeros
      0: obj =   1.000000000e+01 inf =   2.450e+01 (11)
     74: obj =   4.997825092e-01 inf =   0.000e+00 (0)
*   269: obj =  -2.235827959e+00 inf =   1.199e-15 (0)
OPTIMAL LP SOLUTION FOUND
Integer optimization begins...
Long-step dual simplex will be used
+   269: mip =     not found yet >=              -inf        (1; 0)
+   389: >>>>>  -2.235827959e+00 >=  -2.235827959e+00 < 0.1% (119; 0)
+   389: mip =  -2.235827959e+00 >=     tree is empty   0.0% (0; 237)
INTEGER OPTIMAL SOLUTION FOUND
Time used:   0.2 secs
Memory used: 3.1 Mb (3242717 bytes)
