GLPSOL--GLPK LP/MIP Solver 5.0
Parameter(s) specified in the command line:
 --lp ../modeles/5_359.lp --log 5_359.log
Reading problem data from '../modeles/5_359.lp'...
1816 rows, 3600 columns, 12590 non-zeros
1795 integer variables, all of which are binary
5427 lines were read
GLPK Integer Optimizer 5.0
1816 rows, 3600 columns, 12590 non-zeros
1795 integer variables, all of which are binary
Preprocessing...
1770 constraint coefficient(s) were reduced
1816 rows, 3595 columns, 12585 non-zeros
1795 integer variables, all of which are binary
Scaling...
 A: min|aij| =  3.104e-05  max|aij| =  4.000e+00  ratio =  1.289e+05
GM: min|aij| =  5.278e-02  max|aij| =  1.895e+01  ratio =  3.590e+02
EQ: min|aij| =  2.786e-03  max|aij| =  1.000e+00  ratio =  3.590e+02
2N: min|aij| =  1.953e-03  max|aij| =  1.755e+00  ratio =  8.985e+02
Constructing initial basis...
Size of triangular part is 1816
Solving LP relaxation...
GLPK Simplex Optimizer 5.0
1816 rows, 3595 columns, 12585 non-zeros
      0: obj =   1.000000000e+01 inf =   2.450e+01 (11)
    104: obj =   4.999262880e-01 inf =   0.000e+00 (0)
*   355: obj =  -2.235907033e+00 inf =   1.094e-15 (0)
OPTIMAL LP SOLUTION FOUND
Integer optimization begins...
Long-step dual simplex will be used
+   355: mip =     not found yet >=              -inf        (1; 0)
+   560: >>>>>  -2.235907033e+00 >=  -2.235907033e+00 < 0.1% (205; 0)
+   560: mip =  -2.235907033e+00 >=     tree is empty   0.0% (0; 409)
INTEGER OPTIMAL SOLUTION FOUND
Time used:   0.6 secs
Memory used: 5.3 Mb (5570925 bytes)
