GLPSOL--GLPK LP/MIP Solver 5.0
Parameter(s) specified in the command line:
 --lp ../modeles/5_414.lp --log 5_414.log
Reading problem data from '../modeles/5_414.lp'...
2091 rows, 4150 columns, 14505 non-zeros
2070 integer variables, all of which are binary
6252 lines were read
GLPK Integer Optimizer 5.0
2091 rows, 4150 columns, 14505 non-zeros
2070 integer variables, all of which are binary
Preprocessing...
2050 constraint coefficient(s) were reduced
2091 rows, 4145 columns, 14500 non-zeros
2070 integer variables, all of which are binary
Scaling...
 A: min|aij| =  9.335e-05  max|aij| =  4.000e+00  ratio =  4.285e+04
GM: min|aij| =  6.950e-02  max|aij| =  1.439e+01  ratio =  2.070e+02
EQ: min|aij| =  4.831e-03  max|aij| =  1.000e+00  ratio =  2.070e+02
2N: min|aij| =  3.906e-03  max|aij| =  1.761e+00  ratio =  4.507e+02
Constructing initial basis...
Size of triangular part is 2091
Solving LP relaxation...
GLPK Simplex Optimizer 5.0
2091 rows, 4145 columns, 14500 non-zeros
      0: obj =   1.000000000e+01 inf =   2.450e+01 (11)
    124: obj =   4.306010993e-01 inf =   0.000e+00 (0)
*   429: obj =  -2.235961768e+00 inf =   4.644e-16 (0)
OPTIMAL LP SOLUTION FOUND
Integer optimization begins...
Long-step dual simplex will be used
+   429: mip =     not found yet >=              -inf        (1; 0)
+   434: >>>>>  -2.235961768e+00 >=  -2.235961768e+00 < 0.1% (6; 0)
+   434: mip =  -2.235961768e+00 >=     tree is empty   0.0% (0; 11)
INTEGER OPTIMAL SOLUTION FOUND
Time used:   0.1 secs
Memory used: 6.1 Mb (6351137 bytes)
