GLPSOL--GLPK LP/MIP Solver 5.0
Parameter(s) specified in the command line:
 --lp ../modeles/5_459.lp --log 5_459.log
Reading problem data from '../modeles/5_459.lp'...
2316 rows, 4600 columns, 16090 non-zeros
2295 integer variables, all of which are binary
6927 lines were read
GLPK Integer Optimizer 5.0
2316 rows, 4600 columns, 16090 non-zeros
2295 integer variables, all of which are binary
Preprocessing...
2270 constraint coefficient(s) were reduced
2316 rows, 4595 columns, 16085 non-zeros
2295 integer variables, all of which are binary
Scaling...
 A: min|aij| =  1.899e-05  max|aij| =  4.000e+00  ratio =  2.107e+05
GM: min|aij| =  4.668e-02  max|aij| =  2.142e+01  ratio =  4.590e+02
EQ: min|aij| =  2.179e-03  max|aij| =  1.000e+00  ratio =  4.590e+02
2N: min|aij| =  1.953e-03  max|aij| =  1.770e+00  ratio =  9.063e+02
Constructing initial basis...
Size of triangular part is 2316
Solving LP relaxation...
GLPK Simplex Optimizer 5.0
2316 rows, 4595 columns, 16085 non-zeros
      0: obj =   1.000000000e+01 inf =   2.450e+01 (11)
    124: obj =   4.999549079e-01 inf =   0.000e+00 (0)
*   406: obj =  -2.236004315e+00 inf =   6.626e-16 (0)
OPTIMAL LP SOLUTION FOUND
Integer optimization begins...
Long-step dual simplex will be used
+   406: mip =     not found yet >=              -inf        (1; 0)
+   670: >>>>>  -2.236004315e+00 >=  -2.236004315e+00   0.0% (264; 0)
+   670: mip =  -2.236004315e+00 >=     tree is empty   0.0% (0; 527)
INTEGER OPTIMAL SOLUTION FOUND
Time used:   1.0 secs
Memory used: 6.7 Mb (7034253 bytes)
