GLPSOL--GLPK LP/MIP Solver 5.0
Parameter(s) specified in the command line:
 --lp ../modeles/5_484.lp --log 5_484.log
Reading problem data from '../modeles/5_484.lp'...
2441 rows, 4850 columns, 16955 non-zeros
2420 integer variables, all of which are binary
7302 lines were read
GLPK Integer Optimizer 5.0
2441 rows, 4850 columns, 16955 non-zeros
2420 integer variables, all of which are binary
Preprocessing...
2390 constraint coefficient(s) were reduced
2441 rows, 4845 columns, 16950 non-zeros
2420 integer variables, all of which are binary
Scaling...
 A: min|aij| =  6.830e-05  max|aij| =  4.000e+00  ratio =  5.856e+04
GM: min|aij| =  6.428e-02  max|aij| =  1.556e+01  ratio =  2.420e+02
EQ: min|aij| =  4.132e-03  max|aij| =  1.000e+00  ratio =  2.420e+02
2N: min|aij| =  3.906e-03  max|aij| =  1.768e+00  ratio =  4.526e+02
Constructing initial basis...
Size of triangular part is 2441
Solving LP relaxation...
GLPK Simplex Optimizer 5.0
2441 rows, 4845 columns, 16950 non-zeros
      0: obj =   1.000000000e+01 inf =   2.450e+01 (11)
    134: obj =   4.407076321e-01 inf =   0.000e+00 (0)
*   435: obj =  -2.236030025e+00 inf =   2.119e-15 (0)
OPTIMAL LP SOLUTION FOUND
Integer optimization begins...
Long-step dual simplex will be used
+   435: mip =     not found yet >=              -inf        (1; 0)
+  1546: >>>>>  -2.236030025e+00 >=  -2.236030025e+00 < 0.1% (1108; 0)
+  1546: mip =  -2.236030025e+00 >=     tree is empty   0.0% (0; 2215)
INTEGER OPTIMAL SOLUTION FOUND
Time used:   3.9 secs
Memory used: 7.1 Mb (7485507 bytes)
