GLPSOL--GLPK LP/MIP Solver 5.0
Parameter(s) specified in the command line:
 --lp ../modeles/5_94.lp --log 5_94.log
Reading problem data from '../modeles/5_94.lp'...
491 rows, 950 columns, 3305 non-zeros
470 integer variables, all of which are binary
1452 lines were read
GLPK Integer Optimizer 5.0
491 rows, 950 columns, 3305 non-zeros
470 integer variables, all of which are binary
Preprocessing...
470 constraint coefficient(s) were reduced
491 rows, 945 columns, 3300 non-zeros
470 integer variables, all of which are binary
Scaling...
 A: min|aij| =  1.811e-03  max|aij| =  4.000e+00  ratio =  2.209e+03
GM: min|aij| =  1.459e-01  max|aij| =  6.856e+00  ratio =  4.700e+01
EQ: min|aij| =  2.128e-02  max|aij| =  1.000e+00  ratio =  4.700e+01
2N: min|aij| =  1.449e-02  max|aij| =  1.704e+00  ratio =  1.177e+02
Constructing initial basis...
Size of triangular part is 491
Solving LP relaxation...
GLPK Simplex Optimizer 5.0
491 rows, 945 columns, 3300 non-zeros
      0: obj =   1.000000000e+01 inf =   2.450e+01 (11)
     64: obj =   1.857013370e-01 inf =   0.000e+00 (0)
*   209: obj =  -2.233535968e+00 inf =   2.643e-15 (0)
OPTIMAL LP SOLUTION FOUND
Integer optimization begins...
Long-step dual simplex will be used
+   209: mip =     not found yet >=              -inf        (1; 0)
+   212: >>>>>  -2.233535968e+00 >=  -2.233535968e+00 < 0.1% (3; 0)
+   212: mip =  -2.233535968e+00 >=     tree is empty   0.0% (0; 5)
INTEGER OPTIMAL SOLUTION FOUND
Time used:   0.0 secs
Memory used: 1.4 Mb (1457109 bytes)
