GLPSOL--GLPK LP/MIP Solver 5.0
Parameter(s) specified in the command line:
 --lp ../modeles/10_164.lp --log 10_164.log
Reading problem data from '../modeles/10_164.lp'...
1681 rows, 3300 columns, 11510 non-zeros
1640 integer variables, all of which are binary
4997 lines were read
GLPK Integer Optimizer 5.0
1681 rows, 3300 columns, 11510 non-zeros
1640 integer variables, all of which are binary
Preprocessing...
1620 constraint coefficient(s) were reduced
1681 rows, 3290 columns, 11500 non-zeros
1640 integer variables, all of which are binary
Scaling...
 A: min|aij| =  5.949e-04  max|aij| =  4.000e+00  ratio =  6.724e+03
GM: min|aij| =  1.104e-01  max|aij| =  9.055e+00  ratio =  8.200e+01
EQ: min|aij| =  1.220e-02  max|aij| =  1.000e+00  ratio =  8.200e+01
2N: min|aij| =  9.518e-03  max|aij| =  1.749e+00  ratio =  1.838e+02
Constructing initial basis...
Size of triangular part is 1681
Solving LP relaxation...
GLPK Simplex Optimizer 5.0
1681 rows, 3290 columns, 11500 non-zeros
      0: obj =   2.000000000e+01 inf =   4.950e+01 (21)
    129: obj =   1.359071636e-01 inf =   0.000e+00 (0)
*   488: obj =  -3.161951220e+00 inf =   8.872e-15 (0)
OPTIMAL LP SOLUTION FOUND
Integer optimization begins...
Long-step dual simplex will be used
+   488: mip =     not found yet >=              -inf        (1; 0)
+   497: >>>>>  -3.161951220e+00 >=  -3.161951220e+00 < 0.1% (4; 0)
+   497: mip =  -3.161951220e+00 >=     tree is empty   0.0% (0; 7)
INTEGER OPTIMAL SOLUTION FOUND
Time used:   0.0 secs
Memory used: 4.9 Mb (5099076 bytes)
