GLPSOL--GLPK LP/MIP Solver 5.0
Parameter(s) specified in the command line:
 --lp ../modeles/10_239.lp --log 10_239.log
Reading problem data from '../modeles/10_239.lp'...
2431 rows, 4800 columns, 16780 non-zeros
2390 integer variables, all of which are binary
7247 lines were read
GLPK Integer Optimizer 5.0
2431 rows, 4800 columns, 16780 non-zeros
2390 integer variables, all of which are binary
Preprocessing...
2380 constraint coefficient(s) were reduced
2431 rows, 4790 columns, 16770 non-zeros
2390 integer variables, all of which are binary
Scaling...
 A: min|aij| =  7.003e-05  max|aij| =  4.000e+00  ratio =  5.712e+04
GM: min|aij| =  6.468e-02  max|aij| =  1.546e+01  ratio =  2.390e+02
EQ: min|aij| =  4.184e-03  max|aij| =  1.000e+00  ratio =  2.390e+02
2N: min|aij| =  3.906e-03  max|aij| =  1.744e+00  ratio =  4.464e+02
Constructing initial basis...
Size of triangular part is 2431
Solving LP relaxation...
GLPK Simplex Optimizer 5.0
2431 rows, 4790 columns, 16770 non-zeros
      0: obj =   2.000000000e+01 inf =   4.950e+01 (21)
    149: obj =   4.996586134e-01 inf =   0.000e+00 (0)
*   444: obj =  -3.161225501e+00 inf =   7.152e-16 (0)
OPTIMAL LP SOLUTION FOUND
Integer optimization begins...
Long-step dual simplex will be used
+   444: mip =     not found yet >=              -inf        (1; 0)
+   754: >>>>>  -3.161225501e+00 >=  -3.161225501e+00 < 0.1% (307; 0)
+   754: mip =  -3.161225501e+00 >=     tree is empty   0.0% (0; 613)
INTEGER OPTIMAL SOLUTION FOUND
Time used:   1.2 secs
Memory used: 7.0 Mb (7330894 bytes)
