GLPSOL--GLPK LP/MIP Solver 5.0
Parameter(s) specified in the command line:
 --lp ../modeles/10_209.lp --log 10_209.log
Reading problem data from '../modeles/10_209.lp'...
2131 rows, 4200 columns, 14680 non-zeros
2090 integer variables, all of which are binary
6347 lines were read
GLPK Integer Optimizer 5.0
2131 rows, 4200 columns, 14680 non-zeros
2090 integer variables, all of which are binary
Preprocessing...
2060 constraint coefficient(s) were reduced
2131 rows, 4190 columns, 14670 non-zeros
2090 integer variables, all of which are binary
Scaling...
 A: min|aij| =  9.157e-05  max|aij| =  4.000e+00  ratio =  4.368e+04
GM: min|aij| =  6.917e-02  max|aij| =  1.446e+01  ratio =  2.090e+02
EQ: min|aij| =  4.785e-03  max|aij| =  1.000e+00  ratio =  2.090e+02
2N: min|aij| =  3.906e-03  max|aij| =  1.772e+00  ratio =  4.537e+02
Constructing initial basis...
Size of triangular part is 2131
Solving LP relaxation...
GLPK Simplex Optimizer 5.0
2131 rows, 4190 columns, 14670 non-zeros
      0: obj =   2.000000000e+01 inf =   4.950e+01 (21)
    149: obj =   4.995535714e-01 inf =   0.000e+00 (0)
*   480: obj =  -3.162151703e+00 inf =   1.297e-14 (0)
OPTIMAL LP SOLUTION FOUND
Integer optimization begins...
Long-step dual simplex will be used
+   480: mip =     not found yet >=              -inf        (1; 0)
+   516: >>>>>  -3.158829246e+00 >=  -3.162151703e+00   0.1% (21; 0)
+   517: >>>>>  -3.162151703e+00 >=  -3.162151703e+00 < 0.1% (20; 1)
+   517: mip =  -3.162151703e+00 >=     tree is empty   0.0% (0; 41)
INTEGER OPTIMAL SOLUTION FOUND
Time used:   0.1 secs
Memory used: 6.3 Mb (6570296 bytes)
