GLPSOL--GLPK LP/MIP Solver 5.0
Parameter(s) specified in the command line:
 --lp ../modeles/10_24.lp --log 10_24.log
Reading problem data from '../modeles/10_24.lp'...
281 rows, 500 columns, 1710 non-zeros
240 integer variables, all of which are binary
797 lines were read
GLPK Integer Optimizer 5.0
281 rows, 500 columns, 1710 non-zeros
240 integer variables, all of which are binary
Preprocessing...
220 constraint coefficient(s) were reduced
281 rows, 490 columns, 1700 non-zeros
240 integer variables, all of which are binary
Scaling...
 A: min|aij| =  2.778e-02  max|aij| =  4.000e+00  ratio =  1.440e+02
GM: min|aij| =  2.887e-01  max|aij| =  3.464e+00  ratio =  1.200e+01
EQ: min|aij| =  8.333e-02  max|aij| =  1.000e+00  ratio =  1.200e+01
2N: min|aij| =  5.556e-02  max|aij| =  1.440e+00  ratio =  2.592e+01
Constructing initial basis...
Size of triangular part is 281
Solving LP relaxation...
GLPK Simplex Optimizer 5.0
281 rows, 490 columns, 1700 non-zeros
      0: obj =   2.000000000e+01 inf =   4.950e+01 (21)
     60: obj =  -2.325088339e+00 inf =   0.000e+00 (0)
*   127: obj =  -3.111111111e+00 inf =   2.001e-15 (0)
OPTIMAL LP SOLUTION FOUND
Integer optimization begins...
Long-step dual simplex will be used
+   127: mip =     not found yet >=              -inf        (1; 0)
+   134: >>>>>  -3.111111111e+00 >=  -3.111111111e+00 < 0.1% (4; 0)
+   134: mip =  -3.111111111e+00 >=     tree is empty   0.0% (0; 7)
INTEGER OPTIMAL SOLUTION FOUND
Time used:   0.0 secs
Memory used: 0.8 Mb (802722 bytes)
