GLPSOL--GLPK LP/MIP Solver 5.0
Parameter(s) specified in the command line:
 --lp ../modeles/10_384.lp --log 10_384.log
Reading problem data from '../modeles/10_384.lp'...
3881 rows, 7700 columns, 26910 non-zeros
3840 integer variables, all of which are binary
11597 lines were read
GLPK Integer Optimizer 5.0
3881 rows, 7700 columns, 26910 non-zeros
3840 integer variables, all of which are binary
Preprocessing...
3820 constraint coefficient(s) were reduced
3881 rows, 7690 columns, 26900 non-zeros
3840 integer variables, all of which are binary
Scaling...
 A: min|aij| =  1.085e-04  max|aij| =  4.000e+00  ratio =  3.686e+04
GM: min|aij| =  7.217e-02  max|aij| =  1.386e+01  ratio =  1.920e+02
EQ: min|aij| =  5.208e-03  max|aij| =  1.000e+00  ratio =  1.920e+02
2N: min|aij| =  3.472e-03  max|aij| =  1.753e+00  ratio =  5.050e+02
Constructing initial basis...
Size of triangular part is 3881
Solving LP relaxation...
GLPK Simplex Optimizer 5.0
3881 rows, 7690 columns, 26900 non-zeros
      0: obj =   2.000000000e+01 inf =   4.950e+01 (21)
Perturbing LP to avoid stalling [199]...
    229: obj =   3.463233998e-01 inf =   0.000e+00 (0)
Removing LP perturbation [742]...
*   742: obj =  -3.161885246e+00 inf =   1.413e-14 (0)
OPTIMAL LP SOLUTION FOUND
Integer optimization begins...
Long-step dual simplex will be used
+   742: mip =     not found yet >=              -inf        (1; 0)
+   807: >>>>>  -3.161885246e+00 >=  -3.161885246e+00 < 0.1% (63; 0)
+   807: mip =  -3.161885246e+00 >=     tree is empty   0.0% (0; 125)
INTEGER OPTIMAL SOLUTION FOUND
Time used:   0.5 secs
Memory used: 11.2 Mb (11784072 bytes)
