GLPSOL--GLPK LP/MIP Solver 5.0
Parameter(s) specified in the command line:
 --lp ../modeles/10_54.lp --log 10_54.log
Reading problem data from '../modeles/10_54.lp'...
581 rows, 1100 columns, 3810 non-zeros
540 integer variables, all of which are binary
1697 lines were read
GLPK Integer Optimizer 5.0
581 rows, 1100 columns, 3810 non-zeros
540 integer variables, all of which are binary
Preprocessing...
540 constraint coefficient(s) were reduced
581 rows, 1090 columns, 3800 non-zeros
540 integer variables, all of which are binary
Scaling...
 A: min|aij| =  5.487e-03  max|aij| =  4.000e+00  ratio =  7.290e+02
GM: min|aij| =  1.925e-01  max|aij| =  5.196e+00  ratio =  2.700e+01
EQ: min|aij| =  3.704e-02  max|aij| =  1.000e+00  ratio =  2.700e+01
2N: min|aij| =  3.125e-02  max|aij| =  1.653e+00  ratio =  5.290e+01
Constructing initial basis...
Size of triangular part is 581
Solving LP relaxation...
GLPK Simplex Optimizer 5.0
581 rows, 1090 columns, 3800 non-zeros
      0: obj =   2.000000000e+01 inf =   4.950e+01 (21)
     89: obj =  -6.541637990e-01 inf =   0.000e+00 (0)
*   258: obj =  -3.146090535e+00 inf =   1.539e-15 (0)
OPTIMAL LP SOLUTION FOUND
Integer optimization begins...
Long-step dual simplex will be used
+   258: mip =     not found yet >=              -inf        (1; 0)
+   265: >>>>>  -3.146090535e+00 >=  -3.146090535e+00 < 0.1% (6; 0)
+   265: mip =  -3.146090535e+00 >=     tree is empty   0.0% (0; 11)
INTEGER OPTIMAL SOLUTION FOUND
Time used:   0.0 secs
Memory used: 1.6 Mb (1701466 bytes)
