GLPSOL--GLPK LP/MIP Solver 5.0
Parameter(s) specified in the command line:
 --lp ../modeles/10_79.lp --log 10_79.log
Reading problem data from '../modeles/10_79.lp'...
831 rows, 1600 columns, 5580 non-zeros
790 integer variables, all of which are binary
2447 lines were read
GLPK Integer Optimizer 5.0
831 rows, 1600 columns, 5580 non-zeros
790 integer variables, all of which are binary
Preprocessing...
780 constraint coefficient(s) were reduced
831 rows, 1590 columns, 5570 non-zeros
790 integer variables, all of which are binary
Scaling...
 A: min|aij| =  6.409e-04  max|aij| =  4.000e+00  ratio =  6.241e+03
GM: min|aij| =  1.125e-01  max|aij| =  8.888e+00  ratio =  7.900e+01
EQ: min|aij| =  1.266e-02  max|aij| =  1.000e+00  ratio =  7.900e+01
2N: min|aij| =  1.025e-02  max|aij| =  1.677e+00  ratio =  1.636e+02
Constructing initial basis...
Size of triangular part is 831
Solving LP relaxation...
GLPK Simplex Optimizer 5.0
831 rows, 1590 columns, 5570 non-zeros
      0: obj =   2.000000000e+01 inf =   4.950e+01 (21)
    129: obj =   4.968750000e-01 inf =   0.000e+00 (0)
*   391: obj =  -3.154272152e+00 inf =   1.598e-15 (0)
OPTIMAL LP SOLUTION FOUND
Integer optimization begins...
Long-step dual simplex will be used
+   391: mip =     not found yet >=              -inf        (1; 0)
+   400: >>>>>  -3.154272152e+00 >=  -3.154272152e+00 < 0.1% (7; 0)
+   400: mip =  -3.154272152e+00 >=     tree is empty   0.0% (0; 13)
INTEGER OPTIMAL SOLUTION FOUND
Time used:   0.0 secs
Memory used: 2.3 Mb (2463502 bytes)
