GLPSOL--GLPK LP/MIP Solver 5.0
Parameter(s) specified in the command line:
 --lp ../modeles/15_109.lp --log 15_109.log
Reading problem data from '../modeles/15_109.lp'...
1696 rows, 3300 columns, 11520 non-zeros
1635 integer variables, all of which are binary
5017 lines were read
GLPK Integer Optimizer 5.0
1696 rows, 3300 columns, 11520 non-zeros
1635 integer variables, all of which are binary
Preprocessing...
1590 constraint coefficient(s) were reduced
1696 rows, 3285 columns, 11505 non-zeros
1635 integer variables, all of which are binary
Scaling...
 A: min|aij| =  3.367e-04  max|aij| =  4.000e+00  ratio =  1.188e+04
GM: min|aij| =  9.578e-02  max|aij| =  1.044e+01  ratio =  1.090e+02
EQ: min|aij| =  9.174e-03  max|aij| =  1.000e+00  ratio =  1.090e+02
2N: min|aij| =  7.812e-03  max|aij| =  1.725e+00  ratio =  2.208e+02
Constructing initial basis...
Size of triangular part is 1696
Solving LP relaxation...
GLPK Simplex Optimizer 5.0
1696 rows, 3285 columns, 11505 non-zeros
      0: obj =   3.000000000e+01 inf =   7.450e+01 (31)
    134: obj =   4.975168350e-01 inf =   0.000e+00 (0)
*   511: obj =  -3.863204456e+00 inf =   6.965e-15 (0)
OPTIMAL LP SOLUTION FOUND
Integer optimization begins...
Long-step dual simplex will be used
+   511: mip =     not found yet >=              -inf        (1; 0)
+   561: >>>>>  -3.863204456e+00 >=  -3.863204456e+00   0.0% (49; 0)
+   561: mip =  -3.863204456e+00 >=     tree is empty   0.0% (0; 97)
INTEGER OPTIMAL SOLUTION FOUND
Time used:   0.2 secs
Memory used: 4.9 Mb (5107991 bytes)
