GLPSOL--GLPK LP/MIP Solver 5.0
Parameter(s) specified in the command line:
 --lp ../modeles/15_4.lp --log 15_4.log
Reading problem data from '../modeles/15_4.lp'...
121 rows, 150 columns, 465 non-zeros
60 integer variables, all of which are binary
292 lines were read
GLPK Integer Optimizer 5.0
121 rows, 150 columns, 465 non-zeros
60 integer variables, all of which are binary
Preprocessing...
30 constraint coefficient(s) were reduced
106 rows, 135 columns, 390 non-zeros
60 integer variables, all of which are binary
Scaling...
 A: min|aij| =  2.500e-01  max|aij| =  4.000e+00  ratio =  1.600e+01
Problem data seem to be well scaled
Constructing initial basis...
Size of triangular part is 106
Solving LP relaxation...
GLPK Simplex Optimizer 5.0
106 rows, 135 columns, 390 non-zeros
      0: obj =   3.000000000e+01 inf =   8.150e+01 (31)
     88: obj =  -1.000000000e+00 inf =   0.000e+00 (0)
OPTIMAL LP SOLUTION FOUND
Integer optimization begins...
Long-step dual simplex will be used
+    88: mip =     not found yet >=              -inf        (1; 0)
+    92: >>>>>  -1.000000000e+00 >=  -1.000000000e+00   0.0% (4; 0)
+    92: mip =  -1.000000000e+00 >=     tree is empty   0.0% (0; 7)
INTEGER OPTIMAL SOLUTION FOUND
Time used:   0.0 secs
Memory used: 0.3 Mb (272303 bytes)
