GLPSOL--GLPK LP/MIP Solver 5.0
Parameter(s) specified in the command line:
 --lp ../modeles/15_44.lp --log 15_44.log
Reading problem data from '../modeles/15_44.lp'...
721 rows, 1350 columns, 4665 non-zeros
660 integer variables, all of which are binary
2092 lines were read
GLPK Integer Optimizer 5.0
721 rows, 1350 columns, 4665 non-zeros
660 integer variables, all of which are binary
Preprocessing...
630 constraint coefficient(s) were reduced
721 rows, 1335 columns, 4650 non-zeros
660 integer variables, all of which are binary
Scaling...
 A: min|aij| =  8.264e-03  max|aij| =  4.000e+00  ratio =  4.840e+02
GM: min|aij| =  2.132e-01  max|aij| =  4.690e+00  ratio =  2.200e+01
EQ: min|aij| =  4.545e-02  max|aij| =  1.000e+00  ratio =  2.200e+01
2N: min|aij| =  3.125e-02  max|aij| =  1.675e+00  ratio =  5.359e+01
Constructing initial basis...
Size of triangular part is 721
Solving LP relaxation...
GLPK Simplex Optimizer 5.0
721 rows, 1335 columns, 4650 non-zeros
      0: obj =   3.000000000e+01 inf =   7.450e+01 (31)
    134: obj =  -1.674974039e+00 inf =   0.000e+00 (0)
*   314: obj =  -3.836363636e+00 inf =   7.127e-15 (0)
OPTIMAL LP SOLUTION FOUND
Integer optimization begins...
Long-step dual simplex will be used
+   314: mip =     not found yet >=              -inf        (1; 0)
+   322: >>>>>  -3.836363636e+00 >=  -3.836363636e+00 < 0.1% (7; 0)
+   322: mip =  -3.836363636e+00 >=     tree is empty   0.0% (0; 13)
INTEGER OPTIMAL SOLUTION FOUND
Time used:   0.0 secs
Memory used: 2.1 Mb (2172321 bytes)
