GLPSOL--GLPK LP/MIP Solver 5.0
Parameter(s) specified in the command line:
 --lp ../modeles/20_29.lp --log 20_29.log
Reading problem data from '../modeles/20_29.lp'...
661 rows, 1200 columns, 4160 non-zeros
580 integer variables, all of which are binary
1887 lines were read
GLPK Integer Optimizer 5.0
661 rows, 1200 columns, 4160 non-zeros
580 integer variables, all of which are binary
Preprocessing...
600 constraint coefficient(s) were reduced
661 rows, 1180 columns, 4140 non-zeros
580 integer variables, all of which are binary
Scaling...
 A: min|aij| =  4.756e-03  max|aij| =  4.000e+00  ratio =  8.410e+02
GM: min|aij| =  1.857e-01  max|aij| =  5.385e+00  ratio =  2.900e+01
EQ: min|aij| =  3.448e-02  max|aij| =  1.000e+00  ratio =  2.900e+01
2N: min|aij| =  3.125e-02  max|aij| =  1.590e+00  ratio =  5.087e+01
Constructing initial basis...
Size of triangular part is 661
Solving LP relaxation...
GLPK Simplex Optimizer 5.0
661 rows, 1180 columns, 4140 non-zeros
      0: obj =   4.000000000e+01 inf =   9.950e+01 (41)
    139: obj =   4.529761905e-01 inf =   0.000e+00 (0)
*   350: obj =  -4.398706897e+00 inf =   0.000e+00 (0) 1
OPTIMAL LP SOLUTION FOUND
Integer optimization begins...
Long-step dual simplex will be used
+   350: mip =     not found yet >=              -inf        (1; 0)
+   356: >>>>>  -4.398706897e+00 >=  -4.398706897e+00   0.0% (5; 0)
+   356: mip =  -4.398706897e+00 >=     tree is empty   0.0% (0; 9)
INTEGER OPTIMAL SOLUTION FOUND
Time used:   0.0 secs
Memory used: 1.9 Mb (1943260 bytes)
