GLPSOL--GLPK LP/MIP Solver 5.0
Parameter(s) specified in the command line:
 --lp ../modeles/20_464.lp --log 20_464.log
Reading problem data from '../modeles/20_464.lp'...
9361 rows, 18600 columns, 65020 non-zeros
9280 integer variables, all of which are binary
27987 lines were read
GLPK Integer Optimizer 5.0
9361 rows, 18600 columns, 65020 non-zeros
9280 integer variables, all of which are binary
Preprocessing...
9160 constraint coefficient(s) were reduced
9361 rows, 18580 columns, 65000 non-zeros
9280 integer variables, all of which are binary
Scaling...
 A: min|aij| =  7.432e-05  max|aij| =  4.000e+00  ratio =  5.382e+04
GM: min|aij| =  6.565e-02  max|aij| =  1.523e+01  ratio =  2.320e+02
EQ: min|aij| =  4.310e-03  max|aij| =  1.000e+00  ratio =  2.320e+02
2N: min|aij| =  3.906e-03  max|aij| =  1.758e+00  ratio =  4.499e+02
Constructing initial basis...
Size of triangular part is 9361
Solving LP relaxation...
GLPK Simplex Optimizer 5.0
9361 rows, 18580 columns, 65000 non-zeros
      0: obj =   4.000000000e+01 inf =   9.950e+01 (41)
Perturbing LP to avoid stalling [199]...
    539: obj =   2.427654376e-01 inf =   0.000e+00 (0)
Removing LP perturbation [1689]...
*  1689: obj =  -4.471940500e+00 inf =   1.114e-12 (0) 2
OPTIMAL LP SOLUTION FOUND
Integer optimization begins...
Long-step dual simplex will be used
+  1689: mip =     not found yet >=              -inf        (1; 0)
+  1766: >>>>>  -4.471940500e+00 >=  -4.471940500e+00   0.0% (76; 0)
+  1766: mip =  -4.471940500e+00 >=     tree is empty   0.0% (0; 151)
INTEGER OPTIMAL SOLUTION FOUND
Time used:   2.3 secs
Memory used: 26.9 Mb (28243196 bytes)
