GLPSOL--GLPK LP/MIP Solver 5.0
Parameter(s) specified in the command line:
 --lp ../modeles/2_179.lp --log 2_179.log
Reading problem data from '../modeles/2_179.lp'...
367 rows, 720 columns, 2516 non-zeros
358 integer variables, all of which are binary
1095 lines were read
GLPK Integer Optimizer 5.0
367 rows, 720 columns, 2516 non-zeros
358 integer variables, all of which are binary
Preprocessing...
356 constraint coefficient(s) were reduced
367 rows, 718 columns, 2514 non-zeros
358 integer variables, all of which are binary
Scaling...
 A: min|aij| =  1.248e-04  max|aij| =  4.000e+00  ratio =  3.204e+04
GM: min|aij| =  7.474e-02  max|aij| =  1.338e+01  ratio =  1.790e+02
EQ: min|aij| =  5.587e-03  max|aij| =  1.000e+00  ratio =  1.790e+02
2N: min|aij| =  3.906e-03  max|aij| =  1.758e+00  ratio =  4.501e+02
Constructing initial basis...
Size of triangular part is 367
Solving LP relaxation...
GLPK Simplex Optimizer 5.0
367 rows, 718 columns, 2514 non-zeros
      0: obj =   4.000000000e+00 inf =   9.500e+00 (5)
     25: obj =   4.998907615e-01 inf =   0.000e+00 (0)
*   111: obj =  -1.414127968e+00 inf =   5.516e-16 (0)
OPTIMAL LP SOLUTION FOUND
Integer optimization begins...
Long-step dual simplex will be used
+   111: mip =     not found yet >=              -inf        (1; 0)
+   141: >>>>>  -1.414127968e+00 >=  -1.414127968e+00   0.0% (31; 0)
+   141: mip =  -1.414127968e+00 >=     tree is empty   0.0% (0; 61)
INTEGER OPTIMAL SOLUTION FOUND
Time used:   0.0 secs
Memory used: 1.1 Mb (1127276 bytes)
