GLPSOL--GLPK LP/MIP Solver 5.0
Parameter(s) specified in the command line:
 --lp ../modeles/2_499.lp --log 2_499.log
Reading problem data from '../modeles/2_499.lp'...
1007 rows, 2000 columns, 6996 non-zeros
998 integer variables, all of which are binary
3015 lines were read
GLPK Integer Optimizer 5.0
1007 rows, 2000 columns, 6996 non-zeros
998 integer variables, all of which are binary
Preprocessing...
988 constraint coefficient(s) were reduced
1007 rows, 1998 columns, 6994 non-zeros
998 integer variables, all of which are binary
Scaling...
 A: min|aij| =  1.606e-05  max|aij| =  4.000e+00  ratio =  2.490e+05
GM: min|aij| =  4.477e-02  max|aij| =  2.234e+01  ratio =  4.990e+02
EQ: min|aij| =  2.004e-03  max|aij| =  1.000e+00  ratio =  4.990e+02
2N: min|aij| =  1.953e-03  max|aij| =  1.771e+00  ratio =  9.066e+02
Constructing initial basis...
Size of triangular part is 1007
Solving LP relaxation...
GLPK Simplex Optimizer 5.0
1007 rows, 1998 columns, 6994 non-zeros
      0: obj =   4.000000000e+00 inf =   9.500e+00 (5)
     53: obj =   4.999859438e-01 inf =   0.000e+00 (0)
*   195: obj =  -1.414194867e+00 inf =   8.426e-17 (0)
OPTIMAL LP SOLUTION FOUND
Integer optimization begins...
Long-step dual simplex will be used
+   195: mip =     not found yet >=              -inf        (1; 0)
+   285: >>>>>  -1.414194867e+00 >=  -1.414194867e+00   0.0% (88; 0)
+   285: mip =  -1.414194867e+00 >=     tree is empty   0.0% (0; 175)
INTEGER OPTIMAL SOLUTION FOUND
Time used:   0.1 secs
Memory used: 2.9 Mb (3092358 bytes)
