GLPSOL--GLPK LP/MIP Solver 5.0
Parameter(s) specified in the command line:
 --lp ../modeles/3_104.lp --log 3_104.log
Reading problem data from '../modeles/3_104.lp'...
325 rows, 630 columns, 2193 non-zeros
312 integer variables, all of which are binary
964 lines were read
GLPK Integer Optimizer 5.0
325 rows, 630 columns, 2193 non-zeros
312 integer variables, all of which are binary
Preprocessing...
306 constraint coefficient(s) were reduced
325 rows, 627 columns, 2190 non-zeros
312 integer variables, all of which are binary
Scaling...
 A: min|aij| =  1.479e-03  max|aij| =  4.000e+00  ratio =  2.704e+03
GM: min|aij| =  1.387e-01  max|aij| =  7.211e+00  ratio =  5.200e+01
EQ: min|aij| =  1.923e-02  max|aij| =  1.000e+00  ratio =  5.200e+01
2N: min|aij| =  1.562e-02  max|aij| =  1.690e+00  ratio =  1.082e+02
Constructing initial basis...
Size of triangular part is 325
Solving LP relaxation...
GLPK Simplex Optimizer 5.0
325 rows, 627 columns, 2190 non-zeros
      0: obj =   6.000000000e+00 inf =   1.450e+01 (7)
     44: obj =   3.361095688e-01 inf =   0.000e+00 (0)
*   139: obj =  -1.732009926e+00 inf =   9.061e-16 (0)
OPTIMAL LP SOLUTION FOUND
Integer optimization begins...
Long-step dual simplex will be used
+   139: mip =     not found yet >=              -inf        (1; 0)
+   141: >>>>>  -1.732009926e+00 >=  -1.732009926e+00 < 0.1% (3; 0)
+   141: mip =  -1.732009926e+00 >=     tree is empty   0.0% (0; 5)
INTEGER OPTIMAL SOLUTION FOUND
Time used:   0.0 secs
Memory used: 0.9 Mb (980179 bytes)
