GLPSOL--GLPK LP/MIP Solver 5.0
Parameter(s) specified in the command line:
 --lp ../modeles/3_349.lp --log 3_349.log
Reading problem data from '../modeles/3_349.lp'...
1060 rows, 2100 columns, 7344 non-zeros
1047 integer variables, all of which are binary
3169 lines were read
GLPK Integer Optimizer 5.0
1060 rows, 2100 columns, 7344 non-zeros
1047 integer variables, all of which are binary
Preprocessing...
1038 constraint coefficient(s) were reduced
1060 rows, 2097 columns, 7341 non-zeros
1047 integer variables, all of which are binary
Scaling...
 A: min|aij| =  3.284e-05  max|aij| =  4.000e+00  ratio =  1.218e+05
GM: min|aij| =  5.353e-02  max|aij| =  1.868e+01  ratio =  3.490e+02
EQ: min|aij| =  2.865e-03  max|aij| =  1.000e+00  ratio =  3.490e+02
2N: min|aij| =  2.102e-03  max|aij| =  1.709e+00  ratio =  8.129e+02
Constructing initial basis...
Size of triangular part is 1060
Solving LP relaxation...
GLPK Simplex Optimizer 5.0
1060 rows, 2097 columns, 7341 non-zeros
      0: obj =   6.000000000e+00 inf =   1.645e+02 (7)
     92: obj =   4.999548440e-01 inf =   0.000e+00 (0)
*   318: obj =  -1.732012894e+00 inf =   5.769e-14 (0)
OPTIMAL LP SOLUTION FOUND
Integer optimization begins...
Long-step dual simplex will be used
+   318: mip =     not found yet >=              -inf        (1; 0)
+   329: >>>>>  -1.732012894e+00 >=  -1.732012894e+00 < 0.1% (10; 0)
+   329: mip =  -1.732012894e+00 >=     tree is empty   0.0% (0; 19)
INTEGER OPTIMAL SOLUTION FOUND
Time used:   0.0 secs
Memory used: 3.1 Mb (3237251 bytes)
