GLPSOL--GLPK LP/MIP Solver 5.0
Parameter(s) specified in the command line:
 --lp ../modeles/3_459.lp --log 3_459.log
Reading problem data from '../modeles/3_459.lp'...
1390 rows, 2760 columns, 9654 non-zeros
1377 integer variables, all of which are binary
4159 lines were read
GLPK Integer Optimizer 5.0
1390 rows, 2760 columns, 9654 non-zeros
1377 integer variables, all of which are binary
Preprocessing...
1362 constraint coefficient(s) were reduced
1390 rows, 2757 columns, 9651 non-zeros
1377 integer variables, all of which are binary
Scaling...
 A: min|aij| =  1.899e-05  max|aij| =  4.000e+00  ratio =  2.107e+05
GM: min|aij| =  4.668e-02  max|aij| =  2.142e+01  ratio =  4.590e+02
EQ: min|aij| =  2.179e-03  max|aij| =  1.000e+00  ratio =  4.590e+02
2N: min|aij| =  1.953e-03  max|aij| =  1.770e+00  ratio =  9.063e+02
Constructing initial basis...
Size of triangular part is 1390
Solving LP relaxation...
GLPK Simplex Optimizer 5.0
1390 rows, 2757 columns, 9651 non-zeros
      0: obj =   6.000000000e+00 inf =   1.450e+01 (7)
     74: obj =   4.999738941e-01 inf =   0.000e+00 (0)
*   250: obj =  -1.732013765e+00 inf =   7.078e-16 (0)
OPTIMAL LP SOLUTION FOUND
Integer optimization begins...
Long-step dual simplex will be used
+   250: mip =     not found yet >=              -inf        (1; 0)
+   518: >>>>>  -1.732013765e+00 >=  -1.732013765e+00   0.0% (265; 0)
+   518: mip =  -1.732013765e+00 >=     tree is empty   0.0% (0; 529)
INTEGER OPTIMAL SOLUTION FOUND
Time used:   0.5 secs
Memory used: 4.0 Mb (4221179 bytes)
