GLPSOL--GLPK LP/MIP Solver 5.0
Parameter(s) specified in the command line:
 --lp ../modeles/4_174.lp --log 4_174.log
Reading problem data from '../modeles/4_174.lp'...
713 rows, 1400 columns, 4884 non-zeros
696 integer variables, all of which are binary
2123 lines were read
GLPK Integer Optimizer 5.0
713 rows, 1400 columns, 4884 non-zeros
696 integer variables, all of which are binary
Preprocessing...
696 constraint coefficient(s) were reduced
713 rows, 1396 columns, 4880 non-zeros
696 integer variables, all of which are binary
Scaling...
 A: min|aij| =  5.285e-04  max|aij| =  4.000e+00  ratio =  7.569e+03
GM: min|aij| =  1.072e-01  max|aij| =  9.327e+00  ratio =  8.700e+01
EQ: min|aij| =  1.149e-02  max|aij| =  1.000e+00  ratio =  8.700e+01
2N: min|aij| =  7.812e-03  max|aij| =  1.738e+00  ratio =  2.224e+02
Constructing initial basis...
Size of triangular part is 713
Solving LP relaxation...
GLPK Simplex Optimizer 5.0
713 rows, 1396 columns, 4880 non-zeros
      0: obj =   8.000000000e+00 inf =   1.950e+01 (9)
     51: obj =   3.681689024e-01 inf =   0.000e+00 (0)
*   225: obj =  -1.999599038e+00 inf =   1.440e-15 (0)
OPTIMAL LP SOLUTION FOUND
Integer optimization begins...
Long-step dual simplex will be used
+   225: mip =     not found yet >=              -inf        (1; 0)
+   323: >>>>>  -1.999599038e+00 >=  -1.999599038e+00 < 0.1% (98; 0)
+   323: mip =  -1.999599038e+00 >=     tree is empty   0.0% (0; 195)
INTEGER OPTIMAL SOLUTION FOUND
Time used:   0.1 secs
Memory used: 2.1 Mb (2169046 bytes)
