GLPSOL--GLPK LP/MIP Solver 5.0
Parameter(s) specified in the command line:
 --lp ../modeles/4_279.lp --log 4_279.log
Reading problem data from '../modeles/4_279.lp'...
1133 rows, 2240 columns, 7832 non-zeros
1116 integer variables, all of which are binary
3383 lines were read
GLPK Integer Optimizer 5.0
1133 rows, 2240 columns, 7832 non-zeros
1116 integer variables, all of which are binary
Preprocessing...
1112 constraint coefficient(s) were reduced
1133 rows, 2236 columns, 7828 non-zeros
1116 integer variables, all of which are binary
Scaling...
 A: min|aij| =  5.139e-05  max|aij| =  4.000e+00  ratio =  7.784e+04
GM: min|aij| =  5.987e-02  max|aij| =  1.670e+01  ratio =  2.790e+02
EQ: min|aij| =  3.584e-03  max|aij| =  1.000e+00  ratio =  2.790e+02
2N: min|aij| =  3.289e-03  max|aij| =  1.748e+00  ratio =  5.316e+02
Constructing initial basis...
Size of triangular part is 1133
Solving LP relaxation...
GLPK Simplex Optimizer 5.0
1133 rows, 2236 columns, 7828 non-zeros
      0: obj =   8.000000000e+00 inf =   1.950e+01 (9)
     67: obj =   4.999036485e-01 inf =   0.000e+00 (0)
*   254: obj =  -1.999807988e+00 inf =   1.592e-15 (0)
OPTIMAL LP SOLUTION FOUND
Integer optimization begins...
Long-step dual simplex will be used
+   254: mip =     not found yet >=              -inf        (1; 0)
+   260: >>>>>  -1.999807988e+00 >=  -1.999807988e+00   0.0% (7; 0)
+   260: mip =  -1.999807988e+00 >=     tree is empty   0.0% (0; 13)
INTEGER OPTIMAL SOLUTION FOUND
Time used:   0.0 secs
Memory used: 3.3 Mb (3427940 bytes)
