GLPSOL--GLPK LP/MIP Solver 5.0
Parameter(s) specified in the command line:
 --lp ../modeles/4_389.lp --log 4_389.log
Reading problem data from '../modeles/4_389.lp'...
1573 rows, 3120 columns, 10912 non-zeros
1556 integer variables, all of which are binary
4703 lines were read
GLPK Integer Optimizer 5.0
1573 rows, 3120 columns, 10912 non-zeros
1556 integer variables, all of which are binary
Preprocessing...
1544 constraint coefficient(s) were reduced
1573 rows, 3116 columns, 10908 non-zeros
1556 integer variables, all of which are binary
Scaling...
 A: min|aij| =  2.643e-05  max|aij| =  4.000e+00  ratio =  1.513e+05
GM: min|aij| =  5.070e-02  max|aij| =  1.972e+01  ratio =  3.890e+02
EQ: min|aij| =  2.571e-03  max|aij| =  1.000e+00  ratio =  3.890e+02
2N: min|aij| =  1.953e-03  max|aij| =  1.763e+00  ratio =  9.025e+02
Constructing initial basis...
Size of triangular part is 1573
Solving LP relaxation...
GLPK Simplex Optimizer 5.0
1573 rows, 3116 columns, 10908 non-zeros
      0: obj =   8.000000000e+00 inf =   1.950e+01 (9)
     83: obj =   4.999504362e-01 inf =   0.000e+00 (0)
*   287: obj =  -1.999954095e+00 inf =   6.277e-16 (0)
OPTIMAL LP SOLUTION FOUND
Integer optimization begins...
Long-step dual simplex will be used
+   287: mip =     not found yet >=              -inf        (1; 0)
+   541: >>>>>  -1.999954095e+00 >=  -1.999954095e+00 < 0.1% (255; 0)
+   541: mip =  -1.999954095e+00 >=     tree is empty   0.0% (0; 509)
INTEGER OPTIMAL SOLUTION FOUND
Time used:   0.6 secs
Memory used: 4.5 Mb (4750416 bytes)
