GLPSOL--GLPK LP/MIP Solver 5.0
Parameter(s) specified in the command line:
 --lp ../modeles/4_399.lp --log 4_399.log
Reading problem data from '../modeles/4_399.lp'...
1613 rows, 3200 columns, 11192 non-zeros
1596 integer variables, all of which are binary
4823 lines were read
GLPK Integer Optimizer 5.0
1613 rows, 3200 columns, 11192 non-zeros
1596 integer variables, all of which are binary
Preprocessing...
1576 constraint coefficient(s) were reduced
1613 rows, 3196 columns, 11188 non-zeros
1596 integer variables, all of which are binary
Scaling...
 A: min|aij| =  2.513e-05  max|aij| =  4.000e+00  ratio =  1.592e+05
GM: min|aij| =  5.006e-02  max|aij| =  1.997e+01  ratio =  3.990e+02
EQ: min|aij| =  2.506e-03  max|aij| =  1.000e+00  ratio =  3.990e+02
2N: min|aij| =  1.953e-03  max|aij| =  1.757e+00  ratio =  8.997e+02
Constructing initial basis...
Size of triangular part is 1613
Solving LP relaxation...
GLPK Simplex Optimizer 5.0
1613 rows, 3196 columns, 11188 non-zeros
      0: obj =   8.000000000e+00 inf =   1.950e+01 (9)
     83: obj =   4.999528894e-01 inf =   0.000e+00 (0)
*   290: obj =  -1.999906015e+00 inf =   2.795e-15 (0)
OPTIMAL LP SOLUTION FOUND
Integer optimization begins...
Long-step dual simplex will be used
+   290: mip =     not found yet >=              -inf        (1; 0)
+   973: >>>>>  -1.999906015e+00 >=  -1.999906015e+00 < 0.1% (681; 0)
+   973: mip =  -1.999906015e+00 >=     tree is empty   0.0% (0; 1361)
INTEGER OPTIMAL SOLUTION FOUND
Time used:   1.4 secs
Memory used: 4.7 Mb (4960766 bytes)
