GLPSOL--GLPK LP/MIP Solver 5.0
Parameter(s) specified in the command line:
 --lp ../modeles/4_474.lp --log 4_474.log
Reading problem data from '../modeles/4_474.lp'...
1913 rows, 3800 columns, 13284 non-zeros
1896 integer variables, all of which are binary
5723 lines were read
GLPK Integer Optimizer 5.0
1913 rows, 3800 columns, 13284 non-zeros
1896 integer variables, all of which are binary
Preprocessing...
1880 constraint coefficient(s) were reduced
1913 rows, 3796 columns, 13280 non-zeros
1896 integer variables, all of which are binary
Scaling...
 A: min|aij| =  7.121e-05  max|aij| =  4.000e+00  ratio =  5.617e+04
GM: min|aij| =  6.496e-02  max|aij| =  1.539e+01  ratio =  2.370e+02
EQ: min|aij| =  4.219e-03  max|aij| =  1.000e+00  ratio =  2.370e+02
2N: min|aij| =  3.906e-03  max|aij| =  1.773e+00  ratio =  4.538e+02
Constructing initial basis...
Size of triangular part is 1913
Solving LP relaxation...
GLPK Simplex Optimizer 5.0
1913 rows, 3796 columns, 13280 non-zeros
      0: obj =   8.000000000e+00 inf =   1.950e+01 (9)
    107: obj =   4.521957038e-01 inf =   0.000e+00 (0)
*   356: obj =  -1.999946814e+00 inf =   2.111e-16 (0)
OPTIMAL LP SOLUTION FOUND
Integer optimization begins...
Long-step dual simplex will be used
+   356: mip =     not found yet >=              -inf        (1; 0)
+   904: >>>>>  -1.999946814e+00 >=  -1.999946814e+00 < 0.1% (546; 0)
+   904: mip =  -1.999946814e+00 >=     tree is empty   0.0% (0; 1091)
INTEGER OPTIMAL SOLUTION FOUND
Time used:   1.6 secs
Memory used: 5.6 Mb (5886522 bytes)
