GLPSOL--GLPK LP/MIP Solver 5.0
Parameter(s) specified in the command line:
 --lp ../modeles/5_219.lp --log 5_219.log
Reading problem data from '../modeles/5_219.lp'...
1116 rows, 2200 columns, 7690 non-zeros
1095 integer variables, all of which are binary
3327 lines were read
GLPK Integer Optimizer 5.0
1116 rows, 2200 columns, 7690 non-zeros
1095 integer variables, all of which are binary
Preprocessing...
1090 constraint coefficient(s) were reduced
1116 rows, 2195 columns, 7685 non-zeros
1095 integer variables, all of which are binary
Scaling...
 A: min|aij| =  8.340e-05  max|aij| =  4.000e+00  ratio =  4.796e+04
GM: min|aij| =  6.757e-02  max|aij| =  1.480e+01  ratio =  2.190e+02
EQ: min|aij| =  4.566e-03  max|aij| =  1.000e+00  ratio =  2.190e+02
2N: min|aij| =  3.906e-03  max|aij| =  1.762e+00  ratio =  4.510e+02
Constructing initial basis...
Size of triangular part is 1116
Solving LP relaxation...
GLPK Simplex Optimizer 5.0
1116 rows, 2195 columns, 7685 non-zeros
      0: obj =   1.000000000e+01 inf =   2.450e+01 (11)
     74: obj =   4.998019183e-01 inf =   0.000e+00 (0)
*   285: obj =  -2.236039764e+00 inf =   2.736e-15 (0)
OPTIMAL LP SOLUTION FOUND
Integer optimization begins...
Long-step dual simplex will be used
+   285: mip =     not found yet >=              -inf        (1; 0)
+   291: >>>>>  -2.236039764e+00 >=  -2.236039764e+00 < 0.1% (6; 0)
+   291: mip =  -2.236039764e+00 >=     tree is empty   0.0% (0; 11)
INTEGER OPTIMAL SOLUTION FOUND
Time used:   0.0 secs
Memory used: 3.2 Mb (3374723 bytes)
