GLPSOL--GLPK LP/MIP Solver 5.0
Parameter(s) specified in the command line:
 --lp ../modeles/5_24.lp --log 5_24.log
Reading problem data from '../modeles/5_24.lp'...
141 rows, 250 columns, 855 non-zeros
120 integer variables, all of which are binary
402 lines were read
GLPK Integer Optimizer 5.0
141 rows, 250 columns, 855 non-zeros
120 integer variables, all of which are binary
Preprocessing...
110 constraint coefficient(s) were reduced
141 rows, 245 columns, 850 non-zeros
120 integer variables, all of which are binary
Scaling...
 A: min|aij| =  2.778e-02  max|aij| =  4.000e+00  ratio =  1.440e+02
GM: min|aij| =  2.887e-01  max|aij| =  3.464e+00  ratio =  1.200e+01
EQ: min|aij| =  8.333e-02  max|aij| =  1.000e+00  ratio =  1.200e+01
2N: min|aij| =  5.556e-02  max|aij| =  1.440e+00  ratio =  2.592e+01
Constructing initial basis...
Size of triangular part is 141
Solving LP relaxation...
GLPK Simplex Optimizer 5.0
141 rows, 245 columns, 850 non-zeros
      0: obj =   1.000000000e+01 inf =   2.450e+01 (11)
     29: obj =  -8.763250883e-01 inf =   0.000e+00 (0)
*    70: obj =  -2.200000000e+00 inf =   0.000e+00 (0)
OPTIMAL LP SOLUTION FOUND
Integer optimization begins...
Long-step dual simplex will be used
+    70: mip =     not found yet >=              -inf        (1; 0)
+    78: >>>>>  -2.200000000e+00 >=  -2.200000000e+00 < 0.1% (6; 0)
+    78: mip =  -2.200000000e+00 >=     tree is empty   0.0% (0; 11)
INTEGER OPTIMAL SOLUTION FOUND
Time used:   0.0 secs
Memory used: 0.4 Mb (420261 bytes)
