GLPSOL--GLPK LP/MIP Solver 5.0
Parameter(s) specified in the command line:
 --lp ../modeles/5_299.lp --log 5_299.log
Reading problem data from '../modeles/5_299.lp'...
1516 rows, 3000 columns, 10490 non-zeros
1495 integer variables, all of which are binary
4527 lines were read
GLPK Integer Optimizer 5.0
1516 rows, 3000 columns, 10490 non-zeros
1495 integer variables, all of which are binary
Preprocessing...
1470 constraint coefficient(s) were reduced
1516 rows, 2995 columns, 10485 non-zeros
1495 integer variables, all of which are binary
Scaling...
 A: min|aij| =  4.474e-05  max|aij| =  4.000e+00  ratio =  8.940e+04
GM: min|aij| =  5.783e-02  max|aij| =  1.729e+01  ratio =  2.990e+02
EQ: min|aij| =  3.344e-03  max|aij| =  1.000e+00  ratio =  2.990e+02
2N: min|aij| =  2.864e-03  max|aij| =  1.766e+00  ratio =  6.167e+02
Constructing initial basis...
Size of triangular part is 1516
Solving LP relaxation...
GLPK Simplex Optimizer 5.0
1516 rows, 2995 columns, 10485 non-zeros
      0: obj =   1.000000000e+01 inf =   2.450e+01 (11)
     94: obj =   4.998937360e-01 inf =   0.000e+00 (0)
*   322: obj =  -2.236001318e+00 inf =   6.374e-16 (0)
OPTIMAL LP SOLUTION FOUND
Integer optimization begins...
Long-step dual simplex will be used
+   322: mip =     not found yet >=              -inf        (1; 0)
+   425: >>>>>  -2.236001318e+00 >=  -2.236001318e+00 < 0.1% (103; 0)
+   425: mip =  -2.236001318e+00 >=     tree is empty   0.0% (0; 205)
INTEGER OPTIMAL SOLUTION FOUND
Time used:   0.3 secs
Memory used: 4.3 Mb (4558381 bytes)
