GLPSOL--GLPK LP/MIP Solver 5.0
Parameter(s) specified in the command line:
 --lp ../modeles/5_294.lp --log 5_294.log
Reading problem data from '../modeles/5_294.lp'...
1491 rows, 2950 columns, 10305 non-zeros
1470 integer variables, all of which are binary
4452 lines were read
GLPK Integer Optimizer 5.0
1491 rows, 2950 columns, 10305 non-zeros
1470 integer variables, all of which are binary
Preprocessing...
1450 constraint coefficient(s) were reduced
1491 rows, 2945 columns, 10300 non-zeros
1470 integer variables, all of which are binary
Scaling...
 A: min|aij| =  1.851e-04  max|aij| =  4.000e+00  ratio =  2.161e+04
GM: min|aij| =  8.248e-02  max|aij| =  1.212e+01  ratio =  1.470e+02
EQ: min|aij| =  6.803e-03  max|aij| =  1.000e+00  ratio =  1.470e+02
2N: min|aij| =  5.923e-03  max|aij| =  1.754e+00  ratio =  2.961e+02
Constructing initial basis...
Size of triangular part is 1491
Solving LP relaxation...
GLPK Simplex Optimizer 5.0
1491 rows, 2945 columns, 10300 non-zeros
      0: obj =   1.000000000e+01 inf =   2.450e+01 (11)
     94: obj =   4.019508018e-01 inf =   0.000e+00 (0)
*   344: obj =  -2.235949765e+00 inf =   1.042e-15 (0)
OPTIMAL LP SOLUTION FOUND
Integer optimization begins...
Long-step dual simplex will be used
+   344: mip =     not found yet >=              -inf        (1; 0)
+   510: >>>>>  -2.235949765e+00 >=  -2.235949765e+00 < 0.1% (166; 0)
+   510: mip =  -2.235949765e+00 >=     tree is empty   0.0% (0; 331)
INTEGER OPTIMAL SOLUTION FOUND
Time used:   0.4 secs
Memory used: 4.3 Mb (4499511 bytes)
