GLPSOL--GLPK LP/MIP Solver 5.0
Parameter(s) specified in the command line:
 --lp ../modeles/5_339.lp --log 5_339.log
Reading problem data from '../modeles/5_339.lp'...
1716 rows, 3400 columns, 11890 non-zeros
1695 integer variables, all of which are binary
5127 lines were read
GLPK Integer Optimizer 5.0
1716 rows, 3400 columns, 11890 non-zeros
1695 integer variables, all of which are binary
Preprocessing...
1670 constraint coefficient(s) were reduced
1716 rows, 3395 columns, 11885 non-zeros
1695 integer variables, all of which are binary
Scaling...
 A: min|aij| =  3.481e-05  max|aij| =  4.000e+00  ratio =  1.149e+05
GM: min|aij| =  5.431e-02  max|aij| =  1.841e+01  ratio =  3.390e+02
EQ: min|aij| =  2.950e-03  max|aij| =  1.000e+00  ratio =  3.390e+02
2N: min|aij| =  2.228e-03  max|aij| =  1.767e+00  ratio =  7.934e+02
Constructing initial basis...
Size of triangular part is 1716
Solving LP relaxation...
GLPK Simplex Optimizer 5.0
1716 rows, 3395 columns, 11885 non-zeros
      0: obj =   1.000000000e+01 inf =   2.450e+01 (11)
     94: obj =   4.999173338e-01 inf =   0.000e+00 (0)
*   333: obj =  -2.235881463e+00 inf =   2.341e-15 (0)
OPTIMAL LP SOLUTION FOUND
Integer optimization begins...
Long-step dual simplex will be used
+   333: mip =     not found yet >=              -inf        (1; 0)
+   913: >>>>>  -2.235881463e+00 >=  -2.235881463e+00 < 0.1% (579; 0)
+   913: mip =  -2.235881463e+00 >=     tree is empty   0.0% (0; 1157)
INTEGER OPTIMAL SOLUTION FOUND
Time used:   1.4 secs
Memory used: 5.1 Mb (5307237 bytes)
