GLPSOL--GLPK LP/MIP Solver 5.0
Parameter(s) specified in the command line:
 --lp ../modeles/5_364.lp --log 5_364.log
Reading problem data from '../modeles/5_364.lp'...
1841 rows, 3650 columns, 12755 non-zeros
1820 integer variables, all of which are binary
5502 lines were read
GLPK Integer Optimizer 5.0
1841 rows, 3650 columns, 12755 non-zeros
1820 integer variables, all of which are binary
Preprocessing...
1810 constraint coefficient(s) were reduced
1841 rows, 3645 columns, 12750 non-zeros
1820 integer variables, all of which are binary
Scaling...
 A: min|aij| =  1.208e-04  max|aij| =  4.000e+00  ratio =  3.312e+04
GM: min|aij| =  7.412e-02  max|aij| =  1.349e+01  ratio =  1.820e+02
EQ: min|aij| =  5.495e-03  max|aij| =  1.000e+00  ratio =  1.820e+02
2N: min|aij| =  3.864e-03  max|aij| =  1.765e+00  ratio =  4.567e+02
Constructing initial basis...
Size of triangular part is 1841
Solving LP relaxation...
GLPK Simplex Optimizer 5.0
1841 rows, 3645 columns, 12750 non-zeros
      0: obj =   1.000000000e+01 inf =   2.450e+01 (11)
    114: obj =   4.209803300e-01 inf =   0.000e+00 (0)
*   387: obj =  -2.235924569e+00 inf =   7.962e-16 (0)
OPTIMAL LP SOLUTION FOUND
Integer optimization begins...
Long-step dual simplex will be used
+   387: mip =     not found yet >=              -inf        (1; 0)
+  1217: >>>>>  -2.235924569e+00 >=  -2.235924569e+00   0.0% (828; 0)
+  1217: mip =  -2.235924569e+00 >=     tree is empty   0.0% (0; 1655)
INTEGER OPTIMAL SOLUTION FOUND
Time used:   2.3 secs
Memory used: 5.4 Mb (5705475 bytes)
