GLPSOL--GLPK LP/MIP Solver 5.0
Parameter(s) specified in the command line:
 --lp ../modeles/5_444.lp --log 5_444.log
Reading problem data from '../modeles/5_444.lp'...
2241 rows, 4450 columns, 15555 non-zeros
2220 integer variables, all of which are binary
6702 lines were read
GLPK Integer Optimizer 5.0
2241 rows, 4450 columns, 15555 non-zeros
2220 integer variables, all of which are binary
Preprocessing...
2190 constraint coefficient(s) were reduced
2241 rows, 4445 columns, 15550 non-zeros
2220 integer variables, all of which are binary
Scaling...
 A: min|aij| =  8.116e-05  max|aij| =  4.000e+00  ratio =  4.928e+04
GM: min|aij| =  6.712e-02  max|aij| =  1.490e+01  ratio =  2.220e+02
EQ: min|aij| =  4.505e-03  max|aij| =  1.000e+00  ratio =  2.220e+02
2N: min|aij| =  3.906e-03  max|aij| =  1.705e+00  ratio =  4.366e+02
Constructing initial basis...
Size of triangular part is 2241
Solving LP relaxation...
GLPK Simplex Optimizer 5.0
2241 rows, 4445 columns, 15550 non-zeros
      0: obj =   1.000000000e+01 inf =   2.795e+02 (11)
    154: obj =   4.353256293e-01 inf =   0.000e+00 (0)
*   442: obj =  -2.235963236e+00 inf =   7.523e-15 (0)
OPTIMAL LP SOLUTION FOUND
Integer optimization begins...
Long-step dual simplex will be used
+   442: mip =     not found yet >=              -inf        (1; 0)
+   676: >>>>>  -2.235963236e+00 >=  -2.235963236e+00 < 0.1% (234; 0)
+   676: mip =  -2.235963236e+00 >=     tree is empty   0.0% (0; 467)
INTEGER OPTIMAL SOLUTION FOUND
Time used:   0.9 secs
Memory used: 6.5 Mb (6813663 bytes)
