SCIP version 8.0.0 [precision: 8 byte] [memory: block] [mode: optimized] [LP solver: SoPlex 6.0.0] [GitHash: a740f0891e]
Copyright (C) 2002-2021 Konrad-Zuse-Zentrum fuer Informationstechnik Berlin (ZIB)

External libraries: 
  SoPlex 6.0.0         Linear Programming Solver developed at Zuse Institute Berlin (soplex.zib.de) [GitHash: 71a5873d]
  CppAD 20180000.0     Algorithmic Differentiation of C++ algorithms developed by B. Bell (github.com/coin-or/CppAD)
  ZLIB 1.2.11          General purpose compression library by J. Gailly and M. Adler (zlib.net)
  GMP 6.2.1            GNU Multiple Precision Arithmetic Library developed by T. Granlund (gmplib.org)
  ZIMPL 3.5.1          Zuse Institute Mathematical Programming Language developed by T. Koch (zimpl.zib.de)
  AMPL/MP 4e2d45c4     AMPL .nl file reader library (github.com/ampl/mp)
  PaPILO 2.0.0         parallel presolve for integer and linear optimization (github.com/scipopt/papilo) [GitHash: 76cafc1]
  bliss 0.73p          Computing Graph Automorphism Groups by T. Junttila and P. Kaski (www.tcs.hut.fi/Software/bliss/)
  Ipopt 3.13.2         Interior Point Optimizer developed by A. Waechter et.al. (github.com/coin-or/Ipopt)

user parameter file <scip.set> not found - using default parameters

read problem <../modeles/10_169.lp>
============

original problem has 3400 variables (1690 bin, 0 int, 0 impl, 1710 cont) and 1731 constraints

solve problem
=============

presolving:
(round 1, fast)       10 del vars, 0 del conss, 0 add conss, 3600 chg bounds, 0 chg sides, 0 chg coeffs, 0 upgd conss, 0 impls, 10 clqs
(round 2, fast)       10 del vars, 0 del conss, 0 add conss, 3600 chg bounds, 0 chg sides, 1700 chg coeffs, 0 upgd conss, 0 impls, 10 clqs
   (0.0s) running MILP presolver
   (0.1s) MILP presolver (2 rounds): 0 aggregations, 0 fixings, 20 bound changes
(round 3, exhaustive) 10 del vars, 0 del conss, 0 add conss, 3620 chg bounds, 0 chg sides, 1700 chg coeffs, 30 upgd conss, 0 impls, 10 clqs
   (0.1s) sparsify finished: 2/11870 (0.0%) nonzeros canceled - in total 2 canceled nonzeros, 170 changed coefficients, 0 added nonzeros
(round 4, exhaustive) 10 del vars, 0 del conss, 0 add conss, 3620 chg bounds, 0 chg sides, 1870 chg coeffs, 30 upgd conss, 20 impls, 10 clqs
(round 5, exhaustive) 35 del vars, 0 del conss, 0 add conss, 3620 chg bounds, 0 chg sides, 1870 chg coeffs, 30 upgd conss, 8468 impls, 10 clqs
(round 6, exhaustive) 35 del vars, 1 del conss, 0 add conss, 3620 chg bounds, 0 chg sides, 1870 chg coeffs, 73 upgd conss, 8468 impls, 10 clqs
(round 7, exhaustive) 60 del vars, 1 del conss, 0 add conss, 3620 chg bounds, 0 chg sides, 1870 chg coeffs, 73 upgd conss, 18711 impls, 10 clqs
(round 8, fast)       60 del vars, 3 del conss, 0 add conss, 3620 chg bounds, 0 chg sides, 1870 chg coeffs, 73 upgd conss, 18711 impls, 10 clqs
(round 9, exhaustive) 60 del vars, 3 del conss, 0 add conss, 3620 chg bounds, 0 chg sides, 1870 chg coeffs, 113 upgd conss, 18711 impls, 10 clqs
(round 10, exhaustive) 85 del vars, 3 del conss, 0 add conss, 3620 chg bounds, 0 chg sides, 1870 chg coeffs, 113 upgd conss, 23116 impls, 10 clqs
(round 11, fast)       85 del vars, 9 del conss, 0 add conss, 3620 chg bounds, 0 chg sides, 1870 chg coeffs, 113 upgd conss, 23116 impls, 10 clqs
(round 12, exhaustive) 85 del vars, 9 del conss, 0 add conss, 3620 chg bounds, 0 chg sides, 1870 chg coeffs, 145 upgd conss, 23116 impls, 10 clqs
   (0.4s) sparsify finished: 2/11632 (0.0%) nonzeros canceled - in total 4 canceled nonzeros, 339 changed coefficients, 0 added nonzeros
(round 13, exhaustive) 85 del vars, 9 del conss, 0 add conss, 3620 chg bounds, 0 chg sides, 2039 chg coeffs, 145 upgd conss, 23148 impls, 10 clqs
(round 14, exhaustive) 110 del vars, 9 del conss, 0 add conss, 3620 chg bounds, 0 chg sides, 2039 chg coeffs, 145 upgd conss, 35161 impls, 10 clqs
(round 15, fast)       110 del vars, 11 del conss, 0 add conss, 3620 chg bounds, 0 chg sides, 2039 chg coeffs, 145 upgd conss, 35161 impls, 10 clqs
(round 16, exhaustive) 110 del vars, 11 del conss, 0 add conss, 3620 chg bounds, 0 chg sides, 2039 chg coeffs, 185 upgd conss, 35161 impls, 10 clqs
(round 17, exhaustive) 135 del vars, 11 del conss, 0 add conss, 3620 chg bounds, 0 chg sides, 2039 chg coeffs, 185 upgd conss, 44185 impls, 10 clqs
(round 18, fast)       136 del vars, 19 del conss, 0 add conss, 3621 chg bounds, 0 chg sides, 2039 chg coeffs, 185 upgd conss, 44185 impls, 10 clqs
(round 19, exhaustive) 136 del vars, 19 del conss, 0 add conss, 3621 chg bounds, 0 chg sides, 2039 chg coeffs, 209 upgd conss, 44185 impls, 10 clqs
(round 20, exhaustive) 161 del vars, 19 del conss, 0 add conss, 3621 chg bounds, 0 chg sides, 2039 chg coeffs, 209 upgd conss, 50659 impls, 10 clqs
(round 21, fast)       161 del vars, 25 del conss, 0 add conss, 3621 chg bounds, 0 chg sides, 2039 chg coeffs, 209 upgd conss, 50659 impls, 10 clqs
(round 22, exhaustive) 161 del vars, 25 del conss, 0 add conss, 3621 chg bounds, 0 chg sides, 2039 chg coeffs, 241 upgd conss, 50659 impls, 10 clqs
(round 23, exhaustive) 186 del vars, 25 del conss, 0 add conss, 3621 chg bounds, 0 chg sides, 2039 chg coeffs, 241 upgd conss, 54644 impls, 10 clqs
(round 24, fast)       186 del vars, 35 del conss, 0 add conss, 3621 chg bounds, 0 chg sides, 2039 chg coeffs, 241 upgd conss, 54644 impls, 10 clqs
(round 25, exhaustive) 186 del vars, 35 del conss, 0 add conss, 3621 chg bounds, 0 chg sides, 2039 chg coeffs, 261 upgd conss, 54644 impls, 10 clqs
(round 26, exhaustive) 212 del vars, 35 del conss, 0 add conss, 3621 chg bounds, 0 chg sides, 2039 chg coeffs, 261 upgd conss, 60387 impls, 10 clqs
(round 27, fast)       212 del vars, 42 del conss, 0 add conss, 3621 chg bounds, 0 chg sides, 2039 chg coeffs, 261 upgd conss, 60387 impls, 10 clqs
(round 28, exhaustive) 212 del vars, 42 del conss, 0 add conss, 3621 chg bounds, 0 chg sides, 2039 chg coeffs, 292 upgd conss, 60387 impls, 10 clqs
(round 29, exhaustive) 238 del vars, 42 del conss, 0 add conss, 3621 chg bounds, 0 chg sides, 2039 chg coeffs, 292 upgd conss, 66939 impls, 10 clqs
(round 30, fast)       238 del vars, 51 del conss, 0 add conss, 3621 chg bounds, 0 chg sides, 2039 chg coeffs, 292 upgd conss, 66939 impls, 10 clqs
(round 31, exhaustive) 238 del vars, 51 del conss, 0 add conss, 3621 chg bounds, 0 chg sides, 2039 chg coeffs, 317 upgd conss, 66939 impls, 10 clqs
(round 32, exhaustive) 263 del vars, 51 del conss, 0 add conss, 3621 chg bounds, 0 chg sides, 2039 chg coeffs, 317 upgd conss, 77699 impls, 10 clqs
(round 33, fast)       264 del vars, 59 del conss, 0 add conss, 3622 chg bounds, 0 chg sides, 2039 chg coeffs, 317 upgd conss, 77699 impls, 10 clqs
(round 34, exhaustive) 264 del vars, 59 del conss, 0 add conss, 3622 chg bounds, 0 chg sides, 2039 chg coeffs, 345 upgd conss, 77699 impls, 10 clqs
(round 35, exhaustive) 291 del vars, 59 del conss, 0 add conss, 3622 chg bounds, 0 chg sides, 2039 chg coeffs, 345 upgd conss, 86611 impls, 10 clqs
(round 36, fast)       291 del vars, 71 del conss, 0 add conss, 3622 chg bounds, 0 chg sides, 2039 chg coeffs, 345 upgd conss, 86611 impls, 10 clqs
(round 37, exhaustive) 291 del vars, 71 del conss, 0 add conss, 3622 chg bounds, 0 chg sides, 2039 chg coeffs, 363 upgd conss, 86611 impls, 10 clqs
(round 38, exhaustive) 316 del vars, 71 del conss, 0 add conss, 3622 chg bounds, 0 chg sides, 2039 chg coeffs, 363 upgd conss, 92076 impls, 10 clqs
(round 39, fast)       320 del vars, 86 del conss, 0 add conss, 3626 chg bounds, 0 chg sides, 2039 chg coeffs, 363 upgd conss, 92076 impls, 10 clqs
(round 40, exhaustive) 320 del vars, 86 del conss, 0 add conss, 3626 chg bounds, 0 chg sides, 2039 chg coeffs, 376 upgd conss, 92076 impls, 10 clqs
(round 41, exhaustive) 346 del vars, 86 del conss, 0 add conss, 3626 chg bounds, 0 chg sides, 2039 chg coeffs, 376 upgd conss, 94613 impls, 10 clqs
(round 42, fast)       346 del vars, 99 del conss, 0 add conss, 3626 chg bounds, 0 chg sides, 2039 chg coeffs, 376 upgd conss, 94613 impls, 10 clqs
(round 43, exhaustive) 346 del vars, 99 del conss, 0 add conss, 3626 chg bounds, 0 chg sides, 2039 chg coeffs, 389 upgd conss, 94613 impls, 10 clqs
(round 44, exhaustive) 372 del vars, 99 del conss, 0 add conss, 3626 chg bounds, 0 chg sides, 2039 chg coeffs, 389 upgd conss, 99476 impls, 10 clqs
(round 45, fast)       372 del vars, 113 del conss, 0 add conss, 3626 chg bounds, 0 chg sides, 2039 chg coeffs, 389 upgd conss, 99476 impls, 10 clqs
(round 46, exhaustive) 372 del vars, 113 del conss, 0 add conss, 3626 chg bounds, 0 chg sides, 2039 chg coeffs, 399 upgd conss, 99476 impls, 10 clqs
(round 47, exhaustive) 397 del vars, 113 del conss, 0 add conss, 3626 chg bounds, 0 chg sides, 2039 chg coeffs, 399 upgd conss, 106492 impls, 10 clqs
(round 48, fast)       399 del vars, 126 del conss, 0 add conss, 3628 chg bounds, 0 chg sides, 2039 chg coeffs, 399 upgd conss, 106492 impls, 10 clqs
(round 49, exhaustive) 399 del vars, 126 del conss, 0 add conss, 3628 chg bounds, 0 chg sides, 2039 chg coeffs, 414 upgd conss, 106492 impls, 10 clqs
(round 50, exhaustive) 424 del vars, 126 del conss, 0 add conss, 3628 chg bounds, 0 chg sides, 2039 chg coeffs, 414 upgd conss, 111310 impls, 10 clqs
(round 51, fast)       424 del vars, 139 del conss, 0 add conss, 3628 chg bounds, 0 chg sides, 2039 chg coeffs, 414 upgd conss, 111310 impls, 10 clqs
(round 52, exhaustive) 424 del vars, 139 del conss, 0 add conss, 3628 chg bounds, 0 chg sides, 2039 chg coeffs, 425 upgd conss, 111310 impls, 10 clqs
(round 53, exhaustive) 449 del vars, 139 del conss, 0 add conss, 3628 chg bounds, 0 chg sides, 2039 chg coeffs, 425 upgd conss, 114837 impls, 10 clqs
(round 54, fast)       453 del vars, 154 del conss, 0 add conss, 3632 chg bounds, 0 chg sides, 2039 chg coeffs, 425 upgd conss, 114837 impls, 10 clqs
(round 55, exhaustive) 453 del vars, 154 del conss, 0 add conss, 3632 chg bounds, 0 chg sides, 2039 chg coeffs, 438 upgd conss, 114837 impls, 10 clqs
   (1.3s) probing: 1000/1690 (59.2%) - 439 fixings, 0 aggregations, 116250 implications, 0 bound changes
(round 56, exhaustive) 481 del vars, 154 del conss, 0 add conss, 3632 chg bounds, 0 chg sides, 2039 chg coeffs, 438 upgd conss, 119083 impls, 10 clqs
(round 57, fast)       481 del vars, 171 del conss, 0 add conss, 3632 chg bounds, 0 chg sides, 2039 chg coeffs, 438 upgd conss, 119083 impls, 10 clqs
(round 58, exhaustive) 481 del vars, 171 del conss, 0 add conss, 3632 chg bounds, 0 chg sides, 2039 chg coeffs, 443 upgd conss, 119083 impls, 10 clqs
   (1.3s) sparsify finished: 2/10279 (0.0%) nonzeros canceled - in total 6 canceled nonzeros, 495 changed coefficients, 0 added nonzeros
(round 59, exhaustive) 481 del vars, 171 del conss, 0 add conss, 3632 chg bounds, 0 chg sides, 2195 chg coeffs, 443 upgd conss, 119088 impls, 10 clqs
(round 60, exhaustive) 506 del vars, 171 del conss, 0 add conss, 3632 chg bounds, 0 chg sides, 2195 chg coeffs, 443 upgd conss, 122242 impls, 10 clqs
(round 61, fast)       510 del vars, 187 del conss, 0 add conss, 3636 chg bounds, 0 chg sides, 2195 chg coeffs, 443 upgd conss, 122242 impls, 10 clqs
(round 62, exhaustive) 510 del vars, 187 del conss, 0 add conss, 3636 chg bounds, 0 chg sides, 2195 chg coeffs, 453 upgd conss, 122242 impls, 10 clqs
(round 63, exhaustive) 538 del vars, 187 del conss, 0 add conss, 3636 chg bounds, 0 chg sides, 2195 chg coeffs, 453 upgd conss, 128048 impls, 10 clqs
(round 64, fast)       538 del vars, 201 del conss, 0 add conss, 3636 chg bounds, 0 chg sides, 2195 chg coeffs, 453 upgd conss, 128048 impls, 10 clqs
   (1.5s) running MILP presolver
   (1.5s) MILP presolver found nothing
(round 65, exhaustive) 538 del vars, 201 del conss, 0 add conss, 3636 chg bounds, 0 chg sides, 2195 chg coeffs, 467 upgd conss, 128048 impls, 10 clqs
(round 66, exhaustive) 564 del vars, 201 del conss, 0 add conss, 3636 chg bounds, 0 chg sides, 2195 chg coeffs, 467 upgd conss, 130706 impls, 10 clqs
(round 67, fast)       564 del vars, 216 del conss, 0 add conss, 3636 chg bounds, 0 chg sides, 2195 chg coeffs, 467 upgd conss, 130706 impls, 10 clqs
(round 68, exhaustive) 564 del vars, 216 del conss, 0 add conss, 3636 chg bounds, 0 chg sides, 2195 chg coeffs, 474 upgd conss, 130706 impls, 10 clqs
   (1.6s) sparsify finished: 2/9983 (0.0%) nonzeros canceled - in total 8 canceled nonzeros, 630 changed coefficients, 0 added nonzeros
(round 69, exhaustive) 564 del vars, 216 del conss, 0 add conss, 3636 chg bounds, 0 chg sides, 2330 chg coeffs, 474 upgd conss, 130713 impls, 10 clqs
(round 70, exhaustive) 592 del vars, 216 del conss, 0 add conss, 3636 chg bounds, 0 chg sides, 2330 chg coeffs, 474 upgd conss, 134376 impls, 10 clqs
(round 71, fast)       592 del vars, 233 del conss, 0 add conss, 3636 chg bounds, 0 chg sides, 2330 chg coeffs, 474 upgd conss, 134376 impls, 10 clqs
(round 72, exhaustive) 592 del vars, 233 del conss, 0 add conss, 3636 chg bounds, 0 chg sides, 2330 chg coeffs, 479 upgd conss, 134376 impls, 10 clqs
(round 73, exhaustive) 617 del vars, 233 del conss, 0 add conss, 3636 chg bounds, 0 chg sides, 2330 chg coeffs, 479 upgd conss, 137980 impls, 10 clqs
(round 74, fast)       618 del vars, 247 del conss, 0 add conss, 3637 chg bounds, 0 chg sides, 2330 chg coeffs, 479 upgd conss, 137980 impls, 10 clqs
(round 75, exhaustive) 618 del vars, 247 del conss, 0 add conss, 3637 chg bounds, 0 chg sides, 2330 chg coeffs, 489 upgd conss, 137980 impls, 10 clqs
(round 76, exhaustive) 645 del vars, 247 del conss, 0 add conss, 3637 chg bounds, 0 chg sides, 2330 chg coeffs, 489 upgd conss, 141943 impls, 10 clqs
(round 77, fast)       645 del vars, 263 del conss, 0 add conss, 3637 chg bounds, 0 chg sides, 2330 chg coeffs, 489 upgd conss, 141943 impls, 10 clqs
(round 78, exhaustive) 645 del vars, 263 del conss, 0 add conss, 3637 chg bounds, 0 chg sides, 2330 chg coeffs, 495 upgd conss, 141943 impls, 10 clqs
   (1.8s) sparsify finished: 2/9691 (0.0%) nonzeros canceled - in total 10 canceled nonzeros, 774 changed coefficients, 0 added nonzeros
(round 79, exhaustive) 645 del vars, 263 del conss, 0 add conss, 3637 chg bounds, 0 chg sides, 2474 chg coeffs, 495 upgd conss, 141949 impls, 10 clqs
(round 80, exhaustive) 670 del vars, 263 del conss, 0 add conss, 3637 chg bounds, 0 chg sides, 2474 chg coeffs, 495 upgd conss, 144702 impls, 10 clqs
(round 81, fast)       671 del vars, 278 del conss, 0 add conss, 3638 chg bounds, 0 chg sides, 2474 chg coeffs, 495 upgd conss, 144702 impls, 10 clqs
(round 82, exhaustive) 671 del vars, 278 del conss, 0 add conss, 3638 chg bounds, 0 chg sides, 2474 chg coeffs, 502 upgd conss, 144702 impls, 10 clqs
(round 83, exhaustive) 696 del vars, 278 del conss, 0 add conss, 3638 chg bounds, 0 chg sides, 2474 chg coeffs, 502 upgd conss, 148044 impls, 10 clqs
(round 84, fast)       697 del vars, 294 del conss, 0 add conss, 3639 chg bounds, 0 chg sides, 2474 chg coeffs, 502 upgd conss, 148044 impls, 10 clqs
(round 85, exhaustive) 697 del vars, 294 del conss, 0 add conss, 3639 chg bounds, 0 chg sides, 2474 chg coeffs, 506 upgd conss, 148044 impls, 10 clqs
(round 86, exhaustive) 722 del vars, 294 del conss, 0 add conss, 3639 chg bounds, 0 chg sides, 2474 chg coeffs, 506 upgd conss, 150652 impls, 10 clqs
(round 87, fast)       722 del vars, 310 del conss, 0 add conss, 3639 chg bounds, 0 chg sides, 2474 chg coeffs, 506 upgd conss, 150652 impls, 10 clqs
(round 88, exhaustive) 722 del vars, 310 del conss, 0 add conss, 3639 chg bounds, 0 chg sides, 2474 chg coeffs, 508 upgd conss, 150652 impls, 10 clqs
(round 89, exhaustive) 747 del vars, 310 del conss, 0 add conss, 3639 chg bounds, 0 chg sides, 2474 chg coeffs, 508 upgd conss, 152549 impls, 10 clqs
(round 90, fast)       747 del vars, 326 del conss, 0 add conss, 3639 chg bounds, 0 chg sides, 2474 chg coeffs, 508 upgd conss, 152549 impls, 10 clqs
(round 91, exhaustive) 747 del vars, 326 del conss, 0 add conss, 3639 chg bounds, 0 chg sides, 2474 chg coeffs, 510 upgd conss, 152549 impls, 10 clqs
(round 92, exhaustive) 772 del vars, 326 del conss, 0 add conss, 3639 chg bounds, 0 chg sides, 2474 chg coeffs, 510 upgd conss, 154166 impls, 10 clqs
(round 93, fast)       772 del vars, 342 del conss, 0 add conss, 3639 chg bounds, 0 chg sides, 2474 chg coeffs, 510 upgd conss, 154166 impls, 10 clqs
(round 94, exhaustive) 772 del vars, 342 del conss, 0 add conss, 3639 chg bounds, 0 chg sides, 2474 chg coeffs, 512 upgd conss, 154166 impls, 10 clqs
(round 95, exhaustive) 797 del vars, 342 del conss, 0 add conss, 3639 chg bounds, 0 chg sides, 2474 chg coeffs, 512 upgd conss, 157453 impls, 10 clqs
(round 96, fast)       798 del vars, 357 del conss, 0 add conss, 3640 chg bounds, 0 chg sides, 2474 chg coeffs, 512 upgd conss, 157453 impls, 10 clqs
(round 97, exhaustive) 798 del vars, 357 del conss, 0 add conss, 3640 chg bounds, 0 chg sides, 2474 chg coeffs, 519 upgd conss, 157453 impls, 10 clqs
(round 98, exhaustive) 823 del vars, 357 del conss, 0 add conss, 3640 chg bounds, 0 chg sides, 2474 chg coeffs, 519 upgd conss, 162406 impls, 10 clqs
(round 99, fast)       825 del vars, 374 del conss, 0 add conss, 3642 chg bounds, 0 chg sides, 2474 chg coeffs, 519 upgd conss, 162406 impls, 10 clqs
(round 100, exhaustive) 825 del vars, 374 del conss, 0 add conss, 3642 chg bounds, 0 chg sides, 2474 chg coeffs, 522 upgd conss, 162406 impls, 10 clqs
(round 101, exhaustive) 851 del vars, 374 del conss, 0 add conss, 3642 chg bounds, 0 chg sides, 2474 chg coeffs, 522 upgd conss, 165363 impls, 10 clqs
(round 102, fast)       851 del vars, 389 del conss, 0 add conss, 3642 chg bounds, 0 chg sides, 2474 chg coeffs, 522 upgd conss, 165363 impls, 10 clqs
(round 103, exhaustive) 851 del vars, 389 del conss, 0 add conss, 3642 chg bounds, 0 chg sides, 2474 chg coeffs, 525 upgd conss, 165363 impls, 10 clqs
   (2.2s) sparsify finished: 2/8944 (0.0%) nonzeros canceled - in total 12 canceled nonzeros, 912 changed coefficients, 0 added nonzeros
(round 104, exhaustive) 851 del vars, 389 del conss, 0 add conss, 3642 chg bounds, 0 chg sides, 2612 chg coeffs, 525 upgd conss, 165366 impls, 10 clqs
(round 105, exhaustive) 876 del vars, 389 del conss, 0 add conss, 3642 chg bounds, 0 chg sides, 2612 chg coeffs, 525 upgd conss, 167789 impls, 10 clqs
(round 106, fast)       880 del vars, 408 del conss, 0 add conss, 3646 chg bounds, 0 chg sides, 2612 chg coeffs, 525 upgd conss, 167789 impls, 10 clqs
(round 107, exhaustive) 905 del vars, 408 del conss, 0 add conss, 3646 chg bounds, 0 chg sides, 2612 chg coeffs, 526 upgd conss, 171853 impls, 10 clqs
(round 108, fast)       905 del vars, 424 del conss, 0 add conss, 3646 chg bounds, 0 chg sides, 2612 chg coeffs, 526 upgd conss, 171854 impls, 10 clqs
(round 109, exhaustive) 905 del vars, 424 del conss, 0 add conss, 3646 chg bounds, 0 chg sides, 2612 chg coeffs, 528 upgd conss, 171854 impls, 10 clqs
(round 110, exhaustive) 930 del vars, 424 del conss, 0 add conss, 3646 chg bounds, 0 chg sides, 2612 chg coeffs, 528 upgd conss, 173097 impls, 10 clqs
(round 111, fast)       932 del vars, 442 del conss, 0 add conss, 3648 chg bounds, 0 chg sides, 2612 chg coeffs, 528 upgd conss, 173097 impls, 10 clqs
   (2.3s) running MILP presolver
   (2.4s) MILP presolver (3 rounds): 0 aggregations, 9 fixings, 0 bound changes
(round 112, medium)     941 del vars, 448 del conss, 0 add conss, 3648 chg bounds, 0 chg sides, 2612 chg coeffs, 528 upgd conss, 173097 impls, 10 clqs
   (2.4s) sparsify finished: 2/8613 (0.0%) nonzeros canceled - in total 14 canceled nonzeros, 1034 changed coefficients, 0 added nonzeros
(round 113, exhaustive) 941 del vars, 448 del conss, 0 add conss, 3648 chg bounds, 0 chg sides, 2734 chg coeffs, 528 upgd conss, 173097 impls, 10 clqs
(round 114, exhaustive) 970 del vars, 448 del conss, 0 add conss, 3648 chg bounds, 0 chg sides, 2734 chg coeffs, 528 upgd conss, 176147 impls, 10 clqs
(round 115, fast)       970 del vars, 467 del conss, 0 add conss, 3648 chg bounds, 0 chg sides, 2734 chg coeffs, 528 upgd conss, 176147 impls, 10 clqs
(round 116, exhaustive) 997 del vars, 467 del conss, 0 add conss, 3648 chg bounds, 0 chg sides, 2734 chg coeffs, 529 upgd conss, 180223 impls, 10 clqs
(round 117, fast)       997 del vars, 485 del conss, 0 add conss, 3648 chg bounds, 0 chg sides, 2734 chg coeffs, 529 upgd conss, 180224 impls, 10 clqs
   (2.5s) probing cycle finished: starting next cycle
   (2.5s) probing: 51/1188 (4.3%) - 965 fixings, 0 aggregations, 181123 implications, 0 bound changes
   (2.5s) probing aborted: 50/50 successive totally useless probings
(round 118, exhaustive) 1012 del vars, 485 del conss, 0 add conss, 3648 chg bounds, 0 chg sides, 2734 chg coeffs, 529 upgd conss, 181642 impls, 10 clqs
(round 119, fast)       1012 del vars, 495 del conss, 0 add conss, 3648 chg bounds, 0 chg sides, 2734 chg coeffs, 529 upgd conss, 181642 impls, 10 clqs
   (2.6s) probing: 56/1188 (4.7%) - 965 fixings, 0 aggregations, 181123 implications, 0 bound changes
   (2.6s) probing aborted: 50/50 successive totally useless probings
   (2.6s) symmetry computation started: requiring (bin +, int -, cont +), (fixed: bin -, int +, cont -)
   (2.6s) symmetry computation finished: 2 generators found (max: 1500, log10 of symmetry group size: 0.8)
(round 120, exhaustive) 1012 del vars, 495 del conss, 1 add conss, 3648 chg bounds, 0 chg sides, 2734 chg coeffs, 529 upgd conss, 181642 impls, 10 clqs
presolving (121 rounds: 121 fast, 82 medium, 81 exhaustive):
 1012 deleted vars, 495 deleted constraints, 1 added constraints, 3648 tightened bounds, 0 added holes, 0 changed sides, 2734 changed coefficients
 181642 implications, 10 cliques
presolved problem has 2388 variables (1188 bin, 0 int, 0 impl, 1200 cont) and 1232 constraints
     24 constraints of type <varbound>
     10 constraints of type <setppc>
   1197 constraints of type <linear>
      1 constraints of type <orbitope>
Presolving Time: 2.59

 time | node  | left  |LP iter|LP it/n|mem/heur|mdpt |vars |cons |rows |cuts |sepa|confs|strbr|  dualbound   | primalbound  |  gap   | compl. 
  2.7s|     1 |     0 |   361 |     - |    72M |   0 |2388 |1233 |1231 |   0 |  0 |   0 |   0 |-3.161186e+00 |      --      |    Inf | unknown
o 2.7s|     1 |     0 |   464 |     - |feaspump|   0 |2388 |1233 |1231 |   0 |  0 |   0 |   0 |-3.161186e+00 |-3.161186e+00 |   0.00%| unknown
  2.7s|     1 |     0 |   464 |     - |    72M |   0 |2388 |1233 |1231 |   0 |  0 |   0 |   0 |-3.161186e+00 |-3.161186e+00 |   0.00%| unknown

SCIP Status        : problem is solved [optimal solution found]
Solving Time (sec) : 2.68
Solving Nodes      : 1
Primal Bound       : -3.16118570778334e+00 (1 solutions)
Dual Bound         : -3.16118570778334e+00
Gap                : 0.00 %

primal solution (original space):
=================================

objective value:                    -3.16118570778334
y_1,71_                                             1 	(obj:0)
y_4,71_                                             1 	(obj:0)
y_6,71_                                             1 	(obj:0)
y_10,71_                                            1 	(obj:0)
y_2,72_                                             1 	(obj:0)
y_3,72_                                             1 	(obj:0)
y_5,72_                                             1 	(obj:0)
y_7,72_                                             1 	(obj:0)
y_8,72_                                             1 	(obj:0)
y_9,72_                                             1 	(obj:0)
x_5_                               -0.319526627218935 	(obj:1)
x_1_                               -0.319526627218935 	(obj:1)
t_6,72_                                             1 	(obj:0)
t_3,73_                             0.439903846153928 	(obj:0)
x_6_                               -0.319526627218935 	(obj:1)
t_4,72_                                             1 	(obj:0)
x_10_                              -0.319526627218935 	(obj:1)
t_7,72_                                             1 	(obj:0)
t_2,73_                                             1 	(obj:0)
x_7_                               -0.319526627218935 	(obj:1)
t_3,72_                             0.560096153846072 	(obj:0)
t_8,72_                                             1 	(obj:0)
x_8_                               -0.319526627218935 	(obj:1)
x_2_                               -0.295857988165681 	(obj:1)
t_9,72_                                             1 	(obj:0)
x_4_                               -0.319526627218935 	(obj:1)
x_9_                               -0.319526627218935 	(obj:1)
t_10,72_                                            1 	(obj:0)
x_3_                               -0.309114701866179 	(obj:1)
t_1,72_                                             1 	(obj:0)
t_5,72_                                             1 	(obj:0)

Statistics
==========

SCIP Status        : problem is solved [optimal solution found]
Total Time         :       2.69
  solving          :       2.68
  presolving       :       2.59 (included in solving)
  reading          :       0.01
  copying          :       0.00 (0 times copied the problem)
Original Problem   :
  Problem name     : ../modeles/10_169.lp
  Variables        : 3400 (1690 binary, 0 integer, 0 implicit integer, 1710 continuous)
  Constraints      : 1731 initial, 1731 maximal
  Objective        : minimize, 10 non-zeros (abs.min = 1, abs.max = 1)
Presolved Problem  :
  Problem name     : t_../modeles/10_169.lp
  Variables        : 2388 (1188 binary, 0 integer, 0 implicit integer, 1200 continuous)
  Constraints      : 1232 initial, 1233 maximal
  Objective        : minimize, 1200 non-zeros (abs.min = 0.0118343, abs.max = 1.40828)
  Nonzeros         : 8709 constraint, 1188 clique table
Presolvers         :   ExecTime  SetupTime  Calls  FixedVars   AggrVars   ChgTypes  ChgBounds   AddHoles    DelCons    AddCons   ChgSides   ChgCoefs
  boundshift       :       0.00       0.00      0          0          0          0          0          0          0          0          0          0
  convertinttobin  :       0.00       0.00      0          0          0          0          0          0          0          0          0          0
  domcol           :       0.26       0.00     47          0          0          0          0          0          0          0          0          0
  dualagg          :       0.00       0.00      0          0          0          0          0          0          0          0          0          0
  dualcomp         :       0.09       0.00     47          0          0          0          0          0          0          0          0          0
  dualinfer        :       0.00       0.00      0          0          0          0          0          0          0          0          0          0
  dualsparsify     :       0.00       0.00      1          0          0          0          0          0          0          0          0          0
  gateextraction   :       0.00       0.00      0          0          0          0          0          0          0          0          0          0
  implics          :       0.00       0.00     82          0          0          0          0          0          0          0          0          0
  inttobinary      :       0.00       0.00      0          0          0          0          0          0          0          0          0          0
  milp             :       0.07       0.00      3          9          0          0         20          0          0          0          0          0
  qpkktref         :       0.00       0.00      0          0          0          0          0          0          0          0          0          0
  redvub           :       0.00       0.00      0          0          0          0          0          0          0          0          0          0
  sparsify         :       0.50       0.00     18          0          0          0          0          0          0          0          0       1034
  stuffing         :       0.00       0.00      0          0          0          0          0          0          0          0          0          0
  trivial          :       0.01       0.00    121          0          0          0          0          0          0          0          0          0
  tworowbnd        :       0.00       0.00      0          0          0          0          0          0          0          0          0          0
  dualfix          :       0.01       0.00    121          0          0          0          0          0          0          0          0          0
  genvbounds       :       0.00       0.00      0          0          0          0          0          0          0          0          0          0
  probing          :       1.29       0.00     39        965          0          0          0          0          0          0          0          0
  pseudoobj        :       0.00       0.00      0          0          0          0          0          0          0          0          0          0
  symmetry         :       0.01       0.00      1          0          0          0          0          0          0          1          0          0
  vbounds          :       0.00       0.00      1          0          0          0          0          0          0          0          0          0
  varbound         :       0.01       0.00    199          0          0          0         28          0        495          0          0          0
  setppc           :       0.02       0.00    279          0          0          0          0          0          0          0          0          0
  linear           :       0.29       0.00    202         28         10          0       3600          0          0          0          0       1700
  orbitope         :       0.00       0.00      1          0          0          0          0          0          0          0          0          0
  logicor          :       0.00       0.00      0          0          0          0          0          0          0          0          0          0
  benders          :       0.00       0.00      0          0          0          0          0          0          0          0          0          0
  components       :       0.00       0.00      1          0          0          0          0          0          0          0          0          0
  root node        :          -          -      -          0          -          -          0          -          -          -          -          -
Constraints        :     Number  MaxNumber  #Separate #Propagate    #EnfoLP    #EnfoRelax  #EnfoPS    #Check   #ResProp    Cutoffs    DomReds       Cuts    Applied      Conss   Children
  benderslp        :          0          0          0          0          0          0          0         12          0          0          0          0          0          0          0
  integral         :          0          0          0          0          0          0          0         12          0          0          0          0          0          0          0
  varbound         :         24         24          0       4993          0          0          0          6          0          0          0          0          0          0          0
  setppc           :         10         10          0       4935          0          0          0          6          0          0          0          0          0          0          0
  linear           :       1197       1197          0       4993          0          0          0          1          0        563          0          0          0          0          0
  orbitope         :          1          1          0        248          0          0          0          1          0          0          0          0          0          0          0
  logicor          :          0+         1          0          6          0          0          0          0          0          0          0          0          0          0          0
  benders          :          0          0          0          0          0          0          0          2          0          0          0          0          0          0          0
  countsols        :          0          0          0          0          0          0          0          2          0          0          0          0          0          0          0
  components       :          0          0          0          0          0          0          0          0          0          0          0          0          0          0          0
Constraint Timings :  TotalTime  SetupTime   Separate  Propagate     EnfoLP     EnfoPS     EnfoRelax   Check    ResProp    SB-Prop
  benderslp        :       0.00       0.00       0.00       0.00       0.00       0.00       0.00       0.00       0.00       0.00
  integral         :       0.00       0.00       0.00       0.00       0.00       0.00       0.00       0.00       0.00       0.00
  varbound         :       0.05       0.00       0.00       0.05       0.00       0.00       0.00       0.00       0.00       0.00
  setppc           :       0.01       0.00       0.00       0.01       0.00       0.00       0.00       0.00       0.00       0.00
  linear           :       0.26       0.00       0.00       0.26       0.00       0.00       0.00       0.00       0.00       0.00
  orbitope         :       0.00       0.00       0.00       0.00       0.00       0.00       0.00       0.00       0.00       0.00
  logicor          :       0.00       0.00       0.00       0.00       0.00       0.00       0.00       0.00       0.00       0.00
  benders          :       0.00       0.00       0.00       0.00       0.00       0.00       0.00       0.00       0.00       0.00
  countsols        :       0.00       0.00       0.00       0.00       0.00       0.00       0.00       0.00       0.00       0.00
  components       :       0.00       0.00       0.00       0.00       0.00       0.00       0.00       0.00       0.00       0.00
Propagators        : #Propagate   #ResProp    Cutoffs    DomReds
  dualfix          :          1          0          0          0
  genvbounds       :          0          0          0          0
  nlobbt           :          0          0          0          0
  obbt             :          0          0          0          0
  probing          :          0          0          0          0
  pseudoobj        :          2          0          0          0
  redcost          :          1          0          0          0
  rootredcost      :          0          0          0          0
  symmetry         :          0          0          0          0
  vbounds          :        175          0          0          0
Propagator Timings :  TotalTime  SetupTime   Presolve  Propagate    ResProp    SB-Prop
  dualfix          :       0.01       0.00       0.01       0.00       0.00       0.00
  genvbounds       :       0.00       0.00       0.00       0.00       0.00       0.00
  nlobbt           :       0.00       0.00       0.00       0.00       0.00       0.00
  obbt             :       0.00       0.00       0.00       0.00       0.00       0.00
  probing          :       1.29       0.00       1.29       0.00       0.00       0.00
  pseudoobj        :       0.00       0.00       0.00       0.00       0.00       0.00
  redcost          :       0.00       0.00       0.00       0.00       0.00       0.00
  rootredcost      :       0.00       0.00       0.00       0.00       0.00       0.00
  symmetry         :       0.01       0.00       0.01       0.00       0.00       0.00
  vbounds          :       0.02       0.00       0.00       0.02       0.00       0.00
Orbital fixing     :
  vars fixed to 0  :          0
  vars fixed to 1  :          0
Conflict Analysis  :       Time      Calls    Success    DomReds  Conflicts   Literals    Reconvs ReconvLits   Dualrays   Nonzeros   LP Iters   (pool size: [10000,10000])
  propagation      :       0.00          0          0          -          0        0.0          0        0.0          -          -          -
  infeasible LP    :       0.00          0          0          -          0        0.0          0        0.0          0        0.0          0
  bound exceed. LP :       0.00          0          0          -          0        0.0          0        0.0          0        0.0          0
  strong branching :       0.00          0          0          -          0        0.0          0        0.0          -          -          0
  pseudo solution  :       0.00          0          0          -          0        0.0          0        0.0          -          -          -
  applied globally :       0.00          -          -          0          0        0.0          -          -          0          -          -
  applied locally  :          -          -          -          0          0        0.0          -          -          0          -          -
Separators         :   ExecTime  SetupTime      Calls    Cutoffs    DomReds       Cuts    Applied      Conss
  cut pool         :       0.00                     0          -          -          0          -          -    (maximal pool size: 0)
  aggregation      :       0.00       0.00          0          0          0          0          0          0
  > cmir           :          -          -          -          -          -          -          0          -
  > flowcover      :          -          -          -          -          -          -          0          -
  > knapsackcover  :          -          -          -          -          -          -          0          -
  cgmip            :       0.00       0.00          0          0          0          0          0          0
  clique           :       0.00       0.00          0          0          0          0          0          0
  closecuts        :       0.00       0.00          0          0          0          0          0          0
  convexproj       :       0.00       0.00          0          0          0          0          0          0
  disjunctive      :       0.00       0.00          0          0          0          0          0          0
  eccuts           :       0.00       0.00          0          0          0          0          0          0
  gauge            :       0.00       0.00          0          0          0          0          0          0
  gomory           :       0.00       0.00          0          0          0          0          0          0
  > gomorymi       :          -          -          -          -          -          -          0          -
  > strongcg       :          -          -          -          -          -          -          0          -
  impliedbounds    :       0.00       0.00          0          0          0          0          0          0
  interminor       :       0.00       0.00          0          0          0          0          0          0
  intobj           :       0.00       0.00          0          0          0          0          0          0
  mcf              :       0.00       0.00          0          0          0          0          0          0
  minor            :       0.00       0.00          0          0          0          0          0          0
  mixing           :       0.00       0.00          0          0          0          0          0          0
  oddcycle         :       0.00       0.00          0          0          0          0          0          0
  rapidlearning    :       0.00       0.00          0          0          0          0          0          0
  rlt              :       0.00       0.00          0          0          0          0          0          0
  zerohalf         :       0.00       0.00          0          0          0          0          0          0
Cutselectors       :   ExecTime  SetupTime
  hybrid           :       0.00       0.00
Pricers            :   ExecTime  SetupTime      Calls       Vars
  problem variables:       0.00          -          0          0
Branching Rules    :   ExecTime  SetupTime   BranchLP  BranchExt   BranchPS    Cutoffs    DomReds       Cuts      Conss   Children
  allfullstrong    :       0.00       0.00          0          0          0          0          0          0          0          0
  cloud            :       0.00       0.00          0          0          0          0          0          0          0          0
  distribution     :       0.00       0.00          0          0          0          0          0          0          0          0
  fullstrong       :       0.00       0.00          0          0          0          0          0          0          0          0
  inference        :       0.00       0.00          0          0          0          0          0          0          0          0
  leastinf         :       0.00       0.00          0          0          0          0          0          0          0          0
  lookahead        :       0.00       0.00          0          0          0          0          0          0          0          0
  mostinf          :       0.00       0.00          0          0          0          0          0          0          0          0
  multaggr         :       0.00       0.00          0          0          0          0          0          0          0          0
  nodereopt        :       0.00       0.00          0          0          0          0          0          0          0          0
  pscost           :       0.00       0.00          0          0          0          0          0          0          0          0
  random           :       0.00       0.00          0          0          0          0          0          0          0          0
  relpscost        :       0.00       0.00          0          0          0          0          0          0          0          0
  vanillafullstrong:       0.00       0.00          0          0          0          0          0          0          0          0
Primal Heuristics  :   ExecTime  SetupTime      Calls      Found       Best
  LP solutions     :       0.00          -          -          0          0
  relax solutions  :       0.00          -          -          0          0
  pseudo solutions :       0.00          -          -          0          0
  strong branching :       0.00          -          -          0          0
  actconsdiving    :       0.00       0.00          0          0          0
  adaptivediving   :       0.00       0.00          0          0          0
  alns             :       0.00       0.00          0          0          0
  bound            :       0.00       0.00          0          0          0
  clique           :       0.02       0.00          1          0          0
  coefdiving       :       0.00       0.00          0          0          0
  completesol      :       0.00       0.00          0          0          0
  conflictdiving   :       0.00       0.00          0          0          0
  crossover        :       0.00       0.00          0          0          0
  dins             :       0.00       0.00          0          0          0
  distributiondivin:       0.00       0.00          0          0          0
  dps              :       0.00       0.00          0          0          0
  dualval          :       0.00       0.00          0          0          0
  farkasdiving     :       0.00       0.00          0          0          0
  feaspump         :       0.00       0.00          1          1          1
  fixandinfer      :       0.00       0.00          0          0          0
  fracdiving       :       0.00       0.00          0          0          0
  gins             :       0.00       0.00          0          0          0
  guideddiving     :       0.00       0.00          0          0          0
  indicator        :       0.00       0.00          0          0          0
  intdiving        :       0.00       0.00          0          0          0
  intshifting      :       0.00       0.00          0          0          0
  linesearchdiving :       0.00       0.00          0          0          0
  localbranching   :       0.00       0.00          0          0          0
  locks            :       0.01       0.00          1          0          0
  lpface           :       0.00       0.00          0          0          0
  mpec             :       0.00       0.00          0          0          0
  multistart       :       0.00       0.00          0          0          0
  mutation         :       0.00       0.00          0          0          0
  nlpdiving        :       0.00       0.00          0          0          0
  objpscostdiving  :       0.00       0.00          0          0          0
  octane           :       0.00       0.00          0          0          0
  ofins            :       0.00       0.00          0          0          0
  oneopt           :       0.00       0.00          0          0          0
  padm             :       0.00       0.00          0          0          0
  proximity        :       0.00       0.00          0          0          0
  pscostdiving     :       0.00       0.00          0          0          0
  randrounding     :       0.00       0.00          1          0          0
  rens             :       0.00       0.00          0          0          0
  reoptsols        :       0.00       0.00          0          0          0
  repair           :       0.00       0.00          0          0          0
  rins             :       0.00       0.00          0          0          0
  rootsoldiving    :       0.00       0.00          0          0          0
  rounding         :       0.00       0.00          1          0          0
  shiftandpropagate:       0.01       0.00          1          0          0
  shifting         :       0.00       0.00          1          0          0
  simplerounding   :       0.00       0.00          0          0          0
  subnlp           :       0.00       0.00          0          0          0
  trivial          :       0.00       0.00          2          0          0
  trivialnegation  :       0.00       0.00          0          0          0
  trustregion      :       0.00       0.00          0          0          0
  trysol           :       0.00       0.00          0          0          0
  twoopt           :       0.00       0.00          0          0          0
  undercover       :       0.00       0.00          0          0          0
  vbounds          :       0.00       0.00          0          0          0
  veclendiving     :       0.00       0.00          0          0          0
  zeroobj          :       0.00       0.00          0          0          0
  zirounding       :       0.00       0.00          0          0          0
  other solutions  :          -          -          -          0          -
Diving (single)    :      Calls      Nodes   LP Iters Backtracks  Conflicts   MinDepth   MaxDepth   AvgDepth  RoundSols  NLeafSols  MinSolDpt  MaxSolDpt  AvgSolDpt
  actconsdiving    :          0          -          -          -          -          -          -          -          -          -          -          -          -
  coefdiving       :          0          -          -          -          -          -          -          -          -          -          -          -          -
  conflictdiving   :          0          -          -          -          -          -          -          -          -          -          -          -          -
  distributiondivin:          0          -          -          -          -          -          -          -          -          -          -          -          -
  farkasdiving     :          0          -          -          -          -          -          -          -          -          -          -          -          -
  fracdiving       :          0          -          -          -          -          -          -          -          -          -          -          -          -
  guideddiving     :          0          -          -          -          -          -          -          -          -          -          -          -          -
  linesearchdiving :          0          -          -          -          -          -          -          -          -          -          -          -          -
  pscostdiving     :          0          -          -          -          -          -          -          -          -          -          -          -          -
  veclendiving     :          0          -          -          -          -          -          -          -          -          -          -          -          -
Diving (adaptive)  :      Calls      Nodes   LP Iters Backtracks  Conflicts   MinDepth   MaxDepth   AvgDepth  RoundSols  NLeafSols  MinSolDpt  MaxSolDpt  AvgSolDpt
  actconsdiving    :          0          -          -          -          -          -          -          -          -          -          -          -          -
  coefdiving       :          0          -          -          -          -          -          -          -          -          -          -          -          -
  conflictdiving   :          0          -          -          -          -          -          -          -          -          -          -          -          -
  distributiondivin:          0          -          -          -          -          -          -          -          -          -          -          -          -
  farkasdiving     :          0          -          -          -          -          -          -          -          -          -          -          -          -
  fracdiving       :          0          -          -          -          -          -          -          -          -          -          -          -          -
  guideddiving     :          0          -          -          -          -          -          -          -          -          -          -          -          -
  linesearchdiving :          0          -          -          -          -          -          -          -          -          -          -          -          -
  pscostdiving     :          0          -          -          -          -          -          -          -          -          -          -          -          -
  veclendiving     :          0          -          -          -          -          -          -          -          -          -          -          -          -
Neighborhoods      :      Calls  SetupTime  SolveTime SolveNodes       Sols       Best       Exp3  EpsGreedy        UCB TgtFixRate  Opt  Inf Node Stal  Sol  Usr Othr Actv
  rens             :          0       0.00       0.00          0          0          0    0.00000   -1.00000    1.00000      0.900    0    0    0    0    0    0    0    1
  rins             :          0       0.00       0.00          0          0          0    0.00000   -1.00000    1.00000      0.900    0    0    0    0    0    0    0    1
  mutation         :          0       0.00       0.00          0          0          0    0.00000   -1.00000    1.00000      0.900    0    0    0    0    0    0    0    1
  localbranching   :          0       0.00       0.00          0          0          0    0.00000   -1.00000    1.00000      0.900    0    0    0    0    0    0    0    1
  crossover        :          0       0.00       0.00          0          0          0    0.00000   -1.00000    1.00000      0.900    0    0    0    0    0    0    0    1
  proximity        :          0       0.00       0.00          0          0          0    0.00000   -1.00000    1.00000      0.900    0    0    0    0    0    0    0    1
  zeroobjective    :          0       0.00       0.00          0          0          0    0.00000   -1.00000    1.00000      0.900    0    0    0    0    0    0    0    1
  dins             :          0       0.00       0.00          0          0          0    0.00000   -1.00000    1.00000      0.900    0    0    0    0    0    0    0    1
  trustregion      :          0       0.00       0.00          0          0          0    0.00000   -1.00000    1.00000      0.900    0    0    0    0    0    0    0    0
LP                 :       Time      Calls Iterations  Iter/call   Iter/sec  Time-0-It Calls-0-It    ItLimit
  primal LP        :       0.00          0          0       0.00          -       0.00          0
  dual LP          :       0.01          1        352     352.00   29206.77       0.00          0
  lex dual LP      :       0.00          0          0       0.00          -
  barrier LP       :       0.00          0          0       0.00          -       0.00          0
  resolve instable :       0.00          0          0       0.00          -
  diving/probing LP:       0.00          2        112      56.00          -
  strong branching :       0.00          0          0       0.00          -          -          -          0
    (at root node) :          -          0          0       0.00          -
  conflict analysis:       0.00          0          0       0.00          -
B&B Tree           :
  number of runs   :          1
  nodes            :          1 (0 internal, 1 leaves)
  feasible leaves  :          0
  infeas. leaves   :          0
  objective leaves :          1
  nodes (total)    :          1 (0 internal, 1 leaves)
  nodes left       :          0
  max depth        :          0
  max depth (total):          0
  backtracks       :          0 (0.0%)
  early backtracks :          0 (0.0%)
  nodes exc. ref.  :          0 (0.0%)
  delayed cutoffs  :          0
  repropagations   :          0 (0 domain reductions, 0 cutoffs)
  avg switch length:       2.00
  switching time   :       0.00
Estim. Tree Size   :          1
Estimation Tree    : 1 nodes (1 visited, 0 internal, 1 leaves, 0 open), weight: 1.0000 completed 1.0000
Estimations        :      estim      value      trend resolution     smooth
  wbe              :          1          -          -          -          -
  tree-profile     :         -1          -          -          -          -
  gap              :          1    1.00000    1.00000          1          1
  tree-weight      :          1    1.00000    1.00000          1          1
  leaf-frequency   :          1    0.50000    1.00000          1          1
  ssg              :          1    0.00000   -1.00000          1          1
  open-nodes       :          1    0.00000    0.00000          1          1
Root Node          :
  First LP value   : -3.16118570778334e+00
  First LP Iters   :        352 (26202.17 Iter/sec)
  First LP Time    :       0.01
  Final Dual Bound : -3.16118570778334e+00
  Final Root Iters :        455
  Root LP Estimate :                     -
Solution           :
  Solutions found  :          1 (1 improvements)
  First Solution   : -3.16118570778334e+00   (in run 1, after 1 nodes, 2.68 seconds, depth 0, found by <feaspump>)
  Gap First Sol.   :       0.00 %
  Gap Last Sol.    :       0.00 %
  Primal Bound     : -3.16118570778334e+00   (in run 1, after 1 nodes, 2.68 seconds, depth 0, found by <feaspump>)
  Dual Bound       : -3.16118570778334e+00
  Gap              :       0.00 %
Integrals          :      Total       Avg%
  primal-dual      :     267.87      99.98
  primal-ref       :          -          - (not evaluated)
  dual-ref         :          -          - (not evaluated)
