SCIP version 8.0.0 [precision: 8 byte] [memory: block] [mode: optimized] [LP solver: SoPlex 6.0.0] [GitHash: a740f0891e]
Copyright (C) 2002-2021 Konrad-Zuse-Zentrum fuer Informationstechnik Berlin (ZIB)

External libraries: 
  SoPlex 6.0.0         Linear Programming Solver developed at Zuse Institute Berlin (soplex.zib.de) [GitHash: 71a5873d]
  CppAD 20180000.0     Algorithmic Differentiation of C++ algorithms developed by B. Bell (github.com/coin-or/CppAD)
  ZLIB 1.2.11          General purpose compression library by J. Gailly and M. Adler (zlib.net)
  GMP 6.2.1            GNU Multiple Precision Arithmetic Library developed by T. Granlund (gmplib.org)
  ZIMPL 3.5.1          Zuse Institute Mathematical Programming Language developed by T. Koch (zimpl.zib.de)
  AMPL/MP 4e2d45c4     AMPL .nl file reader library (github.com/ampl/mp)
  PaPILO 2.0.0         parallel presolve for integer and linear optimization (github.com/scipopt/papilo) [GitHash: 76cafc1]
  bliss 0.73p          Computing Graph Automorphism Groups by T. Junttila and P. Kaski (www.tcs.hut.fi/Software/bliss/)
  Ipopt 3.13.2         Interior Point Optimizer developed by A. Waechter et.al. (github.com/coin-or/Ipopt)

user parameter file <scip.set> not found - using default parameters

read problem <../modeles/10_229.lp>
============

original problem has 4600 variables (2290 bin, 0 int, 0 impl, 2310 cont) and 2331 constraints

solve problem
=============

presolving:
(round 1, fast)       10 del vars, 0 del conss, 0 add conss, 4880 chg bounds, 0 chg sides, 0 chg coeffs, 0 upgd conss, 0 impls, 10 clqs
(round 2, fast)       10 del vars, 0 del conss, 0 add conss, 4880 chg bounds, 0 chg sides, 2300 chg coeffs, 0 upgd conss, 0 impls, 10 clqs
   (0.0s) running MILP presolver
   (0.1s) MILP presolver (2 rounds): 0 aggregations, 0 fixings, 20 bound changes
(round 3, exhaustive) 10 del vars, 0 del conss, 0 add conss, 4900 chg bounds, 0 chg sides, 2300 chg coeffs, 30 upgd conss, 0 impls, 10 clqs
   (0.1s) sparsify finished: 2/16070 (0.0%) nonzeros canceled - in total 2 canceled nonzeros, 230 changed coefficients, 0 added nonzeros
(round 4, exhaustive) 10 del vars, 0 del conss, 0 add conss, 4900 chg bounds, 0 chg sides, 2530 chg coeffs, 30 upgd conss, 20 impls, 10 clqs
(round 5, exhaustive) 35 del vars, 0 del conss, 0 add conss, 4900 chg bounds, 0 chg sides, 2530 chg coeffs, 30 upgd conss, 8682 impls, 10 clqs
(round 6, exhaustive) 35 del vars, 1 del conss, 0 add conss, 4900 chg bounds, 0 chg sides, 2530 chg coeffs, 77 upgd conss, 8682 impls, 10 clqs
(round 7, exhaustive) 60 del vars, 1 del conss, 0 add conss, 4900 chg bounds, 0 chg sides, 2530 chg coeffs, 77 upgd conss, 15337 impls, 10 clqs
(round 8, exhaustive) 60 del vars, 1 del conss, 0 add conss, 4900 chg bounds, 0 chg sides, 2530 chg coeffs, 127 upgd conss, 15337 impls, 10 clqs
(round 9, exhaustive) 85 del vars, 1 del conss, 0 add conss, 4900 chg bounds, 0 chg sides, 2530 chg coeffs, 127 upgd conss, 23591 impls, 10 clqs
(round 10, exhaustive) 85 del vars, 2 del conss, 0 add conss, 4900 chg bounds, 0 chg sides, 2530 chg coeffs, 174 upgd conss, 23591 impls, 10 clqs
(round 11, exhaustive) 110 del vars, 2 del conss, 0 add conss, 4900 chg bounds, 0 chg sides, 2530 chg coeffs, 174 upgd conss, 31150 impls, 10 clqs
(round 12, fast)       110 del vars, 4 del conss, 0 add conss, 4900 chg bounds, 0 chg sides, 2530 chg coeffs, 174 upgd conss, 31150 impls, 10 clqs
(round 13, exhaustive) 110 del vars, 4 del conss, 0 add conss, 4900 chg bounds, 0 chg sides, 2530 chg coeffs, 218 upgd conss, 31150 impls, 10 clqs
(round 14, exhaustive) 135 del vars, 4 del conss, 0 add conss, 4900 chg bounds, 0 chg sides, 2530 chg coeffs, 218 upgd conss, 39604 impls, 10 clqs
(round 15, fast)       135 del vars, 11 del conss, 0 add conss, 4900 chg bounds, 0 chg sides, 2530 chg coeffs, 218 upgd conss, 39604 impls, 10 clqs
(round 16, exhaustive) 135 del vars, 11 del conss, 0 add conss, 4900 chg bounds, 0 chg sides, 2530 chg coeffs, 247 upgd conss, 39604 impls, 10 clqs
(round 17, exhaustive) 160 del vars, 11 del conss, 0 add conss, 4900 chg bounds, 0 chg sides, 2530 chg coeffs, 247 upgd conss, 43716 impls, 10 clqs
(round 18, fast)       164 del vars, 18 del conss, 0 add conss, 4904 chg bounds, 0 chg sides, 2530 chg coeffs, 247 upgd conss, 43716 impls, 10 clqs
(round 19, exhaustive) 164 del vars, 18 del conss, 0 add conss, 4904 chg bounds, 0 chg sides, 2530 chg coeffs, 284 upgd conss, 43716 impls, 10 clqs
(round 20, exhaustive) 189 del vars, 18 del conss, 0 add conss, 4904 chg bounds, 0 chg sides, 2530 chg coeffs, 284 upgd conss, 51668 impls, 10 clqs
(round 21, fast)       190 del vars, 23 del conss, 0 add conss, 4905 chg bounds, 0 chg sides, 2530 chg coeffs, 284 upgd conss, 51668 impls, 10 clqs
(round 22, exhaustive) 190 del vars, 23 del conss, 0 add conss, 4905 chg bounds, 0 chg sides, 2530 chg coeffs, 321 upgd conss, 51668 impls, 10 clqs
(round 23, exhaustive) 216 del vars, 23 del conss, 0 add conss, 4905 chg bounds, 0 chg sides, 2530 chg coeffs, 321 upgd conss, 55306 impls, 10 clqs
(round 24, fast)       216 del vars, 32 del conss, 0 add conss, 4905 chg bounds, 0 chg sides, 2530 chg coeffs, 321 upgd conss, 55306 impls, 10 clqs
(round 25, exhaustive) 216 del vars, 32 del conss, 0 add conss, 4905 chg bounds, 0 chg sides, 2530 chg coeffs, 346 upgd conss, 55306 impls, 10 clqs
   (1.1s) sparsify finished: 2/15418 (0.0%) nonzeros canceled - in total 4 canceled nonzeros, 457 changed coefficients, 0 added nonzeros
(round 26, exhaustive) 216 del vars, 32 del conss, 0 add conss, 4905 chg bounds, 0 chg sides, 2757 chg coeffs, 346 upgd conss, 55331 impls, 10 clqs
(round 27, exhaustive) 241 del vars, 32 del conss, 0 add conss, 4905 chg bounds, 0 chg sides, 2757 chg coeffs, 346 upgd conss, 63418 impls, 10 clqs
(round 28, fast)       243 del vars, 42 del conss, 0 add conss, 4907 chg bounds, 0 chg sides, 2757 chg coeffs, 346 upgd conss, 63418 impls, 10 clqs
(round 29, exhaustive) 243 del vars, 42 del conss, 0 add conss, 4907 chg bounds, 0 chg sides, 2757 chg coeffs, 370 upgd conss, 63418 impls, 10 clqs
(round 30, exhaustive) 268 del vars, 42 del conss, 0 add conss, 4907 chg bounds, 0 chg sides, 2757 chg coeffs, 370 upgd conss, 75073 impls, 10 clqs
(round 31, fast)       269 del vars, 47 del conss, 0 add conss, 4908 chg bounds, 0 chg sides, 2757 chg coeffs, 370 upgd conss, 75073 impls, 10 clqs
(round 32, exhaustive) 269 del vars, 47 del conss, 0 add conss, 4908 chg bounds, 0 chg sides, 2757 chg coeffs, 407 upgd conss, 75073 impls, 10 clqs
(round 33, exhaustive) 294 del vars, 47 del conss, 0 add conss, 4908 chg bounds, 0 chg sides, 2757 chg coeffs, 407 upgd conss, 83340 impls, 10 clqs
(round 34, fast)       294 del vars, 55 del conss, 0 add conss, 4908 chg bounds, 0 chg sides, 2757 chg coeffs, 407 upgd conss, 83340 impls, 10 clqs
(round 35, exhaustive) 294 del vars, 55 del conss, 0 add conss, 4908 chg bounds, 0 chg sides, 2757 chg coeffs, 433 upgd conss, 83340 impls, 10 clqs
   (1.5s) sparsify finished: 2/15159 (0.0%) nonzeros canceled - in total 6 canceled nonzeros, 679 changed coefficients, 0 added nonzeros
(round 36, exhaustive) 294 del vars, 55 del conss, 0 add conss, 4908 chg bounds, 0 chg sides, 2979 chg coeffs, 433 upgd conss, 83366 impls, 10 clqs
(round 37, exhaustive) 319 del vars, 55 del conss, 0 add conss, 4908 chg bounds, 0 chg sides, 2979 chg coeffs, 433 upgd conss, 90260 impls, 10 clqs
(round 38, fast)       320 del vars, 63 del conss, 0 add conss, 4909 chg bounds, 0 chg sides, 2979 chg coeffs, 433 upgd conss, 90260 impls, 10 clqs
(round 39, exhaustive) 320 del vars, 63 del conss, 0 add conss, 4909 chg bounds, 0 chg sides, 2979 chg coeffs, 461 upgd conss, 90260 impls, 10 clqs
(round 40, exhaustive) 345 del vars, 63 del conss, 0 add conss, 4909 chg bounds, 0 chg sides, 2979 chg coeffs, 461 upgd conss, 98283 impls, 10 clqs
(round 41, fast)       345 del vars, 74 del conss, 0 add conss, 4909 chg bounds, 0 chg sides, 2979 chg coeffs, 461 upgd conss, 98283 impls, 10 clqs
(round 42, exhaustive) 345 del vars, 74 del conss, 0 add conss, 4909 chg bounds, 0 chg sides, 2979 chg coeffs, 478 upgd conss, 98283 impls, 10 clqs
(round 43, exhaustive) 370 del vars, 74 del conss, 0 add conss, 4909 chg bounds, 0 chg sides, 2979 chg coeffs, 478 upgd conss, 114416 impls, 10 clqs
(round 44, fast)       371 del vars, 81 del conss, 0 add conss, 4910 chg bounds, 0 chg sides, 2979 chg coeffs, 478 upgd conss, 114416 impls, 10 clqs
(round 45, exhaustive) 371 del vars, 81 del conss, 0 add conss, 4910 chg bounds, 0 chg sides, 2979 chg coeffs, 505 upgd conss, 114416 impls, 10 clqs
(round 46, exhaustive) 396 del vars, 81 del conss, 0 add conss, 4910 chg bounds, 0 chg sides, 2979 chg coeffs, 505 upgd conss, 122134 impls, 10 clqs
(round 47, fast)       397 del vars, 93 del conss, 0 add conss, 4911 chg bounds, 0 chg sides, 2979 chg coeffs, 505 upgd conss, 122134 impls, 10 clqs
(round 48, exhaustive) 397 del vars, 93 del conss, 0 add conss, 4911 chg bounds, 0 chg sides, 2979 chg coeffs, 521 upgd conss, 122134 impls, 10 clqs
(round 49, exhaustive) 423 del vars, 93 del conss, 0 add conss, 4911 chg bounds, 0 chg sides, 2979 chg coeffs, 521 upgd conss, 132861 impls, 10 clqs
(round 50, fast)       423 del vars, 106 del conss, 0 add conss, 4911 chg bounds, 0 chg sides, 2979 chg coeffs, 521 upgd conss, 132861 impls, 10 clqs
(round 51, exhaustive) 423 del vars, 106 del conss, 0 add conss, 4911 chg bounds, 0 chg sides, 2979 chg coeffs, 534 upgd conss, 132861 impls, 10 clqs
(round 52, exhaustive) 448 del vars, 106 del conss, 0 add conss, 4911 chg bounds, 0 chg sides, 2979 chg coeffs, 534 upgd conss, 137869 impls, 10 clqs
(round 53, fast)       450 del vars, 118 del conss, 0 add conss, 4913 chg bounds, 0 chg sides, 2979 chg coeffs, 534 upgd conss, 137869 impls, 10 clqs
(round 54, exhaustive) 450 del vars, 118 del conss, 0 add conss, 4913 chg bounds, 0 chg sides, 2979 chg coeffs, 552 upgd conss, 137869 impls, 10 clqs
(round 55, exhaustive) 475 del vars, 118 del conss, 0 add conss, 4913 chg bounds, 0 chg sides, 2979 chg coeffs, 552 upgd conss, 142376 impls, 10 clqs
(round 56, fast)       477 del vars, 132 del conss, 0 add conss, 4915 chg bounds, 0 chg sides, 2979 chg coeffs, 552 upgd conss, 142376 impls, 10 clqs
(round 57, exhaustive) 477 del vars, 132 del conss, 0 add conss, 4915 chg bounds, 0 chg sides, 2979 chg coeffs, 564 upgd conss, 142376 impls, 10 clqs
   (2.0s) probing: 1000/2290 (43.7%) - 460 fixings, 0 aggregations, 147221 implications, 0 bound changes
(round 58, exhaustive) 502 del vars, 132 del conss, 0 add conss, 4915 chg bounds, 0 chg sides, 2979 chg coeffs, 564 upgd conss, 155080 impls, 10 clqs
(round 59, fast)       502 del vars, 142 del conss, 0 add conss, 4915 chg bounds, 0 chg sides, 2979 chg coeffs, 564 upgd conss, 155080 impls, 10 clqs
(round 60, exhaustive) 502 del vars, 142 del conss, 0 add conss, 4915 chg bounds, 0 chg sides, 2979 chg coeffs, 584 upgd conss, 155080 impls, 10 clqs
(round 61, exhaustive) 527 del vars, 142 del conss, 0 add conss, 4915 chg bounds, 0 chg sides, 2979 chg coeffs, 584 upgd conss, 164063 impls, 10 clqs
(round 62, fast)       528 del vars, 155 del conss, 0 add conss, 4916 chg bounds, 0 chg sides, 2979 chg coeffs, 584 upgd conss, 164063 impls, 10 clqs
(round 63, exhaustive) 528 del vars, 155 del conss, 0 add conss, 4916 chg bounds, 0 chg sides, 2979 chg coeffs, 597 upgd conss, 164063 impls, 10 clqs
(round 64, exhaustive) 553 del vars, 155 del conss, 0 add conss, 4916 chg bounds, 0 chg sides, 2979 chg coeffs, 597 upgd conss, 170418 impls, 10 clqs
(round 65, fast)       555 del vars, 169 del conss, 0 add conss, 4918 chg bounds, 0 chg sides, 2979 chg coeffs, 597 upgd conss, 170418 impls, 10 clqs
(round 66, exhaustive) 555 del vars, 169 del conss, 0 add conss, 4918 chg bounds, 0 chg sides, 2979 chg coeffs, 605 upgd conss, 170418 impls, 10 clqs
(round 67, exhaustive) 580 del vars, 169 del conss, 0 add conss, 4918 chg bounds, 0 chg sides, 2979 chg coeffs, 605 upgd conss, 176306 impls, 10 clqs
(round 68, fast)       585 del vars, 183 del conss, 0 add conss, 4923 chg bounds, 0 chg sides, 2979 chg coeffs, 605 upgd conss, 176306 impls, 10 clqs
(round 69, exhaustive) 585 del vars, 183 del conss, 0 add conss, 4923 chg bounds, 0 chg sides, 2979 chg coeffs, 623 upgd conss, 176306 impls, 10 clqs
(round 70, exhaustive) 610 del vars, 183 del conss, 0 add conss, 4923 chg bounds, 0 chg sides, 2979 chg coeffs, 623 upgd conss, 181988 impls, 10 clqs
(round 71, fast)       610 del vars, 196 del conss, 0 add conss, 4923 chg bounds, 0 chg sides, 2979 chg coeffs, 623 upgd conss, 181988 impls, 10 clqs
(round 72, exhaustive) 610 del vars, 196 del conss, 0 add conss, 4923 chg bounds, 0 chg sides, 2979 chg coeffs, 634 upgd conss, 181988 impls, 10 clqs
(round 73, exhaustive) 635 del vars, 196 del conss, 0 add conss, 4923 chg bounds, 0 chg sides, 2979 chg coeffs, 634 upgd conss, 185313 impls, 10 clqs
(round 74, fast)       635 del vars, 208 del conss, 0 add conss, 4923 chg bounds, 0 chg sides, 2979 chg coeffs, 634 upgd conss, 185313 impls, 10 clqs
(round 75, exhaustive) 635 del vars, 208 del conss, 0 add conss, 4923 chg bounds, 0 chg sides, 2979 chg coeffs, 648 upgd conss, 185313 impls, 10 clqs
(round 76, exhaustive) 660 del vars, 208 del conss, 0 add conss, 4923 chg bounds, 0 chg sides, 2979 chg coeffs, 648 upgd conss, 190909 impls, 10 clqs
(round 77, fast)       660 del vars, 220 del conss, 0 add conss, 4923 chg bounds, 0 chg sides, 2979 chg coeffs, 648 upgd conss, 190909 impls, 10 clqs
(round 78, exhaustive) 660 del vars, 220 del conss, 0 add conss, 4923 chg bounds, 0 chg sides, 2979 chg coeffs, 662 upgd conss, 190909 impls, 10 clqs
(round 79, exhaustive) 685 del vars, 220 del conss, 0 add conss, 4923 chg bounds, 0 chg sides, 2979 chg coeffs, 662 upgd conss, 193174 impls, 10 clqs
(round 80, fast)       688 del vars, 236 del conss, 0 add conss, 4926 chg bounds, 0 chg sides, 2979 chg coeffs, 662 upgd conss, 193174 impls, 10 clqs
(round 81, exhaustive) 688 del vars, 236 del conss, 0 add conss, 4926 chg bounds, 0 chg sides, 2979 chg coeffs, 670 upgd conss, 193174 impls, 10 clqs
   (2.5s) sparsify finished: 2/13794 (0.0%) nonzeros canceled - in total 8 canceled nonzeros, 884 changed coefficients, 0 added nonzeros
(round 82, exhaustive) 688 del vars, 236 del conss, 0 add conss, 4926 chg bounds, 0 chg sides, 3184 chg coeffs, 670 upgd conss, 193182 impls, 10 clqs
(round 83, exhaustive) 713 del vars, 236 del conss, 0 add conss, 4926 chg bounds, 0 chg sides, 3184 chg coeffs, 670 upgd conss, 201313 impls, 10 clqs
(round 84, fast)       713 del vars, 248 del conss, 0 add conss, 4926 chg bounds, 0 chg sides, 3184 chg coeffs, 670 upgd conss, 201313 impls, 10 clqs
   (2.6s) running MILP presolver
   (2.6s) MILP presolver found nothing
(round 85, exhaustive) 713 del vars, 248 del conss, 0 add conss, 4926 chg bounds, 0 chg sides, 3184 chg coeffs, 684 upgd conss, 201313 impls, 10 clqs
(round 86, exhaustive) 738 del vars, 248 del conss, 0 add conss, 4926 chg bounds, 0 chg sides, 3184 chg coeffs, 684 upgd conss, 208798 impls, 10 clqs
(round 87, fast)       740 del vars, 259 del conss, 0 add conss, 4928 chg bounds, 0 chg sides, 3184 chg coeffs, 684 upgd conss, 208798 impls, 10 clqs
(round 88, exhaustive) 740 del vars, 259 del conss, 0 add conss, 4928 chg bounds, 0 chg sides, 3184 chg coeffs, 701 upgd conss, 208798 impls, 10 clqs
(round 89, exhaustive) 765 del vars, 259 del conss, 0 add conss, 4928 chg bounds, 0 chg sides, 3184 chg coeffs, 701 upgd conss, 212237 impls, 10 clqs
(round 90, fast)       765 del vars, 272 del conss, 0 add conss, 4928 chg bounds, 0 chg sides, 3184 chg coeffs, 701 upgd conss, 212237 impls, 10 clqs
(round 91, exhaustive) 765 del vars, 272 del conss, 0 add conss, 4928 chg bounds, 0 chg sides, 3184 chg coeffs, 711 upgd conss, 212237 impls, 10 clqs
   (2.8s) sparsify finished: 2/13524 (0.0%) nonzeros canceled - in total 10 canceled nonzeros, 1079 changed coefficients, 0 added nonzeros
(round 92, exhaustive) 765 del vars, 272 del conss, 0 add conss, 4928 chg bounds, 0 chg sides, 3379 chg coeffs, 711 upgd conss, 212247 impls, 10 clqs
(round 93, exhaustive) 790 del vars, 272 del conss, 0 add conss, 4928 chg bounds, 0 chg sides, 3379 chg coeffs, 711 upgd conss, 218219 impls, 10 clqs
(round 94, fast)       790 del vars, 287 del conss, 0 add conss, 4928 chg bounds, 0 chg sides, 3379 chg coeffs, 711 upgd conss, 218219 impls, 10 clqs
(round 95, exhaustive) 790 del vars, 287 del conss, 0 add conss, 4928 chg bounds, 0 chg sides, 3379 chg coeffs, 716 upgd conss, 218219 impls, 10 clqs
(round 96, exhaustive) 815 del vars, 287 del conss, 0 add conss, 4928 chg bounds, 0 chg sides, 3379 chg coeffs, 716 upgd conss, 222204 impls, 10 clqs
(round 97, fast)       817 del vars, 304 del conss, 0 add conss, 4930 chg bounds, 0 chg sides, 3379 chg coeffs, 716 upgd conss, 222204 impls, 10 clqs
(round 98, exhaustive) 817 del vars, 304 del conss, 0 add conss, 4930 chg bounds, 0 chg sides, 3379 chg coeffs, 719 upgd conss, 222204 impls, 10 clqs
(round 99, exhaustive) 844 del vars, 304 del conss, 0 add conss, 4930 chg bounds, 0 chg sides, 3379 chg coeffs, 719 upgd conss, 227323 impls, 10 clqs
(round 100, fast)       844 del vars, 317 del conss, 0 add conss, 4930 chg bounds, 0 chg sides, 3379 chg coeffs, 719 upgd conss, 227323 impls, 10 clqs
(round 101, exhaustive) 844 del vars, 317 del conss, 0 add conss, 4930 chg bounds, 0 chg sides, 3379 chg coeffs, 733 upgd conss, 227323 impls, 10 clqs
   (3.0s) sparsify finished: 2/13240 (0.0%) nonzeros canceled - in total 12 canceled nonzeros, 1276 changed coefficients, 0 added nonzeros
(round 102, exhaustive) 844 del vars, 317 del conss, 0 add conss, 4930 chg bounds, 0 chg sides, 3576 chg coeffs, 733 upgd conss, 227337 impls, 10 clqs
(round 103, exhaustive) 869 del vars, 317 del conss, 0 add conss, 4930 chg bounds, 0 chg sides, 3576 chg coeffs, 733 upgd conss, 229499 impls, 10 clqs
(round 104, fast)       870 del vars, 332 del conss, 0 add conss, 4931 chg bounds, 0 chg sides, 3576 chg coeffs, 733 upgd conss, 229499 impls, 10 clqs
(round 105, exhaustive) 870 del vars, 332 del conss, 0 add conss, 4931 chg bounds, 0 chg sides, 3576 chg coeffs, 740 upgd conss, 229499 impls, 10 clqs
(round 106, exhaustive) 895 del vars, 332 del conss, 0 add conss, 4931 chg bounds, 0 chg sides, 3576 chg coeffs, 740 upgd conss, 232987 impls, 10 clqs
(round 107, fast)       895 del vars, 347 del conss, 0 add conss, 4931 chg bounds, 0 chg sides, 3576 chg coeffs, 740 upgd conss, 232987 impls, 10 clqs
(round 108, exhaustive) 895 del vars, 347 del conss, 0 add conss, 4931 chg bounds, 0 chg sides, 3576 chg coeffs, 745 upgd conss, 232987 impls, 10 clqs
(round 109, exhaustive) 921 del vars, 347 del conss, 0 add conss, 4931 chg bounds, 0 chg sides, 3576 chg coeffs, 745 upgd conss, 235847 impls, 10 clqs
(round 110, fast)       921 del vars, 358 del conss, 0 add conss, 4931 chg bounds, 0 chg sides, 3576 chg coeffs, 745 upgd conss, 235847 impls, 10 clqs
(round 111, exhaustive) 921 del vars, 358 del conss, 0 add conss, 4931 chg bounds, 0 chg sides, 3576 chg coeffs, 760 upgd conss, 235847 impls, 10 clqs
(round 112, exhaustive) 946 del vars, 358 del conss, 0 add conss, 4931 chg bounds, 0 chg sides, 3576 chg coeffs, 760 upgd conss, 240047 impls, 10 clqs
(round 113, fast)       946 del vars, 372 del conss, 0 add conss, 4931 chg bounds, 0 chg sides, 3576 chg coeffs, 760 upgd conss, 240047 impls, 10 clqs
(round 114, exhaustive) 946 del vars, 372 del conss, 0 add conss, 4931 chg bounds, 0 chg sides, 3576 chg coeffs, 768 upgd conss, 240047 impls, 10 clqs
(round 115, exhaustive) 971 del vars, 372 del conss, 0 add conss, 4931 chg bounds, 0 chg sides, 3576 chg coeffs, 768 upgd conss, 243278 impls, 10 clqs
(round 116, fast)       972 del vars, 387 del conss, 0 add conss, 4932 chg bounds, 0 chg sides, 3576 chg coeffs, 768 upgd conss, 243278 impls, 10 clqs
(round 117, exhaustive) 972 del vars, 387 del conss, 0 add conss, 4932 chg bounds, 0 chg sides, 3576 chg coeffs, 775 upgd conss, 243278 impls, 10 clqs
(round 118, exhaustive) 997 del vars, 387 del conss, 0 add conss, 4932 chg bounds, 0 chg sides, 3576 chg coeffs, 775 upgd conss, 247964 impls, 10 clqs
(round 119, fast)       997 del vars, 401 del conss, 0 add conss, 4932 chg bounds, 0 chg sides, 3576 chg coeffs, 775 upgd conss, 247964 impls, 10 clqs
(round 120, exhaustive) 997 del vars, 401 del conss, 0 add conss, 4932 chg bounds, 0 chg sides, 3576 chg coeffs, 783 upgd conss, 247964 impls, 10 clqs
(round 121, exhaustive) 1022 del vars, 401 del conss, 0 add conss, 4932 chg bounds, 0 chg sides, 3576 chg coeffs, 783 upgd conss, 252271 impls, 10 clqs
(round 122, fast)       1022 del vars, 415 del conss, 0 add conss, 4932 chg bounds, 0 chg sides, 3576 chg coeffs, 783 upgd conss, 252271 impls, 10 clqs
(round 123, exhaustive) 1022 del vars, 415 del conss, 0 add conss, 4932 chg bounds, 0 chg sides, 3576 chg coeffs, 791 upgd conss, 252271 impls, 10 clqs
(round 124, exhaustive) 1047 del vars, 415 del conss, 0 add conss, 4932 chg bounds, 0 chg sides, 3576 chg coeffs, 791 upgd conss, 257501 impls, 10 clqs
(round 125, fast)       1047 del vars, 428 del conss, 0 add conss, 4932 chg bounds, 0 chg sides, 3576 chg coeffs, 791 upgd conss, 257501 impls, 10 clqs
(round 126, exhaustive) 1047 del vars, 428 del conss, 0 add conss, 4932 chg bounds, 0 chg sides, 3576 chg coeffs, 798 upgd conss, 257501 impls, 10 clqs
(round 127, exhaustive) 1072 del vars, 428 del conss, 0 add conss, 4932 chg bounds, 0 chg sides, 3576 chg coeffs, 798 upgd conss, 261740 impls, 10 clqs
(round 128, fast)       1072 del vars, 444 del conss, 0 add conss, 4932 chg bounds, 0 chg sides, 3576 chg coeffs, 798 upgd conss, 261740 impls, 10 clqs
(round 129, exhaustive) 1072 del vars, 444 del conss, 0 add conss, 4932 chg bounds, 0 chg sides, 3576 chg coeffs, 800 upgd conss, 261740 impls, 10 clqs
(round 130, exhaustive) 1097 del vars, 444 del conss, 0 add conss, 4932 chg bounds, 0 chg sides, 3576 chg coeffs, 800 upgd conss, 269180 impls, 10 clqs
(round 131, fast)       1097 del vars, 460 del conss, 0 add conss, 4932 chg bounds, 0 chg sides, 3576 chg coeffs, 800 upgd conss, 269180 impls, 10 clqs
(round 132, exhaustive) 1097 del vars, 460 del conss, 0 add conss, 4932 chg bounds, 0 chg sides, 3576 chg coeffs, 802 upgd conss, 269180 impls, 10 clqs
(round 133, exhaustive) 1123 del vars, 460 del conss, 0 add conss, 4932 chg bounds, 0 chg sides, 3576 chg coeffs, 802 upgd conss, 276224 impls, 10 clqs
(round 134, fast)       1123 del vars, 476 del conss, 0 add conss, 4932 chg bounds, 0 chg sides, 3576 chg coeffs, 802 upgd conss, 276224 impls, 10 clqs
(round 135, exhaustive) 1123 del vars, 476 del conss, 0 add conss, 4932 chg bounds, 0 chg sides, 3576 chg coeffs, 806 upgd conss, 276224 impls, 10 clqs
(round 136, exhaustive) 1153 del vars, 476 del conss, 0 add conss, 4932 chg bounds, 0 chg sides, 3576 chg coeffs, 806 upgd conss, 278392 impls, 10 clqs
(round 137, fast)       1153 del vars, 496 del conss, 0 add conss, 4932 chg bounds, 0 chg sides, 3576 chg coeffs, 806 upgd conss, 278392 impls, 10 clqs
(round 138, exhaustive) 1178 del vars, 496 del conss, 0 add conss, 4932 chg bounds, 0 chg sides, 3576 chg coeffs, 806 upgd conss, 280514 impls, 10 clqs
(round 139, fast)       1178 del vars, 512 del conss, 0 add conss, 4932 chg bounds, 0 chg sides, 3576 chg coeffs, 806 upgd conss, 280514 impls, 10 clqs
(round 140, exhaustive) 1178 del vars, 512 del conss, 0 add conss, 4932 chg bounds, 0 chg sides, 3576 chg coeffs, 808 upgd conss, 280514 impls, 10 clqs
   (3.6s) probing: 2000/2290 (87.3%) - 1150 fixings, 0 aggregations, 281824 implications, 0 bound changes
(round 141, exhaustive) 1204 del vars, 512 del conss, 0 add conss, 4932 chg bounds, 0 chg sides, 3576 chg coeffs, 808 upgd conss, 283514 impls, 10 clqs
(round 142, fast)       1204 del vars, 529 del conss, 0 add conss, 4932 chg bounds, 0 chg sides, 3576 chg coeffs, 808 upgd conss, 283514 impls, 10 clqs
(round 143, exhaustive) 1229 del vars, 529 del conss, 0 add conss, 4932 chg bounds, 0 chg sides, 3576 chg coeffs, 809 upgd conss, 286493 impls, 10 clqs
(round 144, fast)       1229 del vars, 545 del conss, 0 add conss, 4932 chg bounds, 0 chg sides, 3576 chg coeffs, 809 upgd conss, 286494 impls, 10 clqs
(round 145, exhaustive) 1229 del vars, 545 del conss, 0 add conss, 4932 chg bounds, 0 chg sides, 3576 chg coeffs, 811 upgd conss, 286494 impls, 10 clqs
   (3.7s) sparsify finished: 4/11854 (0.0%) nonzeros canceled - in total 16 canceled nonzeros, 1615 changed coefficients, 0 added nonzeros
(round 146, exhaustive) 1229 del vars, 545 del conss, 0 add conss, 4932 chg bounds, 0 chg sides, 3915 chg coeffs, 811 upgd conss, 286496 impls, 10 clqs
(round 147, exhaustive) 1255 del vars, 545 del conss, 0 add conss, 4932 chg bounds, 0 chg sides, 3915 chg coeffs, 811 upgd conss, 290943 impls, 10 clqs
(round 148, fast)       1255 del vars, 562 del conss, 0 add conss, 4932 chg bounds, 0 chg sides, 3915 chg coeffs, 811 upgd conss, 290943 impls, 10 clqs
   (3.7s) running MILP presolver
   (3.7s) MILP presolver found nothing
(round 149, exhaustive) 1280 del vars, 562 del conss, 0 add conss, 4932 chg bounds, 0 chg sides, 3915 chg coeffs, 812 upgd conss, 294722 impls, 10 clqs
(round 150, fast)       1284 del vars, 581 del conss, 0 add conss, 4936 chg bounds, 0 chg sides, 3915 chg coeffs, 812 upgd conss, 294723 impls, 10 clqs
(round 151, exhaustive) 1309 del vars, 581 del conss, 0 add conss, 4936 chg bounds, 0 chg sides, 3915 chg coeffs, 813 upgd conss, 296404 impls, 10 clqs
(round 152, fast)       1311 del vars, 599 del conss, 0 add conss, 4938 chg bounds, 0 chg sides, 3915 chg coeffs, 813 upgd conss, 296405 impls, 10 clqs
(round 153, exhaustive) 1336 del vars, 599 del conss, 0 add conss, 4938 chg bounds, 0 chg sides, 3915 chg coeffs, 813 upgd conss, 301091 impls, 10 clqs
(round 154, fast)       1338 del vars, 617 del conss, 0 add conss, 4940 chg bounds, 0 chg sides, 3915 chg coeffs, 813 upgd conss, 301091 impls, 10 clqs
(round 155, exhaustive) 1363 del vars, 617 del conss, 0 add conss, 4940 chg bounds, 0 chg sides, 3915 chg coeffs, 813 upgd conss, 306509 impls, 10 clqs
(round 156, fast)       1363 del vars, 633 del conss, 0 add conss, 4940 chg bounds, 0 chg sides, 3915 chg coeffs, 813 upgd conss, 306509 impls, 10 clqs
(round 157, exhaustive) 1363 del vars, 633 del conss, 0 add conss, 4940 chg bounds, 0 chg sides, 3915 chg coeffs, 815 upgd conss, 306509 impls, 10 clqs
(round 158, exhaustive) 1389 del vars, 633 del conss, 0 add conss, 4940 chg bounds, 0 chg sides, 3915 chg coeffs, 815 upgd conss, 309140 impls, 10 clqs
(round 159, fast)       1389 del vars, 650 del conss, 0 add conss, 4940 chg bounds, 0 chg sides, 3915 chg coeffs, 815 upgd conss, 309140 impls, 10 clqs
(round 160, exhaustive) 1414 del vars, 650 del conss, 0 add conss, 4940 chg bounds, 0 chg sides, 3915 chg coeffs, 816 upgd conss, 313658 impls, 10 clqs
(round 161, fast)       1416 del vars, 668 del conss, 0 add conss, 4942 chg bounds, 0 chg sides, 3915 chg coeffs, 816 upgd conss, 313659 impls, 10 clqs
(round 162, exhaustive) 1441 del vars, 668 del conss, 0 add conss, 4942 chg bounds, 0 chg sides, 3915 chg coeffs, 816 upgd conss, 316366 impls, 10 clqs
(round 163, fast)       1442 del vars, 685 del conss, 0 add conss, 4943 chg bounds, 0 chg sides, 3915 chg coeffs, 816 upgd conss, 316366 impls, 10 clqs
   (4.1s) probing cycle finished: starting next cycle
   (4.1s) probing: 51/1546 (3.3%) - 1395 fixings, 0 aggregations, 315719 implications, 0 bound changes
   (4.1s) probing aborted: 50/50 successive totally useless probings
(round 164, exhaustive) 1448 del vars, 685 del conss, 0 add conss, 4943 chg bounds, 0 chg sides, 3915 chg coeffs, 817 upgd conss, 316525 impls, 10 clqs
(round 165, fast)       1448 del vars, 689 del conss, 0 add conss, 4943 chg bounds, 0 chg sides, 3915 chg coeffs, 817 upgd conss, 316525 impls, 10 clqs
   (4.1s) probing: 56/1546 (3.6%) - 1395 fixings, 0 aggregations, 315719 implications, 0 bound changes
   (4.1s) probing aborted: 50/50 successive totally useless probings
   (4.1s) symmetry computation started: requiring (bin +, int -, cont +), (fixed: bin -, int +, cont -)
   (4.1s) no symmetry present
presolving (166 rounds: 166 fast, 111 medium, 111 exhaustive):
 1448 deleted vars, 689 deleted constraints, 0 added constraints, 4943 tightened bounds, 0 added holes, 0 changed sides, 3915 changed coefficients
 316525 implications, 10 cliques
presolved problem has 3152 variables (1546 bin, 0 int, 0 impl, 1606 cont) and 1637 constraints
    120 constraints of type <varbound>
     10 constraints of type <setppc>
   1507 constraints of type <linear>
Presolving Time: 4.09

 time | node  | left  |LP iter|LP it/n|mem/heur|mdpt |vars |cons |rows |cuts |sepa|confs|strbr|  dualbound   | primalbound  |  gap   | compl. 
  4.2s|     1 |     0 |   549 |     - |    88M |   0 |3152 |1638 |1637 |   0 |  0 |   0 |   0 |-3.161117e+00 |      --      |    Inf | unknown
o 4.2s|     1 |     0 |  1307 |     - |feaspump|   0 |3152 |1638 |1637 |   0 |  0 |   0 |   0 |-3.161117e+00 |-3.156980e+00 |   0.13%| unknown
  4.3s|     1 |     0 |  1311 |     - |    88M |   0 |3152 |1638 |1641 |   4 |  1 |   0 |   0 |-3.161117e+00 |-3.156980e+00 |   0.13%| unknown
  4.3s|     1 |     0 |  1315 |     - |    88M |   0 |3152 |1638 |1645 |   8 |  2 |   0 |   0 |-3.161117e+00 |-3.156980e+00 |   0.13%| unknown
  4.3s|     1 |     0 |  1319 |     - |    89M |   0 |3152 |1638 |1649 |  12 |  3 |   0 |   0 |-3.161117e+00 |-3.156980e+00 |   0.13%| unknown
  4.3s|     1 |     0 |  1323 |     - |    89M |   0 |3152 |1638 |1653 |  16 |  4 |   0 |   0 |-3.161117e+00 |-3.156980e+00 |   0.13%| unknown
  4.4s|     1 |     0 |  1327 |     - |    89M |   0 |3152 |1638 |1657 |  20 |  5 |   0 |   0 |-3.161117e+00 |-3.156980e+00 |   0.13%| unknown
  4.4s|     1 |     0 |  1331 |     - |    89M |   0 |3152 |1638 |1661 |  24 |  6 |   0 |   0 |-3.161117e+00 |-3.156980e+00 |   0.13%| unknown
  4.4s|     1 |     0 |  1335 |     - |    89M |   0 |3152 |1638 |1665 |  28 |  7 |   0 |   0 |-3.161117e+00 |-3.156980e+00 |   0.13%| unknown
  4.4s|     1 |     0 |  1339 |     - |    90M |   0 |3152 |1638 |1669 |  32 |  8 |   0 |   0 |-3.161117e+00 |-3.156980e+00 |   0.13%| unknown
  4.5s|     1 |     0 |  1343 |     - |    90M |   0 |3152 |1638 |1673 |  36 |  9 |   0 |   0 |-3.161117e+00 |-3.156980e+00 |   0.13%| unknown
  4.5s|     1 |     0 |  1347 |     - |    90M |   0 |3152 |1638 |1677 |  40 | 10 |   0 |   0 |-3.161117e+00 |-3.156980e+00 |   0.13%| unknown
  4.5s|     1 |     0 |  1351 |     - |    90M |   0 |3152 |1638 |1681 |  44 | 11 |   0 |   0 |-3.161117e+00 |-3.156980e+00 |   0.13%| unknown
L 4.6s|     1 |     0 |  1394 |     - |    rens|   0 |3152 |1638 |1681 |  44 | 11 |   0 |   0 |-3.161117e+00 |-3.161117e+00 |   0.00%| unknown
  4.6s|     1 |     0 |  1394 |     - |    90M |   0 |3152 |1638 |1681 |  44 | 11 |   0 |   0 |-3.161117e+00 |-3.161117e+00 |   0.00%| unknown

SCIP Status        : problem is solved [optimal solution found]
Solving Time (sec) : 4.57
Solving Nodes      : 1
Primal Bound       : -3.16111717612810e+00 (2 solutions)
Dual Bound         : -3.16111717612810e+00
Gap                : 0.00 %

primal solution (original space):
=================================

objective value:                     -3.1611171761281
y_4,96_                                             1 	(obj:0)
y_1,97_                                             1 	(obj:0)
y_2,97_                                             1 	(obj:0)
y_3,97_                                             1 	(obj:0)
y_5,97_                                             1 	(obj:0)
y_7,97_                                             1 	(obj:0)
y_9,97_                                             1 	(obj:0)
y_10,97_                                            1 	(obj:0)
y_6,98_                                             1 	(obj:0)
y_8,98_                                             1 	(obj:0)
x_5_                               -0.323144104803494 	(obj:1)
x_1_                               -0.323144104803494 	(obj:1)
t_6,98_                                             1 	(obj:0)
x_6_                               -0.305676855895197 	(obj:1)
t_7,97_                                             1 	(obj:0)
x_10_                              -0.322689228529842 	(obj:1)
x_7_                               -0.323144104803494 	(obj:1)
t_3,98_                                             1 	(obj:0)
t_8,98_                                             1 	(obj:0)
x_8_                               -0.305676855895197 	(obj:1)
x_2_                               -0.305676855895197 	(obj:1)
t_4,97_                                             1 	(obj:0)
t_2,98_                                             1 	(obj:0)
t_9,97_                                             1 	(obj:0)
x_4_                               -0.323144104803494 	(obj:1)
x_9_                               -0.323144104803494 	(obj:1)
t_10,97_                            0.973958333333458 	(obj:0)
t_10,98_                           0.0260416666665424 	(obj:0)
x_3_                               -0.305676855895197 	(obj:1)
t_1,97_                                             1 	(obj:0)
t_5,97_                                             1 	(obj:0)

Statistics
==========

SCIP Status        : problem is solved [optimal solution found]
Total Time         :       4.59
  solving          :       4.57
  presolving       :       4.09 (included in solving)
  reading          :       0.01
  copying          :       0.01 (1 #copies) (minimal 0.01, maximal 0.01, average 0.01)
Original Problem   :
  Problem name     : ../modeles/10_229.lp
  Variables        : 4600 (2290 binary, 0 integer, 0 implicit integer, 2310 continuous)
  Constraints      : 2331 initial, 2331 maximal
  Objective        : minimize, 10 non-zeros (abs.min = 1, abs.max = 1)
Presolved Problem  :
  Problem name     : t_../modeles/10_229.lp
  Variables        : 3152 (1546 binary, 0 integer, 0 implicit integer, 1606 continuous)
  Constraints      : 1637 initial, 1638 maximal
  Objective        : minimize, 1606 non-zeros (abs.min = 0.00873362, abs.max = 1.40611)
  Nonzeros         : 11050 constraint, 1546 clique table
Presolvers         :   ExecTime  SetupTime  Calls  FixedVars   AggrVars   ChgTypes  ChgBounds   AddHoles    DelCons    AddCons   ChgSides   ChgCoefs
  boundshift       :       0.00       0.00      0          0          0          0          0          0          0          0          0          0
  convertinttobin  :       0.00       0.00      0          0          0          0          0          0          0          0          0          0
  domcol           :       0.56       0.00     64          0          0          0          0          0          0          0          0          0
  dualagg          :       0.00       0.00      0          0          0          0          0          0          0          0          0          0
  dualcomp         :       0.16       0.00     64          0          0          0          0          0          0          0          0          0
  dualinfer        :       0.00       0.00      0          0          0          0          0          0          0          0          0          0
  dualsparsify     :       0.00       0.00      1          0          0          0          0          0          0          0          0          0
  gateextraction   :       0.00       0.00      0          0          0          0          0          0          0          0          0          0
  implics          :       0.01       0.00    111          0          0          0          0          0          0          0          0          0
  inttobinary      :       0.00       0.00      0          0          0          0          0          0          0          0          0          0
  milp             :       0.07       0.00      3          0          0          0         20          0          0          0          0          0
  qpkktref         :       0.00       0.00      0          0          0          0          0          0          0          0          0          0
  redvub           :       0.00       0.00      0          0          0          0          0          0          0          0          0          0
  sparsify         :       0.47       0.00     21          0          0          0          0          0          0          0          0       1615
  stuffing         :       0.00       0.00      0          0          0          0          0          0          0          0          0          0
  trivial          :       0.02       0.00    166          0          0          0          0          0          0          0          0          0
  tworowbnd        :       0.00       0.00      0          0          0          0          0          0          0          0          0          0
  dualfix          :       0.02       0.00    166          0          0          0          0          0          0          0          0          0
  genvbounds       :       0.00       0.00      0          0          0          0          0          0          0          0          0          0
  probing          :       2.29       0.00     57       1395          0          0          0          0          0          0          0          0
  pseudoobj        :       0.00       0.00      0          0          0          0          0          0          0          0          0          0
  symmetry         :       0.01       0.00      1          0          0          0          0          0          0          0          0          0
  vbounds          :       0.00       0.00      1          0          0          0          0          0          0          0          0          0
  varbound         :       0.02       0.00    273          0          0          0         43          0        687          0          0          0
  setppc           :       0.03       0.00    383          0          0          0          0          0          0          0          0          0
  linear           :       0.43       0.00    277         43         10          0       4880          0          2          0          0       2300
  logicor          :       0.00       0.00      0          0          0          0          0          0          0          0          0          0
  benders          :       0.00       0.00      0          0          0          0          0          0          0          0          0          0
  components       :       0.00       0.00      1          0          0          0          0          0          0          0          0          0
  root node        :          -          -      -          0          -          -          0          -          -          -          -          -
Constraints        :     Number  MaxNumber  #Separate #Propagate    #EnfoLP    #EnfoRelax  #EnfoPS    #Check   #ResProp    Cutoffs    DomReds       Cuts    Applied      Conss   Children
  benderslp        :          0          0          0          0          0          0          0         24          0          0          0          0          0          0          0
  integral         :          0          0          0          0          0          0          0         24          0          0          0          0          0          0          0
  varbound         :        120        120         11       6990          0          0          0         18          0          0          0          0          0          0          0
  setppc           :         10         10         11       6990          0          0          0         18          0          0          0          0          0          0          0
  linear           :       1507       1507         11       6990          0          0          0          5          0        875          0          0          0          0          0
  logicor          :          0+         1         11          9          0          0          0          0          0          0          0          0          0          0          0
  benders          :          0          0          0          0          0          0          0          3          0          0          0          0          0          0          0
  countsols        :          0          0          0          0          0          0          0          3          0          0          0          0          0          0          0
  components       :          0          0          0          0          0          0          0          0          0          0          0          0          0          0          0
Constraint Timings :  TotalTime  SetupTime   Separate  Propagate     EnfoLP     EnfoPS     EnfoRelax   Check    ResProp    SB-Prop
  benderslp        :       0.00       0.00       0.00       0.00       0.00       0.00       0.00       0.00       0.00       0.00
  integral         :       0.00       0.00       0.00       0.00       0.00       0.00       0.00       0.00       0.00       0.00
  varbound         :       0.10       0.00       0.00       0.10       0.00       0.00       0.00       0.00       0.00       0.00
  setppc           :       0.02       0.00       0.00       0.02       0.00       0.00       0.00       0.00       0.00       0.00
  linear           :       0.58       0.00       0.02       0.56       0.00       0.00       0.00       0.00       0.00       0.00
  logicor          :       0.00       0.00       0.00       0.00       0.00       0.00       0.00       0.00       0.00       0.00
  benders          :       0.00       0.00       0.00       0.00       0.00       0.00       0.00       0.00       0.00       0.00
  countsols        :       0.00       0.00       0.00       0.00       0.00       0.00       0.00       0.00       0.00       0.00
  components       :       0.00       0.00       0.00       0.00       0.00       0.00       0.00       0.00       0.00       0.00
Propagators        : #Propagate   #ResProp    Cutoffs    DomReds
  dualfix          :          1          0          0          0
  genvbounds       :          0          0          0          0
  nlobbt           :          0          0          0          0
  obbt             :          0          0          0          0
  probing          :          0          0          0          0
  pseudoobj        :         14          0          0          0
  redcost          :         13          0          0          0
  rootredcost      :          0          0          0          0
  symmetry         :          0          0          0          0
  vbounds          :        381          0          0          0
Propagator Timings :  TotalTime  SetupTime   Presolve  Propagate    ResProp    SB-Prop
  dualfix          :       0.02       0.00       0.02       0.00       0.00       0.00
  genvbounds       :       0.00       0.00       0.00       0.00       0.00       0.00
  nlobbt           :       0.00       0.00       0.00       0.00       0.00       0.00
  obbt             :       0.00       0.00       0.00       0.00       0.00       0.00
  probing          :       2.29       0.00       2.29       0.00       0.00       0.00
  pseudoobj        :       0.00       0.00       0.00       0.00       0.00       0.00
  redcost          :       0.00       0.00       0.00       0.00       0.00       0.00
  rootredcost      :       0.00       0.00       0.00       0.00       0.00       0.00
  symmetry         :       0.01       0.00       0.01       0.00       0.00       0.00
  vbounds          :       0.03       0.00       0.00       0.03       0.00       0.00
Conflict Analysis  :       Time      Calls    Success    DomReds  Conflicts   Literals    Reconvs ReconvLits   Dualrays   Nonzeros   LP Iters   (pool size: [10000,10000])
  propagation      :       0.00          0          0          -          0        0.0          0        0.0          -          -          -
  infeasible LP    :       0.00          0          0          -          0        0.0          0        0.0          0        0.0          0
  bound exceed. LP :       0.00          1          0          -          0        0.0          0        0.0          0        0.0          0
  strong branching :       0.00          0          0          -          0        0.0          0        0.0          -          -          0
  pseudo solution  :       0.00          0          0          -          0        0.0          0        0.0          -          -          -
  applied globally :       0.00          -          -          0          0        0.0          -          -          0          -          -
  applied locally  :          -          -          -          0          0        0.0          -          -          0          -          -
Separators         :   ExecTime  SetupTime      Calls    Cutoffs    DomReds       Cuts    Applied      Conss
  cut pool         :       0.00                    21          -          -         88          -          -    (maximal pool size: 154)
  aggregation      :       0.10       0.00         11          0          0        110         44          0
  > cmir           :          -          -          -          -          -          -         44          -
  > flowcover      :          -          -          -          -          -          -          0          -
  > knapsackcover  :          -          -          -          -          -          -          0          -
  cgmip            :       0.00       0.00          0          0          0          0          0          0
  clique           :       0.00       0.00         11          0          0          0          0          0
  closecuts        :       0.00       0.00          0          0          0          0          0          0
  convexproj       :       0.00       0.00          0          0          0          0          0          0
  disjunctive      :       0.00       0.00          0          0          0          0          0          0
  eccuts           :       0.00       0.00          0          0          0          0          0          0
  gauge            :       0.00       0.00          0          0          0          0          0          0
  gomory           :       0.01       0.00         10          0          0         44          0          0
  > gomorymi       :          -          -          -          -          -          -          0          -
  > strongcg       :          -          -          -          -          -          -          0          -
  impliedbounds    :       0.00       0.00         11          0          0          0          0          0
  interminor       :       0.00       0.00          0          0          0          0          0          0
  intobj           :       0.00       0.00          0          0          0          0          0          0
  mcf              :       0.01       0.00          1          0          0          0          0          0
  minor            :       0.00       0.00          0          0          0          0          0          0
  mixing           :       0.00       0.00         11          0          0          0          0          0
  oddcycle         :       0.00       0.00          0          0          0          0          0          0
  rapidlearning    :       0.00       0.00          0          0          0          0          0          0
  rlt              :       0.00       0.00         10          0          0          0          0          0
  zerohalf         :       0.01       0.00         11          0          0          0          0          0
Cutselectors       :   ExecTime  SetupTime
  hybrid           :       0.00       0.00
Pricers            :   ExecTime  SetupTime      Calls       Vars
  problem variables:       0.00          -          0          0
Branching Rules    :   ExecTime  SetupTime   BranchLP  BranchExt   BranchPS    Cutoffs    DomReds       Cuts      Conss   Children
  allfullstrong    :       0.00       0.00          0          0          0          0          0          0          0          0
  cloud            :       0.00       0.00          0          0          0          0          0          0          0          0
  distribution     :       0.00       0.00          0          0          0          0          0          0          0          0
  fullstrong       :       0.00       0.00          0          0          0          0          0          0          0          0
  inference        :       0.00       0.00          0          0          0          0          0          0          0          0
  leastinf         :       0.00       0.00          0          0          0          0          0          0          0          0
  lookahead        :       0.00       0.00          0          0          0          0          0          0          0          0
  mostinf          :       0.00       0.00          0          0          0          0          0          0          0          0
  multaggr         :       0.00       0.00          0          0          0          0          0          0          0          0
  nodereopt        :       0.00       0.00          0          0          0          0          0          0          0          0
  pscost           :       0.00       0.00          0          0          0          0          0          0          0          0
  random           :       0.00       0.00          0          0          0          0          0          0          0          0
  relpscost        :       0.00       0.00          0          0          0          0          0          0          0          0
  vanillafullstrong:       0.00       0.00          0          0          0          0          0          0          0          0
Primal Heuristics  :   ExecTime  SetupTime      Calls      Found       Best
  LP solutions     :       0.00          -          -          0          0
  relax solutions  :       0.00          -          -          0          0
  pseudo solutions :       0.00          -          -          0          0
  strong branching :       0.00          -          -          0          0
  actconsdiving    :       0.00       0.00          0          0          0
  adaptivediving   :       0.00       0.00          0          0          0
  alns             :       0.00       0.00          0          0          0
  bound            :       0.00       0.00          0          0          0
  clique           :       0.02       0.00          1          0          0
  coefdiving       :       0.00       0.00          0          0          0
  completesol      :       0.00       0.00          0          0          0
  conflictdiving   :       0.00       0.00          0          0          0
  crossover        :       0.00       0.00          0          0          0
  dins             :       0.00       0.00          0          0          0
  distributiondivin:       0.00       0.00          0          0          0
  dps              :       0.00       0.00          0          0          0
  dualval          :       0.00       0.00          0          0          0
  farkasdiving     :       0.00       0.00          0          0          0
  feaspump         :       0.01       0.00          1          1          1
  fixandinfer      :       0.00       0.00          0          0          0
  fracdiving       :       0.00       0.00          0          0          0
  gins             :       0.00       0.00          0          0          0
  guideddiving     :       0.00       0.00          0          0          0
  indicator        :       0.00       0.00          0          0          0
  intdiving        :       0.00       0.00          0          0          0
  intshifting      :       0.00       0.00          1          0          0
  linesearchdiving :       0.00       0.00          0          0          0
  localbranching   :       0.00       0.00          0          0          0
  locks            :       0.03       0.00          1          0          0
  lpface           :       0.00       0.00          0          0          0
  mpec             :       0.00       0.00          0          0          0
  multistart       :       0.00       0.00          0          0          0
  mutation         :       0.00       0.00          0          0          0
  nlpdiving        :       0.00       0.00          0          0          0
  objpscostdiving  :       0.00       0.00          0          0          0
  octane           :       0.00       0.00          0          0          0
  ofins            :       0.00       0.00          0          0          0
  oneopt           :       0.00       0.00          1          0          0
  padm             :       0.00       0.00          0          0          0
  proximity        :       0.00       0.00          0          0          0
  pscostdiving     :       0.00       0.00          0          0          0
  randrounding     :       0.03       0.00         12          0          0
  rens             :       0.03       0.00          1          1          1
  reoptsols        :       0.00       0.00          0          0          0
  repair           :       0.00       0.00          0          0          0
  rins             :       0.00       0.00          0          0          0
  rootsoldiving    :       0.00       0.00          0          0          0
  rounding         :       0.00       0.00         12          0          0
  shiftandpropagate:       0.01       0.00          1          0          0
  shifting         :       0.06       0.00         12          0          0
  simplerounding   :       0.00       0.00          0          0          0
  subnlp           :       0.00       0.00          0          0          0
  trivial          :       0.01       0.00          2          0          0
  trivialnegation  :       0.00       0.00          0          0          0
  trustregion      :       0.00       0.00          0          0          0
  trysol           :       0.00       0.00          0          0          0
  twoopt           :       0.00       0.00          0          0          0
  undercover       :       0.00       0.00          0          0          0
  vbounds          :       0.00       0.00          0          0          0
  veclendiving     :       0.00       0.00          0          0          0
  zeroobj          :       0.00       0.00          0          0          0
  zirounding       :       0.00       0.00          1          0          0
  other solutions  :          -          -          -          0          -
Diving (single)    :      Calls      Nodes   LP Iters Backtracks  Conflicts   MinDepth   MaxDepth   AvgDepth  RoundSols  NLeafSols  MinSolDpt  MaxSolDpt  AvgSolDpt
  actconsdiving    :          0          -          -          -          -          -          -          -          -          -          -          -          -
  coefdiving       :          0          -          -          -          -          -          -          -          -          -          -          -          -
  conflictdiving   :          0          -          -          -          -          -          -          -          -          -          -          -          -
  distributiondivin:          0          -          -          -          -          -          -          -          -          -          -          -          -
  farkasdiving     :          0          -          -          -          -          -          -          -          -          -          -          -          -
  fracdiving       :          0          -          -          -          -          -          -          -          -          -          -          -          -
  guideddiving     :          0          -          -          -          -          -          -          -          -          -          -          -          -
  linesearchdiving :          0          -          -          -          -          -          -          -          -          -          -          -          -
  pscostdiving     :          0          -          -          -          -          -          -          -          -          -          -          -          -
  veclendiving     :          0          -          -          -          -          -          -          -          -          -          -          -          -
Diving (adaptive)  :      Calls      Nodes   LP Iters Backtracks  Conflicts   MinDepth   MaxDepth   AvgDepth  RoundSols  NLeafSols  MinSolDpt  MaxSolDpt  AvgSolDpt
  actconsdiving    :          0          -          -          -          -          -          -          -          -          -          -          -          -
  coefdiving       :          0          -          -          -          -          -          -          -          -          -          -          -          -
  conflictdiving   :          0          -          -          -          -          -          -          -          -          -          -          -          -
  distributiondivin:          0          -          -          -          -          -          -          -          -          -          -          -          -
  farkasdiving     :          0          -          -          -          -          -          -          -          -          -          -          -          -
  fracdiving       :          0          -          -          -          -          -          -          -          -          -          -          -          -
  guideddiving     :          0          -          -          -          -          -          -          -          -          -          -          -          -
  linesearchdiving :          0          -          -          -          -          -          -          -          -          -          -          -          -
  pscostdiving     :          0          -          -          -          -          -          -          -          -          -          -          -          -
  veclendiving     :          0          -          -          -          -          -          -          -          -          -          -          -          -
Neighborhoods      :      Calls  SetupTime  SolveTime SolveNodes       Sols       Best       Exp3  EpsGreedy        UCB TgtFixRate  Opt  Inf Node Stal  Sol  Usr Othr Actv
  rens             :          0       0.00       0.00          0          0          0    0.00000   -1.00000    1.00000      0.900    0    0    0    0    0    0    0    1
  rins             :          0       0.00       0.00          0          0          0    0.00000   -1.00000    1.00000      0.900    0    0    0    0    0    0    0    1
  mutation         :          0       0.00       0.00          0          0          0    0.00000   -1.00000    1.00000      0.900    0    0    0    0    0    0    0    1
  localbranching   :          0       0.00       0.00          0          0          0    0.00000   -1.00000    1.00000      0.900    0    0    0    0    0    0    0    1
  crossover        :          0       0.00       0.00          0          0          0    0.00000   -1.00000    1.00000      0.900    0    0    0    0    0    0    0    1
  proximity        :          0       0.00       0.00          0          0          0    0.00000   -1.00000    1.00000      0.900    0    0    0    0    0    0    0    1
  zeroobjective    :          0       0.00       0.00          0          0          0    0.00000   -1.00000    1.00000      0.900    0    0    0    0    0    0    0    1
  dins             :          0       0.00       0.00          0          0          0    0.00000   -1.00000    1.00000      0.900    0    0    0    0    0    0    0    1
  trustregion      :          0       0.00       0.00          0          0          0    0.00000   -1.00000    1.00000      0.900    0    0    0    0    0    0    0    0
LP                 :       Time      Calls Iterations  Iter/call   Iter/sec  Time-0-It Calls-0-It    ItLimit
  primal LP        :       0.00          0          0       0.00          -       0.00          0
  dual LP          :       0.03         12        540      45.00   16303.86       0.00          0
  lex dual LP      :       0.00          0          0       0.00          -
  barrier LP       :       0.00          0          0       0.00          -       0.00          0
  resolve instable :       0.00          0          0       0.00          -
  diving/probing LP:       0.01          3        854     284.67   69306.93
  strong branching :       0.00          0          0       0.00          -          -          -          0
    (at root node) :          -          0          0       0.00          -
  conflict analysis:       0.00          0          0       0.00          -
B&B Tree           :
  number of runs   :          1
  nodes            :          1 (0 internal, 1 leaves)
  feasible leaves  :          0
  infeas. leaves   :          0
  objective leaves :          1
  nodes (total)    :          1 (0 internal, 1 leaves)
  nodes left       :          0
  max depth        :          0
  max depth (total):          0
  backtracks       :          0 (0.0%)
  early backtracks :          0 (0.0%)
  nodes exc. ref.  :          0 (0.0%)
  delayed cutoffs  :          0
  repropagations   :          0 (0 domain reductions, 0 cutoffs)
  avg switch length:       2.00
  switching time   :       0.00
Estim. Tree Size   :          1
Estimation Tree    : 1 nodes (1 visited, 0 internal, 1 leaves, 0 open), weight: 1.0000 completed 1.0000
Estimations        :      estim      value      trend resolution     smooth
  wbe              :          1          -          -          -          -
  tree-profile     :         -1          -          -          -          -
  gap              :          1    1.00000    1.00000          1          1
  tree-weight      :          1    1.00000    1.00000          1          1
  leaf-frequency   :          1    0.50000    1.00000          1          1
  ssg              :          1    0.00000   -1.00000          1          1
  open-nodes       :          1    0.00000    0.00000          1          1
Root Node          :
  First LP value   : -3.16111717612810e+00
  First LP Iters   :        496 (23117.08 Iter/sec)
  First LP Time    :       0.02
  Final Dual Bound : -3.16111717612810e+00
  Final Root Iters :       1298
  Root LP Estimate :                     -
Solution           :
  Solutions found  :          2 (2 improvements)
  First Solution   : -3.15698047778064e+00   (in run 1, after 1 nodes, 4.24 seconds, depth 0, found by <feaspump>)
  Gap First Sol.   :       0.13 %
  Gap Last Sol.    :       0.00 %
  Primal Bound     : -3.16111717612810e+00   (in run 1, after 1 nodes, 4.57 seconds, depth 0, found by <rens>)
  Dual Bound       : -3.16111717612810e+00
  Gap              :       0.00 %
Integrals          :      Total       Avg%
  primal-dual      :     424.02      92.75
  primal-ref       :          -          - (not evaluated)
  dual-ref         :          -          - (not evaluated)
