SCIP version 8.0.0 [precision: 8 byte] [memory: block] [mode: optimized] [LP solver: SoPlex 6.0.0] [GitHash: a740f0891e]
Copyright (C) 2002-2021 Konrad-Zuse-Zentrum fuer Informationstechnik Berlin (ZIB)

External libraries: 
  SoPlex 6.0.0         Linear Programming Solver developed at Zuse Institute Berlin (soplex.zib.de) [GitHash: 71a5873d]
  CppAD 20180000.0     Algorithmic Differentiation of C++ algorithms developed by B. Bell (github.com/coin-or/CppAD)
  ZLIB 1.2.11          General purpose compression library by J. Gailly and M. Adler (zlib.net)
  GMP 6.2.1            GNU Multiple Precision Arithmetic Library developed by T. Granlund (gmplib.org)
  ZIMPL 3.5.1          Zuse Institute Mathematical Programming Language developed by T. Koch (zimpl.zib.de)
  AMPL/MP 4e2d45c4     AMPL .nl file reader library (github.com/ampl/mp)
  PaPILO 2.0.0         parallel presolve for integer and linear optimization (github.com/scipopt/papilo) [GitHash: 76cafc1]
  bliss 0.73p          Computing Graph Automorphism Groups by T. Junttila and P. Kaski (www.tcs.hut.fi/Software/bliss/)
  Ipopt 3.13.2         Interior Point Optimizer developed by A. Waechter et.al. (github.com/coin-or/Ipopt)

user parameter file <scip.set> not found - using default parameters

read problem <../modeles/10_214.lp>
============

original problem has 4300 variables (2140 bin, 0 int, 0 impl, 2160 cont) and 2181 constraints

solve problem
=============

presolving:
(round 1, fast)       10 del vars, 0 del conss, 0 add conss, 4580 chg bounds, 0 chg sides, 0 chg coeffs, 0 upgd conss, 0 impls, 10 clqs
(round 2, fast)       10 del vars, 0 del conss, 0 add conss, 4580 chg bounds, 0 chg sides, 2140 chg coeffs, 0 upgd conss, 0 impls, 10 clqs
   (0.0s) running MILP presolver
   (0.1s) MILP presolver (2 rounds): 0 aggregations, 0 fixings, 20 bound changes
(round 3, exhaustive) 10 del vars, 0 del conss, 0 add conss, 4600 chg bounds, 0 chg sides, 2140 chg coeffs, 30 upgd conss, 0 impls, 10 clqs
(round 4, exhaustive) 35 del vars, 0 del conss, 0 add conss, 4600 chg bounds, 0 chg sides, 2140 chg coeffs, 30 upgd conss, 6621 impls, 10 clqs
(round 5, exhaustive) 35 del vars, 0 del conss, 0 add conss, 4600 chg bounds, 0 chg sides, 2140 chg coeffs, 76 upgd conss, 6621 impls, 10 clqs
(round 6, exhaustive) 60 del vars, 0 del conss, 0 add conss, 4600 chg bounds, 0 chg sides, 2140 chg coeffs, 76 upgd conss, 10707 impls, 10 clqs
(round 7, fast)       60 del vars, 2 del conss, 0 add conss, 4600 chg bounds, 0 chg sides, 2140 chg coeffs, 76 upgd conss, 10707 impls, 10 clqs
(round 8, exhaustive) 60 del vars, 2 del conss, 0 add conss, 4600 chg bounds, 0 chg sides, 2140 chg coeffs, 120 upgd conss, 10707 impls, 10 clqs
(round 9, exhaustive) 85 del vars, 2 del conss, 0 add conss, 4600 chg bounds, 0 chg sides, 2140 chg coeffs, 120 upgd conss, 17554 impls, 10 clqs
(round 10, fast)       85 del vars, 4 del conss, 0 add conss, 4600 chg bounds, 0 chg sides, 2140 chg coeffs, 120 upgd conss, 17554 impls, 10 clqs
(round 11, exhaustive) 85 del vars, 4 del conss, 0 add conss, 4600 chg bounds, 0 chg sides, 2140 chg coeffs, 164 upgd conss, 17554 impls, 10 clqs
(round 12, exhaustive) 110 del vars, 4 del conss, 0 add conss, 4600 chg bounds, 0 chg sides, 2140 chg coeffs, 164 upgd conss, 22908 impls, 10 clqs
(round 13, fast)       111 del vars, 8 del conss, 0 add conss, 4601 chg bounds, 0 chg sides, 2140 chg coeffs, 164 upgd conss, 22908 impls, 10 clqs
(round 14, exhaustive) 111 del vars, 8 del conss, 0 add conss, 4601 chg bounds, 0 chg sides, 2140 chg coeffs, 200 upgd conss, 22908 impls, 10 clqs
(round 15, exhaustive) 136 del vars, 8 del conss, 0 add conss, 4601 chg bounds, 0 chg sides, 2140 chg coeffs, 200 upgd conss, 27176 impls, 10 clqs
(round 16, fast)       136 del vars, 12 del conss, 0 add conss, 4601 chg bounds, 0 chg sides, 2140 chg coeffs, 200 upgd conss, 27176 impls, 10 clqs
(round 17, exhaustive) 136 del vars, 12 del conss, 0 add conss, 4601 chg bounds, 0 chg sides, 2140 chg coeffs, 238 upgd conss, 27176 impls, 10 clqs
(round 18, exhaustive) 161 del vars, 12 del conss, 0 add conss, 4601 chg bounds, 0 chg sides, 2140 chg coeffs, 238 upgd conss, 32512 impls, 10 clqs
(round 19, fast)       163 del vars, 16 del conss, 0 add conss, 4603 chg bounds, 0 chg sides, 2140 chg coeffs, 238 upgd conss, 32512 impls, 10 clqs
(round 20, exhaustive) 163 del vars, 16 del conss, 0 add conss, 4603 chg bounds, 0 chg sides, 2140 chg coeffs, 279 upgd conss, 32512 impls, 10 clqs
(round 21, exhaustive) 188 del vars, 16 del conss, 0 add conss, 4603 chg bounds, 0 chg sides, 2140 chg coeffs, 279 upgd conss, 35929 impls, 10 clqs
(round 22, fast)       189 del vars, 19 del conss, 0 add conss, 4604 chg bounds, 0 chg sides, 2140 chg coeffs, 279 upgd conss, 35929 impls, 10 clqs
(round 23, exhaustive) 189 del vars, 19 del conss, 0 add conss, 4604 chg bounds, 0 chg sides, 2140 chg coeffs, 322 upgd conss, 35929 impls, 10 clqs
(round 24, exhaustive) 214 del vars, 19 del conss, 0 add conss, 4604 chg bounds, 0 chg sides, 2140 chg coeffs, 322 upgd conss, 42917 impls, 10 clqs
(round 25, fast)       214 del vars, 25 del conss, 0 add conss, 4604 chg bounds, 0 chg sides, 2140 chg coeffs, 322 upgd conss, 42917 impls, 10 clqs
(round 26, exhaustive) 214 del vars, 25 del conss, 0 add conss, 4604 chg bounds, 0 chg sides, 2140 chg coeffs, 350 upgd conss, 42917 impls, 10 clqs
(round 27, exhaustive) 239 del vars, 25 del conss, 0 add conss, 4604 chg bounds, 0 chg sides, 2140 chg coeffs, 350 upgd conss, 49028 impls, 10 clqs
(round 28, fast)       239 del vars, 28 del conss, 0 add conss, 4604 chg bounds, 0 chg sides, 2140 chg coeffs, 350 upgd conss, 49028 impls, 10 clqs
(round 29, exhaustive) 239 del vars, 28 del conss, 0 add conss, 4604 chg bounds, 0 chg sides, 2140 chg coeffs, 391 upgd conss, 49028 impls, 10 clqs
(round 30, exhaustive) 264 del vars, 28 del conss, 0 add conss, 4604 chg bounds, 0 chg sides, 2140 chg coeffs, 391 upgd conss, 50742 impls, 10 clqs
(round 31, fast)       268 del vars, 35 del conss, 0 add conss, 4608 chg bounds, 0 chg sides, 2140 chg coeffs, 391 upgd conss, 50742 impls, 10 clqs
(round 32, exhaustive) 268 del vars, 35 del conss, 0 add conss, 4608 chg bounds, 0 chg sides, 2140 chg coeffs, 428 upgd conss, 50742 impls, 10 clqs
(round 33, exhaustive) 293 del vars, 35 del conss, 0 add conss, 4608 chg bounds, 0 chg sides, 2140 chg coeffs, 428 upgd conss, 53703 impls, 10 clqs
(round 34, fast)       293 del vars, 42 del conss, 0 add conss, 4608 chg bounds, 0 chg sides, 2140 chg coeffs, 428 upgd conss, 53703 impls, 10 clqs
(round 35, exhaustive) 293 del vars, 42 del conss, 0 add conss, 4608 chg bounds, 0 chg sides, 2140 chg coeffs, 457 upgd conss, 53703 impls, 10 clqs
(round 36, exhaustive) 318 del vars, 42 del conss, 0 add conss, 4608 chg bounds, 0 chg sides, 2140 chg coeffs, 457 upgd conss, 60382 impls, 10 clqs
(round 37, fast)       321 del vars, 50 del conss, 0 add conss, 4611 chg bounds, 0 chg sides, 2140 chg coeffs, 457 upgd conss, 60382 impls, 10 clqs
(round 38, exhaustive) 321 del vars, 50 del conss, 0 add conss, 4611 chg bounds, 0 chg sides, 2140 chg coeffs, 488 upgd conss, 60382 impls, 10 clqs
(round 39, exhaustive) 346 del vars, 50 del conss, 0 add conss, 4611 chg bounds, 0 chg sides, 2140 chg coeffs, 488 upgd conss, 64571 impls, 10 clqs
(round 40, fast)       346 del vars, 61 del conss, 0 add conss, 4611 chg bounds, 0 chg sides, 2140 chg coeffs, 488 upgd conss, 64571 impls, 10 clqs
(round 41, exhaustive) 346 del vars, 61 del conss, 0 add conss, 4611 chg bounds, 0 chg sides, 2140 chg coeffs, 505 upgd conss, 64571 impls, 10 clqs
(round 42, exhaustive) 371 del vars, 61 del conss, 0 add conss, 4611 chg bounds, 0 chg sides, 2140 chg coeffs, 505 upgd conss, 68086 impls, 10 clqs
(round 43, fast)       374 del vars, 73 del conss, 0 add conss, 4614 chg bounds, 0 chg sides, 2140 chg coeffs, 505 upgd conss, 68086 impls, 10 clqs
(round 44, exhaustive) 374 del vars, 73 del conss, 0 add conss, 4614 chg bounds, 0 chg sides, 2140 chg coeffs, 525 upgd conss, 68086 impls, 10 clqs
(round 45, exhaustive) 401 del vars, 73 del conss, 0 add conss, 4614 chg bounds, 0 chg sides, 2140 chg coeffs, 525 upgd conss, 71809 impls, 10 clqs
(round 46, fast)       401 del vars, 83 del conss, 0 add conss, 4614 chg bounds, 0 chg sides, 2140 chg coeffs, 525 upgd conss, 71809 impls, 10 clqs
(round 47, exhaustive) 401 del vars, 83 del conss, 0 add conss, 4614 chg bounds, 0 chg sides, 2140 chg coeffs, 549 upgd conss, 71809 impls, 10 clqs
(round 48, exhaustive) 426 del vars, 83 del conss, 0 add conss, 4614 chg bounds, 0 chg sides, 2140 chg coeffs, 549 upgd conss, 74081 impls, 10 clqs
(round 49, fast)       430 del vars, 93 del conss, 0 add conss, 4618 chg bounds, 0 chg sides, 2140 chg coeffs, 549 upgd conss, 74081 impls, 10 clqs
(round 50, exhaustive) 430 del vars, 93 del conss, 0 add conss, 4618 chg bounds, 0 chg sides, 2140 chg coeffs, 577 upgd conss, 74081 impls, 10 clqs
(round 51, exhaustive) 455 del vars, 93 del conss, 0 add conss, 4618 chg bounds, 0 chg sides, 2140 chg coeffs, 577 upgd conss, 76542 impls, 10 clqs
(round 52, fast)       458 del vars, 106 del conss, 0 add conss, 4621 chg bounds, 0 chg sides, 2140 chg coeffs, 577 upgd conss, 76542 impls, 10 clqs
(round 53, exhaustive) 458 del vars, 106 del conss, 0 add conss, 4621 chg bounds, 0 chg sides, 2140 chg coeffs, 594 upgd conss, 76542 impls, 10 clqs
(round 54, exhaustive) 483 del vars, 106 del conss, 0 add conss, 4621 chg bounds, 0 chg sides, 2140 chg coeffs, 594 upgd conss, 79379 impls, 10 clqs
(round 55, fast)       483 del vars, 120 del conss, 0 add conss, 4621 chg bounds, 0 chg sides, 2140 chg coeffs, 594 upgd conss, 79379 impls, 10 clqs
(round 56, exhaustive) 483 del vars, 120 del conss, 0 add conss, 4621 chg bounds, 0 chg sides, 2140 chg coeffs, 602 upgd conss, 79379 impls, 10 clqs
(round 57, exhaustive) 508 del vars, 120 del conss, 0 add conss, 4621 chg bounds, 0 chg sides, 2140 chg coeffs, 602 upgd conss, 83576 impls, 10 clqs
(round 58, fast)       508 del vars, 127 del conss, 0 add conss, 4621 chg bounds, 0 chg sides, 2140 chg coeffs, 602 upgd conss, 83576 impls, 10 clqs
(round 59, exhaustive) 508 del vars, 127 del conss, 0 add conss, 4621 chg bounds, 0 chg sides, 2140 chg coeffs, 627 upgd conss, 83576 impls, 10 clqs
(round 60, exhaustive) 533 del vars, 127 del conss, 0 add conss, 4621 chg bounds, 0 chg sides, 2140 chg coeffs, 627 upgd conss, 85604 impls, 10 clqs
(round 61, fast)       534 del vars, 137 del conss, 0 add conss, 4622 chg bounds, 0 chg sides, 2140 chg coeffs, 627 upgd conss, 85604 impls, 10 clqs
(round 62, exhaustive) 534 del vars, 137 del conss, 0 add conss, 4622 chg bounds, 0 chg sides, 2140 chg coeffs, 649 upgd conss, 85604 impls, 10 clqs
(round 63, exhaustive) 559 del vars, 137 del conss, 0 add conss, 4622 chg bounds, 0 chg sides, 2140 chg coeffs, 649 upgd conss, 89798 impls, 10 clqs
(round 64, fast)       559 del vars, 149 del conss, 0 add conss, 4622 chg bounds, 0 chg sides, 2140 chg coeffs, 649 upgd conss, 89798 impls, 10 clqs
(round 65, exhaustive) 559 del vars, 149 del conss, 0 add conss, 4622 chg bounds, 0 chg sides, 2140 chg coeffs, 663 upgd conss, 89798 impls, 10 clqs
(round 66, exhaustive) 584 del vars, 149 del conss, 0 add conss, 4622 chg bounds, 0 chg sides, 2140 chg coeffs, 663 upgd conss, 94723 impls, 10 clqs
(round 67, fast)       586 del vars, 164 del conss, 0 add conss, 4624 chg bounds, 0 chg sides, 2140 chg coeffs, 663 upgd conss, 94723 impls, 10 clqs
(round 68, exhaustive) 586 del vars, 164 del conss, 0 add conss, 4624 chg bounds, 0 chg sides, 2140 chg coeffs, 672 upgd conss, 94723 impls, 10 clqs
(round 69, exhaustive) 611 del vars, 164 del conss, 0 add conss, 4624 chg bounds, 0 chg sides, 2140 chg coeffs, 672 upgd conss, 96503 impls, 10 clqs
(round 70, fast)       615 del vars, 178 del conss, 0 add conss, 4628 chg bounds, 0 chg sides, 2140 chg coeffs, 672 upgd conss, 96503 impls, 10 clqs
(round 71, exhaustive) 615 del vars, 178 del conss, 0 add conss, 4628 chg bounds, 0 chg sides, 2140 chg coeffs, 688 upgd conss, 96503 impls, 10 clqs
(round 72, exhaustive) 640 del vars, 178 del conss, 0 add conss, 4628 chg bounds, 0 chg sides, 2140 chg coeffs, 688 upgd conss, 99238 impls, 10 clqs
(round 73, fast)       641 del vars, 191 del conss, 0 add conss, 4629 chg bounds, 0 chg sides, 2140 chg coeffs, 688 upgd conss, 99238 impls, 10 clqs
(round 74, exhaustive) 641 del vars, 191 del conss, 0 add conss, 4629 chg bounds, 0 chg sides, 2140 chg coeffs, 701 upgd conss, 99238 impls, 10 clqs
(round 75, exhaustive) 666 del vars, 191 del conss, 0 add conss, 4629 chg bounds, 0 chg sides, 2140 chg coeffs, 701 upgd conss, 102326 impls, 10 clqs
(round 76, fast)       666 del vars, 202 del conss, 0 add conss, 4629 chg bounds, 0 chg sides, 2140 chg coeffs, 701 upgd conss, 102326 impls, 10 clqs
   (2.8s) running MILP presolver
   (2.9s) MILP presolver (15 rounds): 0 aggregations, 177 fixings, 0 bound changes
(round 77, medium)     843 del vars, 273 del conss, 0 add conss, 4629 chg bounds, 0 chg sides, 2140 chg coeffs, 701 upgd conss, 102326 impls, 10 clqs
(round 78, fast)       843 del vars, 297 del conss, 0 add conss, 4629 chg bounds, 0 chg sides, 2140 chg coeffs, 701 upgd conss, 102326 impls, 10 clqs
(round 79, exhaustive) 843 del vars, 297 del conss, 0 add conss, 4629 chg bounds, 0 chg sides, 2140 chg coeffs, 763 upgd conss, 102326 impls, 10 clqs
(round 80, exhaustive) 868 del vars, 297 del conss, 0 add conss, 4629 chg bounds, 0 chg sides, 2140 chg coeffs, 763 upgd conss, 103666 impls, 10 clqs
(round 81, fast)       873 del vars, 312 del conss, 0 add conss, 4634 chg bounds, 0 chg sides, 2140 chg coeffs, 763 upgd conss, 103666 impls, 10 clqs
(round 82, exhaustive) 873 del vars, 312 del conss, 0 add conss, 4634 chg bounds, 0 chg sides, 2140 chg coeffs, 778 upgd conss, 103666 impls, 10 clqs
   (3.0s) probing: 1000/2140 (46.7%) - 675 fixings, 0 aggregations, 105263 implications, 0 bound changes
(round 83, exhaustive) 898 del vars, 312 del conss, 0 add conss, 4634 chg bounds, 0 chg sides, 2140 chg coeffs, 778 upgd conss, 106031 impls, 10 clqs
(round 84, fast)       900 del vars, 323 del conss, 0 add conss, 4636 chg bounds, 0 chg sides, 2140 chg coeffs, 778 upgd conss, 106031 impls, 10 clqs
(round 85, exhaustive) 900 del vars, 323 del conss, 0 add conss, 4636 chg bounds, 0 chg sides, 2140 chg coeffs, 799 upgd conss, 106031 impls, 10 clqs
(round 86, exhaustive) 925 del vars, 323 del conss, 0 add conss, 4636 chg bounds, 0 chg sides, 2140 chg coeffs, 799 upgd conss, 108927 impls, 10 clqs
(round 87, fast)       926 del vars, 335 del conss, 0 add conss, 4637 chg bounds, 0 chg sides, 2140 chg coeffs, 799 upgd conss, 108927 impls, 10 clqs
(round 88, exhaustive) 926 del vars, 335 del conss, 0 add conss, 4637 chg bounds, 0 chg sides, 2140 chg coeffs, 815 upgd conss, 108927 impls, 10 clqs
(round 89, exhaustive) 951 del vars, 335 del conss, 0 add conss, 4637 chg bounds, 0 chg sides, 2140 chg coeffs, 815 upgd conss, 111978 impls, 10 clqs
(round 90, fast)       952 del vars, 348 del conss, 0 add conss, 4638 chg bounds, 0 chg sides, 2140 chg coeffs, 815 upgd conss, 111978 impls, 10 clqs
(round 91, exhaustive) 952 del vars, 348 del conss, 0 add conss, 4638 chg bounds, 0 chg sides, 2140 chg coeffs, 828 upgd conss, 111978 impls, 10 clqs
(round 92, exhaustive) 977 del vars, 348 del conss, 0 add conss, 4638 chg bounds, 0 chg sides, 2140 chg coeffs, 828 upgd conss, 112706 impls, 10 clqs
(round 93, fast)       977 del vars, 361 del conss, 0 add conss, 4638 chg bounds, 0 chg sides, 2140 chg coeffs, 828 upgd conss, 112706 impls, 10 clqs
(round 94, exhaustive) 977 del vars, 361 del conss, 0 add conss, 4638 chg bounds, 0 chg sides, 2140 chg coeffs, 839 upgd conss, 112706 impls, 10 clqs
(round 95, exhaustive) 1002 del vars, 361 del conss, 0 add conss, 4638 chg bounds, 0 chg sides, 2140 chg coeffs, 839 upgd conss, 115184 impls, 10 clqs
(round 96, fast)       1003 del vars, 375 del conss, 0 add conss, 4639 chg bounds, 0 chg sides, 2140 chg coeffs, 839 upgd conss, 115184 impls, 10 clqs
(round 97, exhaustive) 1003 del vars, 375 del conss, 0 add conss, 4639 chg bounds, 0 chg sides, 2140 chg coeffs, 845 upgd conss, 115184 impls, 10 clqs
(round 98, exhaustive) 1028 del vars, 375 del conss, 0 add conss, 4639 chg bounds, 0 chg sides, 2140 chg coeffs, 845 upgd conss, 117657 impls, 10 clqs
(round 99, fast)       1030 del vars, 387 del conss, 0 add conss, 4641 chg bounds, 0 chg sides, 2140 chg coeffs, 845 upgd conss, 117657 impls, 10 clqs
(round 100, exhaustive) 1030 del vars, 387 del conss, 0 add conss, 4641 chg bounds, 0 chg sides, 2140 chg coeffs, 863 upgd conss, 117657 impls, 10 clqs
(round 101, exhaustive) 1055 del vars, 387 del conss, 0 add conss, 4641 chg bounds, 0 chg sides, 2140 chg coeffs, 863 upgd conss, 118352 impls, 10 clqs
(round 102, fast)       1055 del vars, 398 del conss, 0 add conss, 4641 chg bounds, 0 chg sides, 2140 chg coeffs, 863 upgd conss, 118352 impls, 10 clqs
(round 103, exhaustive) 1055 del vars, 398 del conss, 0 add conss, 4641 chg bounds, 0 chg sides, 2140 chg coeffs, 880 upgd conss, 118352 impls, 10 clqs
(round 104, exhaustive) 1082 del vars, 398 del conss, 0 add conss, 4641 chg bounds, 0 chg sides, 2140 chg coeffs, 880 upgd conss, 120413 impls, 10 clqs
(round 105, fast)       1082 del vars, 413 del conss, 0 add conss, 4641 chg bounds, 0 chg sides, 2140 chg coeffs, 880 upgd conss, 120413 impls, 10 clqs
(round 106, exhaustive) 1082 del vars, 413 del conss, 0 add conss, 4641 chg bounds, 0 chg sides, 2140 chg coeffs, 889 upgd conss, 120413 impls, 10 clqs
(round 107, exhaustive) 1107 del vars, 413 del conss, 0 add conss, 4641 chg bounds, 0 chg sides, 2140 chg coeffs, 889 upgd conss, 124343 impls, 10 clqs
(round 108, fast)       1109 del vars, 427 del conss, 0 add conss, 4643 chg bounds, 0 chg sides, 2140 chg coeffs, 889 upgd conss, 124343 impls, 10 clqs
(round 109, exhaustive) 1109 del vars, 427 del conss, 0 add conss, 4643 chg bounds, 0 chg sides, 2140 chg coeffs, 900 upgd conss, 124343 impls, 10 clqs
(round 110, exhaustive) 1134 del vars, 427 del conss, 0 add conss, 4643 chg bounds, 0 chg sides, 2140 chg coeffs, 900 upgd conss, 126054 impls, 10 clqs
(round 111, fast)       1138 del vars, 443 del conss, 0 add conss, 4647 chg bounds, 0 chg sides, 2140 chg coeffs, 900 upgd conss, 126054 impls, 10 clqs
(round 112, exhaustive) 1138 del vars, 443 del conss, 0 add conss, 4647 chg bounds, 0 chg sides, 2140 chg coeffs, 906 upgd conss, 126054 impls, 10 clqs
(round 113, exhaustive) 1164 del vars, 443 del conss, 0 add conss, 4647 chg bounds, 0 chg sides, 2140 chg coeffs, 906 upgd conss, 128896 impls, 10 clqs
(round 114, fast)       1164 del vars, 456 del conss, 0 add conss, 4647 chg bounds, 0 chg sides, 2140 chg coeffs, 906 upgd conss, 128896 impls, 10 clqs
(round 115, exhaustive) 1164 del vars, 456 del conss, 0 add conss, 4647 chg bounds, 0 chg sides, 2140 chg coeffs, 915 upgd conss, 128896 impls, 10 clqs
(round 116, exhaustive) 1189 del vars, 456 del conss, 0 add conss, 4647 chg bounds, 0 chg sides, 2140 chg coeffs, 915 upgd conss, 130397 impls, 10 clqs
(round 117, fast)       1189 del vars, 469 del conss, 0 add conss, 4647 chg bounds, 0 chg sides, 2140 chg coeffs, 915 upgd conss, 130397 impls, 10 clqs
(round 118, exhaustive) 1189 del vars, 469 del conss, 0 add conss, 4647 chg bounds, 0 chg sides, 2140 chg coeffs, 926 upgd conss, 130397 impls, 10 clqs
(round 119, exhaustive) 1214 del vars, 469 del conss, 0 add conss, 4647 chg bounds, 0 chg sides, 2140 chg coeffs, 926 upgd conss, 134380 impls, 10 clqs
(round 120, fast)       1214 del vars, 481 del conss, 0 add conss, 4647 chg bounds, 0 chg sides, 2140 chg coeffs, 926 upgd conss, 134380 impls, 10 clqs
(round 121, exhaustive) 1214 del vars, 481 del conss, 0 add conss, 4647 chg bounds, 0 chg sides, 2140 chg coeffs, 936 upgd conss, 134380 impls, 10 clqs
(round 122, exhaustive) 1239 del vars, 481 del conss, 0 add conss, 4647 chg bounds, 0 chg sides, 2140 chg coeffs, 936 upgd conss, 136495 impls, 10 clqs
(round 123, fast)       1240 del vars, 495 del conss, 0 add conss, 4648 chg bounds, 0 chg sides, 2140 chg coeffs, 936 upgd conss, 136495 impls, 10 clqs
(round 124, exhaustive) 1240 del vars, 495 del conss, 0 add conss, 4648 chg bounds, 0 chg sides, 2140 chg coeffs, 946 upgd conss, 136495 impls, 10 clqs
(round 125, exhaustive) 1265 del vars, 495 del conss, 0 add conss, 4648 chg bounds, 0 chg sides, 2140 chg coeffs, 946 upgd conss, 138921 impls, 10 clqs
(round 126, fast)       1267 del vars, 512 del conss, 0 add conss, 4650 chg bounds, 0 chg sides, 2140 chg coeffs, 946 upgd conss, 138921 impls, 10 clqs
(round 127, exhaustive) 1267 del vars, 512 del conss, 0 add conss, 4650 chg bounds, 0 chg sides, 2140 chg coeffs, 949 upgd conss, 138921 impls, 10 clqs
(round 128, exhaustive) 1292 del vars, 512 del conss, 0 add conss, 4650 chg bounds, 0 chg sides, 2140 chg coeffs, 949 upgd conss, 140537 impls, 10 clqs
(round 129, fast)       1293 del vars, 527 del conss, 0 add conss, 4651 chg bounds, 0 chg sides, 2140 chg coeffs, 949 upgd conss, 140537 impls, 10 clqs
(round 130, exhaustive) 1293 del vars, 527 del conss, 0 add conss, 4651 chg bounds, 0 chg sides, 2140 chg coeffs, 956 upgd conss, 140537 impls, 10 clqs
(round 131, exhaustive) 1318 del vars, 527 del conss, 0 add conss, 4651 chg bounds, 0 chg sides, 2140 chg coeffs, 956 upgd conss, 143585 impls, 10 clqs
(round 132, fast)       1319 del vars, 542 del conss, 0 add conss, 4652 chg bounds, 0 chg sides, 2140 chg coeffs, 956 upgd conss, 143585 impls, 10 clqs
(round 133, exhaustive) 1319 del vars, 542 del conss, 0 add conss, 4652 chg bounds, 0 chg sides, 2140 chg coeffs, 963 upgd conss, 143585 impls, 10 clqs
(round 134, exhaustive) 1349 del vars, 542 del conss, 0 add conss, 4652 chg bounds, 0 chg sides, 2140 chg coeffs, 963 upgd conss, 145793 impls, 10 clqs
(round 135, fast)       1349 del vars, 559 del conss, 0 add conss, 4652 chg bounds, 0 chg sides, 2140 chg coeffs, 963 upgd conss, 145793 impls, 10 clqs
(round 136, exhaustive) 1349 del vars, 559 del conss, 0 add conss, 4652 chg bounds, 0 chg sides, 2140 chg coeffs, 972 upgd conss, 145793 impls, 10 clqs
(round 137, exhaustive) 1374 del vars, 559 del conss, 0 add conss, 4652 chg bounds, 0 chg sides, 2140 chg coeffs, 972 upgd conss, 147354 impls, 10 clqs
(round 138, fast)       1374 del vars, 573 del conss, 0 add conss, 4652 chg bounds, 0 chg sides, 2140 chg coeffs, 972 upgd conss, 147354 impls, 10 clqs
   (4.0s) running MILP presolver
   (4.3s) MILP presolver (45 rounds): 0 aggregations, 621 fixings, 0 bound changes
(round 139, medium)     1995 del vars, 905 del conss, 0 add conss, 4652 chg bounds, 0 chg sides, 2140 chg coeffs, 972 upgd conss, 147354 impls, 10 clqs
(round 140, fast)       1995 del vars, 967 del conss, 0 add conss, 4652 chg bounds, 0 chg sides, 2140 chg coeffs, 972 upgd conss, 147354 impls, 10 clqs
(round 141, exhaustive) 1995 del vars, 967 del conss, 0 add conss, 4652 chg bounds, 0 chg sides, 2140 chg coeffs, 978 upgd conss, 147354 impls, 10 clqs
(round 142, exhaustive) 2020 del vars, 967 del conss, 0 add conss, 4652 chg bounds, 0 chg sides, 2140 chg coeffs, 978 upgd conss, 155192 impls, 10 clqs
(round 143, fast)       2022 del vars, 982 del conss, 0 add conss, 4654 chg bounds, 0 chg sides, 2140 chg coeffs, 978 upgd conss, 155192 impls, 10 clqs
(round 144, exhaustive) 2022 del vars, 982 del conss, 0 add conss, 4654 chg bounds, 0 chg sides, 2140 chg coeffs, 983 upgd conss, 155192 impls, 10 clqs
(round 145, exhaustive) 2047 del vars, 982 del conss, 0 add conss, 4654 chg bounds, 0 chg sides, 2140 chg coeffs, 983 upgd conss, 158938 impls, 10 clqs
(round 146, fast)       2053 del vars, 1001 del conss, 0 add conss, 4660 chg bounds, 0 chg sides, 2140 chg coeffs, 983 upgd conss, 158938 impls, 10 clqs
(round 147, exhaustive) 2053 del vars, 1001 del conss, 0 add conss, 4660 chg bounds, 0 chg sides, 2140 chg coeffs, 987 upgd conss, 158938 impls, 10 clqs
(round 148, exhaustive) 2078 del vars, 1001 del conss, 0 add conss, 4660 chg bounds, 0 chg sides, 2140 chg coeffs, 987 upgd conss, 168041 impls, 10 clqs
(round 149, fast)       2080 del vars, 1018 del conss, 0 add conss, 4662 chg bounds, 0 chg sides, 2140 chg coeffs, 987 upgd conss, 168041 impls, 10 clqs
(round 150, exhaustive) 2080 del vars, 1018 del conss, 0 add conss, 4662 chg bounds, 0 chg sides, 2140 chg coeffs, 990 upgd conss, 168041 impls, 10 clqs
(round 151, exhaustive) 2106 del vars, 1018 del conss, 0 add conss, 4662 chg bounds, 0 chg sides, 2140 chg coeffs, 990 upgd conss, 177233 impls, 10 clqs
(round 152, fast)       2106 del vars, 1035 del conss, 0 add conss, 4662 chg bounds, 0 chg sides, 2140 chg coeffs, 990 upgd conss, 177233 impls, 10 clqs
(round 153, exhaustive) 2106 del vars, 1035 del conss, 0 add conss, 4662 chg bounds, 0 chg sides, 2140 chg coeffs, 991 upgd conss, 177233 impls, 10 clqs
   (4.7s) probing: 2000/2140 (93.5%) - 1260 fixings, 0 aggregations, 182269 implications, 0 bound changes
   (4.7s) probing cycle finished: starting next cycle
   (4.8s) probing: 51/1080 (4.7%) - 1260 fixings, 0 aggregations, 182269 implications, 0 bound changes
   (4.8s) probing aborted: 50/50 successive totally useless probings
(round 154, exhaustive) 2130 del vars, 1035 del conss, 0 add conss, 4662 chg bounds, 0 chg sides, 2140 chg coeffs, 991 upgd conss, 183250 impls, 10 clqs
(round 155, fast)       2130 del vars, 1051 del conss, 0 add conss, 4662 chg bounds, 0 chg sides, 2140 chg coeffs, 991 upgd conss, 183250 impls, 10 clqs
   (4.8s) probing: 56/1080 (5.2%) - 1260 fixings, 0 aggregations, 182269 implications, 0 bound changes
   (4.8s) probing aborted: 50/50 successive totally useless probings
   (4.8s) symmetry computation started: requiring (bin +, int -, cont +), (fixed: bin -, int +, cont -)
   (4.8s) symmetry computation finished: 9 generators found (max: 1500, log10 of symmetry group size: 6.6)
(round 156, exhaustive) 2130 del vars, 1051 del conss, 1 add conss, 4662 chg bounds, 0 chg sides, 2140 chg coeffs, 991 upgd conss, 183250 impls, 10 clqs
presolving (157 rounds: 157 fast, 104 medium, 102 exhaustive):
 2130 deleted vars, 1051 deleted constraints, 1 added constraints, 4662 tightened bounds, 0 added holes, 0 changed sides, 2140 changed coefficients
 183250 implications, 10 cliques
presolved problem has 2170 variables (1080 bin, 0 int, 0 impl, 1090 cont) and 1122 constraints
     20 constraints of type <varbound>
     10 constraints of type <setppc>
   1091 constraints of type <linear>
      1 constraints of type <orbitope>
Presolving Time: 4.81

 time | node  | left  |LP iter|LP it/n|mem/heur|mdpt |vars |cons |rows |cuts |sepa|confs|strbr|  dualbound   | primalbound  |  gap   | compl. 
  4.9s|     1 |     0 |   320 |     - |    87M |   0 |2170 |1125 |1121 |   0 |  0 |   2 |   0 |-3.161852e+00 |      --      |    Inf | unknown
r 4.9s|     1 |     0 |   320 |     - |rounding|   0 |2170 |1125 |1121 |   0 |  0 |   2 |   0 |-3.161852e+00 |-3.161852e+00 |   0.00%| unknown
  4.9s|     1 |     0 |   320 |     - |    87M |   0 |2170 |1125 |1121 |   0 |  0 |   2 |   0 |-3.161852e+00 |-3.161852e+00 |   0.00%| unknown

SCIP Status        : problem is solved [optimal solution found]
Solving Time (sec) : 4.88
Solving Nodes      : 1
Primal Bound       : -3.16185216652506e+00 (1 solutions)
Dual Bound         : -3.16185216652506e+00
Gap                : 0.00 %

primal solution (original space):
=================================

objective value:                    -3.16185216652506
y_1,90_                                             1 	(obj:0)
y_6,90_                                             1 	(obj:0)
y_7,90_                                             1 	(obj:0)
y_8,90_                                             1 	(obj:0)
y_2,91_                                             1 	(obj:0)
y_3,91_                                             1 	(obj:0)
y_4,91_                                             1 	(obj:0)
y_5,91_                                             1 	(obj:0)
y_9,91_                                             1 	(obj:0)
y_10,91_                                            1 	(obj:0)
x_5_                               -0.308411214953271 	(obj:1)
t_6,91_                                             1 	(obj:0)
x_6_                               -0.317757009345795 	(obj:1)
t_2,91_                             0.659090909090834 	(obj:0)
x_2_                               -0.311384876805436 	(obj:1)
t_7,91_                                             1 	(obj:0)
t_2,92_                             0.340909090909166 	(obj:0)
x_7_                               -0.317757009345795 	(obj:1)
t_8,91_                                             1 	(obj:0)
t_5,91_                                           0.5 	(obj:0)
x_8_                               -0.317757009345795 	(obj:1)
x_10_                              -0.317757009345795 	(obj:1)
t_9,91_                                             1 	(obj:0)
t_4,91_                                             1 	(obj:0)
x_4_                               -0.317757009345795 	(obj:1)
x_9_                               -0.317757009345795 	(obj:1)
t_1,91_                                             1 	(obj:0)
x_1_                               -0.317757009345795 	(obj:1)
t_10,91_                                            1 	(obj:0)
t_3,91_                                             1 	(obj:0)
x_3_                               -0.317757009345795 	(obj:1)
t_5,92_                                           0.5 	(obj:0)

Statistics
==========

SCIP Status        : problem is solved [optimal solution found]
Total Time         :       4.90
  solving          :       4.88
  presolving       :       4.81 (included in solving)
  reading          :       0.02
  copying          :       0.00 (0 times copied the problem)
Original Problem   :
  Problem name     : ../modeles/10_214.lp
  Variables        : 4300 (2140 binary, 0 integer, 0 implicit integer, 2160 continuous)
  Constraints      : 2181 initial, 2181 maximal
  Objective        : minimize, 10 non-zeros (abs.min = 1, abs.max = 1)
Presolved Problem  :
  Problem name     : t_../modeles/10_214.lp
  Variables        : 2170 (1080 binary, 0 integer, 0 implicit integer, 1090 continuous)
  Constraints      : 1122 initial, 1125 maximal
  Objective        : minimize, 1080 non-zeros (abs.min = 0.0186916, abs.max = 1.00935)
  Nonzeros         : 8660 constraint, 1080 clique table
Presolvers         :   ExecTime  SetupTime  Calls  FixedVars   AggrVars   ChgTypes  ChgBounds   AddHoles    DelCons    AddCons   ChgSides   ChgCoefs
  boundshift       :       0.00       0.00      0          0          0          0          0          0          0          0          0          0
  convertinttobin  :       0.00       0.00      0          0          0          0          0          0          0          0          0          0
  domcol           :       0.40       0.00     52          0          0          0          0          0          0          0          0          0
  dualagg          :       0.00       0.00      0          0          0          0          0          0          0          0          0          0
  dualcomp         :       0.13       0.00     52          0          0          0          0          0          0          0          0          0
  dualinfer        :       0.00       0.00      0          0          0          0          0          0          0          0          0          0
  dualsparsify     :       0.00       0.00      1          0          0          0          0          0          0          0          0          0
  gateextraction   :       0.00       0.00      0          0          0          0          0          0          0          0          0          0
  implics          :       0.00       0.00    104          0          0          0          0          0          0          0          0          0
  inttobinary      :       0.00       0.00      0          0          0          0          0          0          0          0          0          0
  milp             :       0.45       0.00      3        798          0          0         20          0          0          0          0          0
  qpkktref         :       0.00       0.00      0          0          0          0          0          0          0          0          0          0
  redvub           :       0.00       0.00      0          0          0          0          0          0          0          0          0          0
  sparsify         :       0.19       0.00      7          0          0          0          0          0          0          0          0          0
  stuffing         :       0.00       0.00      0          0          0          0          0          0          0          0          0          0
  trivial          :       0.02       0.00    157          0          0          0          0          0          0          0          0          0
  tworowbnd        :       0.00       0.00      0          0          0          0          0          0          0          0          0          0
  dualfix          :       0.02       0.00    157          0          0          0          0          0          0          0          0          0
  genvbounds       :       0.00       0.00      0          0          0          0          0          0          0          0          0          0
  probing          :       3.11       0.00     51       1260          0          0          0          0          0          0          0          0
  pseudoobj        :       0.00       0.00      0          0          0          0          0          0          0          0          0          0
  symmetry         :       0.03       0.00      1          0          0          0          0          0          0          1          0          0
  vbounds          :       0.00       0.00      1          0          0          0          0          0          0          0          0          0
  varbound         :       0.02       0.00    257          0          0          0         58          0        961          0          0          0
  setppc           :       0.02       0.00    358          0          0          0          0          0          0          0          0          0
  linear           :       0.39       0.00    259         62         10          0       4584          0         90          0          0       2140
  orbitope         :       0.00       0.00      1          0          0          0          0          0          0          0          0          0
  logicor          :       0.00       0.00      0          0          0          0          0          0          0          0          0          0
  bounddisjunction :       0.00       0.00      0          0          0          0          0          0          0          0          0          0
  benders          :       0.00       0.00      0          0          0          0          0          0          0          0          0          0
  components       :       0.00       0.00      1          0          0          0          0          0          0          0          0          0
  root node        :          -          -      -          0          -          -          0          -          -          -          -          -
Constraints        :     Number  MaxNumber  #Separate #Propagate    #EnfoLP    #EnfoRelax  #EnfoPS    #Check   #ResProp    Cutoffs    DomReds       Cuts    Applied      Conss   Children
  benderslp        :          0          0          0          0          0          0          0         12          0          0          0          0          0          0          0
  integral         :          0          0          0          0          0          0          0         12          0          0          0          0          0          0          0
  varbound         :         20         20          0       5844          0          0          0          6         12          0          0          0          0          0          0
  setppc           :         10         10          0       5843          0          0          0          6        321          0          0          0          0          0          0
  linear           :       1091       1091          0       5845          0          0          0          1       1293        764          0          0          0          0          0
  orbitope         :          1          1          0         94          0          0          0          1          0          0          0          0          0          0          0
  logicor          :          0+         2          0          6          0          0          0          0          0          0          0          0          0          0          0
  bounddisjunction :          0+         1          0          3          0          0          0          0          0          0          0          0          0          0          0
  benders          :          0          0          0          0          0          0          0          2          0          0          0          0          0          0          0
  countsols        :          0          0          0          0          0          0          0          2          0          0          0          0          0          0          0
  components       :          0          0          0          0          0          0          0          0          0          0          0          0          0          0          0
Constraint Timings :  TotalTime  SetupTime   Separate  Propagate     EnfoLP     EnfoPS     EnfoRelax   Check    ResProp    SB-Prop
  benderslp        :       0.00       0.00       0.00       0.00       0.00       0.00       0.00       0.00       0.00       0.00
  integral         :       0.00       0.00       0.00       0.00       0.00       0.00       0.00       0.00       0.00       0.00
  varbound         :       0.15       0.00       0.00       0.15       0.00       0.00       0.00       0.00       0.00       0.00
  setppc           :       0.00       0.00       0.00       0.00       0.00       0.00       0.00       0.00       0.00       0.00
  linear           :       1.16       0.00       0.00       1.16       0.00       0.00       0.00       0.00       0.00       0.00
  orbitope         :       0.00       0.00       0.00       0.00       0.00       0.00       0.00       0.00       0.00       0.00
  logicor          :       0.00       0.00       0.00       0.00       0.00       0.00       0.00       0.00       0.00       0.00
  bounddisjunction :       0.00       0.00       0.00       0.00       0.00       0.00       0.00       0.00       0.00       0.00
  benders          :       0.00       0.00       0.00       0.00       0.00       0.00       0.00       0.00       0.00       0.00
  countsols        :       0.00       0.00       0.00       0.00       0.00       0.00       0.00       0.00       0.00       0.00
  components       :       0.00       0.00       0.00       0.00       0.00       0.00       0.00       0.00       0.00       0.00
Propagators        : #Propagate   #ResProp    Cutoffs    DomReds
  dualfix          :          1          0          0          0
  genvbounds       :          0          0          0          0
  nlobbt           :          0          0          0          0
  obbt             :          0          0          0          0
  probing          :          0          0          0          0
  pseudoobj        :          2          0          0          0
  redcost          :          1          0          0          0
  rootredcost      :          0          0          0          0
  symmetry         :          0          0          0          0
  vbounds          :         61          0          0          0
Propagator Timings :  TotalTime  SetupTime   Presolve  Propagate    ResProp    SB-Prop
  dualfix          :       0.02       0.00       0.02       0.00       0.00       0.00
  genvbounds       :       0.00       0.00       0.00       0.00       0.00       0.00
  nlobbt           :       0.00       0.00       0.00       0.00       0.00       0.00
  obbt             :       0.00       0.00       0.00       0.00       0.00       0.00
  probing          :       3.11       0.00       3.11       0.00       0.00       0.00
  pseudoobj        :       0.00       0.00       0.00       0.00       0.00       0.00
  redcost          :       0.00       0.00       0.00       0.00       0.00       0.00
  rootredcost      :       0.00       0.00       0.00       0.00       0.00       0.00
  symmetry         :       0.03       0.00       0.03       0.00       0.00       0.00
  vbounds          :       0.01       0.00       0.00       0.01       0.00       0.00
Orbital fixing     :
  vars fixed to 0  :          0
  vars fixed to 1  :          0
Conflict Analysis  :       Time      Calls    Success    DomReds  Conflicts   Literals    Reconvs ReconvLits   Dualrays   Nonzeros   LP Iters   (pool size: [10000,10000])
  propagation      :       0.00          1          1          -          3      110.0          0        0.0          -          -          -
  infeasible LP    :       0.00          1          0          -          0        0.0          0        0.0          0        0.0          0
  bound exceed. LP :       0.00          0          0          -          0        0.0          0        0.0          0        0.0          0
  strong branching :       0.00          0          0          -          0        0.0          0        0.0          -          -          0
  pseudo solution  :       0.00          0          0          -          0        0.0          0        0.0          -          -          -
  applied globally :       0.00          -          -          0          2        3.5          -          -          0          -          -
  applied locally  :          -          -          -          0          0        0.0          -          -          0          -          -
Separators         :   ExecTime  SetupTime      Calls    Cutoffs    DomReds       Cuts    Applied      Conss
  cut pool         :       0.00                     0          -          -          0          -          -    (maximal pool size: 0)
  aggregation      :       0.00       0.00          0          0          0          0          0          0
  > cmir           :          -          -          -          -          -          -          0          -
  > flowcover      :          -          -          -          -          -          -          0          -
  > knapsackcover  :          -          -          -          -          -          -          0          -
  cgmip            :       0.00       0.00          0          0          0          0          0          0
  clique           :       0.00       0.00          0          0          0          0          0          0
  closecuts        :       0.00       0.00          0          0          0          0          0          0
  convexproj       :       0.00       0.00          0          0          0          0          0          0
  disjunctive      :       0.00       0.00          0          0          0          0          0          0
  eccuts           :       0.00       0.00          0          0          0          0          0          0
  gauge            :       0.00       0.00          0          0          0          0          0          0
  gomory           :       0.00       0.00          0          0          0          0          0          0
  > gomorymi       :          -          -          -          -          -          -          0          -
  > strongcg       :          -          -          -          -          -          -          0          -
  impliedbounds    :       0.00       0.00          0          0          0          0          0          0
  interminor       :       0.00       0.00          0          0          0          0          0          0
  intobj           :       0.00       0.00          0          0          0          0          0          0
  mcf              :       0.00       0.00          0          0          0          0          0          0
  minor            :       0.00       0.00          0          0          0          0          0          0
  mixing           :       0.00       0.00          0          0          0          0          0          0
  oddcycle         :       0.00       0.00          0          0          0          0          0          0
  rapidlearning    :       0.00       0.00          0          0          0          0          0          0
  rlt              :       0.00       0.00          0          0          0          0          0          0
  zerohalf         :       0.00       0.00          0          0          0          0          0          0
Cutselectors       :   ExecTime  SetupTime
  hybrid           :       0.00       0.00
Pricers            :   ExecTime  SetupTime      Calls       Vars
  problem variables:       0.00          -          0          0
Branching Rules    :   ExecTime  SetupTime   BranchLP  BranchExt   BranchPS    Cutoffs    DomReds       Cuts      Conss   Children
  allfullstrong    :       0.00       0.00          0          0          0          0          0          0          0          0
  cloud            :       0.00       0.00          0          0          0          0          0          0          0          0
  distribution     :       0.00       0.00          0          0          0          0          0          0          0          0
  fullstrong       :       0.00       0.00          0          0          0          0          0          0          0          0
  inference        :       0.00       0.00          0          0          0          0          0          0          0          0
  leastinf         :       0.00       0.00          0          0          0          0          0          0          0          0
  lookahead        :       0.00       0.00          0          0          0          0          0          0          0          0
  mostinf          :       0.00       0.00          0          0          0          0          0          0          0          0
  multaggr         :       0.00       0.00          0          0          0          0          0          0          0          0
  nodereopt        :       0.00       0.00          0          0          0          0          0          0          0          0
  pscost           :       0.00       0.00          0          0          0          0          0          0          0          0
  random           :       0.00       0.00          0          0          0          0          0          0          0          0
  relpscost        :       0.00       0.00          0          0          0          0          0          0          0          0
  vanillafullstrong:       0.00       0.00          0          0          0          0          0          0          0          0
Primal Heuristics  :   ExecTime  SetupTime      Calls      Found       Best
  LP solutions     :       0.00          -          -          0          0
  relax solutions  :       0.00          -          -          0          0
  pseudo solutions :       0.00          -          -          0          0
  strong branching :       0.00          -          -          0          0
  actconsdiving    :       0.00       0.00          0          0          0
  adaptivediving   :       0.00       0.00          0          0          0
  alns             :       0.00       0.00          0          0          0
  bound            :       0.00       0.00          0          0          0
  clique           :       0.01       0.00          1          0          0
  coefdiving       :       0.00       0.00          0          0          0
  completesol      :       0.00       0.00          0          0          0
  conflictdiving   :       0.00       0.00          0          0          0
  crossover        :       0.00       0.00          0          0          0
  dins             :       0.00       0.00          0          0          0
  distributiondivin:       0.00       0.00          0          0          0
  dps              :       0.00       0.00          0          0          0
  dualval          :       0.00       0.00          0          0          0
  farkasdiving     :       0.00       0.00          0          0          0
  feaspump         :       0.00       0.00          0          0          0
  fixandinfer      :       0.00       0.00          0          0          0
  fracdiving       :       0.00       0.00          0          0          0
  gins             :       0.00       0.00          0          0          0
  guideddiving     :       0.00       0.00          0          0          0
  indicator        :       0.00       0.00          0          0          0
  intdiving        :       0.00       0.00          0          0          0
  intshifting      :       0.00       0.00          0          0          0
  linesearchdiving :       0.00       0.00          0          0          0
  localbranching   :       0.00       0.00          0          0          0
  locks            :       0.01       0.00          1          0          0
  lpface           :       0.00       0.00          0          0          0
  mpec             :       0.00       0.00          0          0          0
  multistart       :       0.00       0.00          0          0          0
  mutation         :       0.00       0.00          0          0          0
  nlpdiving        :       0.00       0.00          0          0          0
  objpscostdiving  :       0.00       0.00          0          0          0
  octane           :       0.00       0.00          0          0          0
  ofins            :       0.00       0.00          0          0          0
  oneopt           :       0.00       0.00          0          0          0
  padm             :       0.00       0.00          0          0          0
  proximity        :       0.00       0.00          0          0          0
  pscostdiving     :       0.00       0.00          0          0          0
  randrounding     :       0.00       0.00          1          0          0
  rens             :       0.00       0.00          0          0          0
  reoptsols        :       0.00       0.00          0          0          0
  repair           :       0.00       0.00          0          0          0
  rins             :       0.00       0.00          0          0          0
  rootsoldiving    :       0.00       0.00          0          0          0
  rounding         :       0.00       0.00          1          1          1
  shiftandpropagate:       0.01       0.00          1          0          0
  shifting         :       0.00       0.00          0          0          0
  simplerounding   :       0.00       0.00          0          0          0
  subnlp           :       0.00       0.00          0          0          0
  trivial          :       0.01       0.00          2          0          0
  trivialnegation  :       0.00       0.00          0          0          0
  trustregion      :       0.00       0.00          0          0          0
  trysol           :       0.00       0.00          0          0          0
  twoopt           :       0.00       0.00          0          0          0
  undercover       :       0.00       0.00          0          0          0
  vbounds          :       0.00       0.00          0          0          0
  veclendiving     :       0.00       0.00          0          0          0
  zeroobj          :       0.00       0.00          0          0          0
  zirounding       :       0.00       0.00          0          0          0
  other solutions  :          -          -          -          0          -
Diving (single)    :      Calls      Nodes   LP Iters Backtracks  Conflicts   MinDepth   MaxDepth   AvgDepth  RoundSols  NLeafSols  MinSolDpt  MaxSolDpt  AvgSolDpt
  actconsdiving    :          0          -          -          -          -          -          -          -          -          -          -          -          -
  coefdiving       :          0          -          -          -          -          -          -          -          -          -          -          -          -
  conflictdiving   :          0          -          -          -          -          -          -          -          -          -          -          -          -
  distributiondivin:          0          -          -          -          -          -          -          -          -          -          -          -          -
  farkasdiving     :          0          -          -          -          -          -          -          -          -          -          -          -          -
  fracdiving       :          0          -          -          -          -          -          -          -          -          -          -          -          -
  guideddiving     :          0          -          -          -          -          -          -          -          -          -          -          -          -
  linesearchdiving :          0          -          -          -          -          -          -          -          -          -          -          -          -
  pscostdiving     :          0          -          -          -          -          -          -          -          -          -          -          -          -
  veclendiving     :          0          -          -          -          -          -          -          -          -          -          -          -          -
Diving (adaptive)  :      Calls      Nodes   LP Iters Backtracks  Conflicts   MinDepth   MaxDepth   AvgDepth  RoundSols  NLeafSols  MinSolDpt  MaxSolDpt  AvgSolDpt
  actconsdiving    :          0          -          -          -          -          -          -          -          -          -          -          -          -
  coefdiving       :          0          -          -          -          -          -          -          -          -          -          -          -          -
  conflictdiving   :          0          -          -          -          -          -          -          -          -          -          -          -          -
  distributiondivin:          0          -          -          -          -          -          -          -          -          -          -          -          -
  farkasdiving     :          0          -          -          -          -          -          -          -          -          -          -          -          -
  fracdiving       :          0          -          -          -          -          -          -          -          -          -          -          -          -
  guideddiving     :          0          -          -          -          -          -          -          -          -          -          -          -          -
  linesearchdiving :          0          -          -          -          -          -          -          -          -          -          -          -          -
  pscostdiving     :          0          -          -          -          -          -          -          -          -          -          -          -          -
  veclendiving     :          0          -          -          -          -          -          -          -          -          -          -          -          -
Neighborhoods      :      Calls  SetupTime  SolveTime SolveNodes       Sols       Best       Exp3  EpsGreedy        UCB TgtFixRate  Opt  Inf Node Stal  Sol  Usr Othr Actv
  rens             :          0       0.00       0.00          0          0          0    0.00000   -1.00000    1.00000      0.900    0    0    0    0    0    0    0    1
  rins             :          0       0.00       0.00          0          0          0    0.00000   -1.00000    1.00000      0.900    0    0    0    0    0    0    0    1
  mutation         :          0       0.00       0.00          0          0          0    0.00000   -1.00000    1.00000      0.900    0    0    0    0    0    0    0    1
  localbranching   :          0       0.00       0.00          0          0          0    0.00000   -1.00000    1.00000      0.900    0    0    0    0    0    0    0    1
  crossover        :          0       0.00       0.00          0          0          0    0.00000   -1.00000    1.00000      0.900    0    0    0    0    0    0    0    1
  proximity        :          0       0.00       0.00          0          0          0    0.00000   -1.00000    1.00000      0.900    0    0    0    0    0    0    0    1
  zeroobjective    :          0       0.00       0.00          0          0          0    0.00000   -1.00000    1.00000      0.900    0    0    0    0    0    0    0    1
  dins             :          0       0.00       0.00          0          0          0    0.00000   -1.00000    1.00000      0.900    0    0    0    0    0    0    0    1
  trustregion      :          0       0.00       0.00          0          0          0    0.00000   -1.00000    1.00000      0.900    0    0    0    0    0    0    0    0
LP                 :       Time      Calls Iterations  Iter/call   Iter/sec  Time-0-It Calls-0-It    ItLimit
  primal LP        :       0.00          0          0       0.00          -       0.00          0
  dual LP          :       0.01          1        316     316.00   29033.44       0.00          0
  lex dual LP      :       0.00          0          0       0.00          -
  barrier LP       :       0.00          0          0       0.00          -       0.00          0
  resolve instable :       0.00          0          0       0.00          -
  diving/probing LP:       0.00          1          4       4.00          -
  strong branching :       0.00          0          0       0.00          -          -          -          0
    (at root node) :          -          0          0       0.00          -
  conflict analysis:       0.00          0          0       0.00          -
B&B Tree           :
  number of runs   :          1
  nodes            :          1 (0 internal, 1 leaves)
  feasible leaves  :          0
  infeas. leaves   :          0
  objective leaves :          1
  nodes (total)    :          1 (0 internal, 1 leaves)
  nodes left       :          0
  max depth        :          0
  max depth (total):          0
  backtracks       :          0 (0.0%)
  early backtracks :          0 (0.0%)
  nodes exc. ref.  :          0 (0.0%)
  delayed cutoffs  :          0
  repropagations   :          0 (0 domain reductions, 0 cutoffs)
  avg switch length:       2.00
  switching time   :       0.00
Estim. Tree Size   :          1
Estimation Tree    : 1 nodes (1 visited, 0 internal, 1 leaves, 0 open), weight: 1.0000 completed 1.0000
Estimations        :      estim      value      trend resolution     smooth
  wbe              :          1          -          -          -          -
  tree-profile     :         -1          -          -          -          -
  gap              :          1    1.00000    1.00000          1          1
  tree-weight      :          1    1.00000    1.00000          1          1
  leaf-frequency   :          1    0.50000    1.00000          1          1
  ssg              :          1    0.00000   -1.00000          1          1
  open-nodes       :          1    0.00000    0.00000          1          1
Root Node          :
  First LP value   : -3.16185216652506e+00
  First LP Iters   :        316 (25965.49 Iter/sec)
  First LP Time    :       0.01
  Final Dual Bound : -3.16185216652506e+00
  Final Root Iters :        316
  Root LP Estimate :                     -
Solution           :
  Solutions found  :          1 (1 improvements)
  First Solution   : -3.16185216652506e+00   (in run 1, after 1 nodes, 4.88 seconds, depth 0, found by <rounding>)
  Gap First Sol.   :       0.00 %
  Gap Last Sol.    :       0.00 %
  Primal Bound     : -3.16185216652506e+00   (in run 1, after 1 nodes, 4.88 seconds, depth 0, found by <rounding>)
  Dual Bound       : -3.16185216652506e+00
  Gap              :       0.00 %
Integrals          :      Total       Avg%
  primal-dual      :     487.77     100.00
  primal-ref       :          -          - (not evaluated)
  dual-ref         :          -          - (not evaluated)
