SCIP version 8.0.0 [precision: 8 byte] [memory: block] [mode: optimized] [LP solver: SoPlex 6.0.0] [GitHash: a740f0891e]
Copyright (C) 2002-2021 Konrad-Zuse-Zentrum fuer Informationstechnik Berlin (ZIB)

External libraries: 
  SoPlex 6.0.0         Linear Programming Solver developed at Zuse Institute Berlin (soplex.zib.de) [GitHash: 71a5873d]
  CppAD 20180000.0     Algorithmic Differentiation of C++ algorithms developed by B. Bell (github.com/coin-or/CppAD)
  ZLIB 1.2.11          General purpose compression library by J. Gailly and M. Adler (zlib.net)
  GMP 6.2.1            GNU Multiple Precision Arithmetic Library developed by T. Granlund (gmplib.org)
  ZIMPL 3.5.1          Zuse Institute Mathematical Programming Language developed by T. Koch (zimpl.zib.de)
  AMPL/MP 4e2d45c4     AMPL .nl file reader library (github.com/ampl/mp)
  PaPILO 2.0.0         parallel presolve for integer and linear optimization (github.com/scipopt/papilo) [GitHash: 76cafc1]
  bliss 0.73p          Computing Graph Automorphism Groups by T. Junttila and P. Kaski (www.tcs.hut.fi/Software/bliss/)
  Ipopt 3.13.2         Interior Point Optimizer developed by A. Waechter et.al. (github.com/coin-or/Ipopt)

user parameter file <scip.set> not found - using default parameters

read problem <../modeles/10_219.lp>
============

original problem has 4400 variables (2190 bin, 0 int, 0 impl, 2210 cont) and 2231 constraints

solve problem
=============

presolving:
(round 1, fast)       10 del vars, 0 del conss, 0 add conss, 4660 chg bounds, 0 chg sides, 0 chg coeffs, 0 upgd conss, 0 impls, 10 clqs
(round 2, fast)       10 del vars, 0 del conss, 0 add conss, 4660 chg bounds, 0 chg sides, 2180 chg coeffs, 0 upgd conss, 0 impls, 10 clqs
   (0.1s) running MILP presolver
   (0.1s) MILP presolver (2 rounds): 0 aggregations, 0 fixings, 40 bound changes
(round 3, medium)     10 del vars, 0 del conss, 0 add conss, 4700 chg bounds, 0 chg sides, 2180 chg coeffs, 0 upgd conss, 0 impls, 10 clqs
(round 4, exhaustive) 10 del vars, 0 del conss, 0 add conss, 4700 chg bounds, 0 chg sides, 2180 chg coeffs, 30 upgd conss, 0 impls, 10 clqs
   (0.1s) sparsify finished: 2/15370 (0.0%) nonzeros canceled - in total 2 canceled nonzeros, 220 changed coefficients, 0 added nonzeros
(round 5, exhaustive) 10 del vars, 0 del conss, 0 add conss, 4700 chg bounds, 0 chg sides, 2400 chg coeffs, 30 upgd conss, 20 impls, 10 clqs
(round 6, exhaustive) 35 del vars, 0 del conss, 0 add conss, 4700 chg bounds, 0 chg sides, 2400 chg coeffs, 30 upgd conss, 11356 impls, 10 clqs
(round 7, exhaustive) 35 del vars, 0 del conss, 0 add conss, 4700 chg bounds, 0 chg sides, 2400 chg coeffs, 80 upgd conss, 11356 impls, 10 clqs
(round 8, exhaustive) 60 del vars, 0 del conss, 0 add conss, 4700 chg bounds, 0 chg sides, 2400 chg coeffs, 80 upgd conss, 26224 impls, 26 clqs
(round 9, fast)       60 del vars, 2 del conss, 0 add conss, 4700 chg bounds, 0 chg sides, 2400 chg coeffs, 80 upgd conss, 26224 impls, 26 clqs
(round 10, exhaustive) 60 del vars, 2 del conss, 0 add conss, 4700 chg bounds, 0 chg sides, 2400 chg coeffs, 124 upgd conss, 26224 impls, 26 clqs
(round 11, exhaustive) 85 del vars, 2 del conss, 0 add conss, 4700 chg bounds, 0 chg sides, 2400 chg coeffs, 124 upgd conss, 37589 impls, 28 clqs
(round 12, fast)       86 del vars, 7 del conss, 0 add conss, 4701 chg bounds, 0 chg sides, 2400 chg coeffs, 124 upgd conss, 37589 impls, 28 clqs
(round 13, exhaustive) 86 del vars, 7 del conss, 0 add conss, 4701 chg bounds, 0 chg sides, 2400 chg coeffs, 160 upgd conss, 37589 impls, 28 clqs
(round 14, exhaustive) 111 del vars, 7 del conss, 0 add conss, 4701 chg bounds, 0 chg sides, 2400 chg coeffs, 160 upgd conss, 48486 impls, 58 clqs
(round 15, fast)       112 del vars, 11 del conss, 0 add conss, 4702 chg bounds, 0 chg sides, 2400 chg coeffs, 160 upgd conss, 48486 impls, 58 clqs
(round 16, exhaustive) 112 del vars, 11 del conss, 0 add conss, 4702 chg bounds, 0 chg sides, 2400 chg coeffs, 200 upgd conss, 48486 impls, 58 clqs
(round 17, exhaustive) 137 del vars, 11 del conss, 0 add conss, 4702 chg bounds, 0 chg sides, 2400 chg coeffs, 200 upgd conss, 58501 impls, 67 clqs
(round 18, fast)       138 del vars, 14 del conss, 0 add conss, 4703 chg bounds, 0 chg sides, 2400 chg coeffs, 200 upgd conss, 58501 impls, 67 clqs
(round 19, exhaustive) 138 del vars, 14 del conss, 0 add conss, 4703 chg bounds, 0 chg sides, 2400 chg coeffs, 239 upgd conss, 58501 impls, 67 clqs
(round 20, exhaustive) 165 del vars, 14 del conss, 0 add conss, 4703 chg bounds, 0 chg sides, 2400 chg coeffs, 239 upgd conss, 68511 impls, 80 clqs
(round 21, fast)       165 del vars, 20 del conss, 0 add conss, 4703 chg bounds, 0 chg sides, 2400 chg coeffs, 239 upgd conss, 68511 impls, 80 clqs
(round 22, exhaustive) 165 del vars, 20 del conss, 0 add conss, 4703 chg bounds, 0 chg sides, 2400 chg coeffs, 269 upgd conss, 68511 impls, 80 clqs
(round 23, exhaustive) 190 del vars, 20 del conss, 0 add conss, 4703 chg bounds, 0 chg sides, 2400 chg coeffs, 269 upgd conss, 77175 impls, 126 clqs
(round 24, fast)       190 del vars, 25 del conss, 0 add conss, 4703 chg bounds, 0 chg sides, 2400 chg coeffs, 269 upgd conss, 77175 impls, 126 clqs
(round 25, exhaustive) 190 del vars, 25 del conss, 0 add conss, 4703 chg bounds, 0 chg sides, 2400 chg coeffs, 299 upgd conss, 77175 impls, 126 clqs
(round 26, exhaustive) 215 del vars, 25 del conss, 0 add conss, 4703 chg bounds, 0 chg sides, 2400 chg coeffs, 299 upgd conss, 86011 impls, 135 clqs
(round 27, fast)       218 del vars, 34 del conss, 0 add conss, 4706 chg bounds, 0 chg sides, 2400 chg coeffs, 299 upgd conss, 86011 impls, 135 clqs
(round 28, exhaustive) 218 del vars, 34 del conss, 0 add conss, 4706 chg bounds, 0 chg sides, 2400 chg coeffs, 327 upgd conss, 86011 impls, 135 clqs
   (1.3s) sparsify finished: 2/14707 (0.0%) nonzeros canceled - in total 4 canceled nonzeros, 439 changed coefficients, 0 added nonzeros
(round 29, exhaustive) 218 del vars, 34 del conss, 0 add conss, 4706 chg bounds, 0 chg sides, 2619 chg coeffs, 327 upgd conss, 86039 impls, 135 clqs
(round 30, exhaustive) 243 del vars, 34 del conss, 0 add conss, 4706 chg bounds, 0 chg sides, 2619 chg coeffs, 327 upgd conss, 90108 impls, 145 clqs
(round 31, fast)       245 del vars, 43 del conss, 0 add conss, 4708 chg bounds, 0 chg sides, 2619 chg coeffs, 327 upgd conss, 90108 impls, 145 clqs
(round 32, exhaustive) 245 del vars, 43 del conss, 0 add conss, 4708 chg bounds, 0 chg sides, 2619 chg coeffs, 346 upgd conss, 90108 impls, 145 clqs
(round 33, exhaustive) 270 del vars, 43 del conss, 0 add conss, 4708 chg bounds, 0 chg sides, 2619 chg coeffs, 346 upgd conss, 100332 impls, 155 clqs
(round 34, fast)       271 del vars, 52 del conss, 0 add conss, 4709 chg bounds, 0 chg sides, 2619 chg coeffs, 346 upgd conss, 100332 impls, 155 clqs
(round 35, exhaustive) 271 del vars, 52 del conss, 0 add conss, 4709 chg bounds, 0 chg sides, 2619 chg coeffs, 371 upgd conss, 100332 impls, 155 clqs
(round 36, exhaustive) 296 del vars, 52 del conss, 0 add conss, 4709 chg bounds, 0 chg sides, 2619 chg coeffs, 371 upgd conss, 111585 impls, 174 clqs
(round 37, fast)       298 del vars, 61 del conss, 0 add conss, 4711 chg bounds, 0 chg sides, 2619 chg coeffs, 371 upgd conss, 111585 impls, 174 clqs
(round 38, exhaustive) 298 del vars, 61 del conss, 0 add conss, 4711 chg bounds, 0 chg sides, 2619 chg coeffs, 398 upgd conss, 111585 impls, 174 clqs
   (1.7s) sparsify finished: 2/14436 (0.0%) nonzeros canceled - in total 6 canceled nonzeros, 655 changed coefficients, 0 added nonzeros
(round 39, exhaustive) 298 del vars, 61 del conss, 0 add conss, 4711 chg bounds, 0 chg sides, 2835 chg coeffs, 398 upgd conss, 111612 impls, 174 clqs
(round 40, exhaustive) 323 del vars, 61 del conss, 0 add conss, 4711 chg bounds, 0 chg sides, 2835 chg coeffs, 398 upgd conss, 114992 impls, 177 clqs
(round 41, fast)       323 del vars, 71 del conss, 0 add conss, 4711 chg bounds, 0 chg sides, 2835 chg coeffs, 398 upgd conss, 114992 impls, 177 clqs
(round 42, exhaustive) 323 del vars, 71 del conss, 0 add conss, 4711 chg bounds, 0 chg sides, 2835 chg coeffs, 418 upgd conss, 114992 impls, 177 clqs
(round 43, exhaustive) 348 del vars, 71 del conss, 0 add conss, 4711 chg bounds, 0 chg sides, 2835 chg coeffs, 418 upgd conss, 124047 impls, 247 clqs
(round 44, fast)       349 del vars, 81 del conss, 0 add conss, 4712 chg bounds, 0 chg sides, 2835 chg coeffs, 418 upgd conss, 124047 impls, 247 clqs
(round 45, exhaustive) 349 del vars, 81 del conss, 0 add conss, 4712 chg bounds, 0 chg sides, 2835 chg coeffs, 440 upgd conss, 124047 impls, 247 clqs
(round 46, exhaustive) 374 del vars, 81 del conss, 0 add conss, 4712 chg bounds, 0 chg sides, 2835 chg coeffs, 440 upgd conss, 130108 impls, 261 clqs
(round 47, fast)       378 del vars, 95 del conss, 0 add conss, 4716 chg bounds, 0 chg sides, 2835 chg coeffs, 440 upgd conss, 130108 impls, 261 clqs
(round 48, exhaustive) 378 del vars, 95 del conss, 0 add conss, 4716 chg bounds, 0 chg sides, 2835 chg coeffs, 456 upgd conss, 130108 impls, 261 clqs
(round 49, exhaustive) 403 del vars, 95 del conss, 0 add conss, 4716 chg bounds, 0 chg sides, 2835 chg coeffs, 456 upgd conss, 138063 impls, 341 clqs
(round 50, fast)       403 del vars, 106 del conss, 0 add conss, 4716 chg bounds, 0 chg sides, 2835 chg coeffs, 456 upgd conss, 138063 impls, 341 clqs
(round 51, exhaustive) 403 del vars, 106 del conss, 0 add conss, 4716 chg bounds, 0 chg sides, 2835 chg coeffs, 473 upgd conss, 138063 impls, 341 clqs
(round 52, exhaustive) 428 del vars, 106 del conss, 0 add conss, 4716 chg bounds, 0 chg sides, 2835 chg coeffs, 473 upgd conss, 142026 impls, 351 clqs
(round 53, fast)       430 del vars, 118 del conss, 0 add conss, 4718 chg bounds, 0 chg sides, 2835 chg coeffs, 473 upgd conss, 142026 impls, 351 clqs
(round 54, exhaustive) 430 del vars, 118 del conss, 0 add conss, 4718 chg bounds, 0 chg sides, 2835 chg coeffs, 490 upgd conss, 142026 impls, 351 clqs
   (2.0s) probing: 1000/2190 (45.7%) - 417 fixings, 0 aggregations, 148333 implications, 0 bound changes
(round 55, exhaustive) 455 del vars, 118 del conss, 0 add conss, 4718 chg bounds, 0 chg sides, 2835 chg coeffs, 490 upgd conss, 150443 impls, 514 clqs
(round 56, fast)       456 del vars, 130 del conss, 0 add conss, 4719 chg bounds, 0 chg sides, 2835 chg coeffs, 490 upgd conss, 150443 impls, 514 clqs
(round 57, exhaustive) 456 del vars, 130 del conss, 0 add conss, 4719 chg bounds, 0 chg sides, 2835 chg coeffs, 506 upgd conss, 150443 impls, 514 clqs
(round 58, exhaustive) 483 del vars, 130 del conss, 0 add conss, 4719 chg bounds, 0 chg sides, 2835 chg coeffs, 506 upgd conss, 158605 impls, 764 clqs
(round 59, fast)       483 del vars, 143 del conss, 0 add conss, 4719 chg bounds, 0 chg sides, 2835 chg coeffs, 506 upgd conss, 158605 impls, 764 clqs
(round 60, exhaustive) 483 del vars, 143 del conss, 0 add conss, 4719 chg bounds, 0 chg sides, 2835 chg coeffs, 521 upgd conss, 158605 impls, 764 clqs
(round 61, exhaustive) 508 del vars, 143 del conss, 0 add conss, 4719 chg bounds, 0 chg sides, 2835 chg coeffs, 521 upgd conss, 164141 impls, 789 clqs
(round 62, fast)       509 del vars, 154 del conss, 0 add conss, 4720 chg bounds, 0 chg sides, 2835 chg coeffs, 521 upgd conss, 164141 impls, 789 clqs
(round 63, exhaustive) 509 del vars, 154 del conss, 0 add conss, 4720 chg bounds, 0 chg sides, 2835 chg coeffs, 540 upgd conss, 164141 impls, 789 clqs
   (2.2s) sparsify finished: 2/13708 (0.0%) nonzeros canceled - in total 8 canceled nonzeros, 864 changed coefficients, 0 added nonzeros
(round 64, exhaustive) 509 del vars, 154 del conss, 0 add conss, 4720 chg bounds, 0 chg sides, 3044 chg coeffs, 540 upgd conss, 164160 impls, 789 clqs
(round 65, exhaustive) 536 del vars, 154 del conss, 0 add conss, 4720 chg bounds, 0 chg sides, 3044 chg coeffs, 540 upgd conss, 170220 impls, 817 clqs
(round 66, fast)       536 del vars, 167 del conss, 0 add conss, 4720 chg bounds, 0 chg sides, 3044 chg coeffs, 540 upgd conss, 170220 impls, 817 clqs
(round 67, exhaustive) 536 del vars, 167 del conss, 0 add conss, 4720 chg bounds, 0 chg sides, 3044 chg coeffs, 554 upgd conss, 170220 impls, 817 clqs
(round 68, exhaustive) 561 del vars, 167 del conss, 0 add conss, 4720 chg bounds, 0 chg sides, 3044 chg coeffs, 554 upgd conss, 176629 impls, 933 clqs
(round 69, fast)       561 del vars, 180 del conss, 0 add conss, 4720 chg bounds, 0 chg sides, 3044 chg coeffs, 554 upgd conss, 176629 impls, 933 clqs
(round 70, exhaustive) 561 del vars, 180 del conss, 0 add conss, 4720 chg bounds, 0 chg sides, 3044 chg coeffs, 565 upgd conss, 176629 impls, 933 clqs
(round 71, exhaustive) 586 del vars, 180 del conss, 0 add conss, 4720 chg bounds, 0 chg sides, 3044 chg coeffs, 565 upgd conss, 183606 impls, 972 clqs
(round 72, fast)       588 del vars, 195 del conss, 0 add conss, 4722 chg bounds, 0 chg sides, 3044 chg coeffs, 565 upgd conss, 183606 impls, 972 clqs
(round 73, exhaustive) 588 del vars, 195 del conss, 0 add conss, 4722 chg bounds, 0 chg sides, 3044 chg coeffs, 574 upgd conss, 183606 impls, 972 clqs
(round 74, exhaustive) 613 del vars, 195 del conss, 0 add conss, 4722 chg bounds, 0 chg sides, 3044 chg coeffs, 574 upgd conss, 185978 impls, 990 clqs
(round 75, fast)       614 del vars, 210 del conss, 0 add conss, 4723 chg bounds, 0 chg sides, 3044 chg coeffs, 574 upgd conss, 185978 impls, 990 clqs
(round 76, exhaustive) 614 del vars, 210 del conss, 0 add conss, 4723 chg bounds, 0 chg sides, 3044 chg coeffs, 581 upgd conss, 185978 impls, 990 clqs
(round 77, exhaustive) 640 del vars, 210 del conss, 0 add conss, 4723 chg bounds, 0 chg sides, 3044 chg coeffs, 581 upgd conss, 194247 impls, 1037 clqs
(round 78, fast)       640 del vars, 224 del conss, 0 add conss, 4723 chg bounds, 0 chg sides, 3044 chg coeffs, 581 upgd conss, 194247 impls, 1037 clqs
(round 79, exhaustive) 640 del vars, 224 del conss, 0 add conss, 4723 chg bounds, 0 chg sides, 3044 chg coeffs, 590 upgd conss, 194247 impls, 1037 clqs
(round 80, exhaustive) 666 del vars, 224 del conss, 0 add conss, 4723 chg bounds, 0 chg sides, 3044 chg coeffs, 590 upgd conss, 199491 impls, 1064 clqs
(round 81, fast)       666 del vars, 239 del conss, 0 add conss, 4723 chg bounds, 0 chg sides, 3044 chg coeffs, 590 upgd conss, 199491 impls, 1064 clqs
(round 82, exhaustive) 666 del vars, 239 del conss, 0 add conss, 4723 chg bounds, 0 chg sides, 3044 chg coeffs, 597 upgd conss, 199491 impls, 1064 clqs
(round 83, exhaustive) 691 del vars, 239 del conss, 0 add conss, 4723 chg bounds, 0 chg sides, 3044 chg coeffs, 597 upgd conss, 201792 impls, 1080 clqs
(round 84, fast)       692 del vars, 255 del conss, 0 add conss, 4724 chg bounds, 0 chg sides, 3044 chg coeffs, 597 upgd conss, 201792 impls, 1080 clqs
   (2.6s) running MILP presolver
   (2.7s) MILP presolver found nothing
(round 85, exhaustive) 692 del vars, 255 del conss, 0 add conss, 4724 chg bounds, 0 chg sides, 3044 chg coeffs, 601 upgd conss, 201792 impls, 1080 clqs
(round 86, exhaustive) 717 del vars, 255 del conss, 0 add conss, 4724 chg bounds, 0 chg sides, 3044 chg coeffs, 601 upgd conss, 203705 impls, 1094 clqs
(round 87, fast)       717 del vars, 270 del conss, 0 add conss, 4724 chg bounds, 0 chg sides, 3044 chg coeffs, 601 upgd conss, 203705 impls, 1094 clqs
(round 88, exhaustive) 717 del vars, 270 del conss, 0 add conss, 4724 chg bounds, 0 chg sides, 3044 chg coeffs, 606 upgd conss, 203705 impls, 1094 clqs
   (2.7s) sparsify finished: 2/12966 (0.0%) nonzeros canceled - in total 10 canceled nonzeros, 1049 changed coefficients, 0 added nonzeros
(round 89, exhaustive) 717 del vars, 270 del conss, 0 add conss, 4724 chg bounds, 0 chg sides, 3229 chg coeffs, 606 upgd conss, 203710 impls, 1094 clqs
(round 90, exhaustive) 742 del vars, 270 del conss, 0 add conss, 4724 chg bounds, 0 chg sides, 3229 chg coeffs, 606 upgd conss, 208291 impls, 1120 clqs
(round 91, fast)       742 del vars, 285 del conss, 0 add conss, 4724 chg bounds, 0 chg sides, 3229 chg coeffs, 606 upgd conss, 208291 impls, 1120 clqs
(round 92, exhaustive) 742 del vars, 285 del conss, 0 add conss, 4724 chg bounds, 0 chg sides, 3229 chg coeffs, 611 upgd conss, 208291 impls, 1120 clqs
(round 93, exhaustive) 767 del vars, 285 del conss, 0 add conss, 4724 chg bounds, 0 chg sides, 3229 chg coeffs, 611 upgd conss, 213347 impls, 1144 clqs
(round 94, fast)       769 del vars, 302 del conss, 0 add conss, 4726 chg bounds, 0 chg sides, 3229 chg coeffs, 611 upgd conss, 213347 impls, 1144 clqs
(round 95, exhaustive) 769 del vars, 302 del conss, 0 add conss, 4726 chg bounds, 0 chg sides, 3229 chg coeffs, 614 upgd conss, 213347 impls, 1144 clqs
(round 96, exhaustive) 794 del vars, 302 del conss, 0 add conss, 4726 chg bounds, 0 chg sides, 3229 chg coeffs, 614 upgd conss, 220824 impls, 1402 clqs
(round 97, fast)       795 del vars, 317 del conss, 0 add conss, 4727 chg bounds, 0 chg sides, 3229 chg coeffs, 614 upgd conss, 220824 impls, 1402 clqs
(round 98, exhaustive) 795 del vars, 317 del conss, 0 add conss, 4727 chg bounds, 0 chg sides, 3229 chg coeffs, 621 upgd conss, 220824 impls, 1402 clqs
(round 99, exhaustive) 821 del vars, 317 del conss, 0 add conss, 4727 chg bounds, 0 chg sides, 3229 chg coeffs, 621 upgd conss, 227483 impls, 1444 clqs
(round 100, fast)       821 del vars, 332 del conss, 0 add conss, 4727 chg bounds, 0 chg sides, 3229 chg coeffs, 621 upgd conss, 227483 impls, 1444 clqs
(round 101, exhaustive) 821 del vars, 332 del conss, 0 add conss, 4727 chg bounds, 0 chg sides, 3229 chg coeffs, 627 upgd conss, 227483 impls, 1444 clqs
(round 102, exhaustive) 849 del vars, 332 del conss, 0 add conss, 4727 chg bounds, 0 chg sides, 3229 chg coeffs, 627 upgd conss, 232802 impls, 1480 clqs
(round 103, fast)       849 del vars, 349 del conss, 0 add conss, 4727 chg bounds, 0 chg sides, 3229 chg coeffs, 627 upgd conss, 232802 impls, 1480 clqs
(round 104, exhaustive) 849 del vars, 349 del conss, 0 add conss, 4727 chg bounds, 0 chg sides, 3229 chg coeffs, 632 upgd conss, 232802 impls, 1480 clqs
(round 105, exhaustive) 874 del vars, 349 del conss, 0 add conss, 4727 chg bounds, 0 chg sides, 3229 chg coeffs, 632 upgd conss, 238438 impls, 1637 clqs
(round 106, fast)       874 del vars, 364 del conss, 0 add conss, 4727 chg bounds, 0 chg sides, 3229 chg coeffs, 632 upgd conss, 238438 impls, 1637 clqs
(round 107, exhaustive) 874 del vars, 364 del conss, 0 add conss, 4727 chg bounds, 0 chg sides, 3229 chg coeffs, 637 upgd conss, 238438 impls, 1637 clqs
(round 108, exhaustive) 900 del vars, 364 del conss, 0 add conss, 4727 chg bounds, 0 chg sides, 3229 chg coeffs, 637 upgd conss, 242050 impls, 1669 clqs
(round 109, fast)       900 del vars, 379 del conss, 0 add conss, 4727 chg bounds, 0 chg sides, 3229 chg coeffs, 637 upgd conss, 242050 impls, 1669 clqs
(round 110, exhaustive) 900 del vars, 379 del conss, 0 add conss, 4727 chg bounds, 0 chg sides, 3229 chg coeffs, 640 upgd conss, 242050 impls, 1669 clqs
(round 111, exhaustive) 925 del vars, 379 del conss, 0 add conss, 4727 chg bounds, 0 chg sides, 3229 chg coeffs, 640 upgd conss, 247140 impls, 1708 clqs
(round 112, fast)       926 del vars, 395 del conss, 0 add conss, 4728 chg bounds, 0 chg sides, 3229 chg coeffs, 640 upgd conss, 247140 impls, 1708 clqs
(round 113, exhaustive) 926 del vars, 395 del conss, 0 add conss, 4728 chg bounds, 0 chg sides, 3229 chg coeffs, 644 upgd conss, 247140 impls, 1708 clqs
(round 114, exhaustive) 951 del vars, 395 del conss, 0 add conss, 4728 chg bounds, 0 chg sides, 3229 chg coeffs, 644 upgd conss, 251212 impls, 1741 clqs
(round 115, fast)       951 del vars, 410 del conss, 0 add conss, 4728 chg bounds, 0 chg sides, 3229 chg coeffs, 644 upgd conss, 251212 impls, 1741 clqs
(round 116, exhaustive) 951 del vars, 410 del conss, 0 add conss, 4728 chg bounds, 0 chg sides, 3229 chg coeffs, 649 upgd conss, 251212 impls, 1741 clqs
(round 117, exhaustive) 976 del vars, 410 del conss, 0 add conss, 4728 chg bounds, 0 chg sides, 3229 chg coeffs, 649 upgd conss, 253806 impls, 1764 clqs
(round 118, fast)       978 del vars, 427 del conss, 0 add conss, 4730 chg bounds, 0 chg sides, 3229 chg coeffs, 649 upgd conss, 253806 impls, 1764 clqs
(round 119, exhaustive) 978 del vars, 427 del conss, 0 add conss, 4730 chg bounds, 0 chg sides, 3229 chg coeffs, 652 upgd conss, 253806 impls, 1764 clqs
(round 120, exhaustive) 1004 del vars, 427 del conss, 0 add conss, 4730 chg bounds, 0 chg sides, 3229 chg coeffs, 652 upgd conss, 259160 impls, 1804 clqs
(round 121, fast)       1004 del vars, 442 del conss, 0 add conss, 4730 chg bounds, 0 chg sides, 3229 chg coeffs, 652 upgd conss, 259160 impls, 1804 clqs
(round 122, exhaustive) 1004 del vars, 442 del conss, 0 add conss, 4730 chg bounds, 0 chg sides, 3229 chg coeffs, 659 upgd conss, 259160 impls, 1804 clqs
(round 123, exhaustive) 1029 del vars, 442 del conss, 0 add conss, 4730 chg bounds, 0 chg sides, 3229 chg coeffs, 659 upgd conss, 263855 impls, 1837 clqs
(round 124, fast)       1035 del vars, 462 del conss, 0 add conss, 4736 chg bounds, 0 chg sides, 3229 chg coeffs, 659 upgd conss, 263855 impls, 1837 clqs
(round 125, exhaustive) 1035 del vars, 462 del conss, 0 add conss, 4736 chg bounds, 0 chg sides, 3229 chg coeffs, 661 upgd conss, 263855 impls, 1837 clqs
(round 126, exhaustive) 1060 del vars, 462 del conss, 0 add conss, 4736 chg bounds, 0 chg sides, 3229 chg coeffs, 661 upgd conss, 268301 impls, 1871 clqs
(round 127, fast)       1062 del vars, 479 del conss, 0 add conss, 4738 chg bounds, 0 chg sides, 3229 chg coeffs, 661 upgd conss, 268301 impls, 1871 clqs
(round 128, exhaustive) 1062 del vars, 479 del conss, 0 add conss, 4738 chg bounds, 0 chg sides, 3229 chg coeffs, 664 upgd conss, 268301 impls, 1871 clqs
(round 129, exhaustive) 1087 del vars, 479 del conss, 0 add conss, 4738 chg bounds, 0 chg sides, 3229 chg coeffs, 664 upgd conss, 272731 impls, 1906 clqs
(round 130, fast)       1087 del vars, 494 del conss, 0 add conss, 4738 chg bounds, 0 chg sides, 3229 chg coeffs, 664 upgd conss, 272731 impls, 1906 clqs
(round 131, exhaustive) 1112 del vars, 494 del conss, 0 add conss, 4738 chg bounds, 0 chg sides, 3229 chg coeffs, 665 upgd conss, 277395 impls, 1942 clqs
(round 132, fast)       1112 del vars, 510 del conss, 0 add conss, 4738 chg bounds, 0 chg sides, 3229 chg coeffs, 665 upgd conss, 277396 impls, 1942 clqs
(round 133, exhaustive) 1112 del vars, 510 del conss, 0 add conss, 4738 chg bounds, 0 chg sides, 3229 chg coeffs, 667 upgd conss, 277396 impls, 1942 clqs
   (3.7s) sparsify finished: 2/11537 (0.0%) nonzeros canceled - in total 12 canceled nonzeros, 1214 changed coefficients, 0 added nonzeros
(round 134, exhaustive) 1112 del vars, 510 del conss, 0 add conss, 4738 chg bounds, 0 chg sides, 3394 chg coeffs, 667 upgd conss, 277398 impls, 1942 clqs
(round 135, exhaustive) 1137 del vars, 510 del conss, 0 add conss, 4738 chg bounds, 0 chg sides, 3394 chg coeffs, 667 upgd conss, 279175 impls, 1952 clqs
(round 136, fast)       1139 del vars, 528 del conss, 0 add conss, 4740 chg bounds, 0 chg sides, 3394 chg coeffs, 667 upgd conss, 279175 impls, 1952 clqs
   (3.8s) probing: 2000/2190 (91.3%) - 1105 fixings, 0 aggregations, 279988 implications, 0 bound changes
(round 137, exhaustive) 1165 del vars, 528 del conss, 0 add conss, 4740 chg bounds, 0 chg sides, 3394 chg coeffs, 667 upgd conss, 284430 impls, 1996 clqs
(round 138, fast)       1165 del vars, 544 del conss, 0 add conss, 4740 chg bounds, 0 chg sides, 3394 chg coeffs, 667 upgd conss, 284430 impls, 1996 clqs
(round 139, exhaustive) 1165 del vars, 544 del conss, 0 add conss, 4740 chg bounds, 0 chg sides, 3394 chg coeffs, 671 upgd conss, 284430 impls, 1996 clqs
(round 140, exhaustive) 1190 del vars, 544 del conss, 0 add conss, 4740 chg bounds, 0 chg sides, 3394 chg coeffs, 671 upgd conss, 288795 impls, 2163 clqs
(round 141, fast)       1194 del vars, 563 del conss, 0 add conss, 4744 chg bounds, 0 chg sides, 3394 chg coeffs, 671 upgd conss, 288795 impls, 2163 clqs
   (3.9s) running MILP presolver
   (3.9s) MILP presolver found nothing
(round 142, exhaustive) 1220 del vars, 563 del conss, 0 add conss, 4744 chg bounds, 0 chg sides, 3394 chg coeffs, 672 upgd conss, 293792 impls, 2207 clqs
(round 143, fast)       1220 del vars, 580 del conss, 0 add conss, 4744 chg bounds, 0 chg sides, 3394 chg coeffs, 672 upgd conss, 293793 impls, 2207 clqs
(round 144, exhaustive) 1245 del vars, 580 del conss, 0 add conss, 4744 chg bounds, 0 chg sides, 3394 chg coeffs, 672 upgd conss, 296646 impls, 2529 clqs
(round 145, fast)       1249 del vars, 599 del conss, 0 add conss, 4748 chg bounds, 0 chg sides, 3394 chg coeffs, 672 upgd conss, 296646 impls, 2529 clqs
(round 146, exhaustive) 1277 del vars, 599 del conss, 0 add conss, 4748 chg bounds, 0 chg sides, 3394 chg coeffs, 673 upgd conss, 299004 impls, 2705 clqs
(round 147, fast)       1277 del vars, 617 del conss, 0 add conss, 4748 chg bounds, 0 chg sides, 3394 chg coeffs, 673 upgd conss, 299004 impls, 2705 clqs
(round 148, exhaustive) 1277 del vars, 617 del conss, 0 add conss, 4748 chg bounds, 0 chg sides, 3394 chg coeffs, 675 upgd conss, 299004 impls, 2705 clqs
(round 149, exhaustive) 1302 del vars, 617 del conss, 0 add conss, 4748 chg bounds, 0 chg sides, 3394 chg coeffs, 675 upgd conss, 302728 impls, 2753 clqs
(round 150, fast)       1304 del vars, 635 del conss, 0 add conss, 4750 chg bounds, 0 chg sides, 3394 chg coeffs, 675 upgd conss, 302728 impls, 2753 clqs
   (4.0s) probing cycle finished: starting next cycle
   (4.1s) probing: 51/1537 (3.3%) - 1247 fixings, 0 aggregations, 302219 implications, 0 bound changes
   (4.1s) probing aborted: 50/50 successive totally useless probings
(round 151, exhaustive) 1307 del vars, 635 del conss, 0 add conss, 4750 chg bounds, 0 chg sides, 3394 chg coeffs, 675 upgd conss, 302882 impls, 2755 clqs
(round 152, fast)       1307 del vars, 637 del conss, 0 add conss, 4750 chg bounds, 0 chg sides, 3394 chg coeffs, 675 upgd conss, 302882 impls, 2755 clqs
   (4.1s) probing: 56/1537 (3.6%) - 1247 fixings, 0 aggregations, 302219 implications, 0 bound changes
   (4.1s) probing aborted: 50/50 successive totally useless probings
   (4.1s) symmetry computation started: requiring (bin +, int -, cont +), (fixed: bin -, int +, cont -)
   (4.1s) symmetry computation finished: 3 generators found (max: 1500, log10 of symmetry group size: 1.4)
presolving (153 rounds: 153 fast, 102 medium, 101 exhaustive):
 1307 deleted vars, 637 deleted constraints, 1 added constraints, 4750 tightened bounds, 0 added holes, 0 changed sides, 3394 changed coefficients
 302882 implications, 2755 cliques
presolved problem has 3093 variables (1537 bin, 0 int, 0 impl, 1556 cont) and 1588 constraints
     38 constraints of type <varbound>
     10 constraints of type <setppc>
   1539 constraints of type <linear>
      1 constraints of type <orbitope>
Presolving Time: 4.10

 time | node  | left  |LP iter|LP it/n|mem/heur|mdpt |vars |cons |rows |cuts |sepa|confs|strbr|  dualbound   | primalbound  |  gap   | compl. 
  4.2s|     1 |     0 |    98 |     - |   103M |   0 |3093 |1589 |1587 |   0 |  0 |   0 |   0 |-3.161463e+00 |      --      |    Inf | unknown
r 4.2s|     1 |     0 |    98 |     - |randroun|   0 |3093 |1589 |1587 |   0 |  0 |   0 |   0 |-3.161463e+00 |-3.161463e+00 |   0.00%| unknown
  4.2s|     1 |     0 |    98 |     - |   103M |   0 |3093 |1589 |1587 |   0 |  0 |   0 |   0 |-3.161463e+00 |-3.161463e+00 |   0.00%| unknown

SCIP Status        : problem is solved [optimal solution found]
Solving Time (sec) : 4.19
Solving Nodes      : 1
Primal Bound       : -3.16146253021757e+00 (1 solutions)
Dual Bound         : -3.16146253021757e+00
Gap                : 0.00 %

primal solution (original space):
=================================

objective value:                    -3.16146253021757
y_2,92_                                             1 	(obj:0)
y_6,92_                                             1 	(obj:0)
y_1,93_                                             1 	(obj:0)
y_3,93_                                             1 	(obj:0)
y_4,93_                                             1 	(obj:0)
y_5,93_                                             1 	(obj:0)
y_7,93_                                             1 	(obj:0)
y_8,93_                                             1 	(obj:0)
y_9,93_                                             1 	(obj:0)
y_10,93_                                            1 	(obj:0)
x_5_                               -0.319634703196347 	(obj:1)
t_1,93_                                           0.5 	(obj:0)
t_6,93_                                             1 	(obj:0)
x_6_                               -0.319634703196347 	(obj:1)
x_10_                              -0.310502283105023 	(obj:1)
t_4,94_                                           0.5 	(obj:0)
t_7,93_                                             1 	(obj:0)
x_2_                               -0.319634703196347 	(obj:1)
t_2,93_                                             1 	(obj:0)
x_7_                               -0.319634703196347 	(obj:1)
t_1,94_                                           0.5 	(obj:0)
t_8,93_                             0.590073529411688 	(obj:0)
t_8,94_                             0.409926470588312 	(obj:0)
t_3,93_                                             1 	(obj:0)
x_8_                               -0.312147461724415 	(obj:1)
t_9,93_                                             1 	(obj:0)
t_4,93_                                           0.5 	(obj:0)
x_4_                               -0.310502283105023 	(obj:1)
x_9_                               -0.319634703196347 	(obj:1)
x_1_                               -0.310502283105023 	(obj:1)
t_5,93_                                             1 	(obj:0)
t_10,93_                                          0.5 	(obj:0)
t_10,94_                                          0.5 	(obj:0)
x_3_                               -0.319634703196347 	(obj:1)

Statistics
==========

SCIP Status        : problem is solved [optimal solution found]
Total Time         :       4.21
  solving          :       4.19
  presolving       :       4.10 (included in solving)
  reading          :       0.02
  copying          :       0.00 (0 times copied the problem)
Original Problem   :
  Problem name     : ../modeles/10_219.lp
  Variables        : 4400 (2190 binary, 0 integer, 0 implicit integer, 2210 continuous)
  Constraints      : 2231 initial, 2231 maximal
  Objective        : minimize, 10 non-zeros (abs.min = 1, abs.max = 1)
Presolved Problem  :
  Problem name     : t_../modeles/10_219.lp
  Variables        : 3093 (1537 binary, 0 integer, 0 implicit integer, 1556 continuous)
  Constraints      : 1588 initial, 1589 maximal
  Objective        : minimize, 1556 non-zeros (abs.min = 0.00913242, abs.max = 1.41553)
  Nonzeros         : 11443 constraint, 7027 clique table
Presolvers         :   ExecTime  SetupTime  Calls  FixedVars   AggrVars   ChgTypes  ChgBounds   AddHoles    DelCons    AddCons   ChgSides   ChgCoefs
  boundshift       :       0.00       0.00      0          0          0          0          0          0          0          0          0          0
  convertinttobin  :       0.00       0.00      0          0          0          0          0          0          0          0          0          0
  domcol           :       0.50       0.00     57          0          0          0          0          0          0          0          0          0
  dualagg          :       0.00       0.00      0          0          0          0          0          0          0          0          0          0
  dualcomp         :       0.15       0.00     57          0          0          0          0          0          0          0          0          0
  dualinfer        :       0.00       0.00      0          0          0          0          0          0          0          0          0          0
  dualsparsify     :       0.00       0.00      1          0          0          0          0          0          0          0          0          0
  gateextraction   :       0.00       0.00      0          0          0          0          0          0          0          0          0          0
  implics          :       0.01       0.00    102          0          0          0          0          0          0          0          0          0
  inttobinary      :       0.00       0.00      0          0          0          0          0          0          0          0          0          0
  milp             :       0.07       0.00      3          0          0          0         40          0          0          0          0          0
  qpkktref         :       0.00       0.00      0          0          0          0          0          0          0          0          0          0
  redvub           :       0.00       0.00      0          0          0          0          0          0          0          0          0          0
  sparsify         :       0.46       0.00     19          0          0          0          0          0          0          0          0       1214
  stuffing         :       0.00       0.00      0          0          0          0          0          0          0          0          0          0
  trivial          :       0.02       0.00    153          0          0          0          0          0          0          0          0          0
  tworowbnd        :       0.00       0.00      0          0          0          0          0          0          0          0          0          0
  dualfix          :       0.02       0.00    153          0          0          0          0          0          0          0          0          0
  genvbounds       :       0.00       0.00      0          0          0          0          0          0          0          0          0          0
  probing          :       2.30       0.00     51       1247          0          0          0          0          0          0          0          0
  pseudoobj        :       0.00       0.00      0          0          0          0          0          0          0          0          0          0
  symmetry         :       0.02       0.00      1          0          0          0          0          0          0          1          0          0
  vbounds          :       0.01       0.00     21          0          0          0          0          0          0          0          0          0
  varbound         :       0.02       0.00    249          0          0          0         47          0        627          0          0          0
  setppc           :       0.03       0.00    349          0          0          0          0          0          0          0          0          0
  linear           :       0.44       0.00    254         50         10          0       4663          0         10          0          0       2180
  orbitope         :       0.00       0.00      0          0          0          0          0          0          0          0          0          0
  logicor          :       0.00       0.00      0          0          0          0          0          0          0          0          0          0
  benders          :       0.00       0.00      0          0          0          0          0          0          0          0          0          0
  components       :       0.00       0.00      1          0          0          0          0          0          0          0          0          0
  root node        :          -          -      -          0          -          -          0          -          -          -          -          -
Constraints        :     Number  MaxNumber  #Separate #Propagate    #EnfoLP    #EnfoRelax  #EnfoPS    #Check   #ResProp    Cutoffs    DomReds       Cuts    Applied      Conss   Children
  benderslp        :          0          0          0          0          0          0          0         11          0          0          0          0          0          0          0
  integral         :          0          0          0          0          0          0          0         11          0          0          0          0          0          0          0
  varbound         :         38         38          0       6198          0          0          0          5          0          0          0          0          0          0          0
  setppc           :         10         10          0       6198          0          0          0          5          0          0          0          0          0          0          0
  linear           :       1539       1539          0       6198          0          0          0          1          0        683          0          0          0          0          0
  orbitope         :          1          1          0        118          0          0          0          1          0          0          0          0          0          0          0
  logicor          :          0+         1          0          6          0          0          0          0          0          0          0          0          0          0          0
  benders          :          0          0          0          0          0          0          0          2          0          0          0          0          0          0          0
  countsols        :          0          0          0          0          0          0          0          2          0          0          0          0          0          0          0
  components       :          0          0          0          0          0          0          0          0          0          0          0          0          0          0          0
Constraint Timings :  TotalTime  SetupTime   Separate  Propagate     EnfoLP     EnfoPS     EnfoRelax   Check    ResProp    SB-Prop
  benderslp        :       0.00       0.00       0.00       0.00       0.00       0.00       0.00       0.00       0.00       0.00
  integral         :       0.00       0.00       0.00       0.00       0.00       0.00       0.00       0.00       0.00       0.00
  varbound         :       0.09       0.00       0.00       0.09       0.00       0.00       0.00       0.00       0.00       0.00
  setppc           :       0.01       0.00       0.00       0.01       0.00       0.00       0.00       0.00       0.00       0.00
  linear           :       0.49       0.00       0.00       0.48       0.00       0.00       0.00       0.00       0.00       0.00
  orbitope         :       0.00       0.00       0.00       0.00       0.00       0.00       0.00       0.00       0.00       0.00
  logicor          :       0.00       0.00       0.00       0.00       0.00       0.00       0.00       0.00       0.00       0.00
  benders          :       0.00       0.00       0.00       0.00       0.00       0.00       0.00       0.00       0.00       0.00
  countsols        :       0.00       0.00       0.00       0.00       0.00       0.00       0.00       0.00       0.00       0.00
  components       :       0.00       0.00       0.00       0.00       0.00       0.00       0.00       0.00       0.00       0.00
Propagators        : #Propagate   #ResProp    Cutoffs    DomReds
  dualfix          :          1          0          0          0
  genvbounds       :          0          0          0          0
  nlobbt           :          0          0          0          0
  obbt             :          0          0          0          0
  probing          :          0          0          0          0
  pseudoobj        :          2          0          0          0
  redcost          :          1          0          0          0
  rootredcost      :          0          0          0          0
  symmetry         :          0          0          0          0
  vbounds          :         96          0          0          0
Propagator Timings :  TotalTime  SetupTime   Presolve  Propagate    ResProp    SB-Prop
  dualfix          :       0.02       0.00       0.02       0.00       0.00       0.00
  genvbounds       :       0.00       0.00       0.00       0.00       0.00       0.00
  nlobbt           :       0.00       0.00       0.00       0.00       0.00       0.00
  obbt             :       0.00       0.00       0.00       0.00       0.00       0.00
  probing          :       2.30       0.00       2.30       0.00       0.00       0.00
  pseudoobj        :       0.01       0.00       0.00       0.01       0.00       0.00
  redcost          :       0.00       0.00       0.00       0.00       0.00       0.00
  rootredcost      :       0.00       0.00       0.00       0.00       0.00       0.00
  symmetry         :       0.02       0.00       0.02       0.00       0.00       0.00
  vbounds          :       0.04       0.00       0.01       0.03       0.00       0.00
Orbital fixing     :
  vars fixed to 0  :          0
  vars fixed to 1  :          0
Conflict Analysis  :       Time      Calls    Success    DomReds  Conflicts   Literals    Reconvs ReconvLits   Dualrays   Nonzeros   LP Iters   (pool size: [10000,10000])
  propagation      :       0.00          0          0          -          0        0.0          0        0.0          -          -          -
  infeasible LP    :       0.00          0          0          -          0        0.0          0        0.0          0        0.0          0
  bound exceed. LP :       0.00          0          0          -          0        0.0          0        0.0          0        0.0          0
  strong branching :       0.00          0          0          -          0        0.0          0        0.0          -          -          0
  pseudo solution  :       0.00          0          0          -          0        0.0          0        0.0          -          -          -
  applied globally :       0.00          -          -          0          0        0.0          -          -          0          -          -
  applied locally  :          -          -          -          0          0        0.0          -          -          0          -          -
Separators         :   ExecTime  SetupTime      Calls    Cutoffs    DomReds       Cuts    Applied      Conss
  cut pool         :       0.00                     0          -          -          0          -          -    (maximal pool size: 0)
  aggregation      :       0.00       0.00          0          0          0          0          0          0
  > cmir           :          -          -          -          -          -          -          0          -
  > flowcover      :          -          -          -          -          -          -          0          -
  > knapsackcover  :          -          -          -          -          -          -          0          -
  cgmip            :       0.00       0.00          0          0          0          0          0          0
  clique           :       0.00       0.00          0          0          0          0          0          0
  closecuts        :       0.00       0.00          0          0          0          0          0          0
  convexproj       :       0.00       0.00          0          0          0          0          0          0
  disjunctive      :       0.00       0.00          0          0          0          0          0          0
  eccuts           :       0.00       0.00          0          0          0          0          0          0
  gauge            :       0.00       0.00          0          0          0          0          0          0
  gomory           :       0.00       0.00          0          0          0          0          0          0
  > gomorymi       :          -          -          -          -          -          -          0          -
  > strongcg       :          -          -          -          -          -          -          0          -
  impliedbounds    :       0.00       0.00          0          0          0          0          0          0
  interminor       :       0.00       0.00          0          0          0          0          0          0
  intobj           :       0.00       0.00          0          0          0          0          0          0
  mcf              :       0.00       0.00          0          0          0          0          0          0
  minor            :       0.00       0.00          0          0          0          0          0          0
  mixing           :       0.00       0.00          0          0          0          0          0          0
  oddcycle         :       0.00       0.00          0          0          0          0          0          0
  rapidlearning    :       0.00       0.00          0          0          0          0          0          0
  rlt              :       0.00       0.00          0          0          0          0          0          0
  zerohalf         :       0.00       0.00          0          0          0          0          0          0
Cutselectors       :   ExecTime  SetupTime
  hybrid           :       0.00       0.00
Pricers            :   ExecTime  SetupTime      Calls       Vars
  problem variables:       0.00          -          0          0
Branching Rules    :   ExecTime  SetupTime   BranchLP  BranchExt   BranchPS    Cutoffs    DomReds       Cuts      Conss   Children
  allfullstrong    :       0.00       0.00          0          0          0          0          0          0          0          0
  cloud            :       0.00       0.00          0          0          0          0          0          0          0          0
  distribution     :       0.00       0.00          0          0          0          0          0          0          0          0
  fullstrong       :       0.00       0.00          0          0          0          0          0          0          0          0
  inference        :       0.00       0.00          0          0          0          0          0          0          0          0
  leastinf         :       0.00       0.00          0          0          0          0          0          0          0          0
  lookahead        :       0.00       0.00          0          0          0          0          0          0          0          0
  mostinf          :       0.00       0.00          0          0          0          0          0          0          0          0
  multaggr         :       0.00       0.00          0          0          0          0          0          0          0          0
  nodereopt        :       0.00       0.00          0          0          0          0          0          0          0          0
  pscost           :       0.00       0.00          0          0          0          0          0          0          0          0
  random           :       0.00       0.00          0          0          0          0          0          0          0          0
  relpscost        :       0.00       0.00          0          0          0          0          0          0          0          0
  vanillafullstrong:       0.00       0.00          0          0          0          0          0          0          0          0
Primal Heuristics  :   ExecTime  SetupTime      Calls      Found       Best
  LP solutions     :       0.00          -          -          0          0
  relax solutions  :       0.00          -          -          0          0
  pseudo solutions :       0.00          -          -          0          0
  strong branching :       0.00          -          -          0          0
  actconsdiving    :       0.00       0.00          0          0          0
  adaptivediving   :       0.00       0.00          0          0          0
  alns             :       0.00       0.00          0          0          0
  bound            :       0.00       0.00          0          0          0
  clique           :       0.02       0.00          1          0          0
  coefdiving       :       0.00       0.00          0          0          0
  completesol      :       0.00       0.00          0          0          0
  conflictdiving   :       0.00       0.00          0          0          0
  crossover        :       0.00       0.00          0          0          0
  dins             :       0.00       0.00          0          0          0
  distributiondivin:       0.00       0.00          0          0          0
  dps              :       0.00       0.00          0          0          0
  dualval          :       0.00       0.00          0          0          0
  farkasdiving     :       0.00       0.00          0          0          0
  feaspump         :       0.00       0.00          0          0          0
  fixandinfer      :       0.00       0.00          0          0          0
  fracdiving       :       0.00       0.00          0          0          0
  gins             :       0.00       0.00          0          0          0
  guideddiving     :       0.00       0.00          0          0          0
  indicator        :       0.00       0.00          0          0          0
  intdiving        :       0.00       0.00          0          0          0
  intshifting      :       0.00       0.00          0          0          0
  linesearchdiving :       0.00       0.00          0          0          0
  localbranching   :       0.00       0.00          0          0          0
  locks            :       0.01       0.00          1          0          0
  lpface           :       0.00       0.00          0          0          0
  mpec             :       0.00       0.00          0          0          0
  multistart       :       0.00       0.00          0          0          0
  mutation         :       0.00       0.00          0          0          0
  nlpdiving        :       0.00       0.00          0          0          0
  objpscostdiving  :       0.00       0.00          0          0          0
  octane           :       0.00       0.00          0          0          0
  ofins            :       0.00       0.00          0          0          0
  oneopt           :       0.00       0.00          0          0          0
  padm             :       0.00       0.00          0          0          0
  proximity        :       0.00       0.00          0          0          0
  pscostdiving     :       0.00       0.00          0          0          0
  randrounding     :       0.00       0.00          1          1          1
  rens             :       0.00       0.00          0          0          0
  reoptsols        :       0.00       0.00          0          0          0
  repair           :       0.00       0.00          0          0          0
  rins             :       0.00       0.00          0          0          0
  rootsoldiving    :       0.00       0.00          0          0          0
  rounding         :       0.00       0.00          0          0          0
  shiftandpropagate:       0.01       0.00          1          0          0
  shifting         :       0.00       0.00          0          0          0
  simplerounding   :       0.00       0.00          0          0          0
  subnlp           :       0.00       0.00          0          0          0
  trivial          :       0.02       0.00          2          0          0
  trivialnegation  :       0.00       0.00          0          0          0
  trustregion      :       0.00       0.00          0          0          0
  trysol           :       0.00       0.00          0          0          0
  twoopt           :       0.00       0.00          0          0          0
  undercover       :       0.00       0.00          0          0          0
  vbounds          :       0.00       0.00          0          0          0
  veclendiving     :       0.00       0.00          0          0          0
  zeroobj          :       0.00       0.00          0          0          0
  zirounding       :       0.00       0.00          0          0          0
  other solutions  :          -          -          -          0          -
Diving (single)    :      Calls      Nodes   LP Iters Backtracks  Conflicts   MinDepth   MaxDepth   AvgDepth  RoundSols  NLeafSols  MinSolDpt  MaxSolDpt  AvgSolDpt
  actconsdiving    :          0          -          -          -          -          -          -          -          -          -          -          -          -
  coefdiving       :          0          -          -          -          -          -          -          -          -          -          -          -          -
  conflictdiving   :          0          -          -          -          -          -          -          -          -          -          -          -          -
  distributiondivin:          0          -          -          -          -          -          -          -          -          -          -          -          -
  farkasdiving     :          0          -          -          -          -          -          -          -          -          -          -          -          -
  fracdiving       :          0          -          -          -          -          -          -          -          -          -          -          -          -
  guideddiving     :          0          -          -          -          -          -          -          -          -          -          -          -          -
  linesearchdiving :          0          -          -          -          -          -          -          -          -          -          -          -          -
  pscostdiving     :          0          -          -          -          -          -          -          -          -          -          -          -          -
  veclendiving     :          0          -          -          -          -          -          -          -          -          -          -          -          -
Diving (adaptive)  :      Calls      Nodes   LP Iters Backtracks  Conflicts   MinDepth   MaxDepth   AvgDepth  RoundSols  NLeafSols  MinSolDpt  MaxSolDpt  AvgSolDpt
  actconsdiving    :          0          -          -          -          -          -          -          -          -          -          -          -          -
  coefdiving       :          0          -          -          -          -          -          -          -          -          -          -          -          -
  conflictdiving   :          0          -          -          -          -          -          -          -          -          -          -          -          -
  distributiondivin:          0          -          -          -          -          -          -          -          -          -          -          -          -
  farkasdiving     :          0          -          -          -          -          -          -          -          -          -          -          -          -
  fracdiving       :          0          -          -          -          -          -          -          -          -          -          -          -          -
  guideddiving     :          0          -          -          -          -          -          -          -          -          -          -          -          -
  linesearchdiving :          0          -          -          -          -          -          -          -          -          -          -          -          -
  pscostdiving     :          0          -          -          -          -          -          -          -          -          -          -          -          -
  veclendiving     :          0          -          -          -          -          -          -          -          -          -          -          -          -
Neighborhoods      :      Calls  SetupTime  SolveTime SolveNodes       Sols       Best       Exp3  EpsGreedy        UCB TgtFixRate  Opt  Inf Node Stal  Sol  Usr Othr Actv
  rens             :          0       0.00       0.00          0          0          0    0.00000   -1.00000    1.00000      0.900    0    0    0    0    0    0    0    1
  rins             :          0       0.00       0.00          0          0          0    0.00000   -1.00000    1.00000      0.900    0    0    0    0    0    0    0    1
  mutation         :          0       0.00       0.00          0          0          0    0.00000   -1.00000    1.00000      0.900    0    0    0    0    0    0    0    1
  localbranching   :          0       0.00       0.00          0          0          0    0.00000   -1.00000    1.00000      0.900    0    0    0    0    0    0    0    1
  crossover        :          0       0.00       0.00          0          0          0    0.00000   -1.00000    1.00000      0.900    0    0    0    0    0    0    0    1
  proximity        :          0       0.00       0.00          0          0          0    0.00000   -1.00000    1.00000      0.900    0    0    0    0    0    0    0    1
  zeroobjective    :          0       0.00       0.00          0          0          0    0.00000   -1.00000    1.00000      0.900    0    0    0    0    0    0    0    1
  dins             :          0       0.00       0.00          0          0          0    0.00000   -1.00000    1.00000      0.900    0    0    0    0    0    0    0    1
  trustregion      :          0       0.00       0.00          0          0          0    0.00000   -1.00000    1.00000      0.900    0    0    0    0    0    0    0    0
LP                 :       Time      Calls Iterations  Iter/call   Iter/sec  Time-0-It Calls-0-It    ItLimit
  primal LP        :       0.00          0          0       0.00          -       0.00          0
  dual LP          :       0.01          1         98      98.00          -       0.00          0
  lex dual LP      :       0.00          0          0       0.00          -
  barrier LP       :       0.00          0          0       0.00          -       0.00          0
  resolve instable :       0.00          0          0       0.00          -
  diving/probing LP:       0.00          0          0       0.00          -
  strong branching :       0.00          0          0       0.00          -          -          -          0
    (at root node) :          -          0          0       0.00          -
  conflict analysis:       0.00          0          0       0.00          -
B&B Tree           :
  number of runs   :          1
  nodes            :          1 (0 internal, 1 leaves)
  feasible leaves  :          0
  infeas. leaves   :          0
  objective leaves :          1
  nodes (total)    :          1 (0 internal, 1 leaves)
  nodes left       :          0
  max depth        :          0
  max depth (total):          0
  backtracks       :          0 (0.0%)
  early backtracks :          0 (0.0%)
  nodes exc. ref.  :          0 (0.0%)
  delayed cutoffs  :          0
  repropagations   :          0 (0 domain reductions, 0 cutoffs)
  avg switch length:       2.00
  switching time   :       0.00
Estim. Tree Size   :          1
Estimation Tree    : 1 nodes (1 visited, 0 internal, 1 leaves, 0 open), weight: 1.0000 completed 1.0000
Estimations        :      estim      value      trend resolution     smooth
  wbe              :          1          -          -          -          -
  tree-profile     :         -1          -          -          -          -
  gap              :          1    1.00000    1.00000          1          1
  tree-weight      :          1    1.00000    1.00000          1          1
  leaf-frequency   :          1    0.50000    1.00000          1          1
  ssg              :          1    0.00000   -1.00000          1          1
  open-nodes       :          1    0.00000    0.00000          1          1
Root Node          :
  First LP value   : -3.16146253021757e+00
  First LP Iters   :         98 (16993.24 Iter/sec)
  First LP Time    :       0.01
  Final Dual Bound : -3.16146253021757e+00
  Final Root Iters :         98
  Root LP Estimate :                     -
Solution           :
  Solutions found  :          1 (1 improvements)
  First Solution   : -3.16146253021757e+00   (in run 1, after 1 nodes, 4.19 seconds, depth 6, found by <randrounding>)
  Gap First Sol.   :       0.00 %
  Gap Last Sol.    :       0.00 %
  Primal Bound     : -3.16146253021757e+00   (in run 1, after 1 nodes, 4.19 seconds, depth 6, found by <randrounding>)
  Dual Bound       : -3.16146253021757e+00
  Gap              :       0.00 %
Integrals          :      Total       Avg%
  primal-dual      :     419.23      99.97
  primal-ref       :          -          - (not evaluated)
  dual-ref         :          -          - (not evaluated)
