SCIP version 8.0.0 [precision: 8 byte] [memory: block] [mode: optimized] [LP solver: SoPlex 6.0.0] [GitHash: a740f0891e]
Copyright (C) 2002-2021 Konrad-Zuse-Zentrum fuer Informationstechnik Berlin (ZIB)

External libraries: 
  SoPlex 6.0.0         Linear Programming Solver developed at Zuse Institute Berlin (soplex.zib.de) [GitHash: 71a5873d]
  CppAD 20180000.0     Algorithmic Differentiation of C++ algorithms developed by B. Bell (github.com/coin-or/CppAD)
  ZLIB 1.2.11          General purpose compression library by J. Gailly and M. Adler (zlib.net)
  GMP 6.2.1            GNU Multiple Precision Arithmetic Library developed by T. Granlund (gmplib.org)
  ZIMPL 3.5.1          Zuse Institute Mathematical Programming Language developed by T. Koch (zimpl.zib.de)
  AMPL/MP 4e2d45c4     AMPL .nl file reader library (github.com/ampl/mp)
  PaPILO 2.0.0         parallel presolve for integer and linear optimization (github.com/scipopt/papilo) [GitHash: 76cafc1]
  bliss 0.73p          Computing Graph Automorphism Groups by T. Junttila and P. Kaski (www.tcs.hut.fi/Software/bliss/)
  Ipopt 3.13.2         Interior Point Optimizer developed by A. Waechter et.al. (github.com/coin-or/Ipopt)

user parameter file <scip.set> not found - using default parameters

read problem <../modeles/10_24.lp>
============

original problem has 500 variables (240 bin, 0 int, 0 impl, 260 cont) and 281 constraints

solve problem
=============

presolving:
(round 1, fast)       10 del vars, 0 del conss, 0 add conss, 520 chg bounds, 0 chg sides, 0 chg coeffs, 0 upgd conss, 0 impls, 10 clqs
(round 2, fast)       10 del vars, 0 del conss, 0 add conss, 520 chg bounds, 0 chg sides, 220 chg coeffs, 0 upgd conss, 0 impls, 10 clqs
   (0.0s) running MILP presolver
   (0.0s) MILP presolver (2 rounds): 0 aggregations, 24 fixings, 0 bound changes
(round 3, medium)     34 del vars, 0 del conss, 0 add conss, 520 chg bounds, 0 chg sides, 220 chg coeffs, 0 upgd conss, 0 impls, 10 clqs
(round 4, fast)       34 del vars, 12 del conss, 0 add conss, 520 chg bounds, 0 chg sides, 220 chg coeffs, 0 upgd conss, 0 impls, 10 clqs
(round 5, exhaustive) 34 del vars, 12 del conss, 0 add conss, 520 chg bounds, 0 chg sides, 220 chg coeffs, 30 upgd conss, 0 impls, 10 clqs
(round 6, exhaustive) 59 del vars, 12 del conss, 0 add conss, 520 chg bounds, 0 chg sides, 220 chg coeffs, 30 upgd conss, 1732 impls, 174 clqs
(round 7, fast)       60 del vars, 15 del conss, 0 add conss, 521 chg bounds, 0 chg sides, 220 chg coeffs, 30 upgd conss, 1732 impls, 174 clqs
(round 8, exhaustive) 60 del vars, 15 del conss, 0 add conss, 521 chg bounds, 0 chg sides, 220 chg coeffs, 56 upgd conss, 1732 impls, 174 clqs
(round 9, exhaustive) 85 del vars, 15 del conss, 0 add conss, 522 chg bounds, 0 chg sides, 220 chg coeffs, 56 upgd conss, 2414 impls, 324 clqs
(round 10, fast)       86 del vars, 26 del conss, 0 add conss, 523 chg bounds, 0 chg sides, 221 chg coeffs, 56 upgd conss, 2414 impls, 324 clqs
(round 11, exhaustive) 86 del vars, 26 del conss, 0 add conss, 523 chg bounds, 0 chg sides, 221 chg coeffs, 74 upgd conss, 2414 impls, 324 clqs
(round 12, exhaustive) 113 del vars, 26 del conss, 0 add conss, 523 chg bounds, 0 chg sides, 221 chg coeffs, 74 upgd conss, 3052 impls, 545 clqs
(round 13, fast)       113 del vars, 38 del conss, 0 add conss, 523 chg bounds, 0 chg sides, 221 chg coeffs, 74 upgd conss, 3052 impls, 545 clqs
   (0.1s) running MILP presolver
   (0.1s) MILP presolver (6 rounds): 0 aggregations, 97 fixings, 0 bound changes
(round 14, medium)     210 del vars, 73 del conss, 0 add conss, 523 chg bounds, 0 chg sides, 221 chg coeffs, 74 upgd conss, 3052 impls, 545 clqs
(round 15, fast)       210 del vars, 95 del conss, 0 add conss, 523 chg bounds, 0 chg sides, 221 chg coeffs, 74 upgd conss, 3052 impls, 545 clqs
(round 16, exhaustive) 210 del vars, 95 del conss, 0 add conss, 523 chg bounds, 0 chg sides, 221 chg coeffs, 89 upgd conss, 3052 impls, 545 clqs
(round 17, medium)     210 del vars, 95 del conss, 0 add conss, 531 chg bounds, 0 chg sides, 221 chg coeffs, 89 upgd conss, 3067 impls, 545 clqs
(round 18, fast)       210 del vars, 95 del conss, 0 add conss, 531 chg bounds, 0 chg sides, 229 chg coeffs, 89 upgd conss, 3067 impls, 545 clqs
   (0.1s) probing cycle finished: starting next cycle
(round 19, exhaustive) 210 del vars, 95 del conss, 0 add conss, 542 chg bounds, 0 chg sides, 229 chg coeffs, 89 upgd conss, 6678 impls, 1650 clqs
(round 20, fast)       210 del vars, 95 del conss, 0 add conss, 542 chg bounds, 0 chg sides, 240 chg coeffs, 89 upgd conss, 6678 impls, 1650 clqs
   (0.1s) probing cycle finished: starting next cycle
   (0.1s) probing: 50/140 (35.7%) - 77 fixings, 0 aggregations, 8124 implications, 11 bound changes
   (0.1s) probing aborted: 50/50 successive totally useless probings
   (0.1s) symmetry computation started: requiring (bin +, int -, cont +), (fixed: bin -, int +, cont -)
   (0.1s) symmetry computation finished: 9 generators found (max: 1500, log10 of symmetry group size: 6.6)
(round 21, exhaustive) 210 del vars, 95 del conss, 1 add conss, 542 chg bounds, 0 chg sides, 240 chg coeffs, 89 upgd conss, 6814 impls, 1650 clqs
presolving (22 rounds: 22 fast, 13 medium, 10 exhaustive):
 210 deleted vars, 95 deleted constraints, 1 added constraints, 542 tightened bounds, 0 added holes, 0 changed sides, 240 changed coefficients
 6814 implications, 1650 cliques
presolved problem has 290 variables (140 bin, 0 int, 0 impl, 150 cont) and 182 constraints
     20 constraints of type <varbound>
     10 constraints of type <setppc>
    151 constraints of type <linear>
      1 constraints of type <orbitope>
Presolving Time: 0.15

 time | node  | left  |LP iter|LP it/n|mem/heur|mdpt |vars |cons |rows |cuts |sepa|confs|strbr|  dualbound   | primalbound  |  gap   | compl. 
p 0.2s|     1 |     0 |    16 |     - |   locks|   0 | 290 | 182 | 181 |   0 |  0 |   0 |   0 |-3.500208e+01 |-1.000000e+00 |3400.21%| unknown
  0.2s|     1 |     0 |    72 |     - |    11M |   0 | 290 | 182 | 181 |   0 |  0 |   0 |   0 |-3.111111e+00 |-1.000000e+00 | 211.11%| unknown
  0.2s|     1 |     0 |    72 |     - |    11M |   0 | 290 | 182 | 181 |   0 |  0 |   0 |   0 |-3.111111e+00 |-1.000000e+00 | 211.11%| unknown
  0.2s|     1 |     0 |    77 |     - |    11M |   0 | 290 | 182 | 173 |   2 |  1 |   0 |   0 |-3.111111e+00 |-1.000000e+00 | 211.11%| unknown
  0.2s|     1 |     0 |    86 |     - |    11M |   0 | 290 | 182 | 182 |  11 |  2 |   0 |   0 |-3.111111e+00 |-1.000000e+00 | 211.11%| unknown
  0.2s|     1 |     0 |    89 |     - |    11M |   0 | 290 | 182 | 184 |  13 |  3 |   0 |   0 |-3.111111e+00 |-1.000000e+00 | 211.11%| unknown
  0.2s|     1 |     0 |    96 |     - |    11M |   0 | 290 | 182 | 187 |  16 |  4 |   0 |   0 |-3.111111e+00 |-1.000000e+00 | 211.11%| unknown
  0.2s|     1 |     0 |   108 |     - |    11M |   0 | 290 | 182 | 188 |  17 |  5 |   0 |   0 |-3.111111e+00 |-1.000000e+00 | 211.11%| unknown
  0.2s|     1 |     0 |   110 |     - |    11M |   0 | 290 | 182 | 190 |  19 |  6 |   0 |   0 |-3.111111e+00 |-1.000000e+00 | 211.11%| unknown
r 0.2s|     1 |     0 |   110 |     - |randroun|   0 | 290 | 182 | 190 |   0 |  6 |   0 |   0 |-3.111111e+00 |-3.111111e+00 |   0.00%| unknown
  0.2s|     1 |     0 |   110 |     - |    11M |   0 | 290 | 182 | 190 |  19 |  6 |   0 |   0 |-3.111111e+00 |-3.111111e+00 |   0.00%| unknown

SCIP Status        : problem is solved [optimal solution found]
Solving Time (sec) : 0.18
Solving Nodes      : 1
Primal Bound       : -3.11111111111111e+00 (2 solutions)
Dual Bound         : -3.11111111111111e+00
Gap                : 0.00 %

primal solution (original space):
=================================

objective value:                    -3.11111111111111
y_6,10_                                             1 	(obj:0)
y_7,10_                                             1 	(obj:0)
y_1,11_                                             1 	(obj:0)
y_2,11_                                             1 	(obj:0)
y_3,11_                                             1 	(obj:0)
y_4,11_                                             1 	(obj:0)
y_5,11_                                             1 	(obj:0)
y_9,11_                                             1 	(obj:0)
y_10,11_                                            1 	(obj:0)
y_8,12_                                             1 	(obj:0)
x_2_                               -0.324826213047785 	(obj:1)
x_5_                               -0.324826213047785 	(obj:1)
t_6,11_                                             1 	(obj:0)
t_1,12_                            0.0781197247668818 	(obj:0)
x_6_                               -0.333333333333333 	(obj:1)
t_7,11_                                             1 	(obj:0)
t_2,12_                            0.0510427217132876 	(obj:0)
x_7_                               -0.333333333333333 	(obj:1)
t_1,11_                             0.921880275233118 	(obj:0)
t_3,12_                            0.0510427217132876 	(obj:0)
t_8,12_                                             1 	(obj:0)
x_1_                                -0.32031337920552 	(obj:1)
t_5,11_                             0.948957278286712 	(obj:0)
x_8_                               -0.166666666666667 	(obj:1)
t_2,11_                             0.948957278286712 	(obj:0)
t_9,11_                             0.948957278286712 	(obj:0)
t_9,12_                            0.0510427217132876 	(obj:0)
t_4,11_                                             1 	(obj:0)
x_4_                               -0.333333333333333 	(obj:1)
x_10_                              -0.324826213047785 	(obj:1)
x_9_                               -0.324826213047785 	(obj:1)
t_10,11_                            0.948957278286712 	(obj:0)
t_10,12_                           0.0510427217132876 	(obj:0)
t_3,11_                             0.948957278286712 	(obj:0)
x_3_                               -0.324826213047785 	(obj:1)
t_5,12_                            0.0510427217132876 	(obj:0)

Statistics
==========

SCIP Status        : problem is solved [optimal solution found]
Total Time         :       0.19
  solving          :       0.18
  presolving       :       0.15 (included in solving)
  reading          :       0.00
  copying          :       0.00 (0 times copied the problem)
Original Problem   :
  Problem name     : ../modeles/10_24.lp
  Variables        : 500 (240 binary, 0 integer, 0 implicit integer, 260 continuous)
  Constraints      : 281 initial, 281 maximal
  Objective        : minimize, 10 non-zeros (abs.min = 1, abs.max = 1)
Presolved Problem  :
  Problem name     : t_../modeles/10_24.lp
  Variables        : 290 (140 binary, 0 integer, 0 implicit integer, 150 continuous)
  Constraints      : 182 initial, 182 maximal
  Objective        : minimize, 140 non-zeros (abs.min = 0.166667, abs.max = 1.16667)
  Nonzeros         : 1140 constraint, 1752 clique table
Presolvers         :   ExecTime  SetupTime  Calls  FixedVars   AggrVars   ChgTypes  ChgBounds   AddHoles    DelCons    AddCons   ChgSides   ChgCoefs
  boundshift       :       0.00       0.00      0          0          0          0          0          0          0          0          0          0
  convertinttobin  :       0.00       0.00      0          0          0          0          0          0          0          0          0          0
  domcol           :       0.00       0.00      6          0          0          0          0          0          0          0          0          0
  dualagg          :       0.00       0.00      0          0          0          0          0          0          0          0          0          0
  dualcomp         :       0.00       0.00      6          0          0          0          0          0          0          0          0          0
  dualinfer        :       0.00       0.00      0          0          0          0          0          0          0          0          0          0
  dualsparsify     :       0.00       0.00      1          0          0          0          0          0          0          0          0          0
  gateextraction   :       0.00       0.00      0          0          0          0          0          0          0          0          0          0
  implics          :       0.00       0.00     13          0          0          0          9          0          0          0          0          0
  inttobinary      :       0.00       0.00      0          0          0          0          0          0          0          0          0          0
  milp             :       0.01       0.00      2        121          0          0          0          0          0          0          0          0
  qpkktref         :       0.00       0.00      0          0          0          0          0          0          0          0          0          0
  redvub           :       0.00       0.00      0          0          0          0          0          0          0          0          0          0
  sparsify         :       0.00       0.00      2          0          0          0          0          0          0          0          0          0
  stuffing         :       0.00       0.00      0          0          0          0          0          0          0          0          0          0
  trivial          :       0.00       0.00     22          0          0          0          0          0          0          0          0          0
  tworowbnd        :       0.00       0.00      0          0          0          0          0          0          0          0          0          0
  dualfix          :       0.00       0.00     22          0          0          0          0          0          0          0          0          0
  genvbounds       :       0.00       0.00      0          0          0          0          0          0          0          0          0          0
  probing          :       0.12       0.00      5         77          0          0         11          0          0          0          0          0
  pseudoobj        :       0.00       0.00      0          0          0          0          0          0          0          0          0          0
  symmetry         :       0.00       0.00      1          0          0          0          0          0          0          1          0          0
  vbounds          :       0.00       0.00      5          0          0          0          0          0          0          0          0          0
  varbound         :       0.00       0.00     28          0          0          0          0          0         59          0          0         20
  setppc           :       0.00       0.00     37          0          0          0          0          0          0          0          0          0
  linear           :       0.01       0.00     32          2         10          0        522          0         36          0          0        220
  orbitope         :       0.00       0.00      1          0          0          0          0          0          0          0          0          0
  benders          :       0.00       0.00      0          0          0          0          0          0          0          0          0          0
  components       :       0.00       0.00      1          0          0          0          0          0          0          0          0          0
  root node        :          -          -      -         10          -          -         20          -          -          -          -          -
Constraints        :     Number  MaxNumber  #Separate #Propagate    #EnfoLP    #EnfoRelax  #EnfoPS    #Check   #ResProp    Cutoffs    DomReds       Cuts    Applied      Conss   Children
  benderslp        :          0          0          0          0          0          0          0         16          0          0          0          0          0          0          0
  integral         :          0          0          0          0          0          0          0         16          0          0          0          0          0          0          0
  varbound         :         20         20          6       1886          0          0          0         10          0          0         10          0          0          0          0
  setppc           :         10         10          6       1886          0          0          0         10          0          0          0          0          0          0          0
  linear           :        151        151          6       1887          0          0          0          5          0        115          0          4          0          0          0
  orbitope         :          1          1          0        234          0          0          0          2          0          0          0          0          0          0          0
  benders          :          0          0          0          0          0          0          0          3          0          0          0          0          0          0          0
  countsols        :          0          0          0          0          0          0          0          3          0          0          0          0          0          0          0
  components       :          0          0          0          0          0          0          0          0          0          0          0          0          0          0          0
Constraint Timings :  TotalTime  SetupTime   Separate  Propagate     EnfoLP     EnfoPS     EnfoRelax   Check    ResProp    SB-Prop
  benderslp        :       0.00       0.00       0.00       0.00       0.00       0.00       0.00       0.00       0.00       0.00
  integral         :       0.00       0.00       0.00       0.00       0.00       0.00       0.00       0.00       0.00       0.00
  varbound         :       0.00       0.00       0.00       0.00       0.00       0.00       0.00       0.00       0.00       0.00
  setppc           :       0.00       0.00       0.00       0.00       0.00       0.00       0.00       0.00       0.00       0.00
  linear           :       0.05       0.00       0.00       0.05       0.00       0.00       0.00       0.00       0.00       0.00
  orbitope         :       0.00       0.00       0.00       0.00       0.00       0.00       0.00       0.00       0.00       0.00
  benders          :       0.00       0.00       0.00       0.00       0.00       0.00       0.00       0.00       0.00       0.00
  countsols        :       0.00       0.00       0.00       0.00       0.00       0.00       0.00       0.00       0.00       0.00
  components       :       0.00       0.00       0.00       0.00       0.00       0.00       0.00       0.00       0.00       0.00
Propagators        : #Propagate   #ResProp    Cutoffs    DomReds
  dualfix          :          2          0          0          0
  genvbounds       :          0          0          0          0
  nlobbt           :          0          0          0          0
  obbt             :          0          0          0          0
  probing          :          0          0          0          0
  pseudoobj        :         11          0          0          0
  redcost          :          8          0          0         10
  rootredcost      :          0          0          0          0
  symmetry         :          0          0          0          0
  vbounds          :        228          0          0          0
Propagator Timings :  TotalTime  SetupTime   Presolve  Propagate    ResProp    SB-Prop
  dualfix          :       0.00       0.00       0.00       0.00       0.00       0.00
  genvbounds       :       0.00       0.00       0.00       0.00       0.00       0.00
  nlobbt           :       0.00       0.00       0.00       0.00       0.00       0.00
  obbt             :       0.00       0.00       0.00       0.00       0.00       0.00
  probing          :       0.12       0.00       0.12       0.00       0.00       0.00
  pseudoobj        :       0.00       0.00       0.00       0.00       0.00       0.00
  redcost          :       0.00       0.00       0.00       0.00       0.00       0.00
  rootredcost      :       0.00       0.00       0.00       0.00       0.00       0.00
  symmetry         :       0.00       0.00       0.00       0.00       0.00       0.00
  vbounds          :       0.00       0.00       0.00       0.00       0.00       0.00
Orbital fixing     :
  vars fixed to 0  :          0
  vars fixed to 1  :          0
Conflict Analysis  :       Time      Calls    Success    DomReds  Conflicts   Literals    Reconvs ReconvLits   Dualrays   Nonzeros   LP Iters   (pool size: [--,--])
  propagation      :       0.00          0          0          -          0        0.0          0        0.0          -          -          -
  infeasible LP    :       0.00          0          0          -          0        0.0          0        0.0          0        0.0          0
  bound exceed. LP :       0.00          0          0          -          0        0.0          0        0.0          0        0.0          0
  strong branching :       0.00          0          0          -          0        0.0          0        0.0          -          -          0
  pseudo solution  :       0.00          0          0          -          0        0.0          0        0.0          -          -          -
  applied globally :       0.00          -          -          0          0        0.0          -          -          0          -          -
  applied locally  :          -          -          -          0          0        0.0          -          -          0          -          -
Separators         :   ExecTime  SetupTime      Calls    Cutoffs    DomReds       Cuts    Applied      Conss
  cut pool         :       0.00                    11          -          -        254          -          -    (maximal pool size: 338)
  aggregation      :       0.01       0.00          6          0          0         96          8          0
  > cmir           :          -          -          -          -          -          -          8          -
  > flowcover      :          -          -          -          -          -          -          0          -
  > knapsackcover  :          -          -          -          -          -          -          0          -
  cgmip            :       0.00       0.00          0          0          0          0          0          0
  clique           :       0.00       0.00          6          0          0         12          0          0
  closecuts        :       0.00       0.00          0          0          0          0          0          0
  convexproj       :       0.00       0.00          0          0          0          0          0          0
  disjunctive      :       0.00       0.00          0          0          0          0          0          0
  eccuts           :       0.00       0.00          0          0          0          0          0          0
  gauge            :       0.00       0.00          0          0          0          0          0          0
  gomory           :       0.00       0.00          6          0          0         34          3          0
  > gomorymi       :          -          -          -          -          -          -          3          -
  > strongcg       :          -          -          -          -          -          -          0          -
  impliedbounds    :       0.00       0.00          6          0          0        192          7          0
  interminor       :       0.00       0.00          0          0          0          0          0          0
  intobj           :       0.00       0.00          0          0          0          0          0          0
  mcf              :       0.00       0.00          1          0          0          0          0          0
  minor            :       0.00       0.00          0          0          0          0          0          0
  mixing           :       0.00       0.00          6          0          0          2          1          0
  oddcycle         :       0.00       0.00          0          0          0          0          0          0
  rapidlearning    :       0.00       0.00          0          0          0          0          0          0
  rlt              :       0.00       0.00          6          0          0          0          0          0
  zerohalf         :       0.00       0.00          6          0          0          2          0          0
Cutselectors       :   ExecTime  SetupTime
  hybrid           :       0.00       0.00
Pricers            :   ExecTime  SetupTime      Calls       Vars
  problem variables:       0.00          -          0          0
Branching Rules    :   ExecTime  SetupTime   BranchLP  BranchExt   BranchPS    Cutoffs    DomReds       Cuts      Conss   Children
  allfullstrong    :       0.00       0.00          0          0          0          0          0          0          0          0
  cloud            :       0.00       0.00          0          0          0          0          0          0          0          0
  distribution     :       0.00       0.00          0          0          0          0          0          0          0          0
  fullstrong       :       0.00       0.00          0          0          0          0          0          0          0          0
  inference        :       0.00       0.00          0          0          0          0          0          0          0          0
  leastinf         :       0.00       0.00          0          0          0          0          0          0          0          0
  lookahead        :       0.00       0.00          0          0          0          0          0          0          0          0
  mostinf          :       0.00       0.00          0          0          0          0          0          0          0          0
  multaggr         :       0.00       0.00          0          0          0          0          0          0          0          0
  nodereopt        :       0.00       0.00          0          0          0          0          0          0          0          0
  pscost           :       0.00       0.00          0          0          0          0          0          0          0          0
  random           :       0.00       0.00          0          0          0          0          0          0          0          0
  relpscost        :       0.00       0.00          0          0          0          0          0          0          0          0
  vanillafullstrong:       0.00       0.00          0          0          0          0          0          0          0          0
Primal Heuristics  :   ExecTime  SetupTime      Calls      Found       Best
  LP solutions     :       0.00          -          -          0          0
  relax solutions  :       0.00          -          -          0          0
  pseudo solutions :       0.00          -          -          0          0
  strong branching :       0.00          -          -          0          0
  actconsdiving    :       0.00       0.00          0          0          0
  adaptivediving   :       0.00       0.00          0          0          0
  alns             :       0.00       0.00          0          0          0
  bound            :       0.00       0.00          0          0          0
  clique           :       0.00       0.00          1          0          0
  coefdiving       :       0.00       0.00          0          0          0
  completesol      :       0.00       0.00          0          0          0
  conflictdiving   :       0.00       0.00          0          0          0
  crossover        :       0.00       0.00          0          0          0
  dins             :       0.00       0.00          0          0          0
  distributiondivin:       0.00       0.00          0          0          0
  dps              :       0.00       0.00          0          0          0
  dualval          :       0.00       0.00          0          0          0
  farkasdiving     :       0.00       0.00          0          0          0
  feaspump         :       0.00       0.00          0          0          0
  fixandinfer      :       0.00       0.00          0          0          0
  fracdiving       :       0.00       0.00          0          0          0
  gins             :       0.00       0.00          0          0          0
  guideddiving     :       0.00       0.00          0          0          0
  indicator        :       0.00       0.00          0          0          0
  intdiving        :       0.00       0.00          0          0          0
  intshifting      :       0.00       0.00          0          0          0
  linesearchdiving :       0.00       0.00          0          0          0
  localbranching   :       0.00       0.00          0          0          0
  locks            :       0.00       0.00          1          1          1
  lpface           :       0.00       0.00          0          0          0
  mpec             :       0.00       0.00          0          0          0
  multistart       :       0.00       0.00          0          0          0
  mutation         :       0.00       0.00          0          0          0
  nlpdiving        :       0.00       0.00          0          0          0
  objpscostdiving  :       0.00       0.00          0          0          0
  octane           :       0.00       0.00          0          0          0
  ofins            :       0.00       0.00          0          0          0
  oneopt           :       0.00       0.00          1          0          0
  padm             :       0.00       0.00          0          0          0
  proximity        :       0.00       0.00          0          0          0
  pscostdiving     :       0.00       0.00          0          0          0
  randrounding     :       0.00       0.00          7          1          1
  rens             :       0.00       0.00          0          0          0
  reoptsols        :       0.00       0.00          0          0          0
  repair           :       0.00       0.00          0          0          0
  rins             :       0.00       0.00          0          0          0
  rootsoldiving    :       0.00       0.00          0          0          0
  rounding         :       0.00       0.00          6          0          0
  shiftandpropagate:       0.00       0.00          0          0          0
  shifting         :       0.00       0.00          6          0          0
  simplerounding   :       0.00       0.00          0          0          0
  subnlp           :       0.00       0.00          0          0          0
  trivial          :       0.00       0.00          2          0          0
  trivialnegation  :       0.00       0.00          0          0          0
  trustregion      :       0.00       0.00          0          0          0
  trysol           :       0.00       0.00          0          0          0
  twoopt           :       0.00       0.00          0          0          0
  undercover       :       0.00       0.00          0          0          0
  vbounds          :       0.00       0.00          0          0          0
  veclendiving     :       0.00       0.00          0          0          0
  zeroobj          :       0.00       0.00          0          0          0
  zirounding       :       0.00       0.00          0          0          0
  other solutions  :          -          -          -          0          -
Diving (single)    :      Calls      Nodes   LP Iters Backtracks  Conflicts   MinDepth   MaxDepth   AvgDepth  RoundSols  NLeafSols  MinSolDpt  MaxSolDpt  AvgSolDpt
  actconsdiving    :          0          -          -          -          -          -          -          -          -          -          -          -          -
  coefdiving       :          0          -          -          -          -          -          -          -          -          -          -          -          -
  conflictdiving   :          0          -          -          -          -          -          -          -          -          -          -          -          -
  distributiondivin:          0          -          -          -          -          -          -          -          -          -          -          -          -
  farkasdiving     :          0          -          -          -          -          -          -          -          -          -          -          -          -
  fracdiving       :          0          -          -          -          -          -          -          -          -          -          -          -          -
  guideddiving     :          0          -          -          -          -          -          -          -          -          -          -          -          -
  linesearchdiving :          0          -          -          -          -          -          -          -          -          -          -          -          -
  pscostdiving     :          0          -          -          -          -          -          -          -          -          -          -          -          -
  veclendiving     :          0          -          -          -          -          -          -          -          -          -          -          -          -
Diving (adaptive)  :      Calls      Nodes   LP Iters Backtracks  Conflicts   MinDepth   MaxDepth   AvgDepth  RoundSols  NLeafSols  MinSolDpt  MaxSolDpt  AvgSolDpt
  actconsdiving    :          0          -          -          -          -          -          -          -          -          -          -          -          -
  coefdiving       :          0          -          -          -          -          -          -          -          -          -          -          -          -
  conflictdiving   :          0          -          -          -          -          -          -          -          -          -          -          -          -
  distributiondivin:          0          -          -          -          -          -          -          -          -          -          -          -          -
  farkasdiving     :          0          -          -          -          -          -          -          -          -          -          -          -          -
  fracdiving       :          0          -          -          -          -          -          -          -          -          -          -          -          -
  guideddiving     :          0          -          -          -          -          -          -          -          -          -          -          -          -
  linesearchdiving :          0          -          -          -          -          -          -          -          -          -          -          -          -
  pscostdiving     :          0          -          -          -          -          -          -          -          -          -          -          -          -
  veclendiving     :          0          -          -          -          -          -          -          -          -          -          -          -          -
Neighborhoods      :      Calls  SetupTime  SolveTime SolveNodes       Sols       Best       Exp3  EpsGreedy        UCB TgtFixRate  Opt  Inf Node Stal  Sol  Usr Othr Actv
  rens             :          0       0.00       0.00          0          0          0    0.00000   -1.00000    1.00000      0.900    0    0    0    0    0    0    0    1
  rins             :          0       0.00       0.00          0          0          0    0.00000   -1.00000    1.00000      0.900    0    0    0    0    0    0    0    1
  mutation         :          0       0.00       0.00          0          0          0    0.00000   -1.00000    1.00000      0.900    0    0    0    0    0    0    0    1
  localbranching   :          0       0.00       0.00          0          0          0    0.00000   -1.00000    1.00000      0.900    0    0    0    0    0    0    0    1
  crossover        :          0       0.00       0.00          0          0          0    0.00000   -1.00000    1.00000      0.900    0    0    0    0    0    0    0    1
  proximity        :          0       0.00       0.00          0          0          0    0.00000   -1.00000    1.00000      0.900    0    0    0    0    0    0    0    1
  zeroobjective    :          0       0.00       0.00          0          0          0    0.00000   -1.00000    1.00000      0.900    0    0    0    0    0    0    0    1
  dins             :          0       0.00       0.00          0          0          0    0.00000   -1.00000    1.00000      0.900    0    0    0    0    0    0    0    1
  trustregion      :          0       0.00       0.00          0          0          0    0.00000   -1.00000    1.00000      0.900    0    0    0    0    0    0    0    0
LP                 :       Time      Calls Iterations  Iter/call   Iter/sec  Time-0-It Calls-0-It    ItLimit
  primal LP        :       0.00          0          0       0.00          -       0.00          0
  dual LP          :       0.00          9         94      13.43          -       0.00          2
  lex dual LP      :       0.00          0          0       0.00          -
  barrier LP       :       0.00          0          0       0.00          -       0.00          0
  resolve instable :       0.00          0          0       0.00          -
  diving/probing LP:       0.00          1         16      16.00          -
  strong branching :       0.00          0          0       0.00          -          -          -          0
    (at root node) :          -          0          0       0.00          -
  conflict analysis:       0.00          0          0       0.00          -
B&B Tree           :
  number of runs   :          1
  nodes            :          1 (0 internal, 1 leaves)
  feasible leaves  :          0
  infeas. leaves   :          0
  objective leaves :          0
  nodes (total)    :          1 (0 internal, 1 leaves)
  nodes left       :          0
  max depth        :          0
  max depth (total):          0
  backtracks       :          0 (0.0%)
  early backtracks :          0 (0.0%)
  nodes exc. ref.  :          0 (0.0%)
  delayed cutoffs  :          0
  repropagations   :          0 (0 domain reductions, 0 cutoffs)
  avg switch length:       2.00
  switching time   :       0.00
Estim. Tree Size   :          1
Estimation Tree    : 1 nodes (1 visited, 0 internal, 1 leaves, 0 open), weight: 1.0000 completed 1.0000
Estimations        :      estim      value      trend resolution     smooth
  wbe              :          1          -          -          -          -
  tree-profile     :         -1          -          -          -          -
  gap              :          1    1.00000    1.00000          1          1
  tree-weight      :          1    1.00000    1.00000          1          1
  leaf-frequency   :          1    0.50000    1.00000          1          1
  ssg              :          1    0.00000   -1.00000          1          1
  open-nodes       :          1    0.00000    0.00000          1          1
Root Node          :
  First LP value   : -3.11111111111111e+00
  First LP Iters   :         56 (134615.38 Iter/sec)
  First LP Time    :       0.00
  Final Dual Bound : -3.11111111111111e+00
  Final Root Iters :         94
  Root LP Estimate :                     -
Solution           :
  Solutions found  :          2 (2 improvements)
  First Solution   : -1.00000000000000e+00   (in run 1, after 1 nodes, 0.16 seconds, depth 11, found by <locks>)
  Gap First Sol.   :    3400.21 %
  Gap Last Sol.    :       0.00 %
  Primal Bound     : -3.11111111111111e+00   (in run 1, after 1 nodes, 0.18 seconds, depth 11, found by <randrounding>)
  Dual Bound       : -3.11111111111111e+00
  Gap              :       0.00 %
Integrals          :      Total       Avg%
  primal-dual      :      17.50      95.92
  primal-ref       :          -          - (not evaluated)
  dual-ref         :          -          - (not evaluated)
