SCIP version 8.0.0 [precision: 8 byte] [memory: block] [mode: optimized] [LP solver: SoPlex 6.0.0] [GitHash: a740f0891e]
Copyright (C) 2002-2021 Konrad-Zuse-Zentrum fuer Informationstechnik Berlin (ZIB)

External libraries: 
  SoPlex 6.0.0         Linear Programming Solver developed at Zuse Institute Berlin (soplex.zib.de) [GitHash: 71a5873d]
  CppAD 20180000.0     Algorithmic Differentiation of C++ algorithms developed by B. Bell (github.com/coin-or/CppAD)
  ZLIB 1.2.11          General purpose compression library by J. Gailly and M. Adler (zlib.net)
  GMP 6.2.1            GNU Multiple Precision Arithmetic Library developed by T. Granlund (gmplib.org)
  ZIMPL 3.5.1          Zuse Institute Mathematical Programming Language developed by T. Koch (zimpl.zib.de)
  AMPL/MP 4e2d45c4     AMPL .nl file reader library (github.com/ampl/mp)
  PaPILO 2.0.0         parallel presolve for integer and linear optimization (github.com/scipopt/papilo) [GitHash: 76cafc1]
  bliss 0.73p          Computing Graph Automorphism Groups by T. Junttila and P. Kaski (www.tcs.hut.fi/Software/bliss/)
  Ipopt 3.13.2         Interior Point Optimizer developed by A. Waechter et.al. (github.com/coin-or/Ipopt)

user parameter file <scip.set> not found - using default parameters

read problem <../modeles/10_339.lp>
============

original problem has 6800 variables (3390 bin, 0 int, 0 impl, 3410 cont) and 3431 constraints

solve problem
=============

presolving:
(round 1, fast)       10 del vars, 0 del conss, 0 add conss, 7240 chg bounds, 0 chg sides, 0 chg coeffs, 0 upgd conss, 0 impls, 10 clqs
(round 2, fast)       10 del vars, 0 del conss, 0 add conss, 7240 chg bounds, 0 chg sides, 3380 chg coeffs, 0 upgd conss, 0 impls, 10 clqs
   (0.1s) running MILP presolver
   (0.1s) MILP presolver (2 rounds): 0 aggregations, 0 fixings, 40 bound changes
(round 3, exhaustive) 10 del vars, 0 del conss, 0 add conss, 7280 chg bounds, 0 chg sides, 3380 chg coeffs, 30 upgd conss, 0 impls, 10 clqs
(round 4, exhaustive) 35 del vars, 0 del conss, 0 add conss, 7280 chg bounds, 0 chg sides, 3380 chg coeffs, 30 upgd conss, 9484 impls, 10 clqs
(round 5, exhaustive) 35 del vars, 0 del conss, 0 add conss, 7280 chg bounds, 0 chg sides, 3380 chg coeffs, 80 upgd conss, 9484 impls, 10 clqs
(round 6, exhaustive) 60 del vars, 0 del conss, 0 add conss, 7280 chg bounds, 0 chg sides, 3380 chg coeffs, 80 upgd conss, 16970 impls, 10 clqs
(round 7, fast)       60 del vars, 3 del conss, 0 add conss, 7280 chg bounds, 0 chg sides, 3380 chg coeffs, 80 upgd conss, 16970 impls, 10 clqs
(round 8, exhaustive) 60 del vars, 3 del conss, 0 add conss, 7280 chg bounds, 0 chg sides, 3380 chg coeffs, 120 upgd conss, 16970 impls, 10 clqs
(round 9, exhaustive) 85 del vars, 3 del conss, 0 add conss, 7280 chg bounds, 0 chg sides, 3380 chg coeffs, 120 upgd conss, 24773 impls, 10 clqs
(round 10, exhaustive) 85 del vars, 4 del conss, 0 add conss, 7280 chg bounds, 0 chg sides, 3380 chg coeffs, 167 upgd conss, 24773 impls, 10 clqs
(round 11, exhaustive) 110 del vars, 4 del conss, 0 add conss, 7280 chg bounds, 0 chg sides, 3380 chg coeffs, 167 upgd conss, 33600 impls, 10 clqs
(round 12, exhaustive) 110 del vars, 4 del conss, 0 add conss, 7280 chg bounds, 0 chg sides, 3380 chg coeffs, 213 upgd conss, 33600 impls, 10 clqs
(round 13, exhaustive) 135 del vars, 4 del conss, 0 add conss, 7280 chg bounds, 0 chg sides, 3380 chg coeffs, 213 upgd conss, 41737 impls, 10 clqs
(round 14, exhaustive) 135 del vars, 5 del conss, 0 add conss, 7280 chg bounds, 0 chg sides, 3380 chg coeffs, 256 upgd conss, 41737 impls, 10 clqs
(round 15, exhaustive) 160 del vars, 5 del conss, 0 add conss, 7280 chg bounds, 0 chg sides, 3380 chg coeffs, 256 upgd conss, 47516 impls, 10 clqs
(round 16, fast)       160 del vars, 8 del conss, 0 add conss, 7280 chg bounds, 0 chg sides, 3380 chg coeffs, 256 upgd conss, 47516 impls, 10 clqs
(round 17, exhaustive) 160 del vars, 8 del conss, 0 add conss, 7280 chg bounds, 0 chg sides, 3380 chg coeffs, 297 upgd conss, 47516 impls, 10 clqs
(round 18, exhaustive) 185 del vars, 8 del conss, 0 add conss, 7280 chg bounds, 0 chg sides, 3380 chg coeffs, 297 upgd conss, 51264 impls, 10 clqs
(round 19, fast)       186 del vars, 11 del conss, 0 add conss, 7281 chg bounds, 0 chg sides, 3380 chg coeffs, 297 upgd conss, 51264 impls, 10 clqs
(round 20, exhaustive) 186 del vars, 11 del conss, 0 add conss, 7281 chg bounds, 0 chg sides, 3380 chg coeffs, 340 upgd conss, 51264 impls, 10 clqs
(round 21, exhaustive) 212 del vars, 11 del conss, 0 add conss, 7281 chg bounds, 0 chg sides, 3380 chg coeffs, 340 upgd conss, 58717 impls, 10 clqs
(round 22, fast)       212 del vars, 15 del conss, 0 add conss, 7281 chg bounds, 0 chg sides, 3380 chg coeffs, 340 upgd conss, 58717 impls, 10 clqs
(round 23, exhaustive) 212 del vars, 15 del conss, 0 add conss, 7281 chg bounds, 0 chg sides, 3380 chg coeffs, 376 upgd conss, 58717 impls, 10 clqs
(round 24, exhaustive) 237 del vars, 15 del conss, 0 add conss, 7281 chg bounds, 0 chg sides, 3380 chg coeffs, 376 upgd conss, 63452 impls, 10 clqs
(round 25, fast)       237 del vars, 20 del conss, 0 add conss, 7281 chg bounds, 0 chg sides, 3380 chg coeffs, 376 upgd conss, 63452 impls, 10 clqs
(round 26, exhaustive) 237 del vars, 20 del conss, 0 add conss, 7281 chg bounds, 0 chg sides, 3380 chg coeffs, 411 upgd conss, 63452 impls, 10 clqs
(round 27, exhaustive) 262 del vars, 20 del conss, 0 add conss, 7281 chg bounds, 0 chg sides, 3380 chg coeffs, 411 upgd conss, 68853 impls, 10 clqs
(round 28, fast)       264 del vars, 28 del conss, 0 add conss, 7283 chg bounds, 0 chg sides, 3380 chg coeffs, 411 upgd conss, 68853 impls, 10 clqs
(round 29, exhaustive) 264 del vars, 28 del conss, 0 add conss, 7283 chg bounds, 0 chg sides, 3380 chg coeffs, 437 upgd conss, 68853 impls, 10 clqs
(round 30, exhaustive) 289 del vars, 28 del conss, 0 add conss, 7283 chg bounds, 0 chg sides, 3380 chg coeffs, 437 upgd conss, 74909 impls, 10 clqs
(round 31, fast)       289 del vars, 31 del conss, 0 add conss, 7283 chg bounds, 0 chg sides, 3380 chg coeffs, 437 upgd conss, 74909 impls, 10 clqs
(round 32, exhaustive) 289 del vars, 31 del conss, 0 add conss, 7283 chg bounds, 0 chg sides, 3380 chg coeffs, 474 upgd conss, 74909 impls, 10 clqs
(round 33, exhaustive) 314 del vars, 31 del conss, 0 add conss, 7283 chg bounds, 0 chg sides, 3380 chg coeffs, 474 upgd conss, 82936 impls, 10 clqs
(round 34, fast)       316 del vars, 35 del conss, 0 add conss, 7285 chg bounds, 0 chg sides, 3380 chg coeffs, 474 upgd conss, 82936 impls, 10 clqs
(round 35, exhaustive) 316 del vars, 35 del conss, 0 add conss, 7285 chg bounds, 0 chg sides, 3380 chg coeffs, 516 upgd conss, 82936 impls, 10 clqs
(round 36, exhaustive) 342 del vars, 35 del conss, 0 add conss, 7285 chg bounds, 0 chg sides, 3380 chg coeffs, 516 upgd conss, 88298 impls, 10 clqs
(round 37, fast)       342 del vars, 45 del conss, 0 add conss, 7285 chg bounds, 0 chg sides, 3380 chg coeffs, 516 upgd conss, 88298 impls, 10 clqs
(round 38, exhaustive) 342 del vars, 45 del conss, 0 add conss, 7285 chg bounds, 0 chg sides, 3380 chg coeffs, 538 upgd conss, 88298 impls, 10 clqs
(round 39, exhaustive) 367 del vars, 45 del conss, 0 add conss, 7285 chg bounds, 0 chg sides, 3380 chg coeffs, 538 upgd conss, 98638 impls, 10 clqs
(round 40, fast)       368 del vars, 51 del conss, 0 add conss, 7286 chg bounds, 0 chg sides, 3380 chg coeffs, 538 upgd conss, 98638 impls, 10 clqs
(round 41, exhaustive) 368 del vars, 51 del conss, 0 add conss, 7286 chg bounds, 0 chg sides, 3380 chg coeffs, 572 upgd conss, 98638 impls, 10 clqs
(round 42, exhaustive) 393 del vars, 51 del conss, 0 add conss, 7286 chg bounds, 0 chg sides, 3380 chg coeffs, 572 upgd conss, 110615 impls, 10 clqs
(round 43, fast)       393 del vars, 56 del conss, 0 add conss, 7286 chg bounds, 0 chg sides, 3380 chg coeffs, 572 upgd conss, 110615 impls, 10 clqs
(round 44, exhaustive) 393 del vars, 56 del conss, 0 add conss, 7286 chg bounds, 0 chg sides, 3380 chg coeffs, 607 upgd conss, 110615 impls, 10 clqs
   (2.3s) sparsify finished: 2/22560 (0.0%) nonzeros canceled - in total 2 canceled nonzeros, 335 changed coefficients, 0 added nonzeros
(round 45, exhaustive) 393 del vars, 56 del conss, 0 add conss, 7286 chg bounds, 0 chg sides, 3715 chg coeffs, 607 upgd conss, 110650 impls, 10 clqs
(round 46, exhaustive) 418 del vars, 56 del conss, 0 add conss, 7286 chg bounds, 0 chg sides, 3715 chg coeffs, 607 upgd conss, 128580 impls, 10 clqs
(round 47, fast)       420 del vars, 63 del conss, 0 add conss, 7288 chg bounds, 0 chg sides, 3715 chg coeffs, 607 upgd conss, 128580 impls, 10 clqs
(round 48, exhaustive) 420 del vars, 63 del conss, 0 add conss, 7288 chg bounds, 0 chg sides, 3715 chg coeffs, 640 upgd conss, 128580 impls, 10 clqs
(round 49, exhaustive) 445 del vars, 63 del conss, 0 add conss, 7288 chg bounds, 0 chg sides, 3715 chg coeffs, 640 upgd conss, 137015 impls, 10 clqs
(round 50, fast)       446 del vars, 72 del conss, 0 add conss, 7289 chg bounds, 0 chg sides, 3715 chg coeffs, 640 upgd conss, 137015 impls, 10 clqs
(round 51, exhaustive) 446 del vars, 72 del conss, 0 add conss, 7289 chg bounds, 0 chg sides, 3715 chg coeffs, 665 upgd conss, 137015 impls, 10 clqs
(round 52, exhaustive) 471 del vars, 72 del conss, 0 add conss, 7289 chg bounds, 0 chg sides, 3715 chg coeffs, 665 upgd conss, 161731 impls, 10 clqs
(round 53, exhaustive) 471 del vars, 74 del conss, 0 add conss, 7289 chg bounds, 0 chg sides, 3715 chg coeffs, 705 upgd conss, 161731 impls, 10 clqs
   (2.9s) sparsify finished: 2/22305 (0.0%) nonzeros canceled - in total 4 canceled nonzeros, 666 changed coefficients, 0 added nonzeros
(round 54, exhaustive) 471 del vars, 74 del conss, 0 add conss, 7289 chg bounds, 0 chg sides, 4046 chg coeffs, 705 upgd conss, 161771 impls, 10 clqs
(round 55, exhaustive) 496 del vars, 74 del conss, 0 add conss, 7289 chg bounds, 0 chg sides, 4046 chg coeffs, 705 upgd conss, 176939 impls, 10 clqs
(round 56, fast)       496 del vars, 80 del conss, 0 add conss, 7289 chg bounds, 0 chg sides, 4046 chg coeffs, 705 upgd conss, 176939 impls, 10 clqs
(round 57, exhaustive) 496 del vars, 80 del conss, 0 add conss, 7289 chg bounds, 0 chg sides, 4046 chg coeffs, 733 upgd conss, 176939 impls, 10 clqs
(round 58, exhaustive) 521 del vars, 80 del conss, 0 add conss, 7289 chg bounds, 0 chg sides, 4046 chg coeffs, 733 upgd conss, 194710 impls, 10 clqs
(round 59, fast)       521 del vars, 86 del conss, 0 add conss, 7289 chg bounds, 0 chg sides, 4046 chg coeffs, 733 upgd conss, 194710 impls, 10 clqs
(round 60, exhaustive) 521 del vars, 86 del conss, 0 add conss, 7289 chg bounds, 0 chg sides, 4046 chg coeffs, 761 upgd conss, 194710 impls, 10 clqs
   (3.2s) probing: 1000/3390 (29.5%) - 510 fixings, 0 aggregations, 198309 implications, 0 bound changes
(round 61, exhaustive) 546 del vars, 86 del conss, 0 add conss, 7289 chg bounds, 0 chg sides, 4046 chg coeffs, 761 upgd conss, 208849 impls, 10 clqs
(round 62, fast)       547 del vars, 98 del conss, 0 add conss, 7290 chg bounds, 0 chg sides, 4046 chg coeffs, 761 upgd conss, 208849 impls, 10 clqs
(round 63, exhaustive) 547 del vars, 98 del conss, 0 add conss, 7290 chg bounds, 0 chg sides, 4046 chg coeffs, 777 upgd conss, 208849 impls, 10 clqs
(round 64, exhaustive) 572 del vars, 98 del conss, 0 add conss, 7290 chg bounds, 0 chg sides, 4046 chg coeffs, 777 upgd conss, 221273 impls, 10 clqs
(round 65, fast)       572 del vars, 110 del conss, 0 add conss, 7290 chg bounds, 0 chg sides, 4046 chg coeffs, 777 upgd conss, 221273 impls, 10 clqs
(round 66, exhaustive) 572 del vars, 110 del conss, 0 add conss, 7290 chg bounds, 0 chg sides, 4046 chg coeffs, 791 upgd conss, 221273 impls, 10 clqs
(round 67, exhaustive) 597 del vars, 110 del conss, 0 add conss, 7290 chg bounds, 0 chg sides, 4046 chg coeffs, 791 upgd conss, 227812 impls, 10 clqs
(round 68, fast)       597 del vars, 120 del conss, 0 add conss, 7290 chg bounds, 0 chg sides, 4046 chg coeffs, 791 upgd conss, 227812 impls, 10 clqs
(round 69, exhaustive) 597 del vars, 120 del conss, 0 add conss, 7290 chg bounds, 0 chg sides, 4046 chg coeffs, 811 upgd conss, 227812 impls, 10 clqs
(round 70, exhaustive) 622 del vars, 120 del conss, 0 add conss, 7290 chg bounds, 0 chg sides, 4046 chg coeffs, 811 upgd conss, 245044 impls, 10 clqs
(round 71, fast)       622 del vars, 130 del conss, 0 add conss, 7290 chg bounds, 0 chg sides, 4046 chg coeffs, 811 upgd conss, 245044 impls, 10 clqs
(round 72, exhaustive) 622 del vars, 130 del conss, 0 add conss, 7290 chg bounds, 0 chg sides, 4046 chg coeffs, 831 upgd conss, 245044 impls, 10 clqs
(round 73, exhaustive) 647 del vars, 130 del conss, 0 add conss, 7290 chg bounds, 0 chg sides, 4046 chg coeffs, 831 upgd conss, 258288 impls, 10 clqs
(round 74, fast)       647 del vars, 141 del conss, 0 add conss, 7290 chg bounds, 0 chg sides, 4046 chg coeffs, 831 upgd conss, 258288 impls, 10 clqs
(round 75, exhaustive) 647 del vars, 141 del conss, 0 add conss, 7290 chg bounds, 0 chg sides, 4046 chg coeffs, 848 upgd conss, 258288 impls, 10 clqs
(round 76, exhaustive) 672 del vars, 141 del conss, 0 add conss, 7290 chg bounds, 0 chg sides, 4046 chg coeffs, 848 upgd conss, 265031 impls, 10 clqs
(round 77, fast)       672 del vars, 152 del conss, 0 add conss, 7290 chg bounds, 0 chg sides, 4046 chg coeffs, 848 upgd conss, 265031 impls, 10 clqs
(round 78, exhaustive) 672 del vars, 152 del conss, 0 add conss, 7290 chg bounds, 0 chg sides, 4046 chg coeffs, 861 upgd conss, 265031 impls, 10 clqs
(round 79, exhaustive) 697 del vars, 152 del conss, 0 add conss, 7290 chg bounds, 0 chg sides, 4046 chg coeffs, 861 upgd conss, 272130 impls, 10 clqs
(round 80, fast)       698 del vars, 161 del conss, 0 add conss, 7291 chg bounds, 0 chg sides, 4046 chg coeffs, 861 upgd conss, 272130 impls, 10 clqs
(round 81, exhaustive) 698 del vars, 161 del conss, 0 add conss, 7291 chg bounds, 0 chg sides, 4046 chg coeffs, 886 upgd conss, 272130 impls, 10 clqs
(round 82, exhaustive) 725 del vars, 161 del conss, 0 add conss, 7291 chg bounds, 0 chg sides, 4046 chg coeffs, 886 upgd conss, 280782 impls, 10 clqs
(round 83, fast)       725 del vars, 173 del conss, 0 add conss, 7291 chg bounds, 0 chg sides, 4046 chg coeffs, 886 upgd conss, 280782 impls, 10 clqs
(round 84, exhaustive) 725 del vars, 173 del conss, 0 add conss, 7291 chg bounds, 0 chg sides, 4046 chg coeffs, 904 upgd conss, 280782 impls, 10 clqs
(round 85, exhaustive) 750 del vars, 173 del conss, 0 add conss, 7291 chg bounds, 0 chg sides, 4046 chg coeffs, 904 upgd conss, 290062 impls, 10 clqs
(round 86, fast)       750 del vars, 185 del conss, 0 add conss, 7291 chg bounds, 0 chg sides, 4046 chg coeffs, 904 upgd conss, 290062 impls, 10 clqs
(round 87, exhaustive) 750 del vars, 185 del conss, 0 add conss, 7291 chg bounds, 0 chg sides, 4046 chg coeffs, 918 upgd conss, 290062 impls, 10 clqs
(round 88, exhaustive) 775 del vars, 185 del conss, 0 add conss, 7291 chg bounds, 0 chg sides, 4046 chg coeffs, 918 upgd conss, 297059 impls, 10 clqs
(round 89, fast)       777 del vars, 199 del conss, 0 add conss, 7293 chg bounds, 0 chg sides, 4046 chg coeffs, 918 upgd conss, 297059 impls, 10 clqs
(round 90, exhaustive) 777 del vars, 199 del conss, 0 add conss, 7293 chg bounds, 0 chg sides, 4046 chg coeffs, 930 upgd conss, 297059 impls, 10 clqs
(round 91, exhaustive) 804 del vars, 199 del conss, 0 add conss, 7293 chg bounds, 0 chg sides, 4046 chg coeffs, 930 upgd conss, 314486 impls, 10 clqs
(round 92, fast)       804 del vars, 211 del conss, 0 add conss, 7293 chg bounds, 0 chg sides, 4046 chg coeffs, 930 upgd conss, 314486 impls, 10 clqs
(round 93, exhaustive) 804 del vars, 211 del conss, 0 add conss, 7293 chg bounds, 0 chg sides, 4046 chg coeffs, 944 upgd conss, 314486 impls, 10 clqs
(round 94, exhaustive) 829 del vars, 211 del conss, 0 add conss, 7293 chg bounds, 0 chg sides, 4046 chg coeffs, 944 upgd conss, 324285 impls, 10 clqs
(round 95, fast)       829 del vars, 223 del conss, 0 add conss, 7293 chg bounds, 0 chg sides, 4046 chg coeffs, 944 upgd conss, 324285 impls, 10 clqs
(round 96, exhaustive) 829 del vars, 223 del conss, 0 add conss, 7293 chg bounds, 0 chg sides, 4046 chg coeffs, 958 upgd conss, 324285 impls, 10 clqs
(round 97, exhaustive) 854 del vars, 223 del conss, 0 add conss, 7293 chg bounds, 0 chg sides, 4046 chg coeffs, 958 upgd conss, 334691 impls, 10 clqs
(round 98, fast)       856 del vars, 236 del conss, 0 add conss, 7295 chg bounds, 0 chg sides, 4046 chg coeffs, 958 upgd conss, 334691 impls, 10 clqs
(round 99, exhaustive) 856 del vars, 236 del conss, 0 add conss, 7295 chg bounds, 0 chg sides, 4046 chg coeffs, 973 upgd conss, 334691 impls, 10 clqs
   (4.4s) sparsify finished: 2/20982 (0.0%) nonzeros canceled - in total 6 canceled nonzeros, 986 changed coefficients, 0 added nonzeros
(round 100, exhaustive) 856 del vars, 236 del conss, 0 add conss, 7295 chg bounds, 0 chg sides, 4366 chg coeffs, 973 upgd conss, 334706 impls, 10 clqs
(round 101, exhaustive) 881 del vars, 236 del conss, 0 add conss, 7295 chg bounds, 0 chg sides, 4366 chg coeffs, 973 upgd conss, 345654 impls, 10 clqs
(round 102, fast)       883 del vars, 249 del conss, 0 add conss, 7297 chg bounds, 0 chg sides, 4366 chg coeffs, 973 upgd conss, 345654 impls, 10 clqs
(round 103, exhaustive) 883 del vars, 249 del conss, 0 add conss, 7297 chg bounds, 0 chg sides, 4366 chg coeffs, 988 upgd conss, 345654 impls, 10 clqs
(round 104, exhaustive) 908 del vars, 249 del conss, 0 add conss, 7297 chg bounds, 0 chg sides, 4366 chg coeffs, 988 upgd conss, 350351 impls, 10 clqs
(round 105, fast)       909 del vars, 260 del conss, 0 add conss, 7298 chg bounds, 0 chg sides, 4366 chg coeffs, 988 upgd conss, 350351 impls, 10 clqs
(round 106, exhaustive) 909 del vars, 260 del conss, 0 add conss, 7298 chg bounds, 0 chg sides, 4366 chg coeffs, 1007 upgd conss, 350351 impls, 10 clqs
(round 107, exhaustive) 934 del vars, 260 del conss, 0 add conss, 7298 chg bounds, 0 chg sides, 4366 chg coeffs, 1007 upgd conss, 360609 impls, 10 clqs
(round 108, fast)       935 del vars, 273 del conss, 0 add conss, 7299 chg bounds, 0 chg sides, 4366 chg coeffs, 1007 upgd conss, 360609 impls, 10 clqs
(round 109, exhaustive) 935 del vars, 273 del conss, 0 add conss, 7299 chg bounds, 0 chg sides, 4366 chg coeffs, 1020 upgd conss, 360609 impls, 10 clqs
(round 110, exhaustive) 960 del vars, 273 del conss, 0 add conss, 7299 chg bounds, 0 chg sides, 4366 chg coeffs, 1020 upgd conss, 373687 impls, 10 clqs
(round 111, fast)       960 del vars, 284 del conss, 0 add conss, 7299 chg bounds, 0 chg sides, 4366 chg coeffs, 1020 upgd conss, 373687 impls, 10 clqs
(round 112, exhaustive) 960 del vars, 284 del conss, 0 add conss, 7299 chg bounds, 0 chg sides, 4366 chg coeffs, 1037 upgd conss, 373687 impls, 10 clqs
(round 113, exhaustive) 987 del vars, 284 del conss, 0 add conss, 7299 chg bounds, 0 chg sides, 4366 chg coeffs, 1037 upgd conss, 382997 impls, 10 clqs
(round 114, fast)       987 del vars, 299 del conss, 0 add conss, 7299 chg bounds, 0 chg sides, 4366 chg coeffs, 1037 upgd conss, 382997 impls, 10 clqs
(round 115, exhaustive) 987 del vars, 299 del conss, 0 add conss, 7299 chg bounds, 0 chg sides, 4366 chg coeffs, 1046 upgd conss, 382997 impls, 10 clqs
(round 116, exhaustive) 1012 del vars, 299 del conss, 0 add conss, 7299 chg bounds, 0 chg sides, 4366 chg coeffs, 1046 upgd conss, 397698 impls, 10 clqs
(round 117, fast)       1012 del vars, 312 del conss, 0 add conss, 7299 chg bounds, 0 chg sides, 4366 chg coeffs, 1046 upgd conss, 397698 impls, 10 clqs
(round 118, exhaustive) 1012 del vars, 312 del conss, 0 add conss, 7299 chg bounds, 0 chg sides, 4366 chg coeffs, 1057 upgd conss, 397698 impls, 10 clqs
(round 119, exhaustive) 1038 del vars, 312 del conss, 0 add conss, 7299 chg bounds, 0 chg sides, 4366 chg coeffs, 1057 upgd conss, 404989 impls, 10 clqs
(round 120, fast)       1038 del vars, 327 del conss, 0 add conss, 7299 chg bounds, 0 chg sides, 4366 chg coeffs, 1057 upgd conss, 404989 impls, 10 clqs
   (5.2s) running MILP presolver
   (5.2s) MILP presolver (3 rounds): 0 aggregations, 16 fixings, 0 bound changes
(round 121, medium)     1054 del vars, 334 del conss, 0 add conss, 7299 chg bounds, 0 chg sides, 4366 chg coeffs, 1057 upgd conss, 404989 impls, 10 clqs
(round 122, exhaustive) 1054 del vars, 336 del conss, 0 add conss, 7299 chg bounds, 0 chg sides, 4366 chg coeffs, 1067 upgd conss, 404989 impls, 10 clqs
(round 123, exhaustive) 1080 del vars, 336 del conss, 0 add conss, 7299 chg bounds, 0 chg sides, 4366 chg coeffs, 1067 upgd conss, 413761 impls, 10 clqs
(round 124, fast)       1080 del vars, 349 del conss, 0 add conss, 7299 chg bounds, 0 chg sides, 4366 chg coeffs, 1067 upgd conss, 413761 impls, 10 clqs
(round 125, exhaustive) 1080 del vars, 349 del conss, 0 add conss, 7299 chg bounds, 0 chg sides, 4366 chg coeffs, 1080 upgd conss, 413761 impls, 10 clqs
   (5.4s) sparsify finished: 2/20195 (0.0%) nonzeros canceled - in total 8 canceled nonzeros, 1299 changed coefficients, 0 added nonzeros
(round 126, exhaustive) 1080 del vars, 349 del conss, 0 add conss, 7299 chg bounds, 0 chg sides, 4679 chg coeffs, 1080 upgd conss, 413774 impls, 10 clqs
   (5.5s) probing: 2000/3390 (59.0%) - 1055 fixings, 0 aggregations, 421499 implications, 0 bound changes
(round 127, exhaustive) 1106 del vars, 349 del conss, 0 add conss, 7299 chg bounds, 0 chg sides, 4679 chg coeffs, 1080 upgd conss, 423191 impls, 10 clqs
(round 128, fast)       1106 del vars, 363 del conss, 0 add conss, 7299 chg bounds, 0 chg sides, 4679 chg coeffs, 1080 upgd conss, 423191 impls, 10 clqs
(round 129, exhaustive) 1106 del vars, 363 del conss, 0 add conss, 7299 chg bounds, 0 chg sides, 4679 chg coeffs, 1089 upgd conss, 423191 impls, 10 clqs
(round 130, exhaustive) 1132 del vars, 363 del conss, 0 add conss, 7299 chg bounds, 0 chg sides, 4679 chg coeffs, 1089 upgd conss, 428630 impls, 10 clqs
(round 131, fast)       1132 del vars, 379 del conss, 0 add conss, 7299 chg bounds, 0 chg sides, 4679 chg coeffs, 1089 upgd conss, 428630 impls, 10 clqs
(round 132, exhaustive) 1132 del vars, 379 del conss, 0 add conss, 7299 chg bounds, 0 chg sides, 4679 chg coeffs, 1093 upgd conss, 428630 impls, 10 clqs
(round 133, exhaustive) 1157 del vars, 379 del conss, 0 add conss, 7299 chg bounds, 0 chg sides, 4679 chg coeffs, 1093 upgd conss, 440814 impls, 10 clqs
(round 134, fast)       1159 del vars, 394 del conss, 0 add conss, 7301 chg bounds, 0 chg sides, 4679 chg coeffs, 1093 upgd conss, 440814 impls, 10 clqs
(round 135, exhaustive) 1159 del vars, 394 del conss, 0 add conss, 7301 chg bounds, 0 chg sides, 4679 chg coeffs, 1102 upgd conss, 440814 impls, 10 clqs
(round 136, exhaustive) 1184 del vars, 394 del conss, 0 add conss, 7301 chg bounds, 0 chg sides, 4679 chg coeffs, 1102 upgd conss, 448584 impls, 10 clqs
(round 137, fast)       1184 del vars, 409 del conss, 0 add conss, 7301 chg bounds, 0 chg sides, 4679 chg coeffs, 1102 upgd conss, 448584 impls, 10 clqs
(round 138, exhaustive) 1184 del vars, 409 del conss, 0 add conss, 7301 chg bounds, 0 chg sides, 4679 chg coeffs, 1107 upgd conss, 448584 impls, 10 clqs
(round 139, exhaustive) 1210 del vars, 409 del conss, 0 add conss, 7301 chg bounds, 0 chg sides, 4679 chg coeffs, 1107 upgd conss, 454809 impls, 10 clqs
(round 140, fast)       1210 del vars, 425 del conss, 0 add conss, 7301 chg bounds, 0 chg sides, 4679 chg coeffs, 1107 upgd conss, 454809 impls, 10 clqs
(round 141, exhaustive) 1210 del vars, 425 del conss, 0 add conss, 7301 chg bounds, 0 chg sides, 4679 chg coeffs, 1111 upgd conss, 454809 impls, 10 clqs
(round 142, exhaustive) 1236 del vars, 425 del conss, 0 add conss, 7301 chg bounds, 0 chg sides, 4679 chg coeffs, 1111 upgd conss, 463684 impls, 10 clqs
(round 143, fast)       1236 del vars, 441 del conss, 0 add conss, 7301 chg bounds, 0 chg sides, 4679 chg coeffs, 1111 upgd conss, 463684 impls, 10 clqs
(round 144, exhaustive) 1236 del vars, 441 del conss, 0 add conss, 7301 chg bounds, 0 chg sides, 4679 chg coeffs, 1115 upgd conss, 463684 impls, 10 clqs
(round 145, exhaustive) 1261 del vars, 441 del conss, 0 add conss, 7301 chg bounds, 0 chg sides, 4679 chg coeffs, 1115 upgd conss, 473684 impls, 10 clqs
(round 146, fast)       1261 del vars, 456 del conss, 0 add conss, 7301 chg bounds, 0 chg sides, 4679 chg coeffs, 1115 upgd conss, 473684 impls, 10 clqs
(round 147, exhaustive) 1261 del vars, 456 del conss, 0 add conss, 7301 chg bounds, 0 chg sides, 4679 chg coeffs, 1120 upgd conss, 473684 impls, 10 clqs
(round 148, exhaustive) 1286 del vars, 456 del conss, 0 add conss, 7301 chg bounds, 0 chg sides, 4679 chg coeffs, 1120 upgd conss, 483550 impls, 10 clqs
(round 149, fast)       1288 del vars, 471 del conss, 0 add conss, 7303 chg bounds, 0 chg sides, 4679 chg coeffs, 1120 upgd conss, 483550 impls, 10 clqs
(round 150, exhaustive) 1288 del vars, 471 del conss, 0 add conss, 7303 chg bounds, 0 chg sides, 4679 chg coeffs, 1128 upgd conss, 483550 impls, 10 clqs
(round 151, exhaustive) 1313 del vars, 471 del conss, 0 add conss, 7303 chg bounds, 0 chg sides, 4679 chg coeffs, 1128 upgd conss, 491394 impls, 10 clqs
(round 152, fast)       1314 del vars, 486 del conss, 0 add conss, 7304 chg bounds, 0 chg sides, 4679 chg coeffs, 1128 upgd conss, 491394 impls, 10 clqs
(round 153, exhaustive) 1314 del vars, 486 del conss, 0 add conss, 7304 chg bounds, 0 chg sides, 4679 chg coeffs, 1135 upgd conss, 491394 impls, 10 clqs
(round 154, exhaustive) 1340 del vars, 486 del conss, 0 add conss, 7304 chg bounds, 0 chg sides, 4679 chg coeffs, 1135 upgd conss, 501796 impls, 10 clqs
(round 155, fast)       1340 del vars, 501 del conss, 0 add conss, 7304 chg bounds, 0 chg sides, 4679 chg coeffs, 1135 upgd conss, 501796 impls, 10 clqs
(round 156, exhaustive) 1340 del vars, 501 del conss, 0 add conss, 7304 chg bounds, 0 chg sides, 4679 chg coeffs, 1142 upgd conss, 501796 impls, 10 clqs
(round 157, exhaustive) 1365 del vars, 501 del conss, 0 add conss, 7304 chg bounds, 0 chg sides, 4679 chg coeffs, 1142 upgd conss, 507511 impls, 10 clqs
(round 158, fast)       1367 del vars, 516 del conss, 0 add conss, 7306 chg bounds, 0 chg sides, 4679 chg coeffs, 1142 upgd conss, 507511 impls, 10 clqs
(round 159, exhaustive) 1367 del vars, 516 del conss, 0 add conss, 7306 chg bounds, 0 chg sides, 4679 chg coeffs, 1151 upgd conss, 507511 impls, 10 clqs
(round 160, exhaustive) 1392 del vars, 516 del conss, 0 add conss, 7306 chg bounds, 0 chg sides, 4679 chg coeffs, 1151 upgd conss, 515252 impls, 10 clqs
(round 161, fast)       1395 del vars, 532 del conss, 0 add conss, 7309 chg bounds, 0 chg sides, 4679 chg coeffs, 1151 upgd conss, 515252 impls, 10 clqs
(round 162, exhaustive) 1395 del vars, 532 del conss, 0 add conss, 7309 chg bounds, 0 chg sides, 4679 chg coeffs, 1159 upgd conss, 515252 impls, 10 clqs
(round 163, exhaustive) 1420 del vars, 532 del conss, 0 add conss, 7309 chg bounds, 0 chg sides, 4679 chg coeffs, 1159 upgd conss, 523465 impls, 10 clqs
(round 164, fast)       1422 del vars, 547 del conss, 0 add conss, 7311 chg bounds, 0 chg sides, 4679 chg coeffs, 1159 upgd conss, 523465 impls, 10 clqs
(round 165, exhaustive) 1422 del vars, 547 del conss, 0 add conss, 7311 chg bounds, 0 chg sides, 4679 chg coeffs, 1168 upgd conss, 523465 impls, 10 clqs
(round 166, exhaustive) 1449 del vars, 547 del conss, 0 add conss, 7311 chg bounds, 0 chg sides, 4679 chg coeffs, 1168 upgd conss, 526849 impls, 10 clqs
(round 167, fast)       1449 del vars, 562 del conss, 0 add conss, 7311 chg bounds, 0 chg sides, 4679 chg coeffs, 1168 upgd conss, 526849 impls, 10 clqs
(round 168, exhaustive) 1449 del vars, 562 del conss, 0 add conss, 7311 chg bounds, 0 chg sides, 4679 chg coeffs, 1176 upgd conss, 526849 impls, 10 clqs
(round 169, exhaustive) 1474 del vars, 562 del conss, 0 add conss, 7311 chg bounds, 0 chg sides, 4679 chg coeffs, 1176 upgd conss, 531336 impls, 10 clqs
(round 170, fast)       1474 del vars, 577 del conss, 0 add conss, 7311 chg bounds, 0 chg sides, 4679 chg coeffs, 1176 upgd conss, 531336 impls, 10 clqs
(round 171, exhaustive) 1474 del vars, 577 del conss, 0 add conss, 7311 chg bounds, 0 chg sides, 4679 chg coeffs, 1181 upgd conss, 531336 impls, 10 clqs
(round 172, exhaustive) 1500 del vars, 577 del conss, 0 add conss, 7311 chg bounds, 0 chg sides, 4679 chg coeffs, 1181 upgd conss, 542157 impls, 10 clqs
(round 173, fast)       1500 del vars, 593 del conss, 0 add conss, 7311 chg bounds, 0 chg sides, 4679 chg coeffs, 1181 upgd conss, 542157 impls, 10 clqs
(round 174, exhaustive) 1500 del vars, 593 del conss, 0 add conss, 7311 chg bounds, 0 chg sides, 4679 chg coeffs, 1185 upgd conss, 542157 impls, 10 clqs
(round 175, exhaustive) 1527 del vars, 593 del conss, 0 add conss, 7311 chg bounds, 0 chg sides, 4679 chg coeffs, 1185 upgd conss, 552971 impls, 10 clqs
(round 176, fast)       1527 del vars, 609 del conss, 0 add conss, 7311 chg bounds, 0 chg sides, 4679 chg coeffs, 1185 upgd conss, 552971 impls, 10 clqs
(round 177, exhaustive) 1527 del vars, 609 del conss, 0 add conss, 7311 chg bounds, 0 chg sides, 4679 chg coeffs, 1191 upgd conss, 552971 impls, 10 clqs
(round 178, exhaustive) 1557 del vars, 609 del conss, 0 add conss, 7311 chg bounds, 0 chg sides, 4679 chg coeffs, 1191 upgd conss, 554088 impls, 10 clqs
(round 179, fast)       1557 del vars, 628 del conss, 0 add conss, 7311 chg bounds, 0 chg sides, 4679 chg coeffs, 1191 upgd conss, 554088 impls, 10 clqs
(round 180, exhaustive) 1557 del vars, 628 del conss, 0 add conss, 7311 chg bounds, 0 chg sides, 4679 chg coeffs, 1194 upgd conss, 554088 impls, 10 clqs
(round 181, exhaustive) 1583 del vars, 628 del conss, 0 add conss, 7311 chg bounds, 0 chg sides, 4679 chg coeffs, 1194 upgd conss, 563421 impls, 10 clqs
(round 182, fast)       1583 del vars, 644 del conss, 0 add conss, 7311 chg bounds, 0 chg sides, 4679 chg coeffs, 1194 upgd conss, 563421 impls, 10 clqs
(round 183, exhaustive) 1583 del vars, 644 del conss, 0 add conss, 7311 chg bounds, 0 chg sides, 4679 chg coeffs, 1198 upgd conss, 563421 impls, 10 clqs
(round 184, exhaustive) 1608 del vars, 644 del conss, 0 add conss, 7311 chg bounds, 0 chg sides, 4679 chg coeffs, 1198 upgd conss, 567746 impls, 10 clqs
(round 185, fast)       1610 del vars, 661 del conss, 0 add conss, 7313 chg bounds, 0 chg sides, 4679 chg coeffs, 1198 upgd conss, 567746 impls, 10 clqs
(round 186, exhaustive) 1610 del vars, 661 del conss, 0 add conss, 7313 chg bounds, 0 chg sides, 4679 chg coeffs, 1201 upgd conss, 567746 impls, 10 clqs
(round 187, exhaustive) 1639 del vars, 661 del conss, 0 add conss, 7313 chg bounds, 0 chg sides, 4679 chg coeffs, 1201 upgd conss, 575304 impls, 10 clqs
(round 188, fast)       1639 del vars, 679 del conss, 0 add conss, 7313 chg bounds, 0 chg sides, 4679 chg coeffs, 1201 upgd conss, 575304 impls, 10 clqs
(round 189, exhaustive) 1639 del vars, 679 del conss, 0 add conss, 7313 chg bounds, 0 chg sides, 4679 chg coeffs, 1205 upgd conss, 575304 impls, 10 clqs
(round 190, exhaustive) 1664 del vars, 679 del conss, 0 add conss, 7313 chg bounds, 0 chg sides, 4679 chg coeffs, 1205 upgd conss, 581793 impls, 10 clqs
(round 191, fast)       1664 del vars, 693 del conss, 0 add conss, 7313 chg bounds, 0 chg sides, 4679 chg coeffs, 1205 upgd conss, 581793 impls, 10 clqs
(round 192, exhaustive) 1664 del vars, 693 del conss, 0 add conss, 7313 chg bounds, 0 chg sides, 4679 chg coeffs, 1209 upgd conss, 581793 impls, 10 clqs
(round 193, exhaustive) 1691 del vars, 693 del conss, 0 add conss, 7313 chg bounds, 0 chg sides, 4679 chg coeffs, 1209 upgd conss, 591682 impls, 10 clqs
(round 194, fast)       1691 del vars, 710 del conss, 0 add conss, 7313 chg bounds, 0 chg sides, 4679 chg coeffs, 1209 upgd conss, 591682 impls, 10 clqs
(round 195, exhaustive) 1691 del vars, 710 del conss, 0 add conss, 7313 chg bounds, 0 chg sides, 4679 chg coeffs, 1212 upgd conss, 591682 impls, 10 clqs
(round 196, exhaustive) 1716 del vars, 710 del conss, 0 add conss, 7313 chg bounds, 0 chg sides, 4679 chg coeffs, 1212 upgd conss, 596472 impls, 10 clqs
(round 197, fast)       1721 del vars, 729 del conss, 0 add conss, 7318 chg bounds, 0 chg sides, 4679 chg coeffs, 1212 upgd conss, 596472 impls, 10 clqs
(round 198, exhaustive) 1721 del vars, 729 del conss, 0 add conss, 7318 chg bounds, 0 chg sides, 4679 chg coeffs, 1215 upgd conss, 596472 impls, 10 clqs
   (7.2s) sparsify finished: 2/17891 (0.0%) nonzeros canceled - in total 10 canceled nonzeros, 1575 changed coefficients, 0 added nonzeros
(round 199, exhaustive) 1721 del vars, 729 del conss, 0 add conss, 7318 chg bounds, 0 chg sides, 4955 chg coeffs, 1215 upgd conss, 596475 impls, 10 clqs
(round 200, exhaustive) 1747 del vars, 729 del conss, 0 add conss, 7318 chg bounds, 0 chg sides, 4955 chg coeffs, 1215 upgd conss, 598830 impls, 10 clqs
(round 201, fast)       1747 del vars, 746 del conss, 0 add conss, 7318 chg bounds, 0 chg sides, 4955 chg coeffs, 1215 upgd conss, 598830 impls, 10 clqs
(round 202, exhaustive) 1772 del vars, 746 del conss, 0 add conss, 7318 chg bounds, 0 chg sides, 4955 chg coeffs, 1216 upgd conss, 604105 impls, 10 clqs
(round 203, fast)       1772 del vars, 761 del conss, 0 add conss, 7318 chg bounds, 0 chg sides, 4955 chg coeffs, 1216 upgd conss, 604106 impls, 10 clqs
(round 204, exhaustive) 1772 del vars, 761 del conss, 0 add conss, 7318 chg bounds, 0 chg sides, 4955 chg coeffs, 1221 upgd conss, 604106 impls, 10 clqs
(round 205, exhaustive) 1797 del vars, 761 del conss, 0 add conss, 7318 chg bounds, 0 chg sides, 4955 chg coeffs, 1221 upgd conss, 614040 impls, 10 clqs
(round 206, fast)       1798 del vars, 777 del conss, 0 add conss, 7319 chg bounds, 0 chg sides, 4955 chg coeffs, 1221 upgd conss, 614040 impls, 10 clqs
(round 207, exhaustive) 1798 del vars, 777 del conss, 0 add conss, 7319 chg bounds, 0 chg sides, 4955 chg coeffs, 1225 upgd conss, 614040 impls, 10 clqs
(round 208, exhaustive) 1824 del vars, 777 del conss, 0 add conss, 7319 chg bounds, 0 chg sides, 4955 chg coeffs, 1225 upgd conss, 617413 impls, 10 clqs
(round 209, fast)       1824 del vars, 794 del conss, 0 add conss, 7319 chg bounds, 0 chg sides, 4955 chg coeffs, 1225 upgd conss, 617413 impls, 10 clqs
   (7.5s) probing: 3000/3390 (88.5%) - 1768 fixings, 0 aggregations, 620849 implications, 0 bound changes
(round 210, exhaustive) 1850 del vars, 794 del conss, 0 add conss, 7319 chg bounds, 0 chg sides, 4955 chg coeffs, 1226 upgd conss, 630291 impls, 10 clqs
(round 211, fast)       1850 del vars, 811 del conss, 0 add conss, 7319 chg bounds, 0 chg sides, 4955 chg coeffs, 1226 upgd conss, 630292 impls, 10 clqs
   (7.5s) running MILP presolver
   (7.5s) MILP presolver (2 rounds): 0 aggregations, 6 fixings, 0 bound changes
(round 212, medium)     1856 del vars, 815 del conss, 0 add conss, 7319 chg bounds, 0 chg sides, 4955 chg coeffs, 1226 upgd conss, 630292 impls, 10 clqs
(round 213, exhaustive) 1881 del vars, 815 del conss, 0 add conss, 7319 chg bounds, 0 chg sides, 4955 chg coeffs, 1227 upgd conss, 636431 impls, 10 clqs
(round 214, fast)       1883 del vars, 833 del conss, 0 add conss, 7321 chg bounds, 0 chg sides, 4955 chg coeffs, 1227 upgd conss, 636432 impls, 10 clqs
(round 215, exhaustive) 1908 del vars, 833 del conss, 0 add conss, 7321 chg bounds, 0 chg sides, 4955 chg coeffs, 1227 upgd conss, 642254 impls, 10 clqs
(round 216, fast)       1909 del vars, 850 del conss, 0 add conss, 7322 chg bounds, 0 chg sides, 4955 chg coeffs, 1227 upgd conss, 642254 impls, 10 clqs
(round 217, exhaustive) 1934 del vars, 850 del conss, 0 add conss, 7322 chg bounds, 0 chg sides, 4955 chg coeffs, 1228 upgd conss, 643997 impls, 10 clqs
(round 218, fast)       1935 del vars, 867 del conss, 0 add conss, 7323 chg bounds, 0 chg sides, 4955 chg coeffs, 1228 upgd conss, 643998 impls, 10 clqs
   (7.7s) sparsify finished: 2/17109 (0.0%) nonzeros canceled - in total 12 canceled nonzeros, 1840 changed coefficients, 0 added nonzeros
(round 219, exhaustive) 1935 del vars, 867 del conss, 0 add conss, 7323 chg bounds, 0 chg sides, 5220 chg coeffs, 1229 upgd conss, 643998 impls, 10 clqs
(round 220, exhaustive) 1961 del vars, 867 del conss, 0 add conss, 7323 chg bounds, 0 chg sides, 5220 chg coeffs, 1229 upgd conss, 650747 impls, 10 clqs
(round 221, fast)       1961 del vars, 884 del conss, 0 add conss, 7323 chg bounds, 0 chg sides, 5220 chg coeffs, 1229 upgd conss, 650747 impls, 10 clqs
(round 222, exhaustive) 1988 del vars, 884 del conss, 0 add conss, 7323 chg bounds, 0 chg sides, 5220 chg coeffs, 1230 upgd conss, 658741 impls, 10 clqs
(round 223, fast)       1988 del vars, 901 del conss, 0 add conss, 7323 chg bounds, 0 chg sides, 5220 chg coeffs, 1230 upgd conss, 658742 impls, 10 clqs
(round 224, exhaustive) 1988 del vars, 901 del conss, 0 add conss, 7323 chg bounds, 0 chg sides, 5220 chg coeffs, 1233 upgd conss, 658742 impls, 10 clqs
(round 225, exhaustive) 2013 del vars, 901 del conss, 0 add conss, 7323 chg bounds, 0 chg sides, 5220 chg coeffs, 1233 upgd conss, 663670 impls, 10 clqs
(round 226, fast)       2015 del vars, 919 del conss, 0 add conss, 7325 chg bounds, 0 chg sides, 5220 chg coeffs, 1233 upgd conss, 663670 impls, 10 clqs
   (8.1s) sparsify finished: 2/16815 (0.0%) nonzeros canceled - in total 14 canceled nonzeros, 2079 changed coefficients, 0 added nonzeros
(round 227, exhaustive) 2015 del vars, 919 del conss, 0 add conss, 7325 chg bounds, 0 chg sides, 5459 chg coeffs, 1233 upgd conss, 663670 impls, 10 clqs
(round 228, exhaustive) 2041 del vars, 919 del conss, 0 add conss, 7325 chg bounds, 0 chg sides, 5459 chg coeffs, 1233 upgd conss, 670699 impls, 10 clqs
(round 229, fast)       2041 del vars, 936 del conss, 0 add conss, 7325 chg bounds, 0 chg sides, 5459 chg coeffs, 1233 upgd conss, 670699 impls, 10 clqs
(round 230, exhaustive) 2071 del vars, 936 del conss, 0 add conss, 7325 chg bounds, 0 chg sides, 5459 chg coeffs, 1234 upgd conss, 676503 impls, 10 clqs
(round 231, fast)       2071 del vars, 956 del conss, 0 add conss, 7325 chg bounds, 0 chg sides, 5459 chg coeffs, 1234 upgd conss, 676504 impls, 10 clqs
(round 232, exhaustive) 2101 del vars, 956 del conss, 0 add conss, 7325 chg bounds, 0 chg sides, 5459 chg coeffs, 1234 upgd conss, 680617 impls, 10 clqs
(round 233, fast)       2101 del vars, 976 del conss, 0 add conss, 7325 chg bounds, 0 chg sides, 5459 chg coeffs, 1234 upgd conss, 680617 impls, 10 clqs
(round 234, exhaustive) 2127 del vars, 976 del conss, 0 add conss, 7325 chg bounds, 0 chg sides, 5459 chg coeffs, 1234 upgd conss, 685631 impls, 10 clqs
(round 235, fast)       2127 del vars, 993 del conss, 0 add conss, 7325 chg bounds, 0 chg sides, 5459 chg coeffs, 1234 upgd conss, 685631 impls, 10 clqs
(round 236, exhaustive) 2154 del vars, 993 del conss, 0 add conss, 7325 chg bounds, 0 chg sides, 5459 chg coeffs, 1235 upgd conss, 689425 impls, 10 clqs
(round 237, fast)       2154 del vars, 1011 del conss, 0 add conss, 7325 chg bounds, 0 chg sides, 5459 chg coeffs, 1235 upgd conss, 689425 impls, 10 clqs
   (8.5s) probing cycle finished: starting next cycle
   (8.5s) probing: 52/2266 (2.3%) - 2083 fixings, 0 aggregations, 688201 implications, 0 bound changes
   (8.5s) probing aborted: 50/50 successive totally useless probings
(round 238, exhaustive) 2160 del vars, 1011 del conss, 0 add conss, 7325 chg bounds, 0 chg sides, 5459 chg coeffs, 1235 upgd conss, 689425 impls, 10 clqs
(round 239, fast)       2160 del vars, 1015 del conss, 0 add conss, 7325 chg bounds, 0 chg sides, 5459 chg coeffs, 1235 upgd conss, 689425 impls, 10 clqs
   (8.6s) probing: 57/2266 (2.5%) - 2083 fixings, 0 aggregations, 688201 implications, 0 bound changes
   (8.6s) probing aborted: 50/50 successive totally useless probings
   (8.6s) symmetry computation started: requiring (bin +, int -, cont +), (fixed: bin -, int +, cont -)
   (8.6s) no symmetry present
presolving (240 rounds: 240 fast, 161 medium, 159 exhaustive):
 2160 deleted vars, 1015 deleted constraints, 0 added constraints, 7325 tightened bounds, 0 added holes, 0 changed sides, 5459 changed coefficients
 689425 implications, 10 cliques
presolved problem has 4640 variables (2266 bin, 0 int, 0 impl, 2374 cont) and 2405 constraints
    216 constraints of type <varbound>
     10 constraints of type <setppc>
   2179 constraints of type <linear>
Presolving Time: 8.57

 time | node  | left  |LP iter|LP it/n|mem/heur|mdpt |vars |cons |rows |cuts |sepa|confs|strbr|  dualbound   | primalbound  |  gap   | compl. 
  9.1s|     1 |     0 |   378 |     - |   146M |   0 |4640 |2406 |2405 |   0 |  0 |   0 |   0 |-3.161819e+00 |      --      |    Inf | unknown
o 9.1s|     1 |     0 |  1435 |     - |feaspump|   0 |4640 |2406 |2405 |   0 |  0 |   0 |   0 |-3.161819e+00 |-3.161819e+00 |   0.00%| unknown
  9.1s|     1 |     0 |  1435 |     - |   146M |   0 |4640 |2406 |2405 |   0 |  0 |   0 |   0 |-3.161819e+00 |-3.161819e+00 |   0.00%| unknown

SCIP Status        : problem is solved [optimal solution found]
Solving Time (sec) : 9.14
Solving Nodes      : 1
Primal Bound       : -3.16181852944390e+00 (1 solutions)
Dual Bound         : -3.16181852944390e+00
Gap                : 0.00 %

primal solution (original space):
=================================

objective value:                     -3.1618185294439
y_5,142_                                            1 	(obj:0)
y_6,142_                                            1 	(obj:0)
y_3,143_                                            1 	(obj:0)
y_4,143_                                            1 	(obj:0)
y_7,143_                                            1 	(obj:0)
y_1,144_                                            1 	(obj:0)
y_2,144_                                            1 	(obj:0)
y_8,144_                                            1 	(obj:0)
y_9,144_                                            1 	(obj:0)
y_10,144_                                           1 	(obj:0)
x_5_                               -0.324483775811209 	(obj:1)
t_6,143_                                            1 	(obj:0)
t_3,144_                           0.0358796296295184 	(obj:0)
x_6_                               -0.324483775811209 	(obj:1)
x_2_                               -0.312684365781711 	(obj:1)
t_2,144_                                            1 	(obj:0)
t_7,144_                                            1 	(obj:0)
t_4,144_                                            1 	(obj:0)
x_7_                               -0.312684365781711 	(obj:1)
t_1,144_                                            1 	(obj:0)
t_8,144_                                            1 	(obj:0)
t_5,143_                                            1 	(obj:0)
x_8_                               -0.312684365781711 	(obj:1)
x_10_                              -0.312684365781711 	(obj:1)
t_9,144_                                            1 	(obj:0)
x_4_                               -0.312684365781711 	(obj:1)
x_9_                               -0.312684365781711 	(obj:1)
x_1_                               -0.312684365781711 	(obj:1)
t_10,144_                                           1 	(obj:0)
x_3_                               -0.324060417349504 	(obj:1)
t_3,143_                            0.964120370370482 	(obj:0)

Statistics
==========

SCIP Status        : problem is solved [optimal solution found]
Total Time         :       9.16
  solving          :       9.14
  presolving       :       8.57 (included in solving)
  reading          :       0.02
  copying          :       0.00 (0 times copied the problem)
Original Problem   :
  Problem name     : ../modeles/10_339.lp
  Variables        : 6800 (3390 binary, 0 integer, 0 implicit integer, 3410 continuous)
  Constraints      : 3431 initial, 3431 maximal
  Objective        : minimize, 10 non-zeros (abs.min = 1, abs.max = 1)
Presolved Problem  :
  Problem name     : t_../modeles/10_339.lp
  Variables        : 4640 (2266 binary, 0 integer, 0 implicit integer, 2374 continuous)
  Constraints      : 2405 initial, 2406 maximal
  Objective        : minimize, 2374 non-zeros (abs.min = 0.00589971, abs.max = 1.41003)
  Nonzeros         : 16282 constraint, 2266 clique table
Presolvers         :   ExecTime  SetupTime  Calls  FixedVars   AggrVars   ChgTypes  ChgBounds   AddHoles    DelCons    AddCons   ChgSides   ChgCoefs
  boundshift       :       0.00       0.00      0          0          0          0          0          0          0          0          0          0
  convertinttobin  :       0.00       0.00      0          0          0          0          0          0          0          0          0          0
  domcol           :       1.54       0.00     90          0          0          0          0          0          0          0          0          0
  dualagg          :       0.00       0.00      0          0          0          0          0          0          0          0          0          0
  dualcomp         :       0.30       0.00     90          0          0          0          0          0          0          0          0          0
  dualinfer        :       0.00       0.00      0          0          0          0          0          0          0          0          0          0
  dualsparsify     :       0.01       0.00      1          0          0          0          0          0          0          0          0          0
  gateextraction   :       0.00       0.00      0          0          0          0          0          0          0          0          0          0
  implics          :       0.02       0.00    161          0          0          0          0          0          0          0          0          0
  inttobinary      :       0.00       0.00      0          0          0          0          0          0          0          0          0          0
  milp             :       0.15       0.00      3         22          0          0         40          0          0          0          0          0
  qpkktref         :       0.00       0.00      0          0          0          0          0          0          0          0          0          0
  redvub           :       0.00       0.00      0          0          0          0          0          0          0          0          0          0
  sparsify         :       0.49       0.00     25          0          0          0          0          0          0          0          0       2079
  stuffing         :       0.00       0.00      0          0          0          0          0          0          0          0          0          0
  trivial          :       0.03       0.00    240          0          0          0          0          0          0          0          0          0
  tworowbnd        :       0.00       0.00      0          0          0          0          0          0          0          0          0          0
  dualfix          :       0.03       0.00    240          0          0          0          0          0          0          0          0          0
  genvbounds       :       0.00       0.00      0          0          0          0          0          0          0          0          0          0
  probing          :       5.06       0.00     83       2083          0          0          0          0          0          0          0          0
  pseudoobj        :       0.00       0.00      0          0          0          0          0          0          0          0          0          0
  symmetry         :       0.01       0.00      1          0          0          0          0          0          0          0          0          0
  vbounds          :       0.00       0.00      1          0          0          0          0          0          0          0          0          0
  varbound         :       0.04       0.00    397          0          0          0         44          0       1009          0          0          0
  setppc           :       0.06       0.00    555          0          0          0          0          0          0          0          0          0
  linear           :       0.79       0.00    399         45         10          0       7241          0          6          0          0       3380
  logicor          :       0.00       0.00      0          0          0          0          0          0          0          0          0          0
  benders          :       0.00       0.00      0          0          0          0          0          0          0          0          0          0
  components       :       0.00       0.00      1          0          0          0          0          0          0          0          0          0
  root node        :          -          -      -          0          -          -          0          -          -          -          -          -
Constraints        :     Number  MaxNumber  #Separate #Propagate    #EnfoLP    #EnfoRelax  #EnfoPS    #Check   #ResProp    Cutoffs    DomReds       Cuts    Applied      Conss   Children
  benderslp        :          0          0          0          0          0          0          0         12          0          0          0          0          0          0          0
  integral         :          0          0          0          0          0          0          0         12          0          0          0          0          0          0          0
  varbound         :        216        216          0      11263          0          0          0          6          0          0          0          0          0          0          0
  setppc           :         10         10          0      11263          0          0          0          6          0          0          0          0          0          0          0
  linear           :       2179       2179          0      11263          0          0          0          1          0       1586          0          0          0          0          0
  logicor          :          0+         1          0          7          0          0          0          0          0          0          0          0          0          0          0
  benders          :          0          0          0          0          0          0          0          2          0          0          0          0          0          0          0
  countsols        :          0          0          0          0          0          0          0          2          0          0          0          0          0          0          0
  components       :          0          0          0          0          0          0          0          0          0          0          0          0          0          0          0
Constraint Timings :  TotalTime  SetupTime   Separate  Propagate     EnfoLP     EnfoPS     EnfoRelax   Check    ResProp    SB-Prop
  benderslp        :       0.00       0.00       0.00       0.00       0.00       0.00       0.00       0.00       0.00       0.00
  integral         :       0.00       0.00       0.00       0.00       0.00       0.00       0.00       0.00       0.00       0.00
  varbound         :       0.25       0.00       0.00       0.25       0.00       0.00       0.00       0.00       0.00       0.00
  setppc           :       0.10       0.00       0.00       0.10       0.00       0.00       0.00       0.00       0.00       0.00
  linear           :       1.34       0.00       0.00       1.33       0.00       0.00       0.00       0.00       0.00       0.00
  logicor          :       0.00       0.00       0.00       0.00       0.00       0.00       0.00       0.00       0.00       0.00
  benders          :       0.00       0.00       0.00       0.00       0.00       0.00       0.00       0.00       0.00       0.00
  countsols        :       0.00       0.00       0.00       0.00       0.00       0.00       0.00       0.00       0.00       0.00
  components       :       0.00       0.00       0.00       0.00       0.00       0.00       0.00       0.00       0.00       0.00
Propagators        : #Propagate   #ResProp    Cutoffs    DomReds
  dualfix          :          1          0          0          0
  genvbounds       :          0          0          0          0
  nlobbt           :          0          0          0          0
  obbt             :          0          0          0          0
  probing          :          0          0          0          0
  pseudoobj        :          2          0          0          0
  redcost          :          1          0          0          0
  rootredcost      :          0          0          0          0
  symmetry         :          0          0          0          0
  vbounds          :       1047          0          0          0
Propagator Timings :  TotalTime  SetupTime   Presolve  Propagate    ResProp    SB-Prop
  dualfix          :       0.03       0.00       0.03       0.00       0.00       0.00
  genvbounds       :       0.00       0.00       0.00       0.00       0.00       0.00
  nlobbt           :       0.00       0.00       0.00       0.00       0.00       0.00
  obbt             :       0.00       0.00       0.00       0.00       0.00       0.00
  probing          :       5.06       0.00       5.06       0.00       0.00       0.00
  pseudoobj        :       0.01       0.00       0.00       0.01       0.00       0.00
  redcost          :       0.00       0.00       0.00       0.00       0.00       0.00
  rootredcost      :       0.00       0.00       0.00       0.00       0.00       0.00
  symmetry         :       0.02       0.00       0.01       0.00       0.00       0.00
  vbounds          :       0.07       0.00       0.00       0.07       0.00       0.00
Conflict Analysis  :       Time      Calls    Success    DomReds  Conflicts   Literals    Reconvs ReconvLits   Dualrays   Nonzeros   LP Iters   (pool size: [10000,10000])
  propagation      :       0.00          0          0          -          0        0.0          0        0.0          -          -          -
  infeasible LP    :       0.00          0          0          -          0        0.0          0        0.0          0        0.0          0
  bound exceed. LP :       0.00          0          0          -          0        0.0          0        0.0          0        0.0          0
  strong branching :       0.00          0          0          -          0        0.0          0        0.0          -          -          0
  pseudo solution  :       0.00          0          0          -          0        0.0          0        0.0          -          -          -
  applied globally :       0.00          -          -          0          0        0.0          -          -          0          -          -
  applied locally  :          -          -          -          0          0        0.0          -          -          0          -          -
Separators         :   ExecTime  SetupTime      Calls    Cutoffs    DomReds       Cuts    Applied      Conss
  cut pool         :       0.00                     0          -          -          0          -          -    (maximal pool size: 0)
  aggregation      :       0.00       0.00          0          0          0          0          0          0
  > cmir           :          -          -          -          -          -          -          0          -
  > flowcover      :          -          -          -          -          -          -          0          -
  > knapsackcover  :          -          -          -          -          -          -          0          -
  cgmip            :       0.00       0.00          0          0          0          0          0          0
  clique           :       0.00       0.00          0          0          0          0          0          0
  closecuts        :       0.00       0.00          0          0          0          0          0          0
  convexproj       :       0.00       0.00          0          0          0          0          0          0
  disjunctive      :       0.00       0.00          0          0          0          0          0          0
  eccuts           :       0.00       0.00          0          0          0          0          0          0
  gauge            :       0.00       0.00          0          0          0          0          0          0
  gomory           :       0.00       0.00          0          0          0          0          0          0
  > gomorymi       :          -          -          -          -          -          -          0          -
  > strongcg       :          -          -          -          -          -          -          0          -
  impliedbounds    :       0.00       0.00          0          0          0          0          0          0
  interminor       :       0.00       0.00          0          0          0          0          0          0
  intobj           :       0.00       0.00          0          0          0          0          0          0
  mcf              :       0.00       0.00          0          0          0          0          0          0
  minor            :       0.00       0.00          0          0          0          0          0          0
  mixing           :       0.00       0.00          0          0          0          0          0          0
  oddcycle         :       0.00       0.00          0          0          0          0          0          0
  rapidlearning    :       0.00       0.00          0          0          0          0          0          0
  rlt              :       0.00       0.00          0          0          0          0          0          0
  zerohalf         :       0.00       0.00          0          0          0          0          0          0
Cutselectors       :   ExecTime  SetupTime
  hybrid           :       0.00       0.00
Pricers            :   ExecTime  SetupTime      Calls       Vars
  problem variables:       0.00          -          0          0
Branching Rules    :   ExecTime  SetupTime   BranchLP  BranchExt   BranchPS    Cutoffs    DomReds       Cuts      Conss   Children
  allfullstrong    :       0.00       0.00          0          0          0          0          0          0          0          0
  cloud            :       0.00       0.00          0          0          0          0          0          0          0          0
  distribution     :       0.00       0.00          0          0          0          0          0          0          0          0
  fullstrong       :       0.00       0.00          0          0          0          0          0          0          0          0
  inference        :       0.00       0.00          0          0          0          0          0          0          0          0
  leastinf         :       0.00       0.00          0          0          0          0          0          0          0          0
  lookahead        :       0.00       0.00          0          0          0          0          0          0          0          0
  mostinf          :       0.00       0.00          0          0          0          0          0          0          0          0
  multaggr         :       0.00       0.00          0          0          0          0          0          0          0          0
  nodereopt        :       0.00       0.00          0          0          0          0          0          0          0          0
  pscost           :       0.00       0.00          0          0          0          0          0          0          0          0
  random           :       0.00       0.00          0          0          0          0          0          0          0          0
  relpscost        :       0.00       0.00          0          0          0          0          0          0          0          0
  vanillafullstrong:       0.00       0.00          0          0          0          0          0          0          0          0
Primal Heuristics  :   ExecTime  SetupTime      Calls      Found       Best
  LP solutions     :       0.00          -          -          0          0
  relax solutions  :       0.00          -          -          0          0
  pseudo solutions :       0.00          -          -          0          0
  strong branching :       0.00          -          -          0          0
  actconsdiving    :       0.00       0.00          0          0          0
  adaptivediving   :       0.00       0.00          0          0          0
  alns             :       0.00       0.00          0          0          0
  bound            :       0.00       0.00          0          0          0
  clique           :       0.03       0.00          1          0          0
  coefdiving       :       0.00       0.00          0          0          0
  completesol      :       0.00       0.00          0          0          0
  conflictdiving   :       0.00       0.00          0          0          0
  crossover        :       0.00       0.00          0          0          0
  dins             :       0.00       0.00          0          0          0
  distributiondivin:       0.00       0.00          0          0          0
  dps              :       0.00       0.00          0          0          0
  dualval          :       0.00       0.00          0          0          0
  farkasdiving     :       0.00       0.00          0          0          0
  feaspump         :       0.02       0.00          1          1          1
  fixandinfer      :       0.00       0.00          0          0          0
  fracdiving       :       0.00       0.00          0          0          0
  gins             :       0.00       0.00          0          0          0
  guideddiving     :       0.00       0.00          0          0          0
  indicator        :       0.00       0.00          0          0          0
  intdiving        :       0.00       0.00          0          0          0
  intshifting      :       0.00       0.00          0          0          0
  linesearchdiving :       0.00       0.00          0          0          0
  localbranching   :       0.00       0.00          0          0          0
  locks            :       0.34       0.00          1          0          0
  lpface           :       0.00       0.00          0          0          0
  mpec             :       0.00       0.00          0          0          0
  multistart       :       0.00       0.00          0          0          0
  mutation         :       0.00       0.00          0          0          0
  nlpdiving        :       0.00       0.00          0          0          0
  objpscostdiving  :       0.00       0.00          0          0          0
  octane           :       0.00       0.00          0          0          0
  ofins            :       0.00       0.00          0          0          0
  oneopt           :       0.00       0.00          0          0          0
  padm             :       0.00       0.00          0          0          0
  proximity        :       0.00       0.00          0          0          0
  pscostdiving     :       0.00       0.00          0          0          0
  randrounding     :       0.00       0.00          1          0          0
  rens             :       0.00       0.00          0          0          0
  reoptsols        :       0.00       0.00          0          0          0
  repair           :       0.00       0.00          0          0          0
  rins             :       0.00       0.00          0          0          0
  rootsoldiving    :       0.00       0.00          0          0          0
  rounding         :       0.00       0.00          1          0          0
  shiftandpropagate:       0.03       0.00          1          0          0
  shifting         :       0.01       0.00          1          0          0
  simplerounding   :       0.00       0.00          0          0          0
  subnlp           :       0.00       0.00          0          0          0
  trivial          :       0.01       0.00          2          0          0
  trivialnegation  :       0.00       0.00          0          0          0
  trustregion      :       0.00       0.00          0          0          0
  trysol           :       0.00       0.00          0          0          0
  twoopt           :       0.00       0.00          0          0          0
  undercover       :       0.00       0.00          0          0          0
  vbounds          :       0.01       0.00          0          0          0
  veclendiving     :       0.00       0.00          0          0          0
  zeroobj          :       0.00       0.00          0          0          0
  zirounding       :       0.00       0.00          0          0          0
  other solutions  :          -          -          -          0          -
Diving (single)    :      Calls      Nodes   LP Iters Backtracks  Conflicts   MinDepth   MaxDepth   AvgDepth  RoundSols  NLeafSols  MinSolDpt  MaxSolDpt  AvgSolDpt
  actconsdiving    :          0          -          -          -          -          -          -          -          -          -          -          -          -
  coefdiving       :          0          -          -          -          -          -          -          -          -          -          -          -          -
  conflictdiving   :          0          -          -          -          -          -          -          -          -          -          -          -          -
  distributiondivin:          0          -          -          -          -          -          -          -          -          -          -          -          -
  farkasdiving     :          0          -          -          -          -          -          -          -          -          -          -          -          -
  fracdiving       :          0          -          -          -          -          -          -          -          -          -          -          -          -
  guideddiving     :          0          -          -          -          -          -          -          -          -          -          -          -          -
  linesearchdiving :          0          -          -          -          -          -          -          -          -          -          -          -          -
  pscostdiving     :          0          -          -          -          -          -          -          -          -          -          -          -          -
  veclendiving     :          0          -          -          -          -          -          -          -          -          -          -          -          -
Diving (adaptive)  :      Calls      Nodes   LP Iters Backtracks  Conflicts   MinDepth   MaxDepth   AvgDepth  RoundSols  NLeafSols  MinSolDpt  MaxSolDpt  AvgSolDpt
  actconsdiving    :          0          -          -          -          -          -          -          -          -          -          -          -          -
  coefdiving       :          0          -          -          -          -          -          -          -          -          -          -          -          -
  conflictdiving   :          0          -          -          -          -          -          -          -          -          -          -          -          -
  distributiondivin:          0          -          -          -          -          -          -          -          -          -          -          -          -
  farkasdiving     :          0          -          -          -          -          -          -          -          -          -          -          -          -
  fracdiving       :          0          -          -          -          -          -          -          -          -          -          -          -          -
  guideddiving     :          0          -          -          -          -          -          -          -          -          -          -          -          -
  linesearchdiving :          0          -          -          -          -          -          -          -          -          -          -          -          -
  pscostdiving     :          0          -          -          -          -          -          -          -          -          -          -          -          -
  veclendiving     :          0          -          -          -          -          -          -          -          -          -          -          -          -
Neighborhoods      :      Calls  SetupTime  SolveTime SolveNodes       Sols       Best       Exp3  EpsGreedy        UCB TgtFixRate  Opt  Inf Node Stal  Sol  Usr Othr Actv
  rens             :          0       0.00       0.00          0          0          0    0.00000   -1.00000    1.00000      0.900    0    0    0    0    0    0    0    1
  rins             :          0       0.00       0.00          0          0          0    0.00000   -1.00000    1.00000      0.900    0    0    0    0    0    0    0    1
  mutation         :          0       0.00       0.00          0          0          0    0.00000   -1.00000    1.00000      0.900    0    0    0    0    0    0    0    1
  localbranching   :          0       0.00       0.00          0          0          0    0.00000   -1.00000    1.00000      0.900    0    0    0    0    0    0    0    1
  crossover        :          0       0.00       0.00          0          0          0    0.00000   -1.00000    1.00000      0.900    0    0    0    0    0    0    0    1
  proximity        :          0       0.00       0.00          0          0          0    0.00000   -1.00000    1.00000      0.900    0    0    0    0    0    0    0    1
  zeroobjective    :          0       0.00       0.00          0          0          0    0.00000   -1.00000    1.00000      0.900    0    0    0    0    0    0    0    1
  dins             :          0       0.00       0.00          0          0          0    0.00000   -1.00000    1.00000      0.900    0    0    0    0    0    0    0    1
  trustregion      :          0       0.00       0.00          0          0          0    0.00000   -1.00000    1.00000      0.900    0    0    0    0    0    0    0    0
LP                 :       Time      Calls Iterations  Iter/call   Iter/sec  Time-0-It Calls-0-It    ItLimit
  primal LP        :       0.00          0          0       0.00          -       0.00          0
  dual LP          :       0.02          1        272     272.00   15548.19       0.00          0
  lex dual LP      :       0.00          0          0       0.00          -
  barrier LP       :       0.00          0          0       0.00          -       0.00          0
  resolve instable :       0.00          0          0       0.00          -
  diving/probing LP:       0.03          2       1163     581.50   44877.48
  strong branching :       0.00          0          0       0.00          -          -          -          0
    (at root node) :          -          0          0       0.00          -
  conflict analysis:       0.00          0          0       0.00          -
B&B Tree           :
  number of runs   :          1
  nodes            :          1 (0 internal, 1 leaves)
  feasible leaves  :          0
  infeas. leaves   :          0
  objective leaves :          1
  nodes (total)    :          1 (0 internal, 1 leaves)
  nodes left       :          0
  max depth        :          0
  max depth (total):          0
  backtracks       :          0 (0.0%)
  early backtracks :          0 (0.0%)
  nodes exc. ref.  :          0 (0.0%)
  delayed cutoffs  :          0
  repropagations   :          0 (0 domain reductions, 0 cutoffs)
  avg switch length:       2.00
  switching time   :       0.00
Estim. Tree Size   :          1
Estimation Tree    : 1 nodes (1 visited, 0 internal, 1 leaves, 0 open), weight: 1.0000 completed 1.0000
Estimations        :      estim      value      trend resolution     smooth
  wbe              :          1          -          -          -          -
  tree-profile     :         -1          -          -          -          -
  gap              :          1    1.00000    1.00000          1          1
  tree-weight      :          1    1.00000    1.00000          1          1
  leaf-frequency   :          1    0.50000    1.00000          1          1
  ssg              :          1    0.00000   -1.00000          1          1
  open-nodes       :          1    0.00000    0.00000          1          1
Root Node          :
  First LP value   : -3.16181852944390e+00
  First LP Iters   :        272 (14791.45 Iter/sec)
  First LP Time    :       0.02
  Final Dual Bound : -3.16181852944390e+00
  Final Root Iters :       1329
  Root LP Estimate :                     -
Solution           :
  Solutions found  :          1 (1 improvements)
  First Solution   : -3.16181852944390e+00   (in run 1, after 1 nodes, 9.14 seconds, depth 0, found by <feaspump>)
  Gap First Sol.   :       0.00 %
  Gap Last Sol.    :       0.00 %
  Primal Bound     : -3.16181852944390e+00   (in run 1, after 1 nodes, 9.14 seconds, depth 0, found by <feaspump>)
  Dual Bound       : -3.16181852944390e+00
  Gap              :       0.00 %
Integrals          :      Total       Avg%
  primal-dual      :     913.75      99.98
  primal-ref       :          -          - (not evaluated)
  dual-ref         :          -          - (not evaluated)
