SCIP version 8.0.0 [precision: 8 byte] [memory: block] [mode: optimized] [LP solver: SoPlex 6.0.0] [GitHash: a740f0891e]
Copyright (C) 2002-2021 Konrad-Zuse-Zentrum fuer Informationstechnik Berlin (ZIB)

External libraries: 
  SoPlex 6.0.0         Linear Programming Solver developed at Zuse Institute Berlin (soplex.zib.de) [GitHash: 71a5873d]
  CppAD 20180000.0     Algorithmic Differentiation of C++ algorithms developed by B. Bell (github.com/coin-or/CppAD)
  ZLIB 1.2.11          General purpose compression library by J. Gailly and M. Adler (zlib.net)
  GMP 6.2.1            GNU Multiple Precision Arithmetic Library developed by T. Granlund (gmplib.org)
  ZIMPL 3.5.1          Zuse Institute Mathematical Programming Language developed by T. Koch (zimpl.zib.de)
  AMPL/MP 4e2d45c4     AMPL .nl file reader library (github.com/ampl/mp)
  PaPILO 2.0.0         parallel presolve for integer and linear optimization (github.com/scipopt/papilo) [GitHash: 76cafc1]
  bliss 0.73p          Computing Graph Automorphism Groups by T. Junttila and P. Kaski (www.tcs.hut.fi/Software/bliss/)
  Ipopt 3.13.2         Interior Point Optimizer developed by A. Waechter et.al. (github.com/coin-or/Ipopt)

user parameter file <scip.set> not found - using default parameters

read problem <../modeles/10_419.lp>
============

original problem has 8400 variables (4190 bin, 0 int, 0 impl, 4210 cont) and 4231 constraints

solve problem
=============

presolving:
(round 1, fast)       10 del vars, 0 del conss, 0 add conss, 8920 chg bounds, 0 chg sides, 0 chg coeffs, 0 upgd conss, 0 impls, 10 clqs
(round 2, fast)       10 del vars, 0 del conss, 0 add conss, 8920 chg bounds, 0 chg sides, 4180 chg coeffs, 0 upgd conss, 0 impls, 10 clqs
   (0.1s) running MILP presolver
   (0.2s) MILP presolver (2 rounds): 0 aggregations, 0 fixings, 60 bound changes
(round 3, exhaustive) 10 del vars, 0 del conss, 0 add conss, 8980 chg bounds, 0 chg sides, 4180 chg coeffs, 30 upgd conss, 0 impls, 10 clqs
(round 4, exhaustive) 35 del vars, 0 del conss, 0 add conss, 8980 chg bounds, 0 chg sides, 4180 chg coeffs, 30 upgd conss, 8798 impls, 10 clqs
(round 5, exhaustive) 35 del vars, 0 del conss, 0 add conss, 8980 chg bounds, 0 chg sides, 4180 chg coeffs, 80 upgd conss, 8798 impls, 10 clqs
(round 6, exhaustive) 60 del vars, 0 del conss, 0 add conss, 8980 chg bounds, 0 chg sides, 4180 chg coeffs, 80 upgd conss, 19298 impls, 10 clqs
(round 7, exhaustive) 60 del vars, 1 del conss, 0 add conss, 8980 chg bounds, 0 chg sides, 4180 chg coeffs, 127 upgd conss, 19298 impls, 10 clqs
(round 8, exhaustive) 85 del vars, 1 del conss, 0 add conss, 8980 chg bounds, 0 chg sides, 4180 chg coeffs, 127 upgd conss, 26867 impls, 10 clqs
(round 9, exhaustive) 85 del vars, 2 del conss, 0 add conss, 8980 chg bounds, 0 chg sides, 4180 chg coeffs, 174 upgd conss, 26867 impls, 10 clqs
(round 10, exhaustive) 110 del vars, 2 del conss, 0 add conss, 8980 chg bounds, 0 chg sides, 4180 chg coeffs, 174 upgd conss, 37773 impls, 10 clqs
(round 11, exhaustive) 110 del vars, 4 del conss, 0 add conss, 8980 chg bounds, 0 chg sides, 4180 chg coeffs, 218 upgd conss, 37773 impls, 10 clqs
(round 12, exhaustive) 135 del vars, 4 del conss, 0 add conss, 8980 chg bounds, 0 chg sides, 4180 chg coeffs, 218 upgd conss, 48257 impls, 10 clqs
(round 13, exhaustive) 136 del vars, 5 del conss, 0 add conss, 8981 chg bounds, 0 chg sides, 4180 chg coeffs, 267 upgd conss, 48257 impls, 10 clqs
(round 14, exhaustive) 161 del vars, 5 del conss, 0 add conss, 8981 chg bounds, 0 chg sides, 4180 chg coeffs, 267 upgd conss, 61242 impls, 10 clqs
(round 15, exhaustive) 161 del vars, 6 del conss, 0 add conss, 8981 chg bounds, 0 chg sides, 4180 chg coeffs, 314 upgd conss, 61242 impls, 10 clqs
(round 16, exhaustive) 186 del vars, 6 del conss, 0 add conss, 8981 chg bounds, 0 chg sides, 4180 chg coeffs, 314 upgd conss, 70043 impls, 10 clqs
(round 17, fast)       186 del vars, 10 del conss, 0 add conss, 8981 chg bounds, 0 chg sides, 4180 chg coeffs, 314 upgd conss, 70043 impls, 10 clqs
(round 18, exhaustive) 186 del vars, 10 del conss, 0 add conss, 8981 chg bounds, 0 chg sides, 4180 chg coeffs, 352 upgd conss, 70043 impls, 10 clqs
(round 19, exhaustive) 211 del vars, 10 del conss, 0 add conss, 8981 chg bounds, 0 chg sides, 4180 chg coeffs, 352 upgd conss, 77582 impls, 10 clqs
(round 20, fast)       211 del vars, 14 del conss, 0 add conss, 8981 chg bounds, 0 chg sides, 4180 chg coeffs, 352 upgd conss, 77582 impls, 10 clqs
(round 21, exhaustive) 211 del vars, 14 del conss, 0 add conss, 8981 chg bounds, 0 chg sides, 4180 chg coeffs, 390 upgd conss, 77582 impls, 10 clqs
   (1.9s) sparsify finished: 2/28753 (0.0%) nonzeros canceled - in total 2 canceled nonzeros, 418 changed coefficients, 0 added nonzeros
(round 22, exhaustive) 211 del vars, 14 del conss, 0 add conss, 8981 chg bounds, 0 chg sides, 4598 chg coeffs, 390 upgd conss, 77620 impls, 10 clqs
(round 23, exhaustive) 236 del vars, 14 del conss, 0 add conss, 8981 chg bounds, 0 chg sides, 4598 chg coeffs, 390 upgd conss, 100529 impls, 10 clqs
(round 24, fast)       237 del vars, 19 del conss, 0 add conss, 8982 chg bounds, 0 chg sides, 4598 chg coeffs, 390 upgd conss, 100529 impls, 10 clqs
(round 25, exhaustive) 237 del vars, 19 del conss, 0 add conss, 8982 chg bounds, 0 chg sides, 4598 chg coeffs, 427 upgd conss, 100529 impls, 10 clqs
(round 26, exhaustive) 262 del vars, 19 del conss, 0 add conss, 8982 chg bounds, 0 chg sides, 4598 chg coeffs, 427 upgd conss, 120517 impls, 10 clqs
(round 27, fast)       263 del vars, 25 del conss, 0 add conss, 8983 chg bounds, 0 chg sides, 4598 chg coeffs, 427 upgd conss, 120517 impls, 10 clqs
(round 28, exhaustive) 263 del vars, 25 del conss, 0 add conss, 8983 chg bounds, 0 chg sides, 4598 chg coeffs, 461 upgd conss, 120517 impls, 10 clqs
(round 29, exhaustive) 288 del vars, 25 del conss, 0 add conss, 8983 chg bounds, 0 chg sides, 4598 chg coeffs, 461 upgd conss, 131770 impls, 10 clqs
(round 30, fast)       288 del vars, 30 del conss, 0 add conss, 8983 chg bounds, 0 chg sides, 4598 chg coeffs, 461 upgd conss, 131770 impls, 10 clqs
(round 31, exhaustive) 288 del vars, 30 del conss, 0 add conss, 8983 chg bounds, 0 chg sides, 4598 chg coeffs, 496 upgd conss, 131770 impls, 10 clqs
   (2.6s) sparsify finished: 2/28504 (0.0%) nonzeros canceled - in total 4 canceled nonzeros, 837 changed coefficients, 0 added nonzeros
(round 32, exhaustive) 288 del vars, 30 del conss, 0 add conss, 8983 chg bounds, 0 chg sides, 5017 chg coeffs, 496 upgd conss, 131805 impls, 10 clqs
(round 33, exhaustive) 313 del vars, 30 del conss, 0 add conss, 8983 chg bounds, 0 chg sides, 5017 chg coeffs, 496 upgd conss, 150853 impls, 10 clqs
(round 34, fast)       313 del vars, 36 del conss, 0 add conss, 8983 chg bounds, 0 chg sides, 5017 chg coeffs, 496 upgd conss, 150853 impls, 10 clqs
(round 35, exhaustive) 313 del vars, 36 del conss, 0 add conss, 8983 chg bounds, 0 chg sides, 5017 chg coeffs, 528 upgd conss, 150853 impls, 10 clqs
(round 36, exhaustive) 339 del vars, 36 del conss, 0 add conss, 8983 chg bounds, 0 chg sides, 5017 chg coeffs, 528 upgd conss, 176166 impls, 10 clqs
(round 37, fast)       339 del vars, 41 del conss, 0 add conss, 8983 chg bounds, 0 chg sides, 5017 chg coeffs, 528 upgd conss, 176166 impls, 10 clqs
(round 38, exhaustive) 339 del vars, 41 del conss, 0 add conss, 8983 chg bounds, 0 chg sides, 5017 chg coeffs, 565 upgd conss, 176166 impls, 10 clqs
(round 39, exhaustive) 364 del vars, 41 del conss, 0 add conss, 8983 chg bounds, 0 chg sides, 5017 chg coeffs, 565 upgd conss, 204339 impls, 10 clqs
(round 40, fast)       364 del vars, 48 del conss, 0 add conss, 8983 chg bounds, 0 chg sides, 5017 chg coeffs, 565 upgd conss, 204339 impls, 10 clqs
(round 41, exhaustive) 364 del vars, 48 del conss, 0 add conss, 8983 chg bounds, 0 chg sides, 5017 chg coeffs, 593 upgd conss, 204339 impls, 10 clqs
(round 42, exhaustive) 389 del vars, 48 del conss, 0 add conss, 8983 chg bounds, 0 chg sides, 5017 chg coeffs, 593 upgd conss, 216723 impls, 10 clqs
(round 43, fast)       390 del vars, 58 del conss, 0 add conss, 8984 chg bounds, 0 chg sides, 5017 chg coeffs, 593 upgd conss, 216723 impls, 10 clqs
(round 44, exhaustive) 390 del vars, 58 del conss, 0 add conss, 8984 chg bounds, 0 chg sides, 5017 chg coeffs, 614 upgd conss, 216723 impls, 10 clqs
(round 45, exhaustive) 415 del vars, 58 del conss, 0 add conss, 8984 chg bounds, 0 chg sides, 5017 chg coeffs, 614 upgd conss, 237745 impls, 121 clqs
(round 46, fast)       415 del vars, 67 del conss, 0 add conss, 8984 chg bounds, 0 chg sides, 5017 chg coeffs, 614 upgd conss, 237745 impls, 121 clqs
(round 47, exhaustive) 415 del vars, 67 del conss, 0 add conss, 8984 chg bounds, 0 chg sides, 5017 chg coeffs, 637 upgd conss, 237745 impls, 121 clqs
(round 48, exhaustive) 440 del vars, 67 del conss, 0 add conss, 8984 chg bounds, 0 chg sides, 5017 chg coeffs, 637 upgd conss, 247211 impls, 126 clqs
(round 49, fast)       440 del vars, 74 del conss, 0 add conss, 8984 chg bounds, 0 chg sides, 5017 chg coeffs, 637 upgd conss, 247211 impls, 126 clqs
(round 50, exhaustive) 440 del vars, 74 del conss, 0 add conss, 8984 chg bounds, 0 chg sides, 5017 chg coeffs, 666 upgd conss, 247211 impls, 126 clqs
   (3.7s) probing: 1000/4190 (23.9%) - 449 fixings, 0 aggregations, 261308 implications, 0 bound changes
(round 51, exhaustive) 465 del vars, 74 del conss, 0 add conss, 8984 chg bounds, 0 chg sides, 5017 chg coeffs, 666 upgd conss, 262782 impls, 129 clqs
(round 52, fast)       466 del vars, 85 del conss, 0 add conss, 8985 chg bounds, 0 chg sides, 5017 chg coeffs, 666 upgd conss, 262782 impls, 129 clqs
(round 53, exhaustive) 466 del vars, 85 del conss, 0 add conss, 8985 chg bounds, 0 chg sides, 5017 chg coeffs, 685 upgd conss, 262782 impls, 129 clqs
(round 54, exhaustive) 491 del vars, 85 del conss, 0 add conss, 8985 chg bounds, 0 chg sides, 5017 chg coeffs, 685 upgd conss, 272586 impls, 133 clqs
(round 55, fast)       491 del vars, 94 del conss, 0 add conss, 8985 chg bounds, 0 chg sides, 5017 chg coeffs, 685 upgd conss, 272586 impls, 133 clqs
(round 56, exhaustive) 491 del vars, 94 del conss, 0 add conss, 8985 chg bounds, 0 chg sides, 5017 chg coeffs, 708 upgd conss, 272586 impls, 133 clqs
   (3.9s) sparsify finished: 2/27829 (0.0%) nonzeros canceled - in total 6 canceled nonzeros, 1239 changed coefficients, 0 added nonzeros
(round 57, exhaustive) 491 del vars, 94 del conss, 0 add conss, 8985 chg bounds, 0 chg sides, 5419 chg coeffs, 708 upgd conss, 272609 impls, 133 clqs
(round 58, exhaustive) 516 del vars, 94 del conss, 0 add conss, 8985 chg bounds, 0 chg sides, 5419 chg coeffs, 708 upgd conss, 293022 impls, 144 clqs
(round 59, fast)       517 del vars, 104 del conss, 0 add conss, 8986 chg bounds, 0 chg sides, 5419 chg coeffs, 708 upgd conss, 293022 impls, 144 clqs
(round 60, exhaustive) 517 del vars, 104 del conss, 0 add conss, 8986 chg bounds, 0 chg sides, 5419 chg coeffs, 730 upgd conss, 293022 impls, 144 clqs
(round 61, exhaustive) 542 del vars, 104 del conss, 0 add conss, 8986 chg bounds, 0 chg sides, 5419 chg coeffs, 730 upgd conss, 308120 impls, 148 clqs
(round 62, fast)       542 del vars, 114 del conss, 0 add conss, 8986 chg bounds, 0 chg sides, 5419 chg coeffs, 730 upgd conss, 308120 impls, 148 clqs
(round 63, exhaustive) 542 del vars, 114 del conss, 0 add conss, 8986 chg bounds, 0 chg sides, 5419 chg coeffs, 750 upgd conss, 308120 impls, 148 clqs
(round 64, exhaustive) 567 del vars, 114 del conss, 0 add conss, 8986 chg bounds, 0 chg sides, 5419 chg coeffs, 750 upgd conss, 321573 impls, 156 clqs
(round 65, fast)       567 del vars, 122 del conss, 0 add conss, 8986 chg bounds, 0 chg sides, 5419 chg coeffs, 750 upgd conss, 321573 impls, 156 clqs
(round 66, exhaustive) 567 del vars, 122 del conss, 0 add conss, 8986 chg bounds, 0 chg sides, 5419 chg coeffs, 776 upgd conss, 321573 impls, 156 clqs
(round 67, exhaustive) 593 del vars, 122 del conss, 0 add conss, 8986 chg bounds, 0 chg sides, 5419 chg coeffs, 776 upgd conss, 332972 impls, 160 clqs
(round 68, fast)       593 del vars, 133 del conss, 0 add conss, 8986 chg bounds, 0 chg sides, 5419 chg coeffs, 776 upgd conss, 332972 impls, 160 clqs
(round 69, exhaustive) 593 del vars, 133 del conss, 0 add conss, 8986 chg bounds, 0 chg sides, 5419 chg coeffs, 795 upgd conss, 332972 impls, 160 clqs
(round 70, exhaustive) 618 del vars, 133 del conss, 0 add conss, 8986 chg bounds, 0 chg sides, 5419 chg coeffs, 795 upgd conss, 348002 impls, 255 clqs
(round 71, fast)       618 del vars, 139 del conss, 0 add conss, 8986 chg bounds, 0 chg sides, 5419 chg coeffs, 795 upgd conss, 348002 impls, 255 clqs
(round 72, exhaustive) 618 del vars, 139 del conss, 0 add conss, 8986 chg bounds, 0 chg sides, 5419 chg coeffs, 827 upgd conss, 348002 impls, 255 clqs
(round 73, exhaustive) 643 del vars, 139 del conss, 0 add conss, 8986 chg bounds, 0 chg sides, 5419 chg coeffs, 827 upgd conss, 361707 impls, 364 clqs
(round 74, fast)       643 del vars, 149 del conss, 0 add conss, 8986 chg bounds, 0 chg sides, 5419 chg coeffs, 827 upgd conss, 361707 impls, 364 clqs
(round 75, exhaustive) 643 del vars, 149 del conss, 0 add conss, 8986 chg bounds, 0 chg sides, 5419 chg coeffs, 847 upgd conss, 361707 impls, 364 clqs
(round 76, exhaustive) 668 del vars, 149 del conss, 0 add conss, 8986 chg bounds, 0 chg sides, 5419 chg coeffs, 847 upgd conss, 376577 impls, 381 clqs
(round 77, fast)       668 del vars, 159 del conss, 0 add conss, 8986 chg bounds, 0 chg sides, 5419 chg coeffs, 847 upgd conss, 376577 impls, 381 clqs
(round 78, exhaustive) 668 del vars, 159 del conss, 0 add conss, 8986 chg bounds, 0 chg sides, 5419 chg coeffs, 863 upgd conss, 376577 impls, 381 clqs
(round 79, exhaustive) 693 del vars, 159 del conss, 0 add conss, 8986 chg bounds, 0 chg sides, 5419 chg coeffs, 863 upgd conss, 389384 impls, 393 clqs
(round 80, fast)       693 del vars, 172 del conss, 0 add conss, 8986 chg bounds, 0 chg sides, 5419 chg coeffs, 863 upgd conss, 389384 impls, 393 clqs
(round 81, exhaustive) 693 del vars, 172 del conss, 0 add conss, 8986 chg bounds, 0 chg sides, 5419 chg coeffs, 874 upgd conss, 389384 impls, 393 clqs
(round 82, exhaustive) 718 del vars, 172 del conss, 0 add conss, 8986 chg bounds, 0 chg sides, 5419 chg coeffs, 874 upgd conss, 401407 impls, 403 clqs
(round 83, fast)       718 del vars, 185 del conss, 0 add conss, 8986 chg bounds, 0 chg sides, 5419 chg coeffs, 874 upgd conss, 401407 impls, 403 clqs
(round 84, exhaustive) 718 del vars, 185 del conss, 0 add conss, 8986 chg bounds, 0 chg sides, 5419 chg coeffs, 885 upgd conss, 401407 impls, 403 clqs
(round 85, exhaustive) 743 del vars, 185 del conss, 0 add conss, 8986 chg bounds, 0 chg sides, 5419 chg coeffs, 885 upgd conss, 414230 impls, 493 clqs
(round 86, fast)       744 del vars, 196 del conss, 0 add conss, 8987 chg bounds, 0 chg sides, 5419 chg coeffs, 885 upgd conss, 414230 impls, 493 clqs
(round 87, exhaustive) 744 del vars, 196 del conss, 0 add conss, 8987 chg bounds, 0 chg sides, 5419 chg coeffs, 904 upgd conss, 414230 impls, 493 clqs
(round 88, exhaustive) 769 del vars, 196 del conss, 0 add conss, 8987 chg bounds, 0 chg sides, 5419 chg coeffs, 904 upgd conss, 426606 impls, 512 clqs
(round 89, fast)       771 del vars, 207 del conss, 0 add conss, 8989 chg bounds, 0 chg sides, 5419 chg coeffs, 904 upgd conss, 426606 impls, 512 clqs
(round 90, exhaustive) 771 del vars, 207 del conss, 0 add conss, 8989 chg bounds, 0 chg sides, 5419 chg coeffs, 921 upgd conss, 426606 impls, 512 clqs
(round 91, exhaustive) 796 del vars, 207 del conss, 0 add conss, 8989 chg bounds, 0 chg sides, 5419 chg coeffs, 921 upgd conss, 443214 impls, 641 clqs
(round 92, fast)       797 del vars, 215 del conss, 0 add conss, 8990 chg bounds, 0 chg sides, 5419 chg coeffs, 921 upgd conss, 443214 impls, 641 clqs
(round 93, exhaustive) 797 del vars, 215 del conss, 0 add conss, 8990 chg bounds, 0 chg sides, 5419 chg coeffs, 945 upgd conss, 443214 impls, 641 clqs
(round 94, exhaustive) 822 del vars, 215 del conss, 0 add conss, 8990 chg bounds, 0 chg sides, 5419 chg coeffs, 945 upgd conss, 455061 impls, 658 clqs
(round 95, fast)       825 del vars, 227 del conss, 0 add conss, 8993 chg bounds, 0 chg sides, 5419 chg coeffs, 945 upgd conss, 455061 impls, 658 clqs
(round 96, exhaustive) 825 del vars, 227 del conss, 0 add conss, 8993 chg bounds, 0 chg sides, 5419 chg coeffs, 965 upgd conss, 455061 impls, 658 clqs
(round 97, exhaustive) 850 del vars, 227 del conss, 0 add conss, 8993 chg bounds, 0 chg sides, 5419 chg coeffs, 965 upgd conss, 461015 impls, 669 clqs
(round 98, fast)       851 del vars, 242 del conss, 0 add conss, 8994 chg bounds, 0 chg sides, 5419 chg coeffs, 965 upgd conss, 461015 impls, 669 clqs
(round 99, exhaustive) 851 del vars, 242 del conss, 0 add conss, 8994 chg bounds, 0 chg sides, 5419 chg coeffs, 972 upgd conss, 461015 impls, 669 clqs
(round 100, exhaustive) 876 del vars, 242 del conss, 0 add conss, 8994 chg bounds, 0 chg sides, 5419 chg coeffs, 972 upgd conss, 466912 impls, 678 clqs
(round 101, fast)       879 del vars, 256 del conss, 0 add conss, 8997 chg bounds, 0 chg sides, 5419 chg coeffs, 972 upgd conss, 466912 impls, 678 clqs
(round 102, exhaustive) 879 del vars, 256 del conss, 0 add conss, 8997 chg bounds, 0 chg sides, 5419 chg coeffs, 986 upgd conss, 466912 impls, 678 clqs
(round 103, exhaustive) 904 del vars, 256 del conss, 0 add conss, 8997 chg bounds, 0 chg sides, 5419 chg coeffs, 986 upgd conss, 477906 impls, 693 clqs
(round 104, fast)       905 del vars, 269 del conss, 0 add conss, 8998 chg bounds, 0 chg sides, 5419 chg coeffs, 986 upgd conss, 477906 impls, 693 clqs
(round 105, exhaustive) 905 del vars, 269 del conss, 0 add conss, 8998 chg bounds, 0 chg sides, 5419 chg coeffs, 999 upgd conss, 477906 impls, 693 clqs
(round 106, exhaustive) 930 del vars, 269 del conss, 0 add conss, 8998 chg bounds, 0 chg sides, 5419 chg coeffs, 999 upgd conss, 483773 impls, 702 clqs
(round 107, fast)       932 del vars, 282 del conss, 0 add conss, 9000 chg bounds, 0 chg sides, 5419 chg coeffs, 999 upgd conss, 483773 impls, 702 clqs
(round 108, exhaustive) 932 del vars, 282 del conss, 0 add conss, 9000 chg bounds, 0 chg sides, 5419 chg coeffs, 1014 upgd conss, 483773 impls, 702 clqs
(round 109, exhaustive) 957 del vars, 282 del conss, 0 add conss, 9000 chg bounds, 0 chg sides, 5419 chg coeffs, 1014 upgd conss, 491577 impls, 715 clqs
(round 110, fast)       957 del vars, 293 del conss, 0 add conss, 9000 chg bounds, 0 chg sides, 5419 chg coeffs, 1014 upgd conss, 491577 impls, 715 clqs
(round 111, exhaustive) 957 del vars, 293 del conss, 0 add conss, 9000 chg bounds, 0 chg sides, 5419 chg coeffs, 1031 upgd conss, 491577 impls, 715 clqs
(round 112, exhaustive) 982 del vars, 293 del conss, 0 add conss, 9000 chg bounds, 0 chg sides, 5419 chg coeffs, 1031 upgd conss, 507501 impls, 738 clqs
(round 113, fast)       983 del vars, 305 del conss, 0 add conss, 9001 chg bounds, 0 chg sides, 5419 chg coeffs, 1031 upgd conss, 507501 impls, 738 clqs
(round 114, exhaustive) 983 del vars, 305 del conss, 0 add conss, 9001 chg bounds, 0 chg sides, 5419 chg coeffs, 1047 upgd conss, 507501 impls, 738 clqs
(round 115, exhaustive) 1008 del vars, 305 del conss, 0 add conss, 9001 chg bounds, 0 chg sides, 5419 chg coeffs, 1047 upgd conss, 519461 impls, 754 clqs
(round 116, fast)       1008 del vars, 319 del conss, 0 add conss, 9001 chg bounds, 0 chg sides, 5419 chg coeffs, 1047 upgd conss, 519461 impls, 754 clqs
(round 117, exhaustive) 1008 del vars, 319 del conss, 0 add conss, 9001 chg bounds, 0 chg sides, 5419 chg coeffs, 1055 upgd conss, 519461 impls, 754 clqs
(round 118, exhaustive) 1033 del vars, 319 del conss, 0 add conss, 9001 chg bounds, 0 chg sides, 5419 chg coeffs, 1055 upgd conss, 528268 impls, 770 clqs
(round 119, fast)       1033 del vars, 331 del conss, 0 add conss, 9001 chg bounds, 0 chg sides, 5419 chg coeffs, 1055 upgd conss, 528268 impls, 770 clqs
(round 120, exhaustive) 1033 del vars, 331 del conss, 0 add conss, 9001 chg bounds, 0 chg sides, 5419 chg coeffs, 1069 upgd conss, 528268 impls, 770 clqs
   (6.8s) probing: 2000/4190 (47.7%) - 1003 fixings, 0 aggregations, 531821 implications, 0 bound changes
(round 121, exhaustive) 1058 del vars, 331 del conss, 0 add conss, 9001 chg bounds, 0 chg sides, 5419 chg coeffs, 1069 upgd conss, 542864 impls, 791 clqs
(round 122, fast)       1060 del vars, 345 del conss, 0 add conss, 9003 chg bounds, 0 chg sides, 5419 chg coeffs, 1069 upgd conss, 542864 impls, 791 clqs
(round 123, exhaustive) 1060 del vars, 345 del conss, 0 add conss, 9003 chg bounds, 0 chg sides, 5419 chg coeffs, 1077 upgd conss, 542864 impls, 791 clqs
(round 124, exhaustive) 1085 del vars, 345 del conss, 0 add conss, 9003 chg bounds, 0 chg sides, 5419 chg coeffs, 1077 upgd conss, 557136 impls, 817 clqs
(round 125, fast)       1086 del vars, 358 del conss, 0 add conss, 9004 chg bounds, 0 chg sides, 5419 chg coeffs, 1077 upgd conss, 557136 impls, 817 clqs
(round 126, exhaustive) 1086 del vars, 358 del conss, 0 add conss, 9004 chg bounds, 0 chg sides, 5419 chg coeffs, 1090 upgd conss, 557136 impls, 817 clqs
(round 127, exhaustive) 1111 del vars, 358 del conss, 0 add conss, 9004 chg bounds, 0 chg sides, 5419 chg coeffs, 1090 upgd conss, 571628 impls, 842 clqs
(round 128, fast)       1112 del vars, 368 del conss, 0 add conss, 9005 chg bounds, 0 chg sides, 5419 chg coeffs, 1090 upgd conss, 571628 impls, 842 clqs
(round 129, exhaustive) 1112 del vars, 368 del conss, 0 add conss, 9005 chg bounds, 0 chg sides, 5419 chg coeffs, 1112 upgd conss, 571628 impls, 842 clqs
(round 130, exhaustive) 1137 del vars, 368 del conss, 0 add conss, 9005 chg bounds, 0 chg sides, 5419 chg coeffs, 1112 upgd conss, 584577 impls, 864 clqs
(round 131, fast)       1138 del vars, 382 del conss, 0 add conss, 9006 chg bounds, 0 chg sides, 5419 chg coeffs, 1112 upgd conss, 584577 impls, 864 clqs
(round 132, exhaustive) 1138 del vars, 382 del conss, 0 add conss, 9006 chg bounds, 0 chg sides, 5419 chg coeffs, 1122 upgd conss, 584577 impls, 864 clqs
(round 133, exhaustive) 1163 del vars, 382 del conss, 0 add conss, 9006 chg bounds, 0 chg sides, 5419 chg coeffs, 1122 upgd conss, 592501 impls, 876 clqs
(round 134, fast)       1163 del vars, 394 del conss, 0 add conss, 9006 chg bounds, 0 chg sides, 5419 chg coeffs, 1122 upgd conss, 592501 impls, 876 clqs
(round 135, exhaustive) 1163 del vars, 394 del conss, 0 add conss, 9006 chg bounds, 0 chg sides, 5419 chg coeffs, 1132 upgd conss, 592501 impls, 876 clqs
(round 136, exhaustive) 1188 del vars, 394 del conss, 0 add conss, 9006 chg bounds, 0 chg sides, 5419 chg coeffs, 1132 upgd conss, 603543 impls, 896 clqs
(round 137, fast)       1189 del vars, 408 del conss, 0 add conss, 9007 chg bounds, 0 chg sides, 5419 chg coeffs, 1132 upgd conss, 603543 impls, 896 clqs
(round 138, exhaustive) 1189 del vars, 408 del conss, 0 add conss, 9007 chg bounds, 0 chg sides, 5419 chg coeffs, 1142 upgd conss, 603543 impls, 896 clqs
(round 139, exhaustive) 1214 del vars, 408 del conss, 0 add conss, 9007 chg bounds, 0 chg sides, 5419 chg coeffs, 1142 upgd conss, 614848 impls, 919 clqs
(round 140, fast)       1215 del vars, 422 del conss, 0 add conss, 9008 chg bounds, 0 chg sides, 5419 chg coeffs, 1142 upgd conss, 614848 impls, 919 clqs
(round 141, exhaustive) 1215 del vars, 422 del conss, 0 add conss, 9008 chg bounds, 0 chg sides, 5419 chg coeffs, 1152 upgd conss, 614848 impls, 919 clqs
(round 142, exhaustive) 1240 del vars, 422 del conss, 0 add conss, 9008 chg bounds, 0 chg sides, 5419 chg coeffs, 1152 upgd conss, 629408 impls, 938 clqs
(round 143, fast)       1242 del vars, 437 del conss, 0 add conss, 9010 chg bounds, 0 chg sides, 5419 chg coeffs, 1152 upgd conss, 629408 impls, 938 clqs
(round 144, exhaustive) 1242 del vars, 437 del conss, 0 add conss, 9010 chg bounds, 0 chg sides, 5419 chg coeffs, 1161 upgd conss, 629408 impls, 938 clqs
(round 145, exhaustive) 1270 del vars, 437 del conss, 0 add conss, 9010 chg bounds, 0 chg sides, 5419 chg coeffs, 1161 upgd conss, 644720 impls, 1112 clqs
(round 146, fast)       1270 del vars, 453 del conss, 0 add conss, 9010 chg bounds, 0 chg sides, 5419 chg coeffs, 1161 upgd conss, 644720 impls, 1112 clqs
   (7.9s) running MILP presolver
   (8.1s) MILP presolver (14 rounds): 0 aggregations, 93 fixings, 0 bound changes
(round 147, medium)     1363 del vars, 498 del conss, 0 add conss, 9010 chg bounds, 0 chg sides, 5419 chg coeffs, 1161 upgd conss, 644720 impls, 1112 clqs
(round 148, fast)       1363 del vars, 505 del conss, 0 add conss, 9010 chg bounds, 0 chg sides, 5419 chg coeffs, 1161 upgd conss, 644720 impls, 1112 clqs
(round 149, exhaustive) 1363 del vars, 505 del conss, 0 add conss, 9010 chg bounds, 0 chg sides, 5419 chg coeffs, 1192 upgd conss, 644720 impls, 1112 clqs
(round 150, exhaustive) 1388 del vars, 505 del conss, 0 add conss, 9010 chg bounds, 0 chg sides, 5419 chg coeffs, 1192 upgd conss, 652078 impls, 1126 clqs
(round 151, fast)       1388 del vars, 519 del conss, 0 add conss, 9010 chg bounds, 0 chg sides, 5419 chg coeffs, 1192 upgd conss, 652078 impls, 1126 clqs
(round 152, exhaustive) 1388 del vars, 519 del conss, 0 add conss, 9010 chg bounds, 0 chg sides, 5419 chg coeffs, 1200 upgd conss, 652078 impls, 1126 clqs
(round 153, exhaustive) 1413 del vars, 519 del conss, 0 add conss, 9010 chg bounds, 0 chg sides, 5419 chg coeffs, 1200 upgd conss, 667097 impls, 1160 clqs
(round 154, fast)       1414 del vars, 532 del conss, 0 add conss, 9011 chg bounds, 0 chg sides, 5419 chg coeffs, 1200 upgd conss, 667097 impls, 1160 clqs
(round 155, exhaustive) 1414 del vars, 532 del conss, 0 add conss, 9011 chg bounds, 0 chg sides, 5419 chg coeffs, 1213 upgd conss, 667097 impls, 1160 clqs
(round 156, exhaustive) 1440 del vars, 532 del conss, 0 add conss, 9011 chg bounds, 0 chg sides, 5419 chg coeffs, 1213 upgd conss, 676187 impls, 1177 clqs
(round 157, fast)       1440 del vars, 547 del conss, 0 add conss, 9011 chg bounds, 0 chg sides, 5419 chg coeffs, 1213 upgd conss, 676187 impls, 1177 clqs
(round 158, exhaustive) 1440 del vars, 547 del conss, 0 add conss, 9011 chg bounds, 0 chg sides, 5419 chg coeffs, 1220 upgd conss, 676187 impls, 1177 clqs
(round 159, exhaustive) 1465 del vars, 547 del conss, 0 add conss, 9011 chg bounds, 0 chg sides, 5419 chg coeffs, 1220 upgd conss, 690371 impls, 1213 clqs
(round 160, fast)       1471 del vars, 564 del conss, 0 add conss, 9017 chg bounds, 0 chg sides, 5419 chg coeffs, 1220 upgd conss, 690371 impls, 1213 clqs
(round 161, exhaustive) 1471 del vars, 564 del conss, 0 add conss, 9017 chg bounds, 0 chg sides, 5419 chg coeffs, 1231 upgd conss, 690371 impls, 1213 clqs
(round 162, exhaustive) 1497 del vars, 564 del conss, 0 add conss, 9017 chg bounds, 0 chg sides, 5419 chg coeffs, 1231 upgd conss, 697534 impls, 1221 clqs
(round 163, fast)       1497 del vars, 578 del conss, 0 add conss, 9017 chg bounds, 0 chg sides, 5419 chg coeffs, 1231 upgd conss, 697534 impls, 1221 clqs
(round 164, exhaustive) 1497 del vars, 578 del conss, 0 add conss, 9017 chg bounds, 0 chg sides, 5419 chg coeffs, 1241 upgd conss, 697534 impls, 1221 clqs
(round 165, exhaustive) 1522 del vars, 578 del conss, 0 add conss, 9017 chg bounds, 0 chg sides, 5419 chg coeffs, 1241 upgd conss, 708734 impls, 1422 clqs
(round 166, fast)       1522 del vars, 592 del conss, 0 add conss, 9017 chg bounds, 0 chg sides, 5419 chg coeffs, 1241 upgd conss, 708734 impls, 1422 clqs
(round 167, exhaustive) 1522 del vars, 592 del conss, 0 add conss, 9017 chg bounds, 0 chg sides, 5419 chg coeffs, 1249 upgd conss, 708734 impls, 1422 clqs
(round 168, exhaustive) 1550 del vars, 592 del conss, 0 add conss, 9017 chg bounds, 0 chg sides, 5419 chg coeffs, 1249 upgd conss, 717367 impls, 1617 clqs
(round 169, fast)       1550 del vars, 608 del conss, 0 add conss, 9017 chg bounds, 0 chg sides, 5419 chg coeffs, 1249 upgd conss, 717367 impls, 1617 clqs
(round 170, exhaustive) 1550 del vars, 608 del conss, 0 add conss, 9017 chg bounds, 0 chg sides, 5419 chg coeffs, 1257 upgd conss, 717367 impls, 1617 clqs
(round 171, exhaustive) 1575 del vars, 608 del conss, 0 add conss, 9017 chg bounds, 0 chg sides, 5419 chg coeffs, 1257 upgd conss, 733053 impls, 1662 clqs
(round 172, fast)       1577 del vars, 623 del conss, 0 add conss, 9019 chg bounds, 0 chg sides, 5419 chg coeffs, 1257 upgd conss, 733053 impls, 1662 clqs
(round 173, exhaustive) 1577 del vars, 623 del conss, 0 add conss, 9019 chg bounds, 0 chg sides, 5419 chg coeffs, 1266 upgd conss, 733053 impls, 1662 clqs
(round 174, exhaustive) 1602 del vars, 623 del conss, 0 add conss, 9019 chg bounds, 0 chg sides, 5419 chg coeffs, 1266 upgd conss, 748733 impls, 1707 clqs
(round 175, fast)       1604 del vars, 638 del conss, 0 add conss, 9021 chg bounds, 0 chg sides, 5419 chg coeffs, 1266 upgd conss, 748733 impls, 1707 clqs
(round 176, exhaustive) 1604 del vars, 638 del conss, 0 add conss, 9021 chg bounds, 0 chg sides, 5419 chg coeffs, 1275 upgd conss, 748733 impls, 1707 clqs
(round 177, exhaustive) 1629 del vars, 638 del conss, 0 add conss, 9021 chg bounds, 0 chg sides, 5419 chg coeffs, 1275 upgd conss, 757547 impls, 1724 clqs
(round 178, fast)       1631 del vars, 653 del conss, 0 add conss, 9023 chg bounds, 0 chg sides, 5419 chg coeffs, 1275 upgd conss, 757547 impls, 1724 clqs
(round 179, exhaustive) 1631 del vars, 653 del conss, 0 add conss, 9023 chg bounds, 0 chg sides, 5419 chg coeffs, 1284 upgd conss, 757547 impls, 1724 clqs
(round 180, exhaustive) 1656 del vars, 653 del conss, 0 add conss, 9023 chg bounds, 0 chg sides, 5419 chg coeffs, 1284 upgd conss, 764599 impls, 1741 clqs
(round 181, fast)       1661 del vars, 671 del conss, 0 add conss, 9028 chg bounds, 0 chg sides, 5419 chg coeffs, 1284 upgd conss, 764599 impls, 1741 clqs
(round 182, exhaustive) 1661 del vars, 671 del conss, 0 add conss, 9028 chg bounds, 0 chg sides, 5419 chg coeffs, 1290 upgd conss, 764599 impls, 1741 clqs
(round 183, exhaustive) 1686 del vars, 671 del conss, 0 add conss, 9028 chg bounds, 0 chg sides, 5419 chg coeffs, 1290 upgd conss, 777586 impls, 1972 clqs
(round 184, fast)       1686 del vars, 685 del conss, 0 add conss, 9028 chg bounds, 0 chg sides, 5419 chg coeffs, 1290 upgd conss, 777586 impls, 1972 clqs
(round 185, exhaustive) 1686 del vars, 685 del conss, 0 add conss, 9028 chg bounds, 0 chg sides, 5419 chg coeffs, 1298 upgd conss, 777586 impls, 1972 clqs
(round 186, exhaustive) 1711 del vars, 685 del conss, 0 add conss, 9028 chg bounds, 0 chg sides, 5419 chg coeffs, 1298 upgd conss, 788028 impls, 2209 clqs
(round 187, fast)       1713 del vars, 701 del conss, 0 add conss, 9030 chg bounds, 0 chg sides, 5419 chg coeffs, 1298 upgd conss, 788028 impls, 2209 clqs
(round 188, exhaustive) 1713 del vars, 701 del conss, 0 add conss, 9030 chg bounds, 0 chg sides, 5419 chg coeffs, 1304 upgd conss, 788028 impls, 2209 clqs
(round 189, exhaustive) 1738 del vars, 701 del conss, 0 add conss, 9030 chg bounds, 0 chg sides, 5419 chg coeffs, 1304 upgd conss, 796022 impls, 2235 clqs
(round 190, fast)       1739 del vars, 717 del conss, 0 add conss, 9031 chg bounds, 0 chg sides, 5419 chg coeffs, 1304 upgd conss, 796022 impls, 2235 clqs
(round 191, exhaustive) 1739 del vars, 717 del conss, 0 add conss, 9031 chg bounds, 0 chg sides, 5419 chg coeffs, 1308 upgd conss, 796022 impls, 2235 clqs
   (9.8s) probing: 3000/4190 (71.6%) - 1595 fixings, 0 aggregations, 795421 implications, 0 bound changes
(round 192, exhaustive) 1764 del vars, 717 del conss, 0 add conss, 9031 chg bounds, 0 chg sides, 5419 chg coeffs, 1308 upgd conss, 803273 impls, 2452 clqs
(round 193, fast)       1764 del vars, 732 del conss, 0 add conss, 9031 chg bounds, 0 chg sides, 5419 chg coeffs, 1308 upgd conss, 803273 impls, 2452 clqs
(round 194, exhaustive) 1764 del vars, 732 del conss, 0 add conss, 9031 chg bounds, 0 chg sides, 5419 chg coeffs, 1313 upgd conss, 803273 impls, 2452 clqs
(round 195, exhaustive) 1789 del vars, 732 del conss, 0 add conss, 9031 chg bounds, 0 chg sides, 5419 chg coeffs, 1313 upgd conss, 819777 impls, 2511 clqs
(round 196, fast)       1792 del vars, 748 del conss, 0 add conss, 9034 chg bounds, 0 chg sides, 5419 chg coeffs, 1313 upgd conss, 819777 impls, 2511 clqs
(round 197, exhaustive) 1792 del vars, 748 del conss, 0 add conss, 9034 chg bounds, 0 chg sides, 5419 chg coeffs, 1320 upgd conss, 819777 impls, 2511 clqs
(round 198, exhaustive) 1817 del vars, 748 del conss, 0 add conss, 9034 chg bounds, 0 chg sides, 5419 chg coeffs, 1320 upgd conss, 823540 impls, 2524 clqs
(round 199, fast)       1818 del vars, 765 del conss, 0 add conss, 9035 chg bounds, 0 chg sides, 5419 chg coeffs, 1320 upgd conss, 823540 impls, 2524 clqs
(round 200, exhaustive) 1844 del vars, 765 del conss, 0 add conss, 9035 chg bounds, 0 chg sides, 5419 chg coeffs, 1321 upgd conss, 834435 impls, 2565 clqs
(round 201, fast)       1844 del vars, 781 del conss, 0 add conss, 9035 chg bounds, 0 chg sides, 5419 chg coeffs, 1321 upgd conss, 834436 impls, 2565 clqs
(round 202, exhaustive) 1844 del vars, 781 del conss, 0 add conss, 9035 chg bounds, 0 chg sides, 5419 chg coeffs, 1325 upgd conss, 834436 impls, 2565 clqs
(round 203, exhaustive) 1869 del vars, 781 del conss, 0 add conss, 9035 chg bounds, 0 chg sides, 5419 chg coeffs, 1325 upgd conss, 841546 impls, 2589 clqs
(round 204, fast)       1869 del vars, 796 del conss, 0 add conss, 9035 chg bounds, 0 chg sides, 5419 chg coeffs, 1325 upgd conss, 841546 impls, 2589 clqs
(round 205, exhaustive) 1869 del vars, 796 del conss, 0 add conss, 9035 chg bounds, 0 chg sides, 5419 chg coeffs, 1330 upgd conss, 841546 impls, 2589 clqs
(round 206, exhaustive) 1895 del vars, 796 del conss, 0 add conss, 9035 chg bounds, 0 chg sides, 5419 chg coeffs, 1330 upgd conss, 848624 impls, 2615 clqs
(round 207, fast)       1895 del vars, 812 del conss, 0 add conss, 9035 chg bounds, 0 chg sides, 5419 chg coeffs, 1330 upgd conss, 848624 impls, 2615 clqs
(round 208, exhaustive) 1895 del vars, 812 del conss, 0 add conss, 9035 chg bounds, 0 chg sides, 5419 chg coeffs, 1334 upgd conss, 848624 impls, 2615 clqs
(round 209, exhaustive) 1921 del vars, 812 del conss, 0 add conss, 9035 chg bounds, 0 chg sides, 5419 chg coeffs, 1334 upgd conss, 861347 impls, 2658 clqs
(round 210, fast)       1921 del vars, 828 del conss, 0 add conss, 9035 chg bounds, 0 chg sides, 5419 chg coeffs, 1334 upgd conss, 861347 impls, 2658 clqs
(round 211, exhaustive) 1921 del vars, 828 del conss, 0 add conss, 9035 chg bounds, 0 chg sides, 5419 chg coeffs, 1338 upgd conss, 861347 impls, 2658 clqs
(round 212, exhaustive) 1946 del vars, 828 del conss, 0 add conss, 9035 chg bounds, 0 chg sides, 5419 chg coeffs, 1338 upgd conss, 870701 impls, 2690 clqs
(round 213, fast)       1946 del vars, 844 del conss, 0 add conss, 9035 chg bounds, 0 chg sides, 5419 chg coeffs, 1338 upgd conss, 870701 impls, 2690 clqs
(round 214, exhaustive) 1973 del vars, 844 del conss, 0 add conss, 9035 chg bounds, 0 chg sides, 5419 chg coeffs, 1340 upgd conss, 878997 impls, 2718 clqs
(round 215, fast)       1973 del vars, 862 del conss, 0 add conss, 9035 chg bounds, 0 chg sides, 5419 chg coeffs, 1340 upgd conss, 878999 impls, 2718 clqs
(round 216, exhaustive) 1998 del vars, 862 del conss, 0 add conss, 9035 chg bounds, 0 chg sides, 5419 chg coeffs, 1340 upgd conss, 891198 impls, 2760 clqs
(round 217, fast)       2000 del vars, 878 del conss, 0 add conss, 9037 chg bounds, 0 chg sides, 5419 chg coeffs, 1340 upgd conss, 891198 impls, 2760 clqs
(round 218, exhaustive) 2000 del vars, 878 del conss, 0 add conss, 9037 chg bounds, 0 chg sides, 5419 chg coeffs, 1346 upgd conss, 891198 impls, 2760 clqs
(round 219, exhaustive) 2025 del vars, 878 del conss, 0 add conss, 9037 chg bounds, 0 chg sides, 5419 chg coeffs, 1346 upgd conss, 902364 impls, 2799 clqs
(round 220, fast)       2028 del vars, 896 del conss, 0 add conss, 9040 chg bounds, 0 chg sides, 5419 chg coeffs, 1346 upgd conss, 902364 impls, 2799 clqs
(round 221, exhaustive) 2053 del vars, 896 del conss, 0 add conss, 9040 chg bounds, 0 chg sides, 5419 chg coeffs, 1348 upgd conss, 912503 impls, 3068 clqs
(round 222, fast)       2057 del vars, 914 del conss, 0 add conss, 9044 chg bounds, 0 chg sides, 5419 chg coeffs, 1348 upgd conss, 912505 impls, 3068 clqs
(round 223, exhaustive) 2057 del vars, 914 del conss, 0 add conss, 9044 chg bounds, 0 chg sides, 5419 chg coeffs, 1352 upgd conss, 912505 impls, 3068 clqs
(round 224, exhaustive) 2082 del vars, 914 del conss, 0 add conss, 9044 chg bounds, 0 chg sides, 5419 chg coeffs, 1352 upgd conss, 921961 impls, 3103 clqs
(round 225, fast)       2082 del vars, 929 del conss, 0 add conss, 9044 chg bounds, 0 chg sides, 5419 chg coeffs, 1352 upgd conss, 921961 impls, 3103 clqs
(round 226, exhaustive) 2107 del vars, 929 del conss, 0 add conss, 9044 chg bounds, 0 chg sides, 5419 chg coeffs, 1353 upgd conss, 931329 impls, 3137 clqs
(round 227, fast)       2110 del vars, 947 del conss, 0 add conss, 9047 chg bounds, 0 chg sides, 5419 chg coeffs, 1353 upgd conss, 931330 impls, 3137 clqs
(round 228, exhaustive) 2136 del vars, 947 del conss, 0 add conss, 9047 chg bounds, 0 chg sides, 5419 chg coeffs, 1355 upgd conss, 936792 impls, 3160 clqs
(round 229, fast)       2136 del vars, 964 del conss, 0 add conss, 9047 chg bounds, 0 chg sides, 5419 chg coeffs, 1355 upgd conss, 936794 impls, 3160 clqs
(round 230, exhaustive) 2161 del vars, 964 del conss, 0 add conss, 9047 chg bounds, 0 chg sides, 5419 chg coeffs, 1356 upgd conss, 941303 impls, 3181 clqs
(round 231, fast)       2161 del vars, 979 del conss, 0 add conss, 9047 chg bounds, 0 chg sides, 5419 chg coeffs, 1356 upgd conss, 941303 impls, 3181 clqs
(round 232, exhaustive) 2161 del vars, 979 del conss, 0 add conss, 9047 chg bounds, 0 chg sides, 5419 chg coeffs, 1361 upgd conss, 941303 impls, 3181 clqs
(round 233, exhaustive) 2189 del vars, 979 del conss, 0 add conss, 9047 chg bounds, 0 chg sides, 5419 chg coeffs, 1361 upgd conss, 948649 impls, 3212 clqs
(round 234, fast)       2189 del vars, 997 del conss, 0 add conss, 9047 chg bounds, 0 chg sides, 5419 chg coeffs, 1361 upgd conss, 948649 impls, 3212 clqs
(round 235, exhaustive) 2214 del vars, 997 del conss, 0 add conss, 9047 chg bounds, 0 chg sides, 5419 chg coeffs, 1363 upgd conss, 962330 impls, 3276 clqs
(round 236, fast)       2215 del vars, 1013 del conss, 0 add conss, 9048 chg bounds, 0 chg sides, 5419 chg coeffs, 1363 upgd conss, 962332 impls, 3276 clqs
(round 237, exhaustive) 2215 del vars, 1013 del conss, 0 add conss, 9048 chg bounds, 0 chg sides, 5419 chg coeffs, 1367 upgd conss, 962332 impls, 3276 clqs
(round 238, exhaustive) 2241 del vars, 1013 del conss, 0 add conss, 9048 chg bounds, 0 chg sides, 5419 chg coeffs, 1367 upgd conss, 972722 impls, 3318 clqs
(round 239, fast)       2241 del vars, 1030 del conss, 0 add conss, 9048 chg bounds, 0 chg sides, 5419 chg coeffs, 1367 upgd conss, 972722 impls, 3318 clqs
   (11.8s) sparsify finished: 2/21639 (0.0%) nonzeros canceled - in total 8 canceled nonzeros, 1555 changed coefficients, 0 added nonzeros
(round 240, exhaustive) 2241 del vars, 1030 del conss, 0 add conss, 9048 chg bounds, 0 chg sides, 5735 chg coeffs, 1368 upgd conss, 972722 impls, 3318 clqs
(round 241, exhaustive) 2268 del vars, 1030 del conss, 0 add conss, 9048 chg bounds, 0 chg sides, 5735 chg coeffs, 1368 upgd conss, 983731 impls, 3367 clqs
(round 242, fast)       2268 del vars, 1047 del conss, 0 add conss, 9048 chg bounds, 0 chg sides, 5735 chg coeffs, 1368 upgd conss, 983731 impls, 3367 clqs
(round 243, exhaustive) 2268 del vars, 1047 del conss, 0 add conss, 9048 chg bounds, 0 chg sides, 5735 chg coeffs, 1371 upgd conss, 983731 impls, 3367 clqs
(round 244, exhaustive) 2293 del vars, 1047 del conss, 0 add conss, 9048 chg bounds, 0 chg sides, 5735 chg coeffs, 1371 upgd conss, 993715 impls, 3415 clqs
(round 245, fast)       2295 del vars, 1065 del conss, 0 add conss, 9050 chg bounds, 0 chg sides, 5735 chg coeffs, 1371 upgd conss, 993715 impls, 3415 clqs
   (12.1s) running MILP presolver
   (12.1s) MILP presolver found nothing
(round 246, exhaustive) 2320 del vars, 1065 del conss, 0 add conss, 9050 chg bounds, 0 chg sides, 5735 chg coeffs, 1371 upgd conss, 999905 impls, 3694 clqs
(round 247, fast)       2320 del vars, 1081 del conss, 0 add conss, 9050 chg bounds, 0 chg sides, 5735 chg coeffs, 1371 upgd conss, 999905 impls, 3694 clqs
(round 248, exhaustive) 2350 del vars, 1081 del conss, 0 add conss, 9050 chg bounds, 0 chg sides, 5735 chg coeffs, 1373 upgd conss, 1004542 impls, 3717 clqs
(round 249, fast)       2350 del vars, 1101 del conss, 0 add conss, 9050 chg bounds, 0 chg sides, 5735 chg coeffs, 1373 upgd conss, 1004543 impls, 3717 clqs
(round 250, exhaustive) 2377 del vars, 1101 del conss, 0 add conss, 9050 chg bounds, 0 chg sides, 5735 chg coeffs, 1373 upgd conss, 1016810 impls, 3783 clqs
(round 251, fast)       2377 del vars, 1118 del conss, 0 add conss, 9050 chg bounds, 0 chg sides, 5735 chg coeffs, 1373 upgd conss, 1016810 impls, 3783 clqs
(round 252, exhaustive) 2377 del vars, 1118 del conss, 0 add conss, 9050 chg bounds, 0 chg sides, 5735 chg coeffs, 1376 upgd conss, 1016810 impls, 3783 clqs
(round 253, exhaustive) 2407 del vars, 1118 del conss, 0 add conss, 9050 chg bounds, 0 chg sides, 5735 chg coeffs, 1376 upgd conss, 1025677 impls, 3828 clqs
(round 254, fast)       2407 del vars, 1138 del conss, 0 add conss, 9050 chg bounds, 0 chg sides, 5735 chg coeffs, 1376 upgd conss, 1025677 impls, 3828 clqs
(round 255, exhaustive) 2433 del vars, 1138 del conss, 0 add conss, 9050 chg bounds, 0 chg sides, 5735 chg coeffs, 1376 upgd conss, 1030535 impls, 4121 clqs
(round 256, fast)       2433 del vars, 1155 del conss, 0 add conss, 9050 chg bounds, 0 chg sides, 5735 chg coeffs, 1376 upgd conss, 1030535 impls, 4121 clqs
   (12.7s) probing: 4000/4190 (95.5%) - 2266 fixings, 0 aggregations, 1037320 implications, 0 bound changes
(round 257, exhaustive) 2460 del vars, 1155 del conss, 0 add conss, 9050 chg bounds, 0 chg sides, 5735 chg coeffs, 1376 upgd conss, 1042288 impls, 4186 clqs
(round 258, fast)       2460 del vars, 1173 del conss, 0 add conss, 9050 chg bounds, 0 chg sides, 5735 chg coeffs, 1376 upgd conss, 1042288 impls, 4186 clqs
(round 259, exhaustive) 2486 del vars, 1173 del conss, 0 add conss, 9050 chg bounds, 0 chg sides, 5735 chg coeffs, 1376 upgd conss, 1054823 impls, 4241 clqs
(round 260, fast)       2486 del vars, 1190 del conss, 0 add conss, 9050 chg bounds, 0 chg sides, 5735 chg coeffs, 1376 upgd conss, 1054823 impls, 4241 clqs
(round 261, exhaustive) 2511 del vars, 1190 del conss, 0 add conss, 9050 chg bounds, 0 chg sides, 5735 chg coeffs, 1377 upgd conss, 1064915 impls, 4289 clqs
(round 262, fast)       2513 del vars, 1208 del conss, 0 add conss, 9052 chg bounds, 0 chg sides, 5735 chg coeffs, 1377 upgd conss, 1064916 impls, 4289 clqs
(round 263, exhaustive) 2538 del vars, 1208 del conss, 0 add conss, 9052 chg bounds, 0 chg sides, 5735 chg coeffs, 1377 upgd conss, 1069964 impls, 4318 clqs
(round 264, fast)       2538 del vars, 1224 del conss, 0 add conss, 9052 chg bounds, 0 chg sides, 5735 chg coeffs, 1377 upgd conss, 1069964 impls, 4318 clqs
   (13.0s) probing cycle finished: starting next cycle
   (13.1s) probing: 51/2890 (1.8%) - 2369 fixings, 0 aggregations, 1071250 implications, 0 bound changes
   (13.1s) probing aborted: 50/50 successive totally useless probings
(round 265, exhaustive) 2544 del vars, 1224 del conss, 0 add conss, 9052 chg bounds, 0 chg sides, 5735 chg coeffs, 1378 upgd conss, 1072615 impls, 4328 clqs
(round 266, fast)       2544 del vars, 1228 del conss, 0 add conss, 9052 chg bounds, 0 chg sides, 5735 chg coeffs, 1378 upgd conss, 1072616 impls, 4328 clqs
   (13.1s) probing: 56/2890 (1.9%) - 2369 fixings, 0 aggregations, 1071250 implications, 0 bound changes
   (13.1s) probing aborted: 50/50 successive totally useless probings
   (13.1s) symmetry computation started: requiring (bin +, int -, cont +), (fixed: bin -, int +, cont -)
   (13.2s) no symmetry present
presolving (267 rounds: 267 fast, 176 medium, 175 exhaustive):
 2544 deleted vars, 1228 deleted constraints, 0 added constraints, 9052 tightened bounds, 0 added holes, 0 changed sides, 5735 changed coefficients
 1072616 implications, 4328 cliques
presolved problem has 5856 variables (2890 bin, 0 int, 0 impl, 2966 cont) and 2997 constraints
    152 constraints of type <varbound>
     10 constraints of type <setppc>
   2835 constraints of type <linear>
Presolving Time: 13.12

 time | node  | left  |LP iter|LP it/n|mem/heur|mdpt |vars |cons |rows |cuts |sepa|confs|strbr|  dualbound   | primalbound  |  gap   | compl. 
 13.5s|     1 |     0 |  1237 |     - |   183M |   0 |5856 |2998 |2997 |   0 |  0 |   0 |   0 |-3.161939e+00 |      --      |    Inf | unknown
o13.6s|     1 |     0 |  3770 |     - |feaspump|   0 |5856 |2998 |2997 |   0 |  0 |   0 |   0 |-3.161939e+00 |-2.816229e+00 |  12.28%| unknown
 13.6s|     1 |     0 |  3771 |     - |   185M |   0 |5856 |2998 |2998 |   1 |  1 |   0 |   0 |-3.161939e+00 |-2.816229e+00 |  12.28%| unknown
 13.7s|     1 |     0 |  3772 |     - |   185M |   0 |5856 |2998 |2998 |   1 |  1 |   0 |   0 |-3.161939e+00 |-2.816229e+00 |  12.28%| unknown
 13.7s|     1 |     0 |  3773 |     - |   185M |   0 |5856 |2998 |2983 |   2 |  2 |   0 |   0 |-3.161939e+00 |-2.816229e+00 |  12.28%| unknown
 13.8s|     1 |     0 |  3774 |     - |   185M |   0 |5856 |2998 |2984 |   3 |  3 |   0 |   0 |-3.161939e+00 |-2.816229e+00 |  12.28%| unknown
 13.8s|     1 |     0 |  3775 |     - |   186M |   0 |5856 |2998 |2985 |   4 |  4 |   0 |   0 |-3.161939e+00 |-2.816229e+00 |  12.28%| unknown
 13.9s|     1 |     0 |  3776 |     - |   186M |   0 |5856 |2998 |2986 |   5 |  5 |   0 |   0 |-3.161939e+00 |-2.816229e+00 |  12.28%| unknown
 13.9s|     1 |     0 |  3777 |     - |   186M |   0 |5856 |2998 |2987 |   6 |  6 |   0 |   0 |-3.161939e+00 |-2.816229e+00 |  12.28%| unknown
 14.0s|     1 |     0 |  3778 |     - |   187M |   0 |5856 |2998 |2988 |   7 |  7 |   0 |   0 |-3.161939e+00 |-2.816229e+00 |  12.28%| unknown
 14.0s|     1 |     0 |  3779 |     - |   187M |   0 |5856 |2998 |2989 |   8 |  8 |   0 |   0 |-3.161939e+00 |-2.816229e+00 |  12.28%| unknown
 14.1s|     1 |     0 |  3780 |     - |   188M |   0 |5856 |2998 |2990 |   9 |  9 |   0 |   0 |-3.161939e+00 |-2.816229e+00 |  12.28%| unknown
 14.1s|     1 |     0 |  3781 |     - |   188M |   0 |5856 |2998 |2991 |  10 | 10 |   0 |   0 |-3.161939e+00 |-2.816229e+00 |  12.28%| unknown
 14.2s|     1 |     0 |  3782 |     - |   188M |   0 |5856 |2998 |2992 |  11 | 11 |   0 |   0 |-3.161939e+00 |-2.816229e+00 |  12.28%| unknown
L14.2s|     1 |     0 |  3898 |     - |    rens|   0 |5856 |2982 |2992 |  11 | 11 |   0 |   0 |-3.161939e+00 |-3.161939e+00 |   0.00%| unknown
 time | node  | left  |LP iter|LP it/n|mem/heur|mdpt |vars |cons |rows |cuts |sepa|confs|strbr|  dualbound   | primalbound  |  gap   | compl. 
 14.2s|     1 |     0 |  3898 |     - |   188M |   0 |5856 |2982 |2992 |  11 | 11 |   0 |   0 |-3.161939e+00 |-3.161939e+00 |   0.00%| unknown

SCIP Status        : problem is solved [optimal solution found]
Solving Time (sec) : 14.24
Solving Nodes      : 1
Primal Bound       : -3.16193859839445e+00 (2 solutions)
Dual Bound         : -3.16193859839445e+00
Gap                : 0.00 %

primal solution (original space):
=================================

objective value:                    -3.16193859839445
y_3,176_                                            1 	(obj:0)
y_8,176_                                            1 	(obj:0)
y_1,177_                                            1 	(obj:0)
y_2,177_                                            1 	(obj:0)
y_4,177_                                            1 	(obj:0)
y_5,177_                                            1 	(obj:0)
y_6,177_                                            1 	(obj:0)
y_9,177_                                            1 	(obj:0)
y_10,177_                                           1 	(obj:0)
y_7,178_                                            1 	(obj:0)
x_5_                               -0.310262529832936 	(obj:1)
t_1,178_                                            1 	(obj:0)
x_1_                               -0.310262529832936 	(obj:1)
t_5,178_                                            1 	(obj:0)
t_6,177_                                            1 	(obj:0)
x_6_                                -0.31980906921241 	(obj:1)
x_10_                               -0.31980906921241 	(obj:1)
x_2_                                -0.31980906921241 	(obj:1)
t_7,178_                                            1 	(obj:0)
t_4,178_                            0.786931818181728 	(obj:0)
x_7_                               -0.310262529832936 	(obj:1)
t_8,177_                                            1 	(obj:0)
x_8_                                -0.31980906921241 	(obj:1)
t_2,177_                                            1 	(obj:0)
t_4,177_                            0.213068181818272 	(obj:0)
t_9,177_                                            1 	(obj:0)
x_4_                               -0.312296593621177 	(obj:1)
x_9_                                -0.31980906921241 	(obj:1)
t_3,177_                                            1 	(obj:0)
t_10,177_                                           1 	(obj:0)
x_3_                                -0.31980906921241 	(obj:1)

Statistics
==========

SCIP Status        : problem is solved [optimal solution found]
Total Time         :      14.28
  solving          :      14.24
  presolving       :      13.12 (included in solving)
  reading          :       0.04
  copying          :       0.01 (1 #copies) (minimal 0.01, maximal 0.01, average 0.01)
Original Problem   :
  Problem name     : ../modeles/10_419.lp
  Variables        : 8400 (4190 binary, 0 integer, 0 implicit integer, 4210 continuous)
  Constraints      : 4231 initial, 4231 maximal
  Objective        : minimize, 10 non-zeros (abs.min = 1, abs.max = 1)
Presolved Problem  :
  Problem name     : t_../modeles/10_419.lp
  Variables        : 5856 (2890 binary, 0 integer, 0 implicit integer, 2966 continuous)
  Constraints      : 2997 initial, 2998 maximal
  Objective        : minimize, 2966 non-zeros (abs.min = 0.00477327, abs.max = 1.41766)
  Nonzeros         : 20530 constraint, 3456 clique table
Presolvers         :   ExecTime  SetupTime  Calls  FixedVars   AggrVars   ChgTypes  ChgBounds   AddHoles    DelCons    AddCons   ChgSides   ChgCoefs
  boundshift       :       0.00       0.00      0          0          0          0          0          0          0          0          0          0
  convertinttobin  :       0.00       0.00      0          0          0          0          0          0          0          0          0          0
  domcol           :       2.66       0.00     99          0          0          0          0          0          0          0          0          0
  dualagg          :       0.00       0.00      0          0          0          0          0          0          0          0          0          0
  dualcomp         :       0.47       0.00     99          0          0          0          0          0          0          0          0          0
  dualinfer        :       0.00       0.00      0          0          0          0          0          0          0          0          0          0
  dualsparsify     :       0.01       0.00      1          0          0          0          0          0          0          0          0          0
  gateextraction   :       0.00       0.00      0          0          0          0          0          0          0          0          0          0
  implics          :       0.02       0.00    176          0          0          0          0          0          0          0          0          0
  inttobinary      :       0.00       0.00      0          0          0          0          0          0          0          0          0          0
  milp             :       0.35       0.00      3         93          0          0         60          0          0          0          0          0
  qpkktref         :       0.00       0.00      0          0          0          0          0          0          0          0          0          0
  redvub           :       0.00       0.00      0          0          0          0          0          0          0          0          0          0
  sparsify         :       0.46       0.00     19          0          0          0          0          0          0          0          0       1555
  stuffing         :       0.00       0.00      0          0          0          0          0          0          0          0          0          0
  trivial          :       0.05       0.00    267          0          0          0          0          0          0          0          0          0
  tworowbnd        :       0.00       0.00      0          0          0          0          0          0          0          0          0          0
  dualfix          :       0.05       0.00    267          0          0          0          0          0          0          0          0          0
  genvbounds       :       0.00       0.00      0          0          0          0          0          0          0          0          0          0
  probing          :       7.68       0.00     95       2369          0          0          0          0          0          0          0          0
  pseudoobj        :       0.00       0.00      0          0          0          0          0          0          0          0          0          0
  symmetry         :       0.01       0.00      1          0          0          0          0          0          0          0          0          0
  vbounds          :       0.02       0.00     23          0          0          0          0          0          0          0          0          0
  varbound         :       0.05       0.00    439          0          0          0         70          0       1216          0          0          0
  setppc           :       0.09       0.00    613          0          0          0          0          0          0          0          0          0
  linear           :       1.16       0.01    442         72         10          0       8922          0         12          0          0       4180
  logicor          :       0.00       0.00      0          0          0          0          0          0          0          0          0          0
  benders          :       0.00       0.00      0          0          0          0          0          0          0          0          0          0
  components       :       0.00       0.00      1          0          0          0          0          0          0          0          0          0
  root node        :          -          -      -         14          -          -         30          -          -          -          -          -
Constraints        :     Number  MaxNumber  #Separate #Propagate    #EnfoLP    #EnfoRelax  #EnfoPS    #Check   #ResProp    Cutoffs    DomReds       Cuts    Applied      Conss   Children
  benderslp        :          0          0          0          0          0          0          0         24          0          0          0          0          0          0          0
  integral         :          0          0          0          0          0          0          0         24          0          0          0          0          0          0          0
  varbound         :        152        152         11      12597          0          0          0         18          0          0         16          0          0          0          0
  setppc           :         10         10         11      12334          0          0          0         18          0          0          0          0          0          0          0
  linear           :       2835       2835         11      12597          0          0          0          4          0       1527          0          0          0          0          0
  logicor          :          0+         1         11          9          0          0          0          0          0          0          0          0          0          0          0
  benders          :          0          0          0          0          0          0          0          3          0          0          0          0          0          0          0
  countsols        :          0          0          0          0          0          0          0          3          0          0          0          0          0          0          0
  components       :          0          0          0          0          0          0          0          0          0          0          0          0          0          0          0
Constraint Timings :  TotalTime  SetupTime   Separate  Propagate     EnfoLP     EnfoPS     EnfoRelax   Check    ResProp    SB-Prop
  benderslp        :       0.00       0.00       0.00       0.00       0.00       0.00       0.00       0.00       0.00       0.00
  integral         :       0.00       0.00       0.00       0.00       0.00       0.00       0.00       0.00       0.00       0.00
  varbound         :       0.30       0.00       0.01       0.29       0.00       0.00       0.00       0.00       0.00       0.00
  setppc           :       0.03       0.00       0.00       0.03       0.00       0.00       0.00       0.00       0.00       0.00
  linear           :       1.67       0.01       0.04       1.62       0.00       0.00       0.00       0.00       0.00       0.00
  logicor          :       0.00       0.00       0.00       0.00       0.00       0.00       0.00       0.00       0.00       0.00
  benders          :       0.00       0.00       0.00       0.00       0.00       0.00       0.00       0.00       0.00       0.00
  countsols        :       0.00       0.00       0.00       0.00       0.00       0.00       0.00       0.00       0.00       0.00
  components       :       0.00       0.00       0.00       0.00       0.00       0.00       0.00       0.00       0.00       0.00
Propagators        : #Propagate   #ResProp    Cutoffs    DomReds
  dualfix          :          2          0          0          0
  genvbounds       :          0          0          0          0
  nlobbt           :          0          0          0          0
  obbt             :          0          0          0          0
  probing          :          0          0          0          0
  pseudoobj        :         17          0          0          0
  redcost          :         14          0          0         14
  rootredcost      :          0          0          0          0
  symmetry         :          0          0          0          0
  vbounds          :        617          0          0          0
Propagator Timings :  TotalTime  SetupTime   Presolve  Propagate    ResProp    SB-Prop
  dualfix          :       0.05       0.00       0.05       0.00       0.00       0.00
  genvbounds       :       0.00       0.00       0.00       0.00       0.00       0.00
  nlobbt           :       0.00       0.00       0.00       0.00       0.00       0.00
  obbt             :       0.00       0.00       0.00       0.00       0.00       0.00
  probing          :       7.68       0.00       7.68       0.00       0.00       0.00
  pseudoobj        :       0.02       0.00       0.00       0.02       0.00       0.00
  redcost          :       0.01       0.00       0.00       0.01       0.00       0.00
  rootredcost      :       0.00       0.00       0.00       0.00       0.00       0.00
  symmetry         :       0.01       0.00       0.01       0.00       0.00       0.00
  vbounds          :       0.12       0.00       0.02       0.11       0.00       0.00
Conflict Analysis  :       Time      Calls    Success    DomReds  Conflicts   Literals    Reconvs ReconvLits   Dualrays   Nonzeros   LP Iters   (pool size: [10000,10000])
  propagation      :       0.00          0          0          -          0        0.0          0        0.0          -          -          -
  infeasible LP    :       0.00          0          0          -          0        0.0          0        0.0          0        0.0          0
  bound exceed. LP :       0.00          1          0          -          0        0.0          0        0.0          0        0.0          0
  strong branching :       0.00          0          0          -          0        0.0          0        0.0          -          -          0
  pseudo solution  :       0.00          0          0          -          0        0.0          0        0.0          -          -          -
  applied globally :       0.00          -          -          0          0        0.0          -          -          0          -          -
  applied locally  :          -          -          -          0          0        0.0          -          -          0          -          -
Separators         :   ExecTime  SetupTime      Calls    Cutoffs    DomReds       Cuts    Applied      Conss
  cut pool         :       0.00                    21          -          -         23          -          -    (maximal pool size: 55)
  aggregation      :       0.24       0.00         11          0          0         44         11          0
  > cmir           :          -          -          -          -          -          -         11          -
  > flowcover      :          -          -          -          -          -          -          0          -
  > knapsackcover  :          -          -          -          -          -          -          0          -
  cgmip            :       0.00       0.00          0          0          0          0          0          0
  clique           :       0.02       0.00         11          0          0          0          0          0
  closecuts        :       0.00       0.00          0          0          0          0          0          0
  convexproj       :       0.00       0.00          0          0          0          0          0          0
  disjunctive      :       0.00       0.00          0          0          0          0          0          0
  eccuts           :       0.00       0.00          0          0          0          0          0          0
  gauge            :       0.00       0.00          0          0          0          0          0          0
  gomory           :       0.01       0.00         10          0          0         11          0          0
  > gomorymi       :          -          -          -          -          -          -          0          -
  > strongcg       :          -          -          -          -          -          -          0          -
  impliedbounds    :       0.00       0.00         11          0          0          0          0          0
  interminor       :       0.00       0.00          0          0          0          0          0          0
  intobj           :       0.00       0.00          0          0          0          0          0          0
  mcf              :       0.02       0.00          1          0          0          0          0          0
  minor            :       0.00       0.00          0          0          0          0          0          0
  mixing           :       0.00       0.00         11          0          0          0          0          0
  oddcycle         :       0.00       0.00          0          0          0          0          0          0
  rapidlearning    :       0.00       0.00          0          0          0          0          0          0
  rlt              :       0.00       0.00         10          0          0          0          0          0
  zerohalf         :       0.03       0.00         11          0          0          0          0          0
Cutselectors       :   ExecTime  SetupTime
  hybrid           :       0.00       0.00
Pricers            :   ExecTime  SetupTime      Calls       Vars
  problem variables:       0.00          -          0          0
Branching Rules    :   ExecTime  SetupTime   BranchLP  BranchExt   BranchPS    Cutoffs    DomReds       Cuts      Conss   Children
  allfullstrong    :       0.00       0.00          0          0          0          0          0          0          0          0
  cloud            :       0.00       0.00          0          0          0          0          0          0          0          0
  distribution     :       0.00       0.00          0          0          0          0          0          0          0          0
  fullstrong       :       0.00       0.00          0          0          0          0          0          0          0          0
  inference        :       0.00       0.00          0          0          0          0          0          0          0          0
  leastinf         :       0.00       0.00          0          0          0          0          0          0          0          0
  lookahead        :       0.00       0.00          0          0          0          0          0          0          0          0
  mostinf          :       0.00       0.00          0          0          0          0          0          0          0          0
  multaggr         :       0.00       0.00          0          0          0          0          0          0          0          0
  nodereopt        :       0.00       0.00          0          0          0          0          0          0          0          0
  pscost           :       0.00       0.00          0          0          0          0          0          0          0          0
  random           :       0.00       0.00          0          0          0          0          0          0          0          0
  relpscost        :       0.00       0.00          0          0          0          0          0          0          0          0
  vanillafullstrong:       0.00       0.00          0          0          0          0          0          0          0          0
Primal Heuristics  :   ExecTime  SetupTime      Calls      Found       Best
  LP solutions     :       0.00          -          -          0          0
  relax solutions  :       0.00          -          -          0          0
  pseudo solutions :       0.00          -          -          0          0
  strong branching :       0.00          -          -          0          0
  actconsdiving    :       0.00       0.00          0          0          0
  adaptivediving   :       0.00       0.00          0          0          0
  alns             :       0.00       0.00          0          0          0
  bound            :       0.00       0.00          0          0          0
  clique           :       0.04       0.00          1          0          0
  coefdiving       :       0.00       0.00          0          0          0
  completesol      :       0.00       0.00          0          0          0
  conflictdiving   :       0.00       0.00          0          0          0
  crossover        :       0.00       0.00          0          0          0
  dins             :       0.00       0.00          0          0          0
  distributiondivin:       0.00       0.00          0          0          0
  dps              :       0.00       0.00          0          0          0
  dualval          :       0.00       0.00          0          0          0
  farkasdiving     :       0.00       0.00          0          0          0
  feaspump         :       0.06       0.00          1          1          1
  fixandinfer      :       0.00       0.00          0          0          0
  fracdiving       :       0.00       0.00          0          0          0
  gins             :       0.00       0.00          0          0          0
  guideddiving     :       0.00       0.00          0          0          0
  indicator        :       0.00       0.00          0          0          0
  intdiving        :       0.00       0.00          0          0          0
  intshifting      :       0.01       0.00          1          0          0
  linesearchdiving :       0.00       0.00          0          0          0
  localbranching   :       0.00       0.00          0          0          0
  locks            :       0.07       0.00          1          0          0
  lpface           :       0.00       0.00          0          0          0
  mpec             :       0.00       0.00          0          0          0
  multistart       :       0.00       0.00          0          0          0
  mutation         :       0.00       0.00          0          0          0
  nlpdiving        :       0.00       0.00          0          0          0
  objpscostdiving  :       0.00       0.00          0          0          0
  octane           :       0.00       0.00          0          0          0
  ofins            :       0.00       0.00          0          0          0
  oneopt           :       0.00       0.00          1          0          0
  padm             :       0.00       0.00          0          0          0
  proximity        :       0.00       0.00          0          0          0
  pscostdiving     :       0.00       0.00          0          0          0
  randrounding     :       0.02       0.00         12          0          0
  rens             :       0.05       0.00          1          1          1
  reoptsols        :       0.00       0.00          0          0          0
  repair           :       0.00       0.00          0          0          0
  rins             :       0.00       0.00          0          0          0
  rootsoldiving    :       0.00       0.00          0          0          0
  rounding         :       0.00       0.00         12          0          0
  shiftandpropagate:       0.02       0.00          1          0          0
  shifting         :       0.05       0.00         12          0          0
  simplerounding   :       0.00       0.00          0          0          0
  subnlp           :       0.00       0.00          0          0          0
  trivial          :       0.02       0.00          2          0          0
  trivialnegation  :       0.00       0.00          0          0          0
  trustregion      :       0.00       0.00          0          0          0
  trysol           :       0.00       0.00          0          0          0
  twoopt           :       0.00       0.00          0          0          0
  undercover       :       0.00       0.00          0          0          0
  vbounds          :       0.01       0.00          0          0          0
  veclendiving     :       0.00       0.00          0          0          0
  zeroobj          :       0.00       0.00          0          0          0
  zirounding       :       0.00       0.00          1          0          0
  other solutions  :          -          -          -          0          -
Diving (single)    :      Calls      Nodes   LP Iters Backtracks  Conflicts   MinDepth   MaxDepth   AvgDepth  RoundSols  NLeafSols  MinSolDpt  MaxSolDpt  AvgSolDpt
  actconsdiving    :          0          -          -          -          -          -          -          -          -          -          -          -          -
  coefdiving       :          0          -          -          -          -          -          -          -          -          -          -          -          -
  conflictdiving   :          0          -          -          -          -          -          -          -          -          -          -          -          -
  distributiondivin:          0          -          -          -          -          -          -          -          -          -          -          -          -
  farkasdiving     :          0          -          -          -          -          -          -          -          -          -          -          -          -
  fracdiving       :          0          -          -          -          -          -          -          -          -          -          -          -          -
  guideddiving     :          0          -          -          -          -          -          -          -          -          -          -          -          -
  linesearchdiving :          0          -          -          -          -          -          -          -          -          -          -          -          -
  pscostdiving     :          0          -          -          -          -          -          -          -          -          -          -          -          -
  veclendiving     :          0          -          -          -          -          -          -          -          -          -          -          -          -
Diving (adaptive)  :      Calls      Nodes   LP Iters Backtracks  Conflicts   MinDepth   MaxDepth   AvgDepth  RoundSols  NLeafSols  MinSolDpt  MaxSolDpt  AvgSolDpt
  actconsdiving    :          0          -          -          -          -          -          -          -          -          -          -          -          -
  coefdiving       :          0          -          -          -          -          -          -          -          -          -          -          -          -
  conflictdiving   :          0          -          -          -          -          -          -          -          -          -          -          -          -
  distributiondivin:          0          -          -          -          -          -          -          -          -          -          -          -          -
  farkasdiving     :          0          -          -          -          -          -          -          -          -          -          -          -          -
  fracdiving       :          0          -          -          -          -          -          -          -          -          -          -          -          -
  guideddiving     :          0          -          -          -          -          -          -          -          -          -          -          -          -
  linesearchdiving :          0          -          -          -          -          -          -          -          -          -          -          -          -
  pscostdiving     :          0          -          -          -          -          -          -          -          -          -          -          -          -
  veclendiving     :          0          -          -          -          -          -          -          -          -          -          -          -          -
Neighborhoods      :      Calls  SetupTime  SolveTime SolveNodes       Sols       Best       Exp3  EpsGreedy        UCB TgtFixRate  Opt  Inf Node Stal  Sol  Usr Othr Actv
  rens             :          0       0.00       0.00          0          0          0    0.00000   -1.00000    1.00000      0.900    0    0    0    0    0    0    0    1
  rins             :          0       0.00       0.00          0          0          0    0.00000   -1.00000    1.00000      0.900    0    0    0    0    0    0    0    1
  mutation         :          0       0.00       0.00          0          0          0    0.00000   -1.00000    1.00000      0.900    0    0    0    0    0    0    0    1
  localbranching   :          0       0.00       0.00          0          0          0    0.00000   -1.00000    1.00000      0.900    0    0    0    0    0    0    0    1
  crossover        :          0       0.00       0.00          0          0          0    0.00000   -1.00000    1.00000      0.900    0    0    0    0    0    0    0    1
  proximity        :          0       0.00       0.00          0          0          0    0.00000   -1.00000    1.00000      0.900    0    0    0    0    0    0    0    1
  zeroobjective    :          0       0.00       0.00          0          0          0    0.00000   -1.00000    1.00000      0.900    0    0    0    0    0    0    0    1
  dins             :          0       0.00       0.00          0          0          0    0.00000   -1.00000    1.00000      0.900    0    0    0    0    0    0    0    1
  trustregion      :          0       0.00       0.00          0          0          0    0.00000   -1.00000    1.00000      0.900    0    0    0    0    0    0    0    0
LP                 :       Time      Calls Iterations  Iter/call   Iter/sec  Time-0-It Calls-0-It    ItLimit
  primal LP        :       0.00          0          0       0.00          -       0.00          0
  dual LP          :       0.10         14       1084      83.38   11302.14       0.00          1
  lex dual LP      :       0.00          0          0       0.00          -
  barrier LP       :       0.00          0          0       0.00          -       0.00          0
  resolve instable :       0.00          0          0       0.00          -
  diving/probing LP:       0.06          6       2814     469.00   48229.53
  strong branching :       0.00          0          0       0.00          -          -          -          0
    (at root node) :          -          0          0       0.00          -
  conflict analysis:       0.00          0          0       0.00          -
B&B Tree           :
  number of runs   :          1
  nodes            :          1 (0 internal, 1 leaves)
  feasible leaves  :          0
  infeas. leaves   :          1
  objective leaves :          0
  nodes (total)    :          1 (0 internal, 1 leaves)
  nodes left       :          0
  max depth        :          0
  max depth (total):          0
  backtracks       :          0 (0.0%)
  early backtracks :          0 (0.0%)
  nodes exc. ref.  :          0 (0.0%)
  delayed cutoffs  :          0
  repropagations   :          0 (0 domain reductions, 0 cutoffs)
  avg switch length:       2.00
  switching time   :       0.00
Estim. Tree Size   :          1
Estimation Tree    : 1 nodes (1 visited, 0 internal, 1 leaves, 0 open), weight: 1.0000 completed 1.0000
Estimations        :      estim      value      trend resolution     smooth
  wbe              :          1          -          -          -          -
  tree-profile     :         -1          -          -          -          -
  gap              :          1    1.00000    1.00000          1          1
  tree-weight      :          1    1.00000    1.00000          1          1
  leaf-frequency   :          1    0.50000    1.00000          1          1
  ssg              :          1    0.00000   -1.00000          1          1
  open-nodes       :          1    0.00000    0.00000          1          1
Root Node          :
  First LP value   : -3.16193859839445e+00
  First LP Iters   :       1072 (13322.23 Iter/sec)
  First LP Time    :       0.08
  Final Dual Bound : -3.16193859839445e+00
  Final Root Iters :       3617
  Root LP Estimate :                     -
Solution           :
  Solutions found  :          2 (2 improvements)
  First Solution   : -2.81622911694511e+00   (in run 1, after 1 nodes, 13.57 seconds, depth 0, found by <feaspump>)
  Gap First Sol.   :      12.28 %
  Gap Last Sol.    :       0.00 %
  Primal Bound     : -3.16193859839445e+00   (in run 1, after 1 nodes, 14.23 seconds, depth 0, found by <rens>)
  Dual Bound       : -3.16193859839445e+00
  Gap              :       0.00 %
Integrals          :      Total       Avg%
  primal-dual      :    1363.95      95.78
  primal-ref       :          -          - (not evaluated)
  dual-ref         :          -          - (not evaluated)
