SCIP version 8.0.0 [precision: 8 byte] [memory: block] [mode: optimized] [LP solver: SoPlex 6.0.0] [GitHash: a740f0891e]
Copyright (C) 2002-2021 Konrad-Zuse-Zentrum fuer Informationstechnik Berlin (ZIB)

External libraries: 
  SoPlex 6.0.0         Linear Programming Solver developed at Zuse Institute Berlin (soplex.zib.de) [GitHash: 71a5873d]
  CppAD 20180000.0     Algorithmic Differentiation of C++ algorithms developed by B. Bell (github.com/coin-or/CppAD)
  ZLIB 1.2.11          General purpose compression library by J. Gailly and M. Adler (zlib.net)
  GMP 6.2.1            GNU Multiple Precision Arithmetic Library developed by T. Granlund (gmplib.org)
  ZIMPL 3.5.1          Zuse Institute Mathematical Programming Language developed by T. Koch (zimpl.zib.de)
  AMPL/MP 4e2d45c4     AMPL .nl file reader library (github.com/ampl/mp)
  PaPILO 2.0.0         parallel presolve for integer and linear optimization (github.com/scipopt/papilo) [GitHash: 76cafc1]
  bliss 0.73p          Computing Graph Automorphism Groups by T. Junttila and P. Kaski (www.tcs.hut.fi/Software/bliss/)
  Ipopt 3.13.2         Interior Point Optimizer developed by A. Waechter et.al. (github.com/coin-or/Ipopt)

user parameter file <scip.set> not found - using default parameters

read problem <../modeles/15_119.lp>
============

original problem has 3600 variables (1785 bin, 0 int, 0 impl, 1815 cont) and 1846 constraints

solve problem
=============

presolving:
(round 1, fast)       15 del vars, 0 del conss, 0 add conss, 3810 chg bounds, 0 chg sides, 0 chg coeffs, 0 upgd conss, 0 impls, 15 clqs
(round 2, fast)       15 del vars, 0 del conss, 0 add conss, 3810 chg bounds, 0 chg sides, 1770 chg coeffs, 0 upgd conss, 0 impls, 15 clqs
   (0.0s) running MILP presolver
   (0.1s) MILP presolver (16 rounds): 0 aggregations, 480 fixings, 30 bound changes
(round 3, medium)     495 del vars, 0 del conss, 0 add conss, 3840 chg bounds, 0 chg sides, 1770 chg coeffs, 0 upgd conss, 0 impls, 15 clqs
(round 4, fast)       495 del vars, 225 del conss, 0 add conss, 3840 chg bounds, 0 chg sides, 1770 chg coeffs, 0 upgd conss, 0 impls, 15 clqs
(round 5, exhaustive) 495 del vars, 225 del conss, 0 add conss, 3840 chg bounds, 0 chg sides, 1770 chg coeffs, 105 upgd conss, 0 impls, 15 clqs
   (0.2s) sparsify finished: 4/10890 (0.0%) nonzeros canceled - in total 4 canceled nonzeros, 210 changed coefficients, 0 added nonzeros
(round 6, exhaustive) 495 del vars, 225 del conss, 0 add conss, 3840 chg bounds, 0 chg sides, 1980 chg coeffs, 105 upgd conss, 90 impls, 15 clqs
(round 7, exhaustive) 520 del vars, 225 del conss, 0 add conss, 3840 chg bounds, 0 chg sides, 1980 chg coeffs, 105 upgd conss, 6370 impls, 22 clqs
(round 8, fast)       521 del vars, 228 del conss, 0 add conss, 3841 chg bounds, 0 chg sides, 1980 chg coeffs, 105 upgd conss, 6370 impls, 22 clqs
(round 9, exhaustive) 521 del vars, 228 del conss, 0 add conss, 3841 chg bounds, 0 chg sides, 1980 chg coeffs, 140 upgd conss, 6370 impls, 22 clqs
(round 10, exhaustive) 546 del vars, 228 del conss, 0 add conss, 3841 chg bounds, 0 chg sides, 1980 chg coeffs, 140 upgd conss, 12668 impls, 46 clqs
(round 11, fast)       546 del vars, 230 del conss, 0 add conss, 3841 chg bounds, 0 chg sides, 1980 chg coeffs, 140 upgd conss, 12668 impls, 46 clqs
(round 12, exhaustive) 546 del vars, 230 del conss, 0 add conss, 3841 chg bounds, 0 chg sides, 1980 chg coeffs, 180 upgd conss, 12668 impls, 46 clqs
(round 13, exhaustive) 571 del vars, 230 del conss, 0 add conss, 3841 chg bounds, 0 chg sides, 1980 chg coeffs, 180 upgd conss, 17831 impls, 60 clqs
(round 14, fast)       571 del vars, 233 del conss, 0 add conss, 3841 chg bounds, 0 chg sides, 1980 chg coeffs, 180 upgd conss, 17831 impls, 60 clqs
(round 15, exhaustive) 571 del vars, 233 del conss, 0 add conss, 3841 chg bounds, 0 chg sides, 1980 chg coeffs, 221 upgd conss, 17831 impls, 60 clqs
   (0.4s) sparsify finished: 2/10647 (0.0%) nonzeros canceled - in total 6 canceled nonzeros, 315 changed coefficients, 0 added nonzeros
(round 16, exhaustive) 571 del vars, 233 del conss, 0 add conss, 3841 chg bounds, 0 chg sides, 2085 chg coeffs, 221 upgd conss, 17872 impls, 60 clqs
(round 17, exhaustive) 596 del vars, 233 del conss, 0 add conss, 3841 chg bounds, 0 chg sides, 2085 chg coeffs, 221 upgd conss, 20419 impls, 68 clqs
(round 18, fast)       596 del vars, 240 del conss, 0 add conss, 3841 chg bounds, 0 chg sides, 2085 chg coeffs, 221 upgd conss, 20419 impls, 68 clqs
(round 19, exhaustive) 596 del vars, 240 del conss, 0 add conss, 3841 chg bounds, 0 chg sides, 2085 chg coeffs, 250 upgd conss, 20419 impls, 68 clqs
(round 20, exhaustive) 621 del vars, 240 del conss, 0 add conss, 3841 chg bounds, 0 chg sides, 2085 chg coeffs, 250 upgd conss, 23990 impls, 99 clqs
(round 21, fast)       621 del vars, 246 del conss, 0 add conss, 3841 chg bounds, 0 chg sides, 2085 chg coeffs, 250 upgd conss, 23990 impls, 99 clqs
(round 22, exhaustive) 621 del vars, 246 del conss, 0 add conss, 3841 chg bounds, 0 chg sides, 2085 chg coeffs, 278 upgd conss, 23990 impls, 99 clqs
(round 23, exhaustive) 646 del vars, 246 del conss, 0 add conss, 3841 chg bounds, 0 chg sides, 2085 chg coeffs, 278 upgd conss, 27676 impls, 111 clqs
(round 24, fast)       646 del vars, 251 del conss, 0 add conss, 3841 chg bounds, 0 chg sides, 2085 chg coeffs, 278 upgd conss, 27676 impls, 111 clqs
(round 25, exhaustive) 646 del vars, 251 del conss, 0 add conss, 3841 chg bounds, 0 chg sides, 2085 chg coeffs, 313 upgd conss, 27676 impls, 111 clqs
   (0.5s) sparsify finished: 4/10401 (0.0%) nonzeros canceled - in total 10 canceled nonzeros, 517 changed coefficients, 0 added nonzeros
(round 26, exhaustive) 646 del vars, 251 del conss, 0 add conss, 3841 chg bounds, 0 chg sides, 2287 chg coeffs, 313 upgd conss, 27711 impls, 111 clqs
(round 27, exhaustive) 671 del vars, 251 del conss, 0 add conss, 3841 chg bounds, 0 chg sides, 2287 chg coeffs, 313 upgd conss, 32137 impls, 124 clqs
(round 28, fast)       671 del vars, 259 del conss, 0 add conss, 3841 chg bounds, 0 chg sides, 2287 chg coeffs, 313 upgd conss, 32137 impls, 124 clqs
(round 29, exhaustive) 671 del vars, 259 del conss, 0 add conss, 3841 chg bounds, 0 chg sides, 2287 chg coeffs, 331 upgd conss, 32137 impls, 124 clqs
(round 30, exhaustive) 696 del vars, 259 del conss, 0 add conss, 3841 chg bounds, 0 chg sides, 2287 chg coeffs, 331 upgd conss, 34363 impls, 149 clqs
(round 31, fast)       699 del vars, 268 del conss, 0 add conss, 3844 chg bounds, 0 chg sides, 2287 chg coeffs, 331 upgd conss, 34363 impls, 149 clqs
(round 32, exhaustive) 699 del vars, 268 del conss, 0 add conss, 3844 chg bounds, 0 chg sides, 2287 chg coeffs, 351 upgd conss, 34363 impls, 149 clqs
(round 33, exhaustive) 724 del vars, 268 del conss, 0 add conss, 3844 chg bounds, 0 chg sides, 2287 chg coeffs, 351 upgd conss, 36569 impls, 178 clqs
(round 34, fast)       724 del vars, 278 del conss, 0 add conss, 3844 chg bounds, 0 chg sides, 2287 chg coeffs, 351 upgd conss, 36569 impls, 178 clqs
(round 35, exhaustive) 724 del vars, 278 del conss, 0 add conss, 3844 chg bounds, 0 chg sides, 2287 chg coeffs, 367 upgd conss, 36569 impls, 178 clqs
(round 36, exhaustive) 749 del vars, 278 del conss, 0 add conss, 3844 chg bounds, 0 chg sides, 2287 chg coeffs, 367 upgd conss, 39822 impls, 190 clqs
(round 37, fast)       750 del vars, 288 del conss, 0 add conss, 3845 chg bounds, 0 chg sides, 2287 chg coeffs, 367 upgd conss, 39822 impls, 190 clqs
(round 38, exhaustive) 750 del vars, 288 del conss, 0 add conss, 3845 chg bounds, 0 chg sides, 2287 chg coeffs, 384 upgd conss, 39822 impls, 190 clqs
(round 39, exhaustive) 777 del vars, 288 del conss, 0 add conss, 3845 chg bounds, 0 chg sides, 2287 chg coeffs, 384 upgd conss, 42480 impls, 230 clqs
(round 40, fast)       777 del vars, 302 del conss, 0 add conss, 3845 chg bounds, 0 chg sides, 2287 chg coeffs, 384 upgd conss, 42480 impls, 230 clqs
(round 41, exhaustive) 777 del vars, 302 del conss, 0 add conss, 3845 chg bounds, 0 chg sides, 2287 chg coeffs, 396 upgd conss, 42480 impls, 230 clqs
(round 42, exhaustive) 802 del vars, 302 del conss, 0 add conss, 3845 chg bounds, 0 chg sides, 2287 chg coeffs, 396 upgd conss, 45990 impls, 251 clqs
(round 43, fast)       802 del vars, 312 del conss, 0 add conss, 3845 chg bounds, 0 chg sides, 2287 chg coeffs, 396 upgd conss, 45990 impls, 251 clqs
(round 44, exhaustive) 802 del vars, 312 del conss, 0 add conss, 3845 chg bounds, 0 chg sides, 2287 chg coeffs, 412 upgd conss, 45990 impls, 251 clqs
(round 45, exhaustive) 827 del vars, 312 del conss, 0 add conss, 3845 chg bounds, 0 chg sides, 2287 chg coeffs, 412 upgd conss, 48883 impls, 267 clqs
(round 46, fast)       827 del vars, 325 del conss, 0 add conss, 3845 chg bounds, 0 chg sides, 2287 chg coeffs, 412 upgd conss, 48883 impls, 267 clqs
(round 47, exhaustive) 827 del vars, 325 del conss, 0 add conss, 3845 chg bounds, 0 chg sides, 2287 chg coeffs, 423 upgd conss, 48883 impls, 267 clqs
(round 48, exhaustive) 852 del vars, 325 del conss, 0 add conss, 3845 chg bounds, 0 chg sides, 2287 chg coeffs, 423 upgd conss, 51856 impls, 280 clqs
(round 49, fast)       853 del vars, 339 del conss, 0 add conss, 3846 chg bounds, 0 chg sides, 2287 chg coeffs, 423 upgd conss, 51856 impls, 280 clqs
(round 50, exhaustive) 853 del vars, 339 del conss, 0 add conss, 3846 chg bounds, 0 chg sides, 2287 chg coeffs, 429 upgd conss, 51856 impls, 280 clqs
   (0.8s) sparsify finished: 2/9681 (0.0%) nonzeros canceled - in total 12 canceled nonzeros, 612 changed coefficients, 0 added nonzeros
(round 51, exhaustive) 853 del vars, 339 del conss, 0 add conss, 3846 chg bounds, 0 chg sides, 2382 chg coeffs, 429 upgd conss, 51862 impls, 280 clqs
(round 52, exhaustive) 879 del vars, 339 del conss, 0 add conss, 3846 chg bounds, 0 chg sides, 2382 chg coeffs, 429 upgd conss, 56094 impls, 302 clqs
(round 53, fast)       879 del vars, 349 del conss, 0 add conss, 3846 chg bounds, 0 chg sides, 2382 chg coeffs, 429 upgd conss, 56094 impls, 302 clqs
(round 54, exhaustive) 879 del vars, 349 del conss, 0 add conss, 3846 chg bounds, 0 chg sides, 2382 chg coeffs, 447 upgd conss, 56094 impls, 302 clqs
(round 55, exhaustive) 904 del vars, 349 del conss, 0 add conss, 3846 chg bounds, 0 chg sides, 2382 chg coeffs, 447 upgd conss, 56585 impls, 304 clqs
(round 56, fast)       906 del vars, 365 del conss, 0 add conss, 3848 chg bounds, 0 chg sides, 2382 chg coeffs, 447 upgd conss, 56585 impls, 304 clqs
(round 57, exhaustive) 906 del vars, 365 del conss, 0 add conss, 3848 chg bounds, 0 chg sides, 2382 chg coeffs, 453 upgd conss, 56585 impls, 304 clqs
(round 58, exhaustive) 932 del vars, 365 del conss, 0 add conss, 3848 chg bounds, 0 chg sides, 2382 chg coeffs, 453 upgd conss, 59317 impls, 321 clqs
(round 59, fast)       932 del vars, 379 del conss, 0 add conss, 3848 chg bounds, 0 chg sides, 2382 chg coeffs, 453 upgd conss, 59317 impls, 321 clqs
(round 60, exhaustive) 932 del vars, 379 del conss, 0 add conss, 3848 chg bounds, 0 chg sides, 2382 chg coeffs, 463 upgd conss, 59317 impls, 321 clqs
(round 61, exhaustive) 957 del vars, 379 del conss, 0 add conss, 3848 chg bounds, 0 chg sides, 2382 chg coeffs, 463 upgd conss, 62994 impls, 385 clqs
(round 62, fast)       958 del vars, 393 del conss, 0 add conss, 3849 chg bounds, 0 chg sides, 2382 chg coeffs, 463 upgd conss, 62994 impls, 385 clqs
(round 63, exhaustive) 958 del vars, 393 del conss, 0 add conss, 3849 chg bounds, 0 chg sides, 2382 chg coeffs, 473 upgd conss, 62994 impls, 385 clqs
(round 64, exhaustive) 983 del vars, 393 del conss, 0 add conss, 3849 chg bounds, 0 chg sides, 2382 chg coeffs, 473 upgd conss, 65277 impls, 400 clqs
(round 65, fast)       983 del vars, 406 del conss, 0 add conss, 3849 chg bounds, 0 chg sides, 2382 chg coeffs, 473 upgd conss, 65277 impls, 400 clqs
   (0.9s) running MILP presolver
   (1.0s) MILP presolver (24 rounds): 0 aggregations, 466 fixings, 0 bound changes
(round 66, medium)     1449 del vars, 624 del conss, 0 add conss, 3849 chg bounds, 0 chg sides, 2382 chg coeffs, 473 upgd conss, 65277 impls, 400 clqs
(round 67, fast)       1449 del vars, 693 del conss, 0 add conss, 3849 chg bounds, 0 chg sides, 2382 chg coeffs, 473 upgd conss, 65277 impls, 400 clqs
(round 68, exhaustive) 1449 del vars, 693 del conss, 0 add conss, 3849 chg bounds, 0 chg sides, 2382 chg coeffs, 486 upgd conss, 65277 impls, 400 clqs
   (1.1s) probing: 1000/1530 (65.4%) - 479 fixings, 0 aggregations, 67527 implications, 0 bound changes
   (1.2s) probing cycle finished: starting next cycle
   (1.2s) probing: 51/1050 (4.9%) - 500 fixings, 0 aggregations, 92561 implications, 0 bound changes
   (1.2s) probing aborted: 50/50 successive totally useless probings
(round 69, exhaustive) 1470 del vars, 693 del conss, 0 add conss, 3849 chg bounds, 0 chg sides, 2382 chg coeffs, 486 upgd conss, 93032 impls, 1035 clqs
(round 70, fast)       1470 del vars, 707 del conss, 0 add conss, 3849 chg bounds, 0 chg sides, 2382 chg coeffs, 486 upgd conss, 93032 impls, 1035 clqs
   (1.2s) probing: 56/1050 (5.3%) - 500 fixings, 0 aggregations, 92561 implications, 0 bound changes
   (1.2s) probing aborted: 50/50 successive totally useless probings
   (1.2s) symmetry computation started: requiring (bin +, int -, cont +), (fixed: bin -, int +, cont -)
   (1.2s) symmetry computation finished: 9 generators found (max: 1500, log10 of symmetry group size: 5.9)
(round 71, exhaustive) 1470 del vars, 707 del conss, 2 add conss, 3849 chg bounds, 0 chg sides, 2382 chg coeffs, 486 upgd conss, 93032 impls, 1035 clqs
presolving (72 rounds: 72 fast, 48 medium, 46 exhaustive):
 1470 deleted vars, 707 deleted constraints, 2 added constraints, 3849 tightened bounds, 0 added holes, 0 changed sides, 2382 changed coefficients
 93032 implications, 1035 cliques
presolved problem has 2130 variables (1050 bin, 0 int, 0 impl, 1080 cont) and 1128 constraints
     60 constraints of type <varbound>
     15 constraints of type <setppc>
   1051 constraints of type <linear>
      2 constraints of type <orbitope>
Presolving Time: 1.23

 time | node  | left  |LP iter|LP it/n|mem/heur|mdpt |vars |cons |rows |cuts |sepa|confs|strbr|  dualbound   | primalbound  |  gap   | compl. 
  1.3s|     1 |     0 |   238 |     - |    57M |   0 |2130 |1135 |1126 |   0 |  0 |   6 |   0 |-3.868304e+00 |      --      |    Inf | unknown
o 1.3s|     1 |     0 |   696 |     - |feaspump|   0 |2130 |1135 |1126 |   0 |  0 |   6 |   0 |-3.868304e+00 |-3.866297e+00 |   0.05%| unknown
  1.3s|     1 |     0 |   697 |     - |    58M |   0 |2130 |1135 |1127 |   1 |  1 |   6 |   0 |-3.868304e+00 |-3.866297e+00 |   0.05%| unknown
  1.3s|     1 |     0 |   697 |     - |    58M |   0 |2130 |1135 |1127 |   1 |  1 |   6 |   0 |-3.868304e+00 |-3.866297e+00 |   0.05%| unknown
  1.3s|     1 |     0 |   699 |     - |    58M |   0 |2130 |1135 |1113 |   2 |  2 |   6 |   0 |-3.868304e+00 |-3.866297e+00 |   0.05%| unknown
  1.3s|     1 |     0 |   700 |     - |    58M |   0 |2130 |1135 |1114 |   3 |  3 |   6 |   0 |-3.868304e+00 |-3.866297e+00 |   0.05%| unknown
  1.3s|     1 |     0 |   701 |     - |    58M |   0 |2130 |1135 |1115 |   4 |  4 |   6 |   0 |-3.868304e+00 |-3.866297e+00 |   0.05%| unknown
  1.3s|     1 |     0 |   702 |     - |    59M |   0 |2130 |1135 |1116 |   5 |  5 |   6 |   0 |-3.868304e+00 |-3.866297e+00 |   0.05%| unknown
  1.4s|     1 |     0 |   704 |     - |    59M |   0 |2130 |1135 |1117 |   6 |  6 |   6 |   0 |-3.868304e+00 |-3.866297e+00 |   0.05%| unknown
  1.4s|     1 |     0 |   705 |     - |    59M |   0 |2130 |1135 |1118 |   7 |  7 |   6 |   0 |-3.868304e+00 |-3.866297e+00 |   0.05%| unknown
  1.4s|     1 |     0 |   707 |     - |    59M |   0 |2130 |1135 |1119 |   8 |  8 |   6 |   0 |-3.868304e+00 |-3.866297e+00 |   0.05%| unknown
  1.4s|     1 |     0 |   710 |     - |    59M |   0 |2130 |1135 |1120 |   9 |  9 |   6 |   0 |-3.868304e+00 |-3.866297e+00 |   0.05%| unknown
  1.4s|     1 |     0 |   713 |     - |    59M |   0 |2130 |1135 |1121 |  10 | 10 |   6 |   0 |-3.868304e+00 |-3.866297e+00 |   0.05%| unknown
r 1.4s|     1 |     0 |   713 |     - |shifting|   0 |2130 |1135 |1121 |  10 | 10 |   6 |   0 |-3.868304e+00 |-3.868304e+00 |   0.00%| unknown
  1.4s|     1 |     0 |   713 |     - |    59M |   0 |2130 |1135 |1121 |  10 | 10 |   6 |   0 |-3.868304e+00 |-3.868304e+00 |   0.00%| unknown

SCIP Status        : problem is solved [optimal solution found]
Solving Time (sec) : 1.42
Solving Nodes      : 1
Primal Bound       : -3.86830357142857e+00 (2 solutions)
Dual Bound         : -3.86830357142857e+00
Gap                : 0.00 %

primal solution (original space):
=================================

objective value:                    -3.86830357142857
y_1,52_                                             1 	(obj:0)
y_2,52_                                             1 	(obj:0)
y_3,52_                                             1 	(obj:0)
y_4,52_                                             1 	(obj:0)
y_6,52_                                             1 	(obj:0)
y_7,52_                                             1 	(obj:0)
y_12,52_                                            1 	(obj:0)
y_13,52_                                            1 	(obj:0)
y_14,52_                                            1 	(obj:0)
y_15,52_                                            1 	(obj:0)
y_5,53_                                             1 	(obj:0)
y_8,53_                                             1 	(obj:0)
y_9,53_                                             1 	(obj:0)
y_10,53_                                            1 	(obj:0)
y_11,53_                                            1 	(obj:0)
t_8,53_                                             1 	(obj:0)
t_1,53_                                             1 	(obj:0)
t_7,52_                             0.584435829720954 	(obj:0)
x_8_                               -0.252100840336134 	(obj:1)
x_2_                               -0.252100840336134 	(obj:1)
t_9,53_                                             1 	(obj:0)
x_9_                               -0.252100840336134 	(obj:1)
t_10,53_                                            1 	(obj:0)
t_7,53_                             0.415564170279046 	(obj:0)
x_10_                              -0.252100840336134 	(obj:1)
t_11,53_                                            1 	(obj:0)
t_4,52_                             0.999281596644301 	(obj:0)
t_6,53_                                             1 	(obj:0)
x_7_                               -0.271745742175494 	(obj:1)
x_11_                              -0.252100840336134 	(obj:1)
t_12,53_                                            1 	(obj:0)
t_5,53_                                             1 	(obj:0)
x_6_                               -0.252100840336134 	(obj:1)
x_12_                              -0.252100840336134 	(obj:1)
x_15_                              -0.252100840336134 	(obj:1)
t_13,53_                                            1 	(obj:0)
t_4,53_                          0.000718403355699348 	(obj:0)
x_5_                               -0.252100840336134 	(obj:1)
x_13_                              -0.252100840336134 	(obj:1)
t_3,53_                                             1 	(obj:0)
t_14,52_                            0.998313823634737 	(obj:0)
t_14,53_                          0.00168617636526336 	(obj:0)
x_4_                               -0.285690137702329 	(obj:1)
x_1_                               -0.252100840336134 	(obj:1)
x_14_                              -0.285657607517134 	(obj:1)
t_2,53_                                             1 	(obj:0)
x_3_                               -0.252100840336134 	(obj:1)
t_15,53_                                            1 	(obj:0)

Statistics
==========

SCIP Status        : problem is solved [optimal solution found]
Total Time         :       1.43
  solving          :       1.42
  presolving       :       1.23 (included in solving)
  reading          :       0.01
  copying          :       0.00 (0 times copied the problem)
Original Problem   :
  Problem name     : ../modeles/15_119.lp
  Variables        : 3600 (1785 binary, 0 integer, 0 implicit integer, 1815 continuous)
  Constraints      : 1846 initial, 1846 maximal
  Objective        : minimize, 15 non-zeros (abs.min = 1, abs.max = 1)
Presolved Problem  :
  Problem name     : t_../modeles/15_119.lp
  Variables        : 2130 (1050 binary, 0 integer, 0 implicit integer, 1080 continuous)
  Constraints      : 1128 initial, 1135 maximal
  Objective        : minimize, 1080 non-zeros (abs.min = 0.0168067, abs.max = 1.42857)
  Nonzeros         : 8234 constraint, 1035 clique table
Presolvers         :   ExecTime  SetupTime  Calls  FixedVars   AggrVars   ChgTypes  ChgBounds   AddHoles    DelCons    AddCons   ChgSides   ChgCoefs
  boundshift       :       0.00       0.00      0          0          0          0          0          0          0          0          0          0
  convertinttobin  :       0.00       0.00      0          0          0          0          0          0          0          0          0          0
  domcol           :       0.09       0.00     26          0          0          0          0          0          0          0          0          0
  dualagg          :       0.00       0.00      0          0          0          0          0          0          0          0          0          0
  dualcomp         :       0.03       0.00     26          0          0          0          0          0          0          0          0          0
  dualinfer        :       0.00       0.00      0          0          0          0          0          0          0          0          0          0
  dualsparsify     :       0.00       0.00      1          0          0          0          0          0          0          0          0          0
  gateextraction   :       0.00       0.00      0          0          0          0          0          0          0          0          0          0
  implics          :       0.00       0.00     48          0          0          0          0          0          0          0          0          0
  inttobinary      :       0.00       0.00      0          0          0          0          0          0          0          0          0          0
  milp             :       0.23       0.00      2        946          0          0         30          0          0          0          0          0
  qpkktref         :       0.00       0.00      0          0          0          0          0          0          0          0          0          0
  redvub           :       0.00       0.00      0          0          0          0          0          0          0          0          0          0
  sparsify         :       0.20       0.00     10          0          0          0          0          0          0          0          0        612
  stuffing         :       0.00       0.00      0          0          0          0          0          0          0          0          0          0
  trivial          :       0.00       0.00     72          0          0          0          0          0          0          0          0          0
  tworowbnd        :       0.00       0.00      0          0          0          0          0          0          0          0          0          0
  dualfix          :       0.00       0.00     72          0          0          0          0          0          0          0          0          0
  genvbounds       :       0.00       0.00      0          0          0          0          0          0          0          0          0          0
  probing          :       0.48       0.00     21        500          0          0          0          0          0          0          0          0
  pseudoobj        :       0.00       0.00      0          0          0          0          0          0          0          0          0          0
  symmetry         :       0.02       0.00      1          0          0          0          0          0          0          2          0          0
  vbounds          :       0.00       0.00     15          0          0          0          0          0          0          0          0          0
  varbound         :       0.00       0.00    113          0          0          0          7          0        411          0          0          0
  setppc           :       0.01       0.00    158          0          0          0          0          0          0          0          0          0
  linear           :       0.13       0.00    118          9         15          0       3812          0        296          0          0       1770
  orbitope         :       0.00       0.00      1          0          0          0          0          0          0          0          0          0
  logicor          :       0.00       0.00      0          0          0          0          0          0          0          0          0          0
  bounddisjunction :       0.00       0.00      0          0          0          0          0          0          0          0          0          0
  benders          :       0.00       0.00      0          0          0          0          0          0          0          0          0          0
  components       :       0.00       0.00      1          0          0          0          0          0          0          0          0          0
  root node        :          -          -      -         15          -          -         30          -          -          -          -          -
Constraints        :     Number  MaxNumber  #Separate #Propagate    #EnfoLP    #EnfoRelax  #EnfoPS    #Check   #ResProp    Cutoffs    DomReds       Cuts    Applied      Conss   Children
  benderslp        :          0          0          0          0          0          0          0         23          0          0          0          0          0          0          0
  integral         :          0          0          0          0          0          0          0         23          0          0          0          0          0          0          0
  varbound         :         60         60         10       4049          0          0          0         17         66          0         15          0          0          0          0
  setppc           :         15         15         10       4033          0          0          0         17        879          0          0          0          0          0          0
  linear           :       1051+      1052         10       4058          0          0          0         10       1621        327          0          0          0          0          0
  orbitope         :          2          2          0        219          0          0          0          2          0          0          0          0          0          0          0
  logicor          :          0+         2         10         18          0          0          0          0          0          0          0          0          0          0          0
  bounddisjunction :          0+         4          0         16          0          0          0          0          0          0          0          0          0          0          0
  benders          :          0          0          0          0          0          0          0          3          0          0          0          0          0          0          0
  countsols        :          0          0          0          0          0          0          0          3          0          0          0          0          0          0          0
  components       :          0          0          0          0          0          0          0          0          0          0          0          0          0          0          0
Constraint Timings :  TotalTime  SetupTime   Separate  Propagate     EnfoLP     EnfoPS     EnfoRelax   Check    ResProp    SB-Prop
  benderslp        :       0.00       0.00       0.00       0.00       0.00       0.00       0.00       0.00       0.00       0.00
  integral         :       0.00       0.00       0.00       0.00       0.00       0.00       0.00       0.00       0.00       0.00
  varbound         :       0.02       0.00       0.00       0.02       0.00       0.00       0.00       0.00       0.00       0.00
  setppc           :       0.01       0.00       0.00       0.00       0.00       0.00       0.00       0.00       0.00       0.00
  linear           :       0.10       0.00       0.01       0.09       0.00       0.00       0.00       0.00       0.00       0.00
  orbitope         :       0.00       0.00       0.00       0.00       0.00       0.00       0.00       0.00       0.00       0.00
  logicor          :       0.00       0.00       0.00       0.00       0.00       0.00       0.00       0.00       0.00       0.00
  bounddisjunction :       0.00       0.00       0.00       0.00       0.00       0.00       0.00       0.00       0.00       0.00
  benders          :       0.00       0.00       0.00       0.00       0.00       0.00       0.00       0.00       0.00       0.00
  countsols        :       0.00       0.00       0.00       0.00       0.00       0.00       0.00       0.00       0.00       0.00
  components       :       0.00       0.00       0.00       0.00       0.00       0.00       0.00       0.00       0.00       0.00
Propagators        : #Propagate   #ResProp    Cutoffs    DomReds
  dualfix          :          1          0          0          0
  genvbounds       :          0          0          0          0
  nlobbt           :          0          0          0          0
  obbt             :          0          0          0          0
  probing          :          0          0          0          0
  pseudoobj        :         14          0          0          0
  redcost          :         12          0          0         15
  rootredcost      :          0          0          0          0
  symmetry         :          0          0          0          0
  vbounds          :        148          0          0          0
Propagator Timings :  TotalTime  SetupTime   Presolve  Propagate    ResProp    SB-Prop
  dualfix          :       0.00       0.00       0.00       0.00       0.00       0.00
  genvbounds       :       0.00       0.00       0.00       0.00       0.00       0.00
  nlobbt           :       0.00       0.00       0.00       0.00       0.00       0.00
  obbt             :       0.00       0.00       0.00       0.00       0.00       0.00
  probing          :       0.48       0.00       0.48       0.00       0.00       0.00
  pseudoobj        :       0.00       0.00       0.00       0.00       0.00       0.00
  redcost          :       0.00       0.00       0.00       0.00       0.00       0.00
  rootredcost      :       0.00       0.00       0.00       0.00       0.00       0.00
  symmetry         :       0.02       0.00       0.02       0.00       0.00       0.00
  vbounds          :       0.01       0.00       0.00       0.01       0.00       0.00
Orbital fixing     :
  vars fixed to 0  :          0
  vars fixed to 1  :          0
Conflict Analysis  :       Time      Calls    Success    DomReds  Conflicts   Literals    Reconvs ReconvLits   Dualrays   Nonzeros   LP Iters   (pool size: [10000,10000])
  propagation      :       0.00          0          0          -          0        0.0          0        0.0          -          -          -
  infeasible LP    :       0.00          1          1          -         15       95.7          0        0.0          1      249.0          0
  bound exceed. LP :       0.00          0          0          -          0        0.0          0        0.0          0        0.0          0
  strong branching :       0.00          0          0          -          0        0.0          0        0.0          -          -          0
  pseudo solution  :       0.00          0          0          -          0        0.0          0        0.0          -          -          -
  applied globally :       0.00          -          -          0          5       15.6          -          -          1          -          -
  applied locally  :          -          -          -          0          0        0.0          -          -          0          -          -
Separators         :   ExecTime  SetupTime      Calls    Cutoffs    DomReds       Cuts    Applied      Conss
  cut pool         :       0.00                    19          -          -         23          -          -    (maximal pool size: 24)
  aggregation      :       0.06       0.00         10          0          0         23         10          0
  > cmir           :          -          -          -          -          -          -         10          -
  > flowcover      :          -          -          -          -          -          -          0          -
  > knapsackcover  :          -          -          -          -          -          -          0          -
  cgmip            :       0.00       0.00          0          0          0          0          0          0
  clique           :       0.00       0.00         10          0          0          0          0          0
  closecuts        :       0.00       0.00          0          0          0          0          0          0
  convexproj       :       0.00       0.00          0          0          0          0          0          0
  disjunctive      :       0.00       0.00          0          0          0          0          0          0
  eccuts           :       0.00       0.00          0          0          0          0          0          0
  gauge            :       0.00       0.00          0          0          0          0          0          0
  gomory           :       0.00       0.00         10          0          0          1          0          0
  > gomorymi       :          -          -          -          -          -          -          0          -
  > strongcg       :          -          -          -          -          -          -          0          -
  impliedbounds    :       0.00       0.00         10          0          0          0          0          0
  interminor       :       0.00       0.00          0          0          0          0          0          0
  intobj           :       0.00       0.00          0          0          0          0          0          0
  mcf              :       0.00       0.00          1          0          0          0          0          0
  minor            :       0.00       0.00          0          0          0          0          0          0
  mixing           :       0.00       0.00         10          0          0          0          0          0
  oddcycle         :       0.00       0.00          0          0          0          0          0          0
  rapidlearning    :       0.00       0.00          0          0          0          0          0          0
  rlt              :       0.00       0.00         10          0          0          0          0          0
  zerohalf         :       0.01       0.00         10          0          0          0          0          0
Cutselectors       :   ExecTime  SetupTime
  hybrid           :       0.00       0.00
Pricers            :   ExecTime  SetupTime      Calls       Vars
  problem variables:       0.00          -          0          0
Branching Rules    :   ExecTime  SetupTime   BranchLP  BranchExt   BranchPS    Cutoffs    DomReds       Cuts      Conss   Children
  allfullstrong    :       0.00       0.00          0          0          0          0          0          0          0          0
  cloud            :       0.00       0.00          0          0          0          0          0          0          0          0
  distribution     :       0.00       0.00          0          0          0          0          0          0          0          0
  fullstrong       :       0.00       0.00          0          0          0          0          0          0          0          0
  inference        :       0.00       0.00          0          0          0          0          0          0          0          0
  leastinf         :       0.00       0.00          0          0          0          0          0          0          0          0
  lookahead        :       0.00       0.00          0          0          0          0          0          0          0          0
  mostinf          :       0.00       0.00          0          0          0          0          0          0          0          0
  multaggr         :       0.00       0.00          0          0          0          0          0          0          0          0
  nodereopt        :       0.00       0.00          0          0          0          0          0          0          0          0
  pscost           :       0.00       0.00          0          0          0          0          0          0          0          0
  random           :       0.00       0.00          0          0          0          0          0          0          0          0
  relpscost        :       0.00       0.00          0          0          0          0          0          0          0          0
  vanillafullstrong:       0.00       0.00          0          0          0          0          0          0          0          0
Primal Heuristics  :   ExecTime  SetupTime      Calls      Found       Best
  LP solutions     :       0.00          -          -          0          0
  relax solutions  :       0.00          -          -          0          0
  pseudo solutions :       0.00          -          -          0          0
  strong branching :       0.00          -          -          0          0
  actconsdiving    :       0.00       0.00          0          0          0
  adaptivediving   :       0.00       0.00          0          0          0
  alns             :       0.00       0.00          0          0          0
  bound            :       0.00       0.00          0          0          0
  clique           :       0.01       0.00          1          0          0
  coefdiving       :       0.00       0.00          0          0          0
  completesol      :       0.00       0.00          0          0          0
  conflictdiving   :       0.00       0.00          0          0          0
  crossover        :       0.00       0.00          0          0          0
  dins             :       0.00       0.00          0          0          0
  distributiondivin:       0.00       0.00          0          0          0
  dps              :       0.00       0.00          0          0          0
  dualval          :       0.00       0.00          0          0          0
  farkasdiving     :       0.00       0.00          0          0          0
  feaspump         :       0.01       0.00          1          1          1
  fixandinfer      :       0.00       0.00          0          0          0
  fracdiving       :       0.00       0.00          0          0          0
  gins             :       0.00       0.00          0          0          0
  guideddiving     :       0.00       0.00          0          0          0
  indicator        :       0.00       0.00          0          0          0
  intdiving        :       0.00       0.00          0          0          0
  intshifting      :       0.00       0.00          0          0          0
  linesearchdiving :       0.00       0.00          0          0          0
  localbranching   :       0.00       0.00          0          0          0
  locks            :       0.01       0.00          1          0          0
  lpface           :       0.00       0.00          0          0          0
  mpec             :       0.00       0.00          0          0          0
  multistart       :       0.00       0.00          0          0          0
  mutation         :       0.00       0.00          0          0          0
  nlpdiving        :       0.00       0.00          0          0          0
  objpscostdiving  :       0.00       0.00          0          0          0
  octane           :       0.00       0.00          0          0          0
  ofins            :       0.00       0.00          0          0          0
  oneopt           :       0.00       0.00          1          0          0
  padm             :       0.00       0.00          0          0          0
  proximity        :       0.00       0.00          0          0          0
  pscostdiving     :       0.00       0.00          0          0          0
  randrounding     :       0.01       0.00         11          0          0
  rens             :       0.00       0.00          0          0          0
  reoptsols        :       0.00       0.00          0          0          0
  repair           :       0.00       0.00          0          0          0
  rins             :       0.00       0.00          0          0          0
  rootsoldiving    :       0.00       0.00          0          0          0
  rounding         :       0.00       0.00         11          0          0
  shiftandpropagate:       0.00       0.00          1          0          0
  shifting         :       0.01       0.00         11          1          1
  simplerounding   :       0.00       0.00          0          0          0
  subnlp           :       0.00       0.00          0          0          0
  trivial          :       0.01       0.00          2          0          0
  trivialnegation  :       0.00       0.00          0          0          0
  trustregion      :       0.00       0.00          0          0          0
  trysol           :       0.00       0.00          0          0          0
  twoopt           :       0.00       0.00          0          0          0
  undercover       :       0.00       0.00          0          0          0
  vbounds          :       0.00       0.00          0          0          0
  veclendiving     :       0.00       0.00          0          0          0
  zeroobj          :       0.00       0.00          0          0          0
  zirounding       :       0.00       0.00          0          0          0
  other solutions  :          -          -          -          0          -
Diving (single)    :      Calls      Nodes   LP Iters Backtracks  Conflicts   MinDepth   MaxDepth   AvgDepth  RoundSols  NLeafSols  MinSolDpt  MaxSolDpt  AvgSolDpt
  actconsdiving    :          0          -          -          -          -          -          -          -          -          -          -          -          -
  coefdiving       :          0          -          -          -          -          -          -          -          -          -          -          -          -
  conflictdiving   :          0          -          -          -          -          -          -          -          -          -          -          -          -
  distributiondivin:          0          -          -          -          -          -          -          -          -          -          -          -          -
  farkasdiving     :          0          -          -          -          -          -          -          -          -          -          -          -          -
  fracdiving       :          0          -          -          -          -          -          -          -          -          -          -          -          -
  guideddiving     :          0          -          -          -          -          -          -          -          -          -          -          -          -
  linesearchdiving :          0          -          -          -          -          -          -          -          -          -          -          -          -
  pscostdiving     :          0          -          -          -          -          -          -          -          -          -          -          -          -
  veclendiving     :          0          -          -          -          -          -          -          -          -          -          -          -          -
Diving (adaptive)  :      Calls      Nodes   LP Iters Backtracks  Conflicts   MinDepth   MaxDepth   AvgDepth  RoundSols  NLeafSols  MinSolDpt  MaxSolDpt  AvgSolDpt
  actconsdiving    :          0          -          -          -          -          -          -          -          -          -          -          -          -
  coefdiving       :          0          -          -          -          -          -          -          -          -          -          -          -          -
  conflictdiving   :          0          -          -          -          -          -          -          -          -          -          -          -          -
  distributiondivin:          0          -          -          -          -          -          -          -          -          -          -          -          -
  farkasdiving     :          0          -          -          -          -          -          -          -          -          -          -          -          -
  fracdiving       :          0          -          -          -          -          -          -          -          -          -          -          -          -
  guideddiving     :          0          -          -          -          -          -          -          -          -          -          -          -          -
  linesearchdiving :          0          -          -          -          -          -          -          -          -          -          -          -          -
  pscostdiving     :          0          -          -          -          -          -          -          -          -          -          -          -          -
  veclendiving     :          0          -          -          -          -          -          -          -          -          -          -          -          -
Neighborhoods      :      Calls  SetupTime  SolveTime SolveNodes       Sols       Best       Exp3  EpsGreedy        UCB TgtFixRate  Opt  Inf Node Stal  Sol  Usr Othr Actv
  rens             :          0       0.00       0.00          0          0          0    0.00000   -1.00000    1.00000      0.900    0    0    0    0    0    0    0    1
  rins             :          0       0.00       0.00          0          0          0    0.00000   -1.00000    1.00000      0.900    0    0    0    0    0    0    0    1
  mutation         :          0       0.00       0.00          0          0          0    0.00000   -1.00000    1.00000      0.900    0    0    0    0    0    0    0    1
  localbranching   :          0       0.00       0.00          0          0          0    0.00000   -1.00000    1.00000      0.900    0    0    0    0    0    0    0    1
  crossover        :          0       0.00       0.00          0          0          0    0.00000   -1.00000    1.00000      0.900    0    0    0    0    0    0    0    1
  proximity        :          0       0.00       0.00          0          0          0    0.00000   -1.00000    1.00000      0.900    0    0    0    0    0    0    0    1
  zeroobjective    :          0       0.00       0.00          0          0          0    0.00000   -1.00000    1.00000      0.900    0    0    0    0    0    0    0    1
  dins             :          0       0.00       0.00          0          0          0    0.00000   -1.00000    1.00000      0.900    0    0    0    0    0    0    0    1
  trustregion      :          0       0.00       0.00          0          0          0    0.00000   -1.00000    1.00000      0.900    0    0    0    0    0    0    0    0
LP                 :       Time      Calls Iterations  Iter/call   Iter/sec  Time-0-It Calls-0-It    ItLimit
  primal LP        :       0.00          0          0       0.00          -       0.00          0
  dual LP          :       0.02         13        242      22.00   13758.60       0.00          2
  lex dual LP      :       0.00          0          0       0.00          -
  barrier LP       :       0.00          0          0       0.00          -       0.00          0
  resolve instable :       0.00          0          0       0.00          -
  diving/probing LP:       0.01          3        471     157.00          -
  strong branching :       0.00          0          0       0.00          -          -          -          0
    (at root node) :          -          0          0       0.00          -
  conflict analysis:       0.00          0          0       0.00          -
B&B Tree           :
  number of runs   :          1
  nodes            :          1 (0 internal, 1 leaves)
  feasible leaves  :          0
  infeas. leaves   :          0
  objective leaves :          1
  nodes (total)    :          1 (0 internal, 1 leaves)
  nodes left       :          0
  max depth        :          0
  max depth (total):          0
  backtracks       :          0 (0.0%)
  early backtracks :          0 (0.0%)
  nodes exc. ref.  :          0 (0.0%)
  delayed cutoffs  :          0
  repropagations   :          0 (0 domain reductions, 0 cutoffs)
  avg switch length:       2.00
  switching time   :       0.00
Estim. Tree Size   :          1
Estimation Tree    : 1 nodes (1 visited, 0 internal, 1 leaves, 0 open), weight: 1.0000 completed 1.0000
Estimations        :      estim      value      trend resolution     smooth
  wbe              :          1          -          -          -          -
  tree-profile     :         -1          -          -          -          -
  gap              :          1    1.00000    1.00000          1          1
  tree-weight      :          1    1.00000    1.00000          1          1
  leaf-frequency   :          1    0.50000    1.00000          1          1
  ssg              :          1    0.00000   -1.00000          1          1
  open-nodes       :          1    0.00000    0.00000          1          1
Root Node          :
  First LP value   : -3.86830357142857e+00
  First LP Iters   :        225 (31128.94 Iter/sec)
  First LP Time    :       0.01
  Final Dual Bound : -3.86830357142857e+00
  Final Root Iters :        700
  Root LP Estimate :                     -
Solution           :
  Solutions found  :          2 (2 improvements)
  First Solution   : -3.86629651860744e+00   (in run 1, after 1 nodes, 1.29 seconds, depth 0, found by <feaspump>)
  Gap First Sol.   :       0.05 %
  Gap Last Sol.    :       0.00 %
  Primal Bound     : -3.86830357142857e+00   (in run 1, after 1 nodes, 1.42 seconds, depth 0, found by <shifting>)
  Dual Bound       : -3.86830357142857e+00
  Gap              :       0.00 %
Integrals          :      Total       Avg%
  primal-dual      :     128.69      90.81
  primal-ref       :          -          - (not evaluated)
  dual-ref         :          -          - (not evaluated)
