SCIP version 8.0.0 [precision: 8 byte] [memory: block] [mode: optimized] [LP solver: SoPlex 6.0.0] [GitHash: a740f0891e]
Copyright (C) 2002-2021 Konrad-Zuse-Zentrum fuer Informationstechnik Berlin (ZIB)

External libraries: 
  SoPlex 6.0.0         Linear Programming Solver developed at Zuse Institute Berlin (soplex.zib.de) [GitHash: 71a5873d]
  CppAD 20180000.0     Algorithmic Differentiation of C++ algorithms developed by B. Bell (github.com/coin-or/CppAD)
  ZLIB 1.2.11          General purpose compression library by J. Gailly and M. Adler (zlib.net)
  GMP 6.2.1            GNU Multiple Precision Arithmetic Library developed by T. Granlund (gmplib.org)
  ZIMPL 3.5.1          Zuse Institute Mathematical Programming Language developed by T. Koch (zimpl.zib.de)
  AMPL/MP 4e2d45c4     AMPL .nl file reader library (github.com/ampl/mp)
  PaPILO 2.0.0         parallel presolve for integer and linear optimization (github.com/scipopt/papilo) [GitHash: 76cafc1]
  bliss 0.73p          Computing Graph Automorphism Groups by T. Junttila and P. Kaski (www.tcs.hut.fi/Software/bliss/)
  Ipopt 3.13.2         Interior Point Optimizer developed by A. Waechter et.al. (github.com/coin-or/Ipopt)

user parameter file <scip.set> not found - using default parameters

read problem <../modeles/15_274.lp>
============

original problem has 8250 variables (4110 bin, 0 int, 0 impl, 4140 cont) and 4171 constraints

solve problem
=============

presolving:
(round 1, fast)       15 del vars, 0 del conss, 0 add conss, 8760 chg bounds, 0 chg sides, 0 chg coeffs, 0 upgd conss, 0 impls, 15 clqs
(round 2, fast)       15 del vars, 0 del conss, 0 add conss, 8760 chg bounds, 0 chg sides, 4110 chg coeffs, 0 upgd conss, 0 impls, 15 clqs
   (0.1s) running MILP presolver
   (0.1s) MILP presolver (2 rounds): 0 aggregations, 0 fixings, 60 bound changes
(round 3, exhaustive) 15 del vars, 0 del conss, 0 add conss, 8820 chg bounds, 0 chg sides, 4110 chg coeffs, 45 upgd conss, 0 impls, 15 clqs
(round 4, exhaustive) 40 del vars, 0 del conss, 0 add conss, 8820 chg bounds, 0 chg sides, 4110 chg coeffs, 45 upgd conss, 6309 impls, 15 clqs
(round 5, exhaustive) 40 del vars, 0 del conss, 0 add conss, 8820 chg bounds, 0 chg sides, 4110 chg coeffs, 95 upgd conss, 6309 impls, 15 clqs
(round 6, exhaustive) 65 del vars, 0 del conss, 0 add conss, 8820 chg bounds, 0 chg sides, 4110 chg coeffs, 95 upgd conss, 12907 impls, 15 clqs
(round 7, exhaustive) 65 del vars, 3 del conss, 0 add conss, 8820 chg bounds, 0 chg sides, 4110 chg coeffs, 136 upgd conss, 12907 impls, 15 clqs
(round 8, exhaustive) 90 del vars, 3 del conss, 0 add conss, 8820 chg bounds, 0 chg sides, 4110 chg coeffs, 136 upgd conss, 17587 impls, 15 clqs
(round 9, exhaustive) 90 del vars, 4 del conss, 0 add conss, 8820 chg bounds, 0 chg sides, 4110 chg coeffs, 179 upgd conss, 17587 impls, 15 clqs
(round 10, exhaustive) 115 del vars, 4 del conss, 0 add conss, 8820 chg bounds, 0 chg sides, 4110 chg coeffs, 179 upgd conss, 27716 impls, 15 clqs
(round 11, exhaustive) 115 del vars, 5 del conss, 0 add conss, 8820 chg bounds, 0 chg sides, 4110 chg coeffs, 226 upgd conss, 27716 impls, 15 clqs
(round 12, exhaustive) 140 del vars, 5 del conss, 0 add conss, 8820 chg bounds, 0 chg sides, 4110 chg coeffs, 226 upgd conss, 33485 impls, 15 clqs
(round 13, exhaustive) 140 del vars, 6 del conss, 0 add conss, 8820 chg bounds, 0 chg sides, 4110 chg coeffs, 273 upgd conss, 33485 impls, 15 clqs
(round 14, exhaustive) 165 del vars, 6 del conss, 0 add conss, 8820 chg bounds, 0 chg sides, 4110 chg coeffs, 273 upgd conss, 38429 impls, 15 clqs
(round 15, fast)       166 del vars, 12 del conss, 0 add conss, 8821 chg bounds, 0 chg sides, 4110 chg coeffs, 273 upgd conss, 38429 impls, 15 clqs
(round 16, exhaustive) 166 del vars, 12 del conss, 0 add conss, 8821 chg bounds, 0 chg sides, 4110 chg coeffs, 307 upgd conss, 38429 impls, 15 clqs
(round 17, exhaustive) 191 del vars, 12 del conss, 0 add conss, 8821 chg bounds, 0 chg sides, 4110 chg coeffs, 307 upgd conss, 44448 impls, 15 clqs
(round 18, fast)       192 del vars, 19 del conss, 0 add conss, 8822 chg bounds, 0 chg sides, 4110 chg coeffs, 307 upgd conss, 44448 impls, 15 clqs
(round 19, exhaustive) 192 del vars, 19 del conss, 0 add conss, 8822 chg bounds, 0 chg sides, 4110 chg coeffs, 337 upgd conss, 44448 impls, 15 clqs
(round 20, exhaustive) 217 del vars, 19 del conss, 0 add conss, 8822 chg bounds, 0 chg sides, 4110 chg coeffs, 337 upgd conss, 49359 impls, 15 clqs
(round 21, exhaustive) 217 del vars, 21 del conss, 0 add conss, 8822 chg bounds, 0 chg sides, 4110 chg coeffs, 381 upgd conss, 49359 impls, 15 clqs
(round 22, exhaustive) 242 del vars, 21 del conss, 0 add conss, 8822 chg bounds, 0 chg sides, 4110 chg coeffs, 381 upgd conss, 59716 impls, 15 clqs
(round 23, fast)       242 del vars, 26 del conss, 0 add conss, 8822 chg bounds, 0 chg sides, 4110 chg coeffs, 381 upgd conss, 59716 impls, 15 clqs
(round 24, exhaustive) 242 del vars, 26 del conss, 0 add conss, 8822 chg bounds, 0 chg sides, 4110 chg coeffs, 412 upgd conss, 59716 impls, 15 clqs
(round 25, exhaustive) 267 del vars, 26 del conss, 0 add conss, 8822 chg bounds, 0 chg sides, 4110 chg coeffs, 412 upgd conss, 63546 impls, 15 clqs
(round 26, fast)       268 del vars, 31 del conss, 0 add conss, 8823 chg bounds, 0 chg sides, 4110 chg coeffs, 412 upgd conss, 63546 impls, 15 clqs
(round 27, exhaustive) 268 del vars, 31 del conss, 0 add conss, 8823 chg bounds, 0 chg sides, 4110 chg coeffs, 448 upgd conss, 63546 impls, 15 clqs
(round 28, exhaustive) 293 del vars, 31 del conss, 0 add conss, 8823 chg bounds, 0 chg sides, 4110 chg coeffs, 448 upgd conss, 68176 impls, 15 clqs
(round 29, fast)       295 del vars, 40 del conss, 0 add conss, 8825 chg bounds, 0 chg sides, 4110 chg coeffs, 448 upgd conss, 68176 impls, 15 clqs
(round 30, exhaustive) 295 del vars, 40 del conss, 0 add conss, 8825 chg bounds, 0 chg sides, 4110 chg coeffs, 475 upgd conss, 68176 impls, 15 clqs
(round 31, exhaustive) 320 del vars, 40 del conss, 0 add conss, 8825 chg bounds, 0 chg sides, 4110 chg coeffs, 475 upgd conss, 73865 impls, 15 clqs
(round 32, fast)       320 del vars, 45 del conss, 0 add conss, 8825 chg bounds, 0 chg sides, 4110 chg coeffs, 475 upgd conss, 73865 impls, 15 clqs
(round 33, exhaustive) 320 del vars, 45 del conss, 0 add conss, 8825 chg bounds, 0 chg sides, 4110 chg coeffs, 510 upgd conss, 73865 impls, 15 clqs
(round 34, exhaustive) 345 del vars, 45 del conss, 0 add conss, 8825 chg bounds, 0 chg sides, 4110 chg coeffs, 510 upgd conss, 78215 impls, 15 clqs
(round 35, fast)       345 del vars, 52 del conss, 0 add conss, 8825 chg bounds, 0 chg sides, 4110 chg coeffs, 510 upgd conss, 78215 impls, 15 clqs
(round 36, exhaustive) 345 del vars, 52 del conss, 0 add conss, 8825 chg bounds, 0 chg sides, 4110 chg coeffs, 539 upgd conss, 78215 impls, 15 clqs
(round 37, exhaustive) 370 del vars, 52 del conss, 0 add conss, 8825 chg bounds, 0 chg sides, 4110 chg coeffs, 539 upgd conss, 80663 impls, 15 clqs
(round 38, fast)       370 del vars, 60 del conss, 0 add conss, 8825 chg bounds, 0 chg sides, 4110 chg coeffs, 539 upgd conss, 80663 impls, 15 clqs
(round 39, exhaustive) 370 del vars, 60 del conss, 0 add conss, 8825 chg bounds, 0 chg sides, 4110 chg coeffs, 565 upgd conss, 80663 impls, 15 clqs
(round 40, exhaustive) 395 del vars, 60 del conss, 0 add conss, 8825 chg bounds, 0 chg sides, 4110 chg coeffs, 565 upgd conss, 84709 impls, 15 clqs
(round 41, fast)       396 del vars, 66 del conss, 0 add conss, 8826 chg bounds, 0 chg sides, 4110 chg coeffs, 565 upgd conss, 84709 impls, 15 clqs
(round 42, exhaustive) 396 del vars, 66 del conss, 0 add conss, 8826 chg bounds, 0 chg sides, 4110 chg coeffs, 595 upgd conss, 84709 impls, 15 clqs
(round 43, exhaustive) 421 del vars, 66 del conss, 0 add conss, 8826 chg bounds, 0 chg sides, 4110 chg coeffs, 595 upgd conss, 91695 impls, 15 clqs
(round 44, fast)       421 del vars, 73 del conss, 0 add conss, 8826 chg bounds, 0 chg sides, 4110 chg coeffs, 595 upgd conss, 91695 impls, 15 clqs
(round 45, exhaustive) 421 del vars, 73 del conss, 0 add conss, 8826 chg bounds, 0 chg sides, 4110 chg coeffs, 624 upgd conss, 91695 impls, 15 clqs
(round 46, exhaustive) 446 del vars, 73 del conss, 0 add conss, 8826 chg bounds, 0 chg sides, 4110 chg coeffs, 624 upgd conss, 101363 impls, 15 clqs
(round 47, fast)       446 del vars, 79 del conss, 0 add conss, 8826 chg bounds, 0 chg sides, 4110 chg coeffs, 624 upgd conss, 101363 impls, 15 clqs
(round 48, exhaustive) 446 del vars, 79 del conss, 0 add conss, 8826 chg bounds, 0 chg sides, 4110 chg coeffs, 656 upgd conss, 101363 impls, 15 clqs
(round 49, exhaustive) 471 del vars, 79 del conss, 0 add conss, 8826 chg bounds, 0 chg sides, 4110 chg coeffs, 656 upgd conss, 106503 impls, 15 clqs
(round 50, fast)       471 del vars, 87 del conss, 0 add conss, 8826 chg bounds, 0 chg sides, 4110 chg coeffs, 656 upgd conss, 106503 impls, 15 clqs
(round 51, exhaustive) 471 del vars, 87 del conss, 0 add conss, 8826 chg bounds, 0 chg sides, 4110 chg coeffs, 682 upgd conss, 106503 impls, 15 clqs
(round 52, exhaustive) 496 del vars, 87 del conss, 0 add conss, 8826 chg bounds, 0 chg sides, 4110 chg coeffs, 682 upgd conss, 112651 impls, 15 clqs
(round 53, fast)       496 del vars, 95 del conss, 0 add conss, 8826 chg bounds, 0 chg sides, 4110 chg coeffs, 682 upgd conss, 112651 impls, 15 clqs
(round 54, exhaustive) 496 del vars, 95 del conss, 0 add conss, 8826 chg bounds, 0 chg sides, 4110 chg coeffs, 708 upgd conss, 112651 impls, 15 clqs
(round 55, exhaustive) 521 del vars, 95 del conss, 0 add conss, 8826 chg bounds, 0 chg sides, 4110 chg coeffs, 708 upgd conss, 116653 impls, 15 clqs
(round 56, fast)       521 del vars, 100 del conss, 0 add conss, 8826 chg bounds, 0 chg sides, 4110 chg coeffs, 708 upgd conss, 116653 impls, 15 clqs
(round 57, exhaustive) 521 del vars, 100 del conss, 0 add conss, 8826 chg bounds, 0 chg sides, 4110 chg coeffs, 743 upgd conss, 116653 impls, 15 clqs
(round 58, exhaustive) 546 del vars, 100 del conss, 0 add conss, 8826 chg bounds, 0 chg sides, 4110 chg coeffs, 743 upgd conss, 121739 impls, 15 clqs
(round 59, fast)       546 del vars, 107 del conss, 0 add conss, 8826 chg bounds, 0 chg sides, 4110 chg coeffs, 743 upgd conss, 121739 impls, 15 clqs
(round 60, exhaustive) 546 del vars, 107 del conss, 0 add conss, 8826 chg bounds, 0 chg sides, 4110 chg coeffs, 772 upgd conss, 121739 impls, 15 clqs
(round 61, exhaustive) 571 del vars, 107 del conss, 0 add conss, 8826 chg bounds, 0 chg sides, 4110 chg coeffs, 772 upgd conss, 131895 impls, 15 clqs
(round 62, fast)       571 del vars, 112 del conss, 0 add conss, 8826 chg bounds, 0 chg sides, 4110 chg coeffs, 772 upgd conss, 131895 impls, 15 clqs
(round 63, exhaustive) 571 del vars, 112 del conss, 0 add conss, 8826 chg bounds, 0 chg sides, 4110 chg coeffs, 807 upgd conss, 131895 impls, 15 clqs
(round 64, exhaustive) 596 del vars, 112 del conss, 0 add conss, 8826 chg bounds, 0 chg sides, 4110 chg coeffs, 807 upgd conss, 135104 impls, 15 clqs
(round 65, fast)       596 del vars, 121 del conss, 0 add conss, 8826 chg bounds, 0 chg sides, 4110 chg coeffs, 807 upgd conss, 135104 impls, 15 clqs
(round 66, exhaustive) 596 del vars, 121 del conss, 0 add conss, 8826 chg bounds, 0 chg sides, 4110 chg coeffs, 830 upgd conss, 135104 impls, 15 clqs
(round 67, exhaustive) 621 del vars, 121 del conss, 0 add conss, 8826 chg bounds, 0 chg sides, 4110 chg coeffs, 830 upgd conss, 140937 impls, 15 clqs
(round 68, fast)       623 del vars, 129 del conss, 0 add conss, 8828 chg bounds, 0 chg sides, 4110 chg coeffs, 830 upgd conss, 140937 impls, 15 clqs
(round 69, exhaustive) 623 del vars, 129 del conss, 0 add conss, 8828 chg bounds, 0 chg sides, 4110 chg coeffs, 860 upgd conss, 140937 impls, 15 clqs
   (4.0s) probing: 1000/4110 (24.3%) - 602 fixings, 0 aggregations, 140389 implications, 0 bound changes
(round 70, exhaustive) 648 del vars, 129 del conss, 0 add conss, 8828 chg bounds, 0 chg sides, 4110 chg coeffs, 860 upgd conss, 146483 impls, 15 clqs
(round 71, fast)       648 del vars, 135 del conss, 0 add conss, 8828 chg bounds, 0 chg sides, 4110 chg coeffs, 860 upgd conss, 146483 impls, 15 clqs
(round 72, exhaustive) 648 del vars, 135 del conss, 0 add conss, 8828 chg bounds, 0 chg sides, 4110 chg coeffs, 888 upgd conss, 146483 impls, 15 clqs
(round 73, exhaustive) 673 del vars, 135 del conss, 0 add conss, 8828 chg bounds, 0 chg sides, 4110 chg coeffs, 888 upgd conss, 149159 impls, 15 clqs
(round 74, fast)       673 del vars, 144 del conss, 0 add conss, 8828 chg bounds, 0 chg sides, 4110 chg coeffs, 888 upgd conss, 149159 impls, 15 clqs
(round 75, exhaustive) 673 del vars, 144 del conss, 0 add conss, 8828 chg bounds, 0 chg sides, 4110 chg coeffs, 911 upgd conss, 149159 impls, 15 clqs
(round 76, exhaustive) 698 del vars, 144 del conss, 0 add conss, 8828 chg bounds, 0 chg sides, 4110 chg coeffs, 911 upgd conss, 153889 impls, 15 clqs
(round 77, fast)       699 del vars, 152 del conss, 0 add conss, 8829 chg bounds, 0 chg sides, 4110 chg coeffs, 911 upgd conss, 153889 impls, 15 clqs
(round 78, exhaustive) 699 del vars, 152 del conss, 0 add conss, 8829 chg bounds, 0 chg sides, 4110 chg coeffs, 938 upgd conss, 153889 impls, 15 clqs
(round 79, exhaustive) 724 del vars, 152 del conss, 0 add conss, 8829 chg bounds, 0 chg sides, 4110 chg coeffs, 938 upgd conss, 158624 impls, 15 clqs
(round 80, fast)       729 del vars, 164 del conss, 0 add conss, 8834 chg bounds, 0 chg sides, 4110 chg coeffs, 938 upgd conss, 158624 impls, 15 clqs
(round 81, exhaustive) 729 del vars, 164 del conss, 0 add conss, 8834 chg bounds, 0 chg sides, 4110 chg coeffs, 962 upgd conss, 158624 impls, 15 clqs
(round 82, exhaustive) 754 del vars, 164 del conss, 0 add conss, 8834 chg bounds, 0 chg sides, 4110 chg coeffs, 962 upgd conss, 164131 impls, 15 clqs
(round 83, fast)       755 del vars, 174 del conss, 0 add conss, 8835 chg bounds, 0 chg sides, 4110 chg coeffs, 962 upgd conss, 164131 impls, 15 clqs
(round 84, exhaustive) 755 del vars, 174 del conss, 0 add conss, 8835 chg bounds, 0 chg sides, 4110 chg coeffs, 984 upgd conss, 164131 impls, 15 clqs
(round 85, exhaustive) 780 del vars, 174 del conss, 0 add conss, 8835 chg bounds, 0 chg sides, 4110 chg coeffs, 984 upgd conss, 171742 impls, 15 clqs
(round 86, fast)       781 del vars, 182 del conss, 0 add conss, 8836 chg bounds, 0 chg sides, 4110 chg coeffs, 984 upgd conss, 171742 impls, 15 clqs
(round 87, exhaustive) 781 del vars, 182 del conss, 0 add conss, 8836 chg bounds, 0 chg sides, 4110 chg coeffs, 1012 upgd conss, 171742 impls, 15 clqs
(round 88, exhaustive) 807 del vars, 182 del conss, 0 add conss, 8836 chg bounds, 0 chg sides, 4110 chg coeffs, 1012 upgd conss, 174638 impls, 15 clqs
(round 89, fast)       807 del vars, 194 del conss, 0 add conss, 8836 chg bounds, 0 chg sides, 4110 chg coeffs, 1012 upgd conss, 174638 impls, 15 clqs
(round 90, exhaustive) 807 del vars, 194 del conss, 0 add conss, 8836 chg bounds, 0 chg sides, 4110 chg coeffs, 1028 upgd conss, 174638 impls, 15 clqs
(round 91, exhaustive) 833 del vars, 194 del conss, 0 add conss, 8836 chg bounds, 0 chg sides, 4110 chg coeffs, 1028 upgd conss, 180602 impls, 15 clqs
(round 92, fast)       833 del vars, 202 del conss, 0 add conss, 8836 chg bounds, 0 chg sides, 4110 chg coeffs, 1028 upgd conss, 180602 impls, 15 clqs
(round 93, exhaustive) 833 del vars, 202 del conss, 0 add conss, 8836 chg bounds, 0 chg sides, 4110 chg coeffs, 1056 upgd conss, 180602 impls, 15 clqs
(round 94, exhaustive) 860 del vars, 202 del conss, 0 add conss, 8836 chg bounds, 0 chg sides, 4110 chg coeffs, 1056 upgd conss, 182441 impls, 15 clqs
(round 95, fast)       860 del vars, 212 del conss, 0 add conss, 8836 chg bounds, 0 chg sides, 4110 chg coeffs, 1056 upgd conss, 182441 impls, 15 clqs
(round 96, exhaustive) 860 del vars, 212 del conss, 0 add conss, 8836 chg bounds, 0 chg sides, 4110 chg coeffs, 1080 upgd conss, 182441 impls, 15 clqs
(round 97, exhaustive) 885 del vars, 212 del conss, 0 add conss, 8836 chg bounds, 0 chg sides, 4110 chg coeffs, 1080 upgd conss, 185047 impls, 15 clqs
(round 98, fast)       885 del vars, 223 del conss, 0 add conss, 8836 chg bounds, 0 chg sides, 4110 chg coeffs, 1080 upgd conss, 185047 impls, 15 clqs
(round 99, exhaustive) 885 del vars, 223 del conss, 0 add conss, 8836 chg bounds, 0 chg sides, 4110 chg coeffs, 1097 upgd conss, 185047 impls, 15 clqs
(round 100, exhaustive) 910 del vars, 223 del conss, 0 add conss, 8836 chg bounds, 0 chg sides, 4110 chg coeffs, 1097 upgd conss, 190465 impls, 15 clqs
(round 101, fast)       913 del vars, 235 del conss, 0 add conss, 8839 chg bounds, 0 chg sides, 4110 chg coeffs, 1097 upgd conss, 190465 impls, 15 clqs
(round 102, exhaustive) 913 del vars, 235 del conss, 0 add conss, 8839 chg bounds, 0 chg sides, 4110 chg coeffs, 1117 upgd conss, 190465 impls, 15 clqs
(round 103, exhaustive) 938 del vars, 235 del conss, 0 add conss, 8839 chg bounds, 0 chg sides, 4110 chg coeffs, 1117 upgd conss, 195614 impls, 15 clqs
(round 104, fast)       940 del vars, 245 del conss, 0 add conss, 8841 chg bounds, 0 chg sides, 4110 chg coeffs, 1117 upgd conss, 195614 impls, 15 clqs
(round 105, exhaustive) 940 del vars, 245 del conss, 0 add conss, 8841 chg bounds, 0 chg sides, 4110 chg coeffs, 1141 upgd conss, 195614 impls, 15 clqs
(round 106, exhaustive) 969 del vars, 245 del conss, 0 add conss, 8841 chg bounds, 0 chg sides, 4110 chg coeffs, 1141 upgd conss, 198716 impls, 15 clqs
(round 107, fast)       969 del vars, 259 del conss, 0 add conss, 8841 chg bounds, 0 chg sides, 4110 chg coeffs, 1141 upgd conss, 198716 impls, 15 clqs
(round 108, exhaustive) 969 del vars, 259 del conss, 0 add conss, 8841 chg bounds, 0 chg sides, 4110 chg coeffs, 1157 upgd conss, 198716 impls, 15 clqs
(round 109, exhaustive) 994 del vars, 259 del conss, 0 add conss, 8841 chg bounds, 0 chg sides, 4110 chg coeffs, 1157 upgd conss, 203832 impls, 15 clqs
(round 110, fast)       994 del vars, 266 del conss, 0 add conss, 8841 chg bounds, 0 chg sides, 4110 chg coeffs, 1157 upgd conss, 203832 impls, 15 clqs
(round 111, exhaustive) 994 del vars, 266 del conss, 0 add conss, 8841 chg bounds, 0 chg sides, 4110 chg coeffs, 1186 upgd conss, 203832 impls, 15 clqs
(round 112, exhaustive) 1019 del vars, 266 del conss, 0 add conss, 8841 chg bounds, 0 chg sides, 4110 chg coeffs, 1186 upgd conss, 207659 impls, 15 clqs
(round 113, fast)       1021 del vars, 279 del conss, 0 add conss, 8843 chg bounds, 0 chg sides, 4110 chg coeffs, 1186 upgd conss, 207659 impls, 15 clqs
(round 114, exhaustive) 1021 del vars, 279 del conss, 0 add conss, 8843 chg bounds, 0 chg sides, 4110 chg coeffs, 1201 upgd conss, 207659 impls, 15 clqs
(round 115, exhaustive) 1046 del vars, 279 del conss, 0 add conss, 8843 chg bounds, 0 chg sides, 4110 chg coeffs, 1201 upgd conss, 211511 impls, 15 clqs
(round 116, fast)       1047 del vars, 288 del conss, 0 add conss, 8844 chg bounds, 0 chg sides, 4110 chg coeffs, 1201 upgd conss, 211511 impls, 15 clqs
(round 117, exhaustive) 1047 del vars, 288 del conss, 0 add conss, 8844 chg bounds, 0 chg sides, 4110 chg coeffs, 1226 upgd conss, 211511 impls, 15 clqs
(round 118, exhaustive) 1072 del vars, 288 del conss, 0 add conss, 8844 chg bounds, 0 chg sides, 4110 chg coeffs, 1226 upgd conss, 214838 impls, 15 clqs
(round 119, fast)       1072 del vars, 298 del conss, 0 add conss, 8844 chg bounds, 0 chg sides, 4110 chg coeffs, 1226 upgd conss, 214838 impls, 15 clqs
(round 120, exhaustive) 1072 del vars, 298 del conss, 0 add conss, 8844 chg bounds, 0 chg sides, 4110 chg coeffs, 1246 upgd conss, 214838 impls, 15 clqs
(round 121, exhaustive) 1097 del vars, 298 del conss, 0 add conss, 8844 chg bounds, 0 chg sides, 4110 chg coeffs, 1246 upgd conss, 219170 impls, 15 clqs
(round 122, fast)       1098 del vars, 310 del conss, 0 add conss, 8845 chg bounds, 0 chg sides, 4110 chg coeffs, 1246 upgd conss, 219170 impls, 15 clqs
(round 123, exhaustive) 1098 del vars, 310 del conss, 0 add conss, 8845 chg bounds, 0 chg sides, 4110 chg coeffs, 1262 upgd conss, 219170 impls, 15 clqs
(round 124, exhaustive) 1123 del vars, 310 del conss, 0 add conss, 8845 chg bounds, 0 chg sides, 4110 chg coeffs, 1262 upgd conss, 222701 impls, 15 clqs
(round 125, fast)       1123 del vars, 320 del conss, 0 add conss, 8845 chg bounds, 0 chg sides, 4110 chg coeffs, 1262 upgd conss, 222701 impls, 15 clqs
(round 126, exhaustive) 1123 del vars, 320 del conss, 0 add conss, 8845 chg bounds, 0 chg sides, 4110 chg coeffs, 1282 upgd conss, 222701 impls, 15 clqs
(round 127, exhaustive) 1148 del vars, 320 del conss, 0 add conss, 8845 chg bounds, 0 chg sides, 4110 chg coeffs, 1282 upgd conss, 225211 impls, 15 clqs
(round 128, fast)       1150 del vars, 331 del conss, 0 add conss, 8847 chg bounds, 0 chg sides, 4110 chg coeffs, 1282 upgd conss, 225211 impls, 15 clqs
(round 129, exhaustive) 1150 del vars, 331 del conss, 0 add conss, 8847 chg bounds, 0 chg sides, 4110 chg coeffs, 1303 upgd conss, 225211 impls, 15 clqs
(round 130, exhaustive) 1175 del vars, 331 del conss, 0 add conss, 8847 chg bounds, 0 chg sides, 4110 chg coeffs, 1303 upgd conss, 228256 impls, 15 clqs
(round 131, fast)       1177 del vars, 344 del conss, 0 add conss, 8849 chg bounds, 0 chg sides, 4110 chg coeffs, 1303 upgd conss, 228256 impls, 15 clqs
(round 132, exhaustive) 1177 del vars, 344 del conss, 0 add conss, 8849 chg bounds, 0 chg sides, 4110 chg coeffs, 1318 upgd conss, 228256 impls, 15 clqs
(round 133, exhaustive) 1202 del vars, 344 del conss, 0 add conss, 8849 chg bounds, 0 chg sides, 4110 chg coeffs, 1318 upgd conss, 232254 impls, 15 clqs
(round 134, fast)       1203 del vars, 357 del conss, 0 add conss, 8850 chg bounds, 0 chg sides, 4110 chg coeffs, 1318 upgd conss, 232254 impls, 15 clqs
(round 135, exhaustive) 1203 del vars, 357 del conss, 0 add conss, 8850 chg bounds, 0 chg sides, 4110 chg coeffs, 1331 upgd conss, 232254 impls, 15 clqs
(round 136, exhaustive) 1230 del vars, 357 del conss, 0 add conss, 8850 chg bounds, 0 chg sides, 4110 chg coeffs, 1331 upgd conss, 235254 impls, 15 clqs
(round 137, fast)       1230 del vars, 368 del conss, 0 add conss, 8850 chg bounds, 0 chg sides, 4110 chg coeffs, 1331 upgd conss, 235254 impls, 15 clqs
(round 138, exhaustive) 1230 del vars, 368 del conss, 0 add conss, 8850 chg bounds, 0 chg sides, 4110 chg coeffs, 1348 upgd conss, 235254 impls, 15 clqs
(round 139, exhaustive) 1256 del vars, 368 del conss, 0 add conss, 8850 chg bounds, 0 chg sides, 4110 chg coeffs, 1348 upgd conss, 239487 impls, 15 clqs
(round 140, fast)       1256 del vars, 382 del conss, 0 add conss, 8850 chg bounds, 0 chg sides, 4110 chg coeffs, 1348 upgd conss, 239487 impls, 15 clqs
   (6.4s) running MILP presolver
   (7.0s) MILP presolver (35 rounds): 0 aggregations, 1088 fixings, 0 bound changes
(round 141, medium)     2344 del vars, 772 del conss, 0 add conss, 8850 chg bounds, 0 chg sides, 4110 chg coeffs, 1348 upgd conss, 239487 impls, 15 clqs
(round 142, fast)       2344 del vars, 975 del conss, 0 add conss, 8850 chg bounds, 0 chg sides, 4110 chg coeffs, 1348 upgd conss, 239487 impls, 15 clqs
(round 143, exhaustive) 2344 del vars, 975 del conss, 0 add conss, 8850 chg bounds, 0 chg sides, 4110 chg coeffs, 1552 upgd conss, 239487 impls, 15 clqs
(round 144, exhaustive) 2370 del vars, 975 del conss, 0 add conss, 8850 chg bounds, 0 chg sides, 4110 chg coeffs, 1552 upgd conss, 242588 impls, 15 clqs
(round 145, fast)       2370 del vars, 990 del conss, 0 add conss, 8850 chg bounds, 0 chg sides, 4110 chg coeffs, 1552 upgd conss, 242588 impls, 15 clqs
(round 146, exhaustive) 2370 del vars, 990 del conss, 0 add conss, 8850 chg bounds, 0 chg sides, 4110 chg coeffs, 1559 upgd conss, 242588 impls, 15 clqs
(round 147, exhaustive) 2395 del vars, 990 del conss, 0 add conss, 8850 chg bounds, 0 chg sides, 4110 chg coeffs, 1559 upgd conss, 246511 impls, 15 clqs
(round 148, fast)       2397 del vars, 1006 del conss, 0 add conss, 8852 chg bounds, 0 chg sides, 4110 chg coeffs, 1559 upgd conss, 246511 impls, 15 clqs
(round 149, exhaustive) 2397 del vars, 1006 del conss, 0 add conss, 8852 chg bounds, 0 chg sides, 4110 chg coeffs, 1565 upgd conss, 246511 impls, 15 clqs
(round 150, exhaustive) 2423 del vars, 1006 del conss, 0 add conss, 8852 chg bounds, 0 chg sides, 4110 chg coeffs, 1565 upgd conss, 251242 impls, 15 clqs
(round 151, fast)       2423 del vars, 1020 del conss, 0 add conss, 8852 chg bounds, 0 chg sides, 4110 chg coeffs, 1565 upgd conss, 251242 impls, 15 clqs
(round 152, exhaustive) 2423 del vars, 1020 del conss, 0 add conss, 8852 chg bounds, 0 chg sides, 4110 chg coeffs, 1575 upgd conss, 251242 impls, 15 clqs
(round 153, exhaustive) 2448 del vars, 1020 del conss, 0 add conss, 8852 chg bounds, 0 chg sides, 4110 chg coeffs, 1575 upgd conss, 257385 impls, 15 clqs
(round 154, fast)       2448 del vars, 1033 del conss, 0 add conss, 8852 chg bounds, 0 chg sides, 4110 chg coeffs, 1575 upgd conss, 257385 impls, 15 clqs
(round 155, exhaustive) 2448 del vars, 1033 del conss, 0 add conss, 8852 chg bounds, 0 chg sides, 4110 chg coeffs, 1586 upgd conss, 257385 impls, 15 clqs
(round 156, exhaustive) 2473 del vars, 1033 del conss, 0 add conss, 8852 chg bounds, 0 chg sides, 4110 chg coeffs, 1586 upgd conss, 262866 impls, 15 clqs
(round 157, fast)       2474 del vars, 1047 del conss, 0 add conss, 8853 chg bounds, 0 chg sides, 4110 chg coeffs, 1586 upgd conss, 262866 impls, 15 clqs
(round 158, exhaustive) 2474 del vars, 1047 del conss, 0 add conss, 8853 chg bounds, 0 chg sides, 4110 chg coeffs, 1596 upgd conss, 262866 impls, 15 clqs
(round 159, exhaustive) 2499 del vars, 1047 del conss, 0 add conss, 8853 chg bounds, 0 chg sides, 4110 chg coeffs, 1596 upgd conss, 266734 impls, 15 clqs
(round 160, fast)       2504 del vars, 1064 del conss, 0 add conss, 8858 chg bounds, 0 chg sides, 4110 chg coeffs, 1596 upgd conss, 266734 impls, 15 clqs
(round 161, exhaustive) 2504 del vars, 1064 del conss, 0 add conss, 8858 chg bounds, 0 chg sides, 4110 chg coeffs, 1605 upgd conss, 266734 impls, 15 clqs
   (7.8s) probing: 2000/4110 (48.7%) - 1386 fixings, 0 aggregations, 270822 implications, 0 bound changes
(round 162, exhaustive) 2529 del vars, 1064 del conss, 0 add conss, 8858 chg bounds, 0 chg sides, 4110 chg coeffs, 1605 upgd conss, 272411 impls, 15 clqs
(round 163, fast)       2531 del vars, 1077 del conss, 0 add conss, 8860 chg bounds, 0 chg sides, 4110 chg coeffs, 1605 upgd conss, 272411 impls, 15 clqs
(round 164, exhaustive) 2531 del vars, 1077 del conss, 0 add conss, 8860 chg bounds, 0 chg sides, 4110 chg coeffs, 1620 upgd conss, 272411 impls, 15 clqs
(round 165, exhaustive) 2558 del vars, 1077 del conss, 0 add conss, 8860 chg bounds, 0 chg sides, 4110 chg coeffs, 1620 upgd conss, 277796 impls, 15 clqs
(round 166, fast)       2558 del vars, 1092 del conss, 0 add conss, 8860 chg bounds, 0 chg sides, 4110 chg coeffs, 1620 upgd conss, 277796 impls, 15 clqs
(round 167, exhaustive) 2558 del vars, 1092 del conss, 0 add conss, 8860 chg bounds, 0 chg sides, 4110 chg coeffs, 1629 upgd conss, 277796 impls, 15 clqs
(round 168, exhaustive) 2583 del vars, 1092 del conss, 0 add conss, 8860 chg bounds, 0 chg sides, 4110 chg coeffs, 1629 upgd conss, 281006 impls, 15 clqs
(round 169, fast)       2583 del vars, 1105 del conss, 0 add conss, 8860 chg bounds, 0 chg sides, 4110 chg coeffs, 1629 upgd conss, 281006 impls, 15 clqs
(round 170, exhaustive) 2583 del vars, 1105 del conss, 0 add conss, 8860 chg bounds, 0 chg sides, 4110 chg coeffs, 1640 upgd conss, 281006 impls, 15 clqs
(round 171, exhaustive) 2608 del vars, 1105 del conss, 0 add conss, 8860 chg bounds, 0 chg sides, 4110 chg coeffs, 1640 upgd conss, 285760 impls, 15 clqs
(round 172, fast)       2608 del vars, 1120 del conss, 0 add conss, 8860 chg bounds, 0 chg sides, 4110 chg coeffs, 1640 upgd conss, 285760 impls, 15 clqs
(round 173, exhaustive) 2608 del vars, 1120 del conss, 0 add conss, 8860 chg bounds, 0 chg sides, 4110 chg coeffs, 1645 upgd conss, 285760 impls, 15 clqs
(round 174, exhaustive) 2633 del vars, 1120 del conss, 0 add conss, 8860 chg bounds, 0 chg sides, 4110 chg coeffs, 1645 upgd conss, 290747 impls, 15 clqs
(round 175, fast)       2633 del vars, 1134 del conss, 0 add conss, 8860 chg bounds, 0 chg sides, 4110 chg coeffs, 1645 upgd conss, 290747 impls, 15 clqs
(round 176, exhaustive) 2633 del vars, 1134 del conss, 0 add conss, 8860 chg bounds, 0 chg sides, 4110 chg coeffs, 1653 upgd conss, 290747 impls, 15 clqs
(round 177, exhaustive) 2658 del vars, 1134 del conss, 0 add conss, 8860 chg bounds, 0 chg sides, 4110 chg coeffs, 1653 upgd conss, 295858 impls, 15 clqs
(round 178, fast)       2659 del vars, 1149 del conss, 0 add conss, 8861 chg bounds, 0 chg sides, 4110 chg coeffs, 1653 upgd conss, 295858 impls, 15 clqs
(round 179, exhaustive) 2659 del vars, 1149 del conss, 0 add conss, 8861 chg bounds, 0 chg sides, 4110 chg coeffs, 1660 upgd conss, 295858 impls, 15 clqs
(round 180, exhaustive) 2684 del vars, 1149 del conss, 0 add conss, 8861 chg bounds, 0 chg sides, 4110 chg coeffs, 1660 upgd conss, 298033 impls, 15 clqs
(round 181, fast)       2685 del vars, 1164 del conss, 0 add conss, 8862 chg bounds, 0 chg sides, 4110 chg coeffs, 1660 upgd conss, 298033 impls, 15 clqs
(round 182, exhaustive) 2685 del vars, 1164 del conss, 0 add conss, 8862 chg bounds, 0 chg sides, 4110 chg coeffs, 1666 upgd conss, 298033 impls, 15 clqs
(round 183, exhaustive) 2710 del vars, 1164 del conss, 0 add conss, 8862 chg bounds, 0 chg sides, 4110 chg coeffs, 1666 upgd conss, 302719 impls, 15 clqs
(round 184, fast)       2710 del vars, 1177 del conss, 0 add conss, 8862 chg bounds, 0 chg sides, 4110 chg coeffs, 1666 upgd conss, 302719 impls, 15 clqs
(round 185, exhaustive) 2710 del vars, 1177 del conss, 0 add conss, 8862 chg bounds, 0 chg sides, 4110 chg coeffs, 1677 upgd conss, 302719 impls, 15 clqs
(round 186, exhaustive) 2735 del vars, 1177 del conss, 0 add conss, 8862 chg bounds, 0 chg sides, 4110 chg coeffs, 1677 upgd conss, 304853 impls, 15 clqs
(round 187, fast)       2737 del vars, 1193 del conss, 0 add conss, 8864 chg bounds, 0 chg sides, 4110 chg coeffs, 1677 upgd conss, 304853 impls, 15 clqs
(round 188, exhaustive) 2737 del vars, 1193 del conss, 0 add conss, 8864 chg bounds, 0 chg sides, 4110 chg coeffs, 1683 upgd conss, 304853 impls, 15 clqs
(round 189, exhaustive) 2766 del vars, 1193 del conss, 0 add conss, 8864 chg bounds, 0 chg sides, 4110 chg coeffs, 1683 upgd conss, 308899 impls, 15 clqs
(round 190, fast)       2766 del vars, 1210 del conss, 0 add conss, 8864 chg bounds, 0 chg sides, 4110 chg coeffs, 1683 upgd conss, 308899 impls, 15 clqs
(round 191, exhaustive) 2766 del vars, 1210 del conss, 0 add conss, 8864 chg bounds, 0 chg sides, 4110 chg coeffs, 1690 upgd conss, 308899 impls, 15 clqs
(round 192, exhaustive) 2792 del vars, 1210 del conss, 0 add conss, 8864 chg bounds, 0 chg sides, 4110 chg coeffs, 1690 upgd conss, 311571 impls, 15 clqs
(round 193, fast)       2792 del vars, 1225 del conss, 0 add conss, 8864 chg bounds, 0 chg sides, 4110 chg coeffs, 1690 upgd conss, 311571 impls, 15 clqs
(round 194, exhaustive) 2792 del vars, 1225 del conss, 0 add conss, 8864 chg bounds, 0 chg sides, 4110 chg coeffs, 1697 upgd conss, 311571 impls, 15 clqs
(round 195, exhaustive) 2817 del vars, 1225 del conss, 0 add conss, 8864 chg bounds, 0 chg sides, 4110 chg coeffs, 1697 upgd conss, 316112 impls, 15 clqs
(round 196, fast)       2817 del vars, 1238 del conss, 0 add conss, 8864 chg bounds, 0 chg sides, 4110 chg coeffs, 1697 upgd conss, 316112 impls, 15 clqs
(round 197, exhaustive) 2817 del vars, 1238 del conss, 0 add conss, 8864 chg bounds, 0 chg sides, 4110 chg coeffs, 1708 upgd conss, 316112 impls, 15 clqs
(round 198, exhaustive) 2842 del vars, 1238 del conss, 0 add conss, 8864 chg bounds, 0 chg sides, 4110 chg coeffs, 1708 upgd conss, 320285 impls, 15 clqs
(round 199, fast)       2843 del vars, 1254 del conss, 0 add conss, 8865 chg bounds, 0 chg sides, 4110 chg coeffs, 1708 upgd conss, 320285 impls, 15 clqs
(round 200, exhaustive) 2843 del vars, 1254 del conss, 0 add conss, 8865 chg bounds, 0 chg sides, 4110 chg coeffs, 1712 upgd conss, 320285 impls, 15 clqs
(round 201, exhaustive) 2868 del vars, 1254 del conss, 0 add conss, 8865 chg bounds, 0 chg sides, 4110 chg coeffs, 1712 upgd conss, 323891 impls, 15 clqs
(round 202, fast)       2872 del vars, 1271 del conss, 0 add conss, 8869 chg bounds, 0 chg sides, 4110 chg coeffs, 1712 upgd conss, 323891 impls, 15 clqs
(round 203, exhaustive) 2872 del vars, 1271 del conss, 0 add conss, 8869 chg bounds, 0 chg sides, 4110 chg coeffs, 1719 upgd conss, 323891 impls, 15 clqs
(round 204, exhaustive) 2897 del vars, 1271 del conss, 0 add conss, 8869 chg bounds, 0 chg sides, 4110 chg coeffs, 1719 upgd conss, 328769 impls, 15 clqs
(round 205, fast)       2899 del vars, 1288 del conss, 0 add conss, 8871 chg bounds, 0 chg sides, 4110 chg coeffs, 1719 upgd conss, 328769 impls, 15 clqs
(round 206, exhaustive) 2899 del vars, 1288 del conss, 0 add conss, 8871 chg bounds, 0 chg sides, 4110 chg coeffs, 1722 upgd conss, 328769 impls, 15 clqs
(round 207, exhaustive) 2924 del vars, 1288 del conss, 0 add conss, 8871 chg bounds, 0 chg sides, 4110 chg coeffs, 1722 upgd conss, 332504 impls, 15 clqs
(round 208, fast)       2927 del vars, 1303 del conss, 0 add conss, 8874 chg bounds, 0 chg sides, 4110 chg coeffs, 1722 upgd conss, 332504 impls, 15 clqs
(round 209, exhaustive) 2927 del vars, 1303 del conss, 0 add conss, 8874 chg bounds, 0 chg sides, 4110 chg coeffs, 1729 upgd conss, 332504 impls, 15 clqs
(round 210, exhaustive) 2954 del vars, 1303 del conss, 0 add conss, 8874 chg bounds, 0 chg sides, 4110 chg coeffs, 1729 upgd conss, 337868 impls, 15 clqs
(round 211, fast)       2954 del vars, 1320 del conss, 0 add conss, 8874 chg bounds, 0 chg sides, 4110 chg coeffs, 1729 upgd conss, 337868 impls, 15 clqs
(round 212, exhaustive) 2954 del vars, 1320 del conss, 0 add conss, 8874 chg bounds, 0 chg sides, 4110 chg coeffs, 1732 upgd conss, 337868 impls, 15 clqs
(round 213, exhaustive) 2979 del vars, 1320 del conss, 0 add conss, 8874 chg bounds, 0 chg sides, 4110 chg coeffs, 1732 upgd conss, 339534 impls, 15 clqs
(round 214, fast)       2979 del vars, 1336 del conss, 0 add conss, 8874 chg bounds, 0 chg sides, 4110 chg coeffs, 1732 upgd conss, 339534 impls, 15 clqs
(round 215, exhaustive) 3005 del vars, 1336 del conss, 0 add conss, 8874 chg bounds, 0 chg sides, 4110 chg coeffs, 1734 upgd conss, 343364 impls, 15 clqs
(round 216, fast)       3005 del vars, 1353 del conss, 0 add conss, 8874 chg bounds, 0 chg sides, 4110 chg coeffs, 1734 upgd conss, 343366 impls, 15 clqs
(round 217, exhaustive) 3030 del vars, 1353 del conss, 0 add conss, 8874 chg bounds, 0 chg sides, 4110 chg coeffs, 1735 upgd conss, 349192 impls, 15 clqs
(round 218, fast)       3034 del vars, 1371 del conss, 0 add conss, 8878 chg bounds, 0 chg sides, 4110 chg coeffs, 1735 upgd conss, 349193 impls, 15 clqs
(round 219, exhaustive) 3034 del vars, 1371 del conss, 0 add conss, 8878 chg bounds, 0 chg sides, 4110 chg coeffs, 1739 upgd conss, 349193 impls, 15 clqs
(round 220, exhaustive) 3059 del vars, 1371 del conss, 0 add conss, 8878 chg bounds, 0 chg sides, 4110 chg coeffs, 1739 upgd conss, 352630 impls, 15 clqs
(round 221, fast)       3063 del vars, 1390 del conss, 0 add conss, 8882 chg bounds, 0 chg sides, 4110 chg coeffs, 1739 upgd conss, 352630 impls, 15 clqs
(round 222, exhaustive) 3089 del vars, 1390 del conss, 0 add conss, 8882 chg bounds, 0 chg sides, 4110 chg coeffs, 1740 upgd conss, 355670 impls, 15 clqs
(round 223, fast)       3089 del vars, 1405 del conss, 0 add conss, 8882 chg bounds, 0 chg sides, 4110 chg coeffs, 1740 upgd conss, 355671 impls, 15 clqs
(round 224, exhaustive) 3089 del vars, 1405 del conss, 0 add conss, 8882 chg bounds, 0 chg sides, 4110 chg coeffs, 1747 upgd conss, 355671 impls, 15 clqs
(round 225, exhaustive) 3114 del vars, 1405 del conss, 0 add conss, 8882 chg bounds, 0 chg sides, 4110 chg coeffs, 1747 upgd conss, 357285 impls, 15 clqs
(round 226, fast)       3116 del vars, 1422 del conss, 0 add conss, 8884 chg bounds, 0 chg sides, 4110 chg coeffs, 1747 upgd conss, 357285 impls, 15 clqs
(round 227, exhaustive) 3116 del vars, 1422 del conss, 0 add conss, 8884 chg bounds, 0 chg sides, 4110 chg coeffs, 1750 upgd conss, 357285 impls, 15 clqs
(round 228, exhaustive) 3141 del vars, 1422 del conss, 0 add conss, 8884 chg bounds, 0 chg sides, 4110 chg coeffs, 1750 upgd conss, 359582 impls, 15 clqs
(round 229, fast)       3141 del vars, 1436 del conss, 0 add conss, 8884 chg bounds, 0 chg sides, 4110 chg coeffs, 1750 upgd conss, 359582 impls, 15 clqs
(round 230, exhaustive) 3141 del vars, 1436 del conss, 0 add conss, 8884 chg bounds, 0 chg sides, 4110 chg coeffs, 1758 upgd conss, 359582 impls, 15 clqs
(round 231, exhaustive) 3166 del vars, 1436 del conss, 0 add conss, 8884 chg bounds, 0 chg sides, 4110 chg coeffs, 1758 upgd conss, 364695 impls, 15 clqs
(round 232, fast)       3167 del vars, 1453 del conss, 0 add conss, 8885 chg bounds, 0 chg sides, 4110 chg coeffs, 1758 upgd conss, 364695 impls, 15 clqs
   (9.9s) running MILP presolver
   (10.0s) MILP presolver (14 rounds): 0 aggregations, 115 fixings, 0 bound changes
(round 233, medium)     3282 del vars, 1520 del conss, 0 add conss, 8885 chg bounds, 0 chg sides, 4110 chg coeffs, 1758 upgd conss, 364695 impls, 15 clqs
(round 234, fast)       3282 del vars, 1525 del conss, 0 add conss, 8885 chg bounds, 0 chg sides, 4110 chg coeffs, 1758 upgd conss, 364695 impls, 15 clqs
(round 235, exhaustive) 3282 del vars, 1525 del conss, 0 add conss, 8885 chg bounds, 0 chg sides, 4110 chg coeffs, 1768 upgd conss, 364695 impls, 15 clqs
(round 236, exhaustive) 3308 del vars, 1525 del conss, 0 add conss, 8885 chg bounds, 0 chg sides, 4110 chg coeffs, 1768 upgd conss, 366417 impls, 15 clqs
(round 237, fast)       3308 del vars, 1542 del conss, 0 add conss, 8885 chg bounds, 0 chg sides, 4110 chg coeffs, 1768 upgd conss, 366417 impls, 15 clqs
(round 238, exhaustive) 3334 del vars, 1542 del conss, 0 add conss, 8885 chg bounds, 0 chg sides, 4110 chg coeffs, 1769 upgd conss, 373695 impls, 15 clqs
(round 239, fast)       3334 del vars, 1557 del conss, 0 add conss, 8885 chg bounds, 0 chg sides, 4110 chg coeffs, 1769 upgd conss, 373696 impls, 15 clqs
(round 240, exhaustive) 3334 del vars, 1557 del conss, 0 add conss, 8885 chg bounds, 0 chg sides, 4110 chg coeffs, 1776 upgd conss, 373696 impls, 15 clqs
(round 241, exhaustive) 3359 del vars, 1557 del conss, 0 add conss, 8885 chg bounds, 0 chg sides, 4110 chg coeffs, 1776 upgd conss, 379559 impls, 15 clqs
(round 242, fast)       3361 del vars, 1573 del conss, 0 add conss, 8887 chg bounds, 0 chg sides, 4110 chg coeffs, 1776 upgd conss, 379559 impls, 15 clqs
(round 243, exhaustive) 3361 del vars, 1573 del conss, 0 add conss, 8887 chg bounds, 0 chg sides, 4110 chg coeffs, 1782 upgd conss, 379559 impls, 15 clqs
(round 244, exhaustive) 3388 del vars, 1573 del conss, 0 add conss, 8887 chg bounds, 0 chg sides, 4110 chg coeffs, 1782 upgd conss, 382049 impls, 15 clqs
(round 245, fast)       3388 del vars, 1590 del conss, 0 add conss, 8887 chg bounds, 0 chg sides, 4110 chg coeffs, 1782 upgd conss, 382049 impls, 15 clqs
(round 246, exhaustive) 3388 del vars, 1590 del conss, 0 add conss, 8887 chg bounds, 0 chg sides, 4110 chg coeffs, 1785 upgd conss, 382049 impls, 15 clqs
(round 247, exhaustive) 3413 del vars, 1590 del conss, 0 add conss, 8887 chg bounds, 0 chg sides, 4110 chg coeffs, 1785 upgd conss, 386893 impls, 15 clqs
(round 248, fast)       3415 del vars, 1607 del conss, 0 add conss, 8889 chg bounds, 0 chg sides, 4110 chg coeffs, 1785 upgd conss, 386893 impls, 15 clqs
(round 249, exhaustive) 3415 del vars, 1607 del conss, 0 add conss, 8889 chg bounds, 0 chg sides, 4110 chg coeffs, 1788 upgd conss, 386893 impls, 15 clqs
(round 250, exhaustive) 3440 del vars, 1607 del conss, 0 add conss, 8889 chg bounds, 0 chg sides, 4110 chg coeffs, 1788 upgd conss, 391185 impls, 15 clqs
(round 251, fast)       3440 del vars, 1621 del conss, 0 add conss, 8889 chg bounds, 0 chg sides, 4110 chg coeffs, 1788 upgd conss, 391185 impls, 15 clqs
(round 252, exhaustive) 3440 del vars, 1621 del conss, 0 add conss, 8889 chg bounds, 0 chg sides, 4110 chg coeffs, 1796 upgd conss, 391185 impls, 15 clqs
   (10.7s) probing: 3000/4110 (73.0%) - 2174 fixings, 0 aggregations, 392710 implications, 0 bound changes
(round 253, exhaustive) 3468 del vars, 1621 del conss, 0 add conss, 8889 chg bounds, 0 chg sides, 4110 chg coeffs, 1796 upgd conss, 394651 impls, 15 clqs
(round 254, fast)       3468 del vars, 1638 del conss, 0 add conss, 8889 chg bounds, 0 chg sides, 4110 chg coeffs, 1796 upgd conss, 394651 impls, 15 clqs
(round 255, exhaustive) 3468 del vars, 1638 del conss, 0 add conss, 8889 chg bounds, 0 chg sides, 4110 chg coeffs, 1801 upgd conss, 394651 impls, 15 clqs
(round 256, exhaustive) 3493 del vars, 1638 del conss, 0 add conss, 8889 chg bounds, 0 chg sides, 4110 chg coeffs, 1801 upgd conss, 396778 impls, 15 clqs
(round 257, fast)       3493 del vars, 1653 del conss, 0 add conss, 8889 chg bounds, 0 chg sides, 4110 chg coeffs, 1801 upgd conss, 396778 impls, 15 clqs
(round 258, exhaustive) 3493 del vars, 1653 del conss, 0 add conss, 8889 chg bounds, 0 chg sides, 4110 chg coeffs, 1806 upgd conss, 396778 impls, 15 clqs
(round 259, exhaustive) 3518 del vars, 1653 del conss, 0 add conss, 8889 chg bounds, 0 chg sides, 4110 chg coeffs, 1806 upgd conss, 399040 impls, 15 clqs
(round 260, fast)       3518 del vars, 1668 del conss, 0 add conss, 8889 chg bounds, 0 chg sides, 4110 chg coeffs, 1806 upgd conss, 399040 impls, 15 clqs
(round 261, exhaustive) 3518 del vars, 1668 del conss, 0 add conss, 8889 chg bounds, 0 chg sides, 4110 chg coeffs, 1811 upgd conss, 399040 impls, 15 clqs
(round 262, exhaustive) 3543 del vars, 1668 del conss, 0 add conss, 8889 chg bounds, 0 chg sides, 4110 chg coeffs, 1811 upgd conss, 400683 impls, 15 clqs
(round 263, fast)       3543 del vars, 1684 del conss, 0 add conss, 8889 chg bounds, 0 chg sides, 4110 chg coeffs, 1811 upgd conss, 400683 impls, 15 clqs
(round 264, exhaustive) 3543 del vars, 1684 del conss, 0 add conss, 8889 chg bounds, 0 chg sides, 4110 chg coeffs, 1813 upgd conss, 400683 impls, 15 clqs
(round 265, exhaustive) 3568 del vars, 1684 del conss, 0 add conss, 8889 chg bounds, 0 chg sides, 4110 chg coeffs, 1813 upgd conss, 404565 impls, 15 clqs
(round 266, fast)       3572 del vars, 1703 del conss, 0 add conss, 8893 chg bounds, 0 chg sides, 4110 chg coeffs, 1813 upgd conss, 404565 impls, 15 clqs
(round 267, exhaustive) 3602 del vars, 1703 del conss, 0 add conss, 8893 chg bounds, 0 chg sides, 4110 chg coeffs, 1814 upgd conss, 406138 impls, 15 clqs
(round 268, fast)       3602 del vars, 1722 del conss, 0 add conss, 8893 chg bounds, 0 chg sides, 4110 chg coeffs, 1814 upgd conss, 406139 impls, 15 clqs
(round 269, exhaustive) 3602 del vars, 1722 del conss, 0 add conss, 8893 chg bounds, 0 chg sides, 4110 chg coeffs, 1817 upgd conss, 406139 impls, 15 clqs
(round 270, exhaustive) 3627 del vars, 1722 del conss, 0 add conss, 8893 chg bounds, 0 chg sides, 4110 chg coeffs, 1817 upgd conss, 409760 impls, 15 clqs
(round 271, fast)       3628 del vars, 1738 del conss, 0 add conss, 8894 chg bounds, 0 chg sides, 4110 chg coeffs, 1817 upgd conss, 409760 impls, 15 clqs
(round 272, exhaustive) 3628 del vars, 1738 del conss, 0 add conss, 8894 chg bounds, 0 chg sides, 4110 chg coeffs, 1821 upgd conss, 409760 impls, 15 clqs
(round 273, exhaustive) 3653 del vars, 1738 del conss, 0 add conss, 8894 chg bounds, 0 chg sides, 4110 chg coeffs, 1821 upgd conss, 411622 impls, 15 clqs
(round 274, fast)       3655 del vars, 1755 del conss, 0 add conss, 8896 chg bounds, 0 chg sides, 4110 chg coeffs, 1821 upgd conss, 411622 impls, 15 clqs
(round 275, exhaustive) 3655 del vars, 1755 del conss, 0 add conss, 8896 chg bounds, 0 chg sides, 4110 chg coeffs, 1824 upgd conss, 411622 impls, 15 clqs
(round 276, exhaustive) 3680 del vars, 1755 del conss, 0 add conss, 8896 chg bounds, 0 chg sides, 4110 chg coeffs, 1824 upgd conss, 416751 impls, 15 clqs
(round 277, fast)       3682 del vars, 1772 del conss, 0 add conss, 8898 chg bounds, 0 chg sides, 4110 chg coeffs, 1824 upgd conss, 416751 impls, 15 clqs
(round 278, exhaustive) 3682 del vars, 1772 del conss, 0 add conss, 8898 chg bounds, 0 chg sides, 4110 chg coeffs, 1827 upgd conss, 416751 impls, 15 clqs
(round 279, exhaustive) 3707 del vars, 1772 del conss, 0 add conss, 8898 chg bounds, 0 chg sides, 4110 chg coeffs, 1827 upgd conss, 419358 impls, 15 clqs
(round 280, fast)       3707 del vars, 1788 del conss, 0 add conss, 8898 chg bounds, 0 chg sides, 4110 chg coeffs, 1827 upgd conss, 419358 impls, 15 clqs
(round 281, exhaustive) 3707 del vars, 1788 del conss, 0 add conss, 8898 chg bounds, 0 chg sides, 4110 chg coeffs, 1829 upgd conss, 419358 impls, 15 clqs
(round 282, exhaustive) 3732 del vars, 1788 del conss, 0 add conss, 8898 chg bounds, 0 chg sides, 4110 chg coeffs, 1829 upgd conss, 423165 impls, 15 clqs
(round 283, fast)       3736 del vars, 1807 del conss, 0 add conss, 8902 chg bounds, 0 chg sides, 4110 chg coeffs, 1829 upgd conss, 423165 impls, 15 clqs
(round 284, exhaustive) 3763 del vars, 1807 del conss, 0 add conss, 8902 chg bounds, 0 chg sides, 4110 chg coeffs, 1830 upgd conss, 425897 impls, 15 clqs
(round 285, fast)       3763 del vars, 1825 del conss, 0 add conss, 8902 chg bounds, 0 chg sides, 4110 chg coeffs, 1830 upgd conss, 425898 impls, 15 clqs
(round 286, exhaustive) 3789 del vars, 1825 del conss, 0 add conss, 8902 chg bounds, 0 chg sides, 4110 chg coeffs, 1830 upgd conss, 427546 impls, 15 clqs
(round 287, fast)       3789 del vars, 1842 del conss, 0 add conss, 8902 chg bounds, 0 chg sides, 4110 chg coeffs, 1830 upgd conss, 427546 impls, 15 clqs
(round 288, exhaustive) 3814 del vars, 1842 del conss, 0 add conss, 8902 chg bounds, 0 chg sides, 4110 chg coeffs, 1831 upgd conss, 432161 impls, 15 clqs
(round 289, fast)       3814 del vars, 1858 del conss, 0 add conss, 8902 chg bounds, 0 chg sides, 4110 chg coeffs, 1831 upgd conss, 432162 impls, 15 clqs
(round 290, exhaustive) 3814 del vars, 1858 del conss, 0 add conss, 8902 chg bounds, 0 chg sides, 4110 chg coeffs, 1833 upgd conss, 432162 impls, 15 clqs
(round 291, exhaustive) 3843 del vars, 1858 del conss, 0 add conss, 8902 chg bounds, 0 chg sides, 4110 chg coeffs, 1833 upgd conss, 433659 impls, 15 clqs
(round 292, fast)       3843 del vars, 1877 del conss, 0 add conss, 8902 chg bounds, 0 chg sides, 4110 chg coeffs, 1833 upgd conss, 433659 impls, 15 clqs
(round 293, exhaustive) 3868 del vars, 1877 del conss, 0 add conss, 8902 chg bounds, 0 chg sides, 4110 chg coeffs, 1834 upgd conss, 435283 impls, 15 clqs
(round 294, fast)       3870 del vars, 1895 del conss, 0 add conss, 8904 chg bounds, 0 chg sides, 4110 chg coeffs, 1834 upgd conss, 435284 impls, 15 clqs
(round 295, exhaustive) 3895 del vars, 1895 del conss, 0 add conss, 8904 chg bounds, 0 chg sides, 4110 chg coeffs, 1834 upgd conss, 436735 impls, 15 clqs
(round 296, fast)       3897 del vars, 1913 del conss, 0 add conss, 8906 chg bounds, 0 chg sides, 4110 chg coeffs, 1834 upgd conss, 436735 impls, 15 clqs
(round 297, exhaustive) 3923 del vars, 1913 del conss, 0 add conss, 8906 chg bounds, 0 chg sides, 4110 chg coeffs, 1834 upgd conss, 439619 impls, 15 clqs
(round 298, fast)       3923 del vars, 1930 del conss, 0 add conss, 8906 chg bounds, 0 chg sides, 4110 chg coeffs, 1834 upgd conss, 439619 impls, 15 clqs
   (11.9s) running MILP presolver
   (11.9s) MILP presolver found nothing
(round 299, exhaustive) 3950 del vars, 1930 del conss, 0 add conss, 8906 chg bounds, 0 chg sides, 4110 chg coeffs, 1835 upgd conss, 443202 impls, 15 clqs
(round 300, fast)       3950 del vars, 1948 del conss, 0 add conss, 8906 chg bounds, 0 chg sides, 4110 chg coeffs, 1835 upgd conss, 443202 impls, 15 clqs
(round 301, exhaustive) 3980 del vars, 1948 del conss, 0 add conss, 8906 chg bounds, 0 chg sides, 4110 chg coeffs, 1835 upgd conss, 445764 impls, 15 clqs
(round 302, fast)       3980 del vars, 1968 del conss, 0 add conss, 8906 chg bounds, 0 chg sides, 4110 chg coeffs, 1835 upgd conss, 445764 impls, 15 clqs
(round 303, exhaustive) 4005 del vars, 1968 del conss, 0 add conss, 8906 chg bounds, 0 chg sides, 4110 chg coeffs, 1835 upgd conss, 449304 impls, 15 clqs
(round 304, fast)       4005 del vars, 1984 del conss, 0 add conss, 8906 chg bounds, 0 chg sides, 4110 chg coeffs, 1835 upgd conss, 449304 impls, 15 clqs
(round 305, exhaustive) 4005 del vars, 1984 del conss, 0 add conss, 8906 chg bounds, 0 chg sides, 4110 chg coeffs, 1837 upgd conss, 449304 impls, 15 clqs
(round 306, exhaustive) 4032 del vars, 1984 del conss, 0 add conss, 8906 chg bounds, 0 chg sides, 4110 chg coeffs, 1837 upgd conss, 450561 impls, 15 clqs
(round 307, fast)       4032 del vars, 2002 del conss, 0 add conss, 8906 chg bounds, 0 chg sides, 4110 chg coeffs, 1837 upgd conss, 450561 impls, 15 clqs
   (12.1s) probing: 4000/4110 (97.3%) - 2731 fixings, 0 aggregations, 449019 implications, 0 bound changes
   (12.1s) probing cycle finished: starting next cycle
   (12.2s) probing: 51/2100 (2.4%) - 2731 fixings, 0 aggregations, 449019 implications, 0 bound changes
   (12.2s) probing aborted: 50/50 successive totally useless probings
(round 308, exhaustive) 4035 del vars, 2004 del conss, 0 add conss, 8906 chg bounds, 0 chg sides, 4110 chg coeffs, 1837 upgd conss, 450839 impls, 15 clqs
   (12.2s) probing: 56/2100 (2.7%) - 2731 fixings, 0 aggregations, 449019 implications, 0 bound changes
   (12.2s) probing aborted: 50/50 successive totally useless probings
   (12.2s) symmetry computation started: requiring (bin +, int -, cont +), (fixed: bin -, int +, cont -)
   (12.2s) symmetry computation finished: 14 generators found (max: 1500, log10 of symmetry group size: 12.1)
presolving (309 rounds: 309 fast, 204 medium, 202 exhaustive):
 4035 deleted vars, 2004 deleted constraints, 1 added constraints, 8906 tightened bounds, 0 added holes, 0 changed sides, 4110 changed coefficients
 450839 implications, 15 cliques
presolved problem has 4215 variables (2100 bin, 0 int, 0 impl, 2115 cont) and 2162 constraints
     30 constraints of type <varbound>
     15 constraints of type <setppc>
   2116 constraints of type <linear>
      1 constraints of type <orbitope>
Presolving Time: 12.23

 time | node  | left  |LP iter|LP it/n|mem/heur|mdpt |vars |cons |rows |cuts |sepa|confs|strbr|  dualbound   | primalbound  |  gap   | compl. 
 12.4s|     1 |     0 |   544 |     - |   152M |   0 |4215 |2166 |2161 |   0 |  0 |   3 |   0 |-3.871637e+00 |      --      |    Inf | unknown
o12.4s|     1 |     0 |  2365 |     - |feaspump|   0 |4215 |2166 |2161 |   0 |  0 |   3 |   0 |-3.871637e+00 |-3.036496e+00 |  27.50%| unknown
 12.5s|     1 |     0 |  2374 |     - |   153M |   0 |4215 |2166 |2170 |   9 |  1 |   3 |   0 |-3.871637e+00 |-3.036496e+00 |  27.50%| unknown
 12.5s|     1 |     0 |  2383 |     - |   153M |   0 |4215 |2166 |2179 |  18 |  2 |   3 |   0 |-3.871637e+00 |-3.036496e+00 |  27.50%| unknown
 12.5s|     1 |     0 |  2392 |     - |   154M |   0 |4215 |2166 |2188 |  27 |  3 |   3 |   0 |-3.871637e+00 |-3.036496e+00 |  27.50%| unknown
 12.5s|     1 |     0 |  2401 |     - |   154M |   0 |4215 |2166 |2197 |  36 |  4 |   3 |   0 |-3.871637e+00 |-3.036496e+00 |  27.50%| unknown
 12.6s|     1 |     0 |  2410 |     - |   154M |   0 |4215 |2166 |2206 |  45 |  5 |   3 |   0 |-3.871637e+00 |-3.036496e+00 |  27.50%| unknown
 12.6s|     1 |     0 |  2419 |     - |   155M |   0 |4215 |2166 |2215 |  54 |  6 |   3 |   0 |-3.871637e+00 |-3.036496e+00 |  27.50%| unknown
 12.6s|     1 |     0 |  2428 |     - |   156M |   0 |4215 |2166 |2224 |  63 |  7 |   3 |   0 |-3.871637e+00 |-3.036496e+00 |  27.50%| unknown
 12.7s|     1 |     0 |  2437 |     - |   156M |   0 |4215 |2166 |2233 |  72 |  8 |   3 |   0 |-3.871637e+00 |-3.036496e+00 |  27.50%| unknown
 12.7s|     1 |     0 |  2446 |     - |   156M |   0 |4215 |2166 |2242 |  81 |  9 |   3 |   0 |-3.871637e+00 |-3.036496e+00 |  27.50%| unknown
 12.7s|     1 |     0 |  2455 |     - |   157M |   0 |4215 |2166 |2251 |  90 | 10 |   3 |   0 |-3.871637e+00 |-3.036496e+00 |  27.50%| unknown
 12.8s|     1 |     0 |  2464 |     - |   157M |   0 |4215 |2166 |2260 |  99 | 11 |   3 |   0 |-3.871637e+00 |-3.036496e+00 |  27.50%| unknown
L12.9s|     1 |     0 |  3567 |     - |    rens|   0 |4215 |2166 |2260 |  99 | 11 |   3 |   0 |-3.871637e+00 |-3.871637e+00 |   0.00%| unknown
 12.9s|     1 |     0 |  3567 |     - |   157M |   0 |4215 |2166 |2260 |  99 | 11 |   3 |   0 |-3.871637e+00 |-3.871637e+00 |   0.00%| unknown

SCIP Status        : problem is solved [optimal solution found]
Solving Time (sec) : 12.94
Solving Nodes      : 1
Primal Bound       : -3.87163712200209e+00 (2 solutions)
Dual Bound         : -3.87163712200209e+00
Gap                : 0.00 %

primal solution (original space):
=================================

objective value:                    -3.87163712200209
y_7,119_                                            1 	(obj:0)
y_1,120_                                            1 	(obj:0)
y_2,120_                                            1 	(obj:0)
y_3,120_                                            1 	(obj:0)
y_4,120_                                            1 	(obj:0)
y_5,120_                                            1 	(obj:0)
y_6,120_                                            1 	(obj:0)
y_8,120_                                            1 	(obj:0)
y_9,120_                                            1 	(obj:0)
y_10,120_                                           1 	(obj:0)
y_11,120_                                           1 	(obj:0)
y_12,120_                                           1 	(obj:0)
y_13,120_                                           1 	(obj:0)
y_14,120_                                           1 	(obj:0)
y_15,120_                                           1 	(obj:0)
t_6,121_                                            1 	(obj:0)
x_8_                               -0.262773722627737 	(obj:1)
t_2,120_                                            1 	(obj:0)
t_9,120_                                            1 	(obj:0)
x_4_                               -0.248175182481752 	(obj:1)
t_7,120_                                            1 	(obj:0)
x_9_                               -0.262773722627737 	(obj:1)
t_10,121_                                           1 	(obj:0)
t_3,120_                                            1 	(obj:0)
x_10_                              -0.248175182481752 	(obj:1)
t_11,120_                                           1 	(obj:0)
x_15_                              -0.248175182481752 	(obj:1)
x_11_                              -0.262773722627737 	(obj:1)
x_2_                               -0.262773722627737 	(obj:1)
x_1_                               -0.262773722627737 	(obj:1)
t_8,120_                                            1 	(obj:0)
t_12,120_                           0.207142857142873 	(obj:0)
t_12,121_                           0.792857142857127 	(obj:0)
x_6_                               -0.248175182481752 	(obj:1)
x_12_                              -0.251199165797706 	(obj:1)
t_13,120_                                           1 	(obj:0)
x_7_                               -0.262773722627737 	(obj:1)
x_13_                              -0.262773722627737 	(obj:1)
x_5_                               -0.262773722627737 	(obj:1)
t_14,120_                                           1 	(obj:0)
t_4,121_                                            1 	(obj:0)
t_5,120_                                            1 	(obj:0)
x_14_                              -0.262773722627737 	(obj:1)
t_1,120_                                            1 	(obj:0)
x_3_                               -0.262773722627737 	(obj:1)
t_15,121_                                           1 	(obj:0)

Statistics
==========

SCIP Status        : problem is solved [optimal solution found]
Total Time         :      12.97
  solving          :      12.94
  presolving       :      12.23 (included in solving)
  reading          :       0.03
  copying          :       0.01 (1 #copies) (minimal 0.01, maximal 0.01, average 0.01)
Original Problem   :
  Problem name     : ../modeles/15_274.lp
  Variables        : 8250 (4110 binary, 0 integer, 0 implicit integer, 4140 continuous)
  Constraints      : 4171 initial, 4171 maximal
  Objective        : minimize, 15 non-zeros (abs.min = 1, abs.max = 1)
Presolved Problem  :
  Problem name     : t_../modeles/15_274.lp
  Variables        : 4215 (2100 binary, 0 integer, 0 implicit integer, 2115 continuous)
  Constraints      : 2162 initial, 2166 maximal
  Objective        : minimize, 2100 non-zeros (abs.min = 0.0145985, abs.max = 1.0219)
  Nonzeros         : 16830 constraint, 2102 clique table
Presolvers         :   ExecTime  SetupTime  Calls  FixedVars   AggrVars   ChgTypes  ChgBounds   AddHoles    DelCons    AddCons   ChgSides   ChgCoefs
  boundshift       :       0.00       0.00      0          0          0          0          0          0          0          0          0          0
  convertinttobin  :       0.00       0.00      0          0          0          0          0          0          0          0          0          0
  domcol           :       1.68       0.00    109          0          0          0          0          0          0          0          0          0
  dualagg          :       0.00       0.00      0          0          0          0          0          0          0          0          0          0
  dualcomp         :       0.41       0.00    109          0          0          0          0          0          0          0          0          0
  dualinfer        :       0.00       0.00      0          0          0          0          0          0          0          0          0          0
  dualsparsify     :       0.00       0.00      1          0          0          0          0          0          2          0          0          0
  gateextraction   :       0.00       0.00      0          0          0          0          0          0          0          0          0          0
  implics          :       0.01       0.00    204          0          0          0          0          0          0          0          0          0
  inttobinary      :       0.00       0.00      0          0          0          0          0          0          0          0          0          0
  milp             :       0.86       0.00      4       1203          0          0         60          0          0          0          0          0
  qpkktref         :       0.00       0.00      0          0          0          0          0          0          0          0          0          0
  redvub           :       0.00       0.00      0          0          0          0          0          0          0          0          0          0
  sparsify         :       0.23       0.00     10          0          0          0          0          0          0          0          0          0
  stuffing         :       0.00       0.00      0          0          0          0          0          0          0          0          0          0
  trivial          :       0.05       0.00    309          0          0          0          0          0          0          0          0          0
  tworowbnd        :       0.00       0.00      0          0          0          0          0          0          0          0          0          0
  dualfix          :       0.05       0.00    309          0          0          0          0          0          0          0          0          0
  genvbounds       :       0.00       0.00      0          0          0          0          0          0          0          0          0          0
  probing          :       7.20       0.00    109       2731          0          0          0          0          0          0          0          0
  pseudoobj        :       0.00       0.00      0          0          0          0          0          0          0          0          0          0
  symmetry         :       0.05       0.00      1          0          0          0          0          0          0          1          0          0
  vbounds          :       0.00       0.00      1          0          0          0          0          0          0          0          0          0
  varbound         :       0.05       0.00    509          0          0          0         82          0       1790          0          0          0
  setppc           :       0.09       0.00    710          0          0          0          0          0          0          0          0          0
  linear           :       1.49       0.00    511         86         15          0       8764          0        212          0          0       4110
  orbitope         :       0.00       0.00      0          0          0          0          0          0          0          0          0          0
  logicor          :       0.00       0.00      0          0          0          0          0          0          0          0          0          0
  bounddisjunction :       0.00       0.00      0          0          0          0          0          0          0          0          0          0
  benders          :       0.00       0.00      0          0          0          0          0          0          0          0          0          0
  components       :       0.00       0.00      1          0          0          0          0          0          0          0          0          0
  root node        :          -          -      -          0          -          -          0          -          -          -          -          -
Constraints        :     Number  MaxNumber  #Separate #Propagate    #EnfoLP    #EnfoRelax  #EnfoPS    #Check   #ResProp    Cutoffs    DomReds       Cuts    Applied      Conss   Children
  benderslp        :          0          0          0          0          0          0          0         22          0          0          0          0          0          0          0
  integral         :          0          0          0          0          0          0          0         22          0          0          0          0          0          0          0
  varbound         :         30         30         11      10846          0          0          0         16         11          0          0          0          0          0          0
  setppc           :         15+        16         11      10846          0          0          0         16        556          0          0          0          0          0          0
  linear           :       2116       2116         11      10846          0          0          0          2       1536       1494          0          0          0          0          0
  orbitope         :          1          1          0        452          0          0          0          2          0          0          0          0          0          0          0
  logicor          :          0+         1         11          3          0          0          0          0          0          0          0          0          0          0          0
  bounddisjunction :          0+         2          0         28          0          0          0          0          1          0          0          0          0          0          0
  benders          :          0          0          0          0          0          0          0          3          0          0          0          0          0          0          0
  countsols        :          0          0          0          0          0          0          0          3          0          0          0          0          0          0          0
  components       :          0          0          0          0          0          0          0          0          0          0          0          0          0          0          0
Constraint Timings :  TotalTime  SetupTime   Separate  Propagate     EnfoLP     EnfoPS     EnfoRelax   Check    ResProp    SB-Prop
  benderslp        :       0.00       0.00       0.00       0.00       0.00       0.00       0.00       0.00       0.00       0.00
  integral         :       0.00       0.00       0.00       0.00       0.00       0.00       0.00       0.00       0.00       0.00
  varbound         :       0.35       0.00       0.00       0.35       0.00       0.00       0.00       0.00       0.00       0.00
  setppc           :       0.02       0.00       0.00       0.02       0.00       0.00       0.00       0.00       0.00       0.00
  linear           :       2.53       0.00       0.01       2.51       0.00       0.00       0.00       0.00       0.00       0.00
  orbitope         :       0.00       0.00       0.00       0.00       0.00       0.00       0.00       0.00       0.00       0.00
  logicor          :       0.00       0.00       0.00       0.00       0.00       0.00       0.00       0.00       0.00       0.00
  bounddisjunction :       0.00       0.00       0.00       0.00       0.00       0.00       0.00       0.00       0.00       0.00
  benders          :       0.00       0.00       0.00       0.00       0.00       0.00       0.00       0.00       0.00       0.00
  countsols        :       0.00       0.00       0.00       0.00       0.00       0.00       0.00       0.00       0.00       0.00
  components       :       0.00       0.00       0.00       0.00       0.00       0.00       0.00       0.00       0.00       0.00
Propagators        : #Propagate   #ResProp    Cutoffs    DomReds
  dualfix          :          1          0          0          0
  genvbounds       :          0          0          0          0
  nlobbt           :          0          0          0          0
  obbt             :          0          0          0          0
  probing          :          0          0          0          0
  pseudoobj        :         14          0          0          0
  redcost          :         13          0          0          0
  rootredcost      :          0          0          0          0
  symmetry         :          0          0          0          0
  vbounds          :        196          0          0          0
Propagator Timings :  TotalTime  SetupTime   Presolve  Propagate    ResProp    SB-Prop
  dualfix          :       0.05       0.00       0.05       0.00       0.00       0.00
  genvbounds       :       0.00       0.00       0.00       0.00       0.00       0.00
  nlobbt           :       0.00       0.00       0.00       0.00       0.00       0.00
  obbt             :       0.00       0.00       0.00       0.00       0.00       0.00
  probing          :       7.20       0.00       7.20       0.00       0.00       0.00
  pseudoobj        :       0.01       0.00       0.00       0.01       0.00       0.00
  redcost          :       0.00       0.00       0.00       0.00       0.00       0.00
  rootredcost      :       0.00       0.00       0.00       0.00       0.00       0.00
  symmetry         :       0.05       0.00       0.05       0.00       0.00       0.00
  vbounds          :       0.03       0.00       0.00       0.03       0.00       0.00
Orbital fixing     :
  vars fixed to 0  :          0
  vars fixed to 1  :          0
Conflict Analysis  :       Time      Calls    Success    DomReds  Conflicts   Literals    Reconvs ReconvLits   Dualrays   Nonzeros   LP Iters   (pool size: [10000,10000])
  propagation      :       0.00          2          2          -          5       87.0          0        0.0          -          -          -
  infeasible LP    :       0.00          0          0          -          0        0.0          0        0.0          0        0.0          0
  bound exceed. LP :       0.00          1          0          -          0        0.0          0        0.0          0        0.0          0
  strong branching :       0.00          0          0          -          0        0.0          0        0.0          -          -          0
  pseudo solution  :       0.00          0          0          -          0        0.0          0        0.0          -          -          -
  applied globally :       0.00          -          -          0          3       95.7          -          -          0          -          -
  applied locally  :          -          -          -          0          0        0.0          -          -          0          -          -
Separators         :   ExecTime  SetupTime      Calls    Cutoffs    DomReds       Cuts    Applied      Conss
  cut pool         :       0.00                    21          -          -        198          -          -    (maximal pool size: 308)
  aggregation      :       0.14       0.00         11          0          0        209         99          0
  > cmir           :          -          -          -          -          -          -         99          -
  > flowcover      :          -          -          -          -          -          -          0          -
  > knapsackcover  :          -          -          -          -          -          -          0          -
  cgmip            :       0.00       0.00          0          0          0          0          0          0
  clique           :       0.00       0.00         11          0          0          0          0          0
  closecuts        :       0.00       0.00          0          0          0          0          0          0
  convexproj       :       0.00       0.00          0          0          0          0          0          0
  disjunctive      :       0.00       0.00          0          0          0          0          0          0
  eccuts           :       0.00       0.00          0          0          0          0          0          0
  gauge            :       0.00       0.00          0          0          0          0          0          0
  gomory           :       0.02       0.00         10          0          0         99          0          0
  > gomorymi       :          -          -          -          -          -          -          0          -
  > strongcg       :          -          -          -          -          -          -          0          -
  impliedbounds    :       0.00       0.00         11          0          0          0          0          0
  interminor       :       0.00       0.00          0          0          0          0          0          0
  intobj           :       0.00       0.00          0          0          0          0          0          0
  mcf              :       0.01       0.00          1          0          0          0          0          0
  minor            :       0.00       0.00          0          0          0          0          0          0
  mixing           :       0.00       0.00         11          0          0          0          0          0
  oddcycle         :       0.00       0.00          0          0          0          0          0          0
  rapidlearning    :       0.00       0.00          0          0          0          0          0          0
  rlt              :       0.00       0.00         10          0          0          0          0          0
  zerohalf         :       0.02       0.00         11          0          0          0          0          0
Cutselectors       :   ExecTime  SetupTime
  hybrid           :       0.00       0.00
Pricers            :   ExecTime  SetupTime      Calls       Vars
  problem variables:       0.00          -          0          0
Branching Rules    :   ExecTime  SetupTime   BranchLP  BranchExt   BranchPS    Cutoffs    DomReds       Cuts      Conss   Children
  allfullstrong    :       0.00       0.00          0          0          0          0          0          0          0          0
  cloud            :       0.00       0.00          0          0          0          0          0          0          0          0
  distribution     :       0.00       0.00          0          0          0          0          0          0          0          0
  fullstrong       :       0.00       0.00          0          0          0          0          0          0          0          0
  inference        :       0.00       0.00          0          0          0          0          0          0          0          0
  leastinf         :       0.00       0.00          0          0          0          0          0          0          0          0
  lookahead        :       0.00       0.00          0          0          0          0          0          0          0          0
  mostinf          :       0.00       0.00          0          0          0          0          0          0          0          0
  multaggr         :       0.00       0.00          0          0          0          0          0          0          0          0
  nodereopt        :       0.00       0.00          0          0          0          0          0          0          0          0
  pscost           :       0.00       0.00          0          0          0          0          0          0          0          0
  random           :       0.00       0.00          0          0          0          0          0          0          0          0
  relpscost        :       0.00       0.00          0          0          0          0          0          0          0          0
  vanillafullstrong:       0.00       0.00          0          0          0          0          0          0          0          0
Primal Heuristics  :   ExecTime  SetupTime      Calls      Found       Best
  LP solutions     :       0.00          -          -          0          0
  relax solutions  :       0.00          -          -          0          0
  pseudo solutions :       0.00          -          -          0          0
  strong branching :       0.00          -          -          0          0
  actconsdiving    :       0.00       0.00          0          0          0
  adaptivediving   :       0.00       0.00          0          0          0
  alns             :       0.00       0.00          0          0          0
  bound            :       0.00       0.00          0          0          0
  clique           :       0.02       0.00          1          0          0
  coefdiving       :       0.00       0.00          0          0          0
  completesol      :       0.00       0.00          0          0          0
  conflictdiving   :       0.12       0.00          1          0          0
  crossover        :       0.00       0.00          0          0          0
  dins             :       0.00       0.00          0          0          0
  distributiondivin:       0.00       0.00          0          0          0
  dps              :       0.00       0.00          0          0          0
  dualval          :       0.00       0.00          0          0          0
  farkasdiving     :       0.00       0.00          0          0          0
  feaspump         :       0.04       0.00          1          1          1
  fixandinfer      :       0.00       0.00          0          0          0
  fracdiving       :       0.00       0.00          0          0          0
  gins             :       0.00       0.00          0          0          0
  guideddiving     :       0.00       0.00          0          0          0
  indicator        :       0.00       0.00          0          0          0
  intdiving        :       0.00       0.00          0          0          0
  intshifting      :       0.01       0.00          1          0          0
  linesearchdiving :       0.00       0.00          0          0          0
  localbranching   :       0.00       0.00          0          0          0
  locks            :       0.01       0.00          1          0          0
  lpface           :       0.00       0.00          0          0          0
  mpec             :       0.00       0.00          0          0          0
  multistart       :       0.00       0.00          0          0          0
  mutation         :       0.00       0.00          0          0          0
  nlpdiving        :       0.00       0.00          0          0          0
  objpscostdiving  :       0.00       0.00          0          0          0
  octane           :       0.00       0.00          0          0          0
  ofins            :       0.00       0.00          0          0          0
  oneopt           :       0.00       0.00          1          0          0
  padm             :       0.00       0.00          0          0          0
  proximity        :       0.00       0.00          0          0          0
  pscostdiving     :       0.00       0.00          0          0          0
  randrounding     :       0.04       0.00         12          0          0
  rens             :       0.04       0.00          1          1          1
  reoptsols        :       0.00       0.00          0          0          0
  repair           :       0.00       0.00          0          0          0
  rins             :       0.00       0.00          0          0          0
  rootsoldiving    :       0.00       0.00          0          0          0
  rounding         :       0.00       0.00         12          0          0
  shiftandpropagate:       0.02       0.00          1          0          0
  shifting         :       0.03       0.00         12          0          0
  simplerounding   :       0.00       0.00          0          0          0
  subnlp           :       0.00       0.00          0          0          0
  trivial          :       0.01       0.00          2          0          0
  trivialnegation  :       0.00       0.00          0          0          0
  trustregion      :       0.00       0.00          0          0          0
  trysol           :       0.00       0.00          0          0          0
  twoopt           :       0.00       0.00          0          0          0
  undercover       :       0.00       0.00          0          0          0
  vbounds          :       0.00       0.00          0          0          0
  veclendiving     :       0.00       0.00          0          0          0
  zeroobj          :       0.00       0.00          0          0          0
  zirounding       :       0.00       0.00          1          0          0
  other solutions  :          -          -          -          0          -
Diving (single)    :      Calls      Nodes   LP Iters Backtracks  Conflicts   MinDepth   MaxDepth   AvgDepth  RoundSols  NLeafSols  MinSolDpt  MaxSolDpt  AvgSolDpt
  actconsdiving    :          0          -          -          -          -          -          -          -          -          -          -          -          -
  coefdiving       :          0          -          -          -          -          -          -          -          -          -          -          -          -
  conflictdiving   :          1        108        637          0          0        109        109      109.0          0          -          -          -          -
  distributiondivin:          0          -          -          -          -          -          -          -          -          -          -          -          -
  farkasdiving     :          0          -          -          -          -          -          -          -          -          -          -          -          -
  fracdiving       :          0          -          -          -          -          -          -          -          -          -          -          -          -
  guideddiving     :          0          -          -          -          -          -          -          -          -          -          -          -          -
  linesearchdiving :          0          -          -          -          -          -          -          -          -          -          -          -          -
  pscostdiving     :          0          -          -          -          -          -          -          -          -          -          -          -          -
  veclendiving     :          0          -          -          -          -          -          -          -          -          -          -          -          -
Diving (adaptive)  :      Calls      Nodes   LP Iters Backtracks  Conflicts   MinDepth   MaxDepth   AvgDepth  RoundSols  NLeafSols  MinSolDpt  MaxSolDpt  AvgSolDpt
  actconsdiving    :          0          -          -          -          -          -          -          -          -          -          -          -          -
  coefdiving       :          0          -          -          -          -          -          -          -          -          -          -          -          -
  conflictdiving   :          0          -          -          -          -          -          -          -          -          -          -          -          -
  distributiondivin:          0          -          -          -          -          -          -          -          -          -          -          -          -
  farkasdiving     :          0          -          -          -          -          -          -          -          -          -          -          -          -
  fracdiving       :          0          -          -          -          -          -          -          -          -          -          -          -          -
  guideddiving     :          0          -          -          -          -          -          -          -          -          -          -          -          -
  linesearchdiving :          0          -          -          -          -          -          -          -          -          -          -          -          -
  pscostdiving     :          0          -          -          -          -          -          -          -          -          -          -          -          -
  veclendiving     :          0          -          -          -          -          -          -          -          -          -          -          -          -
Neighborhoods      :      Calls  SetupTime  SolveTime SolveNodes       Sols       Best       Exp3  EpsGreedy        UCB TgtFixRate  Opt  Inf Node Stal  Sol  Usr Othr Actv
  rens             :          0       0.00       0.00          0          0          0    0.00000   -1.00000    1.00000      0.900    0    0    0    0    0    0    0    1
  rins             :          0       0.00       0.00          0          0          0    0.00000   -1.00000    1.00000      0.900    0    0    0    0    0    0    0    1
  mutation         :          0       0.00       0.00          0          0          0    0.00000   -1.00000    1.00000      0.900    0    0    0    0    0    0    0    1
  localbranching   :          0       0.00       0.00          0          0          0    0.00000   -1.00000    1.00000      0.900    0    0    0    0    0    0    0    1
  crossover        :          0       0.00       0.00          0          0          0    0.00000   -1.00000    1.00000      0.900    0    0    0    0    0    0    0    1
  proximity        :          0       0.00       0.00          0          0          0    0.00000   -1.00000    1.00000      0.900    0    0    0    0    0    0    0    1
  zeroobjective    :          0       0.00       0.00          0          0          0    0.00000   -1.00000    1.00000      0.900    0    0    0    0    0    0    0    1
  dins             :          0       0.00       0.00          0          0          0    0.00000   -1.00000    1.00000      0.900    0    0    0    0    0    0    0    1
  trustregion      :          0       0.00       0.00          0          0          0    0.00000   -1.00000    1.00000      0.900    0    0    0    0    0    0    0    0
LP                 :       Time      Calls Iterations  Iter/call   Iter/sec  Time-0-It Calls-0-It    ItLimit
  primal LP        :       0.00          0          0       0.00          -       0.00          0
  dual LP          :       0.04         12        643      53.58   14432.57       0.00          0
  lex dual LP      :       0.00          0          0       0.00          -
  barrier LP       :       0.00          0          0       0.00          -       0.00          0
  resolve instable :       0.00          0          0       0.00          -
  diving/probing LP:       0.11         47       2924      62.21   26104.35
  strong branching :       0.00          0          0       0.00          -          -          -          0
    (at root node) :          -          0          0       0.00          -
  conflict analysis:       0.00          0          0       0.00          -
B&B Tree           :
  number of runs   :          1
  nodes            :          1 (0 internal, 1 leaves)
  feasible leaves  :          0
  infeas. leaves   :          0
  objective leaves :          1
  nodes (total)    :          1 (0 internal, 1 leaves)
  nodes left       :          0
  max depth        :          0
  max depth (total):          0
  backtracks       :          0 (0.0%)
  early backtracks :          0 (0.0%)
  nodes exc. ref.  :          0 (0.0%)
  delayed cutoffs  :          0
  repropagations   :          0 (0 domain reductions, 0 cutoffs)
  avg switch length:       2.00
  switching time   :       0.00
Estim. Tree Size   :          1
Estimation Tree    : 1 nodes (1 visited, 0 internal, 1 leaves, 0 open), weight: 1.0000 completed 1.0000
Estimations        :      estim      value      trend resolution     smooth
  wbe              :          1          -          -          -          -
  tree-profile     :         -1          -          -          -          -
  gap              :          1    1.00000    1.00000          1          1
  tree-weight      :          1    1.00000    1.00000          1          1
  leaf-frequency   :          1    0.50000    1.00000          1          1
  ssg              :          1    0.00000   -1.00000          1          1
  open-nodes       :          1    0.00000    0.00000          1          1
Root Node          :
  First LP value   : -3.87163712200209e+00
  First LP Iters   :        544 (19562.01 Iter/sec)
  First LP Time    :       0.03
  Final Dual Bound : -3.87163712200209e+00
  Final Root Iters :       2464
  Root LP Estimate :                     -
Solution           :
  Solutions found  :          2 (2 improvements)
  First Solution   : -3.03649635036496e+00   (in run 1, after 1 nodes, 12.41 seconds, depth 0, found by <feaspump>)
  Gap First Sol.   :      27.50 %
  Gap Last Sol.    :       0.00 %
  Primal Bound     : -3.87163712200209e+00   (in run 1, after 1 nodes, 12.94 seconds, depth 0, found by <rens>)
  Dual Bound       : -3.87163712200209e+00
  Gap              :       0.00 %
Integrals          :      Total       Avg%
  primal-dual      :    1252.46      96.78
  primal-ref       :          -          - (not evaluated)
  dual-ref         :          -          - (not evaluated)
