SCIP version 8.0.0 [precision: 8 byte] [memory: block] [mode: optimized] [LP solver: SoPlex 6.0.0] [GitHash: a740f0891e]
Copyright (C) 2002-2021 Konrad-Zuse-Zentrum fuer Informationstechnik Berlin (ZIB)

External libraries: 
  SoPlex 6.0.0         Linear Programming Solver developed at Zuse Institute Berlin (soplex.zib.de) [GitHash: 71a5873d]
  CppAD 20180000.0     Algorithmic Differentiation of C++ algorithms developed by B. Bell (github.com/coin-or/CppAD)
  ZLIB 1.2.11          General purpose compression library by J. Gailly and M. Adler (zlib.net)
  GMP 6.2.1            GNU Multiple Precision Arithmetic Library developed by T. Granlund (gmplib.org)
  ZIMPL 3.5.1          Zuse Institute Mathematical Programming Language developed by T. Koch (zimpl.zib.de)
  AMPL/MP 4e2d45c4     AMPL .nl file reader library (github.com/ampl/mp)
  PaPILO 2.0.0         parallel presolve for integer and linear optimization (github.com/scipopt/papilo) [GitHash: 76cafc1]
  bliss 0.73p          Computing Graph Automorphism Groups by T. Junttila and P. Kaski (www.tcs.hut.fi/Software/bliss/)
  Ipopt 3.13.2         Interior Point Optimizer developed by A. Waechter et.al. (github.com/coin-or/Ipopt)

user parameter file <scip.set> not found - using default parameters

read problem <../modeles/15_219.lp>
============

original problem has 6600 variables (3285 bin, 0 int, 0 impl, 3315 cont) and 3346 constraints

solve problem
=============

presolving:
(round 1, fast)       15 del vars, 0 del conss, 0 add conss, 6990 chg bounds, 0 chg sides, 0 chg coeffs, 0 upgd conss, 0 impls, 15 clqs
(round 2, fast)       15 del vars, 0 del conss, 0 add conss, 6990 chg bounds, 0 chg sides, 3270 chg coeffs, 0 upgd conss, 0 impls, 15 clqs
   (0.1s) running MILP presolver
   (0.1s) MILP presolver (2 rounds): 0 aggregations, 0 fixings, 60 bound changes
(round 3, medium)     15 del vars, 0 del conss, 0 add conss, 7050 chg bounds, 0 chg sides, 3270 chg coeffs, 0 upgd conss, 0 impls, 15 clqs
(round 4, exhaustive) 15 del vars, 0 del conss, 0 add conss, 7050 chg bounds, 0 chg sides, 3270 chg coeffs, 45 upgd conss, 0 impls, 15 clqs
   (0.2s) sparsify finished: 4/23055 (0.0%) nonzeros canceled - in total 4 canceled nonzeros, 440 changed coefficients, 0 added nonzeros
(round 5, exhaustive) 15 del vars, 0 del conss, 0 add conss, 7050 chg bounds, 0 chg sides, 3710 chg coeffs, 45 upgd conss, 30 impls, 15 clqs
(round 6, exhaustive) 40 del vars, 0 del conss, 0 add conss, 7050 chg bounds, 0 chg sides, 3710 chg coeffs, 45 upgd conss, 13763 impls, 22 clqs
(round 7, exhaustive) 40 del vars, 0 del conss, 0 add conss, 7050 chg bounds, 0 chg sides, 3710 chg coeffs, 91 upgd conss, 13763 impls, 22 clqs
(round 8, exhaustive) 65 del vars, 0 del conss, 0 add conss, 7050 chg bounds, 0 chg sides, 3710 chg coeffs, 91 upgd conss, 25135 impls, 43 clqs
(round 9, fast)       66 del vars, 3 del conss, 0 add conss, 7051 chg bounds, 0 chg sides, 3710 chg coeffs, 91 upgd conss, 25135 impls, 43 clqs
(round 10, exhaustive) 66 del vars, 3 del conss, 0 add conss, 7051 chg bounds, 0 chg sides, 3710 chg coeffs, 130 upgd conss, 25135 impls, 43 clqs
(round 11, exhaustive) 91 del vars, 3 del conss, 0 add conss, 7051 chg bounds, 0 chg sides, 3710 chg coeffs, 130 upgd conss, 43018 impls, 84 clqs
(round 12, exhaustive) 91 del vars, 5 del conss, 0 add conss, 7051 chg bounds, 0 chg sides, 3710 chg coeffs, 173 upgd conss, 43018 impls, 84 clqs
(round 13, exhaustive) 116 del vars, 5 del conss, 0 add conss, 7051 chg bounds, 0 chg sides, 3710 chg coeffs, 173 upgd conss, 51328 impls, 96 clqs
(round 14, fast)       116 del vars, 8 del conss, 0 add conss, 7051 chg bounds, 0 chg sides, 3710 chg coeffs, 173 upgd conss, 51328 impls, 96 clqs
(round 15, exhaustive) 116 del vars, 8 del conss, 0 add conss, 7051 chg bounds, 0 chg sides, 3710 chg coeffs, 214 upgd conss, 51328 impls, 96 clqs
(round 16, exhaustive) 141 del vars, 8 del conss, 0 add conss, 7051 chg bounds, 0 chg sides, 3710 chg coeffs, 214 upgd conss, 63745 impls, 147 clqs
(round 17, exhaustive) 141 del vars, 9 del conss, 0 add conss, 7051 chg bounds, 0 chg sides, 3710 chg coeffs, 257 upgd conss, 63745 impls, 147 clqs
(round 18, exhaustive) 166 del vars, 9 del conss, 0 add conss, 7051 chg bounds, 0 chg sides, 3710 chg coeffs, 257 upgd conss, 79634 impls, 178 clqs
(round 19, fast)       166 del vars, 15 del conss, 0 add conss, 7051 chg bounds, 0 chg sides, 3710 chg coeffs, 257 upgd conss, 79634 impls, 178 clqs
(round 20, exhaustive) 166 del vars, 15 del conss, 0 add conss, 7051 chg bounds, 0 chg sides, 3710 chg coeffs, 288 upgd conss, 79634 impls, 178 clqs
(round 21, exhaustive) 191 del vars, 15 del conss, 0 add conss, 7051 chg bounds, 0 chg sides, 3710 chg coeffs, 288 upgd conss, 88103 impls, 202 clqs
(round 22, fast)       191 del vars, 22 del conss, 0 add conss, 7051 chg bounds, 0 chg sides, 3710 chg coeffs, 288 upgd conss, 88103 impls, 202 clqs
(round 23, exhaustive) 191 del vars, 22 del conss, 0 add conss, 7051 chg bounds, 0 chg sides, 3710 chg coeffs, 317 upgd conss, 88103 impls, 202 clqs
(round 24, exhaustive) 217 del vars, 22 del conss, 0 add conss, 7051 chg bounds, 0 chg sides, 3710 chg coeffs, 317 upgd conss, 94191 impls, 216 clqs
(round 25, fast)       217 del vars, 27 del conss, 0 add conss, 7051 chg bounds, 0 chg sides, 3710 chg coeffs, 317 upgd conss, 94191 impls, 216 clqs
(round 26, exhaustive) 217 del vars, 27 del conss, 0 add conss, 7051 chg bounds, 0 chg sides, 3710 chg coeffs, 354 upgd conss, 94191 impls, 216 clqs
(round 27, exhaustive) 242 del vars, 27 del conss, 0 add conss, 7051 chg bounds, 0 chg sides, 3710 chg coeffs, 354 upgd conss, 105886 impls, 246 clqs
(round 28, fast)       242 del vars, 33 del conss, 0 add conss, 7051 chg bounds, 0 chg sides, 3710 chg coeffs, 354 upgd conss, 105886 impls, 246 clqs
(round 29, exhaustive) 242 del vars, 33 del conss, 0 add conss, 7051 chg bounds, 0 chg sides, 3710 chg coeffs, 386 upgd conss, 105886 impls, 246 clqs
(round 30, exhaustive) 269 del vars, 33 del conss, 0 add conss, 7051 chg bounds, 0 chg sides, 3710 chg coeffs, 386 upgd conss, 116709 impls, 347 clqs
(round 31, fast)       269 del vars, 42 del conss, 0 add conss, 7051 chg bounds, 0 chg sides, 3710 chg coeffs, 386 upgd conss, 116709 impls, 347 clqs
(round 32, exhaustive) 269 del vars, 42 del conss, 0 add conss, 7051 chg bounds, 0 chg sides, 3710 chg coeffs, 412 upgd conss, 116709 impls, 347 clqs
(round 33, exhaustive) 294 del vars, 42 del conss, 0 add conss, 7051 chg bounds, 0 chg sides, 3710 chg coeffs, 412 upgd conss, 126178 impls, 373 clqs
(round 34, fast)       295 del vars, 53 del conss, 0 add conss, 7052 chg bounds, 0 chg sides, 3710 chg coeffs, 412 upgd conss, 126178 impls, 373 clqs
(round 35, exhaustive) 295 del vars, 53 del conss, 0 add conss, 7052 chg bounds, 0 chg sides, 3710 chg coeffs, 431 upgd conss, 126178 impls, 373 clqs
(round 36, exhaustive) 320 del vars, 53 del conss, 0 add conss, 7052 chg bounds, 0 chg sides, 3710 chg coeffs, 431 upgd conss, 138584 impls, 526 clqs
(round 37, fast)       323 del vars, 63 del conss, 0 add conss, 7055 chg bounds, 0 chg sides, 3710 chg coeffs, 431 upgd conss, 138584 impls, 526 clqs
(round 38, exhaustive) 323 del vars, 63 del conss, 0 add conss, 7055 chg bounds, 0 chg sides, 3710 chg coeffs, 457 upgd conss, 138584 impls, 526 clqs
(round 39, exhaustive) 348 del vars, 63 del conss, 0 add conss, 7055 chg bounds, 0 chg sides, 3710 chg coeffs, 457 upgd conss, 147778 impls, 561 clqs
(round 40, fast)       349 del vars, 71 del conss, 0 add conss, 7056 chg bounds, 0 chg sides, 3710 chg coeffs, 457 upgd conss, 147778 impls, 561 clqs
(round 41, exhaustive) 349 del vars, 71 del conss, 0 add conss, 7056 chg bounds, 0 chg sides, 3710 chg coeffs, 485 upgd conss, 147778 impls, 561 clqs
   (1.8s) probing: 1000/3285 (30.4%) - 343 fixings, 0 aggregations, 157364 implications, 0 bound changes
(round 42, exhaustive) 374 del vars, 71 del conss, 0 add conss, 7056 chg bounds, 0 chg sides, 3710 chg coeffs, 485 upgd conss, 160614 impls, 610 clqs
(round 43, fast)       377 del vars, 79 del conss, 0 add conss, 7059 chg bounds, 0 chg sides, 3710 chg coeffs, 485 upgd conss, 160614 impls, 610 clqs
(round 44, exhaustive) 377 del vars, 79 del conss, 0 add conss, 7059 chg bounds, 0 chg sides, 3710 chg coeffs, 517 upgd conss, 160614 impls, 610 clqs
(round 45, exhaustive) 402 del vars, 79 del conss, 0 add conss, 7059 chg bounds, 0 chg sides, 3710 chg coeffs, 517 upgd conss, 166597 impls, 633 clqs
(round 46, fast)       403 del vars, 88 del conss, 0 add conss, 7060 chg bounds, 0 chg sides, 3710 chg coeffs, 517 upgd conss, 166597 impls, 633 clqs
(round 47, exhaustive) 403 del vars, 88 del conss, 0 add conss, 7060 chg bounds, 0 chg sides, 3710 chg coeffs, 542 upgd conss, 166597 impls, 633 clqs
   (1.9s) sparsify finished: 2/21796 (0.0%) nonzeros canceled - in total 6 canceled nonzeros, 656 changed coefficients, 0 added nonzeros
(round 48, exhaustive) 403 del vars, 88 del conss, 0 add conss, 7060 chg bounds, 0 chg sides, 3926 chg coeffs, 542 upgd conss, 166622 impls, 633 clqs
(round 49, exhaustive) 428 del vars, 88 del conss, 0 add conss, 7060 chg bounds, 0 chg sides, 3926 chg coeffs, 542 upgd conss, 173835 impls, 719 clqs
(round 50, fast)       429 del vars, 99 del conss, 0 add conss, 7061 chg bounds, 0 chg sides, 3926 chg coeffs, 542 upgd conss, 173835 impls, 719 clqs
(round 51, exhaustive) 429 del vars, 99 del conss, 0 add conss, 7061 chg bounds, 0 chg sides, 3926 chg coeffs, 560 upgd conss, 173835 impls, 719 clqs
(round 52, exhaustive) 454 del vars, 99 del conss, 0 add conss, 7061 chg bounds, 0 chg sides, 3926 chg coeffs, 560 upgd conss, 180804 impls, 753 clqs
(round 53, fast)       454 del vars, 110 del conss, 0 add conss, 7061 chg bounds, 0 chg sides, 3926 chg coeffs, 560 upgd conss, 180804 impls, 753 clqs
(round 54, exhaustive) 454 del vars, 110 del conss, 0 add conss, 7061 chg bounds, 0 chg sides, 3926 chg coeffs, 577 upgd conss, 180804 impls, 753 clqs
(round 55, exhaustive) 480 del vars, 110 del conss, 0 add conss, 7061 chg bounds, 0 chg sides, 3926 chg coeffs, 577 upgd conss, 185664 impls, 831 clqs
(round 56, fast)       480 del vars, 120 del conss, 0 add conss, 7061 chg bounds, 0 chg sides, 3926 chg coeffs, 577 upgd conss, 185664 impls, 831 clqs
(round 57, exhaustive) 480 del vars, 120 del conss, 0 add conss, 7061 chg bounds, 0 chg sides, 3926 chg coeffs, 599 upgd conss, 185664 impls, 831 clqs
(round 58, exhaustive) 505 del vars, 120 del conss, 0 add conss, 7061 chg bounds, 0 chg sides, 3926 chg coeffs, 599 upgd conss, 190941 impls, 856 clqs
(round 59, fast)       505 del vars, 132 del conss, 0 add conss, 7061 chg bounds, 0 chg sides, 3926 chg coeffs, 599 upgd conss, 190941 impls, 856 clqs
(round 60, exhaustive) 505 del vars, 132 del conss, 0 add conss, 7061 chg bounds, 0 chg sides, 3926 chg coeffs, 613 upgd conss, 190941 impls, 856 clqs
(round 61, exhaustive) 530 del vars, 132 del conss, 0 add conss, 7061 chg bounds, 0 chg sides, 3926 chg coeffs, 613 upgd conss, 198262 impls, 949 clqs
(round 62, fast)       530 del vars, 140 del conss, 0 add conss, 7061 chg bounds, 0 chg sides, 3926 chg coeffs, 613 upgd conss, 198262 impls, 949 clqs
(round 63, exhaustive) 530 del vars, 140 del conss, 0 add conss, 7061 chg bounds, 0 chg sides, 3926 chg coeffs, 639 upgd conss, 198262 impls, 949 clqs
(round 64, exhaustive) 555 del vars, 140 del conss, 0 add conss, 7061 chg bounds, 0 chg sides, 3926 chg coeffs, 639 upgd conss, 206381 impls, 990 clqs
(round 65, fast)       555 del vars, 153 del conss, 0 add conss, 7061 chg bounds, 0 chg sides, 3926 chg coeffs, 639 upgd conss, 206381 impls, 990 clqs
(round 66, exhaustive) 555 del vars, 153 del conss, 0 add conss, 7061 chg bounds, 0 chg sides, 3926 chg coeffs, 650 upgd conss, 206381 impls, 990 clqs
(round 67, exhaustive) 580 del vars, 153 del conss, 0 add conss, 7061 chg bounds, 0 chg sides, 3926 chg coeffs, 650 upgd conss, 217614 impls, 1036 clqs
(round 68, fast)       581 del vars, 165 del conss, 0 add conss, 7062 chg bounds, 0 chg sides, 3926 chg coeffs, 650 upgd conss, 217614 impls, 1036 clqs
(round 69, exhaustive) 581 del vars, 165 del conss, 0 add conss, 7062 chg bounds, 0 chg sides, 3926 chg coeffs, 666 upgd conss, 217614 impls, 1036 clqs
(round 70, exhaustive) 606 del vars, 165 del conss, 0 add conss, 7062 chg bounds, 0 chg sides, 3926 chg coeffs, 666 upgd conss, 224460 impls, 1074 clqs
(round 71, fast)       611 del vars, 178 del conss, 0 add conss, 7067 chg bounds, 0 chg sides, 3926 chg coeffs, 666 upgd conss, 224460 impls, 1074 clqs
(round 72, exhaustive) 611 del vars, 178 del conss, 0 add conss, 7067 chg bounds, 0 chg sides, 3926 chg coeffs, 687 upgd conss, 224460 impls, 1074 clqs
(round 73, exhaustive) 637 del vars, 178 del conss, 0 add conss, 7067 chg bounds, 0 chg sides, 3926 chg coeffs, 687 upgd conss, 232105 impls, 1114 clqs
(round 74, fast)       637 del vars, 189 del conss, 0 add conss, 7067 chg bounds, 0 chg sides, 3926 chg coeffs, 687 upgd conss, 232105 impls, 1114 clqs
(round 75, exhaustive) 637 del vars, 189 del conss, 0 add conss, 7067 chg bounds, 0 chg sides, 3926 chg coeffs, 706 upgd conss, 232105 impls, 1114 clqs
(round 76, exhaustive) 664 del vars, 189 del conss, 0 add conss, 7067 chg bounds, 0 chg sides, 3926 chg coeffs, 706 upgd conss, 237043 impls, 1135 clqs
(round 77, fast)       664 del vars, 201 del conss, 0 add conss, 7067 chg bounds, 0 chg sides, 3926 chg coeffs, 706 upgd conss, 237043 impls, 1135 clqs
(round 78, exhaustive) 664 del vars, 201 del conss, 0 add conss, 7067 chg bounds, 0 chg sides, 3926 chg coeffs, 724 upgd conss, 237043 impls, 1135 clqs
(round 79, exhaustive) 689 del vars, 201 del conss, 0 add conss, 7067 chg bounds, 0 chg sides, 3926 chg coeffs, 724 upgd conss, 242574 impls, 1164 clqs
(round 80, fast)       689 del vars, 214 del conss, 0 add conss, 7067 chg bounds, 0 chg sides, 3926 chg coeffs, 724 upgd conss, 242574 impls, 1164 clqs
(round 81, exhaustive) 689 del vars, 214 del conss, 0 add conss, 7067 chg bounds, 0 chg sides, 3926 chg coeffs, 735 upgd conss, 242574 impls, 1164 clqs
(round 82, exhaustive) 714 del vars, 214 del conss, 0 add conss, 7067 chg bounds, 0 chg sides, 3926 chg coeffs, 735 upgd conss, 248668 impls, 1194 clqs
(round 83, fast)       714 del vars, 225 del conss, 0 add conss, 7067 chg bounds, 0 chg sides, 3926 chg coeffs, 735 upgd conss, 248668 impls, 1194 clqs
(round 84, exhaustive) 714 del vars, 225 del conss, 0 add conss, 7067 chg bounds, 0 chg sides, 3926 chg coeffs, 752 upgd conss, 248668 impls, 1194 clqs
(round 85, exhaustive) 739 del vars, 225 del conss, 0 add conss, 7067 chg bounds, 0 chg sides, 3926 chg coeffs, 752 upgd conss, 252151 impls, 1269 clqs
(round 86, fast)       739 del vars, 237 del conss, 0 add conss, 7067 chg bounds, 0 chg sides, 3926 chg coeffs, 752 upgd conss, 252151 impls, 1269 clqs
(round 87, exhaustive) 739 del vars, 237 del conss, 0 add conss, 7067 chg bounds, 0 chg sides, 3926 chg coeffs, 766 upgd conss, 252151 impls, 1269 clqs
(round 88, exhaustive) 765 del vars, 237 del conss, 0 add conss, 7067 chg bounds, 0 chg sides, 3926 chg coeffs, 766 upgd conss, 258223 impls, 1298 clqs
(round 89, fast)       765 del vars, 252 del conss, 0 add conss, 7067 chg bounds, 0 chg sides, 3926 chg coeffs, 766 upgd conss, 258223 impls, 1298 clqs
(round 90, exhaustive) 765 del vars, 252 del conss, 0 add conss, 7067 chg bounds, 0 chg sides, 3926 chg coeffs, 773 upgd conss, 258223 impls, 1298 clqs
(round 91, exhaustive) 790 del vars, 252 del conss, 0 add conss, 7067 chg bounds, 0 chg sides, 3926 chg coeffs, 773 upgd conss, 264079 impls, 1329 clqs
(round 92, fast)       791 del vars, 266 del conss, 0 add conss, 7068 chg bounds, 0 chg sides, 3926 chg coeffs, 773 upgd conss, 264079 impls, 1329 clqs
(round 93, exhaustive) 791 del vars, 266 del conss, 0 add conss, 7068 chg bounds, 0 chg sides, 3926 chg coeffs, 783 upgd conss, 264079 impls, 1329 clqs
(round 94, exhaustive) 816 del vars, 266 del conss, 0 add conss, 7068 chg bounds, 0 chg sides, 3926 chg coeffs, 783 upgd conss, 270854 impls, 1448 clqs
(round 95, fast)       816 del vars, 278 del conss, 0 add conss, 7068 chg bounds, 0 chg sides, 3926 chg coeffs, 783 upgd conss, 270854 impls, 1448 clqs
(round 96, exhaustive) 816 del vars, 278 del conss, 0 add conss, 7068 chg bounds, 0 chg sides, 3926 chg coeffs, 797 upgd conss, 270854 impls, 1448 clqs
(round 97, exhaustive) 841 del vars, 278 del conss, 0 add conss, 7068 chg bounds, 0 chg sides, 3926 chg coeffs, 797 upgd conss, 281855 impls, 1504 clqs
(round 98, fast)       841 del vars, 290 del conss, 0 add conss, 7068 chg bounds, 0 chg sides, 3926 chg coeffs, 797 upgd conss, 281855 impls, 1504 clqs
(round 99, exhaustive) 841 del vars, 290 del conss, 0 add conss, 7068 chg bounds, 0 chg sides, 3926 chg coeffs, 811 upgd conss, 281855 impls, 1504 clqs
(round 100, exhaustive) 866 del vars, 290 del conss, 0 add conss, 7068 chg bounds, 0 chg sides, 3926 chg coeffs, 811 upgd conss, 292344 impls, 1736 clqs
(round 101, fast)       866 del vars, 304 del conss, 0 add conss, 7068 chg bounds, 0 chg sides, 3926 chg coeffs, 811 upgd conss, 292344 impls, 1736 clqs
(round 102, exhaustive) 866 del vars, 304 del conss, 0 add conss, 7068 chg bounds, 0 chg sides, 3926 chg coeffs, 819 upgd conss, 292344 impls, 1736 clqs
(round 103, exhaustive) 891 del vars, 304 del conss, 0 add conss, 7068 chg bounds, 0 chg sides, 3926 chg coeffs, 819 upgd conss, 295123 impls, 1846 clqs
(round 104, fast)       894 del vars, 320 del conss, 0 add conss, 7071 chg bounds, 0 chg sides, 3926 chg coeffs, 819 upgd conss, 295123 impls, 1846 clqs
(round 105, exhaustive) 894 del vars, 320 del conss, 0 add conss, 7071 chg bounds, 0 chg sides, 3926 chg coeffs, 827 upgd conss, 295123 impls, 1846 clqs
(round 106, exhaustive) 919 del vars, 320 del conss, 0 add conss, 7071 chg bounds, 0 chg sides, 3926 chg coeffs, 827 upgd conss, 300805 impls, 1884 clqs
(round 107, fast)       920 del vars, 334 del conss, 0 add conss, 7072 chg bounds, 0 chg sides, 3926 chg coeffs, 827 upgd conss, 300805 impls, 1884 clqs
(round 108, exhaustive) 920 del vars, 334 del conss, 0 add conss, 7072 chg bounds, 0 chg sides, 3926 chg coeffs, 837 upgd conss, 300805 impls, 1884 clqs
   (3.7s) probing: 2000/3285 (60.9%) - 894 fixings, 0 aggregations, 300387 implications, 0 bound changes
(round 109, exhaustive) 945 del vars, 334 del conss, 0 add conss, 7072 chg bounds, 0 chg sides, 3926 chg coeffs, 837 upgd conss, 304343 impls, 1907 clqs
(round 110, fast)       947 del vars, 349 del conss, 0 add conss, 7074 chg bounds, 0 chg sides, 3926 chg coeffs, 837 upgd conss, 304343 impls, 1907 clqs
(round 111, exhaustive) 947 del vars, 349 del conss, 0 add conss, 7074 chg bounds, 0 chg sides, 3926 chg coeffs, 846 upgd conss, 304343 impls, 1907 clqs
(round 112, exhaustive) 973 del vars, 349 del conss, 0 add conss, 7074 chg bounds, 0 chg sides, 3926 chg coeffs, 846 upgd conss, 308986 impls, 1943 clqs
(round 113, fast)       973 del vars, 364 del conss, 0 add conss, 7074 chg bounds, 0 chg sides, 3926 chg coeffs, 846 upgd conss, 308986 impls, 1943 clqs
(round 114, exhaustive) 973 del vars, 364 del conss, 0 add conss, 7074 chg bounds, 0 chg sides, 3926 chg coeffs, 853 upgd conss, 308986 impls, 1943 clqs
(round 115, exhaustive) 999 del vars, 364 del conss, 0 add conss, 7074 chg bounds, 0 chg sides, 3926 chg coeffs, 853 upgd conss, 317309 impls, 1999 clqs
(round 116, fast)       999 del vars, 378 del conss, 0 add conss, 7074 chg bounds, 0 chg sides, 3926 chg coeffs, 853 upgd conss, 317309 impls, 1999 clqs
(round 117, exhaustive) 999 del vars, 378 del conss, 0 add conss, 7074 chg bounds, 0 chg sides, 3926 chg coeffs, 863 upgd conss, 317309 impls, 1999 clqs
(round 118, exhaustive) 1024 del vars, 378 del conss, 0 add conss, 7074 chg bounds, 0 chg sides, 3926 chg coeffs, 863 upgd conss, 320408 impls, 2117 clqs
(round 119, fast)       1025 del vars, 393 del conss, 0 add conss, 7075 chg bounds, 0 chg sides, 3926 chg coeffs, 863 upgd conss, 320408 impls, 2117 clqs
   (4.0s) running MILP presolver
   (4.1s) MILP presolver (6 rounds): 0 aggregations, 28 fixings, 0 bound changes
(round 120, medium)     1053 del vars, 406 del conss, 0 add conss, 7075 chg bounds, 0 chg sides, 3926 chg coeffs, 863 upgd conss, 320408 impls, 2117 clqs
(round 121, fast)       1053 del vars, 409 del conss, 0 add conss, 7075 chg bounds, 0 chg sides, 3926 chg coeffs, 863 upgd conss, 320408 impls, 2117 clqs
(round 122, exhaustive) 1053 del vars, 409 del conss, 0 add conss, 7075 chg bounds, 0 chg sides, 3926 chg coeffs, 875 upgd conss, 320408 impls, 2117 clqs
(round 123, exhaustive) 1078 del vars, 409 del conss, 0 add conss, 7075 chg bounds, 0 chg sides, 3926 chg coeffs, 875 upgd conss, 324782 impls, 2247 clqs
(round 124, fast)       1078 del vars, 423 del conss, 0 add conss, 7075 chg bounds, 0 chg sides, 3926 chg coeffs, 875 upgd conss, 324782 impls, 2247 clqs
(round 125, exhaustive) 1078 del vars, 423 del conss, 0 add conss, 7075 chg bounds, 0 chg sides, 3926 chg coeffs, 883 upgd conss, 324782 impls, 2247 clqs
(round 126, exhaustive) 1103 del vars, 423 del conss, 0 add conss, 7075 chg bounds, 0 chg sides, 3926 chg coeffs, 883 upgd conss, 330449 impls, 2298 clqs
(round 127, fast)       1105 del vars, 440 del conss, 0 add conss, 7077 chg bounds, 0 chg sides, 3926 chg coeffs, 883 upgd conss, 330449 impls, 2298 clqs
(round 128, exhaustive) 1105 del vars, 440 del conss, 0 add conss, 7077 chg bounds, 0 chg sides, 3926 chg coeffs, 886 upgd conss, 330449 impls, 2298 clqs
(round 129, exhaustive) 1130 del vars, 440 del conss, 0 add conss, 7077 chg bounds, 0 chg sides, 3926 chg coeffs, 886 upgd conss, 336616 impls, 2339 clqs
(round 130, fast)       1134 del vars, 456 del conss, 0 add conss, 7081 chg bounds, 0 chg sides, 3926 chg coeffs, 886 upgd conss, 336616 impls, 2339 clqs
(round 131, exhaustive) 1134 del vars, 456 del conss, 0 add conss, 7081 chg bounds, 0 chg sides, 3926 chg coeffs, 896 upgd conss, 336616 impls, 2339 clqs
(round 132, exhaustive) 1159 del vars, 456 del conss, 0 add conss, 7081 chg bounds, 0 chg sides, 3926 chg coeffs, 896 upgd conss, 341120 impls, 2371 clqs
(round 133, fast)       1160 del vars, 470 del conss, 0 add conss, 7082 chg bounds, 0 chg sides, 3926 chg coeffs, 896 upgd conss, 341120 impls, 2371 clqs
(round 134, exhaustive) 1160 del vars, 470 del conss, 0 add conss, 7082 chg bounds, 0 chg sides, 3926 chg coeffs, 906 upgd conss, 341120 impls, 2371 clqs
(round 135, exhaustive) 1185 del vars, 470 del conss, 0 add conss, 7082 chg bounds, 0 chg sides, 3926 chg coeffs, 906 upgd conss, 348038 impls, 2428 clqs
(round 136, fast)       1185 del vars, 483 del conss, 0 add conss, 7082 chg bounds, 0 chg sides, 3926 chg coeffs, 906 upgd conss, 348038 impls, 2428 clqs
(round 137, exhaustive) 1185 del vars, 483 del conss, 0 add conss, 7082 chg bounds, 0 chg sides, 3926 chg coeffs, 913 upgd conss, 348038 impls, 2428 clqs
(round 138, exhaustive) 1210 del vars, 483 del conss, 0 add conss, 7082 chg bounds, 0 chg sides, 3926 chg coeffs, 913 upgd conss, 353959 impls, 2476 clqs
(round 139, fast)       1215 del vars, 502 del conss, 0 add conss, 7087 chg bounds, 0 chg sides, 3926 chg coeffs, 913 upgd conss, 353959 impls, 2476 clqs
(round 140, exhaustive) 1215 del vars, 502 del conss, 0 add conss, 7087 chg bounds, 0 chg sides, 3926 chg coeffs, 916 upgd conss, 353959 impls, 2476 clqs
(round 141, exhaustive) 1241 del vars, 502 del conss, 0 add conss, 7087 chg bounds, 0 chg sides, 3926 chg coeffs, 916 upgd conss, 358775 impls, 2516 clqs
(round 142, fast)       1241 del vars, 516 del conss, 0 add conss, 7087 chg bounds, 0 chg sides, 3926 chg coeffs, 916 upgd conss, 358775 impls, 2516 clqs
(round 143, exhaustive) 1241 del vars, 516 del conss, 0 add conss, 7087 chg bounds, 0 chg sides, 3926 chg coeffs, 926 upgd conss, 358775 impls, 2516 clqs
(round 144, exhaustive) 1266 del vars, 516 del conss, 0 add conss, 7087 chg bounds, 0 chg sides, 3926 chg coeffs, 926 upgd conss, 361710 impls, 2766 clqs
(round 145, fast)       1270 del vars, 534 del conss, 0 add conss, 7091 chg bounds, 0 chg sides, 3926 chg coeffs, 926 upgd conss, 361710 impls, 2766 clqs
(round 146, exhaustive) 1270 del vars, 534 del conss, 0 add conss, 7091 chg bounds, 0 chg sides, 3926 chg coeffs, 930 upgd conss, 361710 impls, 2766 clqs
(round 147, exhaustive) 1296 del vars, 534 del conss, 0 add conss, 7091 chg bounds, 0 chg sides, 3926 chg coeffs, 930 upgd conss, 367891 impls, 2812 clqs
(round 148, fast)       1296 del vars, 548 del conss, 0 add conss, 7091 chg bounds, 0 chg sides, 3926 chg coeffs, 930 upgd conss, 367891 impls, 2812 clqs
(round 149, exhaustive) 1296 del vars, 548 del conss, 0 add conss, 7091 chg bounds, 0 chg sides, 3926 chg coeffs, 939 upgd conss, 367891 impls, 2812 clqs
(round 150, exhaustive) 1321 del vars, 548 del conss, 0 add conss, 7091 chg bounds, 0 chg sides, 3926 chg coeffs, 939 upgd conss, 374028 impls, 2869 clqs
(round 151, fast)       1322 del vars, 563 del conss, 0 add conss, 7092 chg bounds, 0 chg sides, 3926 chg coeffs, 939 upgd conss, 374028 impls, 2869 clqs
(round 152, exhaustive) 1322 del vars, 563 del conss, 0 add conss, 7092 chg bounds, 0 chg sides, 3926 chg coeffs, 946 upgd conss, 374028 impls, 2869 clqs
(round 153, exhaustive) 1347 del vars, 563 del conss, 0 add conss, 7092 chg bounds, 0 chg sides, 3926 chg coeffs, 946 upgd conss, 378009 impls, 2901 clqs
(round 154, fast)       1347 del vars, 578 del conss, 0 add conss, 7092 chg bounds, 0 chg sides, 3926 chg coeffs, 946 upgd conss, 378009 impls, 2901 clqs
(round 155, exhaustive) 1347 del vars, 578 del conss, 0 add conss, 7092 chg bounds, 0 chg sides, 3926 chg coeffs, 951 upgd conss, 378009 impls, 2901 clqs
(round 156, exhaustive) 1374 del vars, 578 del conss, 0 add conss, 7092 chg bounds, 0 chg sides, 3926 chg coeffs, 951 upgd conss, 381038 impls, 3177 clqs
(round 157, fast)       1374 del vars, 594 del conss, 0 add conss, 7092 chg bounds, 0 chg sides, 3926 chg coeffs, 951 upgd conss, 381038 impls, 3177 clqs
(round 158, exhaustive) 1374 del vars, 594 del conss, 0 add conss, 7092 chg bounds, 0 chg sides, 3926 chg coeffs, 957 upgd conss, 381038 impls, 3177 clqs
(round 159, exhaustive) 1399 del vars, 594 del conss, 0 add conss, 7092 chg bounds, 0 chg sides, 3926 chg coeffs, 957 upgd conss, 383010 impls, 3198 clqs
(round 160, fast)       1402 del vars, 611 del conss, 0 add conss, 7095 chg bounds, 0 chg sides, 3926 chg coeffs, 957 upgd conss, 383010 impls, 3198 clqs
(round 161, exhaustive) 1402 del vars, 611 del conss, 0 add conss, 7095 chg bounds, 0 chg sides, 3926 chg coeffs, 962 upgd conss, 383010 impls, 3198 clqs
(round 162, exhaustive) 1429 del vars, 611 del conss, 0 add conss, 7095 chg bounds, 0 chg sides, 3926 chg coeffs, 962 upgd conss, 386557 impls, 3237 clqs
(round 163, fast)       1429 del vars, 628 del conss, 0 add conss, 7095 chg bounds, 0 chg sides, 3926 chg coeffs, 962 upgd conss, 386557 impls, 3237 clqs
(round 164, exhaustive) 1429 del vars, 628 del conss, 0 add conss, 7095 chg bounds, 0 chg sides, 3926 chg coeffs, 965 upgd conss, 386557 impls, 3237 clqs
(round 165, exhaustive) 1455 del vars, 628 del conss, 0 add conss, 7095 chg bounds, 0 chg sides, 3926 chg coeffs, 965 upgd conss, 395505 impls, 3450 clqs
(round 166, fast)       1455 del vars, 644 del conss, 0 add conss, 7095 chg bounds, 0 chg sides, 3926 chg coeffs, 965 upgd conss, 395505 impls, 3450 clqs
(round 167, exhaustive) 1455 del vars, 644 del conss, 0 add conss, 7095 chg bounds, 0 chg sides, 3926 chg coeffs, 969 upgd conss, 395505 impls, 3450 clqs
(round 168, exhaustive) 1480 del vars, 644 del conss, 0 add conss, 7095 chg bounds, 0 chg sides, 3926 chg coeffs, 969 upgd conss, 398289 impls, 3480 clqs
(round 169, fast)       1483 del vars, 661 del conss, 0 add conss, 7098 chg bounds, 0 chg sides, 3926 chg coeffs, 969 upgd conss, 398289 impls, 3480 clqs
(round 170, exhaustive) 1483 del vars, 661 del conss, 0 add conss, 7098 chg bounds, 0 chg sides, 3926 chg coeffs, 974 upgd conss, 398289 impls, 3480 clqs
(round 171, exhaustive) 1508 del vars, 661 del conss, 0 add conss, 7098 chg bounds, 0 chg sides, 3926 chg coeffs, 974 upgd conss, 401049 impls, 3509 clqs
(round 172, fast)       1510 del vars, 678 del conss, 0 add conss, 7100 chg bounds, 0 chg sides, 3926 chg coeffs, 974 upgd conss, 401049 impls, 3509 clqs
(round 173, exhaustive) 1510 del vars, 678 del conss, 0 add conss, 7100 chg bounds, 0 chg sides, 3926 chg coeffs, 977 upgd conss, 401049 impls, 3509 clqs
(round 174, exhaustive) 1536 del vars, 678 del conss, 0 add conss, 7100 chg bounds, 0 chg sides, 3926 chg coeffs, 977 upgd conss, 405674 impls, 3554 clqs
(round 175, fast)       1536 del vars, 695 del conss, 0 add conss, 7100 chg bounds, 0 chg sides, 3926 chg coeffs, 977 upgd conss, 405674 impls, 3554 clqs
(round 176, exhaustive) 1561 del vars, 695 del conss, 0 add conss, 7100 chg bounds, 0 chg sides, 3926 chg coeffs, 978 upgd conss, 408063 impls, 3580 clqs
(round 177, fast)       1563 del vars, 713 del conss, 0 add conss, 7102 chg bounds, 0 chg sides, 3926 chg coeffs, 978 upgd conss, 408064 impls, 3580 clqs
(round 178, exhaustive) 1592 del vars, 713 del conss, 0 add conss, 7102 chg bounds, 0 chg sides, 3926 chg coeffs, 978 upgd conss, 411783 impls, 3738 clqs
(round 179, fast)       1592 del vars, 731 del conss, 0 add conss, 7102 chg bounds, 0 chg sides, 3926 chg coeffs, 978 upgd conss, 411783 impls, 3738 clqs
(round 180, exhaustive) 1592 del vars, 731 del conss, 0 add conss, 7102 chg bounds, 0 chg sides, 3926 chg coeffs, 982 upgd conss, 411783 impls, 3738 clqs
(round 181, exhaustive) 1617 del vars, 731 del conss, 0 add conss, 7102 chg bounds, 0 chg sides, 3926 chg coeffs, 982 upgd conss, 415503 impls, 3779 clqs
(round 182, fast)       1618 del vars, 747 del conss, 0 add conss, 7103 chg bounds, 0 chg sides, 3926 chg coeffs, 982 upgd conss, 415503 impls, 3779 clqs
(round 183, exhaustive) 1618 del vars, 747 del conss, 0 add conss, 7103 chg bounds, 0 chg sides, 3926 chg coeffs, 986 upgd conss, 415503 impls, 3779 clqs
(round 184, exhaustive) 1644 del vars, 747 del conss, 0 add conss, 7103 chg bounds, 0 chg sides, 3926 chg coeffs, 986 upgd conss, 417662 impls, 3804 clqs
(round 185, fast)       1644 del vars, 762 del conss, 0 add conss, 7103 chg bounds, 0 chg sides, 3926 chg coeffs, 986 upgd conss, 417662 impls, 3804 clqs
(round 186, exhaustive) 1644 del vars, 762 del conss, 0 add conss, 7103 chg bounds, 0 chg sides, 3926 chg coeffs, 993 upgd conss, 417662 impls, 3804 clqs
(round 187, exhaustive) 1669 del vars, 762 del conss, 0 add conss, 7103 chg bounds, 0 chg sides, 3926 chg coeffs, 993 upgd conss, 420833 impls, 3974 clqs
(round 188, fast)       1669 del vars, 778 del conss, 0 add conss, 7103 chg bounds, 0 chg sides, 3926 chg coeffs, 993 upgd conss, 420833 impls, 3974 clqs
(round 189, exhaustive) 1694 del vars, 778 del conss, 0 add conss, 7103 chg bounds, 0 chg sides, 3926 chg coeffs, 995 upgd conss, 424789 impls, 4021 clqs
(round 190, fast)       1694 del vars, 794 del conss, 0 add conss, 7103 chg bounds, 0 chg sides, 3926 chg coeffs, 995 upgd conss, 424791 impls, 4021 clqs
   (5.6s) sparsify finished: 2/17214 (0.0%) nonzeros canceled - in total 8 canceled nonzeros, 827 changed coefficients, 0 added nonzeros
(round 191, exhaustive) 1694 del vars, 794 del conss, 0 add conss, 7103 chg bounds, 0 chg sides, 4097 chg coeffs, 997 upgd conss, 424791 impls, 4021 clqs
   (5.6s) probing: 3000/3285 (91.3%) - 1621 fixings, 0 aggregations, 425947 implications, 0 bound changes
(round 192, exhaustive) 1719 del vars, 794 del conss, 0 add conss, 7103 chg bounds, 0 chg sides, 4097 chg coeffs, 997 upgd conss, 427927 impls, 4057 clqs
(round 193, fast)       1722 del vars, 811 del conss, 0 add conss, 7106 chg bounds, 0 chg sides, 4097 chg coeffs, 997 upgd conss, 427927 impls, 4057 clqs
(round 194, exhaustive) 1722 del vars, 811 del conss, 0 add conss, 7106 chg bounds, 0 chg sides, 4097 chg coeffs, 1002 upgd conss, 427927 impls, 4057 clqs
(round 195, exhaustive) 1748 del vars, 811 del conss, 0 add conss, 7106 chg bounds, 0 chg sides, 4097 chg coeffs, 1002 upgd conss, 430870 impls, 4092 clqs
(round 196, fast)       1748 del vars, 828 del conss, 0 add conss, 7106 chg bounds, 0 chg sides, 4097 chg coeffs, 1002 upgd conss, 430870 impls, 4092 clqs
(round 197, exhaustive) 1773 del vars, 828 del conss, 0 add conss, 7106 chg bounds, 0 chg sides, 4097 chg coeffs, 1003 upgd conss, 433288 impls, 4122 clqs
(round 198, fast)       1775 del vars, 846 del conss, 0 add conss, 7108 chg bounds, 0 chg sides, 4097 chg coeffs, 1003 upgd conss, 433289 impls, 4122 clqs
(round 199, exhaustive) 1805 del vars, 846 del conss, 0 add conss, 7108 chg bounds, 0 chg sides, 4097 chg coeffs, 1003 upgd conss, 436188 impls, 4298 clqs
(round 200, fast)       1805 del vars, 866 del conss, 0 add conss, 7108 chg bounds, 0 chg sides, 4097 chg coeffs, 1003 upgd conss, 436188 impls, 4298 clqs
   (5.8s) running MILP presolver
   (5.8s) MILP presolver found nothing
(round 201, exhaustive) 1830 del vars, 866 del conss, 0 add conss, 7108 chg bounds, 0 chg sides, 4097 chg coeffs, 1003 upgd conss, 440525 impls, 4351 clqs
(round 202, fast)       1830 del vars, 882 del conss, 0 add conss, 7108 chg bounds, 0 chg sides, 4097 chg coeffs, 1003 upgd conss, 440525 impls, 4351 clqs
(round 203, exhaustive) 1830 del vars, 882 del conss, 0 add conss, 7108 chg bounds, 0 chg sides, 4097 chg coeffs, 1005 upgd conss, 440525 impls, 4351 clqs
(round 204, exhaustive) 1856 del vars, 882 del conss, 0 add conss, 7108 chg bounds, 0 chg sides, 4097 chg coeffs, 1005 upgd conss, 443844 impls, 4393 clqs
(round 205, fast)       1856 del vars, 899 del conss, 0 add conss, 7108 chg bounds, 0 chg sides, 4097 chg coeffs, 1005 upgd conss, 443844 impls, 4393 clqs
(round 206, exhaustive) 1881 del vars, 899 del conss, 0 add conss, 7108 chg bounds, 0 chg sides, 4097 chg coeffs, 1006 upgd conss, 447620 impls, 4441 clqs
(round 207, fast)       1883 del vars, 917 del conss, 0 add conss, 7110 chg bounds, 0 chg sides, 4097 chg coeffs, 1006 upgd conss, 447621 impls, 4441 clqs
(round 208, exhaustive) 1908 del vars, 917 del conss, 0 add conss, 7110 chg bounds, 0 chg sides, 4097 chg coeffs, 1006 upgd conss, 451834 impls, 4495 clqs
(round 209, fast)       1910 del vars, 935 del conss, 0 add conss, 7112 chg bounds, 0 chg sides, 4097 chg coeffs, 1006 upgd conss, 451834 impls, 4495 clqs
(round 210, exhaustive) 1935 del vars, 935 del conss, 0 add conss, 7112 chg bounds, 0 chg sides, 4097 chg coeffs, 1006 upgd conss, 454621 impls, 4531 clqs
(round 211, fast)       1937 del vars, 953 del conss, 0 add conss, 7114 chg bounds, 0 chg sides, 4097 chg coeffs, 1006 upgd conss, 454621 impls, 4531 clqs
   (6.1s) probing cycle finished: starting next cycle
   (6.2s) probing: 51/2317 (2.2%) - 1839 fixings, 0 aggregations, 457010 implications, 0 bound changes
   (6.2s) probing aborted: 50/50 successive totally useless probings
(round 212, exhaustive) 1946 del vars, 953 del conss, 0 add conss, 7114 chg bounds, 0 chg sides, 4097 chg coeffs, 1006 upgd conss, 458001 impls, 4575 clqs
(round 213, fast)       1946 del vars, 959 del conss, 0 add conss, 7114 chg bounds, 0 chg sides, 4097 chg coeffs, 1006 upgd conss, 458001 impls, 4575 clqs
   (6.2s) probing: 56/2317 (2.4%) - 1839 fixings, 0 aggregations, 457010 implications, 0 bound changes
   (6.2s) probing aborted: 50/50 successive totally useless probings
   (6.2s) symmetry computation started: requiring (bin +, int -, cont +), (fixed: bin -, int +, cont -)
   (6.2s) symmetry computation finished: 10 generators found (max: 1500, log10 of symmetry group size: 7.6)
presolving (214 rounds: 214 fast, 141 medium, 139 exhaustive):
 1946 deleted vars, 959 deleted constraints, 1 added constraints, 7114 tightened bounds, 0 added holes, 0 changed sides, 4097 changed coefficients
 458001 implications, 4575 cliques
presolved problem has 4654 variables (2317 bin, 0 int, 0 impl, 2337 cont) and 2384 constraints
     40 constraints of type <varbound>
     15 constraints of type <setppc>
   2328 constraints of type <linear>
      1 constraints of type <orbitope>
Presolving Time: 6.22

 time | node  | left  |LP iter|LP it/n|mem/heur|mdpt |vars |cons |rows |cuts |sepa|confs|strbr|  dualbound   | primalbound  |  gap   | compl. 
  6.4s|     1 |     0 |   300 |     - |   145M |   0 |4654 |2385 |2383 |   0 |  0 |   0 |   0 |-3.870719e+00 |      --      |    Inf | unknown
o 6.4s|     1 |     0 |  1290 |     - |feaspump|   0 |4654 |2385 |2383 |   0 |  0 |   0 |   0 |-3.870719e+00 |-3.868110e+00 |   0.07%| unknown
  6.5s|     1 |     0 |  1297 |     - |   147M |   0 |4654 |2385 |2390 |   7 |  1 |   0 |   0 |-3.870719e+00 |-3.868110e+00 |   0.07%| unknown
  6.5s|     1 |     0 |  1298 |     - |   147M |   0 |4654 |2385 |2390 |   7 |  1 |   0 |   0 |-3.870719e+00 |-3.868110e+00 |   0.07%| unknown
  6.6s|     1 |     0 |  1304 |     - |   148M |   0 |4654 |2385 |2376 |  13 |  2 |   0 |   0 |-3.870719e+00 |-3.868110e+00 |   0.07%| unknown
  6.6s|     1 |     0 |  1310 |     - |   148M |   0 |4654 |2385 |2382 |  19 |  3 |   0 |   0 |-3.870719e+00 |-3.868110e+00 |   0.07%| unknown
  6.7s|     1 |     0 |  1316 |     - |   148M |   0 |4654 |2385 |2388 |  25 |  4 |   0 |   0 |-3.870719e+00 |-3.868110e+00 |   0.07%| unknown
  6.7s|     1 |     0 |  1322 |     - |   149M |   0 |4654 |2385 |2394 |  31 |  5 |   0 |   0 |-3.870719e+00 |-3.868110e+00 |   0.07%| unknown
  6.8s|     1 |     0 |  1328 |     - |   149M |   0 |4654 |2385 |2400 |  37 |  6 |   0 |   0 |-3.870719e+00 |-3.868110e+00 |   0.07%| unknown
  6.9s|     1 |     0 |  1334 |     - |   149M |   0 |4654 |2385 |2406 |  43 |  7 |   0 |   0 |-3.870719e+00 |-3.868110e+00 |   0.07%| unknown
  6.9s|     1 |     0 |  1340 |     - |   150M |   0 |4654 |2385 |2412 |  49 |  8 |   0 |   0 |-3.870719e+00 |-3.868110e+00 |   0.07%| unknown
  6.9s|     1 |     0 |  1346 |     - |   150M |   0 |4654 |2385 |2418 |  55 |  9 |   0 |   0 |-3.870719e+00 |-3.868110e+00 |   0.07%| unknown
  7.0s|     1 |     0 |  1352 |     - |   150M |   0 |4654 |2385 |2424 |  61 | 10 |   0 |   0 |-3.870719e+00 |-3.868110e+00 |   0.07%| unknown
  7.0s|     1 |     0 |  1358 |     - |   150M |   0 |4654 |2385 |2430 |  67 | 11 |   0 |   0 |-3.870719e+00 |-3.868110e+00 |   0.07%| unknown
L 7.1s|     1 |     0 |  1390 |     - |    rens|   0 |4654 |2365 |2430 |  67 | 11 |   0 |   0 |-3.870719e+00 |-3.870719e+00 |   0.00%| unknown
 time | node  | left  |LP iter|LP it/n|mem/heur|mdpt |vars |cons |rows |cuts |sepa|confs|strbr|  dualbound   | primalbound  |  gap   | compl. 
  7.1s|     1 |     0 |  1390 |     - |   151M |   0 |4654 |2365 |2430 |  67 | 11 |   0 |   0 |-3.870719e+00 |-3.870719e+00 |   0.00%| unknown

SCIP Status        : problem is solved [optimal solution found]
Solving Time (sec) : 7.08
Solving Nodes      : 1
Primal Bound       : -3.87071917808219e+00 (2 solutions)
Dual Bound         : -3.87071917808219e+00
Gap                : 0.00 %

primal solution (original space):
=================================

objective value:                    -3.87071917808219
y_2,95_                                             1 	(obj:0)
y_4,95_                                             1 	(obj:0)
y_9,95_                                             1 	(obj:0)
y_1,96_                                             1 	(obj:0)
y_3,96_                                             1 	(obj:0)
y_5,96_                                             1 	(obj:0)
y_6,96_                                             1 	(obj:0)
y_7,96_                                             1 	(obj:0)
y_8,96_                                             1 	(obj:0)
y_10,96_                                            1 	(obj:0)
y_11,96_                                            1 	(obj:0)
y_12,96_                                            1 	(obj:0)
y_13,96_                                            1 	(obj:0)
y_14,96_                                            1 	(obj:0)
y_15,96_                                            1 	(obj:0)
x_5_                               -0.246575342465754 	(obj:1)
t_7,97_                                             1 	(obj:0)
x_8_                               -0.246575342465754 	(obj:1)
t_9,96_                                             1 	(obj:0)
t_4,96_                                             1 	(obj:0)
x_9_                               -0.264840182648402 	(obj:1)
x_7_                               -0.246575342465754 	(obj:1)
t_10,96_                            0.421874999999989 	(obj:0)
t_10,97_                            0.578125000000011 	(obj:0)
x_10_                              -0.254280821917808 	(obj:1)
x_2_                               -0.264840182648402 	(obj:1)
t_11,96_                                            1 	(obj:0)
x_4_                               -0.264840182648402 	(obj:1)
x_15_                              -0.246575342465754 	(obj:1)
x_11_                              -0.264840182648402 	(obj:1)
t_6,96_                                             1 	(obj:0)
t_12,96_                                            1 	(obj:0)
x_6_                               -0.264840182648402 	(obj:1)
x_1_                               -0.246575342465754 	(obj:1)
t_8,97_                                             1 	(obj:0)
x_12_                              -0.264840182648402 	(obj:1)
t_13,96_                                            1 	(obj:0)
t_3,96_                                             1 	(obj:0)
x_13_                              -0.264840182648402 	(obj:1)
t_2,96_                                             1 	(obj:0)
t_1,97_                                             1 	(obj:0)
t_14,96_                                            1 	(obj:0)
x_14_                              -0.264840182648402 	(obj:1)
x_3_                               -0.264840182648402 	(obj:1)
t_15,97_                                            1 	(obj:0)
t_5,97_                                             1 	(obj:0)

Statistics
==========

SCIP Status        : problem is solved [optimal solution found]
Total Time         :       7.10
  solving          :       7.08
  presolving       :       6.22 (included in solving)
  reading          :       0.02
  copying          :       0.01 (1 #copies) (minimal 0.01, maximal 0.01, average 0.01)
Original Problem   :
  Problem name     : ../modeles/15_219.lp
  Variables        : 6600 (3285 binary, 0 integer, 0 implicit integer, 3315 continuous)
  Constraints      : 3346 initial, 3346 maximal
  Objective        : minimize, 15 non-zeros (abs.min = 1, abs.max = 1)
Presolved Problem  :
  Problem name     : t_../modeles/15_219.lp
  Variables        : 4654 (2317 binary, 0 integer, 0 implicit integer, 2337 continuous)
  Constraints      : 2384 initial, 2385 maximal
  Objective        : minimize, 2337 non-zeros (abs.min = 0.00913242, abs.max = 1.41553)
  Nonzeros         : 17996 constraint, 5323 clique table
Presolvers         :   ExecTime  SetupTime  Calls  FixedVars   AggrVars   ChgTypes  ChgBounds   AddHoles    DelCons    AddCons   ChgSides   ChgCoefs
  boundshift       :       0.00       0.00      0          0          0          0          0          0          0          0          0          0
  convertinttobin  :       0.00       0.00      0          0          0          0          0          0          0          0          0          0
  domcol           :       1.01       0.00     77          0          0          0          0          0          0          0          0          0
  dualagg          :       0.00       0.00      0          0          0          0          0          0          0          0          0          0
  dualcomp         :       0.27       0.00     77          0          0          0          0          0          0          0          0          0
  dualinfer        :       0.00       0.00      0          0          0          0          0          0          0          0          0          0
  dualsparsify     :       0.00       0.00      1          0          0          0          0          0          0          0          0          0
  gateextraction   :       0.00       0.00      0          0          0          0          0          0          0          0          0          0
  implics          :       0.01       0.00    141          0          0          0          0          0          0          0          0          0
  inttobinary      :       0.00       0.00      0          0          0          0          0          0          0          0          0          0
  milp             :       0.17       0.00      3         28          0          0         60          0          0          0          0          0
  qpkktref         :       0.00       0.00      0          0          0          0          0          0          0          0          0          0
  redvub           :       0.00       0.00      0          0          0          0          0          0          0          0          0          0
  sparsify         :       0.33       0.00     15          0          0          0          0          0          0          0          0        827
  stuffing         :       0.00       0.00      0          0          0          0          0          0          0          0          0          0
  trivial          :       0.03       0.00    214          0          0          0          0          0          0          0          0          0
  tworowbnd        :       0.00       0.00      0          0          0          0          0          0          0          0          0          0
  dualfix          :       0.03       0.00    214          0          0          0          0          0          0          0          0          0
  genvbounds       :       0.00       0.00      0          0          0          0          0          0          0          0          0          0
  probing          :       3.45       0.00     74       1839          0          0          0          0          0          0          0          0
  pseudoobj        :       0.00       0.00      0          0          0          0          0          0          0          0          0          0
  symmetry         :       0.05       0.00      1          0          0          0          0          0          0          1          0          0
  vbounds          :       0.02       0.00     28          0          0          0          0          0          0          0          0          0
  varbound         :       0.03       0.00    349          0          0          0         63          0        951          0          0          0
  setppc           :       0.06       0.00    487          0          0          0          0          0          0          0          0          0
  linear           :       0.72       0.00    353         64         15          0       6991          0          8          0          0       3270
  orbitope         :       0.00       0.00      0          0          0          0          0          0          0          0          0          0
  logicor          :       0.00       0.00      0          0          0          0          0          0          0          0          0          0
  benders          :       0.00       0.00      0          0          0          0          0          0          0          0          0          0
  components       :       0.00       0.00      1          0          0          0          0          0          0          0          0          0
  root node        :          -          -      -         20          -          -         40          -          -          -          -          -
Constraints        :     Number  MaxNumber  #Separate #Propagate    #EnfoLP    #EnfoRelax  #EnfoPS    #Check   #ResProp    Cutoffs    DomReds       Cuts    Applied      Conss   Children
  benderslp        :          0          0          0          0          0          0          0         24          0          0          0          0          0          0          0
  integral         :          0          0          0          0          0          0          0         24          0          0          0          0          0          0          0
  varbound         :         40         40         11       9273          0          0          0         18          0          0         20          0          0          0          0
  setppc           :         15         15         11       9254          0          0          0         18          0          0          0          0          0          0          0
  linear           :       2328       2328         11       9273          0          0          0          3          0        992          0          0          0          0          0
  orbitope         :          1          1          0        315          0          0          0          2          0          0          0          0          0          0          0
  logicor          :          0+         1         11          6          0          0          0          0          0          0          0          0          0          0          0
  benders          :          0          0          0          0          0          0          0          3          0          0          0          0          0          0          0
  countsols        :          0          0          0          0          0          0          0          3          0          0          0          0          0          0          0
  components       :          0          0          0          0          0          0          0          0          0          0          0          0          0          0          0
Constraint Timings :  TotalTime  SetupTime   Separate  Propagate     EnfoLP     EnfoPS     EnfoRelax   Check    ResProp    SB-Prop
  benderslp        :       0.00       0.00       0.00       0.00       0.00       0.00       0.00       0.00       0.00       0.00
  integral         :       0.00       0.00       0.00       0.00       0.00       0.00       0.00       0.00       0.00       0.00
  varbound         :       0.13       0.00       0.00       0.13       0.00       0.00       0.00       0.00       0.00       0.00
  setppc           :       0.02       0.00       0.00       0.02       0.00       0.00       0.00       0.00       0.00       0.00
  linear           :       0.70       0.00       0.02       0.68       0.00       0.00       0.00       0.00       0.00       0.00
  orbitope         :       0.00       0.00       0.00       0.00       0.00       0.00       0.00       0.00       0.00       0.00
  logicor          :       0.00       0.00       0.00       0.00       0.00       0.00       0.00       0.00       0.00       0.00
  benders          :       0.00       0.00       0.00       0.00       0.00       0.00       0.00       0.00       0.00       0.00
  countsols        :       0.00       0.00       0.00       0.00       0.00       0.00       0.00       0.00       0.00       0.00
  components       :       0.00       0.00       0.00       0.00       0.00       0.00       0.00       0.00       0.00       0.00
Propagators        : #Propagate   #ResProp    Cutoffs    DomReds
  dualfix          :          2          0          0          0
  genvbounds       :          0          0          0          0
  nlobbt           :          0          0          0          0
  obbt             :          0          0          0          0
  probing          :          0          0          0          0
  pseudoobj        :         17          0          0          0
  redcost          :         14          0          0         20
  rootredcost      :          0          0          0          0
  symmetry         :          0          0          0          0
  vbounds          :        216          0          0          0
Propagator Timings :  TotalTime  SetupTime   Presolve  Propagate    ResProp    SB-Prop
  dualfix          :       0.04       0.00       0.03       0.00       0.00       0.00
  genvbounds       :       0.00       0.00       0.00       0.00       0.00       0.00
  nlobbt           :       0.00       0.00       0.00       0.00       0.00       0.00
  obbt             :       0.00       0.00       0.00       0.00       0.00       0.00
  probing          :       3.45       0.00       3.45       0.00       0.00       0.00
  pseudoobj        :       0.01       0.00       0.00       0.01       0.00       0.00
  redcost          :       0.01       0.00       0.00       0.01       0.00       0.00
  rootredcost      :       0.00       0.00       0.00       0.00       0.00       0.00
  symmetry         :       0.05       0.00       0.05       0.00       0.00       0.00
  vbounds          :       0.07       0.00       0.02       0.05       0.00       0.00
Orbital fixing     :
  vars fixed to 0  :          0
  vars fixed to 1  :          0
Conflict Analysis  :       Time      Calls    Success    DomReds  Conflicts   Literals    Reconvs ReconvLits   Dualrays   Nonzeros   LP Iters   (pool size: [10000,10000])
  propagation      :       0.00          0          0          -          0        0.0          0        0.0          -          -          -
  infeasible LP    :       0.00          0          0          -          0        0.0          0        0.0          0        0.0          0
  bound exceed. LP :       0.00          1          0          -          0        0.0          0        0.0          0        0.0          0
  strong branching :       0.00          0          0          -          0        0.0          0        0.0          -          -          0
  pseudo solution  :       0.00          0          0          -          0        0.0          0        0.0          -          -          -
  applied globally :       0.00          -          -          0          0        0.0          -          -          0          -          -
  applied locally  :          -          -          -          0          0        0.0          -          -          0          -          -
Separators         :   ExecTime  SetupTime      Calls    Cutoffs    DomReds       Cuts    Applied      Conss
  cut pool         :       0.00                    21          -          -        133          -          -    (maximal pool size: 246)
  aggregation      :       0.20       0.00         11          0          0        174         67          0
  > cmir           :          -          -          -          -          -          -         67          -
  > flowcover      :          -          -          -          -          -          -          0          -
  > knapsackcover  :          -          -          -          -          -          -          0          -
  cgmip            :       0.00       0.00          0          0          0          0          0          0
  clique           :       0.01       0.00         11          0          0          0          0          0
  closecuts        :       0.00       0.00          0          0          0          0          0          0
  convexproj       :       0.00       0.00          0          0          0          0          0          0
  disjunctive      :       0.00       0.00          0          0          0          0          0          0
  eccuts           :       0.00       0.00          0          0          0          0          0          0
  gauge            :       0.00       0.00          0          0          0          0          0          0
  gomory           :       0.02       0.00         10          0          0         66          0          0
  > gomorymi       :          -          -          -          -          -          -          0          -
  > strongcg       :          -          -          -          -          -          -          0          -
  impliedbounds    :       0.01       0.00         11          0          0          6          0          0
  interminor       :       0.00       0.00          0          0          0          0          0          0
  intobj           :       0.00       0.00          0          0          0          0          0          0
  mcf              :       0.01       0.00          1          0          0          0          0          0
  minor            :       0.00       0.00          0          0          0          0          0          0
  mixing           :       0.01       0.00         11          0          0          0          0          0
  oddcycle         :       0.00       0.00          0          0          0          0          0          0
  rapidlearning    :       0.00       0.00          0          0          0          0          0          0
  rlt              :       0.00       0.00         10          0          0          0          0          0
  zerohalf         :       0.02       0.00         11          0          0          0          0          0
Cutselectors       :   ExecTime  SetupTime
  hybrid           :       0.00       0.00
Pricers            :   ExecTime  SetupTime      Calls       Vars
  problem variables:       0.00          -          0          0
Branching Rules    :   ExecTime  SetupTime   BranchLP  BranchExt   BranchPS    Cutoffs    DomReds       Cuts      Conss   Children
  allfullstrong    :       0.00       0.00          0          0          0          0          0          0          0          0
  cloud            :       0.00       0.00          0          0          0          0          0          0          0          0
  distribution     :       0.00       0.00          0          0          0          0          0          0          0          0
  fullstrong       :       0.00       0.00          0          0          0          0          0          0          0          0
  inference        :       0.00       0.00          0          0          0          0          0          0          0          0
  leastinf         :       0.00       0.00          0          0          0          0          0          0          0          0
  lookahead        :       0.00       0.00          0          0          0          0          0          0          0          0
  mostinf          :       0.00       0.00          0          0          0          0          0          0          0          0
  multaggr         :       0.00       0.00          0          0          0          0          0          0          0          0
  nodereopt        :       0.00       0.00          0          0          0          0          0          0          0          0
  pscost           :       0.00       0.00          0          0          0          0          0          0          0          0
  random           :       0.00       0.00          0          0          0          0          0          0          0          0
  relpscost        :       0.00       0.00          0          0          0          0          0          0          0          0
  vanillafullstrong:       0.00       0.00          0          0          0          0          0          0          0          0
Primal Heuristics  :   ExecTime  SetupTime      Calls      Found       Best
  LP solutions     :       0.00          -          -          0          0
  relax solutions  :       0.00          -          -          0          0
  pseudo solutions :       0.00          -          -          0          0
  strong branching :       0.00          -          -          0          0
  actconsdiving    :       0.00       0.00          0          0          0
  adaptivediving   :       0.00       0.00          0          0          0
  alns             :       0.00       0.00          0          0          0
  bound            :       0.00       0.00          0          0          0
  clique           :       0.03       0.00          1          0          0
  coefdiving       :       0.00       0.00          0          0          0
  completesol      :       0.00       0.00          0          0          0
  conflictdiving   :       0.00       0.00          0          0          0
  crossover        :       0.00       0.00          0          0          0
  dins             :       0.00       0.00          0          0          0
  distributiondivin:       0.00       0.00          0          0          0
  dps              :       0.00       0.00          0          0          0
  dualval          :       0.00       0.00          0          0          0
  farkasdiving     :       0.00       0.00          0          0          0
  feaspump         :       0.03       0.00          1          1          1
  fixandinfer      :       0.00       0.00          0          0          0
  fracdiving       :       0.00       0.00          0          0          0
  gins             :       0.00       0.00          0          0          0
  guideddiving     :       0.00       0.00          0          0          0
  indicator        :       0.00       0.00          0          0          0
  intdiving        :       0.00       0.00          0          0          0
  intshifting      :       0.01       0.00          1          0          0
  linesearchdiving :       0.00       0.00          0          0          0
  localbranching   :       0.00       0.00          0          0          0
  locks            :       0.01       0.00          1          0          0
  lpface           :       0.00       0.00          0          0          0
  mpec             :       0.00       0.00          0          0          0
  multistart       :       0.00       0.00          0          0          0
  mutation         :       0.00       0.00          0          0          0
  nlpdiving        :       0.00       0.00          0          0          0
  objpscostdiving  :       0.00       0.00          0          0          0
  octane           :       0.00       0.00          0          0          0
  ofins            :       0.00       0.00          0          0          0
  oneopt           :       0.00       0.00          1          0          0
  padm             :       0.00       0.00          0          0          0
  proximity        :       0.00       0.00          0          0          0
  pscostdiving     :       0.00       0.00          0          0          0
  randrounding     :       0.04       0.00         12          0          0
  rens             :       0.04       0.00          1          1          1
  reoptsols        :       0.00       0.00          0          0          0
  repair           :       0.00       0.00          0          0          0
  rins             :       0.00       0.00          0          0          0
  rootsoldiving    :       0.00       0.00          0          0          0
  rounding         :       0.00       0.00         12          0          0
  shiftandpropagate:       0.02       0.00          1          0          0
  shifting         :       0.15       0.00         12          0          0
  simplerounding   :       0.00       0.00          0          0          0
  subnlp           :       0.00       0.00          0          0          0
  trivial          :       0.02       0.00          2          0          0
  trivialnegation  :       0.00       0.00          0          0          0
  trustregion      :       0.00       0.00          0          0          0
  trysol           :       0.00       0.00          0          0          0
  twoopt           :       0.00       0.00          0          0          0
  undercover       :       0.00       0.00          0          0          0
  vbounds          :       0.00       0.00          0          0          0
  veclendiving     :       0.00       0.00          0          0          0
  zeroobj          :       0.00       0.00          0          0          0
  zirounding       :       0.00       0.00          1          0          0
  other solutions  :          -          -          -          0          -
Diving (single)    :      Calls      Nodes   LP Iters Backtracks  Conflicts   MinDepth   MaxDepth   AvgDepth  RoundSols  NLeafSols  MinSolDpt  MaxSolDpt  AvgSolDpt
  actconsdiving    :          0          -          -          -          -          -          -          -          -          -          -          -          -
  coefdiving       :          0          -          -          -          -          -          -          -          -          -          -          -          -
  conflictdiving   :          0          -          -          -          -          -          -          -          -          -          -          -          -
  distributiondivin:          0          -          -          -          -          -          -          -          -          -          -          -          -
  farkasdiving     :          0          -          -          -          -          -          -          -          -          -          -          -          -
  fracdiving       :          0          -          -          -          -          -          -          -          -          -          -          -          -
  guideddiving     :          0          -          -          -          -          -          -          -          -          -          -          -          -
  linesearchdiving :          0          -          -          -          -          -          -          -          -          -          -          -          -
  pscostdiving     :          0          -          -          -          -          -          -          -          -          -          -          -          -
  veclendiving     :          0          -          -          -          -          -          -          -          -          -          -          -          -
Diving (adaptive)  :      Calls      Nodes   LP Iters Backtracks  Conflicts   MinDepth   MaxDepth   AvgDepth  RoundSols  NLeafSols  MinSolDpt  MaxSolDpt  AvgSolDpt
  actconsdiving    :          0          -          -          -          -          -          -          -          -          -          -          -          -
  coefdiving       :          0          -          -          -          -          -          -          -          -          -          -          -          -
  conflictdiving   :          0          -          -          -          -          -          -          -          -          -          -          -          -
  distributiondivin:          0          -          -          -          -          -          -          -          -          -          -          -          -
  farkasdiving     :          0          -          -          -          -          -          -          -          -          -          -          -          -
  fracdiving       :          0          -          -          -          -          -          -          -          -          -          -          -          -
  guideddiving     :          0          -          -          -          -          -          -          -          -          -          -          -          -
  linesearchdiving :          0          -          -          -          -          -          -          -          -          -          -          -          -
  pscostdiving     :          0          -          -          -          -          -          -          -          -          -          -          -          -
  veclendiving     :          0          -          -          -          -          -          -          -          -          -          -          -          -
Neighborhoods      :      Calls  SetupTime  SolveTime SolveNodes       Sols       Best       Exp3  EpsGreedy        UCB TgtFixRate  Opt  Inf Node Stal  Sol  Usr Othr Actv
  rens             :          0       0.00       0.00          0          0          0    0.00000   -1.00000    1.00000      0.900    0    0    0    0    0    0    0    1
  rins             :          0       0.00       0.00          0          0          0    0.00000   -1.00000    1.00000      0.900    0    0    0    0    0    0    0    1
  mutation         :          0       0.00       0.00          0          0          0    0.00000   -1.00000    1.00000      0.900    0    0    0    0    0    0    0    1
  localbranching   :          0       0.00       0.00          0          0          0    0.00000   -1.00000    1.00000      0.900    0    0    0    0    0    0    0    1
  crossover        :          0       0.00       0.00          0          0          0    0.00000   -1.00000    1.00000      0.900    0    0    0    0    0    0    0    1
  proximity        :          0       0.00       0.00          0          0          0    0.00000   -1.00000    1.00000      0.900    0    0    0    0    0    0    0    1
  zeroobjective    :          0       0.00       0.00          0          0          0    0.00000   -1.00000    1.00000      0.900    0    0    0    0    0    0    0    1
  dins             :          0       0.00       0.00          0          0          0    0.00000   -1.00000    1.00000      0.900    0    0    0    0    0    0    0    1
  trustregion      :          0       0.00       0.00          0          0          0    0.00000   -1.00000    1.00000      0.900    0    0    0    0    0    0    0    0
LP                 :       Time      Calls Iterations  Iter/call   Iter/sec  Time-0-It Calls-0-It    ItLimit
  primal LP        :       0.00          0          0       0.00          -       0.00          0
  dual LP          :       0.03         14        266      20.46    7822.84       0.00          1
  lex dual LP      :       0.00          0          0       0.00          -
  barrier LP       :       0.00          0          0       0.00          -       0.00          0
  resolve instable :       0.00          0          0       0.00          -
  diving/probing LP:       0.02          5       1124     224.80   52271.78
  strong branching :       0.00          0          0       0.00          -          -          -          0
    (at root node) :          -          0          0       0.00          -
  conflict analysis:       0.00          0          0       0.00          -
B&B Tree           :
  number of runs   :          1
  nodes            :          1 (0 internal, 1 leaves)
  feasible leaves  :          0
  infeas. leaves   :          1
  objective leaves :          0
  nodes (total)    :          1 (0 internal, 1 leaves)
  nodes left       :          0
  max depth        :          0
  max depth (total):          0
  backtracks       :          0 (0.0%)
  early backtracks :          0 (0.0%)
  nodes exc. ref.  :          0 (0.0%)
  delayed cutoffs  :          0
  repropagations   :          0 (0 domain reductions, 0 cutoffs)
  avg switch length:       2.00
  switching time   :       0.00
Estim. Tree Size   :          1
Estimation Tree    : 1 nodes (1 visited, 0 internal, 1 leaves, 0 open), weight: 1.0000 completed 1.0000
Estimations        :      estim      value      trend resolution     smooth
  wbe              :          1          -          -          -          -
  tree-profile     :         -1          -          -          -          -
  gap              :          1    1.00000    1.00000          1          1
  tree-weight      :          1    1.00000    1.00000          1          1
  leaf-frequency   :          1    0.50000    1.00000          1          1
  ssg              :          1    0.00000   -1.00000          1          1
  open-nodes       :          1    0.00000    0.00000          1          1
Root Node          :
  First LP value   : -3.87071917808219e+00
  First LP Iters   :        198 (14093.53 Iter/sec)
  First LP Time    :       0.01
  Final Dual Bound : -3.87071917808219e+00
  Final Root Iters :       1256
  Root LP Estimate :                     -
Solution           :
  Solutions found  :          2 (2 improvements)
  First Solution   : -3.86810991519896e+00   (in run 1, after 1 nodes, 6.43 seconds, depth 0, found by <feaspump>)
  Gap First Sol.   :       0.07 %
  Gap Last Sol.    :       0.00 %
  Primal Bound     : -3.87071917808219e+00   (in run 1, after 1 nodes, 7.07 seconds, depth 0, found by <rens>)
  Dual Bound       : -3.87071917808219e+00
  Gap              :       0.00 %
Integrals          :      Total       Avg%
  primal-dual      :     642.97      90.83
  primal-ref       :          -          - (not evaluated)
  dual-ref         :          -          - (not evaluated)
