SCIP version 8.0.0 [precision: 8 byte] [memory: block] [mode: optimized] [LP solver: SoPlex 6.0.0] [GitHash: a740f0891e]
Copyright (C) 2002-2021 Konrad-Zuse-Zentrum fuer Informationstechnik Berlin (ZIB)

External libraries: 
  SoPlex 6.0.0         Linear Programming Solver developed at Zuse Institute Berlin (soplex.zib.de) [GitHash: 71a5873d]
  CppAD 20180000.0     Algorithmic Differentiation of C++ algorithms developed by B. Bell (github.com/coin-or/CppAD)
  ZLIB 1.2.11          General purpose compression library by J. Gailly and M. Adler (zlib.net)
  GMP 6.2.1            GNU Multiple Precision Arithmetic Library developed by T. Granlund (gmplib.org)
  ZIMPL 3.5.1          Zuse Institute Mathematical Programming Language developed by T. Koch (zimpl.zib.de)
  AMPL/MP 4e2d45c4     AMPL .nl file reader library (github.com/ampl/mp)
  PaPILO 2.0.0         parallel presolve for integer and linear optimization (github.com/scipopt/papilo) [GitHash: 76cafc1]
  bliss 0.73p          Computing Graph Automorphism Groups by T. Junttila and P. Kaski (www.tcs.hut.fi/Software/bliss/)
  Ipopt 3.13.2         Interior Point Optimizer developed by A. Waechter et.al. (github.com/coin-or/Ipopt)

user parameter file <scip.set> not found - using default parameters

read problem <../modeles/20_214.lp>
============

original problem has 8600 variables (4280 bin, 0 int, 0 impl, 4320 cont) and 4361 constraints

solve problem
=============

presolving:
(round 1, fast)       20 del vars, 0 del conss, 0 add conss, 9160 chg bounds, 0 chg sides, 0 chg coeffs, 0 upgd conss, 0 impls, 20 clqs
(round 2, fast)       20 del vars, 0 del conss, 0 add conss, 9160 chg bounds, 0 chg sides, 4280 chg coeffs, 0 upgd conss, 0 impls, 20 clqs
   (0.1s) running MILP presolver
   (0.2s) MILP presolver (2 rounds): 0 aggregations, 0 fixings, 40 bound changes
(round 3, exhaustive) 20 del vars, 0 del conss, 0 add conss, 9200 chg bounds, 0 chg sides, 4280 chg coeffs, 60 upgd conss, 0 impls, 20 clqs
(round 4, exhaustive) 45 del vars, 0 del conss, 0 add conss, 9200 chg bounds, 0 chg sides, 4280 chg coeffs, 60 upgd conss, 3874 impls, 20 clqs
(round 5, exhaustive) 45 del vars, 0 del conss, 0 add conss, 9200 chg bounds, 0 chg sides, 4280 chg coeffs, 110 upgd conss, 3874 impls, 20 clqs
(round 6, exhaustive) 70 del vars, 0 del conss, 0 add conss, 9200 chg bounds, 0 chg sides, 4280 chg coeffs, 110 upgd conss, 9673 impls, 20 clqs
(round 7, exhaustive) 70 del vars, 2 del conss, 0 add conss, 9200 chg bounds, 0 chg sides, 4280 chg coeffs, 154 upgd conss, 9673 impls, 20 clqs
(round 8, exhaustive) 95 del vars, 2 del conss, 0 add conss, 9200 chg bounds, 0 chg sides, 4280 chg coeffs, 154 upgd conss, 12695 impls, 20 clqs
(round 9, fast)       96 del vars, 6 del conss, 0 add conss, 9201 chg bounds, 0 chg sides, 4280 chg coeffs, 154 upgd conss, 12695 impls, 20 clqs
(round 10, exhaustive) 96 del vars, 6 del conss, 0 add conss, 9201 chg bounds, 0 chg sides, 4280 chg coeffs, 194 upgd conss, 12695 impls, 20 clqs
(round 11, exhaustive) 121 del vars, 6 del conss, 0 add conss, 9201 chg bounds, 0 chg sides, 4280 chg coeffs, 194 upgd conss, 17419 impls, 20 clqs
(round 12, exhaustive) 121 del vars, 8 del conss, 0 add conss, 9201 chg bounds, 0 chg sides, 4280 chg coeffs, 238 upgd conss, 17419 impls, 20 clqs
(round 13, exhaustive) 146 del vars, 8 del conss, 0 add conss, 9201 chg bounds, 0 chg sides, 4280 chg coeffs, 238 upgd conss, 23417 impls, 20 clqs
(round 14, exhaustive) 146 del vars, 11 del conss, 0 add conss, 9201 chg bounds, 0 chg sides, 4280 chg coeffs, 279 upgd conss, 23417 impls, 20 clqs
(round 15, exhaustive) 171 del vars, 11 del conss, 0 add conss, 9201 chg bounds, 0 chg sides, 4280 chg coeffs, 279 upgd conss, 30048 impls, 20 clqs
(round 16, exhaustive) 171 del vars, 14 del conss, 0 add conss, 9201 chg bounds, 0 chg sides, 4280 chg coeffs, 316 upgd conss, 30048 impls, 20 clqs
(round 17, exhaustive) 196 del vars, 14 del conss, 0 add conss, 9201 chg bounds, 0 chg sides, 4280 chg coeffs, 316 upgd conss, 33478 impls, 20 clqs
(round 18, fast)       196 del vars, 18 del conss, 0 add conss, 9201 chg bounds, 0 chg sides, 4280 chg coeffs, 316 upgd conss, 33478 impls, 20 clqs
(round 19, exhaustive) 196 del vars, 18 del conss, 0 add conss, 9201 chg bounds, 0 chg sides, 4280 chg coeffs, 354 upgd conss, 33478 impls, 20 clqs
(round 20, exhaustive) 221 del vars, 18 del conss, 0 add conss, 9201 chg bounds, 0 chg sides, 4280 chg coeffs, 354 upgd conss, 40082 impls, 20 clqs
(round 21, fast)       221 del vars, 22 del conss, 0 add conss, 9201 chg bounds, 0 chg sides, 4280 chg coeffs, 354 upgd conss, 40082 impls, 20 clqs
(round 22, exhaustive) 221 del vars, 22 del conss, 0 add conss, 9201 chg bounds, 0 chg sides, 4280 chg coeffs, 392 upgd conss, 40082 impls, 20 clqs
(round 23, exhaustive) 246 del vars, 22 del conss, 0 add conss, 9201 chg bounds, 0 chg sides, 4280 chg coeffs, 392 upgd conss, 44143 impls, 20 clqs
(round 24, fast)       246 del vars, 26 del conss, 0 add conss, 9201 chg bounds, 0 chg sides, 4280 chg coeffs, 392 upgd conss, 44143 impls, 20 clqs
(round 25, exhaustive) 246 del vars, 26 del conss, 0 add conss, 9201 chg bounds, 0 chg sides, 4280 chg coeffs, 430 upgd conss, 44143 impls, 20 clqs
(round 26, exhaustive) 271 del vars, 26 del conss, 0 add conss, 9201 chg bounds, 0 chg sides, 4280 chg coeffs, 430 upgd conss, 44813 impls, 20 clqs
(round 27, exhaustive) 271 del vars, 28 del conss, 0 add conss, 9201 chg bounds, 0 chg sides, 4280 chg coeffs, 474 upgd conss, 44813 impls, 20 clqs
(round 28, exhaustive) 296 del vars, 28 del conss, 0 add conss, 9201 chg bounds, 0 chg sides, 4280 chg coeffs, 474 upgd conss, 47611 impls, 20 clqs
(round 29, fast)       296 del vars, 33 del conss, 0 add conss, 9201 chg bounds, 0 chg sides, 4280 chg coeffs, 474 upgd conss, 47611 impls, 20 clqs
(round 30, exhaustive) 296 del vars, 33 del conss, 0 add conss, 9201 chg bounds, 0 chg sides, 4280 chg coeffs, 509 upgd conss, 47611 impls, 20 clqs
(round 31, exhaustive) 321 del vars, 33 del conss, 0 add conss, 9201 chg bounds, 0 chg sides, 4280 chg coeffs, 509 upgd conss, 49337 impls, 20 clqs
(round 32, fast)       323 del vars, 40 del conss, 0 add conss, 9203 chg bounds, 0 chg sides, 4280 chg coeffs, 509 upgd conss, 49337 impls, 20 clqs
(round 33, exhaustive) 323 del vars, 40 del conss, 0 add conss, 9203 chg bounds, 0 chg sides, 4280 chg coeffs, 538 upgd conss, 49337 impls, 20 clqs
(round 34, exhaustive) 348 del vars, 40 del conss, 0 add conss, 9203 chg bounds, 0 chg sides, 4280 chg coeffs, 538 upgd conss, 54008 impls, 20 clqs
(round 35, fast)       348 del vars, 45 del conss, 0 add conss, 9203 chg bounds, 0 chg sides, 4280 chg coeffs, 538 upgd conss, 54008 impls, 20 clqs
(round 36, exhaustive) 348 del vars, 45 del conss, 0 add conss, 9203 chg bounds, 0 chg sides, 4280 chg coeffs, 573 upgd conss, 54008 impls, 20 clqs
(round 37, exhaustive) 374 del vars, 45 del conss, 0 add conss, 9203 chg bounds, 0 chg sides, 4280 chg coeffs, 573 upgd conss, 57834 impls, 20 clqs
(round 38, fast)       374 del vars, 56 del conss, 0 add conss, 9203 chg bounds, 0 chg sides, 4280 chg coeffs, 573 upgd conss, 57834 impls, 20 clqs
(round 39, exhaustive) 374 del vars, 56 del conss, 0 add conss, 9203 chg bounds, 0 chg sides, 4280 chg coeffs, 592 upgd conss, 57834 impls, 20 clqs
(round 40, exhaustive) 399 del vars, 56 del conss, 0 add conss, 9203 chg bounds, 0 chg sides, 4280 chg coeffs, 592 upgd conss, 62689 impls, 20 clqs
(round 41, fast)       399 del vars, 60 del conss, 0 add conss, 9203 chg bounds, 0 chg sides, 4280 chg coeffs, 592 upgd conss, 62689 impls, 20 clqs
(round 42, exhaustive) 399 del vars, 60 del conss, 0 add conss, 9203 chg bounds, 0 chg sides, 4280 chg coeffs, 630 upgd conss, 62689 impls, 20 clqs
(round 43, exhaustive) 424 del vars, 60 del conss, 0 add conss, 9203 chg bounds, 0 chg sides, 4280 chg coeffs, 630 upgd conss, 68814 impls, 20 clqs
(round 44, fast)       424 del vars, 65 del conss, 0 add conss, 9203 chg bounds, 0 chg sides, 4280 chg coeffs, 630 upgd conss, 68814 impls, 20 clqs
(round 45, exhaustive) 424 del vars, 65 del conss, 0 add conss, 9203 chg bounds, 0 chg sides, 4280 chg coeffs, 665 upgd conss, 68814 impls, 20 clqs
(round 46, exhaustive) 449 del vars, 65 del conss, 0 add conss, 9203 chg bounds, 0 chg sides, 4280 chg coeffs, 665 upgd conss, 72423 impls, 20 clqs
(round 47, fast)       449 del vars, 70 del conss, 0 add conss, 9203 chg bounds, 0 chg sides, 4280 chg coeffs, 665 upgd conss, 72423 impls, 20 clqs
(round 48, exhaustive) 449 del vars, 70 del conss, 0 add conss, 9203 chg bounds, 0 chg sides, 4280 chg coeffs, 700 upgd conss, 72423 impls, 20 clqs
(round 49, exhaustive) 474 del vars, 70 del conss, 0 add conss, 9203 chg bounds, 0 chg sides, 4280 chg coeffs, 700 upgd conss, 77490 impls, 20 clqs
(round 50, fast)       474 del vars, 77 del conss, 0 add conss, 9203 chg bounds, 0 chg sides, 4280 chg coeffs, 700 upgd conss, 77490 impls, 20 clqs
(round 51, exhaustive) 474 del vars, 77 del conss, 0 add conss, 9203 chg bounds, 0 chg sides, 4280 chg coeffs, 729 upgd conss, 77490 impls, 20 clqs
(round 52, exhaustive) 499 del vars, 77 del conss, 0 add conss, 9203 chg bounds, 0 chg sides, 4280 chg coeffs, 729 upgd conss, 82542 impls, 20 clqs
(round 53, fast)       500 del vars, 83 del conss, 0 add conss, 9204 chg bounds, 0 chg sides, 4280 chg coeffs, 729 upgd conss, 82542 impls, 20 clqs
(round 54, exhaustive) 500 del vars, 83 del conss, 0 add conss, 9204 chg bounds, 0 chg sides, 4280 chg coeffs, 763 upgd conss, 82542 impls, 20 clqs
(round 55, exhaustive) 525 del vars, 83 del conss, 0 add conss, 9204 chg bounds, 0 chg sides, 4280 chg coeffs, 763 upgd conss, 87997 impls, 20 clqs
(round 56, fast)       525 del vars, 88 del conss, 0 add conss, 9204 chg bounds, 0 chg sides, 4280 chg coeffs, 763 upgd conss, 87997 impls, 20 clqs
(round 57, exhaustive) 525 del vars, 88 del conss, 0 add conss, 9204 chg bounds, 0 chg sides, 4280 chg coeffs, 798 upgd conss, 87997 impls, 20 clqs
(round 58, exhaustive) 550 del vars, 88 del conss, 0 add conss, 9204 chg bounds, 0 chg sides, 4280 chg coeffs, 798 upgd conss, 90107 impls, 20 clqs
(round 59, fast)       550 del vars, 95 del conss, 0 add conss, 9204 chg bounds, 0 chg sides, 4280 chg coeffs, 798 upgd conss, 90107 impls, 20 clqs
(round 60, exhaustive) 550 del vars, 95 del conss, 0 add conss, 9204 chg bounds, 0 chg sides, 4280 chg coeffs, 827 upgd conss, 90107 impls, 20 clqs
(round 61, exhaustive) 575 del vars, 95 del conss, 0 add conss, 9204 chg bounds, 0 chg sides, 4280 chg coeffs, 827 upgd conss, 92203 impls, 20 clqs
(round 62, fast)       575 del vars, 103 del conss, 0 add conss, 9204 chg bounds, 0 chg sides, 4280 chg coeffs, 827 upgd conss, 92203 impls, 20 clqs
(round 63, exhaustive) 575 del vars, 103 del conss, 0 add conss, 9204 chg bounds, 0 chg sides, 4280 chg coeffs, 853 upgd conss, 92203 impls, 20 clqs
(round 64, exhaustive) 600 del vars, 103 del conss, 0 add conss, 9204 chg bounds, 0 chg sides, 4280 chg coeffs, 853 upgd conss, 93684 impls, 20 clqs
(round 65, fast)       600 del vars, 110 del conss, 0 add conss, 9204 chg bounds, 0 chg sides, 4280 chg coeffs, 853 upgd conss, 93684 impls, 20 clqs
(round 66, exhaustive) 600 del vars, 110 del conss, 0 add conss, 9204 chg bounds, 0 chg sides, 4280 chg coeffs, 882 upgd conss, 93684 impls, 20 clqs
(round 67, exhaustive) 625 del vars, 110 del conss, 0 add conss, 9204 chg bounds, 0 chg sides, 4280 chg coeffs, 882 upgd conss, 96616 impls, 20 clqs
(round 68, fast)       625 del vars, 117 del conss, 0 add conss, 9204 chg bounds, 0 chg sides, 4280 chg coeffs, 882 upgd conss, 96616 impls, 20 clqs
(round 69, exhaustive) 625 del vars, 117 del conss, 0 add conss, 9204 chg bounds, 0 chg sides, 4280 chg coeffs, 911 upgd conss, 96616 impls, 20 clqs
(round 70, exhaustive) 650 del vars, 117 del conss, 0 add conss, 9204 chg bounds, 0 chg sides, 4280 chg coeffs, 911 upgd conss, 101392 impls, 20 clqs
(round 71, fast)       651 del vars, 126 del conss, 0 add conss, 9205 chg bounds, 0 chg sides, 4280 chg coeffs, 911 upgd conss, 101392 impls, 20 clqs
(round 72, exhaustive) 651 del vars, 126 del conss, 0 add conss, 9205 chg bounds, 0 chg sides, 4280 chg coeffs, 936 upgd conss, 101392 impls, 20 clqs
   (3.9s) probing: 1000/4280 (23.4%) - 643 fixings, 0 aggregations, 101944 implications, 0 bound changes
(round 73, exhaustive) 676 del vars, 126 del conss, 0 add conss, 9205 chg bounds, 0 chg sides, 4280 chg coeffs, 936 upgd conss, 104507 impls, 20 clqs
(round 74, fast)       677 del vars, 134 del conss, 0 add conss, 9206 chg bounds, 0 chg sides, 4280 chg coeffs, 936 upgd conss, 104507 impls, 20 clqs
(round 75, exhaustive) 677 del vars, 134 del conss, 0 add conss, 9206 chg bounds, 0 chg sides, 4280 chg coeffs, 964 upgd conss, 104507 impls, 20 clqs
(round 76, exhaustive) 702 del vars, 134 del conss, 0 add conss, 9206 chg bounds, 0 chg sides, 4280 chg coeffs, 964 upgd conss, 107616 impls, 20 clqs
(round 77, fast)       702 del vars, 142 del conss, 0 add conss, 9206 chg bounds, 0 chg sides, 4280 chg coeffs, 964 upgd conss, 107616 impls, 20 clqs
(round 78, exhaustive) 702 del vars, 142 del conss, 0 add conss, 9206 chg bounds, 0 chg sides, 4280 chg coeffs, 990 upgd conss, 107616 impls, 20 clqs
(round 79, exhaustive) 727 del vars, 142 del conss, 0 add conss, 9206 chg bounds, 0 chg sides, 4280 chg coeffs, 990 upgd conss, 109916 impls, 20 clqs
(round 80, fast)       727 del vars, 149 del conss, 0 add conss, 9206 chg bounds, 0 chg sides, 4280 chg coeffs, 990 upgd conss, 109916 impls, 20 clqs
(round 81, exhaustive) 727 del vars, 149 del conss, 0 add conss, 9206 chg bounds, 0 chg sides, 4280 chg coeffs, 1019 upgd conss, 109916 impls, 20 clqs
(round 82, exhaustive) 752 del vars, 149 del conss, 0 add conss, 9206 chg bounds, 0 chg sides, 4280 chg coeffs, 1019 upgd conss, 113836 impls, 20 clqs
(round 83, fast)       753 del vars, 158 del conss, 0 add conss, 9207 chg bounds, 0 chg sides, 4280 chg coeffs, 1019 upgd conss, 113836 impls, 20 clqs
(round 84, exhaustive) 753 del vars, 158 del conss, 0 add conss, 9207 chg bounds, 0 chg sides, 4280 chg coeffs, 1044 upgd conss, 113836 impls, 20 clqs
(round 85, exhaustive) 778 del vars, 158 del conss, 0 add conss, 9207 chg bounds, 0 chg sides, 4280 chg coeffs, 1044 upgd conss, 118982 impls, 20 clqs
(round 86, fast)       778 del vars, 165 del conss, 0 add conss, 9207 chg bounds, 0 chg sides, 4280 chg coeffs, 1044 upgd conss, 118982 impls, 20 clqs
(round 87, exhaustive) 778 del vars, 165 del conss, 0 add conss, 9207 chg bounds, 0 chg sides, 4280 chg coeffs, 1073 upgd conss, 118982 impls, 20 clqs
(round 88, exhaustive) 807 del vars, 165 del conss, 0 add conss, 9207 chg bounds, 0 chg sides, 4280 chg coeffs, 1073 upgd conss, 121243 impls, 20 clqs
(round 89, fast)       807 del vars, 179 del conss, 0 add conss, 9207 chg bounds, 0 chg sides, 4280 chg coeffs, 1073 upgd conss, 121243 impls, 20 clqs
(round 90, exhaustive) 807 del vars, 179 del conss, 0 add conss, 9207 chg bounds, 0 chg sides, 4280 chg coeffs, 1089 upgd conss, 121243 impls, 20 clqs
(round 91, exhaustive) 832 del vars, 179 del conss, 0 add conss, 9207 chg bounds, 0 chg sides, 4280 chg coeffs, 1089 upgd conss, 125329 impls, 20 clqs
(round 92, fast)       833 del vars, 190 del conss, 0 add conss, 9208 chg bounds, 0 chg sides, 4280 chg coeffs, 1089 upgd conss, 125329 impls, 20 clqs
(round 93, exhaustive) 833 del vars, 190 del conss, 0 add conss, 9208 chg bounds, 0 chg sides, 4280 chg coeffs, 1108 upgd conss, 125329 impls, 20 clqs
(round 94, exhaustive) 860 del vars, 190 del conss, 0 add conss, 9208 chg bounds, 0 chg sides, 4280 chg coeffs, 1108 upgd conss, 127583 impls, 20 clqs
(round 95, fast)       860 del vars, 199 del conss, 0 add conss, 9208 chg bounds, 0 chg sides, 4280 chg coeffs, 1108 upgd conss, 127583 impls, 20 clqs
(round 96, exhaustive) 860 del vars, 199 del conss, 0 add conss, 9208 chg bounds, 0 chg sides, 4280 chg coeffs, 1135 upgd conss, 127583 impls, 20 clqs
(round 97, exhaustive) 886 del vars, 199 del conss, 0 add conss, 9208 chg bounds, 0 chg sides, 4280 chg coeffs, 1135 upgd conss, 131457 impls, 20 clqs
(round 98, fast)       886 del vars, 208 del conss, 0 add conss, 9208 chg bounds, 0 chg sides, 4280 chg coeffs, 1135 upgd conss, 131457 impls, 20 clqs
(round 99, exhaustive) 886 del vars, 208 del conss, 0 add conss, 9208 chg bounds, 0 chg sides, 4280 chg coeffs, 1160 upgd conss, 131457 impls, 20 clqs
(round 100, exhaustive) 911 del vars, 208 del conss, 0 add conss, 9208 chg bounds, 0 chg sides, 4280 chg coeffs, 1160 upgd conss, 133901 impls, 20 clqs
(round 101, fast)       912 del vars, 219 del conss, 0 add conss, 9209 chg bounds, 0 chg sides, 4280 chg coeffs, 1160 upgd conss, 133901 impls, 20 clqs
(round 102, exhaustive) 912 del vars, 219 del conss, 0 add conss, 9209 chg bounds, 0 chg sides, 4280 chg coeffs, 1178 upgd conss, 133901 impls, 20 clqs
(round 103, exhaustive) 937 del vars, 219 del conss, 0 add conss, 9209 chg bounds, 0 chg sides, 4280 chg coeffs, 1178 upgd conss, 136751 impls, 20 clqs
(round 104, fast)       938 del vars, 231 del conss, 0 add conss, 9210 chg bounds, 0 chg sides, 4280 chg coeffs, 1178 upgd conss, 136751 impls, 20 clqs
(round 105, exhaustive) 938 del vars, 231 del conss, 0 add conss, 9210 chg bounds, 0 chg sides, 4280 chg coeffs, 1194 upgd conss, 136751 impls, 20 clqs
(round 106, exhaustive) 963 del vars, 231 del conss, 0 add conss, 9210 chg bounds, 0 chg sides, 4280 chg coeffs, 1194 upgd conss, 139776 impls, 20 clqs
(round 107, fast)       963 del vars, 242 del conss, 0 add conss, 9210 chg bounds, 0 chg sides, 4280 chg coeffs, 1194 upgd conss, 139776 impls, 20 clqs
(round 108, exhaustive) 963 del vars, 242 del conss, 0 add conss, 9210 chg bounds, 0 chg sides, 4280 chg coeffs, 1211 upgd conss, 139776 impls, 20 clqs
(round 109, exhaustive) 988 del vars, 242 del conss, 0 add conss, 9210 chg bounds, 0 chg sides, 4280 chg coeffs, 1211 upgd conss, 142611 impls, 20 clqs
(round 110, fast)       989 del vars, 248 del conss, 0 add conss, 9211 chg bounds, 0 chg sides, 4280 chg coeffs, 1211 upgd conss, 142611 impls, 20 clqs
(round 111, exhaustive) 989 del vars, 248 del conss, 0 add conss, 9211 chg bounds, 0 chg sides, 4280 chg coeffs, 1245 upgd conss, 142611 impls, 20 clqs
(round 112, exhaustive) 1014 del vars, 248 del conss, 0 add conss, 9211 chg bounds, 0 chg sides, 4280 chg coeffs, 1245 upgd conss, 145458 impls, 20 clqs
(round 113, fast)       1014 del vars, 258 del conss, 0 add conss, 9211 chg bounds, 0 chg sides, 4280 chg coeffs, 1245 upgd conss, 145458 impls, 20 clqs
(round 114, exhaustive) 1014 del vars, 258 del conss, 0 add conss, 9211 chg bounds, 0 chg sides, 4280 chg coeffs, 1265 upgd conss, 145458 impls, 20 clqs
(round 115, exhaustive) 1040 del vars, 258 del conss, 0 add conss, 9211 chg bounds, 0 chg sides, 4280 chg coeffs, 1265 upgd conss, 149705 impls, 20 clqs
(round 116, fast)       1040 del vars, 268 del conss, 0 add conss, 9211 chg bounds, 0 chg sides, 4280 chg coeffs, 1265 upgd conss, 149705 impls, 20 clqs
(round 117, exhaustive) 1040 del vars, 268 del conss, 0 add conss, 9211 chg bounds, 0 chg sides, 4280 chg coeffs, 1287 upgd conss, 149705 impls, 20 clqs
(round 118, exhaustive) 1065 del vars, 268 del conss, 0 add conss, 9211 chg bounds, 0 chg sides, 4280 chg coeffs, 1287 upgd conss, 155126 impls, 20 clqs
(round 119, fast)       1066 del vars, 276 del conss, 0 add conss, 9212 chg bounds, 0 chg sides, 4280 chg coeffs, 1287 upgd conss, 155126 impls, 20 clqs
(round 120, exhaustive) 1066 del vars, 276 del conss, 0 add conss, 9212 chg bounds, 0 chg sides, 4280 chg coeffs, 1315 upgd conss, 155126 impls, 20 clqs
(round 121, exhaustive) 1091 del vars, 276 del conss, 0 add conss, 9212 chg bounds, 0 chg sides, 4280 chg coeffs, 1315 upgd conss, 159509 impls, 20 clqs
(round 122, fast)       1093 del vars, 286 del conss, 0 add conss, 9214 chg bounds, 0 chg sides, 4280 chg coeffs, 1315 upgd conss, 159509 impls, 20 clqs
(round 123, exhaustive) 1093 del vars, 286 del conss, 0 add conss, 9214 chg bounds, 0 chg sides, 4280 chg coeffs, 1339 upgd conss, 159509 impls, 20 clqs
(round 124, exhaustive) 1118 del vars, 286 del conss, 0 add conss, 9214 chg bounds, 0 chg sides, 4280 chg coeffs, 1339 upgd conss, 163868 impls, 20 clqs
(round 125, fast)       1119 del vars, 297 del conss, 0 add conss, 9215 chg bounds, 0 chg sides, 4280 chg coeffs, 1339 upgd conss, 163868 impls, 20 clqs
(round 126, exhaustive) 1119 del vars, 297 del conss, 0 add conss, 9215 chg bounds, 0 chg sides, 4280 chg coeffs, 1358 upgd conss, 163868 impls, 20 clqs
(round 127, exhaustive) 1144 del vars, 297 del conss, 0 add conss, 9215 chg bounds, 0 chg sides, 4280 chg coeffs, 1358 upgd conss, 166668 impls, 20 clqs
(round 128, fast)       1145 del vars, 306 del conss, 0 add conss, 9216 chg bounds, 0 chg sides, 4280 chg coeffs, 1358 upgd conss, 166668 impls, 20 clqs
(round 129, exhaustive) 1145 del vars, 306 del conss, 0 add conss, 9216 chg bounds, 0 chg sides, 4280 chg coeffs, 1383 upgd conss, 166668 impls, 20 clqs
(round 130, exhaustive) 1170 del vars, 306 del conss, 0 add conss, 9216 chg bounds, 0 chg sides, 4280 chg coeffs, 1383 upgd conss, 169857 impls, 20 clqs
(round 131, fast)       1171 del vars, 317 del conss, 0 add conss, 9217 chg bounds, 0 chg sides, 4280 chg coeffs, 1383 upgd conss, 169857 impls, 20 clqs
(round 132, exhaustive) 1171 del vars, 317 del conss, 0 add conss, 9217 chg bounds, 0 chg sides, 4280 chg coeffs, 1402 upgd conss, 169857 impls, 20 clqs
(round 133, exhaustive) 1196 del vars, 317 del conss, 0 add conss, 9217 chg bounds, 0 chg sides, 4280 chg coeffs, 1402 upgd conss, 174193 impls, 20 clqs
(round 134, fast)       1196 del vars, 329 del conss, 0 add conss, 9217 chg bounds, 0 chg sides, 4280 chg coeffs, 1402 upgd conss, 174193 impls, 20 clqs
(round 135, exhaustive) 1196 del vars, 329 del conss, 0 add conss, 9217 chg bounds, 0 chg sides, 4280 chg coeffs, 1416 upgd conss, 174193 impls, 20 clqs
(round 136, exhaustive) 1222 del vars, 329 del conss, 0 add conss, 9217 chg bounds, 0 chg sides, 4280 chg coeffs, 1416 upgd conss, 178106 impls, 20 clqs
(round 137, fast)       1222 del vars, 340 del conss, 0 add conss, 9217 chg bounds, 0 chg sides, 4280 chg coeffs, 1416 upgd conss, 178106 impls, 20 clqs
(round 138, exhaustive) 1222 del vars, 340 del conss, 0 add conss, 9217 chg bounds, 0 chg sides, 4280 chg coeffs, 1435 upgd conss, 178106 impls, 20 clqs
(round 139, exhaustive) 1247 del vars, 340 del conss, 0 add conss, 9217 chg bounds, 0 chg sides, 4280 chg coeffs, 1435 upgd conss, 179517 impls, 20 clqs
(round 140, fast)       1247 del vars, 351 del conss, 0 add conss, 9217 chg bounds, 0 chg sides, 4280 chg coeffs, 1435 upgd conss, 179517 impls, 20 clqs
(round 141, exhaustive) 1247 del vars, 351 del conss, 0 add conss, 9217 chg bounds, 0 chg sides, 4280 chg coeffs, 1452 upgd conss, 179517 impls, 20 clqs
(round 142, exhaustive) 1272 del vars, 351 del conss, 0 add conss, 9217 chg bounds, 0 chg sides, 4280 chg coeffs, 1452 upgd conss, 181694 impls, 20 clqs
(round 143, fast)       1273 del vars, 362 del conss, 0 add conss, 9218 chg bounds, 0 chg sides, 4280 chg coeffs, 1452 upgd conss, 181694 impls, 20 clqs
(round 144, exhaustive) 1273 del vars, 362 del conss, 0 add conss, 9218 chg bounds, 0 chg sides, 4280 chg coeffs, 1471 upgd conss, 181694 impls, 20 clqs
(round 145, exhaustive) 1298 del vars, 362 del conss, 0 add conss, 9218 chg bounds, 0 chg sides, 4280 chg coeffs, 1471 upgd conss, 183664 impls, 20 clqs
(round 146, fast)       1298 del vars, 373 del conss, 0 add conss, 9218 chg bounds, 0 chg sides, 4280 chg coeffs, 1471 upgd conss, 183664 impls, 20 clqs
(round 147, exhaustive) 1298 del vars, 373 del conss, 0 add conss, 9218 chg bounds, 0 chg sides, 4280 chg coeffs, 1488 upgd conss, 183664 impls, 20 clqs
(round 148, exhaustive) 1324 del vars, 373 del conss, 0 add conss, 9218 chg bounds, 0 chg sides, 4280 chg coeffs, 1488 upgd conss, 186581 impls, 20 clqs
(round 149, fast)       1324 del vars, 385 del conss, 0 add conss, 9218 chg bounds, 0 chg sides, 4280 chg coeffs, 1488 upgd conss, 186581 impls, 20 clqs
   (7.8s) running MILP presolver
   (8.3s) MILP presolver (26 rounds): 0 aggregations, 1097 fixings, 0 bound changes
(round 150, medium)     2421 del vars, 837 del conss, 0 add conss, 9218 chg bounds, 0 chg sides, 4280 chg coeffs, 1488 upgd conss, 186581 impls, 20 clqs
(round 151, fast)       2421 del vars, 998 del conss, 0 add conss, 9218 chg bounds, 0 chg sides, 4280 chg coeffs, 1488 upgd conss, 186581 impls, 20 clqs
(round 152, exhaustive) 2421 del vars, 998 del conss, 0 add conss, 9218 chg bounds, 0 chg sides, 4280 chg coeffs, 1694 upgd conss, 186581 impls, 20 clqs
(round 153, exhaustive) 2446 del vars, 998 del conss, 0 add conss, 9218 chg bounds, 0 chg sides, 4280 chg coeffs, 1694 upgd conss, 188743 impls, 20 clqs
(round 154, fast)       2446 del vars, 1008 del conss, 0 add conss, 9218 chg bounds, 0 chg sides, 4280 chg coeffs, 1694 upgd conss, 188743 impls, 20 clqs
(round 155, exhaustive) 2446 del vars, 1008 del conss, 0 add conss, 9218 chg bounds, 0 chg sides, 4280 chg coeffs, 1714 upgd conss, 188743 impls, 20 clqs
(round 156, exhaustive) 2471 del vars, 1008 del conss, 0 add conss, 9218 chg bounds, 0 chg sides, 4280 chg coeffs, 1714 upgd conss, 193640 impls, 20 clqs
(round 157, fast)       2472 del vars, 1023 del conss, 0 add conss, 9219 chg bounds, 0 chg sides, 4280 chg coeffs, 1714 upgd conss, 193640 impls, 20 clqs
(round 158, exhaustive) 2472 del vars, 1023 del conss, 0 add conss, 9219 chg bounds, 0 chg sides, 4280 chg coeffs, 1721 upgd conss, 193640 impls, 20 clqs
(round 159, exhaustive) 2497 del vars, 1023 del conss, 0 add conss, 9219 chg bounds, 0 chg sides, 4280 chg coeffs, 1721 upgd conss, 196233 impls, 20 clqs
(round 160, fast)       2498 del vars, 1035 del conss, 0 add conss, 9220 chg bounds, 0 chg sides, 4280 chg coeffs, 1721 upgd conss, 196233 impls, 20 clqs
(round 161, exhaustive) 2498 del vars, 1035 del conss, 0 add conss, 9220 chg bounds, 0 chg sides, 4280 chg coeffs, 1733 upgd conss, 196233 impls, 20 clqs
(round 162, exhaustive) 2523 del vars, 1035 del conss, 0 add conss, 9220 chg bounds, 0 chg sides, 4280 chg coeffs, 1733 upgd conss, 198807 impls, 20 clqs
(round 163, fast)       2523 del vars, 1049 del conss, 0 add conss, 9220 chg bounds, 0 chg sides, 4280 chg coeffs, 1733 upgd conss, 198807 impls, 20 clqs
(round 164, exhaustive) 2523 del vars, 1049 del conss, 0 add conss, 9220 chg bounds, 0 chg sides, 4280 chg coeffs, 1741 upgd conss, 198807 impls, 20 clqs
(round 165, exhaustive) 2548 del vars, 1049 del conss, 0 add conss, 9220 chg bounds, 0 chg sides, 4280 chg coeffs, 1741 upgd conss, 200732 impls, 20 clqs
(round 166, fast)       2548 del vars, 1062 del conss, 0 add conss, 9220 chg bounds, 0 chg sides, 4280 chg coeffs, 1741 upgd conss, 200732 impls, 20 clqs
(round 167, exhaustive) 2548 del vars, 1062 del conss, 0 add conss, 9220 chg bounds, 0 chg sides, 4280 chg coeffs, 1752 upgd conss, 200732 impls, 20 clqs
(round 168, exhaustive) 2573 del vars, 1062 del conss, 0 add conss, 9220 chg bounds, 0 chg sides, 4280 chg coeffs, 1752 upgd conss, 203455 impls, 20 clqs
(round 169, fast)       2578 del vars, 1079 del conss, 0 add conss, 9225 chg bounds, 0 chg sides, 4280 chg coeffs, 1752 upgd conss, 203455 impls, 20 clqs
(round 170, exhaustive) 2578 del vars, 1079 del conss, 0 add conss, 9225 chg bounds, 0 chg sides, 4280 chg coeffs, 1761 upgd conss, 203455 impls, 20 clqs
   (8.9s) probing: 2000/4280 (46.7%) - 1436 fixings, 0 aggregations, 202045 implications, 0 bound changes
(round 171, exhaustive) 2603 del vars, 1079 del conss, 0 add conss, 9225 chg bounds, 0 chg sides, 4280 chg coeffs, 1761 upgd conss, 208395 impls, 20 clqs
(round 172, fast)       2603 del vars, 1091 del conss, 0 add conss, 9225 chg bounds, 0 chg sides, 4280 chg coeffs, 1761 upgd conss, 208395 impls, 20 clqs
(round 173, exhaustive) 2603 del vars, 1091 del conss, 0 add conss, 9225 chg bounds, 0 chg sides, 4280 chg coeffs, 1775 upgd conss, 208395 impls, 20 clqs
(round 174, exhaustive) 2628 del vars, 1091 del conss, 0 add conss, 9225 chg bounds, 0 chg sides, 4280 chg coeffs, 1775 upgd conss, 211866 impls, 20 clqs
(round 175, fast)       2629 del vars, 1106 del conss, 0 add conss, 9226 chg bounds, 0 chg sides, 4280 chg coeffs, 1775 upgd conss, 211866 impls, 20 clqs
(round 176, exhaustive) 2629 del vars, 1106 del conss, 0 add conss, 9226 chg bounds, 0 chg sides, 4280 chg coeffs, 1782 upgd conss, 211866 impls, 20 clqs
(round 177, exhaustive) 2654 del vars, 1106 del conss, 0 add conss, 9226 chg bounds, 0 chg sides, 4280 chg coeffs, 1782 upgd conss, 214851 impls, 20 clqs
(round 178, fast)       2655 del vars, 1120 del conss, 0 add conss, 9227 chg bounds, 0 chg sides, 4280 chg coeffs, 1782 upgd conss, 214851 impls, 20 clqs
(round 179, exhaustive) 2655 del vars, 1120 del conss, 0 add conss, 9227 chg bounds, 0 chg sides, 4280 chg coeffs, 1792 upgd conss, 214851 impls, 20 clqs
(round 180, exhaustive) 2681 del vars, 1120 del conss, 0 add conss, 9227 chg bounds, 0 chg sides, 4280 chg coeffs, 1792 upgd conss, 217361 impls, 20 clqs
(round 181, fast)       2681 del vars, 1134 del conss, 0 add conss, 9227 chg bounds, 0 chg sides, 4280 chg coeffs, 1792 upgd conss, 217361 impls, 20 clqs
(round 182, exhaustive) 2681 del vars, 1134 del conss, 0 add conss, 9227 chg bounds, 0 chg sides, 4280 chg coeffs, 1802 upgd conss, 217361 impls, 20 clqs
(round 183, exhaustive) 2706 del vars, 1134 del conss, 0 add conss, 9227 chg bounds, 0 chg sides, 4280 chg coeffs, 1802 upgd conss, 222338 impls, 20 clqs
(round 184, fast)       2706 del vars, 1148 del conss, 0 add conss, 9227 chg bounds, 0 chg sides, 4280 chg coeffs, 1802 upgd conss, 222338 impls, 20 clqs
(round 185, exhaustive) 2706 del vars, 1148 del conss, 0 add conss, 9227 chg bounds, 0 chg sides, 4280 chg coeffs, 1810 upgd conss, 222338 impls, 20 clqs
(round 186, exhaustive) 2734 del vars, 1148 del conss, 0 add conss, 9227 chg bounds, 0 chg sides, 4280 chg coeffs, 1810 upgd conss, 224689 impls, 20 clqs
(round 187, fast)       2734 del vars, 1165 del conss, 0 add conss, 9227 chg bounds, 0 chg sides, 4280 chg coeffs, 1810 upgd conss, 224689 impls, 20 clqs
(round 188, exhaustive) 2734 del vars, 1165 del conss, 0 add conss, 9227 chg bounds, 0 chg sides, 4280 chg coeffs, 1815 upgd conss, 224689 impls, 20 clqs
(round 189, exhaustive) 2759 del vars, 1165 del conss, 0 add conss, 9227 chg bounds, 0 chg sides, 4280 chg coeffs, 1815 upgd conss, 228850 impls, 20 clqs
(round 190, fast)       2760 del vars, 1180 del conss, 0 add conss, 9228 chg bounds, 0 chg sides, 4280 chg coeffs, 1815 upgd conss, 228850 impls, 20 clqs
(round 191, exhaustive) 2760 del vars, 1180 del conss, 0 add conss, 9228 chg bounds, 0 chg sides, 4280 chg coeffs, 1822 upgd conss, 228850 impls, 20 clqs
(round 192, exhaustive) 2785 del vars, 1180 del conss, 0 add conss, 9228 chg bounds, 0 chg sides, 4280 chg coeffs, 1822 upgd conss, 232399 impls, 20 clqs
(round 193, fast)       2785 del vars, 1193 del conss, 0 add conss, 9228 chg bounds, 0 chg sides, 4280 chg coeffs, 1822 upgd conss, 232399 impls, 20 clqs
(round 194, exhaustive) 2785 del vars, 1193 del conss, 0 add conss, 9228 chg bounds, 0 chg sides, 4280 chg coeffs, 1833 upgd conss, 232399 impls, 20 clqs
(round 195, exhaustive) 2811 del vars, 1193 del conss, 0 add conss, 9228 chg bounds, 0 chg sides, 4280 chg coeffs, 1833 upgd conss, 235033 impls, 20 clqs
(round 196, fast)       2811 del vars, 1207 del conss, 0 add conss, 9228 chg bounds, 0 chg sides, 4280 chg coeffs, 1833 upgd conss, 235033 impls, 20 clqs
(round 197, exhaustive) 2811 del vars, 1207 del conss, 0 add conss, 9228 chg bounds, 0 chg sides, 4280 chg coeffs, 1843 upgd conss, 235033 impls, 20 clqs
(round 198, exhaustive) 2843 del vars, 1207 del conss, 0 add conss, 9228 chg bounds, 0 chg sides, 4280 chg coeffs, 1843 upgd conss, 237341 impls, 20 clqs
(round 199, fast)       2843 del vars, 1226 del conss, 0 add conss, 9228 chg bounds, 0 chg sides, 4280 chg coeffs, 1843 upgd conss, 237341 impls, 20 clqs
(round 200, exhaustive) 2843 del vars, 1226 del conss, 0 add conss, 9228 chg bounds, 0 chg sides, 4280 chg coeffs, 1850 upgd conss, 237341 impls, 20 clqs
(round 201, exhaustive) 2869 del vars, 1226 del conss, 0 add conss, 9228 chg bounds, 0 chg sides, 4280 chg coeffs, 1850 upgd conss, 240520 impls, 20 clqs
(round 202, fast)       2869 del vars, 1242 del conss, 0 add conss, 9228 chg bounds, 0 chg sides, 4280 chg coeffs, 1850 upgd conss, 240520 impls, 20 clqs
(round 203, exhaustive) 2869 del vars, 1242 del conss, 0 add conss, 9228 chg bounds, 0 chg sides, 4280 chg coeffs, 1854 upgd conss, 240520 impls, 20 clqs
(round 204, exhaustive) 2894 del vars, 1242 del conss, 0 add conss, 9228 chg bounds, 0 chg sides, 4280 chg coeffs, 1854 upgd conss, 244703 impls, 20 clqs
(round 205, fast)       2896 del vars, 1258 del conss, 0 add conss, 9230 chg bounds, 0 chg sides, 4280 chg coeffs, 1854 upgd conss, 244703 impls, 20 clqs
(round 206, exhaustive) 2896 del vars, 1258 del conss, 0 add conss, 9230 chg bounds, 0 chg sides, 4280 chg coeffs, 1860 upgd conss, 244703 impls, 20 clqs
(round 207, exhaustive) 2921 del vars, 1258 del conss, 0 add conss, 9230 chg bounds, 0 chg sides, 4280 chg coeffs, 1860 upgd conss, 246216 impls, 20 clqs
(round 208, fast)       2926 del vars, 1275 del conss, 0 add conss, 9235 chg bounds, 0 chg sides, 4280 chg coeffs, 1860 upgd conss, 246216 impls, 20 clqs
(round 209, exhaustive) 2926 del vars, 1275 del conss, 0 add conss, 9235 chg bounds, 0 chg sides, 4280 chg coeffs, 1869 upgd conss, 246216 impls, 20 clqs
(round 210, exhaustive) 2952 del vars, 1275 del conss, 0 add conss, 9235 chg bounds, 0 chg sides, 4280 chg coeffs, 1869 upgd conss, 248567 impls, 20 clqs
(round 211, fast)       2952 del vars, 1291 del conss, 0 add conss, 9235 chg bounds, 0 chg sides, 4280 chg coeffs, 1869 upgd conss, 248567 impls, 20 clqs
(round 212, exhaustive) 2952 del vars, 1291 del conss, 0 add conss, 9235 chg bounds, 0 chg sides, 4280 chg coeffs, 1873 upgd conss, 248567 impls, 20 clqs
(round 213, exhaustive) 2977 del vars, 1291 del conss, 0 add conss, 9235 chg bounds, 0 chg sides, 4280 chg coeffs, 1873 upgd conss, 251092 impls, 20 clqs
(round 214, fast)       2979 del vars, 1306 del conss, 0 add conss, 9237 chg bounds, 0 chg sides, 4280 chg coeffs, 1873 upgd conss, 251092 impls, 20 clqs
(round 215, exhaustive) 2979 del vars, 1306 del conss, 0 add conss, 9237 chg bounds, 0 chg sides, 4280 chg coeffs, 1878 upgd conss, 251092 impls, 20 clqs
(round 216, exhaustive) 3004 del vars, 1306 del conss, 0 add conss, 9237 chg bounds, 0 chg sides, 4280 chg coeffs, 1878 upgd conss, 252871 impls, 20 clqs
(round 217, fast)       3004 del vars, 1321 del conss, 0 add conss, 9237 chg bounds, 0 chg sides, 4280 chg coeffs, 1878 upgd conss, 252871 impls, 20 clqs
(round 218, exhaustive) 3004 del vars, 1321 del conss, 0 add conss, 9237 chg bounds, 0 chg sides, 4280 chg coeffs, 1883 upgd conss, 252871 impls, 20 clqs
(round 219, exhaustive) 3029 del vars, 1321 del conss, 0 add conss, 9237 chg bounds, 0 chg sides, 4280 chg coeffs, 1883 upgd conss, 253900 impls, 20 clqs
(round 220, fast)       3029 del vars, 1336 del conss, 0 add conss, 9237 chg bounds, 0 chg sides, 4280 chg coeffs, 1883 upgd conss, 253900 impls, 20 clqs
(round 221, exhaustive) 3029 del vars, 1336 del conss, 0 add conss, 9237 chg bounds, 0 chg sides, 4280 chg coeffs, 1888 upgd conss, 253900 impls, 20 clqs
(round 222, exhaustive) 3054 del vars, 1336 del conss, 0 add conss, 9237 chg bounds, 0 chg sides, 4280 chg coeffs, 1888 upgd conss, 256085 impls, 20 clqs
(round 223, fast)       3056 del vars, 1353 del conss, 0 add conss, 9239 chg bounds, 0 chg sides, 4280 chg coeffs, 1888 upgd conss, 256085 impls, 20 clqs
(round 224, exhaustive) 3056 del vars, 1353 del conss, 0 add conss, 9239 chg bounds, 0 chg sides, 4280 chg coeffs, 1891 upgd conss, 256085 impls, 20 clqs
(round 225, exhaustive) 3081 del vars, 1353 del conss, 0 add conss, 9239 chg bounds, 0 chg sides, 4280 chg coeffs, 1891 upgd conss, 259562 impls, 20 clqs
(round 226, fast)       3082 del vars, 1368 del conss, 0 add conss, 9240 chg bounds, 0 chg sides, 4280 chg coeffs, 1891 upgd conss, 259562 impls, 20 clqs
(round 227, exhaustive) 3082 del vars, 1368 del conss, 0 add conss, 9240 chg bounds, 0 chg sides, 4280 chg coeffs, 1898 upgd conss, 259562 impls, 20 clqs
(round 228, exhaustive) 3107 del vars, 1368 del conss, 0 add conss, 9240 chg bounds, 0 chg sides, 4280 chg coeffs, 1898 upgd conss, 262720 impls, 20 clqs
(round 229, fast)       3107 del vars, 1382 del conss, 0 add conss, 9240 chg bounds, 0 chg sides, 4280 chg coeffs, 1898 upgd conss, 262720 impls, 20 clqs
(round 230, exhaustive) 3107 del vars, 1382 del conss, 0 add conss, 9240 chg bounds, 0 chg sides, 4280 chg coeffs, 1906 upgd conss, 262720 impls, 20 clqs
(round 231, exhaustive) 3132 del vars, 1382 del conss, 0 add conss, 9240 chg bounds, 0 chg sides, 4280 chg coeffs, 1906 upgd conss, 265861 impls, 20 clqs
(round 232, fast)       3134 del vars, 1396 del conss, 0 add conss, 9242 chg bounds, 0 chg sides, 4280 chg coeffs, 1906 upgd conss, 265861 impls, 20 clqs
(round 233, exhaustive) 3134 del vars, 1396 del conss, 0 add conss, 9242 chg bounds, 0 chg sides, 4280 chg coeffs, 1918 upgd conss, 265861 impls, 20 clqs
(round 234, exhaustive) 3159 del vars, 1396 del conss, 0 add conss, 9242 chg bounds, 0 chg sides, 4280 chg coeffs, 1918 upgd conss, 268902 impls, 20 clqs
(round 235, fast)       3161 del vars, 1412 del conss, 0 add conss, 9244 chg bounds, 0 chg sides, 4280 chg coeffs, 1918 upgd conss, 268902 impls, 20 clqs
(round 236, exhaustive) 3161 del vars, 1412 del conss, 0 add conss, 9244 chg bounds, 0 chg sides, 4280 chg coeffs, 1924 upgd conss, 268902 impls, 20 clqs
(round 237, exhaustive) 3186 del vars, 1412 del conss, 0 add conss, 9244 chg bounds, 0 chg sides, 4280 chg coeffs, 1924 upgd conss, 272265 impls, 20 clqs
(round 238, fast)       3188 del vars, 1428 del conss, 0 add conss, 9246 chg bounds, 0 chg sides, 4280 chg coeffs, 1924 upgd conss, 272265 impls, 20 clqs
(round 239, exhaustive) 3188 del vars, 1428 del conss, 0 add conss, 9246 chg bounds, 0 chg sides, 4280 chg coeffs, 1930 upgd conss, 272265 impls, 20 clqs
(round 240, exhaustive) 3213 del vars, 1428 del conss, 0 add conss, 9246 chg bounds, 0 chg sides, 4280 chg coeffs, 1930 upgd conss, 275647 impls, 20 clqs
(round 241, fast)       3215 del vars, 1445 del conss, 0 add conss, 9248 chg bounds, 0 chg sides, 4280 chg coeffs, 1930 upgd conss, 275647 impls, 20 clqs
(round 242, exhaustive) 3215 del vars, 1445 del conss, 0 add conss, 9248 chg bounds, 0 chg sides, 4280 chg coeffs, 1933 upgd conss, 275647 impls, 20 clqs
(round 243, exhaustive) 3240 del vars, 1445 del conss, 0 add conss, 9248 chg bounds, 0 chg sides, 4280 chg coeffs, 1933 upgd conss, 278073 impls, 20 clqs
(round 244, fast)       3243 del vars, 1463 del conss, 0 add conss, 9251 chg bounds, 0 chg sides, 4280 chg coeffs, 1933 upgd conss, 278073 impls, 20 clqs
(round 245, exhaustive) 3268 del vars, 1463 del conss, 0 add conss, 9251 chg bounds, 0 chg sides, 4280 chg coeffs, 1935 upgd conss, 279757 impls, 20 clqs
(round 246, fast)       3268 del vars, 1479 del conss, 0 add conss, 9251 chg bounds, 0 chg sides, 4280 chg coeffs, 1935 upgd conss, 279759 impls, 20 clqs
(round 247, exhaustive) 3293 del vars, 1479 del conss, 0 add conss, 9251 chg bounds, 0 chg sides, 4280 chg coeffs, 1937 upgd conss, 281543 impls, 20 clqs
(round 248, fast)       3295 del vars, 1496 del conss, 0 add conss, 9253 chg bounds, 0 chg sides, 4280 chg coeffs, 1937 upgd conss, 281545 impls, 20 clqs
(round 249, exhaustive) 3295 del vars, 1496 del conss, 0 add conss, 9253 chg bounds, 0 chg sides, 4280 chg coeffs, 1940 upgd conss, 281545 impls, 20 clqs
(round 250, exhaustive) 3320 del vars, 1496 del conss, 0 add conss, 9253 chg bounds, 0 chg sides, 4280 chg coeffs, 1940 upgd conss, 284017 impls, 20 clqs
(round 251, fast)       3324 del vars, 1514 del conss, 0 add conss, 9257 chg bounds, 0 chg sides, 4280 chg coeffs, 1940 upgd conss, 284017 impls, 20 clqs
   (11.5s) running MILP presolver
   (12.0s) MILP presolver (45 rounds): 0 aggregations, 756 fixings, 0 bound changes
(round 252, medium)     4080 del vars, 1953 del conss, 0 add conss, 9257 chg bounds, 0 chg sides, 4280 chg coeffs, 1940 upgd conss, 284017 impls, 20 clqs
(round 253, fast)       4080 del vars, 2002 del conss, 0 add conss, 9257 chg bounds, 0 chg sides, 4280 chg coeffs, 1940 upgd conss, 284017 impls, 20 clqs
(round 254, exhaustive) 4080 del vars, 2002 del conss, 0 add conss, 9257 chg bounds, 0 chg sides, 4280 chg coeffs, 1943 upgd conss, 284017 impls, 20 clqs
(round 255, exhaustive) 4105 del vars, 2002 del conss, 0 add conss, 9257 chg bounds, 0 chg sides, 4280 chg coeffs, 1943 upgd conss, 288070 impls, 20 clqs
(round 256, fast)       4106 del vars, 2018 del conss, 0 add conss, 9258 chg bounds, 0 chg sides, 4280 chg coeffs, 1943 upgd conss, 288070 impls, 20 clqs
(round 257, exhaustive) 4106 del vars, 2018 del conss, 0 add conss, 9258 chg bounds, 0 chg sides, 4280 chg coeffs, 1947 upgd conss, 288070 impls, 20 clqs
   (12.4s) probing: 3000/4280 (70.1%) - 2199 fixings, 0 aggregations, 296760 implications, 0 bound changes
(round 258, exhaustive) 4131 del vars, 2018 del conss, 0 add conss, 9258 chg bounds, 0 chg sides, 4280 chg coeffs, 1947 upgd conss, 298909 impls, 20 clqs
(round 259, fast)       4133 del vars, 2033 del conss, 0 add conss, 9260 chg bounds, 0 chg sides, 4280 chg coeffs, 1947 upgd conss, 298909 impls, 20 clqs
(round 260, exhaustive) 4133 del vars, 2033 del conss, 0 add conss, 9260 chg bounds, 0 chg sides, 4280 chg coeffs, 1956 upgd conss, 298909 impls, 20 clqs
(round 261, exhaustive) 4158 del vars, 2033 del conss, 0 add conss, 9260 chg bounds, 0 chg sides, 4280 chg coeffs, 1956 upgd conss, 310872 impls, 20 clqs
(round 262, fast)       4159 del vars, 2049 del conss, 0 add conss, 9261 chg bounds, 0 chg sides, 4280 chg coeffs, 1956 upgd conss, 310872 impls, 20 clqs
(round 263, exhaustive) 4159 del vars, 2049 del conss, 0 add conss, 9261 chg bounds, 0 chg sides, 4280 chg coeffs, 1960 upgd conss, 310872 impls, 20 clqs
(round 264, exhaustive) 4185 del vars, 2049 del conss, 0 add conss, 9261 chg bounds, 0 chg sides, 4280 chg coeffs, 1960 upgd conss, 320318 impls, 20 clqs
(round 265, fast)       4185 del vars, 2066 del conss, 0 add conss, 9261 chg bounds, 0 chg sides, 4280 chg coeffs, 1960 upgd conss, 320318 impls, 20 clqs
(round 266, exhaustive) 4211 del vars, 2066 del conss, 0 add conss, 9261 chg bounds, 0 chg sides, 4280 chg coeffs, 1960 upgd conss, 326636 impls, 20 clqs
(round 267, fast)       4211 del vars, 2082 del conss, 0 add conss, 9261 chg bounds, 0 chg sides, 4280 chg coeffs, 1960 upgd conss, 326636 impls, 20 clqs
(round 268, exhaustive) 4237 del vars, 2082 del conss, 0 add conss, 9261 chg bounds, 0 chg sides, 4280 chg coeffs, 1960 upgd conss, 334744 impls, 20 clqs
(round 269, fast)       4237 del vars, 2099 del conss, 0 add conss, 9261 chg bounds, 0 chg sides, 4280 chg coeffs, 1960 upgd conss, 334744 impls, 20 clqs
   (13.1s) probing: 4000/4280 (93.5%) - 2326 fixings, 0 aggregations, 349784 implications, 0 bound changes
   (13.1s) probing cycle finished: starting next cycle
   (13.2s) probing: 51/2160 (2.4%) - 2326 fixings, 0 aggregations, 349784 implications, 0 bound changes
   (13.2s) probing aborted: 50/50 successive totally useless probings
(round 270, exhaustive) 4260 del vars, 2099 del conss, 0 add conss, 9261 chg bounds, 0 chg sides, 4280 chg coeffs, 1961 upgd conss, 351724 impls, 20 clqs
(round 271, fast)       4260 del vars, 2114 del conss, 0 add conss, 9261 chg bounds, 0 chg sides, 4280 chg coeffs, 1961 upgd conss, 351725 impls, 20 clqs
   (13.2s) probing: 56/2160 (2.6%) - 2326 fixings, 0 aggregations, 349784 implications, 0 bound changes
   (13.2s) probing aborted: 50/50 successive totally useless probings
   (13.2s) symmetry computation started: requiring (bin +, int -, cont +), (fixed: bin -, int +, cont -)
   (13.2s) symmetry computation finished: 19 generators found (max: 1500, log10 of symmetry group size: 18.4)
(round 272, exhaustive) 4260 del vars, 2114 del conss, 1 add conss, 9261 chg bounds, 0 chg sides, 4280 chg coeffs, 1962 upgd conss, 351725 impls, 20 clqs
presolving (273 rounds: 273 fast, 183 medium, 181 exhaustive):
 4260 deleted vars, 2114 deleted constraints, 1 added constraints, 9261 tightened bounds, 0 added holes, 0 changed sides, 4280 changed coefficients
 351726 implications, 20 cliques
presolved problem has 4340 variables (2160 bin, 0 int, 0 impl, 2180 cont) and 2242 constraints
     40 constraints of type <varbound>
     20 constraints of type <setppc>
   2181 constraints of type <linear>
      1 constraints of type <orbitope>
Presolving Time: 13.22

 time | node  | left  |LP iter|LP it/n|mem/heur|mdpt |vars |cons |rows |cuts |sepa|confs|strbr|  dualbound   | primalbound  |  gap   | compl. 
 13.3s|     1 |     0 |   635 |     - |   162M |   0 |4340 |2246 |2241 |   0 |  0 |   3 |   0 |-4.471556e+00 |      --      |    Inf | unknown
o13.4s|     1 |     0 |  2538 |     - |feaspump|   0 |4340 |2246 |2241 |   0 |  0 |   3 |   0 |-4.471556e+00 |-4.430841e+00 |   0.92%| unknown
 13.4s|     1 |     0 |  2539 |     - |   163M |   0 |4340 |2246 |2242 |   1 |  1 |   3 |   0 |-4.471556e+00 |-4.430841e+00 |   0.92%| unknown
 13.4s|     1 |     0 |  2540 |     - |   163M |   0 |4340 |2246 |2243 |   2 |  2 |   3 |   0 |-4.471556e+00 |-4.430841e+00 |   0.92%| unknown
r13.4s|     1 |     0 |  2540 |     - |randroun|   0 |4340 |2246 |2243 |   0 |  2 |   3 |   0 |-4.471556e+00 |-4.471556e+00 |   0.00%| unknown
 13.4s|     1 |     0 |  2540 |     - |   163M |   0 |4340 |2246 |2243 |   2 |  2 |   3 |   0 |-4.471556e+00 |-4.471556e+00 |   0.00%| unknown

SCIP Status        : problem is solved [optimal solution found]
Solving Time (sec) : 13.40
Solving Nodes      : 1
Primal Bound       : -4.47155627793580e+00 (2 solutions)
Dual Bound         : -4.47155627793580e+00
Gap                : 0.00 %

primal solution (original space):
=================================

objective value:                     -4.4715562779358
y_1,95_                                             1 	(obj:0)
y_2,95_                                             1 	(obj:0)
y_3,95_                                             1 	(obj:0)
y_7,95_                                             1 	(obj:0)
y_9,95_                                             1 	(obj:0)
y_10,95_                                            1 	(obj:0)
y_11,95_                                            1 	(obj:0)
y_17,95_                                            1 	(obj:0)
y_18,95_                                            1 	(obj:0)
y_4,96_                                             1 	(obj:0)
y_5,96_                                             1 	(obj:0)
y_6,96_                                             1 	(obj:0)
y_8,96_                                             1 	(obj:0)
y_12,96_                                            1 	(obj:0)
y_13,96_                                            1 	(obj:0)
y_14,96_                                            1 	(obj:0)
y_15,96_                                            1 	(obj:0)
y_16,96_                                            1 	(obj:0)
y_19,96_                                            1 	(obj:0)
y_20,96_                                            1 	(obj:0)
t_3,96_                                             1 	(obj:0)
x_7_                               -0.224299065420561 	(obj:1)
x_10_                              -0.224299065420561 	(obj:1)
x_2_                               -0.224299065420561 	(obj:1)
t_11,96_                                            1 	(obj:0)
x_11_                              -0.224299065420561 	(obj:1)
t_1,96_                                             1 	(obj:0)
x_1_                               -0.224299065420561 	(obj:1)
t_12,96_                                            1 	(obj:0)
t_7,96_                                             1 	(obj:0)
x_12_                              -0.224299065420561 	(obj:1)
t_13,96_                                            1 	(obj:0)
t_10,96_                                            1 	(obj:0)
x_13_                              -0.224299065420561 	(obj:1)
t_9,96_                                             1 	(obj:0)
t_14,96_                                            1 	(obj:0)
x_3_                               -0.224299065420561 	(obj:1)
x_14_                              -0.224299065420561 	(obj:1)
t_15,96_                                            1 	(obj:0)
t_8,96_                                           0.5 	(obj:0)
x_8_                               -0.214953271028037 	(obj:1)
x_15_                              -0.224299065420561 	(obj:1)
x_5_                               -0.219219829337667 	(obj:1)
t_16,96_                                            1 	(obj:0)
t_5,97_                             0.271739130434791 	(obj:0)
x_16_                              -0.224299065420561 	(obj:1)
x_20_                              -0.224299065420561 	(obj:1)
t_17,96_                                            1 	(obj:0)
t_6,96_                                             1 	(obj:0)
x_6_                               -0.224299065420561 	(obj:1)
t_8,97_                                           0.5 	(obj:0)
x_17_                              -0.224299065420561 	(obj:1)
x_9_                               -0.224299065420561 	(obj:1)
t_18,96_                                            1 	(obj:0)
t_5,96_                             0.728260869565209 	(obj:0)
x_18_                              -0.224299065420561 	(obj:1)
t_4,96_                                             1 	(obj:0)
x_4_                               -0.224299065420561 	(obj:1)
t_19,96_                                            1 	(obj:0)
t_2,96_                                             1 	(obj:0)
x_19_                              -0.224299065420561 	(obj:1)
t_20,96_                                            1 	(obj:0)

Statistics
==========

SCIP Status        : problem is solved [optimal solution found]
Total Time         :      13.43
  solving          :      13.40
  presolving       :      13.22 (included in solving)
  reading          :       0.03
  copying          :       0.00 (0 times copied the problem)
Original Problem   :
  Problem name     : ../modeles/20_214.lp
  Variables        : 8600 (4280 binary, 0 integer, 0 implicit integer, 4320 continuous)
  Constraints      : 4361 initial, 4361 maximal
  Objective        : minimize, 20 non-zeros (abs.min = 1, abs.max = 1)
Presolved Problem  :
  Problem name     : t_../modeles/20_214.lp
  Variables        : 4340 (2160 binary, 0 integer, 0 implicit integer, 2180 continuous)
  Constraints      : 2242 initial, 2246 maximal
  Objective        : minimize, 2160 non-zeros (abs.min = 0.0186916, abs.max = 1.00935)
  Nonzeros         : 17320 constraint, 2160 clique table
Presolvers         :   ExecTime  SetupTime  Calls  FixedVars   AggrVars   ChgTypes  ChgBounds   AddHoles    DelCons    AddCons   ChgSides   ChgCoefs
  boundshift       :       0.00       0.00      0          0          0          0          0          0          0          0          0          0
  convertinttobin  :       0.00       0.00      0          0          0          0          0          0          0          0          0          0
  domcol           :       1.32       0.00     94          0          0          0          0          0          0          0          0          0
  dualagg          :       0.00       0.00      0          0          0          0          0          0          0          0          0          0
  dualcomp         :       0.39       0.00     94          0          0          0          0          0          0          0          0          0
  dualinfer        :       0.00       0.00      0          0          0          0          0          0          0          0          0          0
  dualsparsify     :       0.00       0.00      1          0          0          0          0          0          0          0          0          0
  gateextraction   :       0.00       0.00      0          0          0          0          0          0          0          0          0          0
  implics          :       0.01       0.00    183          0          0          0          0          0          0          0          0          0
  inttobinary      :       0.00       0.00      0          0          0          0          0          0          0          0          0          0
  milp             :       1.09       0.00      3       1853          0          0         40          0          0          0          0          0
  qpkktref         :       0.00       0.00      0          0          0          0          0          0          0          0          0          0
  redvub           :       0.00       0.00      0          0          0          0          0          0          0          0          0          0
  sparsify         :       0.28       0.00      9          0          0          0          0          0          0          0          0          0
  stuffing         :       0.00       0.00      0          0          0          0          0          0          0          0          0          0
  trivial          :       0.05       0.00    273          0          0          0          0          0          0          0          0          0
  tworowbnd        :       0.00       0.00      0          0          0          0          0          0          0          0          0          0
  dualfix          :       0.06       0.00    273          0          0          0          0          0          0          0          0          0
  genvbounds       :       0.00       0.00      0          0          0          0          0          0          0          0          0          0
  probing          :       8.74       0.00     93       2326          0          0          0          0          0          0          0          0
  pseudoobj        :       0.00       0.00      0          0          0          0          0          0          0          0          0          0
  symmetry         :       0.05       0.00      1          0          0          0          0          0          0          1          0          0
  vbounds          :       0.00       0.00      1          0          0          0          0          0          0          0          0          0
  varbound         :       0.05       0.00    452          0          0          0         60          0       1902          0          0          0
  setppc           :       0.08       0.00    632          0          0          0          0          0          0          0          0          0
  linear           :       1.04       0.01    454         61         20          0       9161          0        212          0          0       4280
  orbitope         :       0.00       0.00      1          0          0          0          0          0          0          0          0          0
  logicor          :       0.00       0.00      0          0          0          0          0          0          0          0          0          0
  bounddisjunction :       0.00       0.00      0          0          0          0          0          0          0          0          0          0
  benders          :       0.00       0.00      0          0          0          0          0          0          0          0          0          0
  components       :       0.00       0.00      1          0          0          0          0          0          0          0          0          0
  root node        :          -          -      -          0          -          -          0          -          -          -          -          -
Constraints        :     Number  MaxNumber  #Separate #Propagate    #EnfoLP    #EnfoRelax  #EnfoPS    #Check   #ResProp    Cutoffs    DomReds       Cuts    Applied      Conss   Children
  benderslp        :          0          0          0          0          0          0          0         14          0          0          0          0          0          0          0
  integral         :          0          0          0          0          0          0          0         14          0          0          0          0          0          0          0
  varbound         :         40         40          2      11135          0          0          0          8         12          0          0          0          0          0          0
  setppc           :         20         20          2      11135          0          0          0          8        321          0          0          0          0          0          0
  linear           :       2181       2181          2      11135          0          0          0          2       1293       1389          0          0          0          0          0
  orbitope         :          1          1          0        123          0          0          0          2          0          0          0          0          0          0          0
  logicor          :          0+         2          2          6          0          0          0          0          0          0          0          0          0          0          0
  bounddisjunction :          0+         2          0         18          0          0          0          0          0          0          0          0          0          0          0
  benders          :          0          0          0          0          0          0          0          3          0          0          0          0          0          0          0
  countsols        :          0          0          0          0          0          0          0          3          0          0          0          0          0          0          0
  components       :          0          0          0          0          0          0          0          0          0          0          0          0          0          0          0
Constraint Timings :  TotalTime  SetupTime   Separate  Propagate     EnfoLP     EnfoPS     EnfoRelax   Check    ResProp    SB-Prop
  benderslp        :       0.00       0.00       0.00       0.00       0.00       0.00       0.00       0.00       0.00       0.00
  integral         :       0.00       0.00       0.00       0.00       0.00       0.00       0.00       0.00       0.00       0.00
  varbound         :       0.40       0.00       0.00       0.40       0.00       0.00       0.00       0.00       0.00       0.00
  setppc           :       0.01       0.00       0.00       0.01       0.00       0.00       0.00       0.00       0.00       0.00
  linear           :       3.62       0.01       0.00       3.61       0.00       0.00       0.00       0.00       0.00       0.00
  orbitope         :       0.00       0.00       0.00       0.00       0.00       0.00       0.00       0.00       0.00       0.00
  logicor          :       0.00       0.00       0.00       0.00       0.00       0.00       0.00       0.00       0.00       0.00
  bounddisjunction :       0.00       0.00       0.00       0.00       0.00       0.00       0.00       0.00       0.00       0.00
  benders          :       0.00       0.00       0.00       0.00       0.00       0.00       0.00       0.00       0.00       0.00
  countsols        :       0.00       0.00       0.00       0.00       0.00       0.00       0.00       0.00       0.00       0.00
  components       :       0.00       0.00       0.00       0.00       0.00       0.00       0.00       0.00       0.00       0.00
Propagators        : #Propagate   #ResProp    Cutoffs    DomReds
  dualfix          :          1          0          0          0
  genvbounds       :          0          0          0          0
  nlobbt           :          0          0          0          0
  obbt             :          0          0          0          0
  probing          :          0          0          0          0
  pseudoobj        :          4          0          0          0
  redcost          :          3          0          0          0
  rootredcost      :          0          0          0          0
  symmetry         :          0          0          0          0
  vbounds          :         72          0          0          0
Propagator Timings :  TotalTime  SetupTime   Presolve  Propagate    ResProp    SB-Prop
  dualfix          :       0.06       0.00       0.06       0.00       0.00       0.00
  genvbounds       :       0.00       0.00       0.00       0.00       0.00       0.00
  nlobbt           :       0.00       0.00       0.00       0.00       0.00       0.00
  obbt             :       0.00       0.00       0.00       0.00       0.00       0.00
  probing          :       8.74       0.00       8.74       0.00       0.00       0.00
  pseudoobj        :       0.00       0.00       0.00       0.00       0.00       0.00
  redcost          :       0.00       0.00       0.00       0.00       0.00       0.00
  rootredcost      :       0.00       0.00       0.00       0.00       0.00       0.00
  symmetry         :       0.05       0.00       0.05       0.00       0.00       0.00
  vbounds          :       0.02       0.00       0.00       0.02       0.00       0.00
Orbital fixing     :
  vars fixed to 0  :          0
  vars fixed to 1  :          0
Conflict Analysis  :       Time      Calls    Success    DomReds  Conflicts   Literals    Reconvs ReconvLits   Dualrays   Nonzeros   LP Iters   (pool size: [10000,10000])
  propagation      :       0.00          1          1          -          3      110.0          0        0.0          -          -          -
  infeasible LP    :       0.00          0          0          -          0        0.0          0        0.0          0        0.0          0
  bound exceed. LP :       0.00          0          0          -          0        0.0          0        0.0          0        0.0          0
  strong branching :       0.00          0          0          -          0        0.0          0        0.0          -          -          0
  pseudo solution  :       0.00          0          0          -          0        0.0          0        0.0          -          -          -
  applied globally :       0.00          -          -          0          3        4.0          -          -          0          -          -
  applied locally  :          -          -          -          0          0        0.0          -          -          0          -          -
Separators         :   ExecTime  SetupTime      Calls    Cutoffs    DomReds       Cuts    Applied      Conss
  cut pool         :       0.00                     3          -          -          4          -          -    (maximal pool size: 11)
  aggregation      :       0.02       0.00          2          0          0          8          2          0
  > cmir           :          -          -          -          -          -          -          2          -
  > flowcover      :          -          -          -          -          -          -          0          -
  > knapsackcover  :          -          -          -          -          -          -          0          -
  cgmip            :       0.00       0.00          0          0          0          0          0          0
  clique           :       0.00       0.00          2          0          0          0          0          0
  closecuts        :       0.00       0.00          0          0          0          0          0          0
  convexproj       :       0.00       0.00          0          0          0          0          0          0
  disjunctive      :       0.00       0.00          0          0          0          0          0          0
  eccuts           :       0.00       0.00          0          0          0          0          0          0
  gauge            :       0.00       0.00          0          0          0          0          0          0
  gomory           :       0.00       0.00          2          0          0          3          0          0
  > gomorymi       :          -          -          -          -          -          -          0          -
  > strongcg       :          -          -          -          -          -          -          0          -
  impliedbounds    :       0.00       0.00          2          0          0          0          0          0
  interminor       :       0.00       0.00          0          0          0          0          0          0
  intobj           :       0.00       0.00          0          0          0          0          0          0
  mcf              :       0.01       0.00          1          0          0          0          0          0
  minor            :       0.00       0.00          0          0          0          0          0          0
  mixing           :       0.00       0.00          2          0          0          0          0          0
  oddcycle         :       0.00       0.00          0          0          0          0          0          0
  rapidlearning    :       0.00       0.00          0          0          0          0          0          0
  rlt              :       0.00       0.00          2          0          0          0          0          0
  zerohalf         :       0.00       0.00          2          0          0          0          0          0
Cutselectors       :   ExecTime  SetupTime
  hybrid           :       0.00       0.00
Pricers            :   ExecTime  SetupTime      Calls       Vars
  problem variables:       0.00          -          0          0
Branching Rules    :   ExecTime  SetupTime   BranchLP  BranchExt   BranchPS    Cutoffs    DomReds       Cuts      Conss   Children
  allfullstrong    :       0.00       0.00          0          0          0          0          0          0          0          0
  cloud            :       0.00       0.00          0          0          0          0          0          0          0          0
  distribution     :       0.00       0.00          0          0          0          0          0          0          0          0
  fullstrong       :       0.00       0.00          0          0          0          0          0          0          0          0
  inference        :       0.00       0.00          0          0          0          0          0          0          0          0
  leastinf         :       0.00       0.00          0          0          0          0          0          0          0          0
  lookahead        :       0.00       0.00          0          0          0          0          0          0          0          0
  mostinf          :       0.00       0.00          0          0          0          0          0          0          0          0
  multaggr         :       0.00       0.00          0          0          0          0          0          0          0          0
  nodereopt        :       0.00       0.00          0          0          0          0          0          0          0          0
  pscost           :       0.00       0.00          0          0          0          0          0          0          0          0
  random           :       0.00       0.00          0          0          0          0          0          0          0          0
  relpscost        :       0.00       0.00          0          0          0          0          0          0          0          0
  vanillafullstrong:       0.00       0.00          0          0          0          0          0          0          0          0
Primal Heuristics  :   ExecTime  SetupTime      Calls      Found       Best
  LP solutions     :       0.00          -          -          0          0
  relax solutions  :       0.00          -          -          0          0
  pseudo solutions :       0.00          -          -          0          0
  strong branching :       0.00          -          -          0          0
  actconsdiving    :       0.00       0.00          0          0          0
  adaptivediving   :       0.00       0.00          0          0          0
  alns             :       0.00       0.00          0          0          0
  bound            :       0.00       0.00          0          0          0
  clique           :       0.01       0.00          1          0          0
  coefdiving       :       0.00       0.00          0          0          0
  completesol      :       0.00       0.00          0          0          0
  conflictdiving   :       0.00       0.00          0          0          0
  crossover        :       0.00       0.00          0          0          0
  dins             :       0.00       0.00          0          0          0
  distributiondivin:       0.00       0.00          0          0          0
  dps              :       0.00       0.00          0          0          0
  dualval          :       0.00       0.00          0          0          0
  farkasdiving     :       0.00       0.00          0          0          0
  feaspump         :       0.02       0.00          1          1          1
  fixandinfer      :       0.00       0.00          0          0          0
  fracdiving       :       0.00       0.00          0          0          0
  gins             :       0.00       0.00          0          0          0
  guideddiving     :       0.00       0.00          0          0          0
  indicator        :       0.00       0.00          0          0          0
  intdiving        :       0.00       0.00          0          0          0
  intshifting      :       0.00       0.00          0          0          0
  linesearchdiving :       0.00       0.00          0          0          0
  localbranching   :       0.00       0.00          0          0          0
  locks            :       0.00       0.00          1          0          0
  lpface           :       0.00       0.00          0          0          0
  mpec             :       0.00       0.00          0          0          0
  multistart       :       0.00       0.00          0          0          0
  mutation         :       0.00       0.00          0          0          0
  nlpdiving        :       0.00       0.00          0          0          0
  objpscostdiving  :       0.00       0.00          0          0          0
  octane           :       0.00       0.00          0          0          0
  ofins            :       0.00       0.00          0          0          0
  oneopt           :       0.00       0.00          1          0          0
  padm             :       0.00       0.00          0          0          0
  proximity        :       0.00       0.00          0          0          0
  pscostdiving     :       0.00       0.00          0          0          0
  randrounding     :       0.00       0.00          3          1          1
  rens             :       0.00       0.00          0          0          0
  reoptsols        :       0.00       0.00          0          0          0
  repair           :       0.00       0.00          0          0          0
  rins             :       0.00       0.00          0          0          0
  rootsoldiving    :       0.00       0.00          0          0          0
  rounding         :       0.00       0.00          2          0          0
  shiftandpropagate:       0.02       0.00          1          0          0
  shifting         :       0.00       0.00          2          0          0
  simplerounding   :       0.00       0.00          0          0          0
  subnlp           :       0.00       0.00          0          0          0
  trivial          :       0.02       0.00          2          0          0
  trivialnegation  :       0.00       0.00          0          0          0
  trustregion      :       0.00       0.00          0          0          0
  trysol           :       0.00       0.00          0          0          0
  twoopt           :       0.00       0.00          0          0          0
  undercover       :       0.00       0.00          0          0          0
  vbounds          :       0.00       0.00          0          0          0
  veclendiving     :       0.00       0.00          0          0          0
  zeroobj          :       0.00       0.00          0          0          0
  zirounding       :       0.00       0.00          0          0          0
  other solutions  :          -          -          -          0          -
Diving (single)    :      Calls      Nodes   LP Iters Backtracks  Conflicts   MinDepth   MaxDepth   AvgDepth  RoundSols  NLeafSols  MinSolDpt  MaxSolDpt  AvgSolDpt
  actconsdiving    :          0          -          -          -          -          -          -          -          -          -          -          -          -
  coefdiving       :          0          -          -          -          -          -          -          -          -          -          -          -          -
  conflictdiving   :          0          -          -          -          -          -          -          -          -          -          -          -          -
  distributiondivin:          0          -          -          -          -          -          -          -          -          -          -          -          -
  farkasdiving     :          0          -          -          -          -          -          -          -          -          -          -          -          -
  fracdiving       :          0          -          -          -          -          -          -          -          -          -          -          -          -
  guideddiving     :          0          -          -          -          -          -          -          -          -          -          -          -          -
  linesearchdiving :          0          -          -          -          -          -          -          -          -          -          -          -          -
  pscostdiving     :          0          -          -          -          -          -          -          -          -          -          -          -          -
  veclendiving     :          0          -          -          -          -          -          -          -          -          -          -          -          -
Diving (adaptive)  :      Calls      Nodes   LP Iters Backtracks  Conflicts   MinDepth   MaxDepth   AvgDepth  RoundSols  NLeafSols  MinSolDpt  MaxSolDpt  AvgSolDpt
  actconsdiving    :          0          -          -          -          -          -          -          -          -          -          -          -          -
  coefdiving       :          0          -          -          -          -          -          -          -          -          -          -          -          -
  conflictdiving   :          0          -          -          -          -          -          -          -          -          -          -          -          -
  distributiondivin:          0          -          -          -          -          -          -          -          -          -          -          -          -
  farkasdiving     :          0          -          -          -          -          -          -          -          -          -          -          -          -
  fracdiving       :          0          -          -          -          -          -          -          -          -          -          -          -          -
  guideddiving     :          0          -          -          -          -          -          -          -          -          -          -          -          -
  linesearchdiving :          0          -          -          -          -          -          -          -          -          -          -          -          -
  pscostdiving     :          0          -          -          -          -          -          -          -          -          -          -          -          -
  veclendiving     :          0          -          -          -          -          -          -          -          -          -          -          -          -
Neighborhoods      :      Calls  SetupTime  SolveTime SolveNodes       Sols       Best       Exp3  EpsGreedy        UCB TgtFixRate  Opt  Inf Node Stal  Sol  Usr Othr Actv
  rens             :          0       0.00       0.00          0          0          0    0.00000   -1.00000    1.00000      0.900    0    0    0    0    0    0    0    1
  rins             :          0       0.00       0.00          0          0          0    0.00000   -1.00000    1.00000      0.900    0    0    0    0    0    0    0    1
  mutation         :          0       0.00       0.00          0          0          0    0.00000   -1.00000    1.00000      0.900    0    0    0    0    0    0    0    1
  localbranching   :          0       0.00       0.00          0          0          0    0.00000   -1.00000    1.00000      0.900    0    0    0    0    0    0    0    1
  crossover        :          0       0.00       0.00          0          0          0    0.00000   -1.00000    1.00000      0.900    0    0    0    0    0    0    0    1
  proximity        :          0       0.00       0.00          0          0          0    0.00000   -1.00000    1.00000      0.900    0    0    0    0    0    0    0    1
  zeroobjective    :          0       0.00       0.00          0          0          0    0.00000   -1.00000    1.00000      0.900    0    0    0    0    0    0    0    1
  dins             :          0       0.00       0.00          0          0          0    0.00000   -1.00000    1.00000      0.900    0    0    0    0    0    0    0    1
  trustregion      :          0       0.00       0.00          0          0          0    0.00000   -1.00000    1.00000      0.900    0    0    0    0    0    0    0    0
LP                 :       Time      Calls Iterations  Iter/call   Iter/sec  Time-0-It Calls-0-It    ItLimit
  primal LP        :       0.00          0          0       0.00          -       0.00          0
  dual LP          :       0.03          3        637     212.33   20900.32       0.00          0
  lex dual LP      :       0.00          0          0       0.00          -
  barrier LP       :       0.00          0          0       0.00          -       0.00          0
  resolve instable :       0.00          0          0       0.00          -
  diving/probing LP:       0.02          3       1903     634.33   93956.75
  strong branching :       0.00          0          0       0.00          -          -          -          0
    (at root node) :          -          0          0       0.00          -
  conflict analysis:       0.00          0          0       0.00          -
B&B Tree           :
  number of runs   :          1
  nodes            :          1 (0 internal, 1 leaves)
  feasible leaves  :          0
  infeas. leaves   :          0
  objective leaves :          1
  nodes (total)    :          1 (0 internal, 1 leaves)
  nodes left       :          0
  max depth        :          0
  max depth (total):          0
  backtracks       :          0 (0.0%)
  early backtracks :          0 (0.0%)
  nodes exc. ref.  :          0 (0.0%)
  delayed cutoffs  :          0
  repropagations   :          0 (0 domain reductions, 0 cutoffs)
  avg switch length:       2.00
  switching time   :       0.00
Estim. Tree Size   :          1
Estimation Tree    : 1 nodes (1 visited, 0 internal, 1 leaves, 0 open), weight: 1.0000 completed 1.0000
Estimations        :      estim      value      trend resolution     smooth
  wbe              :          1          -          -          -          -
  tree-profile     :         -1          -          -          -          -
  gap              :          1    1.00000    1.00000          1          1
  tree-weight      :          1    1.00000    1.00000          1          1
  leaf-frequency   :          1    0.50000    1.00000          1          1
  ssg              :          1    0.00000   -1.00000          1          1
  open-nodes       :          1    0.00000    0.00000          1          1
Root Node          :
  First LP value   : -4.47155627793580e+00
  First LP Iters   :        635 (22304.96 Iter/sec)
  First LP Time    :       0.03
  Final Dual Bound : -4.47155627793580e+00
  Final Root Iters :       2540
  Root LP Estimate :                     -
Solution           :
  Solutions found  :          2 (2 improvements)
  First Solution   : -4.43084112149533e+00   (in run 1, after 1 nodes, 13.35 seconds, depth 0, found by <feaspump>)
  Gap First Sol.   :       0.92 %
  Gap Last Sol.    :       0.00 %
  Primal Bound     : -4.47155627793580e+00   (in run 1, after 1 nodes, 13.40 seconds, depth 5, found by <randrounding>)
  Dual Bound       : -4.47155627793580e+00
  Gap              :       0.00 %
Integrals          :      Total       Avg%
  primal-dual      :    1335.60      99.66
  primal-ref       :          -          - (not evaluated)
  dual-ref         :          -          - (not evaluated)
