SCIP version 8.0.0 [precision: 8 byte] [memory: block] [mode: optimized] [LP solver: SoPlex 6.0.0] [GitHash: a740f0891e]
Copyright (C) 2002-2021 Konrad-Zuse-Zentrum fuer Informationstechnik Berlin (ZIB)

External libraries: 
  SoPlex 6.0.0         Linear Programming Solver developed at Zuse Institute Berlin (soplex.zib.de) [GitHash: 71a5873d]
  CppAD 20180000.0     Algorithmic Differentiation of C++ algorithms developed by B. Bell (github.com/coin-or/CppAD)
  ZLIB 1.2.11          General purpose compression library by J. Gailly and M. Adler (zlib.net)
  GMP 6.2.1            GNU Multiple Precision Arithmetic Library developed by T. Granlund (gmplib.org)
  ZIMPL 3.5.1          Zuse Institute Mathematical Programming Language developed by T. Koch (zimpl.zib.de)
  AMPL/MP 4e2d45c4     AMPL .nl file reader library (github.com/ampl/mp)
  PaPILO 2.0.0         parallel presolve for integer and linear optimization (github.com/scipopt/papilo) [GitHash: 76cafc1]
  bliss 0.73p          Computing Graph Automorphism Groups by T. Junttila and P. Kaski (www.tcs.hut.fi/Software/bliss/)
  Ipopt 3.13.2         Interior Point Optimizer developed by A. Waechter et.al. (github.com/coin-or/Ipopt)

user parameter file <scip.set> not found - using default parameters

read problem <../modeles/20_24.lp>
============

original problem has 1000 variables (480 bin, 0 int, 0 impl, 520 cont) and 561 constraints

solve problem
=============

presolving:
(round 1, fast)       20 del vars, 0 del conss, 0 add conss, 1040 chg bounds, 0 chg sides, 0 chg coeffs, 0 upgd conss, 0 impls, 20 clqs
(round 2, fast)       20 del vars, 0 del conss, 0 add conss, 1040 chg bounds, 0 chg sides, 440 chg coeffs, 0 upgd conss, 0 impls, 20 clqs
   (0.0s) running MILP presolver
   (0.0s) MILP presolver (7 rounds): 0 aggregations, 80 fixings, 0 bound changes
(round 3, medium)     100 del vars, 0 del conss, 0 add conss, 1040 chg bounds, 0 chg sides, 440 chg coeffs, 0 upgd conss, 0 impls, 20 clqs
(round 4, fast)       100 del vars, 29 del conss, 0 add conss, 1040 chg bounds, 0 chg sides, 440 chg coeffs, 0 upgd conss, 0 impls, 20 clqs
(round 5, exhaustive) 100 del vars, 29 del conss, 0 add conss, 1040 chg bounds, 0 chg sides, 440 chg coeffs, 104 upgd conss, 0 impls, 20 clqs
(round 6, exhaustive) 125 del vars, 29 del conss, 0 add conss, 1041 chg bounds, 0 chg sides, 440 chg coeffs, 104 upgd conss, 1552 impls, 77 clqs
(round 7, fast)       125 del vars, 38 del conss, 0 add conss, 1041 chg bounds, 0 chg sides, 441 chg coeffs, 104 upgd conss, 1552 impls, 77 clqs
(round 8, exhaustive) 125 del vars, 38 del conss, 0 add conss, 1041 chg bounds, 0 chg sides, 441 chg coeffs, 123 upgd conss, 1552 impls, 77 clqs
(round 9, exhaustive) 150 del vars, 38 del conss, 0 add conss, 1041 chg bounds, 0 chg sides, 441 chg coeffs, 123 upgd conss, 3772 impls, 352 clqs
(round 10, fast)       151 del vars, 47 del conss, 0 add conss, 1042 chg bounds, 0 chg sides, 441 chg coeffs, 123 upgd conss, 3772 impls, 352 clqs
(round 11, exhaustive) 151 del vars, 47 del conss, 0 add conss, 1042 chg bounds, 0 chg sides, 441 chg coeffs, 140 upgd conss, 3772 impls, 352 clqs
(round 12, exhaustive) 176 del vars, 47 del conss, 0 add conss, 1044 chg bounds, 0 chg sides, 441 chg coeffs, 140 upgd conss, 5070 impls, 591 clqs
(round 13, fast)       176 del vars, 60 del conss, 0 add conss, 1044 chg bounds, 0 chg sides, 443 chg coeffs, 140 upgd conss, 5070 impls, 591 clqs
(round 14, exhaustive) 176 del vars, 60 del conss, 0 add conss, 1044 chg bounds, 0 chg sides, 443 chg coeffs, 151 upgd conss, 5070 impls, 591 clqs
(round 15, exhaustive) 201 del vars, 60 del conss, 0 add conss, 1045 chg bounds, 0 chg sides, 443 chg coeffs, 151 upgd conss, 6881 impls, 1131 clqs
(round 16, fast)       201 del vars, 72 del conss, 0 add conss, 1045 chg bounds, 0 chg sides, 444 chg coeffs, 151 upgd conss, 6881 impls, 1131 clqs
(round 17, exhaustive) 201 del vars, 72 del conss, 0 add conss, 1045 chg bounds, 0 chg sides, 444 chg coeffs, 165 upgd conss, 6881 impls, 1131 clqs
(round 18, exhaustive) 226 del vars, 72 del conss, 0 add conss, 1048 chg bounds, 0 chg sides, 444 chg coeffs, 165 upgd conss, 8523 impls, 1717 clqs
(round 19, fast)       227 del vars, 83 del conss, 0 add conss, 1049 chg bounds, 0 chg sides, 447 chg coeffs, 165 upgd conss, 8523 impls, 1717 clqs
(round 20, exhaustive) 227 del vars, 83 del conss, 0 add conss, 1049 chg bounds, 0 chg sides, 447 chg coeffs, 176 upgd conss, 8523 impls, 1717 clqs
(round 21, exhaustive) 253 del vars, 83 del conss, 0 add conss, 1051 chg bounds, 0 chg sides, 447 chg coeffs, 176 upgd conss, 9565 impls, 2260 clqs
(round 22, fast)       253 del vars, 96 del conss, 0 add conss, 1051 chg bounds, 0 chg sides, 449 chg coeffs, 176 upgd conss, 9565 impls, 2260 clqs
   (0.3s) running MILP presolver
   (0.3s) MILP presolver (5 rounds): 0 aggregations, 107 fixings, 0 bound changes
(round 23, medium)     360 del vars, 142 del conss, 0 add conss, 1051 chg bounds, 0 chg sides, 449 chg coeffs, 176 upgd conss, 9565 impls, 2260 clqs
(round 24, fast)       360 del vars, 158 del conss, 0 add conss, 1051 chg bounds, 0 chg sides, 449 chg coeffs, 176 upgd conss, 9565 impls, 2260 clqs
(round 25, exhaustive) 360 del vars, 158 del conss, 0 add conss, 1051 chg bounds, 0 chg sides, 449 chg coeffs, 201 upgd conss, 9565 impls, 2260 clqs
(round 26, medium)     360 del vars, 158 del conss, 0 add conss, 1059 chg bounds, 0 chg sides, 449 chg coeffs, 201 upgd conss, 9590 impls, 2260 clqs
(round 27, fast)       360 del vars, 158 del conss, 0 add conss, 1059 chg bounds, 0 chg sides, 457 chg coeffs, 201 upgd conss, 9590 impls, 2260 clqs
(round 28, exhaustive) 385 del vars, 158 del conss, 0 add conss, 1068 chg bounds, 0 chg sides, 457 chg coeffs, 201 upgd conss, 13348 impls, 3288 clqs
(round 29, fast)       385 del vars, 171 del conss, 0 add conss, 1068 chg bounds, 0 chg sides, 466 chg coeffs, 201 upgd conss, 13348 impls, 3288 clqs
(round 30, exhaustive) 385 del vars, 171 del conss, 0 add conss, 1068 chg bounds, 0 chg sides, 466 chg coeffs, 208 upgd conss, 13348 impls, 3288 clqs
(round 31, exhaustive) 410 del vars, 171 del conss, 0 add conss, 1079 chg bounds, 0 chg sides, 466 chg coeffs, 208 upgd conss, 15993 impls, 3294 clqs
(round 32, fast)       411 del vars, 188 del conss, 0 add conss, 1080 chg bounds, 0 chg sides, 477 chg coeffs, 208 upgd conss, 15993 impls, 3294 clqs
(round 33, exhaustive) 411 del vars, 188 del conss, 0 add conss, 1080 chg bounds, 0 chg sides, 477 chg coeffs, 209 upgd conss, 15993 impls, 3294 clqs
   (0.5s) probing cycle finished: starting next cycle
(round 34, exhaustive) 420 del vars, 188 del conss, 0 add conss, 1083 chg bounds, 0 chg sides, 477 chg coeffs, 209 upgd conss, 20072 impls, 3298 clqs
(round 35, fast)       420 del vars, 194 del conss, 0 add conss, 1083 chg bounds, 0 chg sides, 480 chg coeffs, 209 upgd conss, 20072 impls, 3298 clqs
   (0.5s) probing cycle finished: starting next cycle
   (0.5s) probing: 51/280 (18.2%) - 210 fixings, 0 aggregations, 21998 implications, 23 bound changes
   (0.5s) probing aborted: 50/50 successive totally useless probings
   (0.5s) symmetry computation started: requiring (bin +, int -, cont +), (fixed: bin -, int +, cont -)
   (0.6s) symmetry computation finished: 19 generators found (max: 1500, log10 of symmetry group size: 18.4)
(round 36, exhaustive) 420 del vars, 194 del conss, 1 add conss, 1083 chg bounds, 0 chg sides, 480 chg coeffs, 209 upgd conss, 20096 impls, 3298 clqs
presolving (37 rounds: 37 fast, 23 medium, 20 exhaustive):
 420 deleted vars, 194 deleted constraints, 1 added constraints, 1083 tightened bounds, 0 added holes, 0 changed sides, 480 changed coefficients
 20096 implications, 3298 cliques
presolved problem has 580 variables (280 bin, 0 int, 0 impl, 300 cont) and 362 constraints
     40 constraints of type <varbound>
     20 constraints of type <setppc>
    301 constraints of type <linear>
      1 constraints of type <orbitope>
Presolving Time: 0.55

 time | node  | left  |LP iter|LP it/n|mem/heur|mdpt |vars |cons |rows |cuts |sepa|confs|strbr|  dualbound   | primalbound  |  gap   | compl. 
p 0.6s|     1 |     0 |    27 |     - |   locks|   0 | 580 | 362 | 361 |   0 |  0 |   0 |   0 |-7.000416e+01 |-1.000000e+00 |6900.42%| unknown
  0.6s|     1 |     0 |   103 |     - |    21M |   0 | 580 | 362 | 361 |   0 |  0 |   0 |   0 |-4.222222e+00 |-1.000000e+00 | 322.22%| unknown
  0.6s|     1 |     0 |   103 |     - |    21M |   0 | 580 | 362 | 361 |   0 |  0 |   0 |   0 |-4.222222e+00 |-1.000000e+00 | 322.22%| unknown
  0.6s|     1 |     0 |   120 |     - |    22M |   0 | 580 | 362 | 342 |   1 |  1 |   0 |   0 |-4.222222e+00 |-1.000000e+00 | 322.22%| unknown
  0.6s|     1 |     0 |   138 |     - |    22M |   0 | 580 | 362 | 351 |  10 |  2 |   0 |   0 |-4.222222e+00 |-1.000000e+00 | 322.22%| unknown
  0.6s|     1 |     0 |   148 |     - |    22M |   0 | 580 | 362 | 360 |  19 |  3 |   0 |   0 |-4.222222e+00 |-1.000000e+00 | 322.22%| unknown
  0.6s|     1 |     0 |   163 |     - |    22M |   0 | 580 | 362 | 383 |  42 |  4 |   0 |   0 |-4.222222e+00 |-1.000000e+00 | 322.22%| unknown
  0.6s|     1 |     0 |   172 |     - |    22M |   0 | 580 | 362 | 392 |  51 |  5 |   0 |   0 |-4.222222e+00 |-1.000000e+00 | 322.22%| unknown
r 0.6s|     1 |     0 |   172 |     - |rounding|   0 | 580 | 362 | 392 |  51 |  5 |   0 |   0 |-4.222222e+00 |-4.222222e+00 |   0.00%| unknown
  0.6s|     1 |     0 |   172 |     - |    22M |   0 | 580 | 362 | 392 |  51 |  5 |   0 |   0 |-4.222222e+00 |-4.222222e+00 |   0.00%| unknown

SCIP Status        : problem is solved [optimal solution found]
Solving Time (sec) : 0.59
Solving Nodes      : 1
Primal Bound       : -4.22222222222222e+00 (2 solutions)
Dual Bound         : -4.22222222222222e+00
Gap                : 0.00 %

primal solution (original space):
=================================

objective value:                    -4.22222222222222
y_1,11_                                             1 	(obj:0)
y_2,11_                                             1 	(obj:0)
y_3,11_                                             1 	(obj:0)
y_4,11_                                             1 	(obj:0)
y_5,11_                                             1 	(obj:0)
y_6,11_                                             1 	(obj:0)
y_7,11_                                             1 	(obj:0)
y_8,11_                                             1 	(obj:0)
y_9,11_                                             1 	(obj:0)
y_10,11_                                            1 	(obj:0)
y_11,11_                                            1 	(obj:0)
y_12,11_                                            1 	(obj:0)
y_13,11_                                            1 	(obj:0)
y_14,11_                                            1 	(obj:0)
y_15,11_                                            1 	(obj:0)
y_16,11_                                            1 	(obj:0)
y_17,11_                                            1 	(obj:0)
y_18,11_                                            1 	(obj:0)
y_19,11_                                            1 	(obj:0)
y_20,12_                                            1 	(obj:0)
t_10,11_                                          0.5 	(obj:0)
t_10,12_                                          0.5 	(obj:0)
x_10_                                           -0.25 	(obj:1)
t_2,11_                                           0.5 	(obj:0)
t_4,12_                                           0.5 	(obj:0)
t_11,11_                                          0.5 	(obj:0)
t_11,12_                                          0.5 	(obj:0)
x_11_                                           -0.25 	(obj:1)
x_1_                                            -0.25 	(obj:1)
t_12,11_                                          0.5 	(obj:0)
t_12,12_                                          0.5 	(obj:0)
x_5_                               -0.166666666666667 	(obj:1)
x_12_                                           -0.25 	(obj:1)
t_2,12_                                           0.5 	(obj:0)
t_13,11_                                          0.5 	(obj:0)
t_13,12_                                          0.5 	(obj:0)
t_4,11_                                           0.5 	(obj:0)
x_13_                                           -0.25 	(obj:1)
t_1,12_                                           0.5 	(obj:0)
t_14,12_                                            1 	(obj:0)
x_14_                              -0.166666666666667 	(obj:1)
x_2_                                            -0.25 	(obj:1)
x_20_                              -0.166666666666667 	(obj:1)
t_15,12_                                            1 	(obj:0)
t_6,12_                                             1 	(obj:0)
t_8,12_                                           0.5 	(obj:0)
x_8_                                            -0.25 	(obj:1)
x_15_                              -0.166666666666667 	(obj:1)
t_1,11_                                           0.5 	(obj:0)
x_9_                               -0.166666666666667 	(obj:1)
t_16,12_                                            1 	(obj:0)
t_3,12_                                           0.5 	(obj:0)
t_7,11_                             0.833333333333333 	(obj:0)
t_9,12_                                             1 	(obj:0)
x_16_                              -0.166666666666667 	(obj:1)
t_17,12_                                            1 	(obj:0)
t_8,11_                                           0.5 	(obj:0)
x_6_                               -0.166666666666667 	(obj:1)
x_17_                              -0.166666666666667 	(obj:1)
t_18,12_                                            1 	(obj:0)
t_7,12_                             0.166666666666667 	(obj:0)
x_18_                              -0.166666666666667 	(obj:1)
x_4_                                            -0.25 	(obj:1)
t_19,12_                                            1 	(obj:0)
x_19_                              -0.166666666666667 	(obj:1)
t_3,11_                                           0.5 	(obj:0)
x_7_                               -0.305555555555555 	(obj:1)
t_20,12_                                            1 	(obj:0)
t_5,12_                                             1 	(obj:0)
x_3_                                            -0.25 	(obj:1)

Statistics
==========

SCIP Status        : problem is solved [optimal solution found]
Total Time         :       0.60
  solving          :       0.59
  presolving       :       0.55 (included in solving)
  reading          :       0.01
  copying          :       0.00 (0 times copied the problem)
Original Problem   :
  Problem name     : ../modeles/20_24.lp
  Variables        : 1000 (480 binary, 0 integer, 0 implicit integer, 520 continuous)
  Constraints      : 561 initial, 561 maximal
  Objective        : minimize, 20 non-zeros (abs.min = 1, abs.max = 1)
Presolved Problem  :
  Problem name     : t_../modeles/20_24.lp
  Variables        : 580 (280 binary, 0 integer, 0 implicit integer, 300 continuous)
  Constraints      : 362 initial, 362 maximal
  Objective        : minimize, 280 non-zeros (abs.min = 0.166667, abs.max = 1.16667)
  Nonzeros         : 2280 constraint, 2662 clique table
Presolvers         :   ExecTime  SetupTime  Calls  FixedVars   AggrVars   ChgTypes  ChgBounds   AddHoles    DelCons    AddCons   ChgSides   ChgCoefs
  boundshift       :       0.00       0.00      0          0          0          0          0          0          0          0          0          0
  convertinttobin  :       0.00       0.00      0          0          0          0          0          0          0          0          0          0
  domcol           :       0.00       0.00     11          0          0          0          0          0          0          0          0          0
  dualagg          :       0.00       0.00      0          0          0          0          0          0          0          0          0          0
  dualcomp         :       0.00       0.00     11          0          0          0          0          0          0          0          0          0
  dualinfer        :       0.00       0.00      0          0          0          0          0          0          0          0          0          0
  dualsparsify     :       0.00       0.00      1          0          0          0          0          0          0          0          0          0
  gateextraction   :       0.00       0.00      0          0          0          0          0          0          0          0          0          0
  implics          :       0.00       0.00     23          0          0          0         17          0          0          0          0          0
  inttobinary      :       0.00       0.00      0          0          0          0          0          0          0          0          0          0
  milp             :       0.03       0.00      2        187          0          0          0          0          0          0          0          0
  qpkktref         :       0.00       0.00      0          0          0          0          0          0          0          0          0          0
  redvub           :       0.00       0.00      0          0          0          0          0          0          0          0          0          0
  sparsify         :       0.01       0.00      3          0          0          0          0          0          0          0          0          0
  stuffing         :       0.00       0.00      0          0          0          0          0          0          0          0          0          0
  trivial          :       0.00       0.00     37          0          0          0          0          0          0          0          0          0
  tworowbnd        :       0.00       0.00      0          0          0          0          0          0          0          0          0          0
  dualfix          :       0.00       0.00     37          0          0          0          0          0          0          0          0          0
  genvbounds       :       0.00       0.00      0          0          0          0          0          0          0          0          0          0
  probing          :       0.46       0.00     10        210          0          0         23          0          0          0          0          0
  pseudoobj        :       0.00       0.00      0          0          0          0          0          0          0          0          0          0
  symmetry         :       0.01       0.00      1          0          0          0          0          0          0          1          0          0
  vbounds          :       0.00       0.00      8          0          0          0          0          0          0          0          0          0
  varbound         :       0.00       0.00     53          0          0          0          3          0        149          0          0         38
  setppc           :       0.00       0.00     72          0          0          0          0          0          0          0          0          0
  linear           :       0.03       0.00     57          3         20          0       1040          0         45          0          0        442
  orbitope         :       0.00       0.00      1          0          0          0          0          0          0          0          0          0
  benders          :       0.00       0.00      0          0          0          0          0          0          0          0          0          0
  components       :       0.00       0.00      1          0          0          0          0          0          0          0          0          0
  root node        :          -          -      -         20          -          -         40          -          -          -          -          -
Constraints        :     Number  MaxNumber  #Separate #Propagate    #EnfoLP    #EnfoRelax  #EnfoPS    #Check   #ResProp    Cutoffs    DomReds       Cuts    Applied      Conss   Children
  benderslp        :          0          0          0          0          0          0          0         16          0          0          0          0          0          0          0
  integral         :          0          0          0          0          0          0          0         16          0          0          0          0          0          0          0
  varbound         :         40         40          5       3535          0          0          0         10          0          0         20          0          0          0          0
  setppc           :         20         20          5       3534          0          0          0         10          0          0          0          0          0          0          0
  linear           :        301        301          5       3535          0          0          0          3          0        231          0          2          0          0          0
  orbitope         :          1          1          0        380          0          0          0          2          0          0          0          0          0          0          0
  benders          :          0          0          0          0          0          0          0          3          0          0          0          0          0          0          0
  countsols        :          0          0          0          0          0          0          0          3          0          0          0          0          0          0          0
  components       :          0          0          0          0          0          0          0          0          0          0          0          0          0          0          0
Constraint Timings :  TotalTime  SetupTime   Separate  Propagate     EnfoLP     EnfoPS     EnfoRelax   Check    ResProp    SB-Prop
  benderslp        :       0.00       0.00       0.00       0.00       0.00       0.00       0.00       0.00       0.00       0.00
  integral         :       0.00       0.00       0.00       0.00       0.00       0.00       0.00       0.00       0.00       0.00
  varbound         :       0.01       0.00       0.00       0.01       0.00       0.00       0.00       0.00       0.00       0.00
  setppc           :       0.00       0.00       0.00       0.00       0.00       0.00       0.00       0.00       0.00       0.00
  linear           :       0.24       0.00       0.00       0.24       0.00       0.00       0.00       0.00       0.00       0.00
  orbitope         :       0.00       0.00       0.00       0.00       0.00       0.00       0.00       0.00       0.00       0.00
  benders          :       0.00       0.00       0.00       0.00       0.00       0.00       0.00       0.00       0.00       0.00
  countsols        :       0.00       0.00       0.00       0.00       0.00       0.00       0.00       0.00       0.00       0.00
  components       :       0.00       0.00       0.00       0.00       0.00       0.00       0.00       0.00       0.00       0.00
Propagators        : #Propagate   #ResProp    Cutoffs    DomReds
  dualfix          :          2          0          0          0
  genvbounds       :          0          0          0          0
  nlobbt           :          0          0          0          0
  obbt             :          0          0          0          0
  probing          :          0          0          0          0
  pseudoobj        :         10          0          0          0
  redcost          :          7          0          0         20
  rootredcost      :          0          0          0          0
  symmetry         :          0          0          0          0
  vbounds          :        364          0          0          0
Propagator Timings :  TotalTime  SetupTime   Presolve  Propagate    ResProp    SB-Prop
  dualfix          :       0.00       0.00       0.00       0.00       0.00       0.00
  genvbounds       :       0.00       0.00       0.00       0.00       0.00       0.00
  nlobbt           :       0.00       0.00       0.00       0.00       0.00       0.00
  obbt             :       0.00       0.00       0.00       0.00       0.00       0.00
  probing          :       0.46       0.00       0.46       0.00       0.00       0.00
  pseudoobj        :       0.00       0.00       0.00       0.00       0.00       0.00
  redcost          :       0.00       0.00       0.00       0.00       0.00       0.00
  rootredcost      :       0.00       0.00       0.00       0.00       0.00       0.00
  symmetry         :       0.01       0.00       0.01       0.00       0.00       0.00
  vbounds          :       0.00       0.00       0.00       0.00       0.00       0.00
Orbital fixing     :
  vars fixed to 0  :          0
  vars fixed to 1  :          0
Conflict Analysis  :       Time      Calls    Success    DomReds  Conflicts   Literals    Reconvs ReconvLits   Dualrays   Nonzeros   LP Iters   (pool size: [--,--])
  propagation      :       0.00          0          0          -          0        0.0          0        0.0          -          -          -
  infeasible LP    :       0.00          0          0          -          0        0.0          0        0.0          0        0.0          0
  bound exceed. LP :       0.00          0          0          -          0        0.0          0        0.0          0        0.0          0
  strong branching :       0.00          0          0          -          0        0.0          0        0.0          -          -          0
  pseudo solution  :       0.00          0          0          -          0        0.0          0        0.0          -          -          -
  applied globally :       0.00          -          -          0          0        0.0          -          -          0          -          -
  applied locally  :          -          -          -          0          0        0.0          -          -          0          -          -
Separators         :   ExecTime  SetupTime      Calls    Cutoffs    DomReds       Cuts    Applied      Conss
  cut pool         :       0.00                     9          -          -        111          -          -    (maximal pool size: 601)
  aggregation      :       0.01       0.00          5          0          0        126         37          0
  > cmir           :          -          -          -          -          -          -         37          -
  > flowcover      :          -          -          -          -          -          -          0          -
  > knapsackcover  :          -          -          -          -          -          -          0          -
  cgmip            :       0.00       0.00          0          0          0          0          0          0
  clique           :       0.00       0.00          5          0          0          9          0          0
  closecuts        :       0.00       0.00          0          0          0          0          0          0
  convexproj       :       0.00       0.00          0          0          0          0          0          0
  disjunctive      :       0.00       0.00          0          0          0          0          0          0
  eccuts           :       0.00       0.00          0          0          0          0          0          0
  gauge            :       0.00       0.00          0          0          0          0          0          0
  gomory           :       0.00       0.00          5          0          0         58          1          0
  > gomorymi       :          -          -          -          -          -          -          1          -
  > strongcg       :          -          -          -          -          -          -          0          -
  impliedbounds    :       0.00       0.00          5          0          0        377          3          0
  interminor       :       0.00       0.00          0          0          0          0          0          0
  intobj           :       0.00       0.00          0          0          0          0          0          0
  mcf              :       0.00       0.00          1          0          0          0          0          0
  minor            :       0.00       0.00          0          0          0          0          0          0
  mixing           :       0.00       0.00          5          0          0         29         10          0
  oddcycle         :       0.00       0.00          0          0          0          0          0          0
  rapidlearning    :       0.00       0.00          0          0          0          0          0          0
  rlt              :       0.00       0.00          5          0          0          0          0          0
  zerohalf         :       0.00       0.00          5          0          0          2          0          0
Cutselectors       :   ExecTime  SetupTime
  hybrid           :       0.00       0.00
Pricers            :   ExecTime  SetupTime      Calls       Vars
  problem variables:       0.00          -          0          0
Branching Rules    :   ExecTime  SetupTime   BranchLP  BranchExt   BranchPS    Cutoffs    DomReds       Cuts      Conss   Children
  allfullstrong    :       0.00       0.00          0          0          0          0          0          0          0          0
  cloud            :       0.00       0.00          0          0          0          0          0          0          0          0
  distribution     :       0.00       0.00          0          0          0          0          0          0          0          0
  fullstrong       :       0.00       0.00          0          0          0          0          0          0          0          0
  inference        :       0.00       0.00          0          0          0          0          0          0          0          0
  leastinf         :       0.00       0.00          0          0          0          0          0          0          0          0
  lookahead        :       0.00       0.00          0          0          0          0          0          0          0          0
  mostinf          :       0.00       0.00          0          0          0          0          0          0          0          0
  multaggr         :       0.00       0.00          0          0          0          0          0          0          0          0
  nodereopt        :       0.00       0.00          0          0          0          0          0          0          0          0
  pscost           :       0.00       0.00          0          0          0          0          0          0          0          0
  random           :       0.00       0.00          0          0          0          0          0          0          0          0
  relpscost        :       0.00       0.00          0          0          0          0          0          0          0          0
  vanillafullstrong:       0.00       0.00          0          0          0          0          0          0          0          0
Primal Heuristics  :   ExecTime  SetupTime      Calls      Found       Best
  LP solutions     :       0.00          -          -          0          0
  relax solutions  :       0.00          -          -          0          0
  pseudo solutions :       0.00          -          -          0          0
  strong branching :       0.00          -          -          0          0
  actconsdiving    :       0.00       0.00          0          0          0
  adaptivediving   :       0.00       0.00          0          0          0
  alns             :       0.00       0.00          0          0          0
  bound            :       0.00       0.00          0          0          0
  clique           :       0.00       0.00          1          0          0
  coefdiving       :       0.00       0.00          0          0          0
  completesol      :       0.00       0.00          0          0          0
  conflictdiving   :       0.00       0.00          0          0          0
  crossover        :       0.00       0.00          0          0          0
  dins             :       0.00       0.00          0          0          0
  distributiondivin:       0.00       0.00          0          0          0
  dps              :       0.00       0.00          0          0          0
  dualval          :       0.00       0.00          0          0          0
  farkasdiving     :       0.00       0.00          0          0          0
  feaspump         :       0.00       0.00          0          0          0
  fixandinfer      :       0.00       0.00          0          0          0
  fracdiving       :       0.00       0.00          0          0          0
  gins             :       0.00       0.00          0          0          0
  guideddiving     :       0.00       0.00          0          0          0
  indicator        :       0.00       0.00          0          0          0
  intdiving        :       0.00       0.00          0          0          0
  intshifting      :       0.00       0.00          0          0          0
  linesearchdiving :       0.00       0.00          0          0          0
  localbranching   :       0.00       0.00          0          0          0
  locks            :       0.00       0.00          1          1          1
  lpface           :       0.00       0.00          0          0          0
  mpec             :       0.00       0.00          0          0          0
  multistart       :       0.00       0.00          0          0          0
  mutation         :       0.00       0.00          0          0          0
  nlpdiving        :       0.00       0.00          0          0          0
  objpscostdiving  :       0.00       0.00          0          0          0
  octane           :       0.00       0.00          0          0          0
  ofins            :       0.00       0.00          0          0          0
  oneopt           :       0.00       0.00          1          0          0
  padm             :       0.00       0.00          0          0          0
  proximity        :       0.00       0.00          0          0          0
  pscostdiving     :       0.00       0.00          0          0          0
  randrounding     :       0.00       0.00          6          0          0
  rens             :       0.00       0.00          0          0          0
  reoptsols        :       0.00       0.00          0          0          0
  repair           :       0.00       0.00          0          0          0
  rins             :       0.00       0.00          0          0          0
  rootsoldiving    :       0.00       0.00          0          0          0
  rounding         :       0.00       0.00          6          1          1
  shiftandpropagate:       0.00       0.00          0          0          0
  shifting         :       0.00       0.00          5          0          0
  simplerounding   :       0.00       0.00          0          0          0
  subnlp           :       0.00       0.00          0          0          0
  trivial          :       0.00       0.00          2          0          0
  trivialnegation  :       0.00       0.00          0          0          0
  trustregion      :       0.00       0.00          0          0          0
  trysol           :       0.00       0.00          0          0          0
  twoopt           :       0.00       0.00          0          0          0
  undercover       :       0.00       0.00          0          0          0
  vbounds          :       0.00       0.00          0          0          0
  veclendiving     :       0.00       0.00          0          0          0
  zeroobj          :       0.00       0.00          0          0          0
  zirounding       :       0.00       0.00          0          0          0
  other solutions  :          -          -          -          0          -
Diving (single)    :      Calls      Nodes   LP Iters Backtracks  Conflicts   MinDepth   MaxDepth   AvgDepth  RoundSols  NLeafSols  MinSolDpt  MaxSolDpt  AvgSolDpt
  actconsdiving    :          0          -          -          -          -          -          -          -          -          -          -          -          -
  coefdiving       :          0          -          -          -          -          -          -          -          -          -          -          -          -
  conflictdiving   :          0          -          -          -          -          -          -          -          -          -          -          -          -
  distributiondivin:          0          -          -          -          -          -          -          -          -          -          -          -          -
  farkasdiving     :          0          -          -          -          -          -          -          -          -          -          -          -          -
  fracdiving       :          0          -          -          -          -          -          -          -          -          -          -          -          -
  guideddiving     :          0          -          -          -          -          -          -          -          -          -          -          -          -
  linesearchdiving :          0          -          -          -          -          -          -          -          -          -          -          -          -
  pscostdiving     :          0          -          -          -          -          -          -          -          -          -          -          -          -
  veclendiving     :          0          -          -          -          -          -          -          -          -          -          -          -          -
Diving (adaptive)  :      Calls      Nodes   LP Iters Backtracks  Conflicts   MinDepth   MaxDepth   AvgDepth  RoundSols  NLeafSols  MinSolDpt  MaxSolDpt  AvgSolDpt
  actconsdiving    :          0          -          -          -          -          -          -          -          -          -          -          -          -
  coefdiving       :          0          -          -          -          -          -          -          -          -          -          -          -          -
  conflictdiving   :          0          -          -          -          -          -          -          -          -          -          -          -          -
  distributiondivin:          0          -          -          -          -          -          -          -          -          -          -          -          -
  farkasdiving     :          0          -          -          -          -          -          -          -          -          -          -          -          -
  fracdiving       :          0          -          -          -          -          -          -          -          -          -          -          -          -
  guideddiving     :          0          -          -          -          -          -          -          -          -          -          -          -          -
  linesearchdiving :          0          -          -          -          -          -          -          -          -          -          -          -          -
  pscostdiving     :          0          -          -          -          -          -          -          -          -          -          -          -          -
  veclendiving     :          0          -          -          -          -          -          -          -          -          -          -          -          -
Neighborhoods      :      Calls  SetupTime  SolveTime SolveNodes       Sols       Best       Exp3  EpsGreedy        UCB TgtFixRate  Opt  Inf Node Stal  Sol  Usr Othr Actv
  rens             :          0       0.00       0.00          0          0          0    0.00000   -1.00000    1.00000      0.900    0    0    0    0    0    0    0    1
  rins             :          0       0.00       0.00          0          0          0    0.00000   -1.00000    1.00000      0.900    0    0    0    0    0    0    0    1
  mutation         :          0       0.00       0.00          0          0          0    0.00000   -1.00000    1.00000      0.900    0    0    0    0    0    0    0    1
  localbranching   :          0       0.00       0.00          0          0          0    0.00000   -1.00000    1.00000      0.900    0    0    0    0    0    0    0    1
  crossover        :          0       0.00       0.00          0          0          0    0.00000   -1.00000    1.00000      0.900    0    0    0    0    0    0    0    1
  proximity        :          0       0.00       0.00          0          0          0    0.00000   -1.00000    1.00000      0.900    0    0    0    0    0    0    0    1
  zeroobjective    :          0       0.00       0.00          0          0          0    0.00000   -1.00000    1.00000      0.900    0    0    0    0    0    0    0    1
  dins             :          0       0.00       0.00          0          0          0    0.00000   -1.00000    1.00000      0.900    0    0    0    0    0    0    0    1
  trustregion      :          0       0.00       0.00          0          0          0    0.00000   -1.00000    1.00000      0.900    0    0    0    0    0    0    0    0
LP                 :       Time      Calls Iterations  Iter/call   Iter/sec  Time-0-It Calls-0-It    ItLimit
  primal LP        :       0.00          0          0       0.00          -       0.00          0
  dual LP          :       0.00          8        145      24.17          -       0.00          2
  lex dual LP      :       0.00          0          0       0.00          -
  barrier LP       :       0.00          0          0       0.00          -       0.00          0
  resolve instable :       0.00          0          0       0.00          -
  diving/probing LP:       0.00          1         27      27.00          -
  strong branching :       0.00          0          0       0.00          -          -          -          0
    (at root node) :          -          0          0       0.00          -
  conflict analysis:       0.00          0          0       0.00          -
B&B Tree           :
  number of runs   :          1
  nodes            :          1 (0 internal, 1 leaves)
  feasible leaves  :          0
  infeas. leaves   :          0
  objective leaves :          0
  nodes (total)    :          1 (0 internal, 1 leaves)
  nodes left       :          0
  max depth        :          0
  max depth (total):          0
  backtracks       :          0 (0.0%)
  early backtracks :          0 (0.0%)
  nodes exc. ref.  :          0 (0.0%)
  delayed cutoffs  :          0
  repropagations   :          0 (0 domain reductions, 0 cutoffs)
  avg switch length:       2.00
  switching time   :       0.00
Estim. Tree Size   :          1
Estimation Tree    : 1 nodes (1 visited, 0 internal, 1 leaves, 0 open), weight: 1.0000 completed 1.0000
Estimations        :      estim      value      trend resolution     smooth
  wbe              :          1          -          -          -          -
  tree-profile     :         -1          -          -          -          -
  gap              :          1    1.00000    1.00000          1          1
  tree-weight      :          1    1.00000    1.00000          1          1
  leaf-frequency   :          1    0.50000    1.00000          1          1
  ssg              :          1    0.00000   -1.00000          1          1
  open-nodes       :          1    0.00000    0.00000          1          1
Root Node          :
  First LP value   : -4.22222222222222e+00
  First LP Iters   :         76 (77393.08 Iter/sec)
  First LP Time    :       0.00
  Final Dual Bound : -4.22222222222222e+00
  Final Root Iters :        145
  Root LP Estimate :                     -
Solution           :
  Solutions found  :          2 (2 improvements)
  First Solution   : -1.00000000000000e+00   (in run 1, after 1 nodes, 0.56 seconds, depth 21, found by <locks>)
  Gap First Sol.   :    6900.42 %
  Gap Last Sol.    :       0.00 %
  Primal Bound     : -4.22222222222222e+00   (in run 1, after 1 nodes, 0.59 seconds, depth 0, found by <rounding>)
  Dual Bound       : -4.22222222222222e+00
  Gap              :       0.00 %
Integrals          :      Total       Avg%
  primal-dual      :      58.36      98.89
  primal-ref       :          -          - (not evaluated)
  dual-ref         :          -          - (not evaluated)
