SCIP version 8.0.0 [precision: 8 byte] [memory: block] [mode: optimized] [LP solver: SoPlex 6.0.0] [GitHash: a740f0891e]
Copyright (C) 2002-2021 Konrad-Zuse-Zentrum fuer Informationstechnik Berlin (ZIB)

External libraries: 
  SoPlex 6.0.0         Linear Programming Solver developed at Zuse Institute Berlin (soplex.zib.de) [GitHash: 71a5873d]
  CppAD 20180000.0     Algorithmic Differentiation of C++ algorithms developed by B. Bell (github.com/coin-or/CppAD)
  ZLIB 1.2.11          General purpose compression library by J. Gailly and M. Adler (zlib.net)
  GMP 6.2.1            GNU Multiple Precision Arithmetic Library developed by T. Granlund (gmplib.org)
  ZIMPL 3.5.1          Zuse Institute Mathematical Programming Language developed by T. Koch (zimpl.zib.de)
  AMPL/MP 4e2d45c4     AMPL .nl file reader library (github.com/ampl/mp)
  PaPILO 2.0.0         parallel presolve for integer and linear optimization (github.com/scipopt/papilo) [GitHash: 76cafc1]
  bliss 0.73p          Computing Graph Automorphism Groups by T. Junttila and P. Kaski (www.tcs.hut.fi/Software/bliss/)
  Ipopt 3.13.2         Interior Point Optimizer developed by A. Waechter et.al. (github.com/coin-or/Ipopt)

user parameter file <scip.set> not found - using default parameters

read problem <../modeles/3_199.lp>
============

original problem has 1200 variables (597 bin, 0 int, 0 impl, 603 cont) and 610 constraints

solve problem
=============

presolving:
(round 1, fast)       3 del vars, 0 del conss, 0 add conss, 1272 chg bounds, 0 chg sides, 0 chg coeffs, 0 upgd conss, 0 impls, 3 clqs
(round 2, fast)       3 del vars, 0 del conss, 0 add conss, 1272 chg bounds, 0 chg sides, 594 chg coeffs, 0 upgd conss, 0 impls, 3 clqs
   (0.0s) running MILP presolver
   (0.0s) MILP presolver (2 rounds): 0 aggregations, 0 fixings, 12 bound changes
(round 3, medium)     3 del vars, 0 del conss, 0 add conss, 1284 chg bounds, 0 chg sides, 594 chg coeffs, 0 upgd conss, 0 impls, 3 clqs
(round 4, exhaustive) 3 del vars, 0 del conss, 0 add conss, 1284 chg bounds, 0 chg sides, 594 chg coeffs, 9 upgd conss, 0 impls, 3 clqs
   (0.0s) sparsify finished: 4/4191 (0.1%) nonzeros canceled - in total 4 canceled nonzeros, 400 changed coefficients, 0 added nonzeros
(round 5, exhaustive) 3 del vars, 0 del conss, 0 add conss, 1284 chg bounds, 0 chg sides, 994 chg coeffs, 9 upgd conss, 6 impls, 3 clqs
(round 6, exhaustive) 28 del vars, 0 del conss, 0 add conss, 1284 chg bounds, 0 chg sides, 994 chg coeffs, 9 upgd conss, 7820 impls, 3 clqs
(round 7, exhaustive) 28 del vars, 0 del conss, 0 add conss, 1284 chg bounds, 0 chg sides, 994 chg coeffs, 51 upgd conss, 7820 impls, 3 clqs
(round 8, exhaustive) 53 del vars, 0 del conss, 0 add conss, 1284 chg bounds, 0 chg sides, 994 chg coeffs, 51 upgd conss, 11012 impls, 3 clqs
(round 9, fast)       54 del vars, 4 del conss, 0 add conss, 1285 chg bounds, 0 chg sides, 994 chg coeffs, 51 upgd conss, 11012 impls, 3 clqs
(round 10, exhaustive) 54 del vars, 4 del conss, 0 add conss, 1285 chg bounds, 0 chg sides, 994 chg coeffs, 90 upgd conss, 11012 impls, 3 clqs
(round 11, exhaustive) 80 del vars, 4 del conss, 0 add conss, 1285 chg bounds, 0 chg sides, 994 chg coeffs, 90 upgd conss, 18674 impls, 3 clqs
(round 12, fast)       80 del vars, 14 del conss, 0 add conss, 1285 chg bounds, 0 chg sides, 994 chg coeffs, 90 upgd conss, 18674 impls, 3 clqs
(round 13, exhaustive) 80 del vars, 14 del conss, 0 add conss, 1285 chg bounds, 0 chg sides, 994 chg coeffs, 108 upgd conss, 18674 impls, 3 clqs
(round 14, exhaustive) 105 del vars, 14 del conss, 0 add conss, 1285 chg bounds, 0 chg sides, 994 chg coeffs, 108 upgd conss, 24815 impls, 43 clqs
(round 15, fast)       105 del vars, 23 del conss, 0 add conss, 1285 chg bounds, 0 chg sides, 994 chg coeffs, 108 upgd conss, 24815 impls, 43 clqs
(round 16, exhaustive) 105 del vars, 23 del conss, 0 add conss, 1285 chg bounds, 0 chg sides, 994 chg coeffs, 131 upgd conss, 24815 impls, 43 clqs
(round 17, exhaustive) 132 del vars, 23 del conss, 0 add conss, 1285 chg bounds, 0 chg sides, 994 chg coeffs, 131 upgd conss, 28431 impls, 51 clqs
(round 18, fast)       132 del vars, 36 del conss, 0 add conss, 1285 chg bounds, 0 chg sides, 994 chg coeffs, 131 upgd conss, 28431 impls, 51 clqs
(round 19, exhaustive) 132 del vars, 36 del conss, 0 add conss, 1285 chg bounds, 0 chg sides, 994 chg coeffs, 144 upgd conss, 28431 impls, 51 clqs
(round 20, exhaustive) 157 del vars, 36 del conss, 0 add conss, 1285 chg bounds, 0 chg sides, 994 chg coeffs, 144 upgd conss, 33960 impls, 61 clqs
(round 21, fast)       160 del vars, 49 del conss, 0 add conss, 1288 chg bounds, 0 chg sides, 994 chg coeffs, 144 upgd conss, 33960 impls, 61 clqs
(round 22, exhaustive) 160 del vars, 49 del conss, 0 add conss, 1288 chg bounds, 0 chg sides, 994 chg coeffs, 161 upgd conss, 33960 impls, 61 clqs
(round 23, exhaustive) 185 del vars, 49 del conss, 0 add conss, 1288 chg bounds, 0 chg sides, 994 chg coeffs, 161 upgd conss, 36299 impls, 64 clqs
(round 24, fast)       185 del vars, 63 del conss, 0 add conss, 1288 chg bounds, 0 chg sides, 994 chg coeffs, 161 upgd conss, 36299 impls, 64 clqs
   (0.2s) running MILP presolver
   (0.2s) MILP presolver (30 rounds): 0 aggregations, 221 fixings, 0 bound changes
(round 25, medium)     406 del vars, 147 del conss, 0 add conss, 1288 chg bounds, 0 chg sides, 994 chg coeffs, 161 upgd conss, 36299 impls, 64 clqs
(round 26, fast)       406 del vars, 194 del conss, 0 add conss, 1288 chg bounds, 0 chg sides, 994 chg coeffs, 161 upgd conss, 36299 impls, 64 clqs
(round 27, exhaustive) 406 del vars, 194 del conss, 0 add conss, 1288 chg bounds, 0 chg sides, 994 chg coeffs, 167 upgd conss, 36299 impls, 64 clqs
(round 28, exhaustive) 431 del vars, 194 del conss, 0 add conss, 1289 chg bounds, 0 chg sides, 994 chg coeffs, 167 upgd conss, 59293 impls, 523 clqs
(round 29, fast)       431 del vars, 209 del conss, 0 add conss, 1289 chg bounds, 0 chg sides, 995 chg coeffs, 167 upgd conss, 59293 impls, 523 clqs
(round 30, exhaustive) 431 del vars, 209 del conss, 0 add conss, 1289 chg bounds, 0 chg sides, 995 chg coeffs, 168 upgd conss, 59293 impls, 523 clqs
   (0.3s) sparsify finished: 4/2691 (0.1%) nonzeros canceled - in total 8 canceled nonzeros, 644 changed coefficients, 0 added nonzeros
(round 31, exhaustive) 431 del vars, 209 del conss, 0 add conss, 1289 chg bounds, 0 chg sides, 1239 chg coeffs, 168 upgd conss, 59293 impls, 523 clqs
   (0.3s) probing cycle finished: starting next cycle
(round 32, exhaustive) 456 del vars, 209 del conss, 0 add conss, 1289 chg bounds, 0 chg sides, 1239 chg coeffs, 168 upgd conss, 61993 impls, 280 clqs
(round 33, fast)       458 del vars, 213 del conss, 0 add conss, 1291 chg bounds, 0 chg sides, 1239 chg coeffs, 168 upgd conss, 61993 impls, 280 clqs
(round 34, exhaustive) 458 del vars, 213 del conss, 0 add conss, 1291 chg bounds, 0 chg sides, 1239 chg coeffs, 188 upgd conss, 61993 impls, 280 clqs
(round 35, exhaustive) 495 del vars, 213 del conss, 0 add conss, 1291 chg bounds, 0 chg sides, 1239 chg coeffs, 188 upgd conss, 62013 impls, 280 clqs
(round 36, fast)       495 del vars, 235 del conss, 0 add conss, 1291 chg bounds, 0 chg sides, 1239 chg coeffs, 188 upgd conss, 62013 impls, 280 clqs
(round 37, exhaustive) 495 del vars, 235 del conss, 0 add conss, 1291 chg bounds, 0 chg sides, 1239 chg coeffs, 194 upgd conss, 62013 impls, 280 clqs
   (0.4s) probing: 244/381 (64.0%) - 267 fixings, 0 aggregations, 61829 implications, 1 bound changes
   (0.4s) probing aborted: 50/50 successive totally useless probings
(round 38, exhaustive) 497 del vars, 235 del conss, 0 add conss, 1291 chg bounds, 0 chg sides, 1239 chg coeffs, 194 upgd conss, 62019 impls, 280 clqs
(round 39, fast)       497 del vars, 236 del conss, 0 add conss, 1291 chg bounds, 0 chg sides, 1239 chg coeffs, 194 upgd conss, 62019 impls, 280 clqs
(round 40, exhaustive) 497 del vars, 236 del conss, 0 add conss, 1291 chg bounds, 0 chg sides, 1239 chg coeffs, 195 upgd conss, 62019 impls, 280 clqs
   (0.4s) sparsify finished: 2/2459 (0.1%) nonzeros canceled - in total 10 canceled nonzeros, 754 changed coefficients, 0 added nonzeros
(round 41, exhaustive) 497 del vars, 236 del conss, 0 add conss, 1291 chg bounds, 0 chg sides, 1349 chg coeffs, 195 upgd conss, 62020 impls, 280 clqs
   (0.4s) probing: 249/381 (65.4%) - 267 fixings, 0 aggregations, 61829 implications, 1 bound changes
   (0.4s) probing aborted: 50/50 successive totally useless probings
   (0.4s) symmetry computation started: requiring (bin +, int -, cont +), (fixed: bin -, int +, cont -)
   (0.4s) no symmetry present
presolving (42 rounds: 42 fast, 29 medium, 27 exhaustive):
 497 deleted vars, 236 deleted constraints, 0 added constraints, 1291 tightened bounds, 0 added holes, 0 changed sides, 1349 changed coefficients
 62020 implications, 280 cliques
presolved problem has 703 variables (349 bin, 0 int, 0 impl, 354 cont) and 364 constraints
     10 constraints of type <varbound>
      3 constraints of type <setppc>
    351 constraints of type <linear>
Presolving Time: 0.38

 time | node  | left  |LP iter|LP it/n|mem/heur|mdpt |vars |cons |rows |cuts |sepa|confs|strbr|  dualbound   | primalbound  |  gap   | compl. 
  0.4s|     1 |     0 |   329 |     - |    20M |   0 | 703 | 365 | 364 |   0 |  0 |   0 |   0 |-1.731871e+00 |      --      |    Inf | unknown
o 0.4s|     1 |     0 |   799 |     - |feaspump|   0 | 703 | 365 | 364 |   0 |  0 |   0 |   0 |-1.731871e+00 |-1.175879e+00 |  47.28%| unknown
  0.4s|     1 |     0 |   800 |     - |    20M |   0 | 703 | 365 | 365 |   1 |  1 |   0 |   0 |-1.731871e+00 |-1.175879e+00 |  47.28%| unknown
  0.4s|     1 |     0 |   800 |     - |    20M |   0 | 703 | 365 | 365 |   1 |  1 |   0 |   0 |-1.731871e+00 |-1.175879e+00 |  47.28%| unknown
  0.4s|     1 |     0 |   801 |     - |    20M |   0 | 703 | 365 | 365 |   2 |  2 |   0 |   0 |-1.731871e+00 |-1.175879e+00 |  47.28%| unknown
  0.4s|     1 |     0 |   802 |     - |    21M |   0 | 703 | 365 | 366 |   3 |  3 |   0 |   0 |-1.731871e+00 |-1.175879e+00 |  47.28%| unknown
  0.4s|     1 |     0 |   803 |     - |    21M |   0 | 703 | 365 | 367 |   4 |  4 |   0 |   0 |-1.731871e+00 |-1.175879e+00 |  47.28%| unknown
  0.4s|     1 |     0 |   805 |     - |    21M |   0 | 703 | 365 | 368 |   5 |  5 |   0 |   0 |-1.731871e+00 |-1.175879e+00 |  47.28%| unknown
  0.4s|     1 |     0 |   806 |     - |    21M |   0 | 703 | 365 | 369 |   6 |  6 |   0 |   0 |-1.731871e+00 |-1.175879e+00 |  47.28%| unknown
  0.4s|     1 |     0 |   807 |     - |    21M |   0 | 703 | 365 | 370 |   7 |  7 |   0 |   0 |-1.731871e+00 |-1.175879e+00 |  47.28%| unknown
  0.4s|     1 |     0 |   808 |     - |    21M |   0 | 703 | 365 | 371 |   8 |  8 |   0 |   0 |-1.731871e+00 |-1.175879e+00 |  47.28%| unknown
  0.4s|     1 |     0 |   809 |     - |    21M |   0 | 703 | 365 | 372 |   9 |  9 |   0 |   0 |-1.731871e+00 |-1.175879e+00 |  47.28%| unknown
  0.5s|     1 |     0 |   810 |     - |    21M |   0 | 703 | 365 | 373 |  10 | 10 |   0 |   0 |-1.731871e+00 |-1.175879e+00 |  47.28%| unknown
  0.5s|     1 |     0 |   811 |     - |    21M |   0 | 703 | 365 | 374 |  11 | 11 |   0 |   0 |-1.731871e+00 |-1.175879e+00 |  47.28%| unknown
L 0.5s|     1 |     0 |   975 |     - |    rens|   0 | 703 | 364 | 374 |  11 | 11 |   0 |   0 |-1.731871e+00 |-1.731871e+00 |   0.00%| unknown
 time | node  | left  |LP iter|LP it/n|mem/heur|mdpt |vars |cons |rows |cuts |sepa|confs|strbr|  dualbound   | primalbound  |  gap   | compl. 
  0.5s|     1 |     0 |   975 |     - |    21M |   0 | 703 | 364 | 374 |  11 | 11 |   0 |   0 |-1.731871e+00 |-1.731871e+00 |   0.00%| unknown

SCIP Status        : problem is solved [optimal solution found]
Solving Time (sec) : 0.47
Solving Nodes      : 1
Primal Bound       : -1.73187055969503e+00 (2 solutions)
Dual Bound         : -1.73187055969503e+00
Gap                : 0.00 %

primal solution (original space):
=================================

objective value:                    -1.73187055969503
y_2,71_                                             1 	(obj:0)
y_3,71_                                             1 	(obj:0)
y_1,72_                                             1 	(obj:0)
x_3_                               -0.586141916478946 	(obj:1)
x_2_                                -0.57286432160804 	(obj:1)
t_1,72_                                             1 	(obj:0)
t_3,71_                             0.660560344827577 	(obj:0)
t_3,72_                             0.339439655172423 	(obj:0)
x_1_                                -0.57286432160804 	(obj:1)
t_2,72_                                             1 	(obj:0)

Statistics
==========

SCIP Status        : problem is solved [optimal solution found]
Total Time         :       0.47
  solving          :       0.47
  presolving       :       0.38 (included in solving)
  reading          :       0.00
  copying          :       0.00 (1 #copies) (minimal 0.00, maximal 0.00, average 0.00)
Original Problem   :
  Problem name     : ../modeles/3_199.lp
  Variables        : 1200 (597 binary, 0 integer, 0 implicit integer, 603 continuous)
  Constraints      : 610 initial, 610 maximal
  Objective        : minimize, 3 non-zeros (abs.min = 1, abs.max = 1)
Presolved Problem  :
  Problem name     : t_../modeles/3_199.lp
  Variables        : 703 (349 binary, 0 integer, 0 implicit integer, 354 continuous)
  Constraints      : 364 initial, 365 maximal
  Objective        : minimize, 354 non-zeros (abs.min = 0.0100503, abs.max = 1.41709)
  Nonzeros         : 2457 constraint, 624 clique table
Presolvers         :   ExecTime  SetupTime  Calls  FixedVars   AggrVars   ChgTypes  ChgBounds   AddHoles    DelCons    AddCons   ChgSides   ChgCoefs
  boundshift       :       0.00       0.00      0          0          0          0          0          0          0          0          0          0
  convertinttobin  :       0.00       0.00      0          0          0          0          0          0          0          0          0          0
  domcol           :       0.02       0.00     15          0          0          0          0          0          0          0          0          0
  dualagg          :       0.00       0.00      0          0          0          0          0          0          0          0          0          0
  dualcomp         :       0.01       0.00     15          0          0          0          0          0          0          0          0          0
  dualinfer        :       0.00       0.00      0          0          0          0          0          0          0          0          0          0
  dualsparsify     :       0.00       0.00      1          0          0          0          0          0          0          0          0          0
  gateextraction   :       0.00       0.00      0          0          0          0          0          0          0          0          0          0
  implics          :       0.00       0.00     29          0          0          0          0          0          0          0          0          0
  inttobinary      :       0.00       0.00      0          0          0          0          0          0          0          0          0          0
  milp             :       0.07       0.00      2        221          0          0         12          0          0          0          0          0
  qpkktref         :       0.00       0.00      0          0          0          0          0          0          0          0          0          0
  redvub           :       0.00       0.00      0          0          0          0          0          0          0          0          0          0
  sparsify         :       0.03       0.00      7          0          0          0          0          0          0          0          0        754
  stuffing         :       0.00       0.00      0          0          0          0          0          0          0          0          0          0
  trivial          :       0.00       0.00     42          0          0          0          0          0          0          0          0          0
  tworowbnd        :       0.00       0.00      0          0          0          0          0          0          0          0          0          0
  dualfix          :       0.00       0.00     42          0          0          0          0          0          0          0          0          0
  genvbounds       :       0.00       0.00      0          0          0          0          0          0          0          0          0          0
  probing          :       0.22       0.00     12        267          0          0          1          0          0          0          0          0
  pseudoobj        :       0.00       0.00      0          0          0          0          0          0          0          0          0          0
  symmetry         :       0.00       0.00      1          0          0          0          0          0          0          0          0          0
  vbounds          :       0.00       0.00      5          0          0          0          0          0          0          0          0          0
  varbound         :       0.00       0.00     65          0          0          0          3          0        182          0          0          1
  setppc           :       0.00       0.00     91          0          0          0          0          0          0          0          0          0
  linear           :       0.03       0.00     69          6          3          0       1275          0         54          0          0        594
  logicor          :       0.00       0.00      0          0          0          0          0          0          0          0          0          0
  benders          :       0.00       0.00      0          0          0          0          0          0          0          0          0          0
  components       :       0.00       0.00      1          0          0          0          0          0          0          0          0          0
  root node        :          -          -      -          1          -          -          2          -          -          -          -          -
Constraints        :     Number  MaxNumber  #Separate #Propagate    #EnfoLP    #EnfoRelax  #EnfoPS    #Check   #ResProp    Cutoffs    DomReds       Cuts    Applied      Conss   Children
  benderslp        :          0          0          0          0          0          0          0         24          0          0          0          0          0          0          0
  integral         :          0          0          0          0          0          0          0         24          0          0          0          0          0          0          0
  varbound         :         10         10         11       2460          0          0          0         18          0          0          1          0          0          0          0
  setppc           :          3          3         11       2368          0          0          0         18          0          0          0          0          0          0          0
  linear           :        351        351         11       2460          0          0          0          7          0        261          0          0          0          0          0
  logicor          :          0+         1         11          4          0          0          0          0          0          0          0          0          0          0          0
  benders          :          0          0          0          0          0          0          0          3          0          0          0          0          0          0          0
  countsols        :          0          0          0          0          0          0          0          3          0          0          0          0          0          0          0
  components       :          0          0          0          0          0          0          0          0          0          0          0          0          0          0          0
Constraint Timings :  TotalTime  SetupTime   Separate  Propagate     EnfoLP     EnfoPS     EnfoRelax   Check    ResProp    SB-Prop
  benderslp        :       0.00       0.00       0.00       0.00       0.00       0.00       0.00       0.00       0.00       0.00
  integral         :       0.00       0.00       0.00       0.00       0.00       0.00       0.00       0.00       0.00       0.00
  varbound         :       0.01       0.00       0.00       0.01       0.00       0.00       0.00       0.00       0.00       0.00
  setppc           :       0.00       0.00       0.00       0.00       0.00       0.00       0.00       0.00       0.00       0.00
  linear           :       0.06       0.00       0.00       0.06       0.00       0.00       0.00       0.00       0.00       0.00
  logicor          :       0.00       0.00       0.00       0.00       0.00       0.00       0.00       0.00       0.00       0.00
  benders          :       0.00       0.00       0.00       0.00       0.00       0.00       0.00       0.00       0.00       0.00
  countsols        :       0.00       0.00       0.00       0.00       0.00       0.00       0.00       0.00       0.00       0.00
  components       :       0.00       0.00       0.00       0.00       0.00       0.00       0.00       0.00       0.00       0.00
Propagators        : #Propagate   #ResProp    Cutoffs    DomReds
  dualfix          :          2          0          0          0
  genvbounds       :          0          0          0          0
  nlobbt           :          0          0          0          0
  obbt             :          0          0          0          0
  probing          :          0          0          0          0
  pseudoobj        :         17          0          0          0
  redcost          :         14          0          0          1
  rootredcost      :          0          0          0          0
  symmetry         :          0          0          0          0
  vbounds          :        246          0          0          0
Propagator Timings :  TotalTime  SetupTime   Presolve  Propagate    ResProp    SB-Prop
  dualfix          :       0.00       0.00       0.00       0.00       0.00       0.00
  genvbounds       :       0.00       0.00       0.00       0.00       0.00       0.00
  nlobbt           :       0.00       0.00       0.00       0.00       0.00       0.00
  obbt             :       0.00       0.00       0.00       0.00       0.00       0.00
  probing          :       0.22       0.00       0.22       0.00       0.00       0.00
  pseudoobj        :       0.00       0.00       0.00       0.00       0.00       0.00
  redcost          :       0.00       0.00       0.00       0.00       0.00       0.00
  rootredcost      :       0.00       0.00       0.00       0.00       0.00       0.00
  symmetry         :       0.00       0.00       0.00       0.00       0.00       0.00
  vbounds          :       0.00       0.00       0.00       0.00       0.00       0.00
Conflict Analysis  :       Time      Calls    Success    DomReds  Conflicts   Literals    Reconvs ReconvLits   Dualrays   Nonzeros   LP Iters   (pool size: [10000,10000])
  propagation      :       0.00          0          0          -          0        0.0          0        0.0          -          -          -
  infeasible LP    :       0.00          0          0          -          0        0.0          0        0.0          0        0.0          0
  bound exceed. LP :       0.00          1          0          -          0        0.0          0        0.0          0        0.0          0
  strong branching :       0.00          0          0          -          0        0.0          0        0.0          -          -          0
  pseudo solution  :       0.00          0          0          -          0        0.0          0        0.0          -          -          -
  applied globally :       0.00          -          -          0          0        0.0          -          -          0          -          -
  applied locally  :          -          -          -          0          0        0.0          -          -          0          -          -
Separators         :   ExecTime  SetupTime      Calls    Cutoffs    DomReds       Cuts    Applied      Conss
  cut pool         :       0.00                    21          -          -         23          -          -    (maximal pool size: 61)
  aggregation      :       0.01       0.00         11          0          0         44         11          0
  > cmir           :          -          -          -          -          -          -         11          -
  > flowcover      :          -          -          -          -          -          -          0          -
  > knapsackcover  :          -          -          -          -          -          -          0          -
  cgmip            :       0.00       0.00          0          0          0          0          0          0
  clique           :       0.00       0.00         11          0          0          0          0          0
  closecuts        :       0.00       0.00          0          0          0          0          0          0
  convexproj       :       0.00       0.00          0          0          0          0          0          0
  disjunctive      :       0.00       0.00          0          0          0          0          0          0
  eccuts           :       0.00       0.00          0          0          0          0          0          0
  gauge            :       0.00       0.00          0          0          0          0          0          0
  gomory           :       0.01       0.00         10          0          0         17          0          0
  > gomorymi       :          -          -          -          -          -          -          0          -
  > strongcg       :          -          -          -          -          -          -          0          -
  impliedbounds    :       0.00       0.00         11          0          0          0          0          0
  interminor       :       0.00       0.00          0          0          0          0          0          0
  intobj           :       0.00       0.00          0          0          0          0          0          0
  mcf              :       0.00       0.00          1          0          0          0          0          0
  minor            :       0.00       0.00          0          0          0          0          0          0
  mixing           :       0.00       0.00         11          0          0          0          0          0
  oddcycle         :       0.00       0.00          0          0          0          0          0          0
  rapidlearning    :       0.00       0.00          0          0          0          0          0          0
  rlt              :       0.00       0.00         10          0          0          0          0          0
  zerohalf         :       0.00       0.00         11          0          0          0          0          0
Cutselectors       :   ExecTime  SetupTime
  hybrid           :       0.00       0.00
Pricers            :   ExecTime  SetupTime      Calls       Vars
  problem variables:       0.00          -          0          0
Branching Rules    :   ExecTime  SetupTime   BranchLP  BranchExt   BranchPS    Cutoffs    DomReds       Cuts      Conss   Children
  allfullstrong    :       0.00       0.00          0          0          0          0          0          0          0          0
  cloud            :       0.00       0.00          0          0          0          0          0          0          0          0
  distribution     :       0.00       0.00          0          0          0          0          0          0          0          0
  fullstrong       :       0.00       0.00          0          0          0          0          0          0          0          0
  inference        :       0.00       0.00          0          0          0          0          0          0          0          0
  leastinf         :       0.00       0.00          0          0          0          0          0          0          0          0
  lookahead        :       0.00       0.00          0          0          0          0          0          0          0          0
  mostinf          :       0.00       0.00          0          0          0          0          0          0          0          0
  multaggr         :       0.00       0.00          0          0          0          0          0          0          0          0
  nodereopt        :       0.00       0.00          0          0          0          0          0          0          0          0
  pscost           :       0.00       0.00          0          0          0          0          0          0          0          0
  random           :       0.00       0.00          0          0          0          0          0          0          0          0
  relpscost        :       0.00       0.00          0          0          0          0          0          0          0          0
  vanillafullstrong:       0.00       0.00          0          0          0          0          0          0          0          0
Primal Heuristics  :   ExecTime  SetupTime      Calls      Found       Best
  LP solutions     :       0.00          -          -          0          0
  relax solutions  :       0.00          -          -          0          0
  pseudo solutions :       0.00          -          -          0          0
  strong branching :       0.00          -          -          0          0
  actconsdiving    :       0.00       0.00          0          0          0
  adaptivediving   :       0.00       0.00          0          0          0
  alns             :       0.00       0.00          0          0          0
  bound            :       0.00       0.00          0          0          0
  clique           :       0.00       0.00          1          0          0
  coefdiving       :       0.00       0.00          0          0          0
  completesol      :       0.00       0.00          0          0          0
  conflictdiving   :       0.00       0.00          0          0          0
  crossover        :       0.00       0.00          0          0          0
  dins             :       0.00       0.00          0          0          0
  distributiondivin:       0.00       0.00          0          0          0
  dps              :       0.00       0.00          0          0          0
  dualval          :       0.00       0.00          0          0          0
  farkasdiving     :       0.00       0.00          0          0          0
  feaspump         :       0.00       0.00          1          1          1
  fixandinfer      :       0.00       0.00          0          0          0
  fracdiving       :       0.00       0.00          0          0          0
  gins             :       0.00       0.00          0          0          0
  guideddiving     :       0.00       0.00          0          0          0
  indicator        :       0.00       0.00          0          0          0
  intdiving        :       0.00       0.00          0          0          0
  intshifting      :       0.00       0.00          1          0          0
  linesearchdiving :       0.00       0.00          0          0          0
  localbranching   :       0.00       0.00          0          0          0
  locks            :       0.01       0.00          1          0          0
  lpface           :       0.00       0.00          0          0          0
  mpec             :       0.00       0.00          0          0          0
  multistart       :       0.00       0.00          0          0          0
  mutation         :       0.00       0.00          0          0          0
  nlpdiving        :       0.00       0.00          0          0          0
  objpscostdiving  :       0.00       0.00          0          0          0
  octane           :       0.00       0.00          0          0          0
  ofins            :       0.00       0.00          0          0          0
  oneopt           :       0.00       0.00          1          0          0
  padm             :       0.00       0.00          0          0          0
  proximity        :       0.00       0.00          0          0          0
  pscostdiving     :       0.00       0.00          0          0          0
  randrounding     :       0.00       0.00         12          0          0
  rens             :       0.01       0.00          1          1          1
  reoptsols        :       0.00       0.00          0          0          0
  repair           :       0.00       0.00          0          0          0
  rins             :       0.00       0.00          0          0          0
  rootsoldiving    :       0.00       0.00          0          0          0
  rounding         :       0.00       0.00         12          0          0
  shiftandpropagate:       0.00       0.00          1          0          0
  shifting         :       0.00       0.00         12          0          0
  simplerounding   :       0.00       0.00          0          0          0
  subnlp           :       0.00       0.00          0          0          0
  trivial          :       0.00       0.00          2          0          0
  trivialnegation  :       0.00       0.00          0          0          0
  trustregion      :       0.00       0.00          0          0          0
  trysol           :       0.00       0.00          0          0          0
  twoopt           :       0.00       0.00          0          0          0
  undercover       :       0.00       0.00          0          0          0
  vbounds          :       0.00       0.00          0          0          0
  veclendiving     :       0.00       0.00          0          0          0
  zeroobj          :       0.00       0.00          0          0          0
  zirounding       :       0.00       0.00          1          0          0
  other solutions  :          -          -          -          0          -
Diving (single)    :      Calls      Nodes   LP Iters Backtracks  Conflicts   MinDepth   MaxDepth   AvgDepth  RoundSols  NLeafSols  MinSolDpt  MaxSolDpt  AvgSolDpt
  actconsdiving    :          0          -          -          -          -          -          -          -          -          -          -          -          -
  coefdiving       :          0          -          -          -          -          -          -          -          -          -          -          -          -
  conflictdiving   :          0          -          -          -          -          -          -          -          -          -          -          -          -
  distributiondivin:          0          -          -          -          -          -          -          -          -          -          -          -          -
  farkasdiving     :          0          -          -          -          -          -          -          -          -          -          -          -          -
  fracdiving       :          0          -          -          -          -          -          -          -          -          -          -          -          -
  guideddiving     :          0          -          -          -          -          -          -          -          -          -          -          -          -
  linesearchdiving :          0          -          -          -          -          -          -          -          -          -          -          -          -
  pscostdiving     :          0          -          -          -          -          -          -          -          -          -          -          -          -
  veclendiving     :          0          -          -          -          -          -          -          -          -          -          -          -          -
Diving (adaptive)  :      Calls      Nodes   LP Iters Backtracks  Conflicts   MinDepth   MaxDepth   AvgDepth  RoundSols  NLeafSols  MinSolDpt  MaxSolDpt  AvgSolDpt
  actconsdiving    :          0          -          -          -          -          -          -          -          -          -          -          -          -
  coefdiving       :          0          -          -          -          -          -          -          -          -          -          -          -          -
  conflictdiving   :          0          -          -          -          -          -          -          -          -          -          -          -          -
  distributiondivin:          0          -          -          -          -          -          -          -          -          -          -          -          -
  farkasdiving     :          0          -          -          -          -          -          -          -          -          -          -          -          -
  fracdiving       :          0          -          -          -          -          -          -          -          -          -          -          -          -
  guideddiving     :          0          -          -          -          -          -          -          -          -          -          -          -          -
  linesearchdiving :          0          -          -          -          -          -          -          -          -          -          -          -          -
  pscostdiving     :          0          -          -          -          -          -          -          -          -          -          -          -          -
  veclendiving     :          0          -          -          -          -          -          -          -          -          -          -          -          -
Neighborhoods      :      Calls  SetupTime  SolveTime SolveNodes       Sols       Best       Exp3  EpsGreedy        UCB TgtFixRate  Opt  Inf Node Stal  Sol  Usr Othr Actv
  rens             :          0       0.00       0.00          0          0          0    0.00000   -1.00000    1.00000      0.900    0    0    0    0    0    0    0    1
  rins             :          0       0.00       0.00          0          0          0    0.00000   -1.00000    1.00000      0.900    0    0    0    0    0    0    0    1
  mutation         :          0       0.00       0.00          0          0          0    0.00000   -1.00000    1.00000      0.900    0    0    0    0    0    0    0    1
  localbranching   :          0       0.00       0.00          0          0          0    0.00000   -1.00000    1.00000      0.900    0    0    0    0    0    0    0    1
  crossover        :          0       0.00       0.00          0          0          0    0.00000   -1.00000    1.00000      0.900    0    0    0    0    0    0    0    1
  proximity        :          0       0.00       0.00          0          0          0    0.00000   -1.00000    1.00000      0.900    0    0    0    0    0    0    0    1
  zeroobjective    :          0       0.00       0.00          0          0          0    0.00000   -1.00000    1.00000      0.900    0    0    0    0    0    0    0    1
  dins             :          0       0.00       0.00          0          0          0    0.00000   -1.00000    1.00000      0.900    0    0    0    0    0    0    0    1
  trustregion      :          0       0.00       0.00          0          0          0    0.00000   -1.00000    1.00000      0.900    0    0    0    0    0    0    0    0
LP                 :       Time      Calls Iterations  Iter/call   Iter/sec  Time-0-It Calls-0-It    ItLimit
  primal LP        :       0.00          0          0       0.00          -       0.00          0
  dual LP          :       0.01         14        315      26.25          -       0.00          2
  lex dual LP      :       0.00          0          0       0.00          -
  barrier LP       :       0.00          0          0       0.00          -       0.00          0
  resolve instable :       0.00          0          0       0.00          -
  diving/probing LP:       0.01          7        660      94.29          -
  strong branching :       0.00          0          0       0.00          -          -          -          0
    (at root node) :          -          0          0       0.00          -
  conflict analysis:       0.00          0          0       0.00          -
B&B Tree           :
  number of runs   :          1
  nodes            :          1 (0 internal, 1 leaves)
  feasible leaves  :          0
  infeas. leaves   :          0
  objective leaves :          1
  nodes (total)    :          1 (0 internal, 1 leaves)
  nodes left       :          0
  max depth        :          0
  max depth (total):          0
  backtracks       :          0 (0.0%)
  early backtracks :          0 (0.0%)
  nodes exc. ref.  :          0 (0.0%)
  delayed cutoffs  :          0
  repropagations   :          0 (0 domain reductions, 0 cutoffs)
  avg switch length:       2.00
  switching time   :       0.00
Estim. Tree Size   :          1
Estimation Tree    : 1 nodes (1 visited, 0 internal, 1 leaves, 0 open), weight: 1.0000 completed 1.0000
Estimations        :      estim      value      trend resolution     smooth
  wbe              :          1          -          -          -          -
  tree-profile     :         -1          -          -          -          -
  gap              :          1    1.00000    1.00000          1          1
  tree-weight      :          1    1.00000    1.00000          1          1
  leaf-frequency   :          1    0.50000    1.00000          1          1
  ssg              :          1    0.00000   -1.00000          1          1
  open-nodes       :          1    0.00000    0.00000          1          1
Root Node          :
  First LP value   : -1.73187055969503e+00
  First LP Iters   :        303 (66931.74 Iter/sec)
  First LP Time    :       0.00
  Final Dual Bound : -1.73187055969503e+00
  Final Root Iters :        785
  Root LP Estimate :                     -
Solution           :
  Solutions found  :          2 (2 improvements)
  First Solution   : -1.17587939698492e+00   (in run 1, after 1 nodes, 0.41 seconds, depth 0, found by <feaspump>)
  Gap First Sol.   :      47.28 %
  Gap Last Sol.    :       0.00 %
  Primal Bound     : -1.73187055969503e+00   (in run 1, after 1 nodes, 0.46 seconds, depth 0, found by <rens>)
  Dual Bound       : -1.73187055969503e+00
  Gap              :       0.00 %
Integrals          :      Total       Avg%
  primal-dual      :      43.08      92.53
  primal-ref       :          -          - (not evaluated)
  dual-ref         :          -          - (not evaluated)
