SCIP version 8.0.0 [precision: 8 byte] [memory: block] [mode: optimized] [LP solver: SoPlex 6.0.0] [GitHash: a740f0891e]
Copyright (C) 2002-2021 Konrad-Zuse-Zentrum fuer Informationstechnik Berlin (ZIB)

External libraries: 
  SoPlex 6.0.0         Linear Programming Solver developed at Zuse Institute Berlin (soplex.zib.de) [GitHash: 71a5873d]
  CppAD 20180000.0     Algorithmic Differentiation of C++ algorithms developed by B. Bell (github.com/coin-or/CppAD)
  ZLIB 1.2.11          General purpose compression library by J. Gailly and M. Adler (zlib.net)
  GMP 6.2.1            GNU Multiple Precision Arithmetic Library developed by T. Granlund (gmplib.org)
  ZIMPL 3.5.1          Zuse Institute Mathematical Programming Language developed by T. Koch (zimpl.zib.de)
  AMPL/MP 4e2d45c4     AMPL .nl file reader library (github.com/ampl/mp)
  PaPILO 2.0.0         parallel presolve for integer and linear optimization (github.com/scipopt/papilo) [GitHash: 76cafc1]
  bliss 0.73p          Computing Graph Automorphism Groups by T. Junttila and P. Kaski (www.tcs.hut.fi/Software/bliss/)
  Ipopt 3.13.2         Interior Point Optimizer developed by A. Waechter et.al. (github.com/coin-or/Ipopt)

user parameter file <scip.set> not found - using default parameters

read problem <../modeles/3_214.lp>
============

original problem has 1290 variables (642 bin, 0 int, 0 impl, 648 cont) and 655 constraints

solve problem
=============

presolving:
(round 1, fast)       3 del vars, 0 del conss, 0 add conss, 1374 chg bounds, 0 chg sides, 0 chg coeffs, 0 upgd conss, 0 impls, 3 clqs
(round 2, fast)       3 del vars, 0 del conss, 0 add conss, 1374 chg bounds, 0 chg sides, 642 chg coeffs, 0 upgd conss, 0 impls, 3 clqs
   (0.0s) running MILP presolver
   (0.0s) MILP presolver (2 rounds): 0 aggregations, 0 fixings, 6 bound changes
(round 3, exhaustive) 3 del vars, 0 del conss, 0 add conss, 1380 chg bounds, 0 chg sides, 642 chg coeffs, 9 upgd conss, 0 impls, 3 clqs
(round 4, exhaustive) 28 del vars, 0 del conss, 0 add conss, 1380 chg bounds, 0 chg sides, 642 chg coeffs, 9 upgd conss, 3626 impls, 3 clqs
(round 5, exhaustive) 28 del vars, 0 del conss, 0 add conss, 1380 chg bounds, 0 chg sides, 642 chg coeffs, 55 upgd conss, 3626 impls, 3 clqs
(round 6, exhaustive) 53 del vars, 0 del conss, 0 add conss, 1380 chg bounds, 0 chg sides, 642 chg coeffs, 55 upgd conss, 8970 impls, 3 clqs
(round 7, fast)       56 del vars, 7 del conss, 0 add conss, 1383 chg bounds, 0 chg sides, 642 chg coeffs, 55 upgd conss, 8970 impls, 3 clqs
(round 8, exhaustive) 56 del vars, 7 del conss, 0 add conss, 1383 chg bounds, 0 chg sides, 642 chg coeffs, 89 upgd conss, 8970 impls, 3 clqs
(round 9, exhaustive) 81 del vars, 7 del conss, 0 add conss, 1383 chg bounds, 0 chg sides, 642 chg coeffs, 89 upgd conss, 11102 impls, 3 clqs
(round 10, fast)       82 del vars, 9 del conss, 0 add conss, 1384 chg bounds, 0 chg sides, 642 chg coeffs, 89 upgd conss, 11102 impls, 3 clqs
(round 11, exhaustive) 82 del vars, 9 del conss, 0 add conss, 1384 chg bounds, 0 chg sides, 642 chg coeffs, 130 upgd conss, 11102 impls, 3 clqs
(round 12, exhaustive) 107 del vars, 9 del conss, 0 add conss, 1384 chg bounds, 0 chg sides, 642 chg coeffs, 130 upgd conss, 15109 impls, 3 clqs
(round 13, fast)       107 del vars, 16 del conss, 0 add conss, 1384 chg bounds, 0 chg sides, 642 chg coeffs, 130 upgd conss, 15109 impls, 3 clqs
(round 14, exhaustive) 107 del vars, 16 del conss, 0 add conss, 1384 chg bounds, 0 chg sides, 642 chg coeffs, 159 upgd conss, 15109 impls, 3 clqs
(round 15, exhaustive) 133 del vars, 16 del conss, 0 add conss, 1384 chg bounds, 0 chg sides, 642 chg coeffs, 159 upgd conss, 18020 impls, 3 clqs
(round 16, fast)       133 del vars, 27 del conss, 0 add conss, 1384 chg bounds, 0 chg sides, 642 chg coeffs, 159 upgd conss, 18020 impls, 3 clqs
(round 17, exhaustive) 133 del vars, 27 del conss, 0 add conss, 1384 chg bounds, 0 chg sides, 642 chg coeffs, 174 upgd conss, 18020 impls, 3 clqs
(round 18, exhaustive) 160 del vars, 27 del conss, 0 add conss, 1384 chg bounds, 0 chg sides, 642 chg coeffs, 174 upgd conss, 21057 impls, 3 clqs
(round 19, fast)       160 del vars, 38 del conss, 0 add conss, 1384 chg bounds, 0 chg sides, 642 chg coeffs, 174 upgd conss, 21057 impls, 3 clqs
(round 20, exhaustive) 160 del vars, 38 del conss, 0 add conss, 1384 chg bounds, 0 chg sides, 642 chg coeffs, 195 upgd conss, 21057 impls, 3 clqs
(round 21, exhaustive) 185 del vars, 38 del conss, 0 add conss, 1384 chg bounds, 0 chg sides, 642 chg coeffs, 195 upgd conss, 23438 impls, 3 clqs
(round 22, fast)       185 del vars, 50 del conss, 0 add conss, 1384 chg bounds, 0 chg sides, 642 chg coeffs, 195 upgd conss, 23438 impls, 3 clqs
(round 23, exhaustive) 185 del vars, 50 del conss, 0 add conss, 1384 chg bounds, 0 chg sides, 642 chg coeffs, 208 upgd conss, 23438 impls, 3 clqs
(round 24, exhaustive) 210 del vars, 50 del conss, 0 add conss, 1384 chg bounds, 0 chg sides, 642 chg coeffs, 208 upgd conss, 26144 impls, 3 clqs
(round 25, fast)       210 del vars, 63 del conss, 0 add conss, 1384 chg bounds, 0 chg sides, 642 chg coeffs, 208 upgd conss, 26144 impls, 3 clqs
   (0.2s) running MILP presolver
   (0.2s) MILP presolver (16 rounds): 0 aggregations, 177 fixings, 0 bound changes
(round 26, medium)     387 del vars, 125 del conss, 0 add conss, 1384 chg bounds, 0 chg sides, 642 chg coeffs, 208 upgd conss, 26144 impls, 3 clqs
(round 27, fast)       387 del vars, 161 del conss, 0 add conss, 1384 chg bounds, 0 chg sides, 642 chg coeffs, 208 upgd conss, 26144 impls, 3 clqs
(round 28, exhaustive) 387 del vars, 161 del conss, 0 add conss, 1384 chg bounds, 0 chg sides, 642 chg coeffs, 243 upgd conss, 26144 impls, 3 clqs
(round 29, exhaustive) 417 del vars, 161 del conss, 0 add conss, 1384 chg bounds, 0 chg sides, 642 chg coeffs, 243 upgd conss, 29452 impls, 3 clqs
(round 30, fast)       417 del vars, 177 del conss, 0 add conss, 1384 chg bounds, 0 chg sides, 642 chg coeffs, 243 upgd conss, 29452 impls, 3 clqs
(round 31, exhaustive) 417 del vars, 177 del conss, 0 add conss, 1384 chg bounds, 0 chg sides, 642 chg coeffs, 255 upgd conss, 29452 impls, 3 clqs
(round 32, exhaustive) 445 del vars, 177 del conss, 0 add conss, 1384 chg bounds, 0 chg sides, 642 chg coeffs, 255 upgd conss, 32908 impls, 3 clqs
(round 33, fast)       445 del vars, 191 del conss, 0 add conss, 1384 chg bounds, 0 chg sides, 642 chg coeffs, 255 upgd conss, 32908 impls, 3 clqs
(round 34, exhaustive) 445 del vars, 191 del conss, 0 add conss, 1384 chg bounds, 0 chg sides, 642 chg coeffs, 265 upgd conss, 32908 impls, 3 clqs
(round 35, exhaustive) 470 del vars, 191 del conss, 0 add conss, 1384 chg bounds, 0 chg sides, 642 chg coeffs, 265 upgd conss, 35108 impls, 3 clqs
(round 36, fast)       472 del vars, 208 del conss, 0 add conss, 1386 chg bounds, 0 chg sides, 642 chg coeffs, 265 upgd conss, 35108 impls, 3 clqs
(round 37, exhaustive) 472 del vars, 208 del conss, 0 add conss, 1386 chg bounds, 0 chg sides, 642 chg coeffs, 268 upgd conss, 35108 impls, 3 clqs
(round 38, exhaustive) 497 del vars, 208 del conss, 0 add conss, 1386 chg bounds, 0 chg sides, 642 chg coeffs, 268 upgd conss, 40541 impls, 3 clqs
(round 39, fast)       499 del vars, 222 del conss, 0 add conss, 1388 chg bounds, 0 chg sides, 642 chg coeffs, 268 upgd conss, 40541 impls, 3 clqs
(round 40, exhaustive) 499 del vars, 222 del conss, 0 add conss, 1388 chg bounds, 0 chg sides, 642 chg coeffs, 272 upgd conss, 40541 impls, 3 clqs
(round 41, exhaustive) 525 del vars, 222 del conss, 0 add conss, 1388 chg bounds, 0 chg sides, 642 chg coeffs, 272 upgd conss, 43766 impls, 3 clqs
(round 42, fast)       525 del vars, 239 del conss, 0 add conss, 1388 chg bounds, 0 chg sides, 642 chg coeffs, 272 upgd conss, 43766 impls, 3 clqs
   (0.3s) running MILP presolver
   (0.3s) MILP presolver found nothing
(round 43, exhaustive) 525 del vars, 239 del conss, 0 add conss, 1388 chg bounds, 0 chg sides, 642 chg coeffs, 273 upgd conss, 43766 impls, 3 clqs
(round 44, exhaustive) 551 del vars, 239 del conss, 0 add conss, 1388 chg bounds, 0 chg sides, 642 chg coeffs, 273 upgd conss, 46208 impls, 3 clqs
(round 45, fast)       551 del vars, 254 del conss, 0 add conss, 1388 chg bounds, 0 chg sides, 642 chg coeffs, 273 upgd conss, 46208 impls, 3 clqs
(round 46, exhaustive) 551 del vars, 254 del conss, 0 add conss, 1388 chg bounds, 0 chg sides, 642 chg coeffs, 275 upgd conss, 46208 impls, 3 clqs
(round 47, exhaustive) 576 del vars, 254 del conss, 0 add conss, 1388 chg bounds, 0 chg sides, 642 chg coeffs, 275 upgd conss, 47814 impls, 3 clqs
(round 48, fast)       576 del vars, 270 del conss, 0 add conss, 1388 chg bounds, 0 chg sides, 642 chg coeffs, 275 upgd conss, 47814 impls, 3 clqs
(round 49, exhaustive) 576 del vars, 270 del conss, 0 add conss, 1388 chg bounds, 0 chg sides, 642 chg coeffs, 277 upgd conss, 47814 impls, 3 clqs
(round 50, exhaustive) 602 del vars, 270 del conss, 0 add conss, 1388 chg bounds, 0 chg sides, 642 chg coeffs, 277 upgd conss, 50187 impls, 3 clqs
(round 51, fast)       602 del vars, 287 del conss, 0 add conss, 1388 chg bounds, 0 chg sides, 642 chg coeffs, 277 upgd conss, 50187 impls, 3 clqs
(round 52, exhaustive) 602 del vars, 287 del conss, 0 add conss, 1388 chg bounds, 0 chg sides, 642 chg coeffs, 278 upgd conss, 50187 impls, 3 clqs
(round 53, exhaustive) 627 del vars, 287 del conss, 0 add conss, 1388 chg bounds, 0 chg sides, 642 chg coeffs, 278 upgd conss, 52432 impls, 3 clqs
(round 54, fast)       627 del vars, 303 del conss, 0 add conss, 1388 chg bounds, 0 chg sides, 642 chg coeffs, 278 upgd conss, 52432 impls, 3 clqs
   (0.4s) running MILP presolver
   (0.4s) MILP presolver found nothing
(round 55, exhaustive) 627 del vars, 303 del conss, 0 add conss, 1388 chg bounds, 0 chg sides, 642 chg coeffs, 280 upgd conss, 52432 impls, 3 clqs
   (0.4s) probing cycle finished: starting next cycle
   (0.4s) probing: 51/324 (15.7%) - 451 fixings, 0 aggregations, 52599 implications, 0 bound changes
   (0.4s) probing aborted: 50/50 successive totally useless probings
(round 56, exhaustive) 639 del vars, 303 del conss, 0 add conss, 1388 chg bounds, 0 chg sides, 642 chg coeffs, 280 upgd conss, 52876 impls, 3 clqs
(round 57, fast)       639 del vars, 311 del conss, 0 add conss, 1388 chg bounds, 0 chg sides, 642 chg coeffs, 280 upgd conss, 52876 impls, 3 clqs
   (0.4s) probing: 56/324 (17.3%) - 451 fixings, 0 aggregations, 52599 implications, 0 bound changes
   (0.4s) probing aborted: 50/50 successive totally useless probings
   (0.4s) symmetry computation started: requiring (bin +, int -, cont +), (fixed: bin -, int +, cont -)
   (0.4s) symmetry computation finished: 2 generators found (max: 1500, log10 of symmetry group size: 0.8)
(round 58, exhaustive) 639 del vars, 311 del conss, 1 add conss, 1388 chg bounds, 0 chg sides, 642 chg coeffs, 280 upgd conss, 52876 impls, 3 clqs
presolving (59 rounds: 59 fast, 39 medium, 38 exhaustive):
 639 deleted vars, 311 deleted constraints, 1 added constraints, 1388 tightened bounds, 0 added holes, 0 changed sides, 642 changed coefficients
 52876 implications, 3 cliques
presolved problem has 651 variables (324 bin, 0 int, 0 impl, 327 cont) and 338 constraints
      6 constraints of type <varbound>
      3 constraints of type <setppc>
    328 constraints of type <linear>
      1 constraints of type <orbitope>
Presolving Time: 0.38

 time | node  | left  |LP iter|LP it/n|mem/heur|mdpt |vars |cons |rows |cuts |sepa|confs|strbr|  dualbound   | primalbound  |  gap   | compl. 
  0.4s|     1 |     0 |   185 |     - |    28M |   0 | 651 | 339 | 337 |   0 |  0 |   0 |   0 |-1.731960e+00 |      --      |    Inf | unknown
r 0.4s|     1 |     0 |   185 |     - |randroun|   0 | 651 | 339 | 337 |   0 |  0 |   0 |   0 |-1.731960e+00 |-1.731960e+00 |   0.00%| unknown
  0.4s|     1 |     0 |   185 |     - |    28M |   0 | 651 | 339 | 337 |   0 |  0 |   0 |   0 |-1.731960e+00 |-1.731960e+00 |   0.00%| unknown

SCIP Status        : problem is solved [optimal solution found]
Solving Time (sec) : 0.40
Solving Nodes      : 1
Primal Bound       : -1.73195955262755e+00 (1 solutions)
Dual Bound         : -1.73195955262755e+00
Gap                : 0.00 %

primal solution (original space):
=================================

objective value:                    -1.73195955262755
y_2,76_                                             1 	(obj:0)
y_3,76_                                             1 	(obj:0)
y_1,77_                                             1 	(obj:0)
x_2_                               -0.579439252336449 	(obj:1)
t_1,78_                              0.34016393442622 	(obj:0)
x_3_                               -0.579439252336449 	(obj:1)
t_3,77_                                             1 	(obj:0)
t_2,77_                                             1 	(obj:0)
x_1_                                -0.57308104795465 	(obj:1)
t_1,77_                              0.65983606557378 	(obj:0)

Statistics
==========

SCIP Status        : problem is solved [optimal solution found]
Total Time         :       0.40
  solving          :       0.40
  presolving       :       0.38 (included in solving)
  reading          :       0.00
  copying          :       0.00 (0 times copied the problem)
Original Problem   :
  Problem name     : ../modeles/3_214.lp
  Variables        : 1290 (642 binary, 0 integer, 0 implicit integer, 648 continuous)
  Constraints      : 655 initial, 655 maximal
  Objective        : minimize, 3 non-zeros (abs.min = 1, abs.max = 1)
Presolved Problem  :
  Problem name     : t_../modeles/3_214.lp
  Variables        : 651 (324 binary, 0 integer, 0 implicit integer, 327 continuous)
  Constraints      : 338 initial, 339 maximal
  Objective        : minimize, 324 non-zeros (abs.min = 0.0186916, abs.max = 1.00935)
  Nonzeros         : 2598 constraint, 324 clique table
Presolvers         :   ExecTime  SetupTime  Calls  FixedVars   AggrVars   ChgTypes  ChgBounds   AddHoles    DelCons    AddCons   ChgSides   ChgCoefs
  boundshift       :       0.00       0.00      0          0          0          0          0          0          0          0          0          0
  convertinttobin  :       0.00       0.00      0          0          0          0          0          0          0          0          0          0
  domcol           :       0.03       0.00     20          0          0          0          0          0          0          0          0          0
  dualagg          :       0.00       0.00      0          0          0          0          0          0          0          0          0          0
  dualcomp         :       0.01       0.00     20          0          0          0          0          0          0          0          0          0
  dualinfer        :       0.00       0.00      0          0          0          0          0          0          0          0          0          0
  dualsparsify     :       0.00       0.00      1          0          0          0          0          0          0          0          0          0
  gateextraction   :       0.00       0.00      0          0          0          0          0          0          0          0          0          0
  implics          :       0.00       0.00     39          0          0          0          0          0          0          0          0          0
  inttobinary      :       0.00       0.00      0          0          0          0          0          0          0          0          0          0
  milp             :       0.05       0.00      4        177          0          0          6          0          0          0          0          0
  qpkktref         :       0.00       0.00      0          0          0          0          0          0          0          0          0          0
  redvub           :       0.00       0.00      0          0          0          0          0          0          0          0          0          0
  sparsify         :       0.01       0.00      4          0          0          0          0          0          0          0          0          0
  stuffing         :       0.00       0.00      0          0          0          0          0          0          0          0          0          0
  trivial          :       0.00       0.00     59          0          0          0          0          0          0          0          0          0
  tworowbnd        :       0.00       0.00      0          0          0          0          0          0          0          0          0          0
  dualfix          :       0.00       0.00     59          0          0          0          0          0          0          0          0          0
  genvbounds       :       0.00       0.00      0          0          0          0          0          0          0          0          0          0
  probing          :       0.23       0.00     19        451          0          0          0          0          0          0          0          0
  pseudoobj        :       0.00       0.00      0          0          0          0          0          0          0          0          0          0
  symmetry         :       0.00       0.00      1          0          0          0          0          0          0          1          0          0
  vbounds          :       0.00       0.00      1          0          0          0          0          0          0          0          0          0
  varbound         :       0.00       0.00     94          0          0          0          6          0        271          0          0          0
  setppc           :       0.00       0.00    131          0          0          0          0          0          0          0          0          0
  linear           :       0.04       0.00     97          8          3          0       1376          0         40          0          0        642
  orbitope         :       0.00       0.00      1          0          0          0          0          0          0          0          0          0
  logicor          :       0.00       0.00      0          0          0          0          0          0          0          0          0          0
  benders          :       0.00       0.00      0          0          0          0          0          0          0          0          0          0
  components       :       0.00       0.00      1          0          0          0          0          0          0          0          0          0
  root node        :          -          -      -          0          -          -          0          -          -          -          -          -
Constraints        :     Number  MaxNumber  #Separate #Propagate    #EnfoLP    #EnfoRelax  #EnfoPS    #Check   #ResProp    Cutoffs    DomReds       Cuts    Applied      Conss   Children
  benderslp        :          0          0          0          0          0          0          0         11          0          0          0          0          0          0          0
  integral         :          0          0          0          0          0          0          0         11          0          0          0          0          0          0          0
  varbound         :          6          6          0       1944          0          0          0          5          0          0          0          0          0          0          0
  setppc           :          3          3          0       1942          0          0          0          5          0          0          0          0          0          0          0
  linear           :        328        328          0       1946          0          0          0          1          0        239          0          0          0          0          0
  orbitope         :          1          1          0         24          0          0          0          1          0          0          0          0          0          0          0
  logicor          :          0+         1          0          5          0          0          0          0          0          0          0          0          0          0          0
  benders          :          0          0          0          0          0          0          0          2          0          0          0          0          0          0          0
  countsols        :          0          0          0          0          0          0          0          2          0          0          0          0          0          0          0
  components       :          0          0          0          0          0          0          0          0          0          0          0          0          0          0          0
Constraint Timings :  TotalTime  SetupTime   Separate  Propagate     EnfoLP     EnfoPS     EnfoRelax   Check    ResProp    SB-Prop
  benderslp        :       0.00       0.00       0.00       0.00       0.00       0.00       0.00       0.00       0.00       0.00
  integral         :       0.00       0.00       0.00       0.00       0.00       0.00       0.00       0.00       0.00       0.00
  varbound         :       0.01       0.00       0.00       0.01       0.00       0.00       0.00       0.00       0.00       0.00
  setppc           :       0.00       0.00       0.00       0.00       0.00       0.00       0.00       0.00       0.00       0.00
  linear           :       0.07       0.00       0.00       0.07       0.00       0.00       0.00       0.00       0.00       0.00
  orbitope         :       0.00       0.00       0.00       0.00       0.00       0.00       0.00       0.00       0.00       0.00
  logicor          :       0.00       0.00       0.00       0.00       0.00       0.00       0.00       0.00       0.00       0.00
  benders          :       0.00       0.00       0.00       0.00       0.00       0.00       0.00       0.00       0.00       0.00
  countsols        :       0.00       0.00       0.00       0.00       0.00       0.00       0.00       0.00       0.00       0.00
  components       :       0.00       0.00       0.00       0.00       0.00       0.00       0.00       0.00       0.00       0.00
Propagators        : #Propagate   #ResProp    Cutoffs    DomReds
  dualfix          :          1          0          0          0
  genvbounds       :          0          0          0          0
  nlobbt           :          0          0          0          0
  obbt             :          0          0          0          0
  probing          :          0          0          0          0
  pseudoobj        :          2          0          0          0
  redcost          :          1          0          0          0
  rootredcost      :          0          0          0          0
  symmetry         :          0          0          0          0
  vbounds          :         16          0          0          0
Propagator Timings :  TotalTime  SetupTime   Presolve  Propagate    ResProp    SB-Prop
  dualfix          :       0.00       0.00       0.00       0.00       0.00       0.00
  genvbounds       :       0.00       0.00       0.00       0.00       0.00       0.00
  nlobbt           :       0.00       0.00       0.00       0.00       0.00       0.00
  obbt             :       0.00       0.00       0.00       0.00       0.00       0.00
  probing          :       0.23       0.00       0.23       0.00       0.00       0.00
  pseudoobj        :       0.00       0.00       0.00       0.00       0.00       0.00
  redcost          :       0.00       0.00       0.00       0.00       0.00       0.00
  rootredcost      :       0.00       0.00       0.00       0.00       0.00       0.00
  symmetry         :       0.00       0.00       0.00       0.00       0.00       0.00
  vbounds          :       0.00       0.00       0.00       0.00       0.00       0.00
Orbital fixing     :
  vars fixed to 0  :          0
  vars fixed to 1  :          0
Conflict Analysis  :       Time      Calls    Success    DomReds  Conflicts   Literals    Reconvs ReconvLits   Dualrays   Nonzeros   LP Iters   (pool size: [10000,10000])
  propagation      :       0.00          0          0          -          0        0.0          0        0.0          -          -          -
  infeasible LP    :       0.00          2          0          -          0        0.0          0        0.0          0        0.0          0
  bound exceed. LP :       0.00          0          0          -          0        0.0          0        0.0          0        0.0          0
  strong branching :       0.00          0          0          -          0        0.0          0        0.0          -          -          0
  pseudo solution  :       0.00          0          0          -          0        0.0          0        0.0          -          -          -
  applied globally :       0.00          -          -          0          0        0.0          -          -          0          -          -
  applied locally  :          -          -          -          0          0        0.0          -          -          0          -          -
Separators         :   ExecTime  SetupTime      Calls    Cutoffs    DomReds       Cuts    Applied      Conss
  cut pool         :       0.00                     0          -          -          0          -          -    (maximal pool size: 0)
  aggregation      :       0.00       0.00          0          0          0          0          0          0
  > cmir           :          -          -          -          -          -          -          0          -
  > flowcover      :          -          -          -          -          -          -          0          -
  > knapsackcover  :          -          -          -          -          -          -          0          -
  cgmip            :       0.00       0.00          0          0          0          0          0          0
  clique           :       0.00       0.00          0          0          0          0          0          0
  closecuts        :       0.00       0.00          0          0          0          0          0          0
  convexproj       :       0.00       0.00          0          0          0          0          0          0
  disjunctive      :       0.00       0.00          0          0          0          0          0          0
  eccuts           :       0.00       0.00          0          0          0          0          0          0
  gauge            :       0.00       0.00          0          0          0          0          0          0
  gomory           :       0.00       0.00          0          0          0          0          0          0
  > gomorymi       :          -          -          -          -          -          -          0          -
  > strongcg       :          -          -          -          -          -          -          0          -
  impliedbounds    :       0.00       0.00          0          0          0          0          0          0
  interminor       :       0.00       0.00          0          0          0          0          0          0
  intobj           :       0.00       0.00          0          0          0          0          0          0
  mcf              :       0.00       0.00          0          0          0          0          0          0
  minor            :       0.00       0.00          0          0          0          0          0          0
  mixing           :       0.00       0.00          0          0          0          0          0          0
  oddcycle         :       0.00       0.00          0          0          0          0          0          0
  rapidlearning    :       0.00       0.00          0          0          0          0          0          0
  rlt              :       0.00       0.00          0          0          0          0          0          0
  zerohalf         :       0.00       0.00          0          0          0          0          0          0
Cutselectors       :   ExecTime  SetupTime
  hybrid           :       0.00       0.00
Pricers            :   ExecTime  SetupTime      Calls       Vars
  problem variables:       0.00          -          0          0
Branching Rules    :   ExecTime  SetupTime   BranchLP  BranchExt   BranchPS    Cutoffs    DomReds       Cuts      Conss   Children
  allfullstrong    :       0.00       0.00          0          0          0          0          0          0          0          0
  cloud            :       0.00       0.00          0          0          0          0          0          0          0          0
  distribution     :       0.00       0.00          0          0          0          0          0          0          0          0
  fullstrong       :       0.00       0.00          0          0          0          0          0          0          0          0
  inference        :       0.00       0.00          0          0          0          0          0          0          0          0
  leastinf         :       0.00       0.00          0          0          0          0          0          0          0          0
  lookahead        :       0.00       0.00          0          0          0          0          0          0          0          0
  mostinf          :       0.00       0.00          0          0          0          0          0          0          0          0
  multaggr         :       0.00       0.00          0          0          0          0          0          0          0          0
  nodereopt        :       0.00       0.00          0          0          0          0          0          0          0          0
  pscost           :       0.00       0.00          0          0          0          0          0          0          0          0
  random           :       0.00       0.00          0          0          0          0          0          0          0          0
  relpscost        :       0.00       0.00          0          0          0          0          0          0          0          0
  vanillafullstrong:       0.00       0.00          0          0          0          0          0          0          0          0
Primal Heuristics  :   ExecTime  SetupTime      Calls      Found       Best
  LP solutions     :       0.00          -          -          0          0
  relax solutions  :       0.00          -          -          0          0
  pseudo solutions :       0.00          -          -          0          0
  strong branching :       0.00          -          -          0          0
  actconsdiving    :       0.00       0.00          0          0          0
  adaptivediving   :       0.00       0.00          0          0          0
  alns             :       0.00       0.00          0          0          0
  bound            :       0.00       0.00          0          0          0
  clique           :       0.00       0.00          1          0          0
  coefdiving       :       0.00       0.00          0          0          0
  completesol      :       0.00       0.00          0          0          0
  conflictdiving   :       0.00       0.00          0          0          0
  crossover        :       0.00       0.00          0          0          0
  dins             :       0.00       0.00          0          0          0
  distributiondivin:       0.00       0.00          0          0          0
  dps              :       0.00       0.00          0          0          0
  dualval          :       0.00       0.00          0          0          0
  farkasdiving     :       0.00       0.00          0          0          0
  feaspump         :       0.00       0.00          0          0          0
  fixandinfer      :       0.00       0.00          0          0          0
  fracdiving       :       0.00       0.00          0          0          0
  gins             :       0.00       0.00          0          0          0
  guideddiving     :       0.00       0.00          0          0          0
  indicator        :       0.00       0.00          0          0          0
  intdiving        :       0.00       0.00          0          0          0
  intshifting      :       0.00       0.00          0          0          0
  linesearchdiving :       0.00       0.00          0          0          0
  localbranching   :       0.00       0.00          0          0          0
  locks            :       0.00       0.00          1          0          0
  lpface           :       0.00       0.00          0          0          0
  mpec             :       0.00       0.00          0          0          0
  multistart       :       0.00       0.00          0          0          0
  mutation         :       0.00       0.00          0          0          0
  nlpdiving        :       0.00       0.00          0          0          0
  objpscostdiving  :       0.00       0.00          0          0          0
  octane           :       0.00       0.00          0          0          0
  ofins            :       0.00       0.00          0          0          0
  oneopt           :       0.00       0.00          0          0          0
  padm             :       0.00       0.00          0          0          0
  proximity        :       0.00       0.00          0          0          0
  pscostdiving     :       0.00       0.00          0          0          0
  randrounding     :       0.00       0.00          1          1          1
  rens             :       0.00       0.00          0          0          0
  reoptsols        :       0.00       0.00          0          0          0
  repair           :       0.00       0.00          0          0          0
  rins             :       0.00       0.00          0          0          0
  rootsoldiving    :       0.00       0.00          0          0          0
  rounding         :       0.00       0.00          0          0          0
  shiftandpropagate:       0.00       0.00          1          0          0
  shifting         :       0.00       0.00          0          0          0
  simplerounding   :       0.00       0.00          0          0          0
  subnlp           :       0.00       0.00          0          0          0
  trivial          :       0.00       0.00          2          0          0
  trivialnegation  :       0.00       0.00          0          0          0
  trustregion      :       0.00       0.00          0          0          0
  trysol           :       0.00       0.00          0          0          0
  twoopt           :       0.00       0.00          0          0          0
  undercover       :       0.00       0.00          0          0          0
  vbounds          :       0.00       0.00          0          0          0
  veclendiving     :       0.00       0.00          0          0          0
  zeroobj          :       0.00       0.00          0          0          0
  zirounding       :       0.00       0.00          0          0          0
  other solutions  :          -          -          -          0          -
Diving (single)    :      Calls      Nodes   LP Iters Backtracks  Conflicts   MinDepth   MaxDepth   AvgDepth  RoundSols  NLeafSols  MinSolDpt  MaxSolDpt  AvgSolDpt
  actconsdiving    :          0          -          -          -          -          -          -          -          -          -          -          -          -
  coefdiving       :          0          -          -          -          -          -          -          -          -          -          -          -          -
  conflictdiving   :          0          -          -          -          -          -          -          -          -          -          -          -          -
  distributiondivin:          0          -          -          -          -          -          -          -          -          -          -          -          -
  farkasdiving     :          0          -          -          -          -          -          -          -          -          -          -          -          -
  fracdiving       :          0          -          -          -          -          -          -          -          -          -          -          -          -
  guideddiving     :          0          -          -          -          -          -          -          -          -          -          -          -          -
  linesearchdiving :          0          -          -          -          -          -          -          -          -          -          -          -          -
  pscostdiving     :          0          -          -          -          -          -          -          -          -          -          -          -          -
  veclendiving     :          0          -          -          -          -          -          -          -          -          -          -          -          -
Diving (adaptive)  :      Calls      Nodes   LP Iters Backtracks  Conflicts   MinDepth   MaxDepth   AvgDepth  RoundSols  NLeafSols  MinSolDpt  MaxSolDpt  AvgSolDpt
  actconsdiving    :          0          -          -          -          -          -          -          -          -          -          -          -          -
  coefdiving       :          0          -          -          -          -          -          -          -          -          -          -          -          -
  conflictdiving   :          0          -          -          -          -          -          -          -          -          -          -          -          -
  distributiondivin:          0          -          -          -          -          -          -          -          -          -          -          -          -
  farkasdiving     :          0          -          -          -          -          -          -          -          -          -          -          -          -
  fracdiving       :          0          -          -          -          -          -          -          -          -          -          -          -          -
  guideddiving     :          0          -          -          -          -          -          -          -          -          -          -          -          -
  linesearchdiving :          0          -          -          -          -          -          -          -          -          -          -          -          -
  pscostdiving     :          0          -          -          -          -          -          -          -          -          -          -          -          -
  veclendiving     :          0          -          -          -          -          -          -          -          -          -          -          -          -
Neighborhoods      :      Calls  SetupTime  SolveTime SolveNodes       Sols       Best       Exp3  EpsGreedy        UCB TgtFixRate  Opt  Inf Node Stal  Sol  Usr Othr Actv
  rens             :          0       0.00       0.00          0          0          0    0.00000   -1.00000    1.00000      0.900    0    0    0    0    0    0    0    1
  rins             :          0       0.00       0.00          0          0          0    0.00000   -1.00000    1.00000      0.900    0    0    0    0    0    0    0    1
  mutation         :          0       0.00       0.00          0          0          0    0.00000   -1.00000    1.00000      0.900    0    0    0    0    0    0    0    1
  localbranching   :          0       0.00       0.00          0          0          0    0.00000   -1.00000    1.00000      0.900    0    0    0    0    0    0    0    1
  crossover        :          0       0.00       0.00          0          0          0    0.00000   -1.00000    1.00000      0.900    0    0    0    0    0    0    0    1
  proximity        :          0       0.00       0.00          0          0          0    0.00000   -1.00000    1.00000      0.900    0    0    0    0    0    0    0    1
  zeroobjective    :          0       0.00       0.00          0          0          0    0.00000   -1.00000    1.00000      0.900    0    0    0    0    0    0    0    1
  dins             :          0       0.00       0.00          0          0          0    0.00000   -1.00000    1.00000      0.900    0    0    0    0    0    0    0    1
  trustregion      :          0       0.00       0.00          0          0          0    0.00000   -1.00000    1.00000      0.900    0    0    0    0    0    0    0    0
LP                 :       Time      Calls Iterations  Iter/call   Iter/sec  Time-0-It Calls-0-It    ItLimit
  primal LP        :       0.00          0          0       0.00          -       0.00          0
  dual LP          :       0.00          1        174     174.00          -       0.00          0
  lex dual LP      :       0.00          0          0       0.00          -
  barrier LP       :       0.00          0          0       0.00          -       0.00          0
  resolve instable :       0.00          0          0       0.00          -
  diving/probing LP:       0.00          3         11       3.67          -
  strong branching :       0.00          0          0       0.00          -          -          -          0
    (at root node) :          -          0          0       0.00          -
  conflict analysis:       0.00          0          0       0.00          -
B&B Tree           :
  number of runs   :          1
  nodes            :          1 (0 internal, 1 leaves)
  feasible leaves  :          0
  infeas. leaves   :          0
  objective leaves :          1
  nodes (total)    :          1 (0 internal, 1 leaves)
  nodes left       :          0
  max depth        :          0
  max depth (total):          0
  backtracks       :          0 (0.0%)
  early backtracks :          0 (0.0%)
  nodes exc. ref.  :          0 (0.0%)
  delayed cutoffs  :          0
  repropagations   :          0 (0 domain reductions, 0 cutoffs)
  avg switch length:       2.00
  switching time   :       0.00
Estim. Tree Size   :          1
Estimation Tree    : 1 nodes (1 visited, 0 internal, 1 leaves, 0 open), weight: 1.0000 completed 1.0000
Estimations        :      estim      value      trend resolution     smooth
  wbe              :          1          -          -          -          -
  tree-profile     :         -1          -          -          -          -
  gap              :          1    1.00000    1.00000          1          1
  tree-weight      :          1    1.00000    1.00000          1          1
  leaf-frequency   :          1    0.50000    1.00000          1          1
  ssg              :          1    0.00000   -1.00000          1          1
  open-nodes       :          1    0.00000    0.00000          1          1
Root Node          :
  First LP value   : -1.73195955262755e+00
  First LP Iters   :        174 (66666.67 Iter/sec)
  First LP Time    :       0.00
  Final Dual Bound : -1.73195955262755e+00
  Final Root Iters :        174
  Root LP Estimate :                     -
Solution           :
  Solutions found  :          1 (1 improvements)
  First Solution   : -1.73195955262755e+00   (in run 1, after 1 nodes, 0.40 seconds, depth 3, found by <randrounding>)
  Gap First Sol.   :       0.00 %
  Gap Last Sol.    :       0.00 %
  Primal Bound     : -1.73195955262755e+00   (in run 1, after 1 nodes, 0.40 seconds, depth 3, found by <randrounding>)
  Dual Bound       : -1.73195955262755e+00
  Gap              :       0.00 %
Integrals          :      Total       Avg%
  primal-dual      :      39.66      99.91
  primal-ref       :          -          - (not evaluated)
  dual-ref         :          -          - (not evaluated)
