SCIP version 8.0.0 [precision: 8 byte] [memory: block] [mode: optimized] [LP solver: SoPlex 6.0.0] [GitHash: a740f0891e]
Copyright (C) 2002-2021 Konrad-Zuse-Zentrum fuer Informationstechnik Berlin (ZIB)

External libraries: 
  SoPlex 6.0.0         Linear Programming Solver developed at Zuse Institute Berlin (soplex.zib.de) [GitHash: 71a5873d]
  CppAD 20180000.0     Algorithmic Differentiation of C++ algorithms developed by B. Bell (github.com/coin-or/CppAD)
  ZLIB 1.2.11          General purpose compression library by J. Gailly and M. Adler (zlib.net)
  GMP 6.2.1            GNU Multiple Precision Arithmetic Library developed by T. Granlund (gmplib.org)
  ZIMPL 3.5.1          Zuse Institute Mathematical Programming Language developed by T. Koch (zimpl.zib.de)
  AMPL/MP 4e2d45c4     AMPL .nl file reader library (github.com/ampl/mp)
  PaPILO 2.0.0         parallel presolve for integer and linear optimization (github.com/scipopt/papilo) [GitHash: 76cafc1]
  bliss 0.73p          Computing Graph Automorphism Groups by T. Junttila and P. Kaski (www.tcs.hut.fi/Software/bliss/)
  Ipopt 3.13.2         Interior Point Optimizer developed by A. Waechter et.al. (github.com/coin-or/Ipopt)

user parameter file <scip.set> not found - using default parameters

read problem <../modeles/3_244.lp>
============

original problem has 1470 variables (732 bin, 0 int, 0 impl, 738 cont) and 745 constraints

solve problem
=============

presolving:
(round 1, fast)       3 del vars, 0 del conss, 0 add conss, 1560 chg bounds, 0 chg sides, 0 chg coeffs, 0 upgd conss, 0 impls, 3 clqs
(round 2, fast)       3 del vars, 0 del conss, 0 add conss, 1560 chg bounds, 0 chg sides, 726 chg coeffs, 0 upgd conss, 0 impls, 3 clqs
   (0.0s) running MILP presolver
   (0.0s) MILP presolver (2 rounds): 0 aggregations, 0 fixings, 6 bound changes
(round 3, exhaustive) 3 del vars, 0 del conss, 0 add conss, 1566 chg bounds, 0 chg sides, 726 chg coeffs, 9 upgd conss, 0 impls, 3 clqs
(round 4, exhaustive) 28 del vars, 0 del conss, 0 add conss, 1566 chg bounds, 0 chg sides, 726 chg coeffs, 9 upgd conss, 5345 impls, 3 clqs
(round 5, exhaustive) 28 del vars, 0 del conss, 0 add conss, 1566 chg bounds, 0 chg sides, 726 chg coeffs, 51 upgd conss, 5345 impls, 3 clqs
(round 6, exhaustive) 53 del vars, 0 del conss, 0 add conss, 1566 chg bounds, 0 chg sides, 726 chg coeffs, 51 upgd conss, 10458 impls, 3 clqs
(round 7, fast)       53 del vars, 4 del conss, 0 add conss, 1566 chg bounds, 0 chg sides, 726 chg coeffs, 51 upgd conss, 10458 impls, 3 clqs
(round 8, exhaustive) 53 del vars, 4 del conss, 0 add conss, 1566 chg bounds, 0 chg sides, 726 chg coeffs, 89 upgd conss, 10458 impls, 3 clqs
(round 9, exhaustive) 78 del vars, 4 del conss, 0 add conss, 1566 chg bounds, 0 chg sides, 726 chg coeffs, 89 upgd conss, 13858 impls, 3 clqs
(round 10, fast)       79 del vars, 8 del conss, 0 add conss, 1567 chg bounds, 0 chg sides, 726 chg coeffs, 89 upgd conss, 13858 impls, 3 clqs
(round 11, exhaustive) 79 del vars, 8 del conss, 0 add conss, 1567 chg bounds, 0 chg sides, 726 chg coeffs, 128 upgd conss, 13858 impls, 3 clqs
(round 12, exhaustive) 104 del vars, 8 del conss, 0 add conss, 1567 chg bounds, 0 chg sides, 726 chg coeffs, 128 upgd conss, 18895 impls, 3 clqs
(round 13, fast)       105 del vars, 14 del conss, 0 add conss, 1568 chg bounds, 0 chg sides, 726 chg coeffs, 128 upgd conss, 18895 impls, 3 clqs
(round 14, exhaustive) 105 del vars, 14 del conss, 0 add conss, 1568 chg bounds, 0 chg sides, 726 chg coeffs, 158 upgd conss, 18895 impls, 3 clqs
(round 15, exhaustive) 132 del vars, 14 del conss, 0 add conss, 1568 chg bounds, 0 chg sides, 726 chg coeffs, 158 upgd conss, 21527 impls, 3 clqs
(round 16, fast)       132 del vars, 25 del conss, 0 add conss, 1568 chg bounds, 0 chg sides, 726 chg coeffs, 158 upgd conss, 21527 impls, 3 clqs
(round 17, exhaustive) 132 del vars, 25 del conss, 0 add conss, 1568 chg bounds, 0 chg sides, 726 chg coeffs, 175 upgd conss, 21527 impls, 3 clqs
(round 18, exhaustive) 157 del vars, 25 del conss, 0 add conss, 1568 chg bounds, 0 chg sides, 726 chg coeffs, 175 upgd conss, 26631 impls, 3 clqs
(round 19, fast)       158 del vars, 34 del conss, 0 add conss, 1569 chg bounds, 0 chg sides, 726 chg coeffs, 175 upgd conss, 26631 impls, 3 clqs
(round 20, exhaustive) 158 del vars, 34 del conss, 0 add conss, 1569 chg bounds, 0 chg sides, 726 chg coeffs, 196 upgd conss, 26631 impls, 3 clqs
(round 21, exhaustive) 183 del vars, 34 del conss, 0 add conss, 1569 chg bounds, 0 chg sides, 726 chg coeffs, 196 upgd conss, 31455 impls, 3 clqs
(round 22, fast)       183 del vars, 44 del conss, 0 add conss, 1569 chg bounds, 0 chg sides, 726 chg coeffs, 196 upgd conss, 31455 impls, 3 clqs
(round 23, exhaustive) 183 del vars, 44 del conss, 0 add conss, 1569 chg bounds, 0 chg sides, 726 chg coeffs, 216 upgd conss, 31455 impls, 3 clqs
(round 24, exhaustive) 208 del vars, 44 del conss, 0 add conss, 1569 chg bounds, 0 chg sides, 726 chg coeffs, 216 upgd conss, 33955 impls, 3 clqs
(round 25, fast)       210 del vars, 57 del conss, 0 add conss, 1571 chg bounds, 0 chg sides, 726 chg coeffs, 216 upgd conss, 33955 impls, 3 clqs
(round 26, exhaustive) 210 del vars, 57 del conss, 0 add conss, 1571 chg bounds, 0 chg sides, 726 chg coeffs, 231 upgd conss, 33955 impls, 3 clqs
(round 27, exhaustive) 235 del vars, 57 del conss, 0 add conss, 1571 chg bounds, 0 chg sides, 726 chg coeffs, 231 upgd conss, 39065 impls, 3 clqs
(round 28, fast)       235 del vars, 66 del conss, 0 add conss, 1571 chg bounds, 0 chg sides, 726 chg coeffs, 231 upgd conss, 39065 impls, 3 clqs
   (0.3s) running MILP presolver
   (0.3s) MILP presolver (9 rounds): 0 aggregations, 66 fixings, 0 bound changes
(round 29, medium)     301 del vars, 94 del conss, 0 add conss, 1571 chg bounds, 0 chg sides, 726 chg coeffs, 231 upgd conss, 39065 impls, 3 clqs
(round 30, fast)       301 del vars, 102 del conss, 0 add conss, 1571 chg bounds, 0 chg sides, 726 chg coeffs, 231 upgd conss, 39065 impls, 3 clqs
(round 31, exhaustive) 301 del vars, 102 del conss, 0 add conss, 1571 chg bounds, 0 chg sides, 726 chg coeffs, 270 upgd conss, 39065 impls, 3 clqs
(round 32, exhaustive) 326 del vars, 102 del conss, 0 add conss, 1571 chg bounds, 0 chg sides, 726 chg coeffs, 270 upgd conss, 40949 impls, 3 clqs
(round 33, fast)       327 del vars, 116 del conss, 0 add conss, 1572 chg bounds, 0 chg sides, 726 chg coeffs, 270 upgd conss, 40949 impls, 3 clqs
(round 34, exhaustive) 327 del vars, 116 del conss, 0 add conss, 1572 chg bounds, 0 chg sides, 726 chg coeffs, 280 upgd conss, 40949 impls, 3 clqs
(round 35, exhaustive) 355 del vars, 116 del conss, 0 add conss, 1572 chg bounds, 0 chg sides, 726 chg coeffs, 280 upgd conss, 44199 impls, 3 clqs
(round 36, fast)       355 del vars, 132 del conss, 0 add conss, 1572 chg bounds, 0 chg sides, 726 chg coeffs, 280 upgd conss, 44199 impls, 3 clqs
(round 37, exhaustive) 355 del vars, 132 del conss, 0 add conss, 1572 chg bounds, 0 chg sides, 726 chg coeffs, 288 upgd conss, 44199 impls, 3 clqs
(round 38, exhaustive) 380 del vars, 132 del conss, 0 add conss, 1572 chg bounds, 0 chg sides, 726 chg coeffs, 288 upgd conss, 46748 impls, 3 clqs
(round 39, fast)       380 del vars, 145 del conss, 0 add conss, 1572 chg bounds, 0 chg sides, 726 chg coeffs, 288 upgd conss, 46748 impls, 3 clqs
(round 40, exhaustive) 380 del vars, 145 del conss, 0 add conss, 1572 chg bounds, 0 chg sides, 726 chg coeffs, 299 upgd conss, 46748 impls, 3 clqs
(round 41, exhaustive) 407 del vars, 145 del conss, 0 add conss, 1572 chg bounds, 0 chg sides, 726 chg coeffs, 299 upgd conss, 49427 impls, 3 clqs
(round 42, fast)       407 del vars, 158 del conss, 0 add conss, 1572 chg bounds, 0 chg sides, 726 chg coeffs, 299 upgd conss, 49427 impls, 3 clqs
(round 43, exhaustive) 407 del vars, 158 del conss, 0 add conss, 1572 chg bounds, 0 chg sides, 726 chg coeffs, 310 upgd conss, 49427 impls, 3 clqs
(round 44, exhaustive) 433 del vars, 158 del conss, 0 add conss, 1572 chg bounds, 0 chg sides, 726 chg coeffs, 310 upgd conss, 50542 impls, 3 clqs
(round 45, fast)       433 del vars, 174 del conss, 0 add conss, 1572 chg bounds, 0 chg sides, 726 chg coeffs, 310 upgd conss, 50542 impls, 3 clqs
(round 46, exhaustive) 433 del vars, 174 del conss, 0 add conss, 1572 chg bounds, 0 chg sides, 726 chg coeffs, 314 upgd conss, 50542 impls, 3 clqs
(round 47, exhaustive) 458 del vars, 174 del conss, 0 add conss, 1572 chg bounds, 0 chg sides, 726 chg coeffs, 314 upgd conss, 54133 impls, 3 clqs
(round 48, fast)       459 del vars, 188 del conss, 0 add conss, 1573 chg bounds, 0 chg sides, 726 chg coeffs, 314 upgd conss, 54133 impls, 3 clqs
(round 49, exhaustive) 459 del vars, 188 del conss, 0 add conss, 1573 chg bounds, 0 chg sides, 726 chg coeffs, 324 upgd conss, 54133 impls, 3 clqs
(round 50, exhaustive) 484 del vars, 188 del conss, 0 add conss, 1573 chg bounds, 0 chg sides, 726 chg coeffs, 324 upgd conss, 56787 impls, 3 clqs
(round 51, fast)       486 del vars, 204 del conss, 0 add conss, 1575 chg bounds, 0 chg sides, 726 chg coeffs, 324 upgd conss, 56787 impls, 3 clqs
   (0.4s) running MILP presolver
   (0.4s) MILP presolver (22 rounds): 0 aggregations, 194 fixings, 0 bound changes
(round 52, medium)     680 del vars, 300 del conss, 0 add conss, 1575 chg bounds, 0 chg sides, 726 chg coeffs, 324 upgd conss, 56787 impls, 3 clqs
(round 53, fast)       680 del vars, 326 del conss, 0 add conss, 1575 chg bounds, 0 chg sides, 726 chg coeffs, 324 upgd conss, 56787 impls, 3 clqs
(round 54, exhaustive) 680 del vars, 326 del conss, 0 add conss, 1575 chg bounds, 0 chg sides, 726 chg coeffs, 325 upgd conss, 56787 impls, 3 clqs
(round 55, exhaustive) 705 del vars, 326 del conss, 0 add conss, 1575 chg bounds, 0 chg sides, 726 chg coeffs, 325 upgd conss, 67373 impls, 3 clqs
(round 56, fast)       705 del vars, 342 del conss, 0 add conss, 1575 chg bounds, 0 chg sides, 726 chg coeffs, 325 upgd conss, 67373 impls, 3 clqs
(round 57, exhaustive) 705 del vars, 342 del conss, 0 add conss, 1575 chg bounds, 0 chg sides, 726 chg coeffs, 327 upgd conss, 67373 impls, 3 clqs
   (0.5s) probing cycle finished: starting next cycle
   (0.5s) probing: 51/372 (13.7%) - 451 fixings, 0 aggregations, 71029 implications, 0 bound changes
   (0.5s) probing aborted: 50/50 successive totally useless probings
(round 58, exhaustive) 723 del vars, 342 del conss, 0 add conss, 1575 chg bounds, 0 chg sides, 726 chg coeffs, 327 upgd conss, 71353 impls, 3 clqs
(round 59, fast)       723 del vars, 354 del conss, 0 add conss, 1575 chg bounds, 0 chg sides, 726 chg coeffs, 327 upgd conss, 71353 impls, 3 clqs
   (0.5s) probing: 56/372 (15.1%) - 451 fixings, 0 aggregations, 71029 implications, 0 bound changes
   (0.5s) probing aborted: 50/50 successive totally useless probings
   (0.5s) symmetry computation started: requiring (bin +, int -, cont +), (fixed: bin -, int +, cont -)
   (0.5s) symmetry computation finished: 2 generators found (max: 1500, log10 of symmetry group size: 0.8)
(round 60, exhaustive) 723 del vars, 354 del conss, 1 add conss, 1575 chg bounds, 0 chg sides, 726 chg coeffs, 327 upgd conss, 71353 impls, 3 clqs
presolving (61 rounds: 61 fast, 40 medium, 38 exhaustive):
 723 deleted vars, 354 deleted constraints, 1 added constraints, 1575 tightened bounds, 0 added holes, 0 changed sides, 726 changed coefficients
 71353 implications, 3 cliques
presolved problem has 747 variables (372 bin, 0 int, 0 impl, 375 cont) and 386 constraints
      6 constraints of type <varbound>
      3 constraints of type <setppc>
    376 constraints of type <linear>
      1 constraints of type <orbitope>
Presolving Time: 0.51

 time | node  | left  |LP iter|LP it/n|mem/heur|mdpt |vars |cons |rows |cuts |sepa|confs|strbr|  dualbound   | primalbound  |  gap   | compl. 
  0.5s|     1 |     0 |   246 |     - |    29M |   0 | 747 | 387 | 385 |   0 |  0 |   0 |   0 |-1.731933e+00 |      --      |    Inf | unknown
o 0.5s|     1 |     0 |   432 |     - |feaspump|   0 | 747 | 387 | 385 |   0 |  0 |   0 |   0 |-1.731933e+00 |-1.704918e+00 |   1.58%| unknown
  0.5s|     1 |     0 |   433 |     - |    29M |   0 | 747 | 387 | 386 |   1 |  1 |   0 |   0 |-1.731933e+00 |-1.704918e+00 |   1.58%| unknown
  0.5s|     1 |     0 |   434 |     - |    29M |   0 | 747 | 387 | 387 |   2 |  2 |   0 |   0 |-1.731933e+00 |-1.704918e+00 |   1.58%| unknown
  0.5s|     1 |     0 |   435 |     - |    29M |   0 | 747 | 387 | 388 |   3 |  3 |   0 |   0 |-1.731933e+00 |-1.704918e+00 |   1.58%| unknown
  0.5s|     1 |     0 |   436 |     - |    29M |   0 | 747 | 387 | 389 |   4 |  4 |   0 |   0 |-1.731933e+00 |-1.704918e+00 |   1.58%| unknown
  0.6s|     1 |     0 |   437 |     - |    29M |   0 | 747 | 387 | 390 |   5 |  5 |   0 |   0 |-1.731933e+00 |-1.704918e+00 |   1.58%| unknown
  0.6s|     1 |     0 |   438 |     - |    29M |   0 | 747 | 387 | 391 |   6 |  6 |   0 |   0 |-1.731933e+00 |-1.704918e+00 |   1.58%| unknown
  0.6s|     1 |     0 |   439 |     - |    29M |   0 | 747 | 387 | 392 |   7 |  7 |   0 |   0 |-1.731933e+00 |-1.704918e+00 |   1.58%| unknown
  0.6s|     1 |     0 |   440 |     - |    29M |   0 | 747 | 387 | 393 |   8 |  8 |   0 |   0 |-1.731933e+00 |-1.704918e+00 |   1.58%| unknown
  0.6s|     1 |     0 |   441 |     - |    29M |   0 | 747 | 387 | 394 |   9 |  9 |   0 |   0 |-1.731933e+00 |-1.704918e+00 |   1.58%| unknown
  0.6s|     1 |     0 |   442 |     - |    30M |   0 | 747 | 387 | 395 |  10 | 10 |   0 |   0 |-1.731933e+00 |-1.704918e+00 |   1.58%| unknown
  0.6s|     1 |     0 |   443 |     - |    30M |   0 | 747 | 387 | 396 |  11 | 11 |   0 |   0 |-1.731933e+00 |-1.704918e+00 |   1.58%| unknown
L 0.6s|     1 |     0 |   480 |     - |    rens|   0 | 747 | 387 | 396 |  11 | 11 |   0 |   0 |-1.731933e+00 |-1.731933e+00 |   0.00%| unknown
  0.6s|     1 |     0 |   480 |     - |    30M |   0 | 747 | 387 | 396 |  11 | 11 |   0 |   0 |-1.731933e+00 |-1.731933e+00 |   0.00%| unknown

SCIP Status        : problem is solved [optimal solution found]
Solving Time (sec) : 0.58
Solving Nodes      : 1
Primal Bound       : -1.73193257908104e+00 (2 solutions)
Dual Bound         : -1.73193257908104e+00
Gap                : 0.00 %

primal solution (original space):
=================================

objective value:                    -1.73193257908104
y_1,87_                                             1 	(obj:0)
y_3,87_                                             1 	(obj:0)
y_2,88_                                             1 	(obj:0)
t_2,88_                                             1 	(obj:0)
x_3_                               -0.584391595474486 	(obj:1)
x_2_                               -0.573770491803279 	(obj:1)
t_3,87_                             0.647887323943671 	(obj:0)
t_3,88_                             0.352112676056329 	(obj:0)
t_1,88_                                             1 	(obj:0)
x_1_                               -0.573770491803279 	(obj:1)

Statistics
==========

SCIP Status        : problem is solved [optimal solution found]
Total Time         :       0.59
  solving          :       0.58
  presolving       :       0.51 (included in solving)
  reading          :       0.00
  copying          :       0.00 (1 #copies) (minimal 0.00, maximal 0.00, average 0.00)
Original Problem   :
  Problem name     : ../modeles/3_244.lp
  Variables        : 1470 (732 binary, 0 integer, 0 implicit integer, 738 continuous)
  Constraints      : 745 initial, 745 maximal
  Objective        : minimize, 3 non-zeros (abs.min = 1, abs.max = 1)
Presolved Problem  :
  Problem name     : t_../modeles/3_244.lp
  Variables        : 747 (372 binary, 0 integer, 0 implicit integer, 375 continuous)
  Constraints      : 386 initial, 387 maximal
  Objective        : minimize, 372 non-zeros (abs.min = 0.0163934, abs.max = 1.01639)
  Nonzeros         : 2982 constraint, 372 clique table
Presolvers         :   ExecTime  SetupTime  Calls  FixedVars   AggrVars   ChgTypes  ChgBounds   AddHoles    DelCons    AddCons   ChgSides   ChgCoefs
  boundshift       :       0.00       0.00      0          0          0          0          0          0          0          0          0          0
  convertinttobin  :       0.00       0.00      0          0          0          0          0          0          0          0          0          0
  domcol           :       0.04       0.00     20          0          0          0          0          0          0          0          0          0
  dualagg          :       0.00       0.00      0          0          0          0          0          0          0          0          0          0
  dualcomp         :       0.01       0.00     20          0          0          0          0          0          0          0          0          0
  dualinfer        :       0.00       0.00      0          0          0          0          0          0          0          0          0          0
  dualsparsify     :       0.00       0.00      1          0          0          0          0          0          0          0          0          0
  gateextraction   :       0.00       0.00      0          0          0          0          0          0          0          0          0          0
  implics          :       0.00       0.00     40          0          0          0          0          0          0          0          0          0
  inttobinary      :       0.00       0.00      0          0          0          0          0          0          0          0          0          0
  milp             :       0.08       0.00      3        260          0          0          6          0          0          0          0          0
  qpkktref         :       0.00       0.00      0          0          0          0          0          0          0          0          0          0
  redvub           :       0.00       0.00      0          0          0          0          0          0          0          0          0          0
  sparsify         :       0.02       0.00      4          0          0          0          0          0          0          0          0          0
  stuffing         :       0.00       0.00      0          0          0          0          0          0          0          0          0          0
  trivial          :       0.00       0.00     61          0          0          0          0          0          0          0          0          0
  tworowbnd        :       0.00       0.00      0          0          0          0          0          0          0          0          0          0
  dualfix          :       0.00       0.00     61          0          0          0          0          0          0          0          0          0
  genvbounds       :       0.00       0.00      0          0          0          0          0          0          0          0          0          0
  probing          :       0.29       0.00     19        451          0          0          0          0          0          0          0          0
  pseudoobj        :       0.00       0.00      0          0          0          0          0          0          0          0          0          0
  symmetry         :       0.00       0.00      1          0          0          0          0          0          0          1          0          0
  vbounds          :       0.00       0.00      1          0          0          0          0          0          0          0          0          0
  varbound         :       0.00       0.00     97          0          0          0          7          0        318          0          0          0
  setppc           :       0.00       0.00    134          0          0          0          0          0          0          0          0          0
  linear           :       0.06       0.00     99          9          3          0       1562          0         36          0          0        726
  orbitope         :       0.00       0.00      1          0          0          0          0          0          0          0          0          0
  logicor          :       0.00       0.00      0          0          0          0          0          0          0          0          0          0
  benders          :       0.00       0.00      0          0          0          0          0          0          0          0          0          0
  components       :       0.00       0.00      1          0          0          0          0          0          0          0          0          0
  root node        :          -          -      -          0          -          -          0          -          -          -          -          -
Constraints        :     Number  MaxNumber  #Separate #Propagate    #EnfoLP    #EnfoRelax  #EnfoPS    #Check   #ResProp    Cutoffs    DomReds       Cuts    Applied      Conss   Children
  benderslp        :          0          0          0          0          0          0          0         24          0          0          0          0          0          0          0
  integral         :          0          0          0          0          0          0          0         24          0          0          0          0          0          0          0
  varbound         :          6          6         11       2105          0          0          0         18          0          0          0          0          0          0          0
  setppc           :          3          3         11       2103          0          0          0         18          0          0          0          0          0          0          0
  linear           :        376        376         11       2107          0          0          0          8          0        260          0          0          0          0          0
  orbitope         :          1          1          0         82          0          0          0          2          0          0          0          0          0          0          0
  logicor          :          0+         1         11          6          0          0          0          0          0          0          0          0          0          0          0
  benders          :          0          0          0          0          0          0          0          3          0          0          0          0          0          0          0
  countsols        :          0          0          0          0          0          0          0          3          0          0          0          0          0          0          0
  components       :          0          0          0          0          0          0          0          0          0          0          0          0          0          0          0
Constraint Timings :  TotalTime  SetupTime   Separate  Propagate     EnfoLP     EnfoPS     EnfoRelax   Check    ResProp    SB-Prop
  benderslp        :       0.00       0.00       0.00       0.00       0.00       0.00       0.00       0.00       0.00       0.00
  integral         :       0.00       0.00       0.00       0.00       0.00       0.00       0.00       0.00       0.00       0.00
  varbound         :       0.01       0.00       0.00       0.01       0.00       0.00       0.00       0.00       0.00       0.00
  setppc           :       0.00       0.00       0.00       0.00       0.00       0.00       0.00       0.00       0.00       0.00
  linear           :       0.09       0.00       0.00       0.09       0.00       0.00       0.00       0.00       0.00       0.00
  orbitope         :       0.00       0.00       0.00       0.00       0.00       0.00       0.00       0.00       0.00       0.00
  logicor          :       0.00       0.00       0.00       0.00       0.00       0.00       0.00       0.00       0.00       0.00
  benders          :       0.00       0.00       0.00       0.00       0.00       0.00       0.00       0.00       0.00       0.00
  countsols        :       0.00       0.00       0.00       0.00       0.00       0.00       0.00       0.00       0.00       0.00
  components       :       0.00       0.00       0.00       0.00       0.00       0.00       0.00       0.00       0.00       0.00
Propagators        : #Propagate   #ResProp    Cutoffs    DomReds
  dualfix          :          1          0          0          0
  genvbounds       :          0          0          0          0
  nlobbt           :          0          0          0          0
  obbt             :          0          0          0          0
  probing          :          0          0          0          0
  pseudoobj        :         14          0          0          0
  redcost          :         13          0          0          0
  rootredcost      :          0          0          0          0
  symmetry         :          0          0          0          0
  vbounds          :         52          0          0          0
Propagator Timings :  TotalTime  SetupTime   Presolve  Propagate    ResProp    SB-Prop
  dualfix          :       0.00       0.00       0.00       0.00       0.00       0.00
  genvbounds       :       0.00       0.00       0.00       0.00       0.00       0.00
  nlobbt           :       0.00       0.00       0.00       0.00       0.00       0.00
  obbt             :       0.00       0.00       0.00       0.00       0.00       0.00
  probing          :       0.29       0.00       0.29       0.00       0.00       0.00
  pseudoobj        :       0.00       0.00       0.00       0.00       0.00       0.00
  redcost          :       0.00       0.00       0.00       0.00       0.00       0.00
  rootredcost      :       0.00       0.00       0.00       0.00       0.00       0.00
  symmetry         :       0.00       0.00       0.00       0.00       0.00       0.00
  vbounds          :       0.00       0.00       0.00       0.00       0.00       0.00
Orbital fixing     :
  vars fixed to 0  :          0
  vars fixed to 1  :          0
Conflict Analysis  :       Time      Calls    Success    DomReds  Conflicts   Literals    Reconvs ReconvLits   Dualrays   Nonzeros   LP Iters   (pool size: [10000,10000])
  propagation      :       0.00          0          0          -          0        0.0          0        0.0          -          -          -
  infeasible LP    :       0.00          2          0          -          0        0.0          0        0.0          0        0.0          0
  bound exceed. LP :       0.00          1          0          -          0        0.0          0        0.0          0        0.0          0
  strong branching :       0.00          0          0          -          0        0.0          0        0.0          -          -          0
  pseudo solution  :       0.00          0          0          -          0        0.0          0        0.0          -          -          -
  applied globally :       0.00          -          -          0          0        0.0          -          -          0          -          -
  applied locally  :          -          -          -          0          0        0.0          -          -          0          -          -
Separators         :   ExecTime  SetupTime      Calls    Cutoffs    DomReds       Cuts    Applied      Conss
  cut pool         :       0.00                    21          -          -         33          -          -    (maximal pool size: 58)
  aggregation      :       0.02       0.00         11          0          0         44         11          0
  > cmir           :          -          -          -          -          -          -         11          -
  > flowcover      :          -          -          -          -          -          -          0          -
  > knapsackcover  :          -          -          -          -          -          -          0          -
  cgmip            :       0.00       0.00          0          0          0          0          0          0
  clique           :       0.00       0.00         11          0          0          0          0          0
  closecuts        :       0.00       0.00          0          0          0          0          0          0
  convexproj       :       0.00       0.00          0          0          0          0          0          0
  disjunctive      :       0.00       0.00          0          0          0          0          0          0
  eccuts           :       0.00       0.00          0          0          0          0          0          0
  gauge            :       0.00       0.00          0          0          0          0          0          0
  gomory           :       0.01       0.00         10          0          0         14          0          0
  > gomorymi       :          -          -          -          -          -          -          0          -
  > strongcg       :          -          -          -          -          -          -          0          -
  impliedbounds    :       0.00       0.00         11          0          0          0          0          0
  interminor       :       0.00       0.00          0          0          0          0          0          0
  intobj           :       0.00       0.00          0          0          0          0          0          0
  mcf              :       0.00       0.00          1          0          0          0          0          0
  minor            :       0.00       0.00          0          0          0          0          0          0
  mixing           :       0.00       0.00         11          0          0          0          0          0
  oddcycle         :       0.00       0.00          0          0          0          0          0          0
  rapidlearning    :       0.00       0.00          0          0          0          0          0          0
  rlt              :       0.00       0.00         10          0          0          0          0          0
  zerohalf         :       0.00       0.00         11          0          0          0          0          0
Cutselectors       :   ExecTime  SetupTime
  hybrid           :       0.00       0.00
Pricers            :   ExecTime  SetupTime      Calls       Vars
  problem variables:       0.00          -          0          0
Branching Rules    :   ExecTime  SetupTime   BranchLP  BranchExt   BranchPS    Cutoffs    DomReds       Cuts      Conss   Children
  allfullstrong    :       0.00       0.00          0          0          0          0          0          0          0          0
  cloud            :       0.00       0.00          0          0          0          0          0          0          0          0
  distribution     :       0.00       0.00          0          0          0          0          0          0          0          0
  fullstrong       :       0.00       0.00          0          0          0          0          0          0          0          0
  inference        :       0.00       0.00          0          0          0          0          0          0          0          0
  leastinf         :       0.00       0.00          0          0          0          0          0          0          0          0
  lookahead        :       0.00       0.00          0          0          0          0          0          0          0          0
  mostinf          :       0.00       0.00          0          0          0          0          0          0          0          0
  multaggr         :       0.00       0.00          0          0          0          0          0          0          0          0
  nodereopt        :       0.00       0.00          0          0          0          0          0          0          0          0
  pscost           :       0.00       0.00          0          0          0          0          0          0          0          0
  random           :       0.00       0.00          0          0          0          0          0          0          0          0
  relpscost        :       0.00       0.00          0          0          0          0          0          0          0          0
  vanillafullstrong:       0.00       0.00          0          0          0          0          0          0          0          0
Primal Heuristics  :   ExecTime  SetupTime      Calls      Found       Best
  LP solutions     :       0.00          -          -          0          0
  relax solutions  :       0.00          -          -          0          0
  pseudo solutions :       0.00          -          -          0          0
  strong branching :       0.00          -          -          0          0
  actconsdiving    :       0.00       0.00          0          0          0
  adaptivediving   :       0.00       0.00          0          0          0
  alns             :       0.00       0.00          0          0          0
  bound            :       0.00       0.00          0          0          0
  clique           :       0.00       0.00          1          0          0
  coefdiving       :       0.00       0.00          0          0          0
  completesol      :       0.00       0.00          0          0          0
  conflictdiving   :       0.00       0.00          0          0          0
  crossover        :       0.00       0.00          0          0          0
  dins             :       0.00       0.00          0          0          0
  distributiondivin:       0.00       0.00          0          0          0
  dps              :       0.00       0.00          0          0          0
  dualval          :       0.00       0.00          0          0          0
  farkasdiving     :       0.00       0.00          0          0          0
  feaspump         :       0.00       0.00          1          1          1
  fixandinfer      :       0.00       0.00          0          0          0
  fracdiving       :       0.00       0.00          0          0          0
  gins             :       0.00       0.00          0          0          0
  guideddiving     :       0.00       0.00          0          0          0
  indicator        :       0.00       0.00          0          0          0
  intdiving        :       0.00       0.00          0          0          0
  intshifting      :       0.00       0.00          1          0          0
  linesearchdiving :       0.00       0.00          0          0          0
  localbranching   :       0.00       0.00          0          0          0
  locks            :       0.00       0.00          1          0          0
  lpface           :       0.00       0.00          0          0          0
  mpec             :       0.00       0.00          0          0          0
  multistart       :       0.00       0.00          0          0          0
  mutation         :       0.00       0.00          0          0          0
  nlpdiving        :       0.00       0.00          0          0          0
  objpscostdiving  :       0.00       0.00          0          0          0
  octane           :       0.00       0.00          0          0          0
  ofins            :       0.00       0.00          0          0          0
  oneopt           :       0.00       0.00          1          0          0
  padm             :       0.00       0.00          0          0          0
  proximity        :       0.00       0.00          0          0          0
  pscostdiving     :       0.00       0.00          0          0          0
  randrounding     :       0.00       0.00         12          0          0
  rens             :       0.01       0.00          1          1          1
  reoptsols        :       0.00       0.00          0          0          0
  repair           :       0.00       0.00          0          0          0
  rins             :       0.00       0.00          0          0          0
  rootsoldiving    :       0.00       0.00          0          0          0
  rounding         :       0.00       0.00         12          0          0
  shiftandpropagate:       0.00       0.00          1          0          0
  shifting         :       0.00       0.00         12          0          0
  simplerounding   :       0.00       0.00          0          0          0
  subnlp           :       0.00       0.00          0          0          0
  trivial          :       0.00       0.00          2          0          0
  trivialnegation  :       0.00       0.00          0          0          0
  trustregion      :       0.00       0.00          0          0          0
  trysol           :       0.00       0.00          0          0          0
  twoopt           :       0.00       0.00          0          0          0
  undercover       :       0.00       0.00          0          0          0
  vbounds          :       0.00       0.00          0          0          0
  veclendiving     :       0.00       0.00          0          0          0
  zeroobj          :       0.00       0.00          0          0          0
  zirounding       :       0.00       0.00          1          0          0
  other solutions  :          -          -          -          0          -
Diving (single)    :      Calls      Nodes   LP Iters Backtracks  Conflicts   MinDepth   MaxDepth   AvgDepth  RoundSols  NLeafSols  MinSolDpt  MaxSolDpt  AvgSolDpt
  actconsdiving    :          0          -          -          -          -          -          -          -          -          -          -          -          -
  coefdiving       :          0          -          -          -          -          -          -          -          -          -          -          -          -
  conflictdiving   :          0          -          -          -          -          -          -          -          -          -          -          -          -
  distributiondivin:          0          -          -          -          -          -          -          -          -          -          -          -          -
  farkasdiving     :          0          -          -          -          -          -          -          -          -          -          -          -          -
  fracdiving       :          0          -          -          -          -          -          -          -          -          -          -          -          -
  guideddiving     :          0          -          -          -          -          -          -          -          -          -          -          -          -
  linesearchdiving :          0          -          -          -          -          -          -          -          -          -          -          -          -
  pscostdiving     :          0          -          -          -          -          -          -          -          -          -          -          -          -
  veclendiving     :          0          -          -          -          -          -          -          -          -          -          -          -          -
Diving (adaptive)  :      Calls      Nodes   LP Iters Backtracks  Conflicts   MinDepth   MaxDepth   AvgDepth  RoundSols  NLeafSols  MinSolDpt  MaxSolDpt  AvgSolDpt
  actconsdiving    :          0          -          -          -          -          -          -          -          -          -          -          -          -
  coefdiving       :          0          -          -          -          -          -          -          -          -          -          -          -          -
  conflictdiving   :          0          -          -          -          -          -          -          -          -          -          -          -          -
  distributiondivin:          0          -          -          -          -          -          -          -          -          -          -          -          -
  farkasdiving     :          0          -          -          -          -          -          -          -          -          -          -          -          -
  fracdiving       :          0          -          -          -          -          -          -          -          -          -          -          -          -
  guideddiving     :          0          -          -          -          -          -          -          -          -          -          -          -          -
  linesearchdiving :          0          -          -          -          -          -          -          -          -          -          -          -          -
  pscostdiving     :          0          -          -          -          -          -          -          -          -          -          -          -          -
  veclendiving     :          0          -          -          -          -          -          -          -          -          -          -          -          -
Neighborhoods      :      Calls  SetupTime  SolveTime SolveNodes       Sols       Best       Exp3  EpsGreedy        UCB TgtFixRate  Opt  Inf Node Stal  Sol  Usr Othr Actv
  rens             :          0       0.00       0.00          0          0          0    0.00000   -1.00000    1.00000      0.900    0    0    0    0    0    0    0    1
  rins             :          0       0.00       0.00          0          0          0    0.00000   -1.00000    1.00000      0.900    0    0    0    0    0    0    0    1
  mutation         :          0       0.00       0.00          0          0          0    0.00000   -1.00000    1.00000      0.900    0    0    0    0    0    0    0    1
  localbranching   :          0       0.00       0.00          0          0          0    0.00000   -1.00000    1.00000      0.900    0    0    0    0    0    0    0    1
  crossover        :          0       0.00       0.00          0          0          0    0.00000   -1.00000    1.00000      0.900    0    0    0    0    0    0    0    1
  proximity        :          0       0.00       0.00          0          0          0    0.00000   -1.00000    1.00000      0.900    0    0    0    0    0    0    0    1
  zeroobjective    :          0       0.00       0.00          0          0          0    0.00000   -1.00000    1.00000      0.900    0    0    0    0    0    0    0    1
  dins             :          0       0.00       0.00          0          0          0    0.00000   -1.00000    1.00000      0.900    0    0    0    0    0    0    0    1
  trustregion      :          0       0.00       0.00          0          0          0    0.00000   -1.00000    1.00000      0.900    0    0    0    0    0    0    0    0
LP                 :       Time      Calls Iterations  Iter/call   Iter/sec  Time-0-It Calls-0-It    ItLimit
  primal LP        :       0.00          0          0       0.00          -       0.00          0
  dual LP          :       0.01         12        242      20.17          -       0.00          0
  lex dual LP      :       0.00          0          0       0.00          -
  barrier LP       :       0.00          0          0       0.00          -       0.00          0
  resolve instable :       0.00          0          0       0.00          -
  diving/probing LP:       0.00          7        238      34.00          -
  strong branching :       0.00          0          0       0.00          -          -          -          0
    (at root node) :          -          0          0       0.00          -
  conflict analysis:       0.00          0          0       0.00          -
B&B Tree           :
  number of runs   :          1
  nodes            :          1 (0 internal, 1 leaves)
  feasible leaves  :          0
  infeas. leaves   :          0
  objective leaves :          1
  nodes (total)    :          1 (0 internal, 1 leaves)
  nodes left       :          0
  max depth        :          0
  max depth (total):          0
  backtracks       :          0 (0.0%)
  early backtracks :          0 (0.0%)
  nodes exc. ref.  :          0 (0.0%)
  delayed cutoffs  :          0
  repropagations   :          0 (0 domain reductions, 0 cutoffs)
  avg switch length:       2.00
  switching time   :       0.00
Estim. Tree Size   :          1
Estimation Tree    : 1 nodes (1 visited, 0 internal, 1 leaves, 0 open), weight: 1.0000 completed 1.0000
Estimations        :      estim      value      trend resolution     smooth
  wbe              :          1          -          -          -          -
  tree-profile     :         -1          -          -          -          -
  gap              :          1    1.00000    1.00000          1          1
  tree-weight      :          1    1.00000    1.00000          1          1
  leaf-frequency   :          1    0.50000    1.00000          1          1
  ssg              :          1    0.00000   -1.00000          1          1
  open-nodes       :          1    0.00000    0.00000          1          1
Root Node          :
  First LP value   : -1.73193257908104e+00
  First LP Iters   :        231 (55382.40 Iter/sec)
  First LP Time    :       0.00
  Final Dual Bound : -1.73193257908104e+00
  Final Root Iters :        428
  Root LP Estimate :                     -
Solution           :
  Solutions found  :          2 (2 improvements)
  First Solution   : -1.70491803278688e+00   (in run 1, after 1 nodes, 0.53 seconds, depth 0, found by <feaspump>)
  Gap First Sol.   :       1.58 %
  Gap Last Sol.    :       0.00 %
  Primal Bound     : -1.73193257908104e+00   (in run 1, after 1 nodes, 0.58 seconds, depth 0, found by <rens>)
  Dual Bound       : -1.73193257908104e+00
  Gap              :       0.00 %
Integrals          :      Total       Avg%
  primal-dual      :      53.12      91.33
  primal-ref       :          -          - (not evaluated)
  dual-ref         :          -          - (not evaluated)
