SCIP version 8.0.0 [precision: 8 byte] [memory: block] [mode: optimized] [LP solver: SoPlex 6.0.0] [GitHash: a740f0891e]
Copyright (C) 2002-2021 Konrad-Zuse-Zentrum fuer Informationstechnik Berlin (ZIB)

External libraries: 
  SoPlex 6.0.0         Linear Programming Solver developed at Zuse Institute Berlin (soplex.zib.de) [GitHash: 71a5873d]
  CppAD 20180000.0     Algorithmic Differentiation of C++ algorithms developed by B. Bell (github.com/coin-or/CppAD)
  ZLIB 1.2.11          General purpose compression library by J. Gailly and M. Adler (zlib.net)
  GMP 6.2.1            GNU Multiple Precision Arithmetic Library developed by T. Granlund (gmplib.org)
  ZIMPL 3.5.1          Zuse Institute Mathematical Programming Language developed by T. Koch (zimpl.zib.de)
  AMPL/MP 4e2d45c4     AMPL .nl file reader library (github.com/ampl/mp)
  PaPILO 2.0.0         parallel presolve for integer and linear optimization (github.com/scipopt/papilo) [GitHash: 76cafc1]
  bliss 0.73p          Computing Graph Automorphism Groups by T. Junttila and P. Kaski (www.tcs.hut.fi/Software/bliss/)
  Ipopt 3.13.2         Interior Point Optimizer developed by A. Waechter et.al. (github.com/coin-or/Ipopt)

user parameter file <scip.set> not found - using default parameters

read problem <../modeles/3_319.lp>
============

original problem has 1920 variables (957 bin, 0 int, 0 impl, 963 cont) and 970 constraints

solve problem
=============

presolving:
(round 1, fast)       3 del vars, 0 del conss, 0 add conss, 2040 chg bounds, 0 chg sides, 0 chg coeffs, 0 upgd conss, 0 impls, 3 clqs
(round 2, fast)       3 del vars, 0 del conss, 0 add conss, 2040 chg bounds, 0 chg sides, 954 chg coeffs, 0 upgd conss, 0 impls, 3 clqs
   (0.0s) running MILP presolver
   (0.0s) MILP presolver (2 rounds): 0 aggregations, 0 fixings, 12 bound changes
(round 3, exhaustive) 3 del vars, 0 del conss, 0 add conss, 2052 chg bounds, 0 chg sides, 954 chg coeffs, 9 upgd conss, 0 impls, 3 clqs
(round 4, exhaustive) 28 del vars, 0 del conss, 0 add conss, 2052 chg bounds, 0 chg sides, 954 chg coeffs, 9 upgd conss, 6045 impls, 3 clqs
(round 5, fast)       29 del vars, 2 del conss, 0 add conss, 2053 chg bounds, 0 chg sides, 954 chg coeffs, 9 upgd conss, 6045 impls, 3 clqs
(round 6, exhaustive) 29 del vars, 2 del conss, 0 add conss, 2053 chg bounds, 0 chg sides, 954 chg coeffs, 54 upgd conss, 6045 impls, 3 clqs
(round 7, exhaustive) 54 del vars, 2 del conss, 0 add conss, 2053 chg bounds, 0 chg sides, 954 chg coeffs, 54 upgd conss, 15284 impls, 3 clqs
(round 8, fast)       54 del vars, 4 del conss, 0 add conss, 2053 chg bounds, 0 chg sides, 954 chg coeffs, 54 upgd conss, 15284 impls, 3 clqs
(round 9, exhaustive) 54 del vars, 4 del conss, 0 add conss, 2053 chg bounds, 0 chg sides, 954 chg coeffs, 90 upgd conss, 15284 impls, 3 clqs
(round 10, exhaustive) 79 del vars, 4 del conss, 0 add conss, 2053 chg bounds, 0 chg sides, 954 chg coeffs, 90 upgd conss, 23212 impls, 3 clqs
(round 11, fast)       79 del vars, 8 del conss, 0 add conss, 2053 chg bounds, 0 chg sides, 954 chg coeffs, 90 upgd conss, 23212 impls, 3 clqs
(round 12, exhaustive) 79 del vars, 8 del conss, 0 add conss, 2053 chg bounds, 0 chg sides, 954 chg coeffs, 128 upgd conss, 23212 impls, 3 clqs
(round 13, exhaustive) 104 del vars, 8 del conss, 0 add conss, 2053 chg bounds, 0 chg sides, 954 chg coeffs, 128 upgd conss, 31436 impls, 3 clqs
(round 14, fast)       105 del vars, 15 del conss, 0 add conss, 2054 chg bounds, 0 chg sides, 954 chg coeffs, 128 upgd conss, 31436 impls, 3 clqs
(round 15, exhaustive) 105 del vars, 15 del conss, 0 add conss, 2054 chg bounds, 0 chg sides, 954 chg coeffs, 158 upgd conss, 31436 impls, 3 clqs
(round 16, exhaustive) 130 del vars, 15 del conss, 0 add conss, 2054 chg bounds, 0 chg sides, 954 chg coeffs, 158 upgd conss, 33953 impls, 3 clqs
(round 17, fast)       131 del vars, 22 del conss, 0 add conss, 2055 chg bounds, 0 chg sides, 954 chg coeffs, 158 upgd conss, 33953 impls, 3 clqs
(round 18, exhaustive) 131 del vars, 22 del conss, 0 add conss, 2055 chg bounds, 0 chg sides, 954 chg coeffs, 188 upgd conss, 33953 impls, 3 clqs
(round 19, exhaustive) 156 del vars, 22 del conss, 0 add conss, 2055 chg bounds, 0 chg sides, 954 chg coeffs, 188 upgd conss, 41691 impls, 3 clqs
(round 20, fast)       156 del vars, 30 del conss, 0 add conss, 2055 chg bounds, 0 chg sides, 954 chg coeffs, 188 upgd conss, 41691 impls, 3 clqs
(round 21, exhaustive) 156 del vars, 30 del conss, 0 add conss, 2055 chg bounds, 0 chg sides, 954 chg coeffs, 214 upgd conss, 41691 impls, 3 clqs
(round 22, exhaustive) 181 del vars, 30 del conss, 0 add conss, 2055 chg bounds, 0 chg sides, 954 chg coeffs, 214 upgd conss, 45978 impls, 3 clqs
(round 23, fast)       181 del vars, 38 del conss, 0 add conss, 2055 chg bounds, 0 chg sides, 954 chg coeffs, 214 upgd conss, 45978 impls, 3 clqs
(round 24, exhaustive) 181 del vars, 38 del conss, 0 add conss, 2055 chg bounds, 0 chg sides, 954 chg coeffs, 240 upgd conss, 45978 impls, 3 clqs
(round 25, exhaustive) 206 del vars, 38 del conss, 0 add conss, 2055 chg bounds, 0 chg sides, 954 chg coeffs, 240 upgd conss, 50230 impls, 3 clqs
(round 26, fast)       206 del vars, 48 del conss, 0 add conss, 2055 chg bounds, 0 chg sides, 954 chg coeffs, 240 upgd conss, 50230 impls, 3 clqs
(round 27, exhaustive) 206 del vars, 48 del conss, 0 add conss, 2055 chg bounds, 0 chg sides, 954 chg coeffs, 260 upgd conss, 50230 impls, 3 clqs
   (0.3s) sparsify finished: 2/6052 (0.0%) nonzeros canceled - in total 2 canceled nonzeros, 300 changed coefficients, 0 added nonzeros
(round 28, exhaustive) 206 del vars, 48 del conss, 0 add conss, 2055 chg bounds, 0 chg sides, 1254 chg coeffs, 260 upgd conss, 50250 impls, 3 clqs
(round 29, exhaustive) 231 del vars, 48 del conss, 0 add conss, 2055 chg bounds, 0 chg sides, 1254 chg coeffs, 260 upgd conss, 62800 impls, 3 clqs
(round 30, fast)       231 del vars, 59 del conss, 0 add conss, 2055 chg bounds, 0 chg sides, 1254 chg coeffs, 260 upgd conss, 62800 impls, 3 clqs
(round 31, exhaustive) 231 del vars, 59 del conss, 0 add conss, 2055 chg bounds, 0 chg sides, 1254 chg coeffs, 277 upgd conss, 62800 impls, 3 clqs
(round 32, exhaustive) 256 del vars, 59 del conss, 0 add conss, 2055 chg bounds, 0 chg sides, 1254 chg coeffs, 277 upgd conss, 69328 impls, 3 clqs
(round 33, fast)       258 del vars, 72 del conss, 0 add conss, 2057 chg bounds, 0 chg sides, 1254 chg coeffs, 277 upgd conss, 69328 impls, 3 clqs
(round 34, exhaustive) 258 del vars, 72 del conss, 0 add conss, 2057 chg bounds, 0 chg sides, 1254 chg coeffs, 292 upgd conss, 69328 impls, 3 clqs
(round 35, exhaustive) 283 del vars, 72 del conss, 0 add conss, 2057 chg bounds, 0 chg sides, 1254 chg coeffs, 292 upgd conss, 78108 impls, 3 clqs
(round 36, fast)       285 del vars, 84 del conss, 0 add conss, 2059 chg bounds, 0 chg sides, 1254 chg coeffs, 292 upgd conss, 78108 impls, 3 clqs
(round 37, exhaustive) 285 del vars, 84 del conss, 0 add conss, 2059 chg bounds, 0 chg sides, 1254 chg coeffs, 310 upgd conss, 78108 impls, 3 clqs
(round 38, exhaustive) 310 del vars, 84 del conss, 0 add conss, 2059 chg bounds, 0 chg sides, 1254 chg coeffs, 310 upgd conss, 88212 impls, 3 clqs
(round 39, fast)       312 del vars, 97 del conss, 0 add conss, 2061 chg bounds, 0 chg sides, 1254 chg coeffs, 310 upgd conss, 88212 impls, 3 clqs
   (0.5s) running MILP presolver
   (0.5s) MILP presolver (10 rounds): 0 aggregations, 51 fixings, 0 bound changes
(round 40, medium)     363 del vars, 114 del conss, 0 add conss, 2061 chg bounds, 0 chg sides, 1254 chg coeffs, 310 upgd conss, 88212 impls, 3 clqs
(round 41, fast)       363 del vars, 124 del conss, 0 add conss, 2061 chg bounds, 0 chg sides, 1254 chg coeffs, 310 upgd conss, 88212 impls, 3 clqs
(round 42, exhaustive) 363 del vars, 124 del conss, 0 add conss, 2061 chg bounds, 0 chg sides, 1254 chg coeffs, 336 upgd conss, 88212 impls, 3 clqs
(round 43, exhaustive) 388 del vars, 124 del conss, 0 add conss, 2061 chg bounds, 0 chg sides, 1254 chg coeffs, 336 upgd conss, 96781 impls, 3 clqs
(round 44, fast)       392 del vars, 138 del conss, 0 add conss, 2065 chg bounds, 0 chg sides, 1254 chg coeffs, 336 upgd conss, 96781 impls, 3 clqs
(round 45, exhaustive) 392 del vars, 138 del conss, 0 add conss, 2065 chg bounds, 0 chg sides, 1254 chg coeffs, 351 upgd conss, 96781 impls, 3 clqs
(round 46, exhaustive) 417 del vars, 138 del conss, 0 add conss, 2065 chg bounds, 0 chg sides, 1254 chg coeffs, 351 upgd conss, 102195 impls, 3 clqs
(round 47, fast)       418 del vars, 153 del conss, 0 add conss, 2066 chg bounds, 0 chg sides, 1254 chg coeffs, 351 upgd conss, 102195 impls, 3 clqs
(round 48, exhaustive) 418 del vars, 153 del conss, 0 add conss, 2066 chg bounds, 0 chg sides, 1254 chg coeffs, 358 upgd conss, 102195 impls, 3 clqs
(round 49, exhaustive) 443 del vars, 153 del conss, 0 add conss, 2066 chg bounds, 0 chg sides, 1254 chg coeffs, 358 upgd conss, 107750 impls, 3 clqs
(round 50, fast)       445 del vars, 167 del conss, 0 add conss, 2068 chg bounds, 0 chg sides, 1254 chg coeffs, 358 upgd conss, 107750 impls, 3 clqs
(round 51, exhaustive) 445 del vars, 167 del conss, 0 add conss, 2068 chg bounds, 0 chg sides, 1254 chg coeffs, 366 upgd conss, 107750 impls, 3 clqs
(round 52, exhaustive) 473 del vars, 167 del conss, 0 add conss, 2068 chg bounds, 0 chg sides, 1254 chg coeffs, 366 upgd conss, 110671 impls, 3 clqs
(round 53, fast)       473 del vars, 182 del conss, 0 add conss, 2068 chg bounds, 0 chg sides, 1254 chg coeffs, 366 upgd conss, 110671 impls, 3 clqs
(round 54, exhaustive) 473 del vars, 182 del conss, 0 add conss, 2068 chg bounds, 0 chg sides, 1254 chg coeffs, 372 upgd conss, 110671 impls, 3 clqs
(round 55, exhaustive) 500 del vars, 182 del conss, 0 add conss, 2068 chg bounds, 0 chg sides, 1254 chg coeffs, 372 upgd conss, 115184 impls, 3 clqs
(round 56, fast)       500 del vars, 199 del conss, 0 add conss, 2068 chg bounds, 0 chg sides, 1254 chg coeffs, 372 upgd conss, 115184 impls, 3 clqs
(round 57, exhaustive) 500 del vars, 199 del conss, 0 add conss, 2068 chg bounds, 0 chg sides, 1254 chg coeffs, 375 upgd conss, 115184 impls, 3 clqs
(round 58, exhaustive) 525 del vars, 199 del conss, 0 add conss, 2068 chg bounds, 0 chg sides, 1254 chg coeffs, 375 upgd conss, 125928 impls, 3 clqs
(round 59, fast)       527 del vars, 216 del conss, 0 add conss, 2070 chg bounds, 0 chg sides, 1254 chg coeffs, 375 upgd conss, 125928 impls, 3 clqs
(round 60, exhaustive) 527 del vars, 216 del conss, 0 add conss, 2070 chg bounds, 0 chg sides, 1254 chg coeffs, 378 upgd conss, 125928 impls, 3 clqs
(round 61, exhaustive) 552 del vars, 216 del conss, 0 add conss, 2070 chg bounds, 0 chg sides, 1254 chg coeffs, 378 upgd conss, 128657 impls, 3 clqs
(round 62, fast)       552 del vars, 232 del conss, 0 add conss, 2070 chg bounds, 0 chg sides, 1254 chg coeffs, 378 upgd conss, 128657 impls, 3 clqs
(round 63, exhaustive) 552 del vars, 232 del conss, 0 add conss, 2070 chg bounds, 0 chg sides, 1254 chg coeffs, 380 upgd conss, 128657 impls, 3 clqs
(round 64, exhaustive) 577 del vars, 232 del conss, 0 add conss, 2070 chg bounds, 0 chg sides, 1254 chg coeffs, 380 upgd conss, 131308 impls, 3 clqs
(round 65, fast)       577 del vars, 248 del conss, 0 add conss, 2070 chg bounds, 0 chg sides, 1254 chg coeffs, 380 upgd conss, 131308 impls, 3 clqs
(round 66, exhaustive) 577 del vars, 248 del conss, 0 add conss, 2070 chg bounds, 0 chg sides, 1254 chg coeffs, 382 upgd conss, 131308 impls, 3 clqs
(round 67, exhaustive) 602 del vars, 248 del conss, 0 add conss, 2070 chg bounds, 0 chg sides, 1254 chg coeffs, 382 upgd conss, 136914 impls, 3 clqs
(round 68, fast)       606 del vars, 266 del conss, 0 add conss, 2074 chg bounds, 0 chg sides, 1254 chg coeffs, 382 upgd conss, 136914 impls, 3 clqs
   (0.7s) running MILP presolver
   (0.7s) MILP presolver found nothing
(round 69, exhaustive) 606 del vars, 266 del conss, 0 add conss, 2074 chg bounds, 0 chg sides, 1254 chg coeffs, 386 upgd conss, 136914 impls, 3 clqs
(round 70, exhaustive) 631 del vars, 266 del conss, 0 add conss, 2074 chg bounds, 0 chg sides, 1254 chg coeffs, 386 upgd conss, 139429 impls, 3 clqs
(round 71, fast)       638 del vars, 285 del conss, 0 add conss, 2081 chg bounds, 0 chg sides, 1254 chg coeffs, 386 upgd conss, 139429 impls, 3 clqs
(round 72, exhaustive) 638 del vars, 285 del conss, 0 add conss, 2081 chg bounds, 0 chg sides, 1254 chg coeffs, 389 upgd conss, 139429 impls, 3 clqs
(round 73, exhaustive) 668 del vars, 285 del conss, 0 add conss, 2081 chg bounds, 0 chg sides, 1254 chg coeffs, 389 upgd conss, 147317 impls, 3 clqs
(round 74, fast)       668 del vars, 304 del conss, 0 add conss, 2081 chg bounds, 0 chg sides, 1254 chg coeffs, 389 upgd conss, 147317 impls, 3 clqs
(round 75, exhaustive) 668 del vars, 304 del conss, 0 add conss, 2081 chg bounds, 0 chg sides, 1254 chg coeffs, 392 upgd conss, 147317 impls, 3 clqs
   (0.8s) sparsify finished: 4/4407 (0.1%) nonzeros canceled - in total 6 canceled nonzeros, 719 changed coefficients, 0 added nonzeros
(round 76, exhaustive) 668 del vars, 304 del conss, 0 add conss, 2081 chg bounds, 0 chg sides, 1673 chg coeffs, 392 upgd conss, 147320 impls, 3 clqs
(round 77, exhaustive) 693 del vars, 304 del conss, 0 add conss, 2081 chg bounds, 0 chg sides, 1673 chg coeffs, 392 upgd conss, 150831 impls, 3 clqs
(round 78, fast)       693 del vars, 320 del conss, 0 add conss, 2081 chg bounds, 0 chg sides, 1673 chg coeffs, 392 upgd conss, 150831 impls, 3 clqs
(round 79, exhaustive) 693 del vars, 320 del conss, 0 add conss, 2081 chg bounds, 0 chg sides, 1673 chg coeffs, 393 upgd conss, 150831 impls, 3 clqs
(round 80, exhaustive) 718 del vars, 320 del conss, 0 add conss, 2081 chg bounds, 0 chg sides, 1673 chg coeffs, 393 upgd conss, 158455 impls, 3 clqs
(round 81, fast)       720 del vars, 338 del conss, 0 add conss, 2083 chg bounds, 0 chg sides, 1673 chg coeffs, 393 upgd conss, 158455 impls, 3 clqs
   (0.9s) probing cycle finished: starting next cycle
   (0.9s) probing: 51/582 (8.8%) - 638 fixings, 0 aggregations, 158674 implications, 0 bound changes
   (0.9s) probing aborted: 50/50 successive totally useless probings
(round 82, exhaustive) 723 del vars, 338 del conss, 0 add conss, 2083 chg bounds, 0 chg sides, 1673 chg coeffs, 393 upgd conss, 159064 impls, 3 clqs
(round 83, fast)       723 del vars, 340 del conss, 0 add conss, 2083 chg bounds, 0 chg sides, 1673 chg coeffs, 393 upgd conss, 159064 impls, 3 clqs
   (0.9s) probing: 56/582 (9.6%) - 638 fixings, 0 aggregations, 158674 implications, 0 bound changes
   (0.9s) probing aborted: 50/50 successive totally useless probings
   (0.9s) symmetry computation started: requiring (bin +, int -, cont +), (fixed: bin -, int +, cont -)
   (0.9s) no symmetry present
presolving (84 rounds: 84 fast, 55 medium, 54 exhaustive):
 723 deleted vars, 340 deleted constraints, 0 added constraints, 2083 tightened bounds, 0 added holes, 0 changed sides, 1673 changed coefficients
 159064 implications, 3 cliques
presolved problem has 1197 variables (582 bin, 0 int, 0 impl, 615 cont) and 625 constraints
     66 constraints of type <varbound>
      3 constraints of type <setppc>
    556 constraints of type <linear>
Presolving Time: 0.88

 time | node  | left  |LP iter|LP it/n|mem/heur|mdpt |vars |cons |rows |cuts |sepa|confs|strbr|  dualbound   | primalbound  |  gap   | compl. 
  0.9s|     1 |     0 |   624 |     - |    41M |   0 |1197 | 626 | 625 |   0 |  0 |   0 |   0 |-1.731949e+00 |      --      |    Inf | unknown
r 0.9s|     1 |     0 |   624 |     - |randroun|   0 |1197 | 626 | 625 |   0 |  0 |   0 |   0 |-1.731949e+00 |-1.731949e+00 |   0.00%| unknown
  0.9s|     1 |     0 |   624 |     - |    41M |   0 |1197 | 626 | 625 |   0 |  0 |   0 |   0 |-1.731949e+00 |-1.731949e+00 |   0.00%| unknown

SCIP Status        : problem is solved [optimal solution found]
Solving Time (sec) : 0.94
Solving Nodes      : 1
Primal Bound       : -1.73194936622598e+00 (1 solutions)
Dual Bound         : -1.73194936622598e+00
Gap                : 0.00 %

primal solution (original space):
=================================

objective value:                    -1.73194936622598
y_3,113_                                            1 	(obj:0)
y_2,114_                                            1 	(obj:0)
y_1,115_                                            1 	(obj:0)
t_1,115_                                            1 	(obj:0)
t_2,115_                            0.377038043478269 	(obj:0)
x_2_                               -0.578344350551997 	(obj:1)
t_3,114_                                            1 	(obj:0)
x_3_                                -0.58307210031348 	(obj:1)
x_1_                               -0.570532915360502 	(obj:1)
t_2,114_                            0.622961956521731 	(obj:0)

Statistics
==========

SCIP Status        : problem is solved [optimal solution found]
Total Time         :       0.94
  solving          :       0.94
  presolving       :       0.88 (included in solving)
  reading          :       0.00
  copying          :       0.00 (0 times copied the problem)
Original Problem   :
  Problem name     : ../modeles/3_319.lp
  Variables        : 1920 (957 binary, 0 integer, 0 implicit integer, 963 continuous)
  Constraints      : 970 initial, 970 maximal
  Objective        : minimize, 3 non-zeros (abs.min = 1, abs.max = 1)
Presolved Problem  :
  Problem name     : t_../modeles/3_319.lp
  Variables        : 1197 (582 binary, 0 integer, 0 implicit integer, 615 continuous)
  Constraints      : 625 initial, 626 maximal
  Objective        : minimize, 615 non-zeros (abs.min = 0.00626959, abs.max = 1.41066)
  Nonzeros         : 4202 constraint, 582 clique table
Presolvers         :   ExecTime  SetupTime  Calls  FixedVars   AggrVars   ChgTypes  ChgBounds   AddHoles    DelCons    AddCons   ChgSides   ChgCoefs
  boundshift       :       0.00       0.00      0          0          0          0          0          0          0          0          0          0
  convertinttobin  :       0.00       0.00      0          0          0          0          0          0          0          0          0          0
  domcol           :       0.10       0.00     29          0          0          0          0          0          0          0          0          0
  dualagg          :       0.00       0.00      0          0          0          0          0          0          0          0          0          0
  dualcomp         :       0.02       0.00     29          0          0          0          0          0          0          0          0          0
  dualinfer        :       0.00       0.00      0          0          0          0          0          0          0          0          0          0
  dualsparsify     :       0.00       0.00      1          0          0          0          0          0          0          0          0          0
  gateextraction   :       0.00       0.00      0          0          0          0          0          0          0          0          0          0
  implics          :       0.00       0.00     55          0          0          0          0          0          0          0          0          0
  inttobinary      :       0.00       0.00      0          0          0          0          0          0          0          0          0          0
  milp             :       0.05       0.00      3         51          0          0         12          0          0          0          0          0
  qpkktref         :       0.00       0.00      0          0          0          0          0          0          0          0          0          0
  redvub           :       0.00       0.00      0          0          0          0          0          0          0          0          0          0
  sparsify         :       0.04       0.00      9          0          0          0          0          0          0          0          0        719
  stuffing         :       0.00       0.00      0          0          0          0          0          0          0          0          0          0
  trivial          :       0.00       0.00     84          0          0          0          0          0          0          0          0          0
  tworowbnd        :       0.00       0.00      0          0          0          0          0          0          0          0          0          0
  dualfix          :       0.00       0.00     84          0          0          0          0          0          0          0          0          0
  genvbounds       :       0.00       0.00      0          0          0          0          0          0          0          0          0          0
  probing          :       0.56       0.00     27        638          0          0          0          0          0          0          0          0
  pseudoobj        :       0.00       0.00      0          0          0          0          0          0          0          0          0          0
  symmetry         :       0.00       0.00      1          0          0          0          0          0          0          0          0          0
  vbounds          :       0.00       0.00      1          0          0          0          0          0          0          0          0          0
  varbound         :       0.00       0.00    135          0          0          0         27          0        324          0          0          0
  setppc           :       0.01       0.00    188          0          0          0          0          0          0          0          0          0
  linear           :       0.09       0.00    138         31          3          0       2044          0         16          0          0        954
  logicor          :       0.00       0.00      0          0          0          0          0          0          0          0          0          0
  benders          :       0.00       0.00      0          0          0          0          0          0          0          0          0          0
  components       :       0.00       0.00      1          0          0          0          0          0          0          0          0          0
  root node        :          -          -      -          0          -          -          0          -          -          -          -          -
Constraints        :     Number  MaxNumber  #Separate #Propagate    #EnfoLP    #EnfoRelax  #EnfoPS    #Check   #ResProp    Cutoffs    DomReds       Cuts    Applied      Conss   Children
  benderslp        :          0          0          0          0          0          0          0         11          0          0          0          0          0          0          0
  integral         :          0          0          0          0          0          0          0         11          0          0          0          0          0          0          0
  varbound         :         66         66          0       3348          0          0          0          5          0          0          0          0          0          0          0
  setppc           :          3          3          0       3226          0          0          0          5          0          0          0          0          0          0          0
  linear           :        556        556          0       3348          0          0          0          1          0        475          0          0          0          0          0
  logicor          :          0+         1          0          3          0          0          0          0          0          0          0          0          0          0          0
  benders          :          0          0          0          0          0          0          0          2          0          0          0          0          0          0          0
  countsols        :          0          0          0          0          0          0          0          2          0          0          0          0          0          0          0
  components       :          0          0          0          0          0          0          0          0          0          0          0          0          0          0          0
Constraint Timings :  TotalTime  SetupTime   Separate  Propagate     EnfoLP     EnfoPS     EnfoRelax   Check    ResProp    SB-Prop
  benderslp        :       0.00       0.00       0.00       0.00       0.00       0.00       0.00       0.00       0.00       0.00
  integral         :       0.00       0.00       0.00       0.00       0.00       0.00       0.00       0.00       0.00       0.00
  varbound         :       0.03       0.00       0.00       0.03       0.00       0.00       0.00       0.00       0.00       0.00
  setppc           :       0.00       0.00       0.00       0.00       0.00       0.00       0.00       0.00       0.00       0.00
  linear           :       0.16       0.00       0.00       0.16       0.00       0.00       0.00       0.00       0.00       0.00
  logicor          :       0.00       0.00       0.00       0.00       0.00       0.00       0.00       0.00       0.00       0.00
  benders          :       0.00       0.00       0.00       0.00       0.00       0.00       0.00       0.00       0.00       0.00
  countsols        :       0.00       0.00       0.00       0.00       0.00       0.00       0.00       0.00       0.00       0.00
  components       :       0.00       0.00       0.00       0.00       0.00       0.00       0.00       0.00       0.00       0.00
Propagators        : #Propagate   #ResProp    Cutoffs    DomReds
  dualfix          :          1          0          0          0
  genvbounds       :          0          0          0          0
  nlobbt           :          0          0          0          0
  obbt             :          0          0          0          0
  probing          :          0          0          0          0
  pseudoobj        :          2          0          0          0
  redcost          :          1          0          0          0
  rootredcost      :          0          0          0          0
  symmetry         :          0          0          0          0
  vbounds          :        263          0          0          0
Propagator Timings :  TotalTime  SetupTime   Presolve  Propagate    ResProp    SB-Prop
  dualfix          :       0.00       0.00       0.00       0.00       0.00       0.00
  genvbounds       :       0.00       0.00       0.00       0.00       0.00       0.00
  nlobbt           :       0.00       0.00       0.00       0.00       0.00       0.00
  obbt             :       0.00       0.00       0.00       0.00       0.00       0.00
  probing          :       0.56       0.00       0.56       0.00       0.00       0.00
  pseudoobj        :       0.00       0.00       0.00       0.00       0.00       0.00
  redcost          :       0.00       0.00       0.00       0.00       0.00       0.00
  rootredcost      :       0.00       0.00       0.00       0.00       0.00       0.00
  symmetry         :       0.00       0.00       0.00       0.00       0.00       0.00
  vbounds          :       0.01       0.00       0.00       0.01       0.00       0.00
Conflict Analysis  :       Time      Calls    Success    DomReds  Conflicts   Literals    Reconvs ReconvLits   Dualrays   Nonzeros   LP Iters   (pool size: [10000,10000])
  propagation      :       0.00          0          0          -          0        0.0          0        0.0          -          -          -
  infeasible LP    :       0.00          0          0          -          0        0.0          0        0.0          0        0.0          0
  bound exceed. LP :       0.00          0          0          -          0        0.0          0        0.0          0        0.0          0
  strong branching :       0.00          0          0          -          0        0.0          0        0.0          -          -          0
  pseudo solution  :       0.00          0          0          -          0        0.0          0        0.0          -          -          -
  applied globally :       0.00          -          -          0          0        0.0          -          -          0          -          -
  applied locally  :          -          -          -          0          0        0.0          -          -          0          -          -
Separators         :   ExecTime  SetupTime      Calls    Cutoffs    DomReds       Cuts    Applied      Conss
  cut pool         :       0.00                     0          -          -          0          -          -    (maximal pool size: 0)
  aggregation      :       0.00       0.00          0          0          0          0          0          0
  > cmir           :          -          -          -          -          -          -          0          -
  > flowcover      :          -          -          -          -          -          -          0          -
  > knapsackcover  :          -          -          -          -          -          -          0          -
  cgmip            :       0.00       0.00          0          0          0          0          0          0
  clique           :       0.00       0.00          0          0          0          0          0          0
  closecuts        :       0.00       0.00          0          0          0          0          0          0
  convexproj       :       0.00       0.00          0          0          0          0          0          0
  disjunctive      :       0.00       0.00          0          0          0          0          0          0
  eccuts           :       0.00       0.00          0          0          0          0          0          0
  gauge            :       0.00       0.00          0          0          0          0          0          0
  gomory           :       0.00       0.00          0          0          0          0          0          0
  > gomorymi       :          -          -          -          -          -          -          0          -
  > strongcg       :          -          -          -          -          -          -          0          -
  impliedbounds    :       0.00       0.00          0          0          0          0          0          0
  interminor       :       0.00       0.00          0          0          0          0          0          0
  intobj           :       0.00       0.00          0          0          0          0          0          0
  mcf              :       0.00       0.00          0          0          0          0          0          0
  minor            :       0.00       0.00          0          0          0          0          0          0
  mixing           :       0.00       0.00          0          0          0          0          0          0
  oddcycle         :       0.00       0.00          0          0          0          0          0          0
  rapidlearning    :       0.00       0.00          0          0          0          0          0          0
  rlt              :       0.00       0.00          0          0          0          0          0          0
  zerohalf         :       0.00       0.00          0          0          0          0          0          0
Cutselectors       :   ExecTime  SetupTime
  hybrid           :       0.00       0.00
Pricers            :   ExecTime  SetupTime      Calls       Vars
  problem variables:       0.00          -          0          0
Branching Rules    :   ExecTime  SetupTime   BranchLP  BranchExt   BranchPS    Cutoffs    DomReds       Cuts      Conss   Children
  allfullstrong    :       0.00       0.00          0          0          0          0          0          0          0          0
  cloud            :       0.00       0.00          0          0          0          0          0          0          0          0
  distribution     :       0.00       0.00          0          0          0          0          0          0          0          0
  fullstrong       :       0.00       0.00          0          0          0          0          0          0          0          0
  inference        :       0.00       0.00          0          0          0          0          0          0          0          0
  leastinf         :       0.00       0.00          0          0          0          0          0          0          0          0
  lookahead        :       0.00       0.00          0          0          0          0          0          0          0          0
  mostinf          :       0.00       0.00          0          0          0          0          0          0          0          0
  multaggr         :       0.00       0.00          0          0          0          0          0          0          0          0
  nodereopt        :       0.00       0.00          0          0          0          0          0          0          0          0
  pscost           :       0.00       0.00          0          0          0          0          0          0          0          0
  random           :       0.00       0.00          0          0          0          0          0          0          0          0
  relpscost        :       0.00       0.00          0          0          0          0          0          0          0          0
  vanillafullstrong:       0.00       0.00          0          0          0          0          0          0          0          0
Primal Heuristics  :   ExecTime  SetupTime      Calls      Found       Best
  LP solutions     :       0.00          -          -          0          0
  relax solutions  :       0.00          -          -          0          0
  pseudo solutions :       0.00          -          -          0          0
  strong branching :       0.00          -          -          0          0
  actconsdiving    :       0.00       0.00          0          0          0
  adaptivediving   :       0.00       0.00          0          0          0
  alns             :       0.00       0.00          0          0          0
  bound            :       0.00       0.00          0          0          0
  clique           :       0.00       0.00          1          0          0
  coefdiving       :       0.00       0.00          0          0          0
  completesol      :       0.00       0.00          0          0          0
  conflictdiving   :       0.00       0.00          0          0          0
  crossover        :       0.00       0.00          0          0          0
  dins             :       0.00       0.00          0          0          0
  distributiondivin:       0.00       0.00          0          0          0
  dps              :       0.00       0.00          0          0          0
  dualval          :       0.00       0.00          0          0          0
  farkasdiving     :       0.00       0.00          0          0          0
  feaspump         :       0.00       0.00          0          0          0
  fixandinfer      :       0.00       0.00          0          0          0
  fracdiving       :       0.00       0.00          0          0          0
  gins             :       0.00       0.00          0          0          0
  guideddiving     :       0.00       0.00          0          0          0
  indicator        :       0.00       0.00          0          0          0
  intdiving        :       0.00       0.00          0          0          0
  intshifting      :       0.00       0.00          0          0          0
  linesearchdiving :       0.00       0.00          0          0          0
  localbranching   :       0.00       0.00          0          0          0
  locks            :       0.02       0.00          1          0          0
  lpface           :       0.00       0.00          0          0          0
  mpec             :       0.00       0.00          0          0          0
  multistart       :       0.00       0.00          0          0          0
  mutation         :       0.00       0.00          0          0          0
  nlpdiving        :       0.00       0.00          0          0          0
  objpscostdiving  :       0.00       0.00          0          0          0
  octane           :       0.00       0.00          0          0          0
  ofins            :       0.00       0.00          0          0          0
  oneopt           :       0.00       0.00          0          0          0
  padm             :       0.00       0.00          0          0          0
  proximity        :       0.00       0.00          0          0          0
  pscostdiving     :       0.00       0.00          0          0          0
  randrounding     :       0.00       0.00          1          1          1
  rens             :       0.00       0.00          0          0          0
  reoptsols        :       0.00       0.00          0          0          0
  repair           :       0.00       0.00          0          0          0
  rins             :       0.00       0.00          0          0          0
  rootsoldiving    :       0.00       0.00          0          0          0
  rounding         :       0.00       0.00          0          0          0
  shiftandpropagate:       0.00       0.00          1          0          0
  shifting         :       0.00       0.00          0          0          0
  simplerounding   :       0.00       0.00          0          0          0
  subnlp           :       0.00       0.00          0          0          0
  trivial          :       0.00       0.00          2          0          0
  trivialnegation  :       0.00       0.00          0          0          0
  trustregion      :       0.00       0.00          0          0          0
  trysol           :       0.00       0.00          0          0          0
  twoopt           :       0.00       0.00          0          0          0
  undercover       :       0.00       0.00          0          0          0
  vbounds          :       0.00       0.00          0          0          0
  veclendiving     :       0.00       0.00          0          0          0
  zeroobj          :       0.00       0.00          0          0          0
  zirounding       :       0.00       0.00          0          0          0
  other solutions  :          -          -          -          0          -
Diving (single)    :      Calls      Nodes   LP Iters Backtracks  Conflicts   MinDepth   MaxDepth   AvgDepth  RoundSols  NLeafSols  MinSolDpt  MaxSolDpt  AvgSolDpt
  actconsdiving    :          0          -          -          -          -          -          -          -          -          -          -          -          -
  coefdiving       :          0          -          -          -          -          -          -          -          -          -          -          -          -
  conflictdiving   :          0          -          -          -          -          -          -          -          -          -          -          -          -
  distributiondivin:          0          -          -          -          -          -          -          -          -          -          -          -          -
  farkasdiving     :          0          -          -          -          -          -          -          -          -          -          -          -          -
  fracdiving       :          0          -          -          -          -          -          -          -          -          -          -          -          -
  guideddiving     :          0          -          -          -          -          -          -          -          -          -          -          -          -
  linesearchdiving :          0          -          -          -          -          -          -          -          -          -          -          -          -
  pscostdiving     :          0          -          -          -          -          -          -          -          -          -          -          -          -
  veclendiving     :          0          -          -          -          -          -          -          -          -          -          -          -          -
Diving (adaptive)  :      Calls      Nodes   LP Iters Backtracks  Conflicts   MinDepth   MaxDepth   AvgDepth  RoundSols  NLeafSols  MinSolDpt  MaxSolDpt  AvgSolDpt
  actconsdiving    :          0          -          -          -          -          -          -          -          -          -          -          -          -
  coefdiving       :          0          -          -          -          -          -          -          -          -          -          -          -          -
  conflictdiving   :          0          -          -          -          -          -          -          -          -          -          -          -          -
  distributiondivin:          0          -          -          -          -          -          -          -          -          -          -          -          -
  farkasdiving     :          0          -          -          -          -          -          -          -          -          -          -          -          -
  fracdiving       :          0          -          -          -          -          -          -          -          -          -          -          -          -
  guideddiving     :          0          -          -          -          -          -          -          -          -          -          -          -          -
  linesearchdiving :          0          -          -          -          -          -          -          -          -          -          -          -          -
  pscostdiving     :          0          -          -          -          -          -          -          -          -          -          -          -          -
  veclendiving     :          0          -          -          -          -          -          -          -          -          -          -          -          -
Neighborhoods      :      Calls  SetupTime  SolveTime SolveNodes       Sols       Best       Exp3  EpsGreedy        UCB TgtFixRate  Opt  Inf Node Stal  Sol  Usr Othr Actv
  rens             :          0       0.00       0.00          0          0          0    0.00000   -1.00000    1.00000      0.900    0    0    0    0    0    0    0    1
  rins             :          0       0.00       0.00          0          0          0    0.00000   -1.00000    1.00000      0.900    0    0    0    0    0    0    0    1
  mutation         :          0       0.00       0.00          0          0          0    0.00000   -1.00000    1.00000      0.900    0    0    0    0    0    0    0    1
  localbranching   :          0       0.00       0.00          0          0          0    0.00000   -1.00000    1.00000      0.900    0    0    0    0    0    0    0    1
  crossover        :          0       0.00       0.00          0          0          0    0.00000   -1.00000    1.00000      0.900    0    0    0    0    0    0    0    1
  proximity        :          0       0.00       0.00          0          0          0    0.00000   -1.00000    1.00000      0.900    0    0    0    0    0    0    0    1
  zeroobjective    :          0       0.00       0.00          0          0          0    0.00000   -1.00000    1.00000      0.900    0    0    0    0    0    0    0    1
  dins             :          0       0.00       0.00          0          0          0    0.00000   -1.00000    1.00000      0.900    0    0    0    0    0    0    0    1
  trustregion      :          0       0.00       0.00          0          0          0    0.00000   -1.00000    1.00000      0.900    0    0    0    0    0    0    0    0
LP                 :       Time      Calls Iterations  Iter/call   Iter/sec  Time-0-It Calls-0-It    ItLimit
  primal LP        :       0.00          0          0       0.00          -       0.00          0
  dual LP          :       0.02          1        607     607.00   39229.63       0.00          0
  lex dual LP      :       0.00          0          0       0.00          -
  barrier LP       :       0.00          0          0       0.00          -       0.00          0
  resolve instable :       0.00          0          0       0.00          -
  diving/probing LP:       0.00          1         17      17.00          -
  strong branching :       0.00          0          0       0.00          -          -          -          0
    (at root node) :          -          0          0       0.00          -
  conflict analysis:       0.00          0          0       0.00          -
B&B Tree           :
  number of runs   :          1
  nodes            :          1 (0 internal, 1 leaves)
  feasible leaves  :          0
  infeas. leaves   :          0
  objective leaves :          1
  nodes (total)    :          1 (0 internal, 1 leaves)
  nodes left       :          0
  max depth        :          0
  max depth (total):          0
  backtracks       :          0 (0.0%)
  early backtracks :          0 (0.0%)
  nodes exc. ref.  :          0 (0.0%)
  delayed cutoffs  :          0
  repropagations   :          0 (0 domain reductions, 0 cutoffs)
  avg switch length:       2.00
  switching time   :       0.00
Estim. Tree Size   :          1
Estimation Tree    : 1 nodes (1 visited, 0 internal, 1 leaves, 0 open), weight: 1.0000 completed 1.0000
Estimations        :      estim      value      trend resolution     smooth
  wbe              :          1          -          -          -          -
  tree-profile     :         -1          -          -          -          -
  gap              :          1    1.00000    1.00000          1          1
  tree-weight      :          1    1.00000    1.00000          1          1
  leaf-frequency   :          1    0.50000    1.00000          1          1
  ssg              :          1    0.00000   -1.00000          1          1
  open-nodes       :          1    0.00000    0.00000          1          1
Root Node          :
  First LP value   : -1.73194936622598e+00
  First LP Iters   :        607 (38992.74 Iter/sec)
  First LP Time    :       0.02
  Final Dual Bound : -1.73194936622598e+00
  Final Root Iters :        607
  Root LP Estimate :                     -
Solution           :
  Solutions found  :          1 (1 improvements)
  First Solution   : -1.73194936622598e+00   (in run 1, after 1 nodes, 0.94 seconds, depth 2, found by <randrounding>)
  Gap First Sol.   :       0.00 %
  Gap Last Sol.    :       0.00 %
  Primal Bound     : -1.73194936622598e+00   (in run 1, after 1 nodes, 0.94 seconds, depth 2, found by <randrounding>)
  Dual Bound       : -1.73194936622598e+00
  Gap              :       0.00 %
Integrals          :      Total       Avg%
  primal-dual      :      93.75      99.95
  primal-ref       :          -          - (not evaluated)
  dual-ref         :          -          - (not evaluated)
