SCIP version 8.0.0 [precision: 8 byte] [memory: block] [mode: optimized] [LP solver: SoPlex 6.0.0] [GitHash: a740f0891e]
Copyright (C) 2002-2021 Konrad-Zuse-Zentrum fuer Informationstechnik Berlin (ZIB)

External libraries: 
  SoPlex 6.0.0         Linear Programming Solver developed at Zuse Institute Berlin (soplex.zib.de) [GitHash: 71a5873d]
  CppAD 20180000.0     Algorithmic Differentiation of C++ algorithms developed by B. Bell (github.com/coin-or/CppAD)
  ZLIB 1.2.11          General purpose compression library by J. Gailly and M. Adler (zlib.net)
  GMP 6.2.1            GNU Multiple Precision Arithmetic Library developed by T. Granlund (gmplib.org)
  ZIMPL 3.5.1          Zuse Institute Mathematical Programming Language developed by T. Koch (zimpl.zib.de)
  AMPL/MP 4e2d45c4     AMPL .nl file reader library (github.com/ampl/mp)
  PaPILO 2.0.0         parallel presolve for integer and linear optimization (github.com/scipopt/papilo) [GitHash: 76cafc1]
  bliss 0.73p          Computing Graph Automorphism Groups by T. Junttila and P. Kaski (www.tcs.hut.fi/Software/bliss/)
  Ipopt 3.13.2         Interior Point Optimizer developed by A. Waechter et.al. (github.com/coin-or/Ipopt)

user parameter file <scip.set> not found - using default parameters

read problem <../modeles/3_484.lp>
============

original problem has 2910 variables (1452 bin, 0 int, 0 impl, 1458 cont) and 1465 constraints

solve problem
=============

presolving:
(round 1, fast)       3 del vars, 0 del conss, 0 add conss, 3090 chg bounds, 0 chg sides, 0 chg coeffs, 0 upgd conss, 0 impls, 3 clqs
(round 2, fast)       3 del vars, 0 del conss, 0 add conss, 3090 chg bounds, 0 chg sides, 1446 chg coeffs, 0 upgd conss, 0 impls, 3 clqs
   (0.0s) running MILP presolver
   (0.0s) MILP presolver (2 rounds): 0 aggregations, 0 fixings, 18 bound changes
(round 3, exhaustive) 3 del vars, 0 del conss, 0 add conss, 3108 chg bounds, 0 chg sides, 1446 chg coeffs, 9 upgd conss, 0 impls, 3 clqs
(round 4, exhaustive) 28 del vars, 0 del conss, 0 add conss, 3108 chg bounds, 0 chg sides, 1446 chg coeffs, 9 upgd conss, 13045 impls, 3 clqs
(round 5, exhaustive) 28 del vars, 0 del conss, 0 add conss, 3108 chg bounds, 0 chg sides, 1446 chg coeffs, 55 upgd conss, 13045 impls, 3 clqs
(round 6, exhaustive) 53 del vars, 0 del conss, 0 add conss, 3108 chg bounds, 0 chg sides, 1446 chg coeffs, 55 upgd conss, 27076 impls, 3 clqs
(round 7, exhaustive) 53 del vars, 1 del conss, 0 add conss, 3108 chg bounds, 0 chg sides, 1446 chg coeffs, 98 upgd conss, 27076 impls, 3 clqs
(round 8, exhaustive) 78 del vars, 1 del conss, 0 add conss, 3108 chg bounds, 0 chg sides, 1446 chg coeffs, 98 upgd conss, 35786 impls, 3 clqs
(round 9, fast)       78 del vars, 6 del conss, 0 add conss, 3108 chg bounds, 0 chg sides, 1446 chg coeffs, 98 upgd conss, 35786 impls, 3 clqs
(round 10, exhaustive) 78 del vars, 6 del conss, 0 add conss, 3108 chg bounds, 0 chg sides, 1446 chg coeffs, 129 upgd conss, 35786 impls, 3 clqs
(round 11, exhaustive) 103 del vars, 6 del conss, 0 add conss, 3108 chg bounds, 0 chg sides, 1446 chg coeffs, 129 upgd conss, 45426 impls, 3 clqs
(round 12, fast)       103 del vars, 9 del conss, 0 add conss, 3108 chg bounds, 0 chg sides, 1446 chg coeffs, 129 upgd conss, 45426 impls, 3 clqs
(round 13, exhaustive) 103 del vars, 9 del conss, 0 add conss, 3108 chg bounds, 0 chg sides, 1446 chg coeffs, 166 upgd conss, 45426 impls, 3 clqs
(round 14, exhaustive) 128 del vars, 9 del conss, 0 add conss, 3108 chg bounds, 0 chg sides, 1446 chg coeffs, 166 upgd conss, 55482 impls, 3 clqs
(round 15, fast)       128 del vars, 15 del conss, 0 add conss, 3108 chg bounds, 0 chg sides, 1446 chg coeffs, 166 upgd conss, 55482 impls, 3 clqs
(round 16, exhaustive) 128 del vars, 15 del conss, 0 add conss, 3108 chg bounds, 0 chg sides, 1446 chg coeffs, 198 upgd conss, 55482 impls, 3 clqs
(round 17, exhaustive) 153 del vars, 15 del conss, 0 add conss, 3108 chg bounds, 0 chg sides, 1446 chg coeffs, 198 upgd conss, 66940 impls, 3 clqs
(round 18, fast)       153 del vars, 21 del conss, 0 add conss, 3108 chg bounds, 0 chg sides, 1446 chg coeffs, 198 upgd conss, 66940 impls, 3 clqs
(round 19, exhaustive) 153 del vars, 21 del conss, 0 add conss, 3108 chg bounds, 0 chg sides, 1446 chg coeffs, 230 upgd conss, 66940 impls, 3 clqs
(round 20, exhaustive) 178 del vars, 21 del conss, 0 add conss, 3108 chg bounds, 0 chg sides, 1446 chg coeffs, 230 upgd conss, 73123 impls, 3 clqs
(round 21, fast)       179 del vars, 29 del conss, 0 add conss, 3109 chg bounds, 0 chg sides, 1446 chg coeffs, 230 upgd conss, 73123 impls, 3 clqs
(round 22, exhaustive) 179 del vars, 29 del conss, 0 add conss, 3109 chg bounds, 0 chg sides, 1446 chg coeffs, 250 upgd conss, 73123 impls, 3 clqs
(round 23, exhaustive) 204 del vars, 29 del conss, 0 add conss, 3109 chg bounds, 0 chg sides, 1446 chg coeffs, 250 upgd conss, 81613 impls, 3 clqs
(round 24, fast)       204 del vars, 36 del conss, 0 add conss, 3109 chg bounds, 0 chg sides, 1446 chg coeffs, 250 upgd conss, 81613 impls, 3 clqs
(round 25, exhaustive) 204 del vars, 36 del conss, 0 add conss, 3109 chg bounds, 0 chg sides, 1446 chg coeffs, 279 upgd conss, 81613 impls, 3 clqs
(round 26, exhaustive) 229 del vars, 36 del conss, 0 add conss, 3109 chg bounds, 0 chg sides, 1446 chg coeffs, 279 upgd conss, 91476 impls, 3 clqs
(round 27, fast)       231 del vars, 44 del conss, 0 add conss, 3111 chg bounds, 0 chg sides, 1446 chg coeffs, 279 upgd conss, 91476 impls, 3 clqs
(round 28, exhaustive) 231 del vars, 44 del conss, 0 add conss, 3111 chg bounds, 0 chg sides, 1446 chg coeffs, 309 upgd conss, 91476 impls, 3 clqs
(round 29, exhaustive) 256 del vars, 44 del conss, 0 add conss, 3111 chg bounds, 0 chg sides, 1446 chg coeffs, 309 upgd conss, 100817 impls, 3 clqs
(round 30, fast)       258 del vars, 53 del conss, 0 add conss, 3113 chg bounds, 0 chg sides, 1446 chg coeffs, 309 upgd conss, 100817 impls, 3 clqs
(round 31, exhaustive) 258 del vars, 53 del conss, 0 add conss, 3113 chg bounds, 0 chg sides, 1446 chg coeffs, 336 upgd conss, 100817 impls, 3 clqs
(round 32, exhaustive) 283 del vars, 53 del conss, 0 add conss, 3113 chg bounds, 0 chg sides, 1446 chg coeffs, 336 upgd conss, 105915 impls, 3 clqs
(round 33, fast)       285 del vars, 62 del conss, 0 add conss, 3115 chg bounds, 0 chg sides, 1446 chg coeffs, 336 upgd conss, 105915 impls, 3 clqs
(round 34, exhaustive) 285 del vars, 62 del conss, 0 add conss, 3115 chg bounds, 0 chg sides, 1446 chg coeffs, 359 upgd conss, 105915 impls, 3 clqs
(round 35, exhaustive) 310 del vars, 62 del conss, 0 add conss, 3115 chg bounds, 0 chg sides, 1446 chg coeffs, 359 upgd conss, 115117 impls, 3 clqs
(round 36, fast)       312 del vars, 72 del conss, 0 add conss, 3117 chg bounds, 0 chg sides, 1446 chg coeffs, 359 upgd conss, 115117 impls, 3 clqs
(round 37, exhaustive) 312 del vars, 72 del conss, 0 add conss, 3117 chg bounds, 0 chg sides, 1446 chg coeffs, 383 upgd conss, 115117 impls, 3 clqs
(round 38, exhaustive) 337 del vars, 72 del conss, 0 add conss, 3117 chg bounds, 0 chg sides, 1446 chg coeffs, 383 upgd conss, 126956 impls, 3 clqs
(round 39, fast)       339 del vars, 85 del conss, 0 add conss, 3119 chg bounds, 0 chg sides, 1446 chg coeffs, 383 upgd conss, 126956 impls, 3 clqs
(round 40, exhaustive) 339 del vars, 85 del conss, 0 add conss, 3119 chg bounds, 0 chg sides, 1446 chg coeffs, 398 upgd conss, 126956 impls, 3 clqs
(round 41, exhaustive) 364 del vars, 85 del conss, 0 add conss, 3119 chg bounds, 0 chg sides, 1446 chg coeffs, 398 upgd conss, 132834 impls, 3 clqs
(round 42, fast)       364 del vars, 96 del conss, 0 add conss, 3119 chg bounds, 0 chg sides, 1446 chg coeffs, 398 upgd conss, 132834 impls, 3 clqs
(round 43, exhaustive) 364 del vars, 96 del conss, 0 add conss, 3119 chg bounds, 0 chg sides, 1446 chg coeffs, 415 upgd conss, 132834 impls, 3 clqs
(round 44, exhaustive) 389 del vars, 96 del conss, 0 add conss, 3119 chg bounds, 0 chg sides, 1446 chg coeffs, 415 upgd conss, 143596 impls, 3 clqs
(round 45, fast)       391 del vars, 104 del conss, 0 add conss, 3121 chg bounds, 0 chg sides, 1446 chg coeffs, 415 upgd conss, 143596 impls, 3 clqs
(round 46, exhaustive) 391 del vars, 104 del conss, 0 add conss, 3121 chg bounds, 0 chg sides, 1446 chg coeffs, 445 upgd conss, 143596 impls, 3 clqs
(round 47, exhaustive) 417 del vars, 104 del conss, 0 add conss, 3121 chg bounds, 0 chg sides, 1446 chg coeffs, 445 upgd conss, 149409 impls, 3 clqs
(round 48, fast)       417 del vars, 116 del conss, 0 add conss, 3121 chg bounds, 0 chg sides, 1446 chg coeffs, 445 upgd conss, 149409 impls, 3 clqs
(round 49, exhaustive) 417 del vars, 116 del conss, 0 add conss, 3121 chg bounds, 0 chg sides, 1446 chg coeffs, 461 upgd conss, 149409 impls, 3 clqs
(round 50, exhaustive) 443 del vars, 116 del conss, 0 add conss, 3121 chg bounds, 0 chg sides, 1446 chg coeffs, 461 upgd conss, 153379 impls, 3 clqs
(round 51, fast)       443 del vars, 127 del conss, 0 add conss, 3121 chg bounds, 0 chg sides, 1446 chg coeffs, 461 upgd conss, 153379 impls, 3 clqs
   (1.0s) running MILP presolver
   (1.1s) MILP presolver (17 rounds): 0 aggregations, 145 fixings, 0 bound changes
(round 52, medium)     588 del vars, 184 del conss, 0 add conss, 3121 chg bounds, 0 chg sides, 1446 chg coeffs, 461 upgd conss, 153379 impls, 3 clqs
(round 53, fast)       588 del vars, 205 del conss, 0 add conss, 3121 chg bounds, 0 chg sides, 1446 chg coeffs, 461 upgd conss, 153379 impls, 3 clqs
(round 54, exhaustive) 588 del vars, 205 del conss, 0 add conss, 3121 chg bounds, 0 chg sides, 1446 chg coeffs, 507 upgd conss, 153379 impls, 3 clqs
(round 55, exhaustive) 613 del vars, 205 del conss, 0 add conss, 3121 chg bounds, 0 chg sides, 1446 chg coeffs, 507 upgd conss, 158728 impls, 3 clqs
(round 56, fast)       615 del vars, 220 del conss, 0 add conss, 3123 chg bounds, 0 chg sides, 1446 chg coeffs, 507 upgd conss, 158728 impls, 3 clqs
(round 57, exhaustive) 615 del vars, 220 del conss, 0 add conss, 3123 chg bounds, 0 chg sides, 1446 chg coeffs, 516 upgd conss, 158728 impls, 3 clqs
(round 58, exhaustive) 641 del vars, 220 del conss, 0 add conss, 3123 chg bounds, 0 chg sides, 1446 chg coeffs, 516 upgd conss, 162377 impls, 3 clqs
(round 59, fast)       641 del vars, 235 del conss, 0 add conss, 3123 chg bounds, 0 chg sides, 1446 chg coeffs, 516 upgd conss, 162377 impls, 3 clqs
(round 60, exhaustive) 641 del vars, 235 del conss, 0 add conss, 3123 chg bounds, 0 chg sides, 1446 chg coeffs, 523 upgd conss, 162377 impls, 3 clqs
(round 61, exhaustive) 670 del vars, 235 del conss, 0 add conss, 3123 chg bounds, 0 chg sides, 1446 chg coeffs, 523 upgd conss, 169609 impls, 3 clqs
(round 62, fast)       670 del vars, 248 del conss, 0 add conss, 3123 chg bounds, 0 chg sides, 1446 chg coeffs, 523 upgd conss, 169609 impls, 3 clqs
(round 63, exhaustive) 670 del vars, 248 del conss, 0 add conss, 3123 chg bounds, 0 chg sides, 1446 chg coeffs, 542 upgd conss, 169609 impls, 3 clqs
(round 64, exhaustive) 695 del vars, 248 del conss, 0 add conss, 3123 chg bounds, 0 chg sides, 1446 chg coeffs, 542 upgd conss, 176766 impls, 3 clqs
(round 65, fast)       698 del vars, 262 del conss, 0 add conss, 3126 chg bounds, 0 chg sides, 1446 chg coeffs, 542 upgd conss, 176766 impls, 3 clqs
(round 66, exhaustive) 698 del vars, 262 del conss, 0 add conss, 3126 chg bounds, 0 chg sides, 1446 chg coeffs, 556 upgd conss, 176766 impls, 3 clqs
(round 67, exhaustive) 725 del vars, 262 del conss, 0 add conss, 3126 chg bounds, 0 chg sides, 1446 chg coeffs, 556 upgd conss, 180281 impls, 3 clqs
(round 68, fast)       725 del vars, 278 del conss, 0 add conss, 3126 chg bounds, 0 chg sides, 1446 chg coeffs, 556 upgd conss, 180281 impls, 3 clqs
(round 69, exhaustive) 725 del vars, 278 del conss, 0 add conss, 3126 chg bounds, 0 chg sides, 1446 chg coeffs, 562 upgd conss, 180281 impls, 3 clqs
(round 70, exhaustive) 750 del vars, 278 del conss, 0 add conss, 3126 chg bounds, 0 chg sides, 1446 chg coeffs, 562 upgd conss, 187624 impls, 3 clqs
(round 71, fast)       755 del vars, 295 del conss, 0 add conss, 3131 chg bounds, 0 chg sides, 1446 chg coeffs, 562 upgd conss, 187624 impls, 3 clqs
(round 72, exhaustive) 755 del vars, 295 del conss, 0 add conss, 3131 chg bounds, 0 chg sides, 1446 chg coeffs, 570 upgd conss, 187624 impls, 3 clqs
(round 73, exhaustive) 780 del vars, 295 del conss, 0 add conss, 3131 chg bounds, 0 chg sides, 1446 chg coeffs, 570 upgd conss, 192195 impls, 3 clqs
(round 74, fast)       785 del vars, 311 del conss, 0 add conss, 3136 chg bounds, 0 chg sides, 1446 chg coeffs, 570 upgd conss, 192195 impls, 3 clqs
(round 75, exhaustive) 785 del vars, 311 del conss, 0 add conss, 3136 chg bounds, 0 chg sides, 1446 chg coeffs, 581 upgd conss, 192195 impls, 3 clqs
(round 76, exhaustive) 810 del vars, 311 del conss, 0 add conss, 3136 chg bounds, 0 chg sides, 1446 chg coeffs, 581 upgd conss, 196310 impls, 3 clqs
(round 77, fast)       813 del vars, 327 del conss, 0 add conss, 3139 chg bounds, 0 chg sides, 1446 chg coeffs, 581 upgd conss, 196310 impls, 3 clqs
(round 78, exhaustive) 813 del vars, 327 del conss, 0 add conss, 3139 chg bounds, 0 chg sides, 1446 chg coeffs, 589 upgd conss, 196310 impls, 3 clqs
(round 79, exhaustive) 843 del vars, 327 del conss, 0 add conss, 3139 chg bounds, 0 chg sides, 1446 chg coeffs, 589 upgd conss, 201477 impls, 3 clqs
(round 80, fast)       843 del vars, 343 del conss, 0 add conss, 3139 chg bounds, 0 chg sides, 1446 chg coeffs, 589 upgd conss, 201477 impls, 3 clqs
(round 81, exhaustive) 843 del vars, 343 del conss, 0 add conss, 3139 chg bounds, 0 chg sides, 1446 chg coeffs, 597 upgd conss, 201477 impls, 3 clqs
(round 82, exhaustive) 868 del vars, 343 del conss, 0 add conss, 3139 chg bounds, 0 chg sides, 1446 chg coeffs, 597 upgd conss, 209450 impls, 3 clqs
(round 83, fast)       868 del vars, 356 del conss, 0 add conss, 3139 chg bounds, 0 chg sides, 1446 chg coeffs, 597 upgd conss, 209450 impls, 3 clqs
(round 84, exhaustive) 868 del vars, 356 del conss, 0 add conss, 3139 chg bounds, 0 chg sides, 1446 chg coeffs, 607 upgd conss, 209450 impls, 3 clqs
(round 85, exhaustive) 893 del vars, 356 del conss, 0 add conss, 3139 chg bounds, 0 chg sides, 1446 chg coeffs, 607 upgd conss, 213066 impls, 3 clqs
(round 86, fast)       895 del vars, 372 del conss, 0 add conss, 3141 chg bounds, 0 chg sides, 1446 chg coeffs, 607 upgd conss, 213066 impls, 3 clqs
(round 87, exhaustive) 895 del vars, 372 del conss, 0 add conss, 3141 chg bounds, 0 chg sides, 1446 chg coeffs, 613 upgd conss, 213066 impls, 3 clqs
(round 88, exhaustive) 922 del vars, 372 del conss, 0 add conss, 3141 chg bounds, 0 chg sides, 1446 chg coeffs, 613 upgd conss, 218012 impls, 3 clqs
(round 89, fast)       922 del vars, 388 del conss, 0 add conss, 3141 chg bounds, 0 chg sides, 1446 chg coeffs, 613 upgd conss, 218012 impls, 3 clqs
(round 90, exhaustive) 922 del vars, 388 del conss, 0 add conss, 3141 chg bounds, 0 chg sides, 1446 chg coeffs, 615 upgd conss, 218012 impls, 3 clqs
(round 91, exhaustive) 948 del vars, 388 del conss, 0 add conss, 3141 chg bounds, 0 chg sides, 1446 chg coeffs, 615 upgd conss, 222541 impls, 3 clqs
(round 92, fast)       948 del vars, 402 del conss, 0 add conss, 3141 chg bounds, 0 chg sides, 1446 chg coeffs, 615 upgd conss, 222541 impls, 3 clqs
   (1.6s) running MILP presolver
   (1.8s) MILP presolver (53 rounds): 0 aggregations, 402 fixings, 0 bound changes
(round 93, medium)     1350 del vars, 598 del conss, 0 add conss, 3141 chg bounds, 0 chg sides, 1446 chg coeffs, 615 upgd conss, 222541 impls, 3 clqs
(round 94, fast)       1350 del vars, 653 del conss, 0 add conss, 3141 chg bounds, 0 chg sides, 1446 chg coeffs, 615 upgd conss, 222541 impls, 3 clqs
(round 95, exhaustive) 1350 del vars, 653 del conss, 0 add conss, 3141 chg bounds, 0 chg sides, 1446 chg coeffs, 617 upgd conss, 222541 impls, 3 clqs
   (1.8s) probing: 1000/1452 (68.9%) - 776 fixings, 0 aggregations, 227629 implications, 0 bound changes
(round 96, exhaustive) 1375 del vars, 653 del conss, 0 add conss, 3141 chg bounds, 0 chg sides, 1446 chg coeffs, 617 upgd conss, 235482 impls, 3 clqs
(round 97, fast)       1377 del vars, 667 del conss, 0 add conss, 3143 chg bounds, 0 chg sides, 1446 chg coeffs, 617 upgd conss, 235482 impls, 3 clqs
(round 98, exhaustive) 1377 del vars, 667 del conss, 0 add conss, 3143 chg bounds, 0 chg sides, 1446 chg coeffs, 621 upgd conss, 235482 impls, 3 clqs
(round 99, exhaustive) 1402 del vars, 667 del conss, 0 add conss, 3143 chg bounds, 0 chg sides, 1446 chg coeffs, 621 upgd conss, 250441 impls, 3 clqs
(round 100, fast)       1406 del vars, 685 del conss, 0 add conss, 3147 chg bounds, 0 chg sides, 1446 chg coeffs, 621 upgd conss, 250441 impls, 3 clqs
(round 101, exhaustive) 1406 del vars, 685 del conss, 0 add conss, 3147 chg bounds, 0 chg sides, 1446 chg coeffs, 625 upgd conss, 250441 impls, 3 clqs
(round 102, exhaustive) 1431 del vars, 685 del conss, 0 add conss, 3147 chg bounds, 0 chg sides, 1446 chg coeffs, 625 upgd conss, 274710 impls, 3 clqs
(round 103, fast)       1431 del vars, 698 del conss, 0 add conss, 3147 chg bounds, 0 chg sides, 1446 chg coeffs, 625 upgd conss, 274710 impls, 3 clqs
(round 104, exhaustive) 1431 del vars, 698 del conss, 0 add conss, 3147 chg bounds, 0 chg sides, 1446 chg coeffs, 627 upgd conss, 274710 impls, 3 clqs
   (2.0s) probing cycle finished: starting next cycle
   (2.1s) probing: 51/738 (6.9%) - 842 fixings, 0 aggregations, 279478 implications, 0 bound changes
   (2.1s) probing aborted: 50/50 successive totally useless probings
   (2.1s) symmetry computation started: requiring (bin +, int -, cont +), (fixed: bin -, int +, cont -)
   (2.1s) symmetry computation finished: 2 generators found (max: 1500, log10 of symmetry group size: 0.8)
(round 105, exhaustive) 1431 del vars, 698 del conss, 1 add conss, 3147 chg bounds, 0 chg sides, 1446 chg coeffs, 627 upgd conss, 280102 impls, 3 clqs
presolving (106 rounds: 106 fast, 71 medium, 69 exhaustive):
 1431 deleted vars, 698 deleted constraints, 1 added constraints, 3147 tightened bounds, 0 added holes, 0 changed sides, 1446 changed coefficients
 280102 implications, 3 cliques
presolved problem has 1479 variables (738 bin, 0 int, 0 impl, 741 cont) and 752 constraints
      6 constraints of type <varbound>
      3 constraints of type <setppc>
    742 constraints of type <linear>
      1 constraints of type <orbitope>
Presolving Time: 2.06

 time | node  | left  |LP iter|LP it/n|mem/heur|mdpt |vars |cons |rows |cuts |sepa|confs|strbr|  dualbound   | primalbound  |  gap   | compl. 
  2.1s|     1 |     0 |   921 |     - |    77M |   0 |1479 | 753 | 751 |   0 |  0 |   0 |   0 |-1.732029e+00 |      --      |    Inf | unknown
r 2.1s|     1 |     0 |   921 |     - |randroun|   0 |1479 | 753 | 751 |   0 |  0 |   0 |   0 |-1.732029e+00 |-1.732029e+00 |   0.00%| unknown
  2.1s|     1 |     0 |   921 |     - |    77M |   0 |1479 | 753 | 751 |   0 |  0 |   0 |   0 |-1.732029e+00 |-1.732029e+00 |   0.00%| unknown

SCIP Status        : problem is solved [optimal solution found]
Solving Time (sec) : 2.13
Solving Nodes      : 1
Primal Bound       : -1.73202925263095e+00 (1 solutions)
Dual Bound         : -1.73202925263095e+00
Gap                : 0.00 %

primal solution (original space):
=================================

objective value:                    -1.73202925263095
y_1,172_                                            1 	(obj:0)
y_2,173_                                            1 	(obj:0)
y_3,173_                                            1 	(obj:0)
t_2,173_                            0.575539568345253 	(obj:0)
x_2_                               -0.575004459242523 	(obj:1)
x_3_                               -0.578512396694215 	(obj:1)
t_3,173_                                            1 	(obj:0)
x_1_                               -0.578512396694215 	(obj:1)
t_1,173_                                            1 	(obj:0)
t_2,174_                            0.424460431654747 	(obj:0)

Statistics
==========

SCIP Status        : problem is solved [optimal solution found]
Total Time         :       2.14
  solving          :       2.13
  presolving       :       2.06 (included in solving)
  reading          :       0.01
  copying          :       0.00 (0 times copied the problem)
Original Problem   :
  Problem name     : ../modeles/3_484.lp
  Variables        : 2910 (1452 binary, 0 integer, 0 implicit integer, 1458 continuous)
  Constraints      : 1465 initial, 1465 maximal
  Objective        : minimize, 3 non-zeros (abs.min = 1, abs.max = 1)
Presolved Problem  :
  Problem name     : t_../modeles/3_484.lp
  Variables        : 1479 (738 binary, 0 integer, 0 implicit integer, 741 continuous)
  Constraints      : 752 initial, 753 maximal
  Objective        : minimize, 738 non-zeros (abs.min = 0.00826446, abs.max = 1.01653)
  Nonzeros         : 5910 constraint, 738 clique table
Presolvers         :   ExecTime  SetupTime  Calls  FixedVars   AggrVars   ChgTypes  ChgBounds   AddHoles    DelCons    AddCons   ChgSides   ChgCoefs
  boundshift       :       0.00       0.00      0          0          0          0          0          0          0          0          0          0
  convertinttobin  :       0.00       0.00      0          0          0          0          0          0          0          0          0          0
  domcol           :       0.26       0.00     35          0          0          0          0          0          0          0          0          0
  dualagg          :       0.00       0.00      0          0          0          0          0          0          0          0          0          0
  dualcomp         :       0.04       0.00     35          0          0          0          0          0          0          0          0          0
  dualinfer        :       0.00       0.00      0          0          0          0          0          0          0          0          0          0
  dualsparsify     :       0.00       0.00      1          0          0          0          0          0          0          0          0          0
  gateextraction   :       0.00       0.00      0          0          0          0          0          0          0          0          0          0
  implics          :       0.00       0.00     71          0          0          0          0          0          0          0          0          0
  inttobinary      :       0.00       0.00      0          0          0          0          0          0          0          0          0          0
  milp             :       0.32       0.00      3        547          0          0         18          0          0          0          0          0
  qpkktref         :       0.00       0.00      0          0          0          0          0          0          0          0          0          0
  redvub           :       0.00       0.00      0          0          0          0          0          0          0          0          0          0
  sparsify         :       0.02       0.00      5          0          0          0          0          0          0          0          0          0
  stuffing         :       0.00       0.00      0          0          0          0          0          0          0          0          0          0
  trivial          :       0.00       0.00    106          0          0          0          0          0          0          0          0          0
  tworowbnd        :       0.00       0.00      0          0          0          0          0          0          0          0          0          0
  dualfix          :       0.00       0.00    106          0          0          0          0          0          0          0          0          0
  genvbounds       :       0.00       0.00      0          0          0          0          0          0          0          0          0          0
  probing          :       1.14       0.00     34        842          0          0          0          0          0          0          0          0
  pseudoobj        :       0.00       0.00      0          0          0          0          0          0          0          0          0          0
  symmetry         :       0.01       0.00      1          0          0          0          0          0          0          1          0          0
  vbounds          :       0.00       0.00      1          0          0          0          0          0          0          0          0          0
  varbound         :       0.01       0.00    173          0          0          0         37          0        618          0          0          0
  setppc           :       0.01       0.00    241          0          0          0          0          0          0          0          0          0
  linear           :       0.23       0.00    175         39          3          0       3092          0         80          0          0       1446
  orbitope         :       0.00       0.00      1          0          0          0          0          0          0          0          0          0
  logicor          :       0.00       0.00      0          0          0          0          0          0          0          0          0          0
  benders          :       0.00       0.00      0          0          0          0          0          0          0          0          0          0
  components       :       0.00       0.00      1          0          0          0          0          0          0          0          0          0
  root node        :          -          -      -          0          -          -          0          -          -          -          -          -
Constraints        :     Number  MaxNumber  #Separate #Propagate    #EnfoLP    #EnfoRelax  #EnfoPS    #Check   #ResProp    Cutoffs    DomReds       Cuts    Applied      Conss   Children
  benderslp        :          0          0          0          0          0          0          0         11          0          0          0          0          0          0          0
  integral         :          0          0          0          0          0          0          0         11          0          0          0          0          0          0          0
  varbound         :          6          6          0       3850          0          0          0          5          0          0          0          0          0          0          0
  setppc           :          3          3          0       3847          0          0          0          5          0          0          0          0          0          0          0
  linear           :        742        742          0       3852          0          0          0          1          0        501          0          0          0          0          0
  orbitope         :          1          1          0         44          0          0          0          1          0          0          0          0          0          0          0
  logicor          :          0+         1          0          3          0          0          0          0          0          0          0          0          0          0          0
  benders          :          0          0          0          0          0          0          0          2          0          0          0          0          0          0          0
  countsols        :          0          0          0          0          0          0          0          2          0          0          0          0          0          0          0
  components       :          0          0          0          0          0          0          0          0          0          0          0          0          0          0          0
Constraint Timings :  TotalTime  SetupTime   Separate  Propagate     EnfoLP     EnfoPS     EnfoRelax   Check    ResProp    SB-Prop
  benderslp        :       0.00       0.00       0.00       0.00       0.00       0.00       0.00       0.00       0.00       0.00
  integral         :       0.00       0.00       0.00       0.00       0.00       0.00       0.00       0.00       0.00       0.00
  varbound         :       0.05       0.00       0.00       0.05       0.00       0.00       0.00       0.00       0.00       0.00
  setppc           :       0.00       0.00       0.00       0.00       0.00       0.00       0.00       0.00       0.00       0.00
  linear           :       0.34       0.00       0.00       0.34       0.00       0.00       0.00       0.00       0.00       0.00
  orbitope         :       0.00       0.00       0.00       0.00       0.00       0.00       0.00       0.00       0.00       0.00
  logicor          :       0.00       0.00       0.00       0.00       0.00       0.00       0.00       0.00       0.00       0.00
  benders          :       0.00       0.00       0.00       0.00       0.00       0.00       0.00       0.00       0.00       0.00
  countsols        :       0.00       0.00       0.00       0.00       0.00       0.00       0.00       0.00       0.00       0.00
  components       :       0.00       0.00       0.00       0.00       0.00       0.00       0.00       0.00       0.00       0.00
Propagators        : #Propagate   #ResProp    Cutoffs    DomReds
  dualfix          :          1          0          0          0
  genvbounds       :          0          0          0          0
  nlobbt           :          0          0          0          0
  obbt             :          0          0          0          0
  probing          :          0          0          0          0
  pseudoobj        :          2          0          0          0
  redcost          :          1          0          0          0
  rootredcost      :          0          0          0          0
  symmetry         :          0          0          0          0
  vbounds          :         26          0          0          0
Propagator Timings :  TotalTime  SetupTime   Presolve  Propagate    ResProp    SB-Prop
  dualfix          :       0.00       0.00       0.00       0.00       0.00       0.00
  genvbounds       :       0.00       0.00       0.00       0.00       0.00       0.00
  nlobbt           :       0.00       0.00       0.00       0.00       0.00       0.00
  obbt             :       0.00       0.00       0.00       0.00       0.00       0.00
  probing          :       1.14       0.00       1.14       0.00       0.00       0.00
  pseudoobj        :       0.00       0.00       0.00       0.00       0.00       0.00
  redcost          :       0.00       0.00       0.00       0.00       0.00       0.00
  rootredcost      :       0.00       0.00       0.00       0.00       0.00       0.00
  symmetry         :       0.01       0.00       0.01       0.00       0.00       0.00
  vbounds          :       0.02       0.00       0.00       0.02       0.00       0.00
Orbital fixing     :
  vars fixed to 0  :          0
  vars fixed to 1  :          0
Conflict Analysis  :       Time      Calls    Success    DomReds  Conflicts   Literals    Reconvs ReconvLits   Dualrays   Nonzeros   LP Iters   (pool size: [10000,10000])
  propagation      :       0.00          0          0          -          0        0.0          0        0.0          -          -          -
  infeasible LP    :       0.00          2          0          -          0        0.0          0        0.0          0        0.0          0
  bound exceed. LP :       0.00          0          0          -          0        0.0          0        0.0          0        0.0          0
  strong branching :       0.00          0          0          -          0        0.0          0        0.0          -          -          0
  pseudo solution  :       0.00          0          0          -          0        0.0          0        0.0          -          -          -
  applied globally :       0.00          -          -          0          0        0.0          -          -          0          -          -
  applied locally  :          -          -          -          0          0        0.0          -          -          0          -          -
Separators         :   ExecTime  SetupTime      Calls    Cutoffs    DomReds       Cuts    Applied      Conss
  cut pool         :       0.00                     0          -          -          0          -          -    (maximal pool size: 0)
  aggregation      :       0.00       0.00          0          0          0          0          0          0
  > cmir           :          -          -          -          -          -          -          0          -
  > flowcover      :          -          -          -          -          -          -          0          -
  > knapsackcover  :          -          -          -          -          -          -          0          -
  cgmip            :       0.00       0.00          0          0          0          0          0          0
  clique           :       0.00       0.00          0          0          0          0          0          0
  closecuts        :       0.00       0.00          0          0          0          0          0          0
  convexproj       :       0.00       0.00          0          0          0          0          0          0
  disjunctive      :       0.00       0.00          0          0          0          0          0          0
  eccuts           :       0.00       0.00          0          0          0          0          0          0
  gauge            :       0.00       0.00          0          0          0          0          0          0
  gomory           :       0.00       0.00          0          0          0          0          0          0
  > gomorymi       :          -          -          -          -          -          -          0          -
  > strongcg       :          -          -          -          -          -          -          0          -
  impliedbounds    :       0.00       0.00          0          0          0          0          0          0
  interminor       :       0.00       0.00          0          0          0          0          0          0
  intobj           :       0.00       0.00          0          0          0          0          0          0
  mcf              :       0.00       0.00          0          0          0          0          0          0
  minor            :       0.00       0.00          0          0          0          0          0          0
  mixing           :       0.00       0.00          0          0          0          0          0          0
  oddcycle         :       0.00       0.00          0          0          0          0          0          0
  rapidlearning    :       0.00       0.00          0          0          0          0          0          0
  rlt              :       0.00       0.00          0          0          0          0          0          0
  zerohalf         :       0.00       0.00          0          0          0          0          0          0
Cutselectors       :   ExecTime  SetupTime
  hybrid           :       0.00       0.00
Pricers            :   ExecTime  SetupTime      Calls       Vars
  problem variables:       0.00          -          0          0
Branching Rules    :   ExecTime  SetupTime   BranchLP  BranchExt   BranchPS    Cutoffs    DomReds       Cuts      Conss   Children
  allfullstrong    :       0.00       0.00          0          0          0          0          0          0          0          0
  cloud            :       0.00       0.00          0          0          0          0          0          0          0          0
  distribution     :       0.00       0.00          0          0          0          0          0          0          0          0
  fullstrong       :       0.00       0.00          0          0          0          0          0          0          0          0
  inference        :       0.00       0.00          0          0          0          0          0          0          0          0
  leastinf         :       0.00       0.00          0          0          0          0          0          0          0          0
  lookahead        :       0.00       0.00          0          0          0          0          0          0          0          0
  mostinf          :       0.00       0.00          0          0          0          0          0          0          0          0
  multaggr         :       0.00       0.00          0          0          0          0          0          0          0          0
  nodereopt        :       0.00       0.00          0          0          0          0          0          0          0          0
  pscost           :       0.00       0.00          0          0          0          0          0          0          0          0
  random           :       0.00       0.00          0          0          0          0          0          0          0          0
  relpscost        :       0.00       0.00          0          0          0          0          0          0          0          0
  vanillafullstrong:       0.00       0.00          0          0          0          0          0          0          0          0
Primal Heuristics  :   ExecTime  SetupTime      Calls      Found       Best
  LP solutions     :       0.00          -          -          0          0
  relax solutions  :       0.00          -          -          0          0
  pseudo solutions :       0.00          -          -          0          0
  strong branching :       0.00          -          -          0          0
  actconsdiving    :       0.00       0.00          0          0          0
  adaptivediving   :       0.00       0.00          0          0          0
  alns             :       0.00       0.00          0          0          0
  bound            :       0.00       0.00          0          0          0
  clique           :       0.01       0.00          1          0          0
  coefdiving       :       0.00       0.00          0          0          0
  completesol      :       0.00       0.00          0          0          0
  conflictdiving   :       0.00       0.00          0          0          0
  crossover        :       0.00       0.00          0          0          0
  dins             :       0.00       0.00          0          0          0
  distributiondivin:       0.00       0.00          0          0          0
  dps              :       0.00       0.00          0          0          0
  dualval          :       0.00       0.00          0          0          0
  farkasdiving     :       0.00       0.00          0          0          0
  feaspump         :       0.00       0.00          0          0          0
  fixandinfer      :       0.00       0.00          0          0          0
  fracdiving       :       0.00       0.00          0          0          0
  gins             :       0.00       0.00          0          0          0
  guideddiving     :       0.00       0.00          0          0          0
  indicator        :       0.00       0.00          0          0          0
  intdiving        :       0.00       0.00          0          0          0
  intshifting      :       0.00       0.00          0          0          0
  linesearchdiving :       0.00       0.00          0          0          0
  localbranching   :       0.00       0.00          0          0          0
  locks            :       0.00       0.00          1          0          0
  lpface           :       0.00       0.00          0          0          0
  mpec             :       0.00       0.00          0          0          0
  multistart       :       0.00       0.00          0          0          0
  mutation         :       0.00       0.00          0          0          0
  nlpdiving        :       0.00       0.00          0          0          0
  objpscostdiving  :       0.00       0.00          0          0          0
  octane           :       0.00       0.00          0          0          0
  ofins            :       0.00       0.00          0          0          0
  oneopt           :       0.00       0.00          0          0          0
  padm             :       0.00       0.00          0          0          0
  proximity        :       0.00       0.00          0          0          0
  pscostdiving     :       0.00       0.00          0          0          0
  randrounding     :       0.00       0.00          1          1          1
  rens             :       0.00       0.00          0          0          0
  reoptsols        :       0.00       0.00          0          0          0
  repair           :       0.00       0.00          0          0          0
  rins             :       0.00       0.00          0          0          0
  rootsoldiving    :       0.00       0.00          0          0          0
  rounding         :       0.00       0.00          0          0          0
  shiftandpropagate:       0.00       0.00          1          0          0
  shifting         :       0.00       0.00          0          0          0
  simplerounding   :       0.00       0.00          0          0          0
  subnlp           :       0.00       0.00          0          0          0
  trivial          :       0.00       0.00          2          0          0
  trivialnegation  :       0.00       0.00          0          0          0
  trustregion      :       0.00       0.00          0          0          0
  trysol           :       0.00       0.00          0          0          0
  twoopt           :       0.00       0.00          0          0          0
  undercover       :       0.00       0.00          0          0          0
  vbounds          :       0.00       0.00          0          0          0
  veclendiving     :       0.00       0.00          0          0          0
  zeroobj          :       0.00       0.00          0          0          0
  zirounding       :       0.00       0.00          0          0          0
  other solutions  :          -          -          -          0          -
Diving (single)    :      Calls      Nodes   LP Iters Backtracks  Conflicts   MinDepth   MaxDepth   AvgDepth  RoundSols  NLeafSols  MinSolDpt  MaxSolDpt  AvgSolDpt
  actconsdiving    :          0          -          -          -          -          -          -          -          -          -          -          -          -
  coefdiving       :          0          -          -          -          -          -          -          -          -          -          -          -          -
  conflictdiving   :          0          -          -          -          -          -          -          -          -          -          -          -          -
  distributiondivin:          0          -          -          -          -          -          -          -          -          -          -          -          -
  farkasdiving     :          0          -          -          -          -          -          -          -          -          -          -          -          -
  fracdiving       :          0          -          -          -          -          -          -          -          -          -          -          -          -
  guideddiving     :          0          -          -          -          -          -          -          -          -          -          -          -          -
  linesearchdiving :          0          -          -          -          -          -          -          -          -          -          -          -          -
  pscostdiving     :          0          -          -          -          -          -          -          -          -          -          -          -          -
  veclendiving     :          0          -          -          -          -          -          -          -          -          -          -          -          -
Diving (adaptive)  :      Calls      Nodes   LP Iters Backtracks  Conflicts   MinDepth   MaxDepth   AvgDepth  RoundSols  NLeafSols  MinSolDpt  MaxSolDpt  AvgSolDpt
  actconsdiving    :          0          -          -          -          -          -          -          -          -          -          -          -          -
  coefdiving       :          0          -          -          -          -          -          -          -          -          -          -          -          -
  conflictdiving   :          0          -          -          -          -          -          -          -          -          -          -          -          -
  distributiondivin:          0          -          -          -          -          -          -          -          -          -          -          -          -
  farkasdiving     :          0          -          -          -          -          -          -          -          -          -          -          -          -
  fracdiving       :          0          -          -          -          -          -          -          -          -          -          -          -          -
  guideddiving     :          0          -          -          -          -          -          -          -          -          -          -          -          -
  linesearchdiving :          0          -          -          -          -          -          -          -          -          -          -          -          -
  pscostdiving     :          0          -          -          -          -          -          -          -          -          -          -          -          -
  veclendiving     :          0          -          -          -          -          -          -          -          -          -          -          -          -
Neighborhoods      :      Calls  SetupTime  SolveTime SolveNodes       Sols       Best       Exp3  EpsGreedy        UCB TgtFixRate  Opt  Inf Node Stal  Sol  Usr Othr Actv
  rens             :          0       0.00       0.00          0          0          0    0.00000   -1.00000    1.00000      0.900    0    0    0    0    0    0    0    1
  rins             :          0       0.00       0.00          0          0          0    0.00000   -1.00000    1.00000      0.900    0    0    0    0    0    0    0    1
  mutation         :          0       0.00       0.00          0          0          0    0.00000   -1.00000    1.00000      0.900    0    0    0    0    0    0    0    1
  localbranching   :          0       0.00       0.00          0          0          0    0.00000   -1.00000    1.00000      0.900    0    0    0    0    0    0    0    1
  crossover        :          0       0.00       0.00          0          0          0    0.00000   -1.00000    1.00000      0.900    0    0    0    0    0    0    0    1
  proximity        :          0       0.00       0.00          0          0          0    0.00000   -1.00000    1.00000      0.900    0    0    0    0    0    0    0    1
  zeroobjective    :          0       0.00       0.00          0          0          0    0.00000   -1.00000    1.00000      0.900    0    0    0    0    0    0    0    1
  dins             :          0       0.00       0.00          0          0          0    0.00000   -1.00000    1.00000      0.900    0    0    0    0    0    0    0    1
  trustregion      :          0       0.00       0.00          0          0          0    0.00000   -1.00000    1.00000      0.900    0    0    0    0    0    0    0    0
LP                 :       Time      Calls Iterations  Iter/call   Iter/sec  Time-0-It Calls-0-It    ItLimit
  primal LP        :       0.00          0          0       0.00          -       0.00          0
  dual LP          :       0.02          1        763     763.00   31883.33       0.00          0
  lex dual LP      :       0.00          0          0       0.00          -
  barrier LP       :       0.00          0          0       0.00          -       0.00          0
  resolve instable :       0.00          0          0       0.00          -
  diving/probing LP:       0.01          3        158      52.67          -
  strong branching :       0.00          0          0       0.00          -          -          -          0
    (at root node) :          -          0          0       0.00          -
  conflict analysis:       0.00          0          0       0.00          -
B&B Tree           :
  number of runs   :          1
  nodes            :          1 (0 internal, 1 leaves)
  feasible leaves  :          0
  infeas. leaves   :          0
  objective leaves :          1
  nodes (total)    :          1 (0 internal, 1 leaves)
  nodes left       :          0
  max depth        :          0
  max depth (total):          0
  backtracks       :          0 (0.0%)
  early backtracks :          0 (0.0%)
  nodes exc. ref.  :          0 (0.0%)
  delayed cutoffs  :          0
  repropagations   :          0 (0 domain reductions, 0 cutoffs)
  avg switch length:       2.00
  switching time   :       0.00
Estim. Tree Size   :          1
Estimation Tree    : 1 nodes (1 visited, 0 internal, 1 leaves, 0 open), weight: 1.0000 completed 1.0000
Estimations        :      estim      value      trend resolution     smooth
  wbe              :          1          -          -          -          -
  tree-profile     :         -1          -          -          -          -
  gap              :          1    1.00000    1.00000          1          1
  tree-weight      :          1    1.00000    1.00000          1          1
  leaf-frequency   :          1    0.50000    1.00000          1          1
  ssg              :          1    0.00000   -1.00000          1          1
  open-nodes       :          1    0.00000    0.00000          1          1
Root Node          :
  First LP value   : -1.73202925263095e+00
  First LP Iters   :        763 (31741.41 Iter/sec)
  First LP Time    :       0.02
  Final Dual Bound : -1.73202925263095e+00
  Final Root Iters :        763
  Root LP Estimate :                     -
Solution           :
  Solutions found  :          1 (1 improvements)
  First Solution   : -1.73202925263095e+00   (in run 1, after 1 nodes, 2.13 seconds, depth 2, found by <randrounding>)
  Gap First Sol.   :       0.00 %
  Gap Last Sol.    :       0.00 %
  Primal Bound     : -1.73202925263095e+00   (in run 1, after 1 nodes, 2.13 seconds, depth 2, found by <randrounding>)
  Dual Bound       : -1.73202925263095e+00
  Gap              :       0.00 %
Integrals          :      Total       Avg%
  primal-dual      :     212.90      99.98
  primal-ref       :          -          - (not evaluated)
  dual-ref         :          -          - (not evaluated)
