SCIP version 8.0.0 [precision: 8 byte] [memory: block] [mode: optimized] [LP solver: SoPlex 6.0.0] [GitHash: a740f0891e]
Copyright (C) 2002-2021 Konrad-Zuse-Zentrum fuer Informationstechnik Berlin (ZIB)

External libraries: 
  SoPlex 6.0.0         Linear Programming Solver developed at Zuse Institute Berlin (soplex.zib.de) [GitHash: 71a5873d]
  CppAD 20180000.0     Algorithmic Differentiation of C++ algorithms developed by B. Bell (github.com/coin-or/CppAD)
  ZLIB 1.2.11          General purpose compression library by J. Gailly and M. Adler (zlib.net)
  GMP 6.2.1            GNU Multiple Precision Arithmetic Library developed by T. Granlund (gmplib.org)
  ZIMPL 3.5.1          Zuse Institute Mathematical Programming Language developed by T. Koch (zimpl.zib.de)
  AMPL/MP 4e2d45c4     AMPL .nl file reader library (github.com/ampl/mp)
  PaPILO 2.0.0         parallel presolve for integer and linear optimization (github.com/scipopt/papilo) [GitHash: 76cafc1]
  bliss 0.73p          Computing Graph Automorphism Groups by T. Junttila and P. Kaski (www.tcs.hut.fi/Software/bliss/)
  Ipopt 3.13.2         Interior Point Optimizer developed by A. Waechter et.al. (github.com/coin-or/Ipopt)

user parameter file <scip.set> not found - using default parameters

read problem <../modeles/4_449.lp>
============

original problem has 3600 variables (1796 bin, 0 int, 0 impl, 1804 cont) and 1813 constraints

solve problem
=============

presolving:
(round 1, fast)       4 del vars, 0 del conss, 0 add conss, 3824 chg bounds, 0 chg sides, 0 chg coeffs, 0 upgd conss, 0 impls, 4 clqs
(round 2, fast)       4 del vars, 0 del conss, 0 add conss, 3824 chg bounds, 0 chg sides, 1800 chg coeffs, 0 upgd conss, 0 impls, 4 clqs
   (0.0s) running MILP presolver
   (0.0s) MILP presolver (2 rounds): 0 aggregations, 0 fixings, 24 bound changes
(round 3, exhaustive) 4 del vars, 0 del conss, 0 add conss, 3848 chg bounds, 0 chg sides, 1800 chg coeffs, 12 upgd conss, 0 impls, 4 clqs
   (0.1s) sparsify finished: 2/12588 (0.0%) nonzeros canceled - in total 2 canceled nonzeros, 450 changed coefficients, 0 added nonzeros
(round 4, exhaustive) 4 del vars, 0 del conss, 0 add conss, 3848 chg bounds, 0 chg sides, 2250 chg coeffs, 12 upgd conss, 8 impls, 4 clqs
(round 5, exhaustive) 29 del vars, 0 del conss, 0 add conss, 3848 chg bounds, 0 chg sides, 2250 chg coeffs, 12 upgd conss, 17480 impls, 4 clqs
(round 6, exhaustive) 29 del vars, 0 del conss, 0 add conss, 3848 chg bounds, 0 chg sides, 2250 chg coeffs, 62 upgd conss, 17480 impls, 4 clqs
(round 7, exhaustive) 54 del vars, 0 del conss, 0 add conss, 3848 chg bounds, 0 chg sides, 2250 chg coeffs, 62 upgd conss, 41265 impls, 4 clqs
(round 8, exhaustive) 54 del vars, 0 del conss, 0 add conss, 3848 chg bounds, 0 chg sides, 2250 chg coeffs, 108 upgd conss, 41265 impls, 4 clqs
(round 9, exhaustive) 79 del vars, 0 del conss, 0 add conss, 3848 chg bounds, 0 chg sides, 2250 chg coeffs, 108 upgd conss, 56522 impls, 4 clqs
(round 10, fast)       79 del vars, 2 del conss, 0 add conss, 3848 chg bounds, 0 chg sides, 2250 chg coeffs, 108 upgd conss, 56522 impls, 4 clqs
(round 11, exhaustive) 79 del vars, 2 del conss, 0 add conss, 3848 chg bounds, 0 chg sides, 2250 chg coeffs, 148 upgd conss, 56522 impls, 4 clqs
(round 12, exhaustive) 104 del vars, 2 del conss, 0 add conss, 3848 chg bounds, 0 chg sides, 2250 chg coeffs, 148 upgd conss, 83361 impls, 4 clqs
(round 13, fast)       105 del vars, 6 del conss, 0 add conss, 3849 chg bounds, 0 chg sides, 2250 chg coeffs, 148 upgd conss, 83361 impls, 4 clqs
(round 14, exhaustive) 105 del vars, 6 del conss, 0 add conss, 3849 chg bounds, 0 chg sides, 2250 chg coeffs, 183 upgd conss, 83361 impls, 4 clqs
(round 15, exhaustive) 131 del vars, 6 del conss, 0 add conss, 3849 chg bounds, 0 chg sides, 2250 chg coeffs, 183 upgd conss, 98536 impls, 4 clqs
(round 16, fast)       131 del vars, 14 del conss, 0 add conss, 3849 chg bounds, 0 chg sides, 2250 chg coeffs, 183 upgd conss, 98536 impls, 4 clqs
(round 17, exhaustive) 131 del vars, 14 del conss, 0 add conss, 3849 chg bounds, 0 chg sides, 2250 chg coeffs, 211 upgd conss, 98536 impls, 4 clqs
(round 18, exhaustive) 156 del vars, 14 del conss, 0 add conss, 3849 chg bounds, 0 chg sides, 2250 chg coeffs, 211 upgd conss, 115850 impls, 4 clqs
(round 19, fast)       157 del vars, 19 del conss, 0 add conss, 3850 chg bounds, 0 chg sides, 2250 chg coeffs, 211 upgd conss, 115850 impls, 4 clqs
(round 20, exhaustive) 157 del vars, 19 del conss, 0 add conss, 3850 chg bounds, 0 chg sides, 2250 chg coeffs, 244 upgd conss, 115850 impls, 4 clqs
(round 21, exhaustive) 182 del vars, 19 del conss, 0 add conss, 3850 chg bounds, 0 chg sides, 2250 chg coeffs, 244 upgd conss, 129565 impls, 4 clqs
(round 22, fast)       182 del vars, 24 del conss, 0 add conss, 3850 chg bounds, 0 chg sides, 2250 chg coeffs, 244 upgd conss, 129565 impls, 4 clqs
(round 23, exhaustive) 182 del vars, 24 del conss, 0 add conss, 3850 chg bounds, 0 chg sides, 2250 chg coeffs, 271 upgd conss, 129565 impls, 4 clqs
(round 24, exhaustive) 207 del vars, 24 del conss, 0 add conss, 3850 chg bounds, 0 chg sides, 2250 chg coeffs, 271 upgd conss, 144974 impls, 4 clqs
(round 25, fast)       207 del vars, 33 del conss, 0 add conss, 3850 chg bounds, 0 chg sides, 2250 chg coeffs, 271 upgd conss, 144974 impls, 4 clqs
(round 26, exhaustive) 207 del vars, 33 del conss, 0 add conss, 3850 chg bounds, 0 chg sides, 2250 chg coeffs, 294 upgd conss, 144974 impls, 4 clqs
(round 27, exhaustive) 232 del vars, 33 del conss, 0 add conss, 3850 chg bounds, 0 chg sides, 2250 chg coeffs, 294 upgd conss, 166860 impls, 4 clqs
(round 28, fast)       232 del vars, 41 del conss, 0 add conss, 3850 chg bounds, 0 chg sides, 2250 chg coeffs, 294 upgd conss, 166860 impls, 4 clqs
(round 29, exhaustive) 232 del vars, 41 del conss, 0 add conss, 3850 chg bounds, 0 chg sides, 2250 chg coeffs, 316 upgd conss, 166860 impls, 4 clqs
(round 30, exhaustive) 257 del vars, 41 del conss, 0 add conss, 3850 chg bounds, 0 chg sides, 2250 chg coeffs, 316 upgd conss, 186016 impls, 4 clqs
(round 31, fast)       257 del vars, 49 del conss, 0 add conss, 3850 chg bounds, 0 chg sides, 2250 chg coeffs, 316 upgd conss, 186016 impls, 4 clqs
(round 32, exhaustive) 257 del vars, 49 del conss, 0 add conss, 3850 chg bounds, 0 chg sides, 2250 chg coeffs, 338 upgd conss, 186016 impls, 4 clqs
(round 33, exhaustive) 282 del vars, 49 del conss, 0 add conss, 3850 chg bounds, 0 chg sides, 2250 chg coeffs, 338 upgd conss, 207257 impls, 4 clqs
(round 34, fast)       283 del vars, 55 del conss, 0 add conss, 3851 chg bounds, 0 chg sides, 2250 chg coeffs, 338 upgd conss, 207257 impls, 4 clqs
(round 35, exhaustive) 283 del vars, 55 del conss, 0 add conss, 3851 chg bounds, 0 chg sides, 2250 chg coeffs, 368 upgd conss, 207257 impls, 4 clqs
(round 36, exhaustive) 308 del vars, 55 del conss, 0 add conss, 3851 chg bounds, 0 chg sides, 2250 chg coeffs, 368 upgd conss, 217637 impls, 4 clqs
(round 37, fast)       308 del vars, 63 del conss, 0 add conss, 3851 chg bounds, 0 chg sides, 2250 chg coeffs, 368 upgd conss, 217637 impls, 4 clqs
(round 38, exhaustive) 308 del vars, 63 del conss, 0 add conss, 3851 chg bounds, 0 chg sides, 2250 chg coeffs, 390 upgd conss, 217637 impls, 4 clqs
(round 39, exhaustive) 333 del vars, 63 del conss, 0 add conss, 3851 chg bounds, 0 chg sides, 2250 chg coeffs, 390 upgd conss, 230946 impls, 4 clqs
(round 40, fast)       333 del vars, 74 del conss, 0 add conss, 3851 chg bounds, 0 chg sides, 2250 chg coeffs, 390 upgd conss, 230946 impls, 4 clqs
(round 41, exhaustive) 333 del vars, 74 del conss, 0 add conss, 3851 chg bounds, 0 chg sides, 2250 chg coeffs, 407 upgd conss, 230946 impls, 4 clqs
(round 42, exhaustive) 358 del vars, 74 del conss, 0 add conss, 3851 chg bounds, 0 chg sides, 2250 chg coeffs, 407 upgd conss, 245823 impls, 4 clqs
(round 43, fast)       358 del vars, 86 del conss, 0 add conss, 3851 chg bounds, 0 chg sides, 2250 chg coeffs, 407 upgd conss, 245823 impls, 4 clqs
(round 44, exhaustive) 358 del vars, 86 del conss, 0 add conss, 3851 chg bounds, 0 chg sides, 2250 chg coeffs, 421 upgd conss, 245823 impls, 4 clqs
(round 45, exhaustive) 384 del vars, 86 del conss, 0 add conss, 3851 chg bounds, 0 chg sides, 2250 chg coeffs, 421 upgd conss, 252164 impls, 4 clqs
(round 46, fast)       384 del vars, 95 del conss, 0 add conss, 3851 chg bounds, 0 chg sides, 2250 chg coeffs, 421 upgd conss, 252164 impls, 4 clqs
(round 47, exhaustive) 384 del vars, 95 del conss, 0 add conss, 3851 chg bounds, 0 chg sides, 2250 chg coeffs, 442 upgd conss, 252164 impls, 4 clqs
(round 48, exhaustive) 409 del vars, 95 del conss, 0 add conss, 3851 chg bounds, 0 chg sides, 2250 chg coeffs, 442 upgd conss, 257257 impls, 4 clqs
(round 49, fast)       409 del vars, 110 del conss, 0 add conss, 3851 chg bounds, 0 chg sides, 2250 chg coeffs, 442 upgd conss, 257257 impls, 4 clqs
(round 50, exhaustive) 409 del vars, 110 del conss, 0 add conss, 3851 chg bounds, 0 chg sides, 2250 chg coeffs, 447 upgd conss, 257257 impls, 4 clqs
(round 51, exhaustive) 434 del vars, 110 del conss, 0 add conss, 3851 chg bounds, 0 chg sides, 2250 chg coeffs, 447 upgd conss, 271094 impls, 4 clqs
(round 52, fast)       434 del vars, 120 del conss, 0 add conss, 3851 chg bounds, 0 chg sides, 2250 chg coeffs, 447 upgd conss, 271094 impls, 4 clqs
(round 53, exhaustive) 434 del vars, 120 del conss, 0 add conss, 3851 chg bounds, 0 chg sides, 2250 chg coeffs, 463 upgd conss, 271094 impls, 4 clqs
(round 54, exhaustive) 462 del vars, 120 del conss, 0 add conss, 3851 chg bounds, 0 chg sides, 2250 chg coeffs, 463 upgd conss, 283173 impls, 4 clqs
(round 55, fast)       462 del vars, 133 del conss, 0 add conss, 3851 chg bounds, 0 chg sides, 2250 chg coeffs, 463 upgd conss, 283173 impls, 4 clqs
(round 56, exhaustive) 462 del vars, 133 del conss, 0 add conss, 3851 chg bounds, 0 chg sides, 2250 chg coeffs, 480 upgd conss, 283173 impls, 4 clqs
(round 57, exhaustive) 487 del vars, 133 del conss, 0 add conss, 3851 chg bounds, 0 chg sides, 2250 chg coeffs, 480 upgd conss, 291827 impls, 4 clqs
(round 58, fast)       488 del vars, 148 del conss, 0 add conss, 3852 chg bounds, 0 chg sides, 2250 chg coeffs, 480 upgd conss, 291827 impls, 4 clqs
(round 59, exhaustive) 488 del vars, 148 del conss, 0 add conss, 3852 chg bounds, 0 chg sides, 2250 chg coeffs, 487 upgd conss, 291827 impls, 4 clqs
   (1.5s) probing: 1000/1796 (55.7%) - 487 fixings, 0 aggregations, 292956 implications, 0 bound changes
(round 60, exhaustive) 513 del vars, 148 del conss, 0 add conss, 3852 chg bounds, 0 chg sides, 2250 chg coeffs, 487 upgd conss, 299503 impls, 4 clqs
(round 61, fast)       513 del vars, 161 del conss, 0 add conss, 3852 chg bounds, 0 chg sides, 2250 chg coeffs, 487 upgd conss, 299503 impls, 4 clqs
(round 62, exhaustive) 513 del vars, 161 del conss, 0 add conss, 3852 chg bounds, 0 chg sides, 2250 chg coeffs, 498 upgd conss, 299503 impls, 4 clqs
(round 63, exhaustive) 539 del vars, 161 del conss, 0 add conss, 3852 chg bounds, 0 chg sides, 2250 chg coeffs, 498 upgd conss, 309687 impls, 4 clqs
(round 64, fast)       539 del vars, 177 del conss, 0 add conss, 3852 chg bounds, 0 chg sides, 2250 chg coeffs, 498 upgd conss, 309687 impls, 4 clqs
(round 65, exhaustive) 539 del vars, 177 del conss, 0 add conss, 3852 chg bounds, 0 chg sides, 2250 chg coeffs, 502 upgd conss, 309687 impls, 4 clqs
(round 66, exhaustive) 564 del vars, 177 del conss, 0 add conss, 3852 chg bounds, 0 chg sides, 2250 chg coeffs, 502 upgd conss, 316051 impls, 4 clqs
(round 67, fast)       564 del vars, 192 del conss, 0 add conss, 3852 chg bounds, 0 chg sides, 2250 chg coeffs, 502 upgd conss, 316051 impls, 4 clqs
   (1.6s) running MILP presolver
   (1.7s) MILP presolver (7 rounds): 0 aggregations, 34 fixings, 0 bound changes
(round 68, medium)     598 del vars, 209 del conss, 0 add conss, 3852 chg bounds, 0 chg sides, 2250 chg coeffs, 502 upgd conss, 316051 impls, 4 clqs
(round 69, exhaustive) 598 del vars, 210 del conss, 0 add conss, 3852 chg bounds, 0 chg sides, 2250 chg coeffs, 520 upgd conss, 316051 impls, 4 clqs
(round 70, exhaustive) 623 del vars, 210 del conss, 0 add conss, 3852 chg bounds, 0 chg sides, 2250 chg coeffs, 520 upgd conss, 320363 impls, 4 clqs
(round 71, fast)       626 del vars, 227 del conss, 0 add conss, 3855 chg bounds, 0 chg sides, 2250 chg coeffs, 520 upgd conss, 320363 impls, 4 clqs
(round 72, exhaustive) 626 del vars, 227 del conss, 0 add conss, 3855 chg bounds, 0 chg sides, 2250 chg coeffs, 525 upgd conss, 320363 impls, 4 clqs
(round 73, exhaustive) 651 del vars, 227 del conss, 0 add conss, 3855 chg bounds, 0 chg sides, 2250 chg coeffs, 525 upgd conss, 328961 impls, 4 clqs
(round 74, fast)       652 del vars, 242 del conss, 0 add conss, 3856 chg bounds, 0 chg sides, 2250 chg coeffs, 525 upgd conss, 328961 impls, 4 clqs
(round 75, exhaustive) 652 del vars, 242 del conss, 0 add conss, 3856 chg bounds, 0 chg sides, 2250 chg coeffs, 532 upgd conss, 328961 impls, 4 clqs
(round 76, exhaustive) 677 del vars, 242 del conss, 0 add conss, 3856 chg bounds, 0 chg sides, 2250 chg coeffs, 532 upgd conss, 340077 impls, 4 clqs
(round 77, fast)       678 del vars, 254 del conss, 0 add conss, 3857 chg bounds, 0 chg sides, 2250 chg coeffs, 532 upgd conss, 340077 impls, 4 clqs
(round 78, exhaustive) 678 del vars, 254 del conss, 0 add conss, 3857 chg bounds, 0 chg sides, 2250 chg coeffs, 544 upgd conss, 340077 impls, 4 clqs
(round 79, exhaustive) 703 del vars, 254 del conss, 0 add conss, 3857 chg bounds, 0 chg sides, 2250 chg coeffs, 544 upgd conss, 346196 impls, 4 clqs
(round 80, fast)       705 del vars, 270 del conss, 0 add conss, 3859 chg bounds, 0 chg sides, 2250 chg coeffs, 544 upgd conss, 346196 impls, 4 clqs
(round 81, exhaustive) 705 del vars, 270 del conss, 0 add conss, 3859 chg bounds, 0 chg sides, 2250 chg coeffs, 550 upgd conss, 346196 impls, 4 clqs
(round 82, exhaustive) 730 del vars, 270 del conss, 0 add conss, 3859 chg bounds, 0 chg sides, 2250 chg coeffs, 550 upgd conss, 352944 impls, 4 clqs
(round 83, fast)       732 del vars, 287 del conss, 0 add conss, 3861 chg bounds, 0 chg sides, 2250 chg coeffs, 550 upgd conss, 352944 impls, 4 clqs
(round 84, exhaustive) 732 del vars, 287 del conss, 0 add conss, 3861 chg bounds, 0 chg sides, 2250 chg coeffs, 553 upgd conss, 352944 impls, 4 clqs
(round 85, exhaustive) 757 del vars, 287 del conss, 0 add conss, 3861 chg bounds, 0 chg sides, 2250 chg coeffs, 553 upgd conss, 364087 impls, 4 clqs
(round 86, fast)       758 del vars, 301 del conss, 0 add conss, 3862 chg bounds, 0 chg sides, 2250 chg coeffs, 553 upgd conss, 364087 impls, 4 clqs
(round 87, exhaustive) 758 del vars, 301 del conss, 0 add conss, 3862 chg bounds, 0 chg sides, 2250 chg coeffs, 563 upgd conss, 364087 impls, 4 clqs
(round 88, exhaustive) 783 del vars, 301 del conss, 0 add conss, 3862 chg bounds, 0 chg sides, 2250 chg coeffs, 563 upgd conss, 369315 impls, 4 clqs
(round 89, fast)       783 del vars, 315 del conss, 0 add conss, 3862 chg bounds, 0 chg sides, 2250 chg coeffs, 563 upgd conss, 369315 impls, 4 clqs
(round 90, exhaustive) 783 del vars, 315 del conss, 0 add conss, 3862 chg bounds, 0 chg sides, 2250 chg coeffs, 571 upgd conss, 369315 impls, 4 clqs
(round 91, exhaustive) 814 del vars, 315 del conss, 0 add conss, 3862 chg bounds, 0 chg sides, 2250 chg coeffs, 571 upgd conss, 372246 impls, 4 clqs
(round 92, fast)       814 del vars, 333 del conss, 0 add conss, 3862 chg bounds, 0 chg sides, 2250 chg coeffs, 571 upgd conss, 372246 impls, 4 clqs
(round 93, exhaustive) 814 del vars, 333 del conss, 0 add conss, 3862 chg bounds, 0 chg sides, 2250 chg coeffs, 578 upgd conss, 372246 impls, 4 clqs
(round 94, exhaustive) 840 del vars, 333 del conss, 0 add conss, 3862 chg bounds, 0 chg sides, 2250 chg coeffs, 578 upgd conss, 381948 impls, 4 clqs
(round 95, fast)       840 del vars, 349 del conss, 0 add conss, 3862 chg bounds, 0 chg sides, 2250 chg coeffs, 578 upgd conss, 381948 impls, 4 clqs
(round 96, exhaustive) 840 del vars, 349 del conss, 0 add conss, 3862 chg bounds, 0 chg sides, 2250 chg coeffs, 582 upgd conss, 381948 impls, 4 clqs
(round 97, exhaustive) 865 del vars, 349 del conss, 0 add conss, 3862 chg bounds, 0 chg sides, 2250 chg coeffs, 582 upgd conss, 385273 impls, 4 clqs
(round 98, fast)       865 del vars, 365 del conss, 0 add conss, 3862 chg bounds, 0 chg sides, 2250 chg coeffs, 582 upgd conss, 385273 impls, 4 clqs
(round 99, exhaustive) 865 del vars, 365 del conss, 0 add conss, 3862 chg bounds, 0 chg sides, 2250 chg coeffs, 584 upgd conss, 385273 impls, 4 clqs
(round 100, exhaustive) 891 del vars, 365 del conss, 0 add conss, 3862 chg bounds, 0 chg sides, 2250 chg coeffs, 584 upgd conss, 392795 impls, 4 clqs
(round 101, fast)       891 del vars, 380 del conss, 0 add conss, 3862 chg bounds, 0 chg sides, 2250 chg coeffs, 584 upgd conss, 392795 impls, 4 clqs
(round 102, exhaustive) 891 del vars, 380 del conss, 0 add conss, 3862 chg bounds, 0 chg sides, 2250 chg coeffs, 591 upgd conss, 392795 impls, 4 clqs
(round 103, exhaustive) 916 del vars, 380 del conss, 0 add conss, 3862 chg bounds, 0 chg sides, 2250 chg coeffs, 591 upgd conss, 402561 impls, 4 clqs
(round 104, fast)       918 del vars, 398 del conss, 0 add conss, 3864 chg bounds, 0 chg sides, 2250 chg coeffs, 591 upgd conss, 402561 impls, 4 clqs
(round 105, exhaustive) 944 del vars, 398 del conss, 0 add conss, 3864 chg bounds, 0 chg sides, 2250 chg coeffs, 591 upgd conss, 409732 impls, 4 clqs
(round 106, fast)       944 del vars, 413 del conss, 0 add conss, 3864 chg bounds, 0 chg sides, 2250 chg coeffs, 591 upgd conss, 409732 impls, 4 clqs
(round 107, exhaustive) 944 del vars, 413 del conss, 0 add conss, 3864 chg bounds, 0 chg sides, 2250 chg coeffs, 598 upgd conss, 409732 impls, 4 clqs
   (2.2s) sparsify finished: 4/9342 (0.0%) nonzeros canceled - in total 6 canceled nonzeros, 1169 changed coefficients, 0 added nonzeros
(round 108, exhaustive) 944 del vars, 413 del conss, 0 add conss, 3864 chg bounds, 0 chg sides, 2969 chg coeffs, 598 upgd conss, 409739 impls, 4 clqs
(round 109, exhaustive) 970 del vars, 413 del conss, 0 add conss, 3864 chg bounds, 0 chg sides, 2969 chg coeffs, 598 upgd conss, 415837 impls, 4 clqs
(round 110, fast)       970 del vars, 430 del conss, 0 add conss, 3864 chg bounds, 0 chg sides, 2969 chg coeffs, 598 upgd conss, 415837 impls, 4 clqs
(round 111, exhaustive) 995 del vars, 430 del conss, 0 add conss, 3864 chg bounds, 0 chg sides, 2969 chg coeffs, 599 upgd conss, 418630 impls, 4 clqs
(round 112, fast)       995 del vars, 446 del conss, 0 add conss, 3864 chg bounds, 0 chg sides, 2969 chg coeffs, 599 upgd conss, 418631 impls, 4 clqs
(round 113, exhaustive) 995 del vars, 446 del conss, 0 add conss, 3864 chg bounds, 0 chg sides, 2969 chg coeffs, 601 upgd conss, 418631 impls, 4 clqs
(round 114, exhaustive) 1022 del vars, 446 del conss, 0 add conss, 3864 chg bounds, 0 chg sides, 2969 chg coeffs, 601 upgd conss, 433169 impls, 4 clqs
(round 115, fast)       1022 del vars, 464 del conss, 0 add conss, 3864 chg bounds, 0 chg sides, 2969 chg coeffs, 601 upgd conss, 433169 impls, 4 clqs
   (2.4s) running MILP presolver
   (2.4s) MILP presolver (2 rounds): 0 aggregations, 3 fixings, 0 bound changes
(round 116, medium)     1025 del vars, 466 del conss, 0 add conss, 3864 chg bounds, 0 chg sides, 2969 chg coeffs, 601 upgd conss, 433169 impls, 4 clqs
(round 117, exhaustive) 1050 del vars, 466 del conss, 0 add conss, 3864 chg bounds, 0 chg sides, 2969 chg coeffs, 601 upgd conss, 441897 impls, 4 clqs
(round 118, fast)       1052 del vars, 484 del conss, 0 add conss, 3866 chg bounds, 0 chg sides, 2969 chg coeffs, 601 upgd conss, 441897 impls, 4 clqs
(round 119, exhaustive) 1077 del vars, 484 del conss, 0 add conss, 3866 chg bounds, 0 chg sides, 2969 chg coeffs, 601 upgd conss, 450118 impls, 4 clqs
(round 120, fast)       1078 del vars, 501 del conss, 0 add conss, 3867 chg bounds, 0 chg sides, 2969 chg coeffs, 601 upgd conss, 450118 impls, 4 clqs
(round 121, exhaustive) 1104 del vars, 501 del conss, 0 add conss, 3867 chg bounds, 0 chg sides, 2969 chg coeffs, 602 upgd conss, 456273 impls, 4 clqs
(round 122, fast)       1104 del vars, 518 del conss, 0 add conss, 3867 chg bounds, 0 chg sides, 2969 chg coeffs, 602 upgd conss, 456274 impls, 4 clqs
(round 123, exhaustive) 1130 del vars, 518 del conss, 0 add conss, 3867 chg bounds, 0 chg sides, 2969 chg coeffs, 603 upgd conss, 466818 impls, 4 clqs
(round 124, fast)       1130 del vars, 535 del conss, 0 add conss, 3867 chg bounds, 0 chg sides, 2969 chg coeffs, 603 upgd conss, 466819 impls, 4 clqs
(round 125, exhaustive) 1156 del vars, 535 del conss, 0 add conss, 3867 chg bounds, 0 chg sides, 2969 chg coeffs, 604 upgd conss, 470309 impls, 4 clqs
(round 126, fast)       1156 del vars, 552 del conss, 0 add conss, 3867 chg bounds, 0 chg sides, 2969 chg coeffs, 604 upgd conss, 470310 impls, 4 clqs
(round 127, exhaustive) 1156 del vars, 552 del conss, 0 add conss, 3867 chg bounds, 0 chg sides, 2969 chg coeffs, 605 upgd conss, 470310 impls, 4 clqs
(round 128, exhaustive) 1181 del vars, 552 del conss, 0 add conss, 3867 chg bounds, 0 chg sides, 2969 chg coeffs, 605 upgd conss, 476196 impls, 4 clqs
(round 129, fast)       1183 del vars, 570 del conss, 0 add conss, 3869 chg bounds, 0 chg sides, 2969 chg coeffs, 605 upgd conss, 476196 impls, 4 clqs
   (2.6s) probing cycle finished: starting next cycle
   (2.7s) probing: 51/1197 (4.3%) - 1130 fixings, 0 aggregations, 478450 implications, 0 bound changes
   (2.7s) probing aborted: 50/50 successive totally useless probings
(round 130, exhaustive) 1192 del vars, 570 del conss, 0 add conss, 3869 chg bounds, 0 chg sides, 2969 chg coeffs, 605 upgd conss, 479051 impls, 4 clqs
(round 131, fast)       1192 del vars, 576 del conss, 0 add conss, 3869 chg bounds, 0 chg sides, 2969 chg coeffs, 605 upgd conss, 479051 impls, 4 clqs
   (2.7s) probing: 56/1197 (4.7%) - 1130 fixings, 0 aggregations, 478450 implications, 0 bound changes
   (2.7s) probing aborted: 50/50 successive totally useless probings
   (2.7s) symmetry computation started: requiring (bin +, int -, cont +), (fixed: bin -, int +, cont -)
   (2.7s) no symmetry present
presolving (132 rounds: 132 fast, 87 medium, 85 exhaustive):
 1192 deleted vars, 576 deleted constraints, 0 added constraints, 3869 tightened bounds, 0 added holes, 0 changed sides, 2969 changed coefficients
 479051 implications, 4 cliques
presolved problem has 2408 variables (1197 bin, 0 int, 0 impl, 1211 cont) and 1224 constraints
     28 constraints of type <varbound>
      4 constraints of type <setppc>
   1192 constraints of type <linear>
Presolving Time: 2.66

 time | node  | left  |LP iter|LP it/n|mem/heur|mdpt |vars |cons |rows |cuts |sepa|confs|strbr|  dualbound   | primalbound  |  gap   | compl. 
  2.8s|     1 |     0 |  1612 |     - |    91M |   0 |2408 |1225 |1224 |   0 |  0 |   0 |   0 |-1.999925e+00 |      --      |    Inf | unknown
o 2.9s|     1 |     0 |  2998 |     - |feaspump|   0 |2408 |1225 |1224 |   0 |  0 |   0 |   0 |-1.999925e+00 |-1.505568e+00 |  32.84%| unknown
  2.9s|     1 |     0 |  3001 |     - |    92M |   0 |2408 |1225 |1227 |   3 |  1 |   0 |   0 |-1.999925e+00 |-1.505568e+00 |  32.84%| unknown
  2.9s|     1 |     0 |  3004 |     - |    92M |   0 |2408 |1225 |1230 |   6 |  2 |   0 |   0 |-1.999925e+00 |-1.505568e+00 |  32.84%| unknown
  2.9s|     1 |     0 |  3007 |     - |    93M |   0 |2408 |1225 |1233 |   9 |  3 |   0 |   0 |-1.999925e+00 |-1.505568e+00 |  32.84%| unknown
  2.9s|     1 |     0 |  3010 |     - |    93M |   0 |2408 |1225 |1236 |  12 |  4 |   0 |   0 |-1.999925e+00 |-1.505568e+00 |  32.84%| unknown
  3.0s|     1 |     0 |  3013 |     - |    93M |   0 |2408 |1225 |1239 |  15 |  5 |   0 |   0 |-1.999925e+00 |-1.505568e+00 |  32.84%| unknown
  3.0s|     1 |     0 |  3016 |     - |    93M |   0 |2408 |1225 |1242 |  18 |  6 |   0 |   0 |-1.999925e+00 |-1.505568e+00 |  32.84%| unknown
  3.0s|     1 |     0 |  3019 |     - |    93M |   0 |2408 |1225 |1245 |  21 |  7 |   0 |   0 |-1.999925e+00 |-1.505568e+00 |  32.84%| unknown
  3.0s|     1 |     0 |  3022 |     - |    93M |   0 |2408 |1225 |1248 |  24 |  8 |   0 |   0 |-1.999925e+00 |-1.505568e+00 |  32.84%| unknown
  3.0s|     1 |     0 |  3025 |     - |    94M |   0 |2408 |1225 |1251 |  27 |  9 |   0 |   0 |-1.999925e+00 |-1.505568e+00 |  32.84%| unknown
  3.1s|     1 |     0 |  3028 |     - |    94M |   0 |2408 |1225 |1254 |  30 | 10 |   0 |   0 |-1.999925e+00 |-1.505568e+00 |  32.84%| unknown
  3.1s|     1 |     0 |  3031 |     - |    94M |   0 |2408 |1225 |1257 |  33 | 11 |   0 |   0 |-1.999925e+00 |-1.505568e+00 |  32.84%| unknown
L 3.1s|     1 |     0 |  3329 |     - |    rens|   0 |2408 |1225 |1257 |  33 | 11 |   0 |   0 |-1.999925e+00 |-1.999925e+00 |   0.00%| unknown
  3.1s|     1 |     0 |  3329 |     - |    94M |   0 |2408 |1225 |1257 |  33 | 11 |   0 |   0 |-1.999925e+00 |-1.999925e+00 |   0.00%| unknown

SCIP Status        : problem is solved [optimal solution found]
Solving Time (sec) : 3.11
Solving Nodes      : 1
Primal Bound       : -1.99992542952593e+00 (2 solutions)
Dual Bound         : -1.99992542952593e+00
Gap                : 0.00 %

primal solution (original space):
=================================

objective value:                    -1.99992542952593
y_2,168_                                            1 	(obj:0)
y_1,169_                                            1 	(obj:0)
y_3,169_                                            1 	(obj:0)
y_4,169_                                            1 	(obj:0)
x_2_                               -0.503340757238307 	(obj:1)
x_4_                               -0.498811843779829 	(obj:1)
t_2,169_                                            1 	(obj:0)
t_3,169_                                            1 	(obj:0)
x_3_                               -0.503340757238307 	(obj:1)
t_1,170_                                            1 	(obj:0)
t_4,169_                            0.491629464285744 	(obj:0)
t_4,170_                            0.508370535714256 	(obj:0)
x_1_                               -0.494432071269488 	(obj:1)

Statistics
==========

SCIP Status        : problem is solved [optimal solution found]
Total Time         :       3.12
  solving          :       3.11
  presolving       :       2.66 (included in solving)
  reading          :       0.01
  copying          :       0.01 (1 #copies) (minimal 0.01, maximal 0.01, average 0.01)
Original Problem   :
  Problem name     : ../modeles/4_449.lp
  Variables        : 3600 (1796 binary, 0 integer, 0 implicit integer, 1804 continuous)
  Constraints      : 1813 initial, 1813 maximal
  Objective        : minimize, 4 non-zeros (abs.min = 1, abs.max = 1)
Presolved Problem  :
  Problem name     : t_../modeles/4_449.lp
  Variables        : 2408 (1197 binary, 0 integer, 0 implicit integer, 1211 continuous)
  Constraints      : 1224 initial, 1225 maximal
  Objective        : minimize, 1211 non-zeros (abs.min = 0.00445434, abs.max = 1.41203)
  Nonzeros         : 8431 constraint, 1197 clique table
Presolvers         :   ExecTime  SetupTime  Calls  FixedVars   AggrVars   ChgTypes  ChgBounds   AddHoles    DelCons    AddCons   ChgSides   ChgCoefs
  boundshift       :       0.00       0.00      0          0          0          0          0          0          0          0          0          0
  convertinttobin  :       0.00       0.00      0          0          0          0          0          0          0          0          0          0
  domcol           :       0.45       0.00     48          0          0          0          0          0          0          0          0          0
  dualagg          :       0.00       0.00      0          0          0          0          0          0          0          0          0          0
  dualcomp         :       0.07       0.00     48          0          0          0          0          0          0          0          0          0
  dualinfer        :       0.00       0.00      0          0          0          0          0          0          0          0          0          0
  dualsparsify     :       0.00       0.00      1          0          0          0          0          0          0          0          0          0
  gateextraction   :       0.00       0.00      0          0          0          0          0          0          0          0          0          0
  implics          :       0.00       0.00     87          0          0          0          0          0          0          0          0          0
  inttobinary      :       0.00       0.00      0          0          0          0          0          0          0          0          0          0
  milp             :       0.10       0.00      3         37          0          0         24          0          0          0          0          0
  qpkktref         :       0.00       0.00      0          0          0          0          0          0          0          0          0          0
  redvub           :       0.00       0.00      0          0          0          0          0          0          0          0          0          0
  sparsify         :       0.05       0.00     10          0          0          0          0          0          0          0          0       1169
  stuffing         :       0.00       0.00      0          0          0          0          0          0          0          0          0          0
  trivial          :       0.01       0.00    132          0          0          0          0          0          0          0          0          0
  tworowbnd        :       0.00       0.00      0          0          0          0          0          0          0          0          0          0
  dualfix          :       0.01       0.00    132          0          0          0          0          0          0          0          0          0
  genvbounds       :       0.00       0.00      0          0          0          0          0          0          0          0          0          0
  probing          :       1.72       0.00     46       1130          0          0          0          0          0          0          0          0
  pseudoobj        :       0.00       0.00      0          0          0          0          0          0          0          0          0          0
  symmetry         :       0.00       0.00      1          0          0          0          0          0          0          0          0          0
  vbounds          :       0.00       0.00      1          0          0          0          0          0          0          0          0          0
  varbound         :       0.01       0.00    215          0          0          0         20          0        573          0          0          0
  setppc           :       0.01       0.00    299          0          0          0          0          0          0          0          0          0
  linear           :       0.21       0.00    217         21          4          0       3825          0          3          0          0       1800
  logicor          :       0.00       0.00      0          0          0          0          0          0          0          0          0          0
  benders          :       0.00       0.00      0          0          0          0          0          0          0          0          0          0
  components       :       0.00       0.00      1          0          0          0          0          0          0          0          0          0
  root node        :          -          -      -          0          -          -          0          -          -          -          -          -
Constraints        :     Number  MaxNumber  #Separate #Propagate    #EnfoLP    #EnfoRelax  #EnfoPS    #Check   #ResProp    Cutoffs    DomReds       Cuts    Applied      Conss   Children
  benderslp        :          0          0          0          0          0          0          0         24          0          0          0          0          0          0          0
  integral         :          0          0          0          0          0          0          0         24          0          0          0          0          0          0          0
  varbound         :         28         28         11       6262          0          0          0         18          0          0          0          0          0          0          0
  setppc           :          4          4         11       6004          0          0          0         18          0          0          0          0          0          0          0
  linear           :       1192       1192         11       6262          0          0          0          6          0        842          0          0          0          0          0
  logicor          :          0+         1         11          5          0          0          0          0          0          0          0          0          0          0          0
  benders          :          0          0          0          0          0          0          0          3          0          0          0          0          0          0          0
  countsols        :          0          0          0          0          0          0          0          3          0          0          0          0          0          0          0
  components       :          0          0          0          0          0          0          0          0          0          0          0          0          0          0          0
Constraint Timings :  TotalTime  SetupTime   Separate  Propagate     EnfoLP     EnfoPS     EnfoRelax   Check    ResProp    SB-Prop
  benderslp        :       0.00       0.00       0.00       0.00       0.00       0.00       0.00       0.00       0.00       0.00
  integral         :       0.00       0.00       0.00       0.00       0.00       0.00       0.00       0.00       0.00       0.00
  varbound         :       0.07       0.00       0.00       0.07       0.00       0.00       0.00       0.00       0.00       0.00
  setppc           :       0.02       0.00       0.00       0.01       0.00       0.00       0.00       0.00       0.00       0.00
  linear           :       0.46       0.00       0.03       0.43       0.00       0.00       0.00       0.00       0.00       0.00
  logicor          :       0.00       0.00       0.00       0.00       0.00       0.00       0.00       0.00       0.00       0.00
  benders          :       0.00       0.00       0.00       0.00       0.00       0.00       0.00       0.00       0.00       0.00
  countsols        :       0.00       0.00       0.00       0.00       0.00       0.00       0.00       0.00       0.00       0.00
  components       :       0.00       0.00       0.00       0.00       0.00       0.00       0.00       0.00       0.00       0.00
Propagators        : #Propagate   #ResProp    Cutoffs    DomReds
  dualfix          :          1          0          0          0
  genvbounds       :          0          0          0          0
  nlobbt           :          0          0          0          0
  obbt             :          0          0          0          0
  probing          :          0          0          0          0
  pseudoobj        :         14          0          0          0
  redcost          :         13          0          0          0
  rootredcost      :          0          0          0          0
  symmetry         :          0          0          0          0
  vbounds          :        590          0          0          0
Propagator Timings :  TotalTime  SetupTime   Presolve  Propagate    ResProp    SB-Prop
  dualfix          :       0.01       0.00       0.01       0.00       0.00       0.00
  genvbounds       :       0.00       0.00       0.00       0.00       0.00       0.00
  nlobbt           :       0.00       0.00       0.00       0.00       0.00       0.00
  obbt             :       0.00       0.00       0.00       0.00       0.00       0.00
  probing          :       1.72       0.00       1.72       0.00       0.00       0.00
  pseudoobj        :       0.00       0.00       0.00       0.00       0.00       0.00
  redcost          :       0.00       0.00       0.00       0.00       0.00       0.00
  rootredcost      :       0.00       0.00       0.00       0.00       0.00       0.00
  symmetry         :       0.01       0.00       0.00       0.00       0.00       0.00
  vbounds          :       0.03       0.00       0.00       0.03       0.00       0.00
Conflict Analysis  :       Time      Calls    Success    DomReds  Conflicts   Literals    Reconvs ReconvLits   Dualrays   Nonzeros   LP Iters   (pool size: [10000,10000])
  propagation      :       0.00          0          0          -          0        0.0          0        0.0          -          -          -
  infeasible LP    :       0.00          0          0          -          0        0.0          0        0.0          0        0.0          0
  bound exceed. LP :       0.00          1          0          -          0        0.0          0        0.0          0        0.0          0
  strong branching :       0.00          0          0          -          0        0.0          0        0.0          -          -          0
  pseudo solution  :       0.00          0          0          -          0        0.0          0        0.0          -          -          -
  applied globally :       0.00          -          -          0          0        0.0          -          -          0          -          -
  applied locally  :          -          -          -          0          0        0.0          -          -          0          -          -
Separators         :   ExecTime  SetupTime      Calls    Cutoffs    DomReds       Cuts    Applied      Conss
  cut pool         :       0.00                    21          -          -         49          -          -    (maximal pool size: 121)
  aggregation      :       0.09       0.00         11          0          0         99         33          0
  > cmir           :          -          -          -          -          -          -         33          -
  > flowcover      :          -          -          -          -          -          -          0          -
  > knapsackcover  :          -          -          -          -          -          -          0          -
  cgmip            :       0.00       0.00          0          0          0          0          0          0
  clique           :       0.00       0.00         11          0          0          0          0          0
  closecuts        :       0.00       0.00          0          0          0          0          0          0
  convexproj       :       0.00       0.00          0          0          0          0          0          0
  disjunctive      :       0.00       0.00          0          0          0          0          0          0
  eccuts           :       0.00       0.00          0          0          0          0          0          0
  gauge            :       0.00       0.00          0          0          0          0          0          0
  gomory           :       0.03       0.00         10          0          0         22          0          0
  > gomorymi       :          -          -          -          -          -          -          0          -
  > strongcg       :          -          -          -          -          -          -          0          -
  impliedbounds    :       0.00       0.00         11          0          0          0          0          0
  interminor       :       0.00       0.00          0          0          0          0          0          0
  intobj           :       0.00       0.00          0          0          0          0          0          0
  mcf              :       0.01       0.00          1          0          0          0          0          0
  minor            :       0.00       0.00          0          0          0          0          0          0
  mixing           :       0.00       0.00         11          0          0          0          0          0
  oddcycle         :       0.00       0.00          0          0          0          0          0          0
  rapidlearning    :       0.00       0.00          0          0          0          0          0          0
  rlt              :       0.00       0.00         10          0          0          0          0          0
  zerohalf         :       0.00       0.00         11          0          0          0          0          0
Cutselectors       :   ExecTime  SetupTime
  hybrid           :       0.00       0.00
Pricers            :   ExecTime  SetupTime      Calls       Vars
  problem variables:       0.00          -          0          0
Branching Rules    :   ExecTime  SetupTime   BranchLP  BranchExt   BranchPS    Cutoffs    DomReds       Cuts      Conss   Children
  allfullstrong    :       0.00       0.00          0          0          0          0          0          0          0          0
  cloud            :       0.00       0.00          0          0          0          0          0          0          0          0
  distribution     :       0.00       0.00          0          0          0          0          0          0          0          0
  fullstrong       :       0.00       0.00          0          0          0          0          0          0          0          0
  inference        :       0.00       0.00          0          0          0          0          0          0          0          0
  leastinf         :       0.00       0.00          0          0          0          0          0          0          0          0
  lookahead        :       0.00       0.00          0          0          0          0          0          0          0          0
  mostinf          :       0.00       0.00          0          0          0          0          0          0          0          0
  multaggr         :       0.00       0.00          0          0          0          0          0          0          0          0
  nodereopt        :       0.00       0.00          0          0          0          0          0          0          0          0
  pscost           :       0.00       0.00          0          0          0          0          0          0          0          0
  random           :       0.00       0.00          0          0          0          0          0          0          0          0
  relpscost        :       0.00       0.00          0          0          0          0          0          0          0          0
  vanillafullstrong:       0.00       0.00          0          0          0          0          0          0          0          0
Primal Heuristics  :   ExecTime  SetupTime      Calls      Found       Best
  LP solutions     :       0.00          -          -          0          0
  relax solutions  :       0.00          -          -          0          0
  pseudo solutions :       0.00          -          -          0          0
  strong branching :       0.00          -          -          0          0
  actconsdiving    :       0.00       0.00          0          0          0
  adaptivediving   :       0.00       0.00          0          0          0
  alns             :       0.00       0.00          0          0          0
  bound            :       0.00       0.00          0          0          0
  clique           :       0.01       0.00          1          0          0
  coefdiving       :       0.00       0.00          0          0          0
  completesol      :       0.00       0.00          0          0          0
  conflictdiving   :       0.00       0.00          0          0          0
  crossover        :       0.00       0.00          0          0          0
  dins             :       0.00       0.00          0          0          0
  distributiondivin:       0.00       0.00          0          0          0
  dps              :       0.00       0.00          0          0          0
  dualval          :       0.00       0.00          0          0          0
  farkasdiving     :       0.00       0.00          0          0          0
  feaspump         :       0.02       0.00          1          1          1
  fixandinfer      :       0.00       0.00          0          0          0
  fracdiving       :       0.00       0.00          0          0          0
  gins             :       0.00       0.00          0          0          0
  guideddiving     :       0.00       0.00          0          0          0
  indicator        :       0.00       0.00          0          0          0
  intdiving        :       0.00       0.00          0          0          0
  intshifting      :       0.01       0.00          1          0          0
  linesearchdiving :       0.00       0.00          0          0          0
  localbranching   :       0.00       0.00          0          0          0
  locks            :       0.04       0.00          1          0          0
  lpface           :       0.00       0.00          0          0          0
  mpec             :       0.00       0.00          0          0          0
  multistart       :       0.00       0.00          0          0          0
  mutation         :       0.00       0.00          0          0          0
  nlpdiving        :       0.00       0.00          0          0          0
  objpscostdiving  :       0.00       0.00          0          0          0
  octane           :       0.00       0.00          0          0          0
  ofins            :       0.00       0.00          0          0          0
  oneopt           :       0.00       0.00          1          0          0
  padm             :       0.00       0.00          0          0          0
  proximity        :       0.00       0.00          0          0          0
  pscostdiving     :       0.00       0.00          0          0          0
  randrounding     :       0.01       0.00         12          0          0
  rens             :       0.02       0.00          1          1          1
  reoptsols        :       0.00       0.00          0          0          0
  repair           :       0.00       0.00          0          0          0
  rins             :       0.00       0.00          0          0          0
  rootsoldiving    :       0.00       0.00          0          0          0
  rounding         :       0.00       0.00         12          0          0
  shiftandpropagate:       0.01       0.00          1          0          0
  shifting         :       0.02       0.00         12          0          0
  simplerounding   :       0.00       0.00          0          0          0
  subnlp           :       0.00       0.00          0          0          0
  trivial          :       0.00       0.00          2          0          0
  trivialnegation  :       0.00       0.00          0          0          0
  trustregion      :       0.00       0.00          0          0          0
  trysol           :       0.00       0.00          0          0          0
  twoopt           :       0.00       0.00          0          0          0
  undercover       :       0.00       0.00          0          0          0
  vbounds          :       0.00       0.00          0          0          0
  veclendiving     :       0.00       0.00          0          0          0
  zeroobj          :       0.00       0.00          0          0          0
  zirounding       :       0.00       0.00          1          0          0
  other solutions  :          -          -          -          0          -
Diving (single)    :      Calls      Nodes   LP Iters Backtracks  Conflicts   MinDepth   MaxDepth   AvgDepth  RoundSols  NLeafSols  MinSolDpt  MaxSolDpt  AvgSolDpt
  actconsdiving    :          0          -          -          -          -          -          -          -          -          -          -          -          -
  coefdiving       :          0          -          -          -          -          -          -          -          -          -          -          -          -
  conflictdiving   :          0          -          -          -          -          -          -          -          -          -          -          -          -
  distributiondivin:          0          -          -          -          -          -          -          -          -          -          -          -          -
  farkasdiving     :          0          -          -          -          -          -          -          -          -          -          -          -          -
  fracdiving       :          0          -          -          -          -          -          -          -          -          -          -          -          -
  guideddiving     :          0          -          -          -          -          -          -          -          -          -          -          -          -
  linesearchdiving :          0          -          -          -          -          -          -          -          -          -          -          -          -
  pscostdiving     :          0          -          -          -          -          -          -          -          -          -          -          -          -
  veclendiving     :          0          -          -          -          -          -          -          -          -          -          -          -          -
Diving (adaptive)  :      Calls      Nodes   LP Iters Backtracks  Conflicts   MinDepth   MaxDepth   AvgDepth  RoundSols  NLeafSols  MinSolDpt  MaxSolDpt  AvgSolDpt
  actconsdiving    :          0          -          -          -          -          -          -          -          -          -          -          -          -
  coefdiving       :          0          -          -          -          -          -          -          -          -          -          -          -          -
  conflictdiving   :          0          -          -          -          -          -          -          -          -          -          -          -          -
  distributiondivin:          0          -          -          -          -          -          -          -          -          -          -          -          -
  farkasdiving     :          0          -          -          -          -          -          -          -          -          -          -          -          -
  fracdiving       :          0          -          -          -          -          -          -          -          -          -          -          -          -
  guideddiving     :          0          -          -          -          -          -          -          -          -          -          -          -          -
  linesearchdiving :          0          -          -          -          -          -          -          -          -          -          -          -          -
  pscostdiving     :          0          -          -          -          -          -          -          -          -          -          -          -          -
  veclendiving     :          0          -          -          -          -          -          -          -          -          -          -          -          -
Neighborhoods      :      Calls  SetupTime  SolveTime SolveNodes       Sols       Best       Exp3  EpsGreedy        UCB TgtFixRate  Opt  Inf Node Stal  Sol  Usr Othr Actv
  rens             :          0       0.00       0.00          0          0          0    0.00000   -1.00000    1.00000      0.900    0    0    0    0    0    0    0    1
  rins             :          0       0.00       0.00          0          0          0    0.00000   -1.00000    1.00000      0.900    0    0    0    0    0    0    0    1
  mutation         :          0       0.00       0.00          0          0          0    0.00000   -1.00000    1.00000      0.900    0    0    0    0    0    0    0    1
  localbranching   :          0       0.00       0.00          0          0          0    0.00000   -1.00000    1.00000      0.900    0    0    0    0    0    0    0    1
  crossover        :          0       0.00       0.00          0          0          0    0.00000   -1.00000    1.00000      0.900    0    0    0    0    0    0    0    1
  proximity        :          0       0.00       0.00          0          0          0    0.00000   -1.00000    1.00000      0.900    0    0    0    0    0    0    0    1
  zeroobjective    :          0       0.00       0.00          0          0          0    0.00000   -1.00000    1.00000      0.900    0    0    0    0    0    0    0    1
  dins             :          0       0.00       0.00          0          0          0    0.00000   -1.00000    1.00000      0.900    0    0    0    0    0    0    0    1
  trustregion      :          0       0.00       0.00          0          0          0    0.00000   -1.00000    1.00000      0.900    0    0    0    0    0    0    0    0
LP                 :       Time      Calls Iterations  Iter/call   Iter/sec  Time-0-It Calls-0-It    ItLimit
  primal LP        :       0.00          0          0       0.00          -       0.00          0
  dual LP          :       0.07         12       1627     135.58   21870.04       0.00          0
  lex dual LP      :       0.00          0          0       0.00          -
  barrier LP       :       0.00          0          0       0.00          -       0.00          0
  resolve instable :       0.00          0          0       0.00          -
  diving/probing LP:       0.02          7       1702     243.14   78625.21
  strong branching :       0.00          0          0       0.00          -          -          -          0
    (at root node) :          -          0          0       0.00          -
  conflict analysis:       0.00          0          0       0.00          -
B&B Tree           :
  number of runs   :          1
  nodes            :          1 (0 internal, 1 leaves)
  feasible leaves  :          0
  infeas. leaves   :          0
  objective leaves :          1
  nodes (total)    :          1 (0 internal, 1 leaves)
  nodes left       :          0
  max depth        :          0
  max depth (total):          0
  backtracks       :          0 (0.0%)
  early backtracks :          0 (0.0%)
  nodes exc. ref.  :          0 (0.0%)
  delayed cutoffs  :          0
  repropagations   :          0 (0 domain reductions, 0 cutoffs)
  avg switch length:       2.00
  switching time   :       0.00
Estim. Tree Size   :          1
Estimation Tree    : 1 nodes (1 visited, 0 internal, 1 leaves, 0 open), weight: 1.0000 completed 1.0000
Estimations        :      estim      value      trend resolution     smooth
  wbe              :          1          -          -          -          -
  tree-profile     :         -1          -          -          -          -
  gap              :          1    1.00000    1.00000          1          1
  tree-weight      :          1    1.00000    1.00000          1          1
  leaf-frequency   :          1    0.50000    1.00000          1          1
  ssg              :          1    0.00000   -1.00000          1          1
  open-nodes       :          1    0.00000    0.00000          1          1
Root Node          :
  First LP value   : -1.99992542952593e+00
  First LP Iters   :       1594 (23568.03 Iter/sec)
  First LP Time    :       0.07
  Final Dual Bound : -1.99992542952593e+00
  Final Root Iters :       3013
  Root LP Estimate :                     -
Solution           :
  Solutions found  :          2 (2 improvements)
  First Solution   : -1.50556792873051e+00   (in run 1, after 1 nodes, 2.85 seconds, depth 0, found by <feaspump>)
  Gap First Sol.   :      32.84 %
  Gap Last Sol.    :       0.00 %
  Primal Bound     : -1.99992542952593e+00   (in run 1, after 1 nodes, 3.11 seconds, depth 0, found by <rens>)
  Dual Bound       : -1.99992542952593e+00
  Gap              :       0.00 %
Integrals          :      Total       Avg%
  primal-dual      :     291.74      93.83
  primal-ref       :          -          - (not evaluated)
  dual-ref         :          -          - (not evaluated)
