SCIP version 8.0.0 [precision: 8 byte] [memory: block] [mode: optimized] [LP solver: SoPlex 6.0.0] [GitHash: a740f0891e]
Copyright (C) 2002-2021 Konrad-Zuse-Zentrum fuer Informationstechnik Berlin (ZIB)

External libraries: 
  SoPlex 6.0.0         Linear Programming Solver developed at Zuse Institute Berlin (soplex.zib.de) [GitHash: 71a5873d]
  CppAD 20180000.0     Algorithmic Differentiation of C++ algorithms developed by B. Bell (github.com/coin-or/CppAD)
  ZLIB 1.2.11          General purpose compression library by J. Gailly and M. Adler (zlib.net)
  GMP 6.2.1            GNU Multiple Precision Arithmetic Library developed by T. Granlund (gmplib.org)
  ZIMPL 3.5.1          Zuse Institute Mathematical Programming Language developed by T. Koch (zimpl.zib.de)
  AMPL/MP 4e2d45c4     AMPL .nl file reader library (github.com/ampl/mp)
  PaPILO 2.0.0         parallel presolve for integer and linear optimization (github.com/scipopt/papilo) [GitHash: 76cafc1]
  bliss 0.73p          Computing Graph Automorphism Groups by T. Junttila and P. Kaski (www.tcs.hut.fi/Software/bliss/)
  Ipopt 3.13.2         Interior Point Optimizer developed by A. Waechter et.al. (github.com/coin-or/Ipopt)

user parameter file <scip.set> not found - using default parameters

read problem <../modeles/4_469.lp>
============

original problem has 3760 variables (1876 bin, 0 int, 0 impl, 1884 cont) and 1893 constraints

solve problem
=============

presolving:
(round 1, fast)       4 del vars, 0 del conss, 0 add conss, 3992 chg bounds, 0 chg sides, 0 chg coeffs, 0 upgd conss, 0 impls, 4 clqs
(round 2, fast)       4 del vars, 0 del conss, 0 add conss, 3992 chg bounds, 0 chg sides, 1880 chg coeffs, 0 upgd conss, 0 impls, 4 clqs
   (0.0s) running MILP presolver
   (0.0s) MILP presolver (2 rounds): 0 aggregations, 0 fixings, 24 bound changes
(round 3, exhaustive) 4 del vars, 0 del conss, 0 add conss, 4016 chg bounds, 0 chg sides, 1880 chg coeffs, 12 upgd conss, 0 impls, 4 clqs
(round 4, exhaustive) 29 del vars, 0 del conss, 0 add conss, 4016 chg bounds, 0 chg sides, 1880 chg coeffs, 12 upgd conss, 14516 impls, 4 clqs
(round 5, exhaustive) 29 del vars, 0 del conss, 0 add conss, 4016 chg bounds, 0 chg sides, 1880 chg coeffs, 62 upgd conss, 14516 impls, 4 clqs
(round 6, exhaustive) 54 del vars, 0 del conss, 0 add conss, 4016 chg bounds, 0 chg sides, 1880 chg coeffs, 62 upgd conss, 31876 impls, 4 clqs
(round 7, exhaustive) 54 del vars, 0 del conss, 0 add conss, 4016 chg bounds, 0 chg sides, 1880 chg coeffs, 108 upgd conss, 31876 impls, 4 clqs
(round 8, exhaustive) 79 del vars, 0 del conss, 0 add conss, 4016 chg bounds, 0 chg sides, 1880 chg coeffs, 108 upgd conss, 37995 impls, 4 clqs
(round 9, fast)       81 del vars, 5 del conss, 0 add conss, 4018 chg bounds, 0 chg sides, 1880 chg coeffs, 108 upgd conss, 37995 impls, 4 clqs
(round 10, exhaustive) 81 del vars, 5 del conss, 0 add conss, 4018 chg bounds, 0 chg sides, 1880 chg coeffs, 147 upgd conss, 37995 impls, 4 clqs
(round 11, exhaustive) 106 del vars, 5 del conss, 0 add conss, 4018 chg bounds, 0 chg sides, 1880 chg coeffs, 147 upgd conss, 47814 impls, 4 clqs
(round 12, fast)       106 del vars, 8 del conss, 0 add conss, 4018 chg bounds, 0 chg sides, 1880 chg coeffs, 147 upgd conss, 47814 impls, 4 clqs
(round 13, exhaustive) 106 del vars, 8 del conss, 0 add conss, 4018 chg bounds, 0 chg sides, 1880 chg coeffs, 188 upgd conss, 47814 impls, 4 clqs
(round 14, exhaustive) 132 del vars, 8 del conss, 0 add conss, 4018 chg bounds, 0 chg sides, 1880 chg coeffs, 188 upgd conss, 55753 impls, 4 clqs
(round 15, fast)       132 del vars, 15 del conss, 0 add conss, 4018 chg bounds, 0 chg sides, 1880 chg coeffs, 188 upgd conss, 55753 impls, 4 clqs
(round 16, exhaustive) 132 del vars, 15 del conss, 0 add conss, 4018 chg bounds, 0 chg sides, 1880 chg coeffs, 219 upgd conss, 55753 impls, 4 clqs
(round 17, exhaustive) 157 del vars, 15 del conss, 0 add conss, 4018 chg bounds, 0 chg sides, 1880 chg coeffs, 219 upgd conss, 62268 impls, 4 clqs
(round 18, fast)       158 del vars, 22 del conss, 0 add conss, 4019 chg bounds, 0 chg sides, 1880 chg coeffs, 219 upgd conss, 62268 impls, 4 clqs
(round 19, exhaustive) 158 del vars, 22 del conss, 0 add conss, 4019 chg bounds, 0 chg sides, 1880 chg coeffs, 250 upgd conss, 62268 impls, 4 clqs
(round 20, exhaustive) 183 del vars, 22 del conss, 0 add conss, 4019 chg bounds, 0 chg sides, 1880 chg coeffs, 250 upgd conss, 72911 impls, 4 clqs
(round 21, fast)       183 del vars, 28 del conss, 0 add conss, 4019 chg bounds, 0 chg sides, 1880 chg coeffs, 250 upgd conss, 72911 impls, 4 clqs
(round 22, exhaustive) 183 del vars, 28 del conss, 0 add conss, 4019 chg bounds, 0 chg sides, 1880 chg coeffs, 278 upgd conss, 72911 impls, 4 clqs
(round 23, exhaustive) 208 del vars, 28 del conss, 0 add conss, 4019 chg bounds, 0 chg sides, 1880 chg coeffs, 278 upgd conss, 79847 impls, 4 clqs
(round 24, fast)       209 del vars, 31 del conss, 0 add conss, 4020 chg bounds, 0 chg sides, 1880 chg coeffs, 278 upgd conss, 79847 impls, 4 clqs
(round 25, exhaustive) 209 del vars, 31 del conss, 0 add conss, 4020 chg bounds, 0 chg sides, 1880 chg coeffs, 317 upgd conss, 79847 impls, 4 clqs
(round 26, exhaustive) 234 del vars, 31 del conss, 0 add conss, 4020 chg bounds, 0 chg sides, 1880 chg coeffs, 317 upgd conss, 89060 impls, 4 clqs
(round 27, fast)       234 del vars, 39 del conss, 0 add conss, 4020 chg bounds, 0 chg sides, 1880 chg coeffs, 317 upgd conss, 89060 impls, 4 clqs
(round 28, exhaustive) 234 del vars, 39 del conss, 0 add conss, 4020 chg bounds, 0 chg sides, 1880 chg coeffs, 343 upgd conss, 89060 impls, 4 clqs
(round 29, exhaustive) 259 del vars, 39 del conss, 0 add conss, 4020 chg bounds, 0 chg sides, 1880 chg coeffs, 343 upgd conss, 102333 impls, 4 clqs
(round 30, fast)       259 del vars, 46 del conss, 0 add conss, 4020 chg bounds, 0 chg sides, 1880 chg coeffs, 343 upgd conss, 102333 impls, 4 clqs
(round 31, exhaustive) 259 del vars, 46 del conss, 0 add conss, 4020 chg bounds, 0 chg sides, 1880 chg coeffs, 372 upgd conss, 102333 impls, 4 clqs
(round 32, exhaustive) 284 del vars, 46 del conss, 0 add conss, 4020 chg bounds, 0 chg sides, 1880 chg coeffs, 372 upgd conss, 105983 impls, 4 clqs
(round 33, fast)       284 del vars, 57 del conss, 0 add conss, 4020 chg bounds, 0 chg sides, 1880 chg coeffs, 372 upgd conss, 105983 impls, 4 clqs
(round 34, exhaustive) 284 del vars, 57 del conss, 0 add conss, 4020 chg bounds, 0 chg sides, 1880 chg coeffs, 389 upgd conss, 105983 impls, 4 clqs
(round 35, exhaustive) 309 del vars, 57 del conss, 0 add conss, 4020 chg bounds, 0 chg sides, 1880 chg coeffs, 389 upgd conss, 111879 impls, 4 clqs
(round 36, fast)       309 del vars, 64 del conss, 0 add conss, 4020 chg bounds, 0 chg sides, 1880 chg coeffs, 389 upgd conss, 111879 impls, 4 clqs
(round 37, exhaustive) 309 del vars, 64 del conss, 0 add conss, 4020 chg bounds, 0 chg sides, 1880 chg coeffs, 418 upgd conss, 111879 impls, 4 clqs
(round 38, exhaustive) 334 del vars, 64 del conss, 0 add conss, 4020 chg bounds, 0 chg sides, 1880 chg coeffs, 418 upgd conss, 115492 impls, 4 clqs
(round 39, fast)       334 del vars, 71 del conss, 0 add conss, 4020 chg bounds, 0 chg sides, 1880 chg coeffs, 418 upgd conss, 115492 impls, 4 clqs
(round 40, exhaustive) 334 del vars, 71 del conss, 0 add conss, 4020 chg bounds, 0 chg sides, 1880 chg coeffs, 447 upgd conss, 115492 impls, 4 clqs
(round 41, exhaustive) 359 del vars, 71 del conss, 0 add conss, 4020 chg bounds, 0 chg sides, 1880 chg coeffs, 447 upgd conss, 125412 impls, 4 clqs
(round 42, fast)       359 del vars, 80 del conss, 0 add conss, 4020 chg bounds, 0 chg sides, 1880 chg coeffs, 447 upgd conss, 125412 impls, 4 clqs
(round 43, exhaustive) 359 del vars, 80 del conss, 0 add conss, 4020 chg bounds, 0 chg sides, 1880 chg coeffs, 470 upgd conss, 125412 impls, 4 clqs
(round 44, exhaustive) 385 del vars, 80 del conss, 0 add conss, 4020 chg bounds, 0 chg sides, 1880 chg coeffs, 470 upgd conss, 133919 impls, 4 clqs
(round 45, fast)       385 del vars, 89 del conss, 0 add conss, 4020 chg bounds, 0 chg sides, 1880 chg coeffs, 470 upgd conss, 133919 impls, 4 clqs
(round 46, exhaustive) 385 del vars, 89 del conss, 0 add conss, 4020 chg bounds, 0 chg sides, 1880 chg coeffs, 494 upgd conss, 133919 impls, 4 clqs
(round 47, exhaustive) 410 del vars, 89 del conss, 0 add conss, 4020 chg bounds, 0 chg sides, 1880 chg coeffs, 494 upgd conss, 141033 impls, 4 clqs
(round 48, fast)       414 del vars, 99 del conss, 0 add conss, 4024 chg bounds, 0 chg sides, 1880 chg coeffs, 494 upgd conss, 141033 impls, 4 clqs
(round 49, exhaustive) 414 del vars, 99 del conss, 0 add conss, 4024 chg bounds, 0 chg sides, 1880 chg coeffs, 522 upgd conss, 141033 impls, 4 clqs
(round 50, exhaustive) 440 del vars, 99 del conss, 0 add conss, 4024 chg bounds, 0 chg sides, 1880 chg coeffs, 522 upgd conss, 148987 impls, 4 clqs
(round 51, fast)       440 del vars, 111 del conss, 0 add conss, 4024 chg bounds, 0 chg sides, 1880 chg coeffs, 522 upgd conss, 148987 impls, 4 clqs
(round 52, exhaustive) 440 del vars, 111 del conss, 0 add conss, 4024 chg bounds, 0 chg sides, 1880 chg coeffs, 538 upgd conss, 148987 impls, 4 clqs
(round 53, exhaustive) 465 del vars, 111 del conss, 0 add conss, 4024 chg bounds, 0 chg sides, 1880 chg coeffs, 538 upgd conss, 158233 impls, 4 clqs
(round 54, fast)       465 del vars, 123 del conss, 0 add conss, 4024 chg bounds, 0 chg sides, 1880 chg coeffs, 538 upgd conss, 158233 impls, 4 clqs
(round 55, exhaustive) 465 del vars, 123 del conss, 0 add conss, 4024 chg bounds, 0 chg sides, 1880 chg coeffs, 552 upgd conss, 158233 impls, 4 clqs
(round 56, exhaustive) 490 del vars, 123 del conss, 0 add conss, 4024 chg bounds, 0 chg sides, 1880 chg coeffs, 552 upgd conss, 162155 impls, 4 clqs
(round 57, fast)       490 del vars, 134 del conss, 0 add conss, 4024 chg bounds, 0 chg sides, 1880 chg coeffs, 552 upgd conss, 162155 impls, 4 clqs
(round 58, exhaustive) 490 del vars, 134 del conss, 0 add conss, 4024 chg bounds, 0 chg sides, 1880 chg coeffs, 565 upgd conss, 162155 impls, 4 clqs
(round 59, exhaustive) 516 del vars, 134 del conss, 0 add conss, 4024 chg bounds, 0 chg sides, 1880 chg coeffs, 565 upgd conss, 168651 impls, 4 clqs
(round 60, fast)       516 del vars, 143 del conss, 0 add conss, 4024 chg bounds, 0 chg sides, 1880 chg coeffs, 565 upgd conss, 168651 impls, 4 clqs
(round 61, exhaustive) 516 del vars, 143 del conss, 0 add conss, 4024 chg bounds, 0 chg sides, 1880 chg coeffs, 590 upgd conss, 168651 impls, 4 clqs
(round 62, exhaustive) 541 del vars, 143 del conss, 0 add conss, 4024 chg bounds, 0 chg sides, 1880 chg coeffs, 590 upgd conss, 177271 impls, 4 clqs
(round 63, fast)       543 del vars, 155 del conss, 0 add conss, 4026 chg bounds, 0 chg sides, 1880 chg coeffs, 590 upgd conss, 177271 impls, 4 clqs
(round 64, exhaustive) 543 del vars, 155 del conss, 0 add conss, 4026 chg bounds, 0 chg sides, 1880 chg coeffs, 604 upgd conss, 177271 impls, 4 clqs
(round 65, exhaustive) 568 del vars, 155 del conss, 0 add conss, 4026 chg bounds, 0 chg sides, 1880 chg coeffs, 604 upgd conss, 183660 impls, 4 clqs
(round 66, fast)       568 del vars, 165 del conss, 0 add conss, 4026 chg bounds, 0 chg sides, 1880 chg coeffs, 604 upgd conss, 183660 impls, 4 clqs
   (1.4s) running MILP presolver
   (1.5s) MILP presolver (16 rounds): 0 aggregations, 115 fixings, 0 bound changes
(round 67, medium)     683 del vars, 213 del conss, 0 add conss, 4026 chg bounds, 0 chg sides, 1880 chg coeffs, 604 upgd conss, 183660 impls, 4 clqs
(round 68, fast)       683 del vars, 226 del conss, 0 add conss, 4026 chg bounds, 0 chg sides, 1880 chg coeffs, 604 upgd conss, 183660 impls, 4 clqs
(round 69, exhaustive) 683 del vars, 226 del conss, 0 add conss, 4026 chg bounds, 0 chg sides, 1880 chg coeffs, 654 upgd conss, 183660 impls, 4 clqs
(round 70, exhaustive) 711 del vars, 226 del conss, 0 add conss, 4026 chg bounds, 0 chg sides, 1880 chg coeffs, 654 upgd conss, 191074 impls, 4 clqs
(round 71, fast)       711 del vars, 239 del conss, 0 add conss, 4026 chg bounds, 0 chg sides, 1880 chg coeffs, 654 upgd conss, 191074 impls, 4 clqs
(round 72, exhaustive) 711 del vars, 239 del conss, 0 add conss, 4026 chg bounds, 0 chg sides, 1880 chg coeffs, 671 upgd conss, 191074 impls, 4 clqs
(round 73, exhaustive) 736 del vars, 239 del conss, 0 add conss, 4026 chg bounds, 0 chg sides, 1880 chg coeffs, 671 upgd conss, 196366 impls, 4 clqs
(round 74, fast)       737 del vars, 252 del conss, 0 add conss, 4027 chg bounds, 0 chg sides, 1880 chg coeffs, 671 upgd conss, 196366 impls, 4 clqs
(round 75, exhaustive) 737 del vars, 252 del conss, 0 add conss, 4027 chg bounds, 0 chg sides, 1880 chg coeffs, 684 upgd conss, 196366 impls, 4 clqs
(round 76, exhaustive) 762 del vars, 252 del conss, 0 add conss, 4027 chg bounds, 0 chg sides, 1880 chg coeffs, 684 upgd conss, 204817 impls, 4 clqs
(round 77, fast)       762 del vars, 263 del conss, 0 add conss, 4027 chg bounds, 0 chg sides, 1880 chg coeffs, 684 upgd conss, 204817 impls, 4 clqs
(round 78, exhaustive) 762 del vars, 263 del conss, 0 add conss, 4027 chg bounds, 0 chg sides, 1880 chg coeffs, 693 upgd conss, 204817 impls, 4 clqs
(round 79, exhaustive) 787 del vars, 263 del conss, 0 add conss, 4027 chg bounds, 0 chg sides, 1880 chg coeffs, 693 upgd conss, 207629 impls, 4 clqs
(round 80, fast)       789 del vars, 278 del conss, 0 add conss, 4029 chg bounds, 0 chg sides, 1880 chg coeffs, 693 upgd conss, 207629 impls, 4 clqs
(round 81, exhaustive) 789 del vars, 278 del conss, 0 add conss, 4029 chg bounds, 0 chg sides, 1880 chg coeffs, 702 upgd conss, 207629 impls, 4 clqs
(round 82, exhaustive) 814 del vars, 278 del conss, 0 add conss, 4029 chg bounds, 0 chg sides, 1880 chg coeffs, 702 upgd conss, 211193 impls, 4 clqs
(round 83, fast)       814 del vars, 291 del conss, 0 add conss, 4029 chg bounds, 0 chg sides, 1880 chg coeffs, 702 upgd conss, 211193 impls, 4 clqs
(round 84, exhaustive) 814 del vars, 291 del conss, 0 add conss, 4029 chg bounds, 0 chg sides, 1880 chg coeffs, 713 upgd conss, 211193 impls, 4 clqs
(round 85, exhaustive) 839 del vars, 291 del conss, 0 add conss, 4029 chg bounds, 0 chg sides, 1880 chg coeffs, 713 upgd conss, 219037 impls, 4 clqs
(round 86, fast)       845 del vars, 308 del conss, 0 add conss, 4035 chg bounds, 0 chg sides, 1880 chg coeffs, 713 upgd conss, 219037 impls, 4 clqs
(round 87, exhaustive) 845 del vars, 308 del conss, 0 add conss, 4035 chg bounds, 0 chg sides, 1880 chg coeffs, 724 upgd conss, 219037 impls, 4 clqs
(round 88, exhaustive) 872 del vars, 308 del conss, 0 add conss, 4035 chg bounds, 0 chg sides, 1880 chg coeffs, 724 upgd conss, 226811 impls, 4 clqs
(round 89, fast)       872 del vars, 322 del conss, 0 add conss, 4035 chg bounds, 0 chg sides, 1880 chg coeffs, 724 upgd conss, 226811 impls, 4 clqs
(round 90, exhaustive) 872 del vars, 322 del conss, 0 add conss, 4035 chg bounds, 0 chg sides, 1880 chg coeffs, 736 upgd conss, 226811 impls, 4 clqs
   (1.9s) probing: 1000/1876 (53.3%) - 735 fixings, 0 aggregations, 226871 implications, 0 bound changes
(round 91, exhaustive) 897 del vars, 322 del conss, 0 add conss, 4035 chg bounds, 0 chg sides, 1880 chg coeffs, 736 upgd conss, 230674 impls, 4 clqs
(round 92, fast)       900 del vars, 337 del conss, 0 add conss, 4038 chg bounds, 0 chg sides, 1880 chg coeffs, 736 upgd conss, 230674 impls, 4 clqs
(round 93, exhaustive) 900 del vars, 337 del conss, 0 add conss, 4038 chg bounds, 0 chg sides, 1880 chg coeffs, 747 upgd conss, 230674 impls, 4 clqs
(round 94, exhaustive) 925 del vars, 337 del conss, 0 add conss, 4038 chg bounds, 0 chg sides, 1880 chg coeffs, 747 upgd conss, 235621 impls, 4 clqs
(round 95, fast)       925 del vars, 350 del conss, 0 add conss, 4038 chg bounds, 0 chg sides, 1880 chg coeffs, 747 upgd conss, 235621 impls, 4 clqs
(round 96, exhaustive) 925 del vars, 350 del conss, 0 add conss, 4038 chg bounds, 0 chg sides, 1880 chg coeffs, 758 upgd conss, 235621 impls, 4 clqs
(round 97, exhaustive) 952 del vars, 350 del conss, 0 add conss, 4038 chg bounds, 0 chg sides, 1880 chg coeffs, 758 upgd conss, 243200 impls, 4 clqs
(round 98, fast)       952 del vars, 364 del conss, 0 add conss, 4038 chg bounds, 0 chg sides, 1880 chg coeffs, 758 upgd conss, 243200 impls, 4 clqs
(round 99, exhaustive) 952 del vars, 364 del conss, 0 add conss, 4038 chg bounds, 0 chg sides, 1880 chg coeffs, 770 upgd conss, 243200 impls, 4 clqs
(round 100, exhaustive) 978 del vars, 364 del conss, 0 add conss, 4038 chg bounds, 0 chg sides, 1880 chg coeffs, 770 upgd conss, 246930 impls, 4 clqs
(round 101, fast)       978 del vars, 379 del conss, 0 add conss, 4038 chg bounds, 0 chg sides, 1880 chg coeffs, 770 upgd conss, 246930 impls, 4 clqs
(round 102, exhaustive) 978 del vars, 379 del conss, 0 add conss, 4038 chg bounds, 0 chg sides, 1880 chg coeffs, 776 upgd conss, 246930 impls, 4 clqs
(round 103, exhaustive) 1005 del vars, 379 del conss, 0 add conss, 4038 chg bounds, 0 chg sides, 1880 chg coeffs, 776 upgd conss, 252888 impls, 4 clqs
(round 104, fast)       1005 del vars, 396 del conss, 0 add conss, 4038 chg bounds, 0 chg sides, 1880 chg coeffs, 776 upgd conss, 252888 impls, 4 clqs
(round 105, exhaustive) 1005 del vars, 396 del conss, 0 add conss, 4038 chg bounds, 0 chg sides, 1880 chg coeffs, 779 upgd conss, 252888 impls, 4 clqs
(round 106, exhaustive) 1030 del vars, 396 del conss, 0 add conss, 4038 chg bounds, 0 chg sides, 1880 chg coeffs, 779 upgd conss, 257668 impls, 4 clqs
(round 107, fast)       1031 del vars, 409 del conss, 0 add conss, 4039 chg bounds, 0 chg sides, 1880 chg coeffs, 779 upgd conss, 257668 impls, 4 clqs
(round 108, exhaustive) 1031 del vars, 409 del conss, 0 add conss, 4039 chg bounds, 0 chg sides, 1880 chg coeffs, 792 upgd conss, 257668 impls, 4 clqs
(round 109, exhaustive) 1056 del vars, 409 del conss, 0 add conss, 4039 chg bounds, 0 chg sides, 1880 chg coeffs, 792 upgd conss, 266704 impls, 4 clqs
(round 110, fast)       1057 del vars, 422 del conss, 0 add conss, 4040 chg bounds, 0 chg sides, 1880 chg coeffs, 792 upgd conss, 266704 impls, 4 clqs
(round 111, exhaustive) 1057 del vars, 422 del conss, 0 add conss, 4040 chg bounds, 0 chg sides, 1880 chg coeffs, 805 upgd conss, 266704 impls, 4 clqs
(round 112, exhaustive) 1082 del vars, 422 del conss, 0 add conss, 4040 chg bounds, 0 chg sides, 1880 chg coeffs, 805 upgd conss, 269550 impls, 4 clqs
(round 113, fast)       1084 del vars, 438 del conss, 0 add conss, 4042 chg bounds, 0 chg sides, 1880 chg coeffs, 805 upgd conss, 269550 impls, 4 clqs
(round 114, exhaustive) 1084 del vars, 438 del conss, 0 add conss, 4042 chg bounds, 0 chg sides, 1880 chg coeffs, 811 upgd conss, 269550 impls, 4 clqs
(round 115, exhaustive) 1112 del vars, 438 del conss, 0 add conss, 4042 chg bounds, 0 chg sides, 1880 chg coeffs, 811 upgd conss, 273446 impls, 4 clqs
(round 116, fast)       1112 del vars, 453 del conss, 0 add conss, 4042 chg bounds, 0 chg sides, 1880 chg coeffs, 811 upgd conss, 273446 impls, 4 clqs
(round 117, exhaustive) 1112 del vars, 453 del conss, 0 add conss, 4042 chg bounds, 0 chg sides, 1880 chg coeffs, 822 upgd conss, 273446 impls, 4 clqs
(round 118, exhaustive) 1137 del vars, 453 del conss, 0 add conss, 4042 chg bounds, 0 chg sides, 1880 chg coeffs, 822 upgd conss, 276636 impls, 4 clqs
(round 119, fast)       1139 del vars, 470 del conss, 0 add conss, 4044 chg bounds, 0 chg sides, 1880 chg coeffs, 822 upgd conss, 276636 impls, 4 clqs
(round 120, exhaustive) 1139 del vars, 470 del conss, 0 add conss, 4044 chg bounds, 0 chg sides, 1880 chg coeffs, 825 upgd conss, 276636 impls, 4 clqs
(round 121, exhaustive) 1164 del vars, 470 del conss, 0 add conss, 4044 chg bounds, 0 chg sides, 1880 chg coeffs, 825 upgd conss, 281135 impls, 4 clqs
(round 122, fast)       1166 del vars, 487 del conss, 0 add conss, 4046 chg bounds, 0 chg sides, 1880 chg coeffs, 825 upgd conss, 281135 impls, 4 clqs
   (2.3s) running MILP presolver
   (2.4s) MILP presolver (7 rounds): 0 aggregations, 51 fixings, 0 bound changes
(round 123, medium)     1217 del vars, 516 del conss, 0 add conss, 4046 chg bounds, 0 chg sides, 1880 chg coeffs, 825 upgd conss, 281135 impls, 4 clqs
(round 124, fast)       1217 del vars, 518 del conss, 0 add conss, 4046 chg bounds, 0 chg sides, 1880 chg coeffs, 825 upgd conss, 281135 impls, 4 clqs
(round 125, exhaustive) 1217 del vars, 518 del conss, 0 add conss, 4046 chg bounds, 0 chg sides, 1880 chg coeffs, 835 upgd conss, 281135 impls, 4 clqs
(round 126, exhaustive) 1242 del vars, 518 del conss, 0 add conss, 4046 chg bounds, 0 chg sides, 1880 chg coeffs, 835 upgd conss, 286821 impls, 4 clqs
(round 127, fast)       1243 del vars, 533 del conss, 0 add conss, 4047 chg bounds, 0 chg sides, 1880 chg coeffs, 835 upgd conss, 286821 impls, 4 clqs
(round 128, exhaustive) 1243 del vars, 533 del conss, 0 add conss, 4047 chg bounds, 0 chg sides, 1880 chg coeffs, 842 upgd conss, 286821 impls, 4 clqs
(round 129, exhaustive) 1268 del vars, 533 del conss, 0 add conss, 4047 chg bounds, 0 chg sides, 1880 chg coeffs, 842 upgd conss, 297770 impls, 4 clqs
(round 130, fast)       1268 del vars, 548 del conss, 0 add conss, 4047 chg bounds, 0 chg sides, 1880 chg coeffs, 842 upgd conss, 297770 impls, 4 clqs
(round 131, exhaustive) 1268 del vars, 548 del conss, 0 add conss, 4047 chg bounds, 0 chg sides, 1880 chg coeffs, 847 upgd conss, 297770 impls, 4 clqs
(round 132, exhaustive) 1296 del vars, 548 del conss, 0 add conss, 4047 chg bounds, 0 chg sides, 1880 chg coeffs, 847 upgd conss, 301382 impls, 4 clqs
(round 133, fast)       1296 del vars, 564 del conss, 0 add conss, 4047 chg bounds, 0 chg sides, 1880 chg coeffs, 847 upgd conss, 301382 impls, 4 clqs
(round 134, exhaustive) 1296 del vars, 564 del conss, 0 add conss, 4047 chg bounds, 0 chg sides, 1880 chg coeffs, 855 upgd conss, 301382 impls, 4 clqs
(round 135, exhaustive) 1324 del vars, 564 del conss, 0 add conss, 4047 chg bounds, 0 chg sides, 1880 chg coeffs, 855 upgd conss, 305582 impls, 4 clqs
(round 136, fast)       1324 del vars, 581 del conss, 0 add conss, 4047 chg bounds, 0 chg sides, 1880 chg coeffs, 855 upgd conss, 305582 impls, 4 clqs
(round 137, exhaustive) 1324 del vars, 581 del conss, 0 add conss, 4047 chg bounds, 0 chg sides, 1880 chg coeffs, 860 upgd conss, 305582 impls, 4 clqs
(round 138, exhaustive) 1350 del vars, 581 del conss, 0 add conss, 4047 chg bounds, 0 chg sides, 1880 chg coeffs, 860 upgd conss, 307180 impls, 4 clqs
(round 139, fast)       1350 del vars, 597 del conss, 0 add conss, 4047 chg bounds, 0 chg sides, 1880 chg coeffs, 860 upgd conss, 307180 impls, 4 clqs
(round 140, exhaustive) 1350 del vars, 597 del conss, 0 add conss, 4047 chg bounds, 0 chg sides, 1880 chg coeffs, 864 upgd conss, 307180 impls, 4 clqs
(round 141, exhaustive) 1375 del vars, 597 del conss, 0 add conss, 4047 chg bounds, 0 chg sides, 1880 chg coeffs, 864 upgd conss, 310016 impls, 4 clqs
(round 142, fast)       1383 del vars, 617 del conss, 0 add conss, 4055 chg bounds, 0 chg sides, 1880 chg coeffs, 864 upgd conss, 310016 impls, 4 clqs
(round 143, exhaustive) 1383 del vars, 617 del conss, 0 add conss, 4055 chg bounds, 0 chg sides, 1880 chg coeffs, 869 upgd conss, 310016 impls, 4 clqs
(round 144, exhaustive) 1413 del vars, 617 del conss, 0 add conss, 4055 chg bounds, 0 chg sides, 1880 chg coeffs, 869 upgd conss, 313430 impls, 4 clqs
(round 145, fast)       1413 del vars, 636 del conss, 0 add conss, 4055 chg bounds, 0 chg sides, 1880 chg coeffs, 869 upgd conss, 313430 impls, 4 clqs
(round 146, exhaustive) 1413 del vars, 636 del conss, 0 add conss, 4055 chg bounds, 0 chg sides, 1880 chg coeffs, 872 upgd conss, 313430 impls, 4 clqs
(round 147, exhaustive) 1438 del vars, 636 del conss, 0 add conss, 4055 chg bounds, 0 chg sides, 1880 chg coeffs, 872 upgd conss, 318313 impls, 4 clqs
(round 148, fast)       1438 del vars, 651 del conss, 0 add conss, 4055 chg bounds, 0 chg sides, 1880 chg coeffs, 872 upgd conss, 318313 impls, 4 clqs
(round 149, exhaustive) 1438 del vars, 651 del conss, 0 add conss, 4055 chg bounds, 0 chg sides, 1880 chg coeffs, 877 upgd conss, 318313 impls, 4 clqs
   (2.7s) sparsify finished: 2/8187 (0.0%) nonzeros canceled - in total 2 canceled nonzeros, 302 changed coefficients, 0 added nonzeros
(round 150, exhaustive) 1438 del vars, 651 del conss, 0 add conss, 4055 chg bounds, 0 chg sides, 2182 chg coeffs, 877 upgd conss, 318318 impls, 4 clqs
(round 151, exhaustive) 1463 del vars, 651 del conss, 0 add conss, 4055 chg bounds, 0 chg sides, 2182 chg coeffs, 877 upgd conss, 320697 impls, 4 clqs
(round 152, fast)       1466 del vars, 668 del conss, 0 add conss, 4058 chg bounds, 0 chg sides, 2182 chg coeffs, 877 upgd conss, 320697 impls, 4 clqs
(round 153, exhaustive) 1466 del vars, 668 del conss, 0 add conss, 4058 chg bounds, 0 chg sides, 2182 chg coeffs, 882 upgd conss, 320697 impls, 4 clqs
(round 154, exhaustive) 1494 del vars, 668 del conss, 0 add conss, 4058 chg bounds, 0 chg sides, 2182 chg coeffs, 882 upgd conss, 324885 impls, 4 clqs
(round 155, fast)       1494 del vars, 685 del conss, 0 add conss, 4058 chg bounds, 0 chg sides, 2182 chg coeffs, 882 upgd conss, 324885 impls, 4 clqs
(round 156, exhaustive) 1494 del vars, 685 del conss, 0 add conss, 4058 chg bounds, 0 chg sides, 2182 chg coeffs, 886 upgd conss, 324885 impls, 4 clqs
(round 157, exhaustive) 1520 del vars, 685 del conss, 0 add conss, 4058 chg bounds, 0 chg sides, 2182 chg coeffs, 886 upgd conss, 329272 impls, 4 clqs
(round 158, fast)       1520 del vars, 702 del conss, 0 add conss, 4058 chg bounds, 0 chg sides, 2182 chg coeffs, 886 upgd conss, 329272 impls, 4 clqs
(round 159, exhaustive) 1520 del vars, 702 del conss, 0 add conss, 4058 chg bounds, 0 chg sides, 2182 chg coeffs, 887 upgd conss, 329272 impls, 4 clqs
   (2.8s) sparsify finished: 2/7888 (0.0%) nonzeros canceled - in total 4 canceled nonzeros, 589 changed coefficients, 0 added nonzeros
(round 160, exhaustive) 1520 del vars, 702 del conss, 0 add conss, 4058 chg bounds, 0 chg sides, 2469 chg coeffs, 887 upgd conss, 329273 impls, 4 clqs
(round 161, exhaustive) 1545 del vars, 702 del conss, 0 add conss, 4058 chg bounds, 0 chg sides, 2469 chg coeffs, 887 upgd conss, 337915 impls, 4 clqs
(round 162, fast)       1547 del vars, 718 del conss, 0 add conss, 4060 chg bounds, 0 chg sides, 2469 chg coeffs, 887 upgd conss, 337915 impls, 4 clqs
(round 163, exhaustive) 1547 del vars, 718 del conss, 0 add conss, 4060 chg bounds, 0 chg sides, 2469 chg coeffs, 888 upgd conss, 337915 impls, 4 clqs
(round 164, exhaustive) 1581 del vars, 718 del conss, 0 add conss, 4060 chg bounds, 0 chg sides, 2469 chg coeffs, 888 upgd conss, 348995 impls, 4 clqs
(round 165, fast)       1581 del vars, 740 del conss, 0 add conss, 4060 chg bounds, 0 chg sides, 2469 chg coeffs, 888 upgd conss, 348995 impls, 4 clqs
   (2.9s) running MILP presolver
   (2.9s) MILP presolver (5 rounds): 0 aggregations, 14 fixings, 0 bound changes
(round 166, medium)     1595 del vars, 749 del conss, 0 add conss, 4060 chg bounds, 0 chg sides, 2469 chg coeffs, 888 upgd conss, 348995 impls, 4 clqs
(round 167, exhaustive) 1595 del vars, 749 del conss, 0 add conss, 4060 chg bounds, 0 chg sides, 2469 chg coeffs, 891 upgd conss, 348995 impls, 4 clqs
(round 168, exhaustive) 1620 del vars, 749 del conss, 0 add conss, 4060 chg bounds, 0 chg sides, 2469 chg coeffs, 891 upgd conss, 350937 impls, 4 clqs
(round 169, fast)       1622 del vars, 767 del conss, 0 add conss, 4062 chg bounds, 0 chg sides, 2469 chg coeffs, 891 upgd conss, 350937 impls, 4 clqs
(round 170, exhaustive) 1647 del vars, 767 del conss, 0 add conss, 4062 chg bounds, 0 chg sides, 2469 chg coeffs, 891 upgd conss, 363279 impls, 4 clqs
(round 171, fast)       1651 del vars, 786 del conss, 0 add conss, 4066 chg bounds, 0 chg sides, 2469 chg coeffs, 891 upgd conss, 363279 impls, 4 clqs
(round 172, exhaustive) 1651 del vars, 786 del conss, 0 add conss, 4066 chg bounds, 0 chg sides, 2469 chg coeffs, 892 upgd conss, 363279 impls, 4 clqs
(round 173, exhaustive) 1677 del vars, 786 del conss, 0 add conss, 4066 chg bounds, 0 chg sides, 2469 chg coeffs, 892 upgd conss, 370551 impls, 4 clqs
(round 174, fast)       1677 del vars, 803 del conss, 0 add conss, 4066 chg bounds, 0 chg sides, 2469 chg coeffs, 892 upgd conss, 370551 impls, 4 clqs
(round 175, exhaustive) 1677 del vars, 803 del conss, 0 add conss, 4066 chg bounds, 0 chg sides, 2469 chg coeffs, 893 upgd conss, 370551 impls, 4 clqs
(round 176, exhaustive) 1703 del vars, 803 del conss, 0 add conss, 4066 chg bounds, 0 chg sides, 2469 chg coeffs, 893 upgd conss, 379177 impls, 4 clqs
(round 177, fast)       1703 del vars, 820 del conss, 0 add conss, 4066 chg bounds, 0 chg sides, 2469 chg coeffs, 893 upgd conss, 379177 impls, 4 clqs
(round 178, exhaustive) 1703 del vars, 820 del conss, 0 add conss, 4066 chg bounds, 0 chg sides, 2469 chg coeffs, 894 upgd conss, 379177 impls, 4 clqs
   (3.1s) probing cycle finished: starting next cycle
   (3.1s) probing: 51/999 (5.1%) - 1490 fixings, 0 aggregations, 379844 implications, 0 bound changes
   (3.1s) probing aborted: 50/50 successive totally useless probings
(round 179, exhaustive) 1724 del vars, 820 del conss, 0 add conss, 4066 chg bounds, 0 chg sides, 2469 chg coeffs, 894 upgd conss, 380734 impls, 4 clqs
(round 180, fast)       1724 del vars, 834 del conss, 0 add conss, 4066 chg bounds, 0 chg sides, 2469 chg coeffs, 894 upgd conss, 380734 impls, 4 clqs
   (3.1s) probing: 56/999 (5.6%) - 1490 fixings, 0 aggregations, 379844 implications, 0 bound changes
   (3.1s) probing aborted: 50/50 successive totally useless probings
   (3.1s) symmetry computation started: requiring (bin +, int -, cont +), (fixed: bin -, int +, cont -)
   (3.1s) no symmetry present
presolving (181 rounds: 181 fast, 121 medium, 118 exhaustive):
 1724 deleted vars, 834 deleted constraints, 0 added constraints, 4066 tightened bounds, 0 added holes, 0 changed sides, 2469 changed coefficients
 380734 implications, 4 cliques
presolved problem has 2036 variables (999 bin, 0 int, 0 impl, 1037 cont) and 1050 constraints
     76 constraints of type <varbound>
      4 constraints of type <setppc>
    970 constraints of type <linear>
Presolving Time: 3.12

 time | node  | left  |LP iter|LP it/n|mem/heur|mdpt |vars |cons |rows |cuts |sepa|confs|strbr|  dualbound   | primalbound  |  gap   | compl. 
  3.2s|     1 |     0 |   365 |     - |    82M |   0 |2036 |1051 |1050 |   0 |  0 |   0 |   0 |-1.999968e+00 |      --      |    Inf | unknown
o 3.2s|     1 |     0 |   875 |     - |feaspump|   0 |2036 |1051 |1050 |   0 |  0 |   0 |   0 |-1.999968e+00 |-1.999968e+00 |   0.00%| unknown
  3.2s|     1 |     0 |   875 |     - |    83M |   0 |2036 |1051 |1050 |   0 |  0 |   0 |   0 |-1.999968e+00 |-1.999968e+00 |   0.00%| unknown

SCIP Status        : problem is solved [optimal solution found]
Solving Time (sec) : 3.23
Solving Nodes      : 1
Primal Bound       : -1.99996837844675e+00 (1 solutions)
Dual Bound         : -1.99996837844675e+00
Gap                : 0.00 %

primal solution (original space):
=================================

objective value:                    -1.99996837844675
y_1,176_                                            1 	(obj:0)
y_2,176_                                            1 	(obj:0)
y_4,176_                                            1 	(obj:0)
y_3,177_                                            1 	(obj:0)
x_2_                               -0.498933901918976 	(obj:1)
x_4_                               -0.498933901918976 	(obj:1)
t_2,177_                                            1 	(obj:0)
t_3,177_                                            1 	(obj:0)
x_3_                               -0.498933901918976 	(obj:1)
t_1,176_                            0.496292372881354 	(obj:0)
t_4,177_                                            1 	(obj:0)
t_1,177_                            0.503707627118646 	(obj:0)
x_1_                                -0.50316667268982 	(obj:1)

Statistics
==========

SCIP Status        : problem is solved [optimal solution found]
Total Time         :       3.24
  solving          :       3.23
  presolving       :       3.12 (included in solving)
  reading          :       0.01
  copying          :       0.00 (0 times copied the problem)
Original Problem   :
  Problem name     : ../modeles/4_469.lp
  Variables        : 3760 (1876 binary, 0 integer, 0 implicit integer, 1884 continuous)
  Constraints      : 1893 initial, 1893 maximal
  Objective        : minimize, 4 non-zeros (abs.min = 1, abs.max = 1)
Presolved Problem  :
  Problem name     : t_../modeles/4_469.lp
  Variables        : 2036 (999 binary, 0 integer, 0 implicit integer, 1037 continuous)
  Constraints      : 1050 initial, 1051 maximal
  Objective        : minimize, 1037 non-zeros (abs.min = 0.00426439, abs.max = 1.41151)
  Nonzeros         : 7143 constraint, 999 clique table
Presolvers         :   ExecTime  SetupTime  Calls  FixedVars   AggrVars   ChgTypes  ChgBounds   AddHoles    DelCons    AddCons   ChgSides   ChgCoefs
  boundshift       :       0.00       0.00      0          0          0          0          0          0          0          0          0          0
  convertinttobin  :       0.00       0.00      0          0          0          0          0          0          0          0          0          0
  domcol           :       0.54       0.00     61          0          0          0          0          0          0          0          0          0
  dualagg          :       0.00       0.00      0          0          0          0          0          0          0          0          0          0
  dualcomp         :       0.09       0.00     61          0          0          0          0          0          0          0          0          0
  dualinfer        :       0.00       0.00      0          0          0          0          0          0          0          0          0          0
  dualsparsify     :       0.00       0.00      1          0          0          0          0          0          0          0          0          0
  gateextraction   :       0.00       0.00      0          0          0          0          0          0          0          0          0          0
  implics          :       0.00       0.00    121          0          0          0          0          0          0          0          0          0
  inttobinary      :       0.00       0.00      0          0          0          0          0          0          0          0          0          0
  milp             :       0.22       0.00      4        180          0          0         24          0          0          0          0          0
  qpkktref         :       0.00       0.00      0          0          0          0          0          0          0          0          0          0
  redvub           :       0.00       0.00      0          0          0          0          0          0          0          0          0          0
  sparsify         :       0.06       0.00     11          0          0          0          0          0          0          0          0        589
  stuffing         :       0.00       0.00      0          0          0          0          0          0          0          0          0          0
  trivial          :       0.01       0.00    181          0          0          0          0          0          0          0          0          0
  tworowbnd        :       0.00       0.00      0          0          0          0          0          0          0          0          0          0
  dualfix          :       0.01       0.00    181          0          0          0          0          0          0          0          0          0
  genvbounds       :       0.00       0.00      0          0          0          0          0          0          0          0          0          0
  probing          :       1.78       0.00     59       1490          0          0          0          0          0          0          0          0
  pseudoobj        :       0.00       0.00      0          0          0          0          0          0          0          0          0          0
  symmetry         :       0.00       0.00      1          0          0          0          0          0          0          0          0          0
  vbounds          :       0.00       0.00      1          0          0          0          0          0          0          0          0          0
  varbound         :       0.02       0.00    298          0          0          0         48          0        814          0          0          0
  setppc           :       0.02       0.00    415          0          0          0          0          0          0          0          0          0
  linear           :       0.36       0.00    299         50          4          0       3994          0         20          0          0       1880
  logicor          :       0.00       0.00      0          0          0          0          0          0          0          0          0          0
  benders          :       0.00       0.00      0          0          0          0          0          0          0          0          0          0
  components       :       0.00       0.00      1          0          0          0          0          0          0          0          0          0
  root node        :          -          -      -          0          -          -          0          -          -          -          -          -
Constraints        :     Number  MaxNumber  #Separate #Propagate    #EnfoLP    #EnfoRelax  #EnfoPS    #Check   #ResProp    Cutoffs    DomReds       Cuts    Applied      Conss   Children
  benderslp        :          0          0          0          0          0          0          0         12          0          0          0          0          0          0          0
  integral         :          0          0          0          0          0          0          0         12          0          0          0          0          0          0          0
  varbound         :         76         76          0       6392          0          0          0          6          0          0          0          0          0          0          0
  setppc           :          4          4          0       6140          0          0          0          6          0          0          0          0          0          0          0
  linear           :        970        970          0       6392          0          0          0          2          0       1052          0          0          0          0          0
  logicor          :          0+         1          0          5          0          0          0          0          0          0          0          0          0          0          0
  benders          :          0          0          0          0          0          0          0          2          0          0          0          0          0          0          0
  countsols        :          0          0          0          0          0          0          0          2          0          0          0          0          0          0          0
  components       :          0          0          0          0          0          0          0          0          0          0          0          0          0          0          0
Constraint Timings :  TotalTime  SetupTime   Separate  Propagate     EnfoLP     EnfoPS     EnfoRelax   Check    ResProp    SB-Prop
  benderslp        :       0.00       0.00       0.00       0.00       0.00       0.00       0.00       0.00       0.00       0.00
  integral         :       0.00       0.00       0.00       0.00       0.00       0.00       0.00       0.00       0.00       0.00
  varbound         :       0.10       0.00       0.00       0.10       0.00       0.00       0.00       0.00       0.00       0.00
  setppc           :       0.01       0.00       0.00       0.01       0.00       0.00       0.00       0.00       0.00       0.00
  linear           :       0.53       0.00       0.00       0.52       0.00       0.00       0.00       0.00       0.00       0.00
  logicor          :       0.00       0.00       0.00       0.00       0.00       0.00       0.00       0.00       0.00       0.00
  benders          :       0.00       0.00       0.00       0.00       0.00       0.00       0.00       0.00       0.00       0.00
  countsols        :       0.00       0.00       0.00       0.00       0.00       0.00       0.00       0.00       0.00       0.00
  components       :       0.00       0.00       0.00       0.00       0.00       0.00       0.00       0.00       0.00       0.00
Propagators        : #Propagate   #ResProp    Cutoffs    DomReds
  dualfix          :          1          0          0          0
  genvbounds       :          0          0          0          0
  nlobbt           :          0          0          0          0
  obbt             :          0          0          0          0
  probing          :          0          0          0          0
  pseudoobj        :          2          0          0          0
  redcost          :          1          0          0          0
  rootredcost      :          0          0          0          0
  symmetry         :          0          0          0          0
  vbounds          :        526          0          0          0
Propagator Timings :  TotalTime  SetupTime   Presolve  Propagate    ResProp    SB-Prop
  dualfix          :       0.01       0.00       0.01       0.00       0.00       0.00
  genvbounds       :       0.00       0.00       0.00       0.00       0.00       0.00
  nlobbt           :       0.00       0.00       0.00       0.00       0.00       0.00
  obbt             :       0.00       0.00       0.00       0.00       0.00       0.00
  probing          :       1.78       0.00       1.78       0.00       0.00       0.00
  pseudoobj        :       0.00       0.00       0.00       0.00       0.00       0.00
  redcost          :       0.00       0.00       0.00       0.00       0.00       0.00
  rootredcost      :       0.00       0.00       0.00       0.00       0.00       0.00
  symmetry         :       0.00       0.00       0.00       0.00       0.00       0.00
  vbounds          :       0.02       0.00       0.00       0.02       0.00       0.00
Conflict Analysis  :       Time      Calls    Success    DomReds  Conflicts   Literals    Reconvs ReconvLits   Dualrays   Nonzeros   LP Iters   (pool size: [10000,10000])
  propagation      :       0.00          0          0          -          0        0.0          0        0.0          -          -          -
  infeasible LP    :       0.00          0          0          -          0        0.0          0        0.0          0        0.0          0
  bound exceed. LP :       0.00          0          0          -          0        0.0          0        0.0          0        0.0          0
  strong branching :       0.00          0          0          -          0        0.0          0        0.0          -          -          0
  pseudo solution  :       0.00          0          0          -          0        0.0          0        0.0          -          -          -
  applied globally :       0.00          -          -          0          0        0.0          -          -          0          -          -
  applied locally  :          -          -          -          0          0        0.0          -          -          0          -          -
Separators         :   ExecTime  SetupTime      Calls    Cutoffs    DomReds       Cuts    Applied      Conss
  cut pool         :       0.00                     0          -          -          0          -          -    (maximal pool size: 0)
  aggregation      :       0.00       0.00          0          0          0          0          0          0
  > cmir           :          -          -          -          -          -          -          0          -
  > flowcover      :          -          -          -          -          -          -          0          -
  > knapsackcover  :          -          -          -          -          -          -          0          -
  cgmip            :       0.00       0.00          0          0          0          0          0          0
  clique           :       0.00       0.00          0          0          0          0          0          0
  closecuts        :       0.00       0.00          0          0          0          0          0          0
  convexproj       :       0.00       0.00          0          0          0          0          0          0
  disjunctive      :       0.00       0.00          0          0          0          0          0          0
  eccuts           :       0.00       0.00          0          0          0          0          0          0
  gauge            :       0.00       0.00          0          0          0          0          0          0
  gomory           :       0.00       0.00          0          0          0          0          0          0
  > gomorymi       :          -          -          -          -          -          -          0          -
  > strongcg       :          -          -          -          -          -          -          0          -
  impliedbounds    :       0.00       0.00          0          0          0          0          0          0
  interminor       :       0.00       0.00          0          0          0          0          0          0
  intobj           :       0.00       0.00          0          0          0          0          0          0
  mcf              :       0.00       0.00          0          0          0          0          0          0
  minor            :       0.00       0.00          0          0          0          0          0          0
  mixing           :       0.00       0.00          0          0          0          0          0          0
  oddcycle         :       0.00       0.00          0          0          0          0          0          0
  rapidlearning    :       0.00       0.00          0          0          0          0          0          0
  rlt              :       0.00       0.00          0          0          0          0          0          0
  zerohalf         :       0.00       0.00          0          0          0          0          0          0
Cutselectors       :   ExecTime  SetupTime
  hybrid           :       0.00       0.00
Pricers            :   ExecTime  SetupTime      Calls       Vars
  problem variables:       0.00          -          0          0
Branching Rules    :   ExecTime  SetupTime   BranchLP  BranchExt   BranchPS    Cutoffs    DomReds       Cuts      Conss   Children
  allfullstrong    :       0.00       0.00          0          0          0          0          0          0          0          0
  cloud            :       0.00       0.00          0          0          0          0          0          0          0          0
  distribution     :       0.00       0.00          0          0          0          0          0          0          0          0
  fullstrong       :       0.00       0.00          0          0          0          0          0          0          0          0
  inference        :       0.00       0.00          0          0          0          0          0          0          0          0
  leastinf         :       0.00       0.00          0          0          0          0          0          0          0          0
  lookahead        :       0.00       0.00          0          0          0          0          0          0          0          0
  mostinf          :       0.00       0.00          0          0          0          0          0          0          0          0
  multaggr         :       0.00       0.00          0          0          0          0          0          0          0          0
  nodereopt        :       0.00       0.00          0          0          0          0          0          0          0          0
  pscost           :       0.00       0.00          0          0          0          0          0          0          0          0
  random           :       0.00       0.00          0          0          0          0          0          0          0          0
  relpscost        :       0.00       0.00          0          0          0          0          0          0          0          0
  vanillafullstrong:       0.00       0.00          0          0          0          0          0          0          0          0
Primal Heuristics  :   ExecTime  SetupTime      Calls      Found       Best
  LP solutions     :       0.00          -          -          0          0
  relax solutions  :       0.00          -          -          0          0
  pseudo solutions :       0.00          -          -          0          0
  strong branching :       0.00          -          -          0          0
  actconsdiving    :       0.00       0.00          0          0          0
  adaptivediving   :       0.00       0.00          0          0          0
  alns             :       0.00       0.00          0          0          0
  bound            :       0.00       0.00          0          0          0
  clique           :       0.01       0.00          1          0          0
  coefdiving       :       0.00       0.00          0          0          0
  completesol      :       0.00       0.00          0          0          0
  conflictdiving   :       0.00       0.00          0          0          0
  crossover        :       0.00       0.00          0          0          0
  dins             :       0.00       0.00          0          0          0
  distributiondivin:       0.00       0.00          0          0          0
  dps              :       0.00       0.00          0          0          0
  dualval          :       0.00       0.00          0          0          0
  farkasdiving     :       0.00       0.00          0          0          0
  feaspump         :       0.00       0.00          1          1          1
  fixandinfer      :       0.00       0.00          0          0          0
  fracdiving       :       0.00       0.00          0          0          0
  gins             :       0.00       0.00          0          0          0
  guideddiving     :       0.00       0.00          0          0          0
  indicator        :       0.00       0.00          0          0          0
  intdiving        :       0.00       0.00          0          0          0
  intshifting      :       0.00       0.00          0          0          0
  linesearchdiving :       0.00       0.00          0          0          0
  localbranching   :       0.00       0.00          0          0          0
  locks            :       0.04       0.00          1          0          0
  lpface           :       0.00       0.00          0          0          0
  mpec             :       0.00       0.00          0          0          0
  multistart       :       0.00       0.00          0          0          0
  mutation         :       0.00       0.00          0          0          0
  nlpdiving        :       0.00       0.00          0          0          0
  objpscostdiving  :       0.00       0.00          0          0          0
  octane           :       0.00       0.00          0          0          0
  ofins            :       0.00       0.00          0          0          0
  oneopt           :       0.00       0.00          0          0          0
  padm             :       0.00       0.00          0          0          0
  proximity        :       0.00       0.00          0          0          0
  pscostdiving     :       0.00       0.00          0          0          0
  randrounding     :       0.00       0.00          1          0          0
  rens             :       0.00       0.00          0          0          0
  reoptsols        :       0.00       0.00          0          0          0
  repair           :       0.00       0.00          0          0          0
  rins             :       0.00       0.00          0          0          0
  rootsoldiving    :       0.00       0.00          0          0          0
  rounding         :       0.00       0.00          1          0          0
  shiftandpropagate:       0.01       0.00          1          0          0
  shifting         :       0.00       0.00          1          0          0
  simplerounding   :       0.00       0.00          0          0          0
  subnlp           :       0.00       0.00          0          0          0
  trivial          :       0.00       0.00          2          0          0
  trivialnegation  :       0.00       0.00          0          0          0
  trustregion      :       0.00       0.00          0          0          0
  trysol           :       0.00       0.00          0          0          0
  twoopt           :       0.00       0.00          0          0          0
  undercover       :       0.00       0.00          0          0          0
  vbounds          :       0.00       0.00          0          0          0
  veclendiving     :       0.00       0.00          0          0          0
  zeroobj          :       0.00       0.00          0          0          0
  zirounding       :       0.00       0.00          0          0          0
  other solutions  :          -          -          -          0          -
Diving (single)    :      Calls      Nodes   LP Iters Backtracks  Conflicts   MinDepth   MaxDepth   AvgDepth  RoundSols  NLeafSols  MinSolDpt  MaxSolDpt  AvgSolDpt
  actconsdiving    :          0          -          -          -          -          -          -          -          -          -          -          -          -
  coefdiving       :          0          -          -          -          -          -          -          -          -          -          -          -          -
  conflictdiving   :          0          -          -          -          -          -          -          -          -          -          -          -          -
  distributiondivin:          0          -          -          -          -          -          -          -          -          -          -          -          -
  farkasdiving     :          0          -          -          -          -          -          -          -          -          -          -          -          -
  fracdiving       :          0          -          -          -          -          -          -          -          -          -          -          -          -
  guideddiving     :          0          -          -          -          -          -          -          -          -          -          -          -          -
  linesearchdiving :          0          -          -          -          -          -          -          -          -          -          -          -          -
  pscostdiving     :          0          -          -          -          -          -          -          -          -          -          -          -          -
  veclendiving     :          0          -          -          -          -          -          -          -          -          -          -          -          -
Diving (adaptive)  :      Calls      Nodes   LP Iters Backtracks  Conflicts   MinDepth   MaxDepth   AvgDepth  RoundSols  NLeafSols  MinSolDpt  MaxSolDpt  AvgSolDpt
  actconsdiving    :          0          -          -          -          -          -          -          -          -          -          -          -          -
  coefdiving       :          0          -          -          -          -          -          -          -          -          -          -          -          -
  conflictdiving   :          0          -          -          -          -          -          -          -          -          -          -          -          -
  distributiondivin:          0          -          -          -          -          -          -          -          -          -          -          -          -
  farkasdiving     :          0          -          -          -          -          -          -          -          -          -          -          -          -
  fracdiving       :          0          -          -          -          -          -          -          -          -          -          -          -          -
  guideddiving     :          0          -          -          -          -          -          -          -          -          -          -          -          -
  linesearchdiving :          0          -          -          -          -          -          -          -          -          -          -          -          -
  pscostdiving     :          0          -          -          -          -          -          -          -          -          -          -          -          -
  veclendiving     :          0          -          -          -          -          -          -          -          -          -          -          -          -
Neighborhoods      :      Calls  SetupTime  SolveTime SolveNodes       Sols       Best       Exp3  EpsGreedy        UCB TgtFixRate  Opt  Inf Node Stal  Sol  Usr Othr Actv
  rens             :          0       0.00       0.00          0          0          0    0.00000   -1.00000    1.00000      0.900    0    0    0    0    0    0    0    1
  rins             :          0       0.00       0.00          0          0          0    0.00000   -1.00000    1.00000      0.900    0    0    0    0    0    0    0    1
  mutation         :          0       0.00       0.00          0          0          0    0.00000   -1.00000    1.00000      0.900    0    0    0    0    0    0    0    1
  localbranching   :          0       0.00       0.00          0          0          0    0.00000   -1.00000    1.00000      0.900    0    0    0    0    0    0    0    1
  crossover        :          0       0.00       0.00          0          0          0    0.00000   -1.00000    1.00000      0.900    0    0    0    0    0    0    0    1
  proximity        :          0       0.00       0.00          0          0          0    0.00000   -1.00000    1.00000      0.900    0    0    0    0    0    0    0    1
  zeroobjective    :          0       0.00       0.00          0          0          0    0.00000   -1.00000    1.00000      0.900    0    0    0    0    0    0    0    1
  dins             :          0       0.00       0.00          0          0          0    0.00000   -1.00000    1.00000      0.900    0    0    0    0    0    0    0    1
  trustregion      :          0       0.00       0.00          0          0          0    0.00000   -1.00000    1.00000      0.900    0    0    0    0    0    0    0    0
LP                 :       Time      Calls Iterations  Iter/call   Iter/sec  Time-0-It Calls-0-It    ItLimit
  primal LP        :       0.00          0          0       0.00          -       0.00          0
  dual LP          :       0.01          1        345     345.00          -       0.00          0
  lex dual LP      :       0.00          0          0       0.00          -
  barrier LP       :       0.00          0          0       0.00          -       0.00          0
  resolve instable :       0.00          0          0       0.00          -
  diving/probing LP:       0.00          2        530     265.00          -
  strong branching :       0.00          0          0       0.00          -          -          -          0
    (at root node) :          -          0          0       0.00          -
  conflict analysis:       0.00          0          0       0.00          -
B&B Tree           :
  number of runs   :          1
  nodes            :          1 (0 internal, 1 leaves)
  feasible leaves  :          0
  infeas. leaves   :          0
  objective leaves :          1
  nodes (total)    :          1 (0 internal, 1 leaves)
  nodes left       :          0
  max depth        :          0
  max depth (total):          0
  backtracks       :          0 (0.0%)
  early backtracks :          0 (0.0%)
  nodes exc. ref.  :          0 (0.0%)
  delayed cutoffs  :          0
  repropagations   :          0 (0 domain reductions, 0 cutoffs)
  avg switch length:       2.00
  switching time   :       0.00
Estim. Tree Size   :          1
Estimation Tree    : 1 nodes (1 visited, 0 internal, 1 leaves, 0 open), weight: 1.0000 completed 1.0000
Estimations        :      estim      value      trend resolution     smooth
  wbe              :          1          -          -          -          -
  tree-profile     :         -1          -          -          -          -
  gap              :          1    1.00000    1.00000          1          1
  tree-weight      :          1    1.00000    1.00000          1          1
  leaf-frequency   :          1    0.50000    1.00000          1          1
  ssg              :          1    0.00000   -1.00000          1          1
  open-nodes       :          1    0.00000    0.00000          1          1
Root Node          :
  First LP value   : -1.99996837844675e+00
  First LP Iters   :        345 (37962.15 Iter/sec)
  First LP Time    :       0.01
  Final Dual Bound : -1.99996837844675e+00
  Final Root Iters :        855
  Root LP Estimate :                     -
Solution           :
  Solutions found  :          1 (1 improvements)
  First Solution   : -1.99996837844675e+00   (in run 1, after 1 nodes, 3.23 seconds, depth 0, found by <feaspump>)
  Gap First Sol.   :       0.00 %
  Gap Last Sol.    :       0.00 %
  Primal Bound     : -1.99996837844675e+00   (in run 1, after 1 nodes, 3.23 seconds, depth 0, found by <feaspump>)
  Dual Bound       : -1.99996837844675e+00
  Gap              :       0.00 %
Integrals          :      Total       Avg%
  primal-dual      :     323.01      99.99
  primal-ref       :          -          - (not evaluated)
  dual-ref         :          -          - (not evaluated)
