SCIP version 8.0.0 [precision: 8 byte] [memory: block] [mode: optimized] [LP solver: SoPlex 6.0.0] [GitHash: a740f0891e]
Copyright (C) 2002-2021 Konrad-Zuse-Zentrum fuer Informationstechnik Berlin (ZIB)

External libraries: 
  SoPlex 6.0.0         Linear Programming Solver developed at Zuse Institute Berlin (soplex.zib.de) [GitHash: 71a5873d]
  CppAD 20180000.0     Algorithmic Differentiation of C++ algorithms developed by B. Bell (github.com/coin-or/CppAD)
  ZLIB 1.2.11          General purpose compression library by J. Gailly and M. Adler (zlib.net)
  GMP 6.2.1            GNU Multiple Precision Arithmetic Library developed by T. Granlund (gmplib.org)
  ZIMPL 3.5.1          Zuse Institute Mathematical Programming Language developed by T. Koch (zimpl.zib.de)
  AMPL/MP 4e2d45c4     AMPL .nl file reader library (github.com/ampl/mp)
  PaPILO 2.0.0         parallel presolve for integer and linear optimization (github.com/scipopt/papilo) [GitHash: 76cafc1]
  bliss 0.73p          Computing Graph Automorphism Groups by T. Junttila and P. Kaski (www.tcs.hut.fi/Software/bliss/)
  Ipopt 3.13.2         Interior Point Optimizer developed by A. Waechter et.al. (github.com/coin-or/Ipopt)

user parameter file <scip.set> not found - using default parameters

read problem <../modeles/5_124.lp>
============

original problem has 1250 variables (620 bin, 0 int, 0 impl, 630 cont) and 641 constraints

solve problem
=============

presolving:
(round 1, fast)       5 del vars, 0 del conss, 0 add conss, 1330 chg bounds, 0 chg sides, 0 chg coeffs, 0 upgd conss, 0 impls, 5 clqs
(round 2, fast)       5 del vars, 0 del conss, 0 add conss, 1330 chg bounds, 0 chg sides, 610 chg coeffs, 0 upgd conss, 0 impls, 5 clqs
   (0.0s) running MILP presolver
   (0.1s) MILP presolver (25 rounds): 0 aggregations, 365 fixings, 0 bound changes
(round 3, medium)     370 del vars, 641 del conss, 471 add conss, 1330 chg bounds, 0 chg sides, 610 chg coeffs, 0 upgd conss, 0 impls, 5 clqs
(round 4, exhaustive) 370 del vars, 641 del conss, 471 add conss, 1330 chg bounds, 0 chg sides, 610 chg coeffs, 65 upgd conss, 0 impls, 5 clqs
(round 5, exhaustive) 395 del vars, 641 del conss, 471 add conss, 1330 chg bounds, 0 chg sides, 610 chg coeffs, 65 upgd conss, 3605 impls, 5 clqs
(round 6, fast)       398 del vars, 650 del conss, 471 add conss, 1333 chg bounds, 0 chg sides, 610 chg coeffs, 65 upgd conss, 3605 impls, 5 clqs
(round 7, exhaustive) 398 del vars, 650 del conss, 471 add conss, 1333 chg bounds, 0 chg sides, 610 chg coeffs, 90 upgd conss, 3605 impls, 5 clqs
(round 8, exhaustive) 425 del vars, 650 del conss, 471 add conss, 1333 chg bounds, 0 chg sides, 610 chg coeffs, 90 upgd conss, 5865 impls, 5 clqs
(round 9, fast)       425 del vars, 660 del conss, 471 add conss, 1333 chg bounds, 0 chg sides, 610 chg coeffs, 90 upgd conss, 5865 impls, 5 clqs
(round 10, exhaustive) 425 del vars, 660 del conss, 471 add conss, 1333 chg bounds, 0 chg sides, 610 chg coeffs, 110 upgd conss, 5865 impls, 5 clqs
(round 11, exhaustive) 450 del vars, 660 del conss, 471 add conss, 1334 chg bounds, 0 chg sides, 610 chg coeffs, 110 upgd conss, 8849 impls, 40 clqs
(round 12, fast)       454 del vars, 677 del conss, 471 add conss, 1338 chg bounds, 0 chg sides, 611 chg coeffs, 110 upgd conss, 8849 impls, 40 clqs
(round 13, exhaustive) 454 del vars, 677 del conss, 471 add conss, 1338 chg bounds, 0 chg sides, 611 chg coeffs, 117 upgd conss, 8849 impls, 40 clqs
(round 14, exhaustive) 479 del vars, 677 del conss, 471 add conss, 1341 chg bounds, 0 chg sides, 611 chg coeffs, 117 upgd conss, 14265 impls, 154 clqs
(round 15, fast)       481 del vars, 693 del conss, 471 add conss, 1343 chg bounds, 0 chg sides, 614 chg coeffs, 117 upgd conss, 14265 impls, 154 clqs
(round 16, exhaustive) 481 del vars, 693 del conss, 471 add conss, 1343 chg bounds, 0 chg sides, 614 chg coeffs, 123 upgd conss, 14265 impls, 154 clqs
(round 17, exhaustive) 506 del vars, 693 del conss, 471 add conss, 1343 chg bounds, 0 chg sides, 614 chg coeffs, 123 upgd conss, 17907 impls, 201 clqs
(round 18, fast)       506 del vars, 707 del conss, 471 add conss, 1343 chg bounds, 0 chg sides, 614 chg coeffs, 123 upgd conss, 17907 impls, 201 clqs
   (0.3s) running MILP presolver
   (0.3s) MILP presolver (10 rounds): 0 aggregations, 57 fixings, 0 bound changes
(round 19, medium)     563 del vars, 733 del conss, 471 add conss, 1343 chg bounds, 0 chg sides, 614 chg coeffs, 123 upgd conss, 17907 impls, 201 clqs
(round 20, fast)       563 del vars, 741 del conss, 471 add conss, 1343 chg bounds, 0 chg sides, 614 chg coeffs, 123 upgd conss, 17907 impls, 201 clqs
(round 21, exhaustive) 563 del vars, 741 del conss, 471 add conss, 1343 chg bounds, 0 chg sides, 614 chg coeffs, 131 upgd conss, 17907 impls, 201 clqs
(round 22, exhaustive) 588 del vars, 741 del conss, 471 add conss, 1346 chg bounds, 0 chg sides, 614 chg coeffs, 131 upgd conss, 24266 impls, 518 clqs
(round 23, fast)       588 del vars, 757 del conss, 471 add conss, 1346 chg bounds, 0 chg sides, 617 chg coeffs, 131 upgd conss, 24266 impls, 518 clqs
(round 24, exhaustive) 588 del vars, 757 del conss, 471 add conss, 1346 chg bounds, 0 chg sides, 617 chg coeffs, 133 upgd conss, 24266 impls, 518 clqs
   (0.4s) probing cycle finished: starting next cycle
   (0.4s) probing: 61/320 (19.1%) - 169 fixings, 0 aggregations, 27103 implications, 7 bound changes
   (0.4s) probing aborted: 50/50 successive totally useless probings
(round 25, exhaustive) 605 del vars, 757 del conss, 471 add conss, 1349 chg bounds, 0 chg sides, 617 chg coeffs, 133 upgd conss, 27231 impls, 660 clqs
(round 26, fast)       605 del vars, 767 del conss, 471 add conss, 1349 chg bounds, 0 chg sides, 620 chg coeffs, 133 upgd conss, 27231 impls, 660 clqs
   (0.4s) probing: 66/320 (20.6%) - 169 fixings, 0 aggregations, 27103 implications, 7 bound changes
   (0.4s) probing aborted: 50/50 successive totally useless probings
   (0.4s) symmetry computation started: requiring (bin +, int -, cont +), (fixed: bin -, int +, cont -)
   (0.4s) symmetry computation finished: 4 generators found (max: 1500, log10 of symmetry group size: 2.1)
(round 27, exhaustive) 605 del vars, 767 del conss, 472 add conss, 1349 chg bounds, 0 chg sides, 620 chg coeffs, 133 upgd conss, 27231 impls, 660 clqs
presolving (28 rounds: 28 fast, 18 medium, 16 exhaustive):
 605 deleted vars, 767 deleted constraints, 472 added constraints, 1349 tightened bounds, 0 added holes, 0 changed sides, 620 changed coefficients
 27231 implications, 660 cliques
presolved problem has 645 variables (320 bin, 0 int, 0 impl, 325 cont) and 342 constraints
     10 constraints of type <varbound>
      5 constraints of type <setppc>
    326 constraints of type <linear>
      1 constraints of type <orbitope>
Presolving Time: 0.42

 time | node  | left  |LP iter|LP it/n|mem/heur|mdpt |vars |cons |rows |cuts |sepa|confs|strbr|  dualbound   | primalbound  |  gap   | compl. 
p 0.4s|     1 |     0 |     9 |     - |   locks|   0 | 645 | 342 | 341 |   0 |  0 |   0 |   0 |-8.000395e+01 |-1.000000e+00 |7900.40%| unknown
  0.4s|     1 |     0 |   267 |     - |    37M |   0 | 645 | 342 | 341 |   0 |  0 |   0 |   0 |-2.235364e+00 |-1.000000e+00 | 123.54%| unknown
  0.4s|     1 |     0 |   267 |     - |    37M |   0 | 645 | 342 | 341 |   0 |  0 |   0 |   0 |-2.235364e+00 |-1.000000e+00 | 123.54%| unknown
  0.4s|     1 |     0 |   268 |     - |    37M |   0 | 645 | 342 | 337 |   1 |  1 |   0 |   0 |-2.235364e+00 |-1.000000e+00 | 123.54%| unknown
  0.4s|     1 |     0 |   270 |     - |    37M |   0 | 645 | 342 | 342 |   6 |  2 |   0 |   0 |-2.235364e+00 |-1.000000e+00 | 123.54%| unknown
  0.4s|     1 |     0 |   271 |     - |    37M |   0 | 645 | 342 | 343 |   7 |  3 |   0 |   0 |-2.235364e+00 |-1.000000e+00 | 123.54%| unknown
  0.5s|     1 |     0 |   273 |     - |    37M |   0 | 645 | 342 | 348 |  12 |  4 |   0 |   0 |-2.235364e+00 |-1.000000e+00 | 123.54%| unknown
  0.5s|     1 |     0 |   274 |     - |    37M |   0 | 645 | 342 | 349 |  13 |  5 |   0 |   0 |-2.235364e+00 |-1.000000e+00 | 123.54%| unknown
o 0.5s|     1 |     0 |   585 |     - |feaspump|   0 | 645 | 337 | 349 |  13 |  7 |   0 |   0 |-2.235364e+00 |-2.234705e+00 |   0.03%| unknown
  0.5s|     1 |     0 |   585 |     - |    37M |   0 | 645 | 337 | 349 |  13 |  7 |   0 |   0 |-2.235364e+00 |-2.234705e+00 |   0.03%| unknown
  0.5s|     1 |     0 |   585 |     - |    37M |   0 | 645 | 337 | 341 |  13 |  7 |   0 |   0 |-2.235364e+00 |-2.234705e+00 |   0.03%| unknown
  0.5s|     1 |     0 |   585 |     - |    37M |   0 | 645 | 337 | 336 |  13 |  8 |   0 |   0 |-2.235364e+00 |-2.234705e+00 |   0.03%| unknown
  0.5s|     1 |     0 |   607 |     - |    38M |   0 | 645 | 333 | 336 |  13 |  9 | 238 |   2 |-2.235364e+00 |-2.234705e+00 |   0.03%| unknown
(run 1, node 1) restarting after 69 global fixings of integer variables

(restart) converted 5 cuts from the global cut pool into linear constraints

presolving:
(round 1, fast)       138 del vars, 60 del conss, 0 add conss, 0 chg bounds, 4 chg sides, 464 chg coeffs, 0 upgd conss, 27231 impls, 5 clqs
(round 2, exhaustive) 138 del vars, 61 del conss, 0 add conss, 0 chg bounds, 4 chg sides, 464 chg coeffs, 0 upgd conss, 27231 impls, 5 clqs
(round 3, exhaustive) 138 del vars, 66 del conss, 0 add conss, 0 chg bounds, 9 chg sides, 464 chg coeffs, 0 upgd conss, 27231 impls, 5 clqs
(round 4, exhaustive) 138 del vars, 66 del conss, 0 add conss, 0 chg bounds, 9 chg sides, 464 chg coeffs, 10 upgd conss, 27231 impls, 5 clqs
presolving (5 rounds: 5 fast, 4 medium, 4 exhaustive):
 138 deleted vars, 66 deleted constraints, 0 added constraints, 0 tightened bounds, 0 added holes, 9 changed sides, 464 changed coefficients
 27241 implications, 5 cliques
presolved problem has 507 variables (251 bin, 0 int, 0 impl, 256 cont) and 272 constraints
     10 constraints of type <varbound>
      5 constraints of type <setppc>
    256 constraints of type <linear>
      1 constraints of type <orbitope>
Presolving Time: 0.42

 time | node  | left  |LP iter|LP it/n|mem/heur|mdpt |vars |cons |rows |cuts |sepa|confs|strbr|  dualbound   | primalbound  |  gap   | compl. 
  0.5s|     1 |     0 |   719 |     - |    38M |   0 | 507 | 272 | 271 |   0 |  0 | 238 |   2 |-2.235364e+00 |-2.234705e+00 |   0.03%| unknown
  0.5s|     1 |     0 |   719 |     - |    38M |   0 | 507 | 272 | 271 |   0 |  0 | 238 |   2 |-2.235364e+00 |-2.234705e+00 |   0.03%| unknown
  0.5s|     1 |     0 |   720 |     - |    38M |   0 | 507 | 272 | 271 |   2 |  1 | 238 |   2 |-2.235364e+00 |-2.234705e+00 |   0.03%| unknown
r 0.5s|     1 |     0 |   720 |     - |randroun|   0 | 507 | 272 | 271 |   0 |  1 | 238 |   2 |-2.235364e+00 |-2.235364e+00 |   0.00%| unknown
  0.5s|     1 |     0 |   720 |     - |    38M |   0 | 507 | 272 | 271 |   2 |  1 | 238 |   2 |-2.235364e+00 |-2.235364e+00 |   0.00%| unknown

SCIP Status        : problem is solved [optimal solution found]
Solving Time (sec) : 0.50
Solving Nodes      : 1 (total of 2 nodes in 2 runs)
Primal Bound       : -2.23536439665472e+00 (4 solutions)
Dual Bound         : -2.23536439665472e+00
Gap                : 0.00 %

primal solution (original space):
=================================

objective value:                    -2.23536439665472
y_4,48_                                             1 	(obj:0)
y_1,49_                                             1 	(obj:0)
y_2,49_                                             1 	(obj:0)
y_3,49_                                             1 	(obj:0)
y_5,49_                                             1 	(obj:0)
x_3_                               -0.451612903225806 	(obj:1)
t_4,49_                                             1 	(obj:0)
t_2,50_                                           0.5 	(obj:0)
x_1_                               -0.445041816009558 	(obj:1)
t_1,49_                             0.796296296296287 	(obj:0)
t_3,49_                                             1 	(obj:0)
x_4_                               -0.451612903225806 	(obj:1)
x_5_                               -0.451612903225806 	(obj:1)
t_1,50_                             0.203703703703713 	(obj:0)
x_2_                               -0.435483870967742 	(obj:1)
t_5,49_                                             1 	(obj:0)
t_2,49_                                           0.5 	(obj:0)

Statistics
==========

SCIP Status        : problem is solved [optimal solution found]
Total Time         :       0.50
  solving          :       0.50
  presolving       :       0.42 (included in solving)
  reading          :       0.00
  copying          :       0.01 (2 #copies) (minimal 0.00, maximal 0.00, average 0.00)
Original Problem   :
  Problem name     : ../modeles/5_124.lp
  Variables        : 1250 (620 binary, 0 integer, 0 implicit integer, 630 continuous)
  Constraints      : 641 initial, 641 maximal
  Objective        : minimize, 5 non-zeros (abs.min = 1, abs.max = 1)
Presolved Problem  :
  Problem name     : t_../modeles/5_124.lp
  Variables        : 507 (251 binary, 0 integer, 0 implicit integer, 256 continuous)
  Constraints      : 272 initial, 272 maximal
  Objective        : minimize, 252 non-zeros (abs.min = 0.0322581, abs.max = 1)
  Nonzeros         : 1853 constraint, 195 clique table
Presolvers         :   ExecTime  SetupTime  Calls  FixedVars   AggrVars   ChgTypes  ChgBounds   AddHoles    DelCons    AddCons   ChgSides   ChgCoefs
  boundshift       :       0.00       0.00      0          0          0          0          0          0          0          0          0          0
  convertinttobin  :       0.00       0.00      0          0          0          0          0          0          0          0          0          0
  domcol           :       0.01       0.00     10          0          0          0          0          0          0          0          0          0
  dualagg          :       0.00       0.00      0          0          0          0          0          0          0          0          0          0
  dualcomp         :       0.00       0.00     10          0          0          0          0          0          0          0          0          0
  dualinfer        :       0.00       0.00      0          0          0          0          0          0          0          0          0          0
  dualsparsify     :       0.00       0.00      1          0          0          0          0          0          0          0          0          0
  gateextraction   :       0.00       0.00      1          0          0          0          0          0          1          0          0          0
  implics          :       0.00       0.00     22          0          0          0          3          0          0          0          0          0
  inttobinary      :       0.00       0.00      0          0          0          0          0          0          0          0          0          0
  milp             :       0.07       0.00      2        422          0          0          0          0        641        471          0          0
  qpkktref         :       0.00       0.00      0          0          0          0          0          0          0          0          0          0
  redvub           :       0.00       0.00      0          0          0          0          0          0          0          0          0          0
  sparsify         :       0.01       0.00      3          0          0          0          0          0          0          0          0          0
  stuffing         :       0.00       0.00      0          0          0          0          0          0          0          0          0          0
  trivial          :       0.00       0.00     33        138          0          0          0          0          0          0          0          0
  tworowbnd        :       0.00       0.00      0          0          0          0          0          0          0          0          0          0
  dualfix          :       0.00       0.00     33          0          0          0          0          0          0          0          0          0
  genvbounds       :       0.00       0.00      0          0          0          0          0          0          0          0          0          0
  probing          :       0.30       0.00      8        169          0          0          7          0          0          0          0          0
  pseudoobj        :       0.00       0.00      1          0          0          0          0          0          0          0          0          0
  symmetry         :       0.00       0.00      1          0          0          0          0          0          0          1          0          0
  vbounds          :       0.00       0.00      7          0          0          0          0          0          0          0          0          0
  varbound         :       0.00       0.00     42          0          0          0          9          0        118          0          0         10
  setppc           :       0.00       0.00     67          0          0          0          0          0          0          0          0          0
  linear           :       0.02       0.00     52          9          5          0       1330          0         73          0          9       1074
  orbitope         :       0.00       0.00      5          0          0          0          0          0          0          0          0          0
  benders          :       0.00       0.00      0          0          0          0          0          0          0          0          0          0
  components       :       0.00       0.00      2          0          0          0          0          0          0          0          0          0
  root node        :          -          -      -        125          -          -        432          -          -          -          -          -
Constraints        :     Number  MaxNumber  #Separate #Propagate    #EnfoLP    #EnfoRelax  #EnfoPS    #Check   #ResProp    Cutoffs    DomReds       Cuts    Applied      Conss   Children
  benderslp        :          0          0          0          0          1          0          0         22          0          0          0          0          0          0          0
  integral         :          0          0          0          0          1          0          0         22          0          0          0          0          0          1          0
  varbound         :         10         10          8       3074          0          0          0         15          0          0         12          0          0          0          0
  setppc           :          5          5          8       3090          0          0          0         15          3          0          0          0          0          0          0
  linear           :        256        256          8       3091          0          0          0          7          1        218          0          0          0          0          0
  orbitope         :          1          1          0        446          0          0          0          4          0          0          0          0          0          0          0
  benders          :          0          0          0          0          0          0          0          5          0          0          0          0          0          0          0
  countsols        :          0          0          0          0          0          0          0          5          0          0          0          0          0          0          0
  components       :          0          0          0          0          0          0          0          0          0          0          0          0          0          0          0
Constraint Timings :  TotalTime  SetupTime   Separate  Propagate     EnfoLP     EnfoPS     EnfoRelax   Check    ResProp    SB-Prop
  benderslp        :       0.00       0.00       0.00       0.00       0.00       0.00       0.00       0.00       0.00       0.00
  integral         :       0.00       0.00       0.00       0.00       0.00       0.00       0.00       0.00       0.00       0.00
  varbound         :       0.01       0.00       0.00       0.01       0.00       0.00       0.00       0.00       0.00       0.00
  setppc           :       0.00       0.00       0.00       0.00       0.00       0.00       0.00       0.00       0.00       0.00
  linear           :       0.16       0.00       0.00       0.15       0.00       0.00       0.00       0.00       0.00       0.00
  orbitope         :       0.00       0.00       0.00       0.00       0.00       0.00       0.00       0.00       0.00       0.00
  benders          :       0.00       0.00       0.00       0.00       0.00       0.00       0.00       0.00       0.00       0.00
  countsols        :       0.00       0.00       0.00       0.00       0.00       0.00       0.00       0.00       0.00       0.00
  components       :       0.00       0.00       0.00       0.00       0.00       0.00       0.00       0.00       0.00       0.00
Propagators        : #Propagate   #ResProp    Cutoffs    DomReds
  dualfix          :          6          0          0          0
  genvbounds       :          0          0          0          0
  nlobbt           :          0          0          0          0
  obbt             :          0          0          0          0
  probing          :          0          0          0          0
  pseudoobj        :         24          0          0          0
  redcost          :         15          0          0         66
  rootredcost      :          0          0          0          0
  symmetry         :          0          0          0          0
  vbounds          :        298          0          0          0
Propagator Timings :  TotalTime  SetupTime   Presolve  Propagate    ResProp    SB-Prop
  dualfix          :       0.00       0.00       0.00       0.00       0.00       0.00
  genvbounds       :       0.00       0.00       0.00       0.00       0.00       0.00
  nlobbt           :       0.00       0.00       0.00       0.00       0.00       0.00
  obbt             :       0.00       0.00       0.00       0.00       0.00       0.00
  probing          :       0.30       0.00       0.30       0.00       0.00       0.00
  pseudoobj        :       0.00       0.00       0.00       0.00       0.00       0.00
  redcost          :       0.00       0.00       0.00       0.00       0.00       0.00
  rootredcost      :       0.00       0.00       0.00       0.00       0.00       0.00
  symmetry         :       0.00       0.00       0.00       0.00       0.00       0.00
  vbounds          :       0.00       0.00       0.00       0.00       0.00       0.00
Orbital fixing     :
  vars fixed to 0  :          0
  vars fixed to 1  :          0
Conflict Analysis  :       Time      Calls    Success    DomReds  Conflicts   Literals    Reconvs ReconvLits   Dualrays   Nonzeros   LP Iters   (pool size: [10000,10000])
  propagation      :       0.00          0          0          -          0        0.0          0        0.0          -          -          -
  infeasible LP    :       0.00          1          0          -          0        0.0          0        0.0          0        0.0          0
  bound exceed. LP :       0.00          1        237          -          2        2.0          0        0.0        236        1.0          0
  strong branching :       0.00          0          0          -          0        0.0          0        0.0          -          -          0
  pseudo solution  :       0.00          0          0          -          0        0.0          0        0.0          -          -          -
  applied globally :       0.00          -          -        236          2        2.0          -          -        236          -          -
  applied locally  :          -          -          -          0          0        0.0          -          -          0          -          -
Separators         :   ExecTime  SetupTime      Calls    Cutoffs    DomReds       Cuts    Applied      Conss
  cut pool         :       0.00                     1          -          -          5          -          -    (maximal pool size: 8)
  aggregation      :       0.01       0.00          8          0          0         43          4          0
  > cmir           :          -          -          -          -          -          -          4          -
  > flowcover      :          -          -          -          -          -          -          0          -
  > knapsackcover  :          -          -          -          -          -          -          0          -
  cgmip            :       0.00       0.00          0          0          0          0          0          0
  clique           :       0.00       0.00          8          0          0          0          0          0
  closecuts        :       0.00       0.00          0          0          0          0          0          0
  convexproj       :       0.00       0.00          0          0          0          0          0          0
  disjunctive      :       0.00       0.00          0          0          0          0          0          0
  eccuts           :       0.00       0.00          0          0          0          0          0          0
  gauge            :       0.00       0.00          0          0          0          0          0          0
  gomory           :       0.00       0.00          8          0          0         28          3          0
  > gomorymi       :          -          -          -          -          -          -          3          -
  > strongcg       :          -          -          -          -          -          -          0          -
  impliedbounds    :       0.00       0.00          8          0          0         10          2          0
  interminor       :       0.00       0.00          0          0          0          0          0          0
  intobj           :       0.00       0.00          0          0          0          0          0          0
  mcf              :       0.00       0.00          2          0          0          0          0          0
  minor            :       0.00       0.00          0          0          0          0          0          0
  mixing           :       0.00       0.00          8          0          0          8          6          0
  oddcycle         :       0.00       0.00          0          0          0          0          0          0
  rapidlearning    :       0.00       0.00          0          0          0          0          0          0
  rlt              :       0.00       0.00          8          0          0          0          0          0
  zerohalf         :       0.00       0.00          8          0          0          0          0          0
Cutselectors       :   ExecTime  SetupTime
  hybrid           :       0.00       0.00
Pricers            :   ExecTime  SetupTime      Calls       Vars
  problem variables:       0.00          -          0          0
Branching Rules    :   ExecTime  SetupTime   BranchLP  BranchExt   BranchPS    Cutoffs    DomReds       Cuts      Conss   Children
  allfullstrong    :       0.00       0.00          0          0          0          0          0          0          0          0
  cloud            :       0.00       0.00          0          0          0          0          0          0          0          0
  distribution     :       0.00       0.00          0          0          0          0          0          0          0          0
  fullstrong       :       0.00       0.00          0          0          0          0          0          0          0          0
  inference        :       0.00       0.00          0          0          0          0          0          0          0          0
  leastinf         :       0.00       0.00          0          0          0          0          0          0          0          0
  lookahead        :       0.00       0.00          0          0          0          0          0          0          0          0
  mostinf          :       0.00       0.00          0          0          0          0          0          0          0          0
  multaggr         :       0.00       0.00          0          0          0          0          0          0          0          0
  nodereopt        :       0.00       0.00          0          0          0          0          0          0          0          0
  pscost           :       0.00       0.00          0          0          0          0          0          0          0          0
  random           :       0.00       0.00          0          0          0          0          0          0          0          0
  relpscost        :       0.00       0.00          1          0          0          0          0          0          1          0
  vanillafullstrong:       0.00       0.00          0          0          0          0          0          0          0          0
Primal Heuristics  :   ExecTime  SetupTime      Calls      Found       Best
  LP solutions     :       0.00          -          -          0          0
  relax solutions  :       0.00          -          -          0          0
  pseudo solutions :       0.00          -          -          0          0
  strong branching :       0.00          -          -          0          0
  actconsdiving    :       0.00       0.00          0          0          0
  adaptivediving   :       0.00       0.00          0          0          0
  alns             :       0.01       0.00          1          0          0
  bound            :       0.00       0.00          0          0          0
  clique           :       0.00       0.00          1          0          0
  coefdiving       :       0.00       0.00          0          0          0
  completesol      :       0.00       0.00          0          0          0
  conflictdiving   :       0.00       0.00          0          0          0
  crossover        :       0.00       0.00          0          0          0
  dins             :       0.00       0.00          0          0          0
  distributiondivin:       0.00       0.00          0          0          0
  dps              :       0.00       0.00          0          0          0
  dualval          :       0.00       0.00          0          0          0
  farkasdiving     :       0.00       0.00          0          0          0
  feaspump         :       0.00       0.00          1          1          1
  fixandinfer      :       0.00       0.00          0          0          0
  fracdiving       :       0.00       0.00          0          0          0
  gins             :       0.00       0.00          0          0          0
  guideddiving     :       0.00       0.00          0          0          0
  indicator        :       0.00       0.00          0          0          0
  intdiving        :       0.00       0.00          0          0          0
  intshifting      :       0.00       0.00          1          0          0
  linesearchdiving :       0.00       0.00          0          0          0
  localbranching   :       0.00       0.00          0          0          0
  locks            :       0.01       0.00          1          1          1
  lpface           :       0.00       0.00          0          0          0
  mpec             :       0.00       0.00          0          0          0
  multistart       :       0.00       0.00          0          0          0
  mutation         :       0.00       0.00          0          0          0
  nlpdiving        :       0.00       0.00          0          0          0
  objpscostdiving  :       0.00       0.00          0          0          0
  octane           :       0.00       0.00          0          0          0
  ofins            :       0.00       0.00          0          0          0
  oneopt           :       0.00       0.00          2          0          0
  padm             :       0.00       0.00          0          0          0
  proximity        :       0.00       0.00          0          0          0
  pscostdiving     :       0.00       0.00          0          0          0
  randrounding     :       0.00       0.00          9          1          1
  rens             :       0.01       0.00          1          1          0
  reoptsols        :       0.00       0.00          0          0          0
  repair           :       0.00       0.00          0          0          0
  rins             :       0.00       0.00          0          0          0
  rootsoldiving    :       0.00       0.00          0          0          0
  rounding         :       0.00       0.00          8          0          0
  shiftandpropagate:       0.00       0.00          0          0          0
  shifting         :       0.00       0.00          8          0          0
  simplerounding   :       0.00       0.00          0          0          0
  subnlp           :       0.00       0.00          0          0          0
  trivial          :       0.00       0.00          2          0          0
  trivialnegation  :       0.00       0.00          0          0          0
  trustregion      :       0.00       0.00          0          0          0
  trysol           :       0.00       0.00          0          0          0
  twoopt           :       0.00       0.00          0          0          0
  undercover       :       0.00       0.00          0          0          0
  vbounds          :       0.00       0.00          0          0          0
  veclendiving     :       0.00       0.00          0          0          0
  zeroobj          :       0.00       0.00          0          0          0
  zirounding       :       0.00       0.00          1          0          0
  other solutions  :          -          -          -          0          -
Diving (single)    :      Calls      Nodes   LP Iters Backtracks  Conflicts   MinDepth   MaxDepth   AvgDepth  RoundSols  NLeafSols  MinSolDpt  MaxSolDpt  AvgSolDpt
  actconsdiving    :          0          -          -          -          -          -          -          -          -          -          -          -          -
  coefdiving       :          0          -          -          -          -          -          -          -          -          -          -          -          -
  conflictdiving   :          0          -          -          -          -          -          -          -          -          -          -          -          -
  distributiondivin:          0          -          -          -          -          -          -          -          -          -          -          -          -
  farkasdiving     :          0          -          -          -          -          -          -          -          -          -          -          -          -
  fracdiving       :          0          -          -          -          -          -          -          -          -          -          -          -          -
  guideddiving     :          0          -          -          -          -          -          -          -          -          -          -          -          -
  linesearchdiving :          0          -          -          -          -          -          -          -          -          -          -          -          -
  pscostdiving     :          0          -          -          -          -          -          -          -          -          -          -          -          -
  veclendiving     :          0          -          -          -          -          -          -          -          -          -          -          -          -
Diving (adaptive)  :      Calls      Nodes   LP Iters Backtracks  Conflicts   MinDepth   MaxDepth   AvgDepth  RoundSols  NLeafSols  MinSolDpt  MaxSolDpt  AvgSolDpt
  actconsdiving    :          0          -          -          -          -          -          -          -          -          -          -          -          -
  coefdiving       :          0          -          -          -          -          -          -          -          -          -          -          -          -
  conflictdiving   :          0          -          -          -          -          -          -          -          -          -          -          -          -
  distributiondivin:          0          -          -          -          -          -          -          -          -          -          -          -          -
  farkasdiving     :          0          -          -          -          -          -          -          -          -          -          -          -          -
  fracdiving       :          0          -          -          -          -          -          -          -          -          -          -          -          -
  guideddiving     :          0          -          -          -          -          -          -          -          -          -          -          -          -
  linesearchdiving :          0          -          -          -          -          -          -          -          -          -          -          -          -
  pscostdiving     :          0          -          -          -          -          -          -          -          -          -          -          -          -
  veclendiving     :          0          -          -          -          -          -          -          -          -          -          -          -          -
Neighborhoods      :      Calls  SetupTime  SolveTime SolveNodes       Sols       Best       Exp3  EpsGreedy        UCB TgtFixRate  Opt  Inf Node Stal  Sol  Usr Othr Actv
  rens             :          0       0.00       0.00          0          0          0    0.00000   -1.00000    1.00000      0.900    0    0    0    0    0    0    0    1
  rins             :          0       0.00       0.00          0          0          0    0.00000   -1.00000    1.00000      0.900    0    0    0    0    0    0    0    1
  mutation         :          0       0.00       0.00          0          0          0    0.00000   -1.00000    1.00000      0.900    0    0    0    0    0    0    0    1
  localbranching   :          0       0.00       0.00          0          0          0    0.00000   -1.00000    1.00000      0.900    0    0    0    0    0    0    0    1
  crossover        :          0       0.00       0.00          0          0          0    0.00000   -1.00000    1.00000      0.900    0    0    0    0    0    0    0    1
  proximity        :          1       0.00       0.00          1          0          0    0.00000   -1.00000    1.00000      0.700    0    1    0    0    0    0    0    1
  zeroobjective    :          0       0.00       0.00          0          0          0    0.00000   -1.00000    1.00000      0.900    0    0    0    0    0    0    0    1
  dins             :          0       0.00       0.00          0          0          0    0.00000   -1.00000    1.00000      0.900    0    0    0    0    0    0    0    1
  trustregion      :          0       0.00       0.00          0          0          0    0.00000   -1.00000    1.00000      0.900    0    0    0    0    0    0    0    0
LP                 :       Time      Calls Iterations  Iter/call   Iter/sec  Time-0-It Calls-0-It    ItLimit
  primal LP        :       0.00          1          0       0.00          -       0.00          1
  dual LP          :       0.01         14        378      47.25          -       0.00          6
  lex dual LP      :       0.00          0          0       0.00          -
  barrier LP       :       0.00          0          0       0.00          -       0.00          0
  resolve instable :       0.00          0          0       0.00          -
  diving/probing LP:       0.00          4        342      85.50          -
  strong branching :       0.00          2         15       7.50          -          -          -          0
    (at root node) :          -          2         15       7.50          -
  conflict analysis:       0.00          0          0       0.00          -
B&B Tree           :
  number of runs   :          2
  nodes            :          1 (0 internal, 1 leaves)
  feasible leaves  :          0
  infeas. leaves   :          0
  objective leaves :          0
  nodes (total)    :          2 (0 internal, 2 leaves)
  nodes left       :          0
  max depth        :          0
  max depth (total):          0
  backtracks       :          0 (0.0%)
  early backtracks :          0 (0.0%)
  nodes exc. ref.  :          0 (0.0%)
  delayed cutoffs  :          0
  repropagations   :          0 (0 domain reductions, 0 cutoffs)
  avg switch length:       2.00
  switching time   :       0.00
Estim. Tree Size   :          1
Estimation Tree    : 1 nodes (1 visited, 0 internal, 1 leaves, 0 open), weight: 1.0000 completed 1.0000
Estimations        :      estim      value      trend resolution     smooth
  wbe              :          1          -          -          -          -
  tree-profile     :         -1          -          -          -          -
  gap              :          1    1.00000    1.00000          1          1
  tree-weight      :          1    1.00000    1.00000          1          1
  leaf-frequency   :          1    0.50000    1.00000          1          1
  ssg              :          1    0.00000   -1.00000          1          1
  open-nodes       :          1    0.00000    0.00000          1          1
Root Node          :
  First LP value   : -2.23536439665472e+00
  First LP Iters   :        258 (75394.51 Iter/sec)
  First LP Time    :       0.00
  Final Dual Bound : -2.23536439665472e+00
  Final Root Iters :        378
  Root LP Estimate :                     -
Solution           :
  Solutions found  :          4 (3 improvements)
  First Solution   : -1.00000000000000e+00   (in run 1, after 1 nodes, 0.43 seconds, depth 6, found by <locks>)
  Gap First Sol.   :    7900.40 %
  Gap Last Sol.    :       0.00 %
  Primal Bound     : -2.23536439665472e+00   (in run 2, after 1 nodes, 0.49 seconds, depth 3, found by <randrounding>)
  Dual Bound       : -2.23536439665472e+00
  Gap              :       0.00 %
Integrals          :      Total       Avg%
  primal-dual      :      45.05      90.94
  primal-ref       :          -          - (not evaluated)
  dual-ref         :          -          - (not evaluated)
