SCIP version 8.0.0 [precision: 8 byte] [memory: block] [mode: optimized] [LP solver: SoPlex 6.0.0] [GitHash: a740f0891e]
Copyright (C) 2002-2021 Konrad-Zuse-Zentrum fuer Informationstechnik Berlin (ZIB)

External libraries: 
  SoPlex 6.0.0         Linear Programming Solver developed at Zuse Institute Berlin (soplex.zib.de) [GitHash: 71a5873d]
  CppAD 20180000.0     Algorithmic Differentiation of C++ algorithms developed by B. Bell (github.com/coin-or/CppAD)
  ZLIB 1.2.11          General purpose compression library by J. Gailly and M. Adler (zlib.net)
  GMP 6.2.1            GNU Multiple Precision Arithmetic Library developed by T. Granlund (gmplib.org)
  ZIMPL 3.5.1          Zuse Institute Mathematical Programming Language developed by T. Koch (zimpl.zib.de)
  AMPL/MP 4e2d45c4     AMPL .nl file reader library (github.com/ampl/mp)
  PaPILO 2.0.0         parallel presolve for integer and linear optimization (github.com/scipopt/papilo) [GitHash: 76cafc1]
  bliss 0.73p          Computing Graph Automorphism Groups by T. Junttila and P. Kaski (www.tcs.hut.fi/Software/bliss/)
  Ipopt 3.13.2         Interior Point Optimizer developed by A. Waechter et.al. (github.com/coin-or/Ipopt)

user parameter file <scip.set> not found - using default parameters

read problem <../modeles/5_314.lp>
============

original problem has 3150 variables (1570 bin, 0 int, 0 impl, 1580 cont) and 1591 constraints

solve problem
=============

presolving:
(round 1, fast)       5 del vars, 0 del conss, 0 add conss, 3350 chg bounds, 0 chg sides, 0 chg coeffs, 0 upgd conss, 0 impls, 5 clqs
(round 2, fast)       5 del vars, 0 del conss, 0 add conss, 3350 chg bounds, 0 chg sides, 1570 chg coeffs, 0 upgd conss, 0 impls, 5 clqs
   (0.0s) running MILP presolver
   (0.0s) MILP presolver (2 rounds): 0 aggregations, 0 fixings, 20 bound changes
(round 3, exhaustive) 5 del vars, 0 del conss, 0 add conss, 3370 chg bounds, 0 chg sides, 1570 chg coeffs, 15 upgd conss, 0 impls, 5 clqs
(round 4, exhaustive) 30 del vars, 0 del conss, 0 add conss, 3370 chg bounds, 0 chg sides, 1570 chg coeffs, 15 upgd conss, 9400 impls, 5 clqs
(round 5, exhaustive) 31 del vars, 1 del conss, 0 add conss, 3371 chg bounds, 0 chg sides, 1570 chg coeffs, 63 upgd conss, 9400 impls, 5 clqs
(round 6, exhaustive) 56 del vars, 1 del conss, 0 add conss, 3371 chg bounds, 0 chg sides, 1570 chg coeffs, 63 upgd conss, 19143 impls, 5 clqs
(round 7, fast)       56 del vars, 3 del conss, 0 add conss, 3371 chg bounds, 0 chg sides, 1570 chg coeffs, 63 upgd conss, 19143 impls, 5 clqs
(round 8, exhaustive) 56 del vars, 3 del conss, 0 add conss, 3371 chg bounds, 0 chg sides, 1570 chg coeffs, 107 upgd conss, 19143 impls, 5 clqs
(round 9, exhaustive) 81 del vars, 3 del conss, 0 add conss, 3371 chg bounds, 0 chg sides, 1570 chg coeffs, 107 upgd conss, 26369 impls, 5 clqs
(round 10, exhaustive) 81 del vars, 4 del conss, 0 add conss, 3371 chg bounds, 0 chg sides, 1570 chg coeffs, 150 upgd conss, 26369 impls, 5 clqs
(round 11, exhaustive) 106 del vars, 4 del conss, 0 add conss, 3371 chg bounds, 0 chg sides, 1570 chg coeffs, 150 upgd conss, 35140 impls, 5 clqs
(round 12, fast)       106 del vars, 8 del conss, 0 add conss, 3371 chg bounds, 0 chg sides, 1570 chg coeffs, 150 upgd conss, 35140 impls, 5 clqs
(round 13, exhaustive) 106 del vars, 8 del conss, 0 add conss, 3371 chg bounds, 0 chg sides, 1570 chg coeffs, 188 upgd conss, 35140 impls, 5 clqs
(round 14, exhaustive) 131 del vars, 8 del conss, 0 add conss, 3371 chg bounds, 0 chg sides, 1570 chg coeffs, 188 upgd conss, 41398 impls, 5 clqs
(round 15, fast)       131 del vars, 11 del conss, 0 add conss, 3371 chg bounds, 0 chg sides, 1570 chg coeffs, 188 upgd conss, 41398 impls, 5 clqs
(round 16, exhaustive) 131 del vars, 11 del conss, 0 add conss, 3371 chg bounds, 0 chg sides, 1570 chg coeffs, 225 upgd conss, 41398 impls, 5 clqs
(round 17, exhaustive) 156 del vars, 11 del conss, 0 add conss, 3371 chg bounds, 0 chg sides, 1570 chg coeffs, 225 upgd conss, 43286 impls, 5 clqs
(round 18, fast)       156 del vars, 18 del conss, 0 add conss, 3371 chg bounds, 0 chg sides, 1570 chg coeffs, 225 upgd conss, 43286 impls, 5 clqs
(round 19, exhaustive) 156 del vars, 18 del conss, 0 add conss, 3371 chg bounds, 0 chg sides, 1570 chg coeffs, 250 upgd conss, 43286 impls, 5 clqs
(round 20, exhaustive) 181 del vars, 18 del conss, 0 add conss, 3371 chg bounds, 0 chg sides, 1570 chg coeffs, 250 upgd conss, 49796 impls, 5 clqs
(round 21, fast)       182 del vars, 23 del conss, 0 add conss, 3372 chg bounds, 0 chg sides, 1570 chg coeffs, 250 upgd conss, 49796 impls, 5 clqs
(round 22, exhaustive) 182 del vars, 23 del conss, 0 add conss, 3372 chg bounds, 0 chg sides, 1570 chg coeffs, 286 upgd conss, 49796 impls, 5 clqs
(round 23, exhaustive) 207 del vars, 23 del conss, 0 add conss, 3372 chg bounds, 0 chg sides, 1570 chg coeffs, 286 upgd conss, 52902 impls, 5 clqs
(round 24, fast)       208 del vars, 31 del conss, 0 add conss, 3373 chg bounds, 0 chg sides, 1570 chg coeffs, 286 upgd conss, 52902 impls, 5 clqs
(round 25, exhaustive) 208 del vars, 31 del conss, 0 add conss, 3373 chg bounds, 0 chg sides, 1570 chg coeffs, 314 upgd conss, 52902 impls, 5 clqs
(round 26, exhaustive) 233 del vars, 31 del conss, 0 add conss, 3373 chg bounds, 0 chg sides, 1570 chg coeffs, 314 upgd conss, 59955 impls, 5 clqs
(round 27, fast)       233 del vars, 39 del conss, 0 add conss, 3373 chg bounds, 0 chg sides, 1570 chg coeffs, 314 upgd conss, 59955 impls, 5 clqs
(round 28, exhaustive) 233 del vars, 39 del conss, 0 add conss, 3373 chg bounds, 0 chg sides, 1570 chg coeffs, 336 upgd conss, 59955 impls, 5 clqs
(round 29, exhaustive) 258 del vars, 39 del conss, 0 add conss, 3373 chg bounds, 0 chg sides, 1570 chg coeffs, 336 upgd conss, 68186 impls, 5 clqs
(round 30, fast)       259 del vars, 46 del conss, 0 add conss, 3374 chg bounds, 0 chg sides, 1570 chg coeffs, 336 upgd conss, 68186 impls, 5 clqs
(round 31, exhaustive) 259 del vars, 46 del conss, 0 add conss, 3374 chg bounds, 0 chg sides, 1570 chg coeffs, 367 upgd conss, 68186 impls, 5 clqs
(round 32, exhaustive) 284 del vars, 46 del conss, 0 add conss, 3374 chg bounds, 0 chg sides, 1570 chg coeffs, 367 upgd conss, 71524 impls, 5 clqs
(round 33, fast)       285 del vars, 55 del conss, 0 add conss, 3375 chg bounds, 0 chg sides, 1570 chg coeffs, 367 upgd conss, 71524 impls, 5 clqs
(round 34, exhaustive) 285 del vars, 55 del conss, 0 add conss, 3375 chg bounds, 0 chg sides, 1570 chg coeffs, 388 upgd conss, 71524 impls, 5 clqs
(round 35, exhaustive) 310 del vars, 55 del conss, 0 add conss, 3375 chg bounds, 0 chg sides, 1570 chg coeffs, 388 upgd conss, 77847 impls, 5 clqs
(round 36, fast)       310 del vars, 65 del conss, 0 add conss, 3375 chg bounds, 0 chg sides, 1570 chg coeffs, 388 upgd conss, 77847 impls, 5 clqs
(round 37, exhaustive) 310 del vars, 65 del conss, 0 add conss, 3375 chg bounds, 0 chg sides, 1570 chg coeffs, 408 upgd conss, 77847 impls, 5 clqs
(round 38, exhaustive) 335 del vars, 65 del conss, 0 add conss, 3375 chg bounds, 0 chg sides, 1570 chg coeffs, 408 upgd conss, 80555 impls, 5 clqs
(round 39, fast)       335 del vars, 75 del conss, 0 add conss, 3375 chg bounds, 0 chg sides, 1570 chg coeffs, 408 upgd conss, 80555 impls, 5 clqs
(round 40, exhaustive) 335 del vars, 75 del conss, 0 add conss, 3375 chg bounds, 0 chg sides, 1570 chg coeffs, 428 upgd conss, 80555 impls, 5 clqs
(round 41, exhaustive) 360 del vars, 75 del conss, 0 add conss, 3375 chg bounds, 0 chg sides, 1570 chg coeffs, 428 upgd conss, 84114 impls, 5 clqs
(round 42, fast)       362 del vars, 86 del conss, 0 add conss, 3377 chg bounds, 0 chg sides, 1570 chg coeffs, 428 upgd conss, 84114 impls, 5 clqs
(round 43, exhaustive) 362 del vars, 86 del conss, 0 add conss, 3377 chg bounds, 0 chg sides, 1570 chg coeffs, 449 upgd conss, 84114 impls, 5 clqs
(round 44, exhaustive) 387 del vars, 86 del conss, 0 add conss, 3377 chg bounds, 0 chg sides, 1570 chg coeffs, 449 upgd conss, 86467 impls, 5 clqs
(round 45, fast)       387 del vars, 95 del conss, 0 add conss, 3377 chg bounds, 0 chg sides, 1570 chg coeffs, 449 upgd conss, 86467 impls, 5 clqs
(round 46, exhaustive) 387 del vars, 95 del conss, 0 add conss, 3377 chg bounds, 0 chg sides, 1570 chg coeffs, 468 upgd conss, 86467 impls, 5 clqs
(round 47, exhaustive) 412 del vars, 95 del conss, 0 add conss, 3377 chg bounds, 0 chg sides, 1570 chg coeffs, 468 upgd conss, 92657 impls, 5 clqs
(round 48, fast)       412 del vars, 103 del conss, 0 add conss, 3377 chg bounds, 0 chg sides, 1570 chg coeffs, 468 upgd conss, 92657 impls, 5 clqs
(round 49, exhaustive) 412 del vars, 103 del conss, 0 add conss, 3377 chg bounds, 0 chg sides, 1570 chg coeffs, 490 upgd conss, 92657 impls, 5 clqs
(round 50, exhaustive) 440 del vars, 103 del conss, 0 add conss, 3377 chg bounds, 0 chg sides, 1570 chg coeffs, 490 upgd conss, 97633 impls, 5 clqs
(round 51, fast)       440 del vars, 113 del conss, 0 add conss, 3377 chg bounds, 0 chg sides, 1570 chg coeffs, 490 upgd conss, 97633 impls, 5 clqs
(round 52, exhaustive) 440 del vars, 113 del conss, 0 add conss, 3377 chg bounds, 0 chg sides, 1570 chg coeffs, 507 upgd conss, 97633 impls, 5 clqs
(round 53, exhaustive) 465 del vars, 113 del conss, 0 add conss, 3377 chg bounds, 0 chg sides, 1570 chg coeffs, 507 upgd conss, 100537 impls, 5 clqs
(round 54, fast)       469 del vars, 127 del conss, 0 add conss, 3381 chg bounds, 0 chg sides, 1570 chg coeffs, 507 upgd conss, 100537 impls, 5 clqs
(round 55, exhaustive) 469 del vars, 127 del conss, 0 add conss, 3381 chg bounds, 0 chg sides, 1570 chg coeffs, 523 upgd conss, 100537 impls, 5 clqs
(round 56, exhaustive) 494 del vars, 127 del conss, 0 add conss, 3381 chg bounds, 0 chg sides, 1570 chg coeffs, 523 upgd conss, 105121 impls, 5 clqs
(round 57, fast)       497 del vars, 139 del conss, 0 add conss, 3384 chg bounds, 0 chg sides, 1570 chg coeffs, 523 upgd conss, 105121 impls, 5 clqs
   (0.9s) running MILP presolver
   (1.0s) MILP presolver (12 rounds): 0 aggregations, 109 fixings, 0 bound changes
(round 58, medium)     606 del vars, 189 del conss, 0 add conss, 3384 chg bounds, 0 chg sides, 1570 chg coeffs, 523 upgd conss, 105121 impls, 5 clqs
(round 59, fast)       606 del vars, 199 del conss, 0 add conss, 3384 chg bounds, 0 chg sides, 1570 chg coeffs, 523 upgd conss, 105121 impls, 5 clqs
(round 60, exhaustive) 606 del vars, 199 del conss, 0 add conss, 3384 chg bounds, 0 chg sides, 1570 chg coeffs, 567 upgd conss, 105121 impls, 5 clqs
(round 61, exhaustive) 631 del vars, 199 del conss, 0 add conss, 3384 chg bounds, 0 chg sides, 1570 chg coeffs, 567 upgd conss, 109484 impls, 5 clqs
(round 62, fast)       635 del vars, 211 del conss, 0 add conss, 3388 chg bounds, 0 chg sides, 1570 chg coeffs, 567 upgd conss, 109484 impls, 5 clqs
(round 63, exhaustive) 635 del vars, 211 del conss, 0 add conss, 3388 chg bounds, 0 chg sides, 1570 chg coeffs, 589 upgd conss, 109484 impls, 5 clqs
(round 64, exhaustive) 663 del vars, 211 del conss, 0 add conss, 3388 chg bounds, 0 chg sides, 1570 chg coeffs, 589 upgd conss, 114038 impls, 5 clqs
(round 65, fast)       663 del vars, 224 del conss, 0 add conss, 3388 chg bounds, 0 chg sides, 1570 chg coeffs, 589 upgd conss, 114038 impls, 5 clqs
(round 66, exhaustive) 663 del vars, 224 del conss, 0 add conss, 3388 chg bounds, 0 chg sides, 1570 chg coeffs, 606 upgd conss, 114038 impls, 5 clqs
(round 67, exhaustive) 688 del vars, 224 del conss, 0 add conss, 3388 chg bounds, 0 chg sides, 1570 chg coeffs, 606 upgd conss, 118556 impls, 5 clqs
(round 68, fast)       688 del vars, 237 del conss, 0 add conss, 3388 chg bounds, 0 chg sides, 1570 chg coeffs, 606 upgd conss, 118556 impls, 5 clqs
(round 69, exhaustive) 688 del vars, 237 del conss, 0 add conss, 3388 chg bounds, 0 chg sides, 1570 chg coeffs, 617 upgd conss, 118556 impls, 5 clqs
(round 70, exhaustive) 713 del vars, 237 del conss, 0 add conss, 3388 chg bounds, 0 chg sides, 1570 chg coeffs, 617 upgd conss, 123004 impls, 5 clqs
(round 71, fast)       716 del vars, 253 del conss, 0 add conss, 3391 chg bounds, 0 chg sides, 1570 chg coeffs, 617 upgd conss, 123004 impls, 5 clqs
(round 72, exhaustive) 716 del vars, 253 del conss, 0 add conss, 3391 chg bounds, 0 chg sides, 1570 chg coeffs, 625 upgd conss, 123004 impls, 5 clqs
(round 73, exhaustive) 744 del vars, 253 del conss, 0 add conss, 3391 chg bounds, 0 chg sides, 1570 chg coeffs, 625 upgd conss, 126626 impls, 5 clqs
(round 74, fast)       744 del vars, 267 del conss, 0 add conss, 3391 chg bounds, 0 chg sides, 1570 chg coeffs, 625 upgd conss, 126626 impls, 5 clqs
(round 75, exhaustive) 744 del vars, 267 del conss, 0 add conss, 3391 chg bounds, 0 chg sides, 1570 chg coeffs, 638 upgd conss, 126626 impls, 5 clqs
(round 76, exhaustive) 769 del vars, 267 del conss, 0 add conss, 3391 chg bounds, 0 chg sides, 1570 chg coeffs, 638 upgd conss, 129717 impls, 5 clqs
(round 77, fast)       769 del vars, 281 del conss, 0 add conss, 3391 chg bounds, 0 chg sides, 1570 chg coeffs, 638 upgd conss, 129717 impls, 5 clqs
(round 78, exhaustive) 769 del vars, 281 del conss, 0 add conss, 3391 chg bounds, 0 chg sides, 1570 chg coeffs, 646 upgd conss, 129717 impls, 5 clqs
(round 79, exhaustive) 796 del vars, 281 del conss, 0 add conss, 3391 chg bounds, 0 chg sides, 1570 chg coeffs, 646 upgd conss, 133985 impls, 5 clqs
(round 80, fast)       796 del vars, 294 del conss, 0 add conss, 3391 chg bounds, 0 chg sides, 1570 chg coeffs, 646 upgd conss, 133985 impls, 5 clqs
(round 81, exhaustive) 796 del vars, 294 del conss, 0 add conss, 3391 chg bounds, 0 chg sides, 1570 chg coeffs, 661 upgd conss, 133985 impls, 5 clqs
(round 82, exhaustive) 821 del vars, 294 del conss, 0 add conss, 3391 chg bounds, 0 chg sides, 1570 chg coeffs, 661 upgd conss, 138754 impls, 5 clqs
(round 83, fast)       823 del vars, 310 del conss, 0 add conss, 3393 chg bounds, 0 chg sides, 1570 chg coeffs, 661 upgd conss, 138754 impls, 5 clqs
(round 84, exhaustive) 823 del vars, 310 del conss, 0 add conss, 3393 chg bounds, 0 chg sides, 1570 chg coeffs, 667 upgd conss, 138754 impls, 5 clqs
(round 85, exhaustive) 848 del vars, 310 del conss, 0 add conss, 3393 chg bounds, 0 chg sides, 1570 chg coeffs, 667 upgd conss, 141979 impls, 5 clqs
(round 86, fast)       850 del vars, 325 del conss, 0 add conss, 3395 chg bounds, 0 chg sides, 1570 chg coeffs, 667 upgd conss, 141979 impls, 5 clqs
(round 87, exhaustive) 850 del vars, 325 del conss, 0 add conss, 3395 chg bounds, 0 chg sides, 1570 chg coeffs, 675 upgd conss, 141979 impls, 5 clqs
(round 88, exhaustive) 875 del vars, 325 del conss, 0 add conss, 3395 chg bounds, 0 chg sides, 1570 chg coeffs, 675 upgd conss, 143448 impls, 5 clqs
(round 89, fast)       875 del vars, 340 del conss, 0 add conss, 3395 chg bounds, 0 chg sides, 1570 chg coeffs, 675 upgd conss, 143448 impls, 5 clqs
(round 90, exhaustive) 875 del vars, 340 del conss, 0 add conss, 3395 chg bounds, 0 chg sides, 1570 chg coeffs, 680 upgd conss, 143448 impls, 5 clqs
(round 91, exhaustive) 900 del vars, 340 del conss, 0 add conss, 3395 chg bounds, 0 chg sides, 1570 chg coeffs, 680 upgd conss, 148033 impls, 5 clqs
(round 92, fast)       900 del vars, 355 del conss, 0 add conss, 3395 chg bounds, 0 chg sides, 1570 chg coeffs, 680 upgd conss, 148033 impls, 5 clqs
(round 93, exhaustive) 900 del vars, 355 del conss, 0 add conss, 3395 chg bounds, 0 chg sides, 1570 chg coeffs, 685 upgd conss, 148033 impls, 5 clqs
   (1.3s) probing: 1000/1570 (63.7%) - 767 fixings, 0 aggregations, 148077 implications, 0 bound changes
(round 94, exhaustive) 928 del vars, 355 del conss, 0 add conss, 3395 chg bounds, 0 chg sides, 1570 chg coeffs, 685 upgd conss, 149476 impls, 5 clqs
(round 95, fast)       928 del vars, 372 del conss, 0 add conss, 3395 chg bounds, 0 chg sides, 1570 chg coeffs, 685 upgd conss, 149476 impls, 5 clqs
(round 96, exhaustive) 928 del vars, 372 del conss, 0 add conss, 3395 chg bounds, 0 chg sides, 1570 chg coeffs, 690 upgd conss, 149476 impls, 5 clqs
(round 97, exhaustive) 957 del vars, 372 del conss, 0 add conss, 3395 chg bounds, 0 chg sides, 1570 chg coeffs, 690 upgd conss, 152536 impls, 5 clqs
(round 98, fast)       957 del vars, 388 del conss, 0 add conss, 3395 chg bounds, 0 chg sides, 1570 chg coeffs, 690 upgd conss, 152536 impls, 5 clqs
(round 99, exhaustive) 957 del vars, 388 del conss, 0 add conss, 3395 chg bounds, 0 chg sides, 1570 chg coeffs, 696 upgd conss, 152536 impls, 5 clqs
(round 100, exhaustive) 982 del vars, 388 del conss, 0 add conss, 3395 chg bounds, 0 chg sides, 1570 chg coeffs, 696 upgd conss, 156706 impls, 5 clqs
(round 101, fast)       982 del vars, 403 del conss, 0 add conss, 3395 chg bounds, 0 chg sides, 1570 chg coeffs, 696 upgd conss, 156706 impls, 5 clqs
(round 102, exhaustive) 982 del vars, 403 del conss, 0 add conss, 3395 chg bounds, 0 chg sides, 1570 chg coeffs, 701 upgd conss, 156706 impls, 5 clqs
(round 103, exhaustive) 1007 del vars, 403 del conss, 0 add conss, 3395 chg bounds, 0 chg sides, 1570 chg coeffs, 701 upgd conss, 159025 impls, 5 clqs
(round 104, fast)       1013 del vars, 421 del conss, 0 add conss, 3401 chg bounds, 0 chg sides, 1570 chg coeffs, 701 upgd conss, 159025 impls, 5 clqs
   (1.4s) running MILP presolver
   (1.4s) MILP presolver (13 rounds): 0 aggregations, 100 fixings, 0 bound changes
(round 105, medium)     1113 del vars, 481 del conss, 0 add conss, 3401 chg bounds, 0 chg sides, 1570 chg coeffs, 701 upgd conss, 159025 impls, 5 clqs
(round 106, fast)       1113 del vars, 483 del conss, 0 add conss, 3401 chg bounds, 0 chg sides, 1570 chg coeffs, 701 upgd conss, 159025 impls, 5 clqs
(round 107, exhaustive) 1113 del vars, 483 del conss, 0 add conss, 3401 chg bounds, 0 chg sides, 1570 chg coeffs, 721 upgd conss, 159025 impls, 5 clqs
(round 108, exhaustive) 1138 del vars, 483 del conss, 0 add conss, 3401 chg bounds, 0 chg sides, 1570 chg coeffs, 721 upgd conss, 162050 impls, 5 clqs
(round 109, fast)       1140 del vars, 499 del conss, 0 add conss, 3403 chg bounds, 0 chg sides, 1570 chg coeffs, 721 upgd conss, 162050 impls, 5 clqs
(round 110, exhaustive) 1140 del vars, 499 del conss, 0 add conss, 3403 chg bounds, 0 chg sides, 1570 chg coeffs, 727 upgd conss, 162050 impls, 5 clqs
(round 111, exhaustive) 1170 del vars, 499 del conss, 0 add conss, 3403 chg bounds, 0 chg sides, 1570 chg coeffs, 727 upgd conss, 166253 impls, 5 clqs
(round 112, fast)       1170 del vars, 518 del conss, 0 add conss, 3403 chg bounds, 0 chg sides, 1570 chg coeffs, 727 upgd conss, 166253 impls, 5 clqs
(round 113, exhaustive) 1170 del vars, 518 del conss, 0 add conss, 3403 chg bounds, 0 chg sides, 1570 chg coeffs, 730 upgd conss, 166253 impls, 5 clqs
(round 114, exhaustive) 1198 del vars, 518 del conss, 0 add conss, 3403 chg bounds, 0 chg sides, 1570 chg coeffs, 730 upgd conss, 170567 impls, 5 clqs
(round 115, fast)       1198 del vars, 535 del conss, 0 add conss, 3403 chg bounds, 0 chg sides, 1570 chg coeffs, 730 upgd conss, 170567 impls, 5 clqs
(round 116, exhaustive) 1198 del vars, 535 del conss, 0 add conss, 3403 chg bounds, 0 chg sides, 1570 chg coeffs, 735 upgd conss, 170567 impls, 5 clqs
(round 117, exhaustive) 1225 del vars, 535 del conss, 0 add conss, 3403 chg bounds, 0 chg sides, 1570 chg coeffs, 735 upgd conss, 173809 impls, 5 clqs
(round 118, fast)       1225 del vars, 552 del conss, 0 add conss, 3403 chg bounds, 0 chg sides, 1570 chg coeffs, 735 upgd conss, 173809 impls, 5 clqs
(round 119, exhaustive) 1225 del vars, 552 del conss, 0 add conss, 3403 chg bounds, 0 chg sides, 1570 chg coeffs, 738 upgd conss, 173809 impls, 5 clqs
(round 120, exhaustive) 1251 del vars, 552 del conss, 0 add conss, 3403 chg bounds, 0 chg sides, 1570 chg coeffs, 738 upgd conss, 177019 impls, 5 clqs
(round 121, fast)       1251 del vars, 567 del conss, 0 add conss, 3403 chg bounds, 0 chg sides, 1570 chg coeffs, 738 upgd conss, 177019 impls, 5 clqs
(round 122, exhaustive) 1251 del vars, 567 del conss, 0 add conss, 3403 chg bounds, 0 chg sides, 1570 chg coeffs, 745 upgd conss, 177019 impls, 5 clqs
(round 123, exhaustive) 1279 del vars, 567 del conss, 0 add conss, 3403 chg bounds, 0 chg sides, 1570 chg coeffs, 745 upgd conss, 178388 impls, 5 clqs
(round 124, fast)       1279 del vars, 585 del conss, 0 add conss, 3403 chg bounds, 0 chg sides, 1570 chg coeffs, 745 upgd conss, 178388 impls, 5 clqs
(round 125, exhaustive) 1279 del vars, 585 del conss, 0 add conss, 3403 chg bounds, 0 chg sides, 1570 chg coeffs, 747 upgd conss, 178388 impls, 5 clqs
(round 126, exhaustive) 1306 del vars, 585 del conss, 0 add conss, 3403 chg bounds, 0 chg sides, 1570 chg coeffs, 747 upgd conss, 180131 impls, 5 clqs
(round 127, fast)       1306 del vars, 603 del conss, 0 add conss, 3403 chg bounds, 0 chg sides, 1570 chg coeffs, 747 upgd conss, 180131 impls, 5 clqs
(round 128, exhaustive) 1331 del vars, 603 del conss, 0 add conss, 3403 chg bounds, 0 chg sides, 1570 chg coeffs, 747 upgd conss, 183280 impls, 5 clqs
(round 129, fast)       1331 del vars, 618 del conss, 0 add conss, 3403 chg bounds, 0 chg sides, 1570 chg coeffs, 747 upgd conss, 183280 impls, 5 clqs
(round 130, exhaustive) 1331 del vars, 618 del conss, 0 add conss, 3403 chg bounds, 0 chg sides, 1570 chg coeffs, 748 upgd conss, 183280 impls, 5 clqs
(round 131, exhaustive) 1356 del vars, 618 del conss, 0 add conss, 3403 chg bounds, 0 chg sides, 1570 chg coeffs, 748 upgd conss, 188463 impls, 5 clqs
(round 132, fast)       1356 del vars, 634 del conss, 0 add conss, 3403 chg bounds, 0 chg sides, 1570 chg coeffs, 748 upgd conss, 188463 impls, 5 clqs
(round 133, exhaustive) 1356 del vars, 634 del conss, 0 add conss, 3403 chg bounds, 0 chg sides, 1570 chg coeffs, 750 upgd conss, 188463 impls, 5 clqs
(round 134, exhaustive) 1381 del vars, 634 del conss, 0 add conss, 3403 chg bounds, 0 chg sides, 1570 chg coeffs, 750 upgd conss, 191375 impls, 5 clqs
(round 135, fast)       1382 del vars, 651 del conss, 0 add conss, 3404 chg bounds, 0 chg sides, 1570 chg coeffs, 750 upgd conss, 191375 impls, 5 clqs
   (1.7s) running MILP presolver
   (1.7s) MILP presolver found nothing
(round 136, exhaustive) 1382 del vars, 651 del conss, 0 add conss, 3404 chg bounds, 0 chg sides, 1570 chg coeffs, 751 upgd conss, 191375 impls, 5 clqs
(round 137, exhaustive) 1407 del vars, 651 del conss, 0 add conss, 3404 chg bounds, 0 chg sides, 1570 chg coeffs, 751 upgd conss, 195466 impls, 5 clqs
(round 138, fast)       1409 del vars, 669 del conss, 0 add conss, 3406 chg bounds, 0 chg sides, 1570 chg coeffs, 751 upgd conss, 195466 impls, 5 clqs
(round 139, exhaustive) 1434 del vars, 669 del conss, 0 add conss, 3406 chg bounds, 0 chg sides, 1570 chg coeffs, 751 upgd conss, 197234 impls, 5 clqs
(round 140, fast)       1436 del vars, 686 del conss, 0 add conss, 3408 chg bounds, 0 chg sides, 1570 chg coeffs, 751 upgd conss, 197234 impls, 5 clqs
(round 141, exhaustive) 1436 del vars, 686 del conss, 0 add conss, 3408 chg bounds, 0 chg sides, 1570 chg coeffs, 754 upgd conss, 197234 impls, 5 clqs
(round 142, exhaustive) 1461 del vars, 686 del conss, 0 add conss, 3408 chg bounds, 0 chg sides, 1570 chg coeffs, 754 upgd conss, 199281 impls, 5 clqs
(round 143, fast)       1461 del vars, 702 del conss, 0 add conss, 3408 chg bounds, 0 chg sides, 1570 chg coeffs, 754 upgd conss, 199281 impls, 5 clqs
(round 144, exhaustive) 1461 del vars, 702 del conss, 0 add conss, 3408 chg bounds, 0 chg sides, 1570 chg coeffs, 756 upgd conss, 199281 impls, 5 clqs
(round 145, exhaustive) 1491 del vars, 702 del conss, 0 add conss, 3408 chg bounds, 0 chg sides, 1570 chg coeffs, 756 upgd conss, 200303 impls, 5 clqs
(round 146, fast)       1491 del vars, 722 del conss, 0 add conss, 3408 chg bounds, 0 chg sides, 1570 chg coeffs, 756 upgd conss, 200303 impls, 5 clqs
(round 147, exhaustive) 1516 del vars, 722 del conss, 0 add conss, 3408 chg bounds, 0 chg sides, 1570 chg coeffs, 756 upgd conss, 202937 impls, 5 clqs
(round 148, fast)       1518 del vars, 740 del conss, 0 add conss, 3410 chg bounds, 0 chg sides, 1570 chg coeffs, 756 upgd conss, 202937 impls, 5 clqs
(round 149, exhaustive) 1543 del vars, 740 del conss, 0 add conss, 3410 chg bounds, 0 chg sides, 1570 chg coeffs, 756 upgd conss, 204698 impls, 5 clqs
(round 150, fast)       1545 del vars, 758 del conss, 0 add conss, 3412 chg bounds, 0 chg sides, 1570 chg coeffs, 756 upgd conss, 204698 impls, 5 clqs
   (1.8s) probing cycle finished: starting next cycle
   (1.8s) probing: 51/800 (6.4%) - 1289 fixings, 0 aggregations, 203947 implications, 0 bound changes
   (1.8s) probing aborted: 50/50 successive totally useless probings
   (1.8s) symmetry computation started: requiring (bin +, int -, cont +), (fixed: bin -, int +, cont -)
   (1.8s) symmetry computation finished: 4 generators found (max: 1500, log10 of symmetry group size: 2.1)
(round 151, exhaustive) 1545 del vars, 758 del conss, 1 add conss, 3412 chg bounds, 0 chg sides, 1570 chg coeffs, 756 upgd conss, 204698 impls, 5 clqs
presolving (152 rounds: 152 fast, 100 medium, 98 exhaustive):
 1545 deleted vars, 758 deleted constraints, 1 added constraints, 3412 tightened bounds, 0 added holes, 0 changed sides, 1570 changed coefficients
 204698 implications, 5 cliques
presolved problem has 1605 variables (800 bin, 0 int, 0 impl, 805 cont) and 822 constraints
     10 constraints of type <varbound>
      5 constraints of type <setppc>
    806 constraints of type <linear>
      1 constraints of type <orbitope>
Presolving Time: 1.84

 time | node  | left  |LP iter|LP it/n|mem/heur|mdpt |vars |cons |rows |cuts |sepa|confs|strbr|  dualbound   | primalbound  |  gap   | compl. 
  1.9s|     1 |     0 |   465 |     - |    67M |   0 |1605 | 824 | 821 |   0 |  0 |   1 |   0 |-2.235983e+00 |      --      |    Inf | unknown
o 1.9s|     1 |     0 |   523 |     - |feaspump|   0 |1605 | 824 | 821 |   0 |  0 |   1 |   0 |-2.235983e+00 |-2.235983e+00 |   0.00%| unknown
  1.9s|     1 |     0 |   523 |     - |    67M |   0 |1605 | 824 | 821 |   0 |  0 |   1 |   0 |-2.235983e+00 |-2.235983e+00 |   0.00%| unknown

SCIP Status        : problem is solved [optimal solution found]
Solving Time (sec) : 1.89
Solving Nodes      : 1
Primal Bound       : -2.23598277563470e+00 (1 solutions)
Dual Bound         : -2.23598277563470e+00
Gap                : 0.00 %

primal solution (original space):
=================================

objective value:                     -2.2359827756347
y_1,122_                                            1 	(obj:0)
y_3,122_                                            1 	(obj:0)
y_4,122_                                            1 	(obj:0)
y_2,123_                                            1 	(obj:0)
y_5,123_                                            1 	(obj:0)
t_1,123_                                            1 	(obj:0)
x_3_                               -0.445859872611465 	(obj:1)
x_1_                               -0.445859872611465 	(obj:1)
x_2_                               -0.445859872611465 	(obj:1)
t_4,122_                            0.524647887323987 	(obj:0)
t_4,123_                            0.475352112676013 	(obj:0)
t_3,123_                                            1 	(obj:0)
x_4_                               -0.452543285188841 	(obj:1)
x_5_                               -0.445859872611465 	(obj:1)
t_5,123_                                            1 	(obj:0)
t_2,123_                                            1 	(obj:0)

Statistics
==========

SCIP Status        : problem is solved [optimal solution found]
Total Time         :       1.90
  solving          :       1.89
  presolving       :       1.84 (included in solving)
  reading          :       0.01
  copying          :       0.00 (0 times copied the problem)
Original Problem   :
  Problem name     : ../modeles/5_314.lp
  Variables        : 3150 (1570 binary, 0 integer, 0 implicit integer, 1580 continuous)
  Constraints      : 1591 initial, 1591 maximal
  Objective        : minimize, 5 non-zeros (abs.min = 1, abs.max = 1)
Presolved Problem  :
  Problem name     : t_../modeles/5_314.lp
  Variables        : 1605 (800 binary, 0 integer, 0 implicit integer, 805 continuous)
  Constraints      : 822 initial, 824 maximal
  Objective        : minimize, 800 non-zeros (abs.min = 0.0127389, abs.max = 1.01911)
  Nonzeros         : 6410 constraint, 800 clique table
Presolvers         :   ExecTime  SetupTime  Calls  FixedVars   AggrVars   ChgTypes  ChgBounds   AddHoles    DelCons    AddCons   ChgSides   ChgCoefs
  boundshift       :       0.00       0.00      0          0          0          0          0          0          0          0          0          0
  convertinttobin  :       0.00       0.00      0          0          0          0          0          0          0          0          0          0
  domcol           :       0.27       0.00     52          0          0          0          0          0          0          0          0          0
  dualagg          :       0.00       0.00      0          0          0          0          0          0          0          0          0          0
  dualcomp         :       0.05       0.00     52          0          0          0          0          0          0          0          0          0
  dualinfer        :       0.00       0.00      0          0          0          0          0          0          0          0          0          0
  dualsparsify     :       0.00       0.00      1          0          0          0          0          0          0          0          0          0
  gateextraction   :       0.00       0.00      0          0          0          0          0          0          0          0          0          0
  implics          :       0.00       0.00    100          0          0          0          0          0          0          0          0          0
  inttobinary      :       0.00       0.00      0          0          0          0          0          0          0          0          0          0
  milp             :       0.16       0.00      4        209          0          0         20          0          0          0          0          0
  qpkktref         :       0.00       0.00      0          0          0          0          0          0          0          0          0          0
  redvub           :       0.00       0.00      0          0          0          0          0          0          0          0          0          0
  sparsify         :       0.04       0.00      7          0          0          0          0          0          0          0          0          0
  stuffing         :       0.00       0.00      0          0          0          0          0          0          0          0          0          0
  trivial          :       0.01       0.00    152          0          0          0          0          0          0          0          0          0
  tworowbnd        :       0.00       0.00      0          0          0          0          0          0          0          0          0          0
  dualfix          :       0.01       0.00    152          0          0          0          0          0          0          0          0          0
  genvbounds       :       0.00       0.00      0          0          0          0          0          0          0          0          0          0
  probing          :       1.06       0.00     51       1289          0          0          0          0          0          0          0          0
  pseudoobj        :       0.00       0.00      0          0          0          0          0          0          0          0          0          0
  symmetry         :       0.01       0.00      1          0          0          0          0          0          0          1          0          0
  vbounds          :       0.00       0.00      1          0          0          0          0          0          0          0          0          0
  varbound         :       0.01       0.00    248          0          0          0         39          0        741          0          0          0
  setppc           :       0.01       0.00    345          0          0          0          0          0          0          0          0          0
  linear           :       0.20       0.00    250         42          5          0       3353          0         17          0          0       1570
  orbitope         :       0.00       0.00      1          0          0          0          0          0          0          0          0          0
  logicor          :       0.00       0.00      0          0          0          0          0          0          0          0          0          0
  benders          :       0.00       0.00      0          0          0          0          0          0          0          0          0          0
  components       :       0.00       0.00      1          0          0          0          0          0          0          0          0          0
  root node        :          -          -      -          0          -          -          0          -          -          -          -          -
Constraints        :     Number  MaxNumber  #Separate #Propagate    #EnfoLP    #EnfoRelax  #EnfoPS    #Check   #ResProp    Cutoffs    DomReds       Cuts    Applied      Conss   Children
  benderslp        :          0          0          0          0          0          0          0         12          0          0          0          0          0          0          0
  integral         :          0          0          0          0          0          0          0         12          0          0          0          0          0          0          0
  varbound         :         10         10          0       4491          0          0          0          6         10          0          0          0          0          0          0
  setppc           :          5          5          0       4490          0          0          0          6        477          0          0          0          0          0          0
  linear           :        806        806          0       4492          0          0          0          1       1598        696          0          0          0          0          0
  orbitope         :          1          1          0         79          0          0          0          1          0          0          0          0          0          0          0
  logicor          :          0+         2          0          6          0          0          0          0          0          0          0          0          0          0          0
  benders          :          0          0          0          0          0          0          0          2          0          0          0          0          0          0          0
  countsols        :          0          0          0          0          0          0          0          2          0          0          0          0          0          0          0
  components       :          0          0          0          0          0          0          0          0          0          0          0          0          0          0          0
Constraint Timings :  TotalTime  SetupTime   Separate  Propagate     EnfoLP     EnfoPS     EnfoRelax   Check    ResProp    SB-Prop
  benderslp        :       0.00       0.00       0.00       0.00       0.00       0.00       0.00       0.00       0.00       0.00
  integral         :       0.00       0.00       0.00       0.00       0.00       0.00       0.00       0.00       0.00       0.00
  varbound         :       0.06       0.00       0.00       0.06       0.00       0.00       0.00       0.00       0.00       0.00
  setppc           :       0.00       0.00       0.00       0.00       0.00       0.00       0.00       0.00       0.00       0.00
  linear           :       0.34       0.00       0.00       0.34       0.00       0.00       0.00       0.00       0.00       0.00
  orbitope         :       0.00       0.00       0.00       0.00       0.00       0.00       0.00       0.00       0.00       0.00
  logicor          :       0.00       0.00       0.00       0.00       0.00       0.00       0.00       0.00       0.00       0.00
  benders          :       0.00       0.00       0.00       0.00       0.00       0.00       0.00       0.00       0.00       0.00
  countsols        :       0.00       0.00       0.00       0.00       0.00       0.00       0.00       0.00       0.00       0.00
  components       :       0.00       0.00       0.00       0.00       0.00       0.00       0.00       0.00       0.00       0.00
Propagators        : #Propagate   #ResProp    Cutoffs    DomReds
  dualfix          :          1          0          0          0
  genvbounds       :          0          0          0          0
  nlobbt           :          0          0          0          0
  obbt             :          0          0          0          0
  probing          :          0          0          0          0
  pseudoobj        :          2          0          0          0
  redcost          :          1          0          0          0
  rootredcost      :          0          0          0          0
  symmetry         :          0          0          0          0
  vbounds          :         47          0          0          0
Propagator Timings :  TotalTime  SetupTime   Presolve  Propagate    ResProp    SB-Prop
  dualfix          :       0.01       0.00       0.01       0.00       0.00       0.00
  genvbounds       :       0.00       0.00       0.00       0.00       0.00       0.00
  nlobbt           :       0.00       0.00       0.00       0.00       0.00       0.00
  obbt             :       0.00       0.00       0.00       0.00       0.00       0.00
  probing          :       1.06       0.00       1.06       0.00       0.00       0.00
  pseudoobj        :       0.00       0.00       0.00       0.00       0.00       0.00
  redcost          :       0.00       0.00       0.00       0.00       0.00       0.00
  rootredcost      :       0.00       0.00       0.00       0.00       0.00       0.00
  symmetry         :       0.01       0.00       0.01       0.00       0.00       0.00
  vbounds          :       0.01       0.00       0.00       0.01       0.00       0.00
Orbital fixing     :
  vars fixed to 0  :          0
  vars fixed to 1  :          0
Conflict Analysis  :       Time      Calls    Success    DomReds  Conflicts   Literals    Reconvs ReconvLits   Dualrays   Nonzeros   LP Iters   (pool size: [10000,10000])
  propagation      :       0.00          1          1          -          3      163.0          0        0.0          -          -          -
  infeasible LP    :       0.00          1          0          -          0        0.0          0        0.0          0        0.0          0
  bound exceed. LP :       0.00          0          0          -          0        0.0          0        0.0          0        0.0          0
  strong branching :       0.00          0          0          -          0        0.0          0        0.0          -          -          0
  pseudo solution  :       0.00          0          0          -          0        0.0          0        0.0          -          -          -
  applied globally :       0.00          -          -          0          1        3.0          -          -          0          -          -
  applied locally  :          -          -          -          0          0        0.0          -          -          0          -          -
Separators         :   ExecTime  SetupTime      Calls    Cutoffs    DomReds       Cuts    Applied      Conss
  cut pool         :       0.00                     0          -          -          0          -          -    (maximal pool size: 0)
  aggregation      :       0.00       0.00          0          0          0          0          0          0
  > cmir           :          -          -          -          -          -          -          0          -
  > flowcover      :          -          -          -          -          -          -          0          -
  > knapsackcover  :          -          -          -          -          -          -          0          -
  cgmip            :       0.00       0.00          0          0          0          0          0          0
  clique           :       0.00       0.00          0          0          0          0          0          0
  closecuts        :       0.00       0.00          0          0          0          0          0          0
  convexproj       :       0.00       0.00          0          0          0          0          0          0
  disjunctive      :       0.00       0.00          0          0          0          0          0          0
  eccuts           :       0.00       0.00          0          0          0          0          0          0
  gauge            :       0.00       0.00          0          0          0          0          0          0
  gomory           :       0.00       0.00          0          0          0          0          0          0
  > gomorymi       :          -          -          -          -          -          -          0          -
  > strongcg       :          -          -          -          -          -          -          0          -
  impliedbounds    :       0.00       0.00          0          0          0          0          0          0
  interminor       :       0.00       0.00          0          0          0          0          0          0
  intobj           :       0.00       0.00          0          0          0          0          0          0
  mcf              :       0.00       0.00          0          0          0          0          0          0
  minor            :       0.00       0.00          0          0          0          0          0          0
  mixing           :       0.00       0.00          0          0          0          0          0          0
  oddcycle         :       0.00       0.00          0          0          0          0          0          0
  rapidlearning    :       0.00       0.00          0          0          0          0          0          0
  rlt              :       0.00       0.00          0          0          0          0          0          0
  zerohalf         :       0.00       0.00          0          0          0          0          0          0
Cutselectors       :   ExecTime  SetupTime
  hybrid           :       0.00       0.00
Pricers            :   ExecTime  SetupTime      Calls       Vars
  problem variables:       0.00          -          0          0
Branching Rules    :   ExecTime  SetupTime   BranchLP  BranchExt   BranchPS    Cutoffs    DomReds       Cuts      Conss   Children
  allfullstrong    :       0.00       0.00          0          0          0          0          0          0          0          0
  cloud            :       0.00       0.00          0          0          0          0          0          0          0          0
  distribution     :       0.00       0.00          0          0          0          0          0          0          0          0
  fullstrong       :       0.00       0.00          0          0          0          0          0          0          0          0
  inference        :       0.00       0.00          0          0          0          0          0          0          0          0
  leastinf         :       0.00       0.00          0          0          0          0          0          0          0          0
  lookahead        :       0.00       0.00          0          0          0          0          0          0          0          0
  mostinf          :       0.00       0.00          0          0          0          0          0          0          0          0
  multaggr         :       0.00       0.00          0          0          0          0          0          0          0          0
  nodereopt        :       0.00       0.00          0          0          0          0          0          0          0          0
  pscost           :       0.00       0.00          0          0          0          0          0          0          0          0
  random           :       0.00       0.00          0          0          0          0          0          0          0          0
  relpscost        :       0.00       0.00          0          0          0          0          0          0          0          0
  vanillafullstrong:       0.00       0.00          0          0          0          0          0          0          0          0
Primal Heuristics  :   ExecTime  SetupTime      Calls      Found       Best
  LP solutions     :       0.00          -          -          0          0
  relax solutions  :       0.00          -          -          0          0
  pseudo solutions :       0.00          -          -          0          0
  strong branching :       0.00          -          -          0          0
  actconsdiving    :       0.00       0.00          0          0          0
  adaptivediving   :       0.00       0.00          0          0          0
  alns             :       0.00       0.00          0          0          0
  bound            :       0.00       0.00          0          0          0
  clique           :       0.00       0.00          1          0          0
  coefdiving       :       0.00       0.00          0          0          0
  completesol      :       0.00       0.00          0          0          0
  conflictdiving   :       0.00       0.00          0          0          0
  crossover        :       0.00       0.00          0          0          0
  dins             :       0.00       0.00          0          0          0
  distributiondivin:       0.00       0.00          0          0          0
  dps              :       0.00       0.00          0          0          0
  dualval          :       0.00       0.00          0          0          0
  farkasdiving     :       0.00       0.00          0          0          0
  feaspump         :       0.00       0.00          1          1          1
  fixandinfer      :       0.00       0.00          0          0          0
  fracdiving       :       0.00       0.00          0          0          0
  gins             :       0.00       0.00          0          0          0
  guideddiving     :       0.00       0.00          0          0          0
  indicator        :       0.00       0.00          0          0          0
  intdiving        :       0.00       0.00          0          0          0
  intshifting      :       0.00       0.00          0          0          0
  linesearchdiving :       0.00       0.00          0          0          0
  localbranching   :       0.00       0.00          0          0          0
  locks            :       0.00       0.00          1          0          0
  lpface           :       0.00       0.00          0          0          0
  mpec             :       0.00       0.00          0          0          0
  multistart       :       0.00       0.00          0          0          0
  mutation         :       0.00       0.00          0          0          0
  nlpdiving        :       0.00       0.00          0          0          0
  objpscostdiving  :       0.00       0.00          0          0          0
  octane           :       0.00       0.00          0          0          0
  ofins            :       0.00       0.00          0          0          0
  oneopt           :       0.00       0.00          0          0          0
  padm             :       0.00       0.00          0          0          0
  proximity        :       0.00       0.00          0          0          0
  pscostdiving     :       0.00       0.00          0          0          0
  randrounding     :       0.00       0.00          1          0          0
  rens             :       0.00       0.00          0          0          0
  reoptsols        :       0.00       0.00          0          0          0
  repair           :       0.00       0.00          0          0          0
  rins             :       0.00       0.00          0          0          0
  rootsoldiving    :       0.00       0.00          0          0          0
  rounding         :       0.00       0.00          1          0          0
  shiftandpropagate:       0.01       0.00          1          0          0
  shifting         :       0.00       0.00          1          0          0
  simplerounding   :       0.00       0.00          0          0          0
  subnlp           :       0.00       0.00          0          0          0
  trivial          :       0.00       0.00          2          0          0
  trivialnegation  :       0.00       0.00          0          0          0
  trustregion      :       0.00       0.00          0          0          0
  trysol           :       0.00       0.00          0          0          0
  twoopt           :       0.00       0.00          0          0          0
  undercover       :       0.00       0.00          0          0          0
  vbounds          :       0.00       0.00          0          0          0
  veclendiving     :       0.00       0.00          0          0          0
  zeroobj          :       0.00       0.00          0          0          0
  zirounding       :       0.00       0.00          0          0          0
  other solutions  :          -          -          -          0          -
Diving (single)    :      Calls      Nodes   LP Iters Backtracks  Conflicts   MinDepth   MaxDepth   AvgDepth  RoundSols  NLeafSols  MinSolDpt  MaxSolDpt  AvgSolDpt
  actconsdiving    :          0          -          -          -          -          -          -          -          -          -          -          -          -
  coefdiving       :          0          -          -          -          -          -          -          -          -          -          -          -          -
  conflictdiving   :          0          -          -          -          -          -          -          -          -          -          -          -          -
  distributiondivin:          0          -          -          -          -          -          -          -          -          -          -          -          -
  farkasdiving     :          0          -          -          -          -          -          -          -          -          -          -          -          -
  fracdiving       :          0          -          -          -          -          -          -          -          -          -          -          -          -
  guideddiving     :          0          -          -          -          -          -          -          -          -          -          -          -          -
  linesearchdiving :          0          -          -          -          -          -          -          -          -          -          -          -          -
  pscostdiving     :          0          -          -          -          -          -          -          -          -          -          -          -          -
  veclendiving     :          0          -          -          -          -          -          -          -          -          -          -          -          -
Diving (adaptive)  :      Calls      Nodes   LP Iters Backtracks  Conflicts   MinDepth   MaxDepth   AvgDepth  RoundSols  NLeafSols  MinSolDpt  MaxSolDpt  AvgSolDpt
  actconsdiving    :          0          -          -          -          -          -          -          -          -          -          -          -          -
  coefdiving       :          0          -          -          -          -          -          -          -          -          -          -          -          -
  conflictdiving   :          0          -          -          -          -          -          -          -          -          -          -          -          -
  distributiondivin:          0          -          -          -          -          -          -          -          -          -          -          -          -
  farkasdiving     :          0          -          -          -          -          -          -          -          -          -          -          -          -
  fracdiving       :          0          -          -          -          -          -          -          -          -          -          -          -          -
  guideddiving     :          0          -          -          -          -          -          -          -          -          -          -          -          -
  linesearchdiving :          0          -          -          -          -          -          -          -          -          -          -          -          -
  pscostdiving     :          0          -          -          -          -          -          -          -          -          -          -          -          -
  veclendiving     :          0          -          -          -          -          -          -          -          -          -          -          -          -
Neighborhoods      :      Calls  SetupTime  SolveTime SolveNodes       Sols       Best       Exp3  EpsGreedy        UCB TgtFixRate  Opt  Inf Node Stal  Sol  Usr Othr Actv
  rens             :          0       0.00       0.00          0          0          0    0.00000   -1.00000    1.00000      0.900    0    0    0    0    0    0    0    1
  rins             :          0       0.00       0.00          0          0          0    0.00000   -1.00000    1.00000      0.900    0    0    0    0    0    0    0    1
  mutation         :          0       0.00       0.00          0          0          0    0.00000   -1.00000    1.00000      0.900    0    0    0    0    0    0    0    1
  localbranching   :          0       0.00       0.00          0          0          0    0.00000   -1.00000    1.00000      0.900    0    0    0    0    0    0    0    1
  crossover        :          0       0.00       0.00          0          0          0    0.00000   -1.00000    1.00000      0.900    0    0    0    0    0    0    0    1
  proximity        :          0       0.00       0.00          0          0          0    0.00000   -1.00000    1.00000      0.900    0    0    0    0    0    0    0    1
  zeroobjective    :          0       0.00       0.00          0          0          0    0.00000   -1.00000    1.00000      0.900    0    0    0    0    0    0    0    1
  dins             :          0       0.00       0.00          0          0          0    0.00000   -1.00000    1.00000      0.900    0    0    0    0    0    0    0    1
  trustregion      :          0       0.00       0.00          0          0          0    0.00000   -1.00000    1.00000      0.900    0    0    0    0    0    0    0    0
LP                 :       Time      Calls Iterations  Iter/call   Iter/sec  Time-0-It Calls-0-It    ItLimit
  primal LP        :       0.00          0          0       0.00          -       0.00          0
  dual LP          :       0.01          1        461     461.00   35636.98       0.00          0
  lex dual LP      :       0.00          0          0       0.00          -
  barrier LP       :       0.00          0          0       0.00          -       0.00          0
  resolve instable :       0.00          0          0       0.00          -
  diving/probing LP:       0.00          2         62      31.00          -
  strong branching :       0.00          0          0       0.00          -          -          -          0
    (at root node) :          -          0          0       0.00          -
  conflict analysis:       0.00          0          0       0.00          -
B&B Tree           :
  number of runs   :          1
  nodes            :          1 (0 internal, 1 leaves)
  feasible leaves  :          0
  infeas. leaves   :          0
  objective leaves :          1
  nodes (total)    :          1 (0 internal, 1 leaves)
  nodes left       :          0
  max depth        :          0
  max depth (total):          0
  backtracks       :          0 (0.0%)
  early backtracks :          0 (0.0%)
  nodes exc. ref.  :          0 (0.0%)
  delayed cutoffs  :          0
  repropagations   :          0 (0 domain reductions, 0 cutoffs)
  avg switch length:       2.00
  switching time   :       0.00
Estim. Tree Size   :          1
Estimation Tree    : 1 nodes (1 visited, 0 internal, 1 leaves, 0 open), weight: 1.0000 completed 1.0000
Estimations        :      estim      value      trend resolution     smooth
  wbe              :          1          -          -          -          -
  tree-profile     :         -1          -          -          -          -
  gap              :          1    1.00000    1.00000          1          1
  tree-weight      :          1    1.00000    1.00000          1          1
  leaf-frequency   :          1    0.50000    1.00000          1          1
  ssg              :          1    0.00000   -1.00000          1          1
  open-nodes       :          1    0.00000    0.00000          1          1
Root Node          :
  First LP value   : -2.23598277563470e+00
  First LP Iters   :        461 (35366.32 Iter/sec)
  First LP Time    :       0.01
  Final Dual Bound : -2.23598277563470e+00
  Final Root Iters :        519
  Root LP Estimate :                     -
Solution           :
  Solutions found  :          1 (1 improvements)
  First Solution   : -2.23598277563470e+00   (in run 1, after 1 nodes, 1.89 seconds, depth 0, found by <feaspump>)
  Gap First Sol.   :       0.00 %
  Gap Last Sol.    :       0.00 %
  Primal Bound     : -2.23598277563470e+00   (in run 1, after 1 nodes, 1.89 seconds, depth 0, found by <feaspump>)
  Dual Bound       : -2.23598277563470e+00
  Gap              :       0.00 %
Integrals          :      Total       Avg%
  primal-dual      :     189.10      99.98
  primal-ref       :          -          - (not evaluated)
  dual-ref         :          -          - (not evaluated)
