SCIP version 8.0.0 [precision: 8 byte] [memory: block] [mode: optimized] [LP solver: SoPlex 6.0.0] [GitHash: a740f0891e]
Copyright (C) 2002-2021 Konrad-Zuse-Zentrum fuer Informationstechnik Berlin (ZIB)

External libraries: 
  SoPlex 6.0.0         Linear Programming Solver developed at Zuse Institute Berlin (soplex.zib.de) [GitHash: 71a5873d]
  CppAD 20180000.0     Algorithmic Differentiation of C++ algorithms developed by B. Bell (github.com/coin-or/CppAD)
  ZLIB 1.2.11          General purpose compression library by J. Gailly and M. Adler (zlib.net)
  GMP 6.2.1            GNU Multiple Precision Arithmetic Library developed by T. Granlund (gmplib.org)
  ZIMPL 3.5.1          Zuse Institute Mathematical Programming Language developed by T. Koch (zimpl.zib.de)
  AMPL/MP 4e2d45c4     AMPL .nl file reader library (github.com/ampl/mp)
  PaPILO 2.0.0         parallel presolve for integer and linear optimization (github.com/scipopt/papilo) [GitHash: 76cafc1]
  bliss 0.73p          Computing Graph Automorphism Groups by T. Junttila and P. Kaski (www.tcs.hut.fi/Software/bliss/)
  Ipopt 3.13.2         Interior Point Optimizer developed by A. Waechter et.al. (github.com/coin-or/Ipopt)

user parameter file <scip.set> not found - using default parameters

read problem <../modeles/5_404.lp>
============

original problem has 4050 variables (2020 bin, 0 int, 0 impl, 2030 cont) and 2041 constraints

solve problem
=============

presolving:
(round 1, fast)       5 del vars, 0 del conss, 0 add conss, 4300 chg bounds, 0 chg sides, 0 chg coeffs, 0 upgd conss, 0 impls, 5 clqs
(round 2, fast)       5 del vars, 0 del conss, 0 add conss, 4300 chg bounds, 0 chg sides, 2010 chg coeffs, 0 upgd conss, 0 impls, 5 clqs
   (0.0s) running MILP presolver
   (0.1s) MILP presolver (2 rounds): 0 aggregations, 0 fixings, 20 bound changes
(round 3, exhaustive) 5 del vars, 0 del conss, 0 add conss, 4320 chg bounds, 0 chg sides, 2010 chg coeffs, 15 upgd conss, 0 impls, 5 clqs
(round 4, exhaustive) 30 del vars, 0 del conss, 0 add conss, 4320 chg bounds, 0 chg sides, 2010 chg coeffs, 15 upgd conss, 12906 impls, 5 clqs
(round 5, exhaustive) 30 del vars, 0 del conss, 0 add conss, 4320 chg bounds, 0 chg sides, 2010 chg coeffs, 65 upgd conss, 12906 impls, 5 clqs
(round 6, exhaustive) 55 del vars, 0 del conss, 0 add conss, 4320 chg bounds, 0 chg sides, 2010 chg coeffs, 65 upgd conss, 21822 impls, 5 clqs
(round 7, exhaustive) 55 del vars, 0 del conss, 0 add conss, 4320 chg bounds, 0 chg sides, 2010 chg coeffs, 115 upgd conss, 21822 impls, 5 clqs
(round 8, exhaustive) 80 del vars, 0 del conss, 0 add conss, 4320 chg bounds, 0 chg sides, 2010 chg coeffs, 115 upgd conss, 30326 impls, 5 clqs
(round 9, fast)       80 del vars, 3 del conss, 0 add conss, 4320 chg bounds, 0 chg sides, 2010 chg coeffs, 115 upgd conss, 30326 impls, 5 clqs
(round 10, exhaustive) 80 del vars, 3 del conss, 0 add conss, 4320 chg bounds, 0 chg sides, 2010 chg coeffs, 156 upgd conss, 30326 impls, 5 clqs
(round 11, exhaustive) 105 del vars, 3 del conss, 0 add conss, 4320 chg bounds, 0 chg sides, 2010 chg coeffs, 156 upgd conss, 41212 impls, 5 clqs
(round 12, fast)       105 del vars, 5 del conss, 0 add conss, 4320 chg bounds, 0 chg sides, 2010 chg coeffs, 156 upgd conss, 41212 impls, 5 clqs
(round 13, exhaustive) 105 del vars, 5 del conss, 0 add conss, 4320 chg bounds, 0 chg sides, 2010 chg coeffs, 196 upgd conss, 41212 impls, 5 clqs
(round 14, exhaustive) 130 del vars, 5 del conss, 0 add conss, 4320 chg bounds, 0 chg sides, 2010 chg coeffs, 196 upgd conss, 48081 impls, 5 clqs
(round 15, fast)       131 del vars, 9 del conss, 0 add conss, 4321 chg bounds, 0 chg sides, 2010 chg coeffs, 196 upgd conss, 48081 impls, 5 clqs
(round 16, exhaustive) 131 del vars, 9 del conss, 0 add conss, 4321 chg bounds, 0 chg sides, 2010 chg coeffs, 236 upgd conss, 48081 impls, 5 clqs
(round 17, exhaustive) 156 del vars, 9 del conss, 0 add conss, 4321 chg bounds, 0 chg sides, 2010 chg coeffs, 236 upgd conss, 58141 impls, 5 clqs
(round 18, fast)       157 del vars, 15 del conss, 0 add conss, 4322 chg bounds, 0 chg sides, 2010 chg coeffs, 236 upgd conss, 58141 impls, 5 clqs
(round 19, exhaustive) 157 del vars, 15 del conss, 0 add conss, 4322 chg bounds, 0 chg sides, 2010 chg coeffs, 270 upgd conss, 58141 impls, 5 clqs
(round 20, exhaustive) 182 del vars, 15 del conss, 0 add conss, 4322 chg bounds, 0 chg sides, 2010 chg coeffs, 270 upgd conss, 64149 impls, 5 clqs
(round 21, fast)       183 del vars, 21 del conss, 0 add conss, 4323 chg bounds, 0 chg sides, 2010 chg coeffs, 270 upgd conss, 64149 impls, 5 clqs
(round 22, exhaustive) 183 del vars, 21 del conss, 0 add conss, 4323 chg bounds, 0 chg sides, 2010 chg coeffs, 303 upgd conss, 64149 impls, 5 clqs
(round 23, exhaustive) 208 del vars, 21 del conss, 0 add conss, 4323 chg bounds, 0 chg sides, 2010 chg coeffs, 303 upgd conss, 74127 impls, 5 clqs
(round 24, fast)       208 del vars, 26 del conss, 0 add conss, 4323 chg bounds, 0 chg sides, 2010 chg coeffs, 303 upgd conss, 74127 impls, 5 clqs
(round 25, exhaustive) 208 del vars, 26 del conss, 0 add conss, 4323 chg bounds, 0 chg sides, 2010 chg coeffs, 338 upgd conss, 74127 impls, 5 clqs
(round 26, exhaustive) 233 del vars, 26 del conss, 0 add conss, 4323 chg bounds, 0 chg sides, 2010 chg coeffs, 338 upgd conss, 80115 impls, 5 clqs
(round 27, fast)       233 del vars, 32 del conss, 0 add conss, 4323 chg bounds, 0 chg sides, 2010 chg coeffs, 338 upgd conss, 80115 impls, 5 clqs
(round 28, exhaustive) 233 del vars, 32 del conss, 0 add conss, 4323 chg bounds, 0 chg sides, 2010 chg coeffs, 370 upgd conss, 80115 impls, 5 clqs
(round 29, exhaustive) 258 del vars, 32 del conss, 0 add conss, 4323 chg bounds, 0 chg sides, 2010 chg coeffs, 370 upgd conss, 84488 impls, 5 clqs
(round 30, fast)       260 del vars, 44 del conss, 0 add conss, 4325 chg bounds, 0 chg sides, 2010 chg coeffs, 370 upgd conss, 84488 impls, 5 clqs
(round 31, exhaustive) 260 del vars, 44 del conss, 0 add conss, 4325 chg bounds, 0 chg sides, 2010 chg coeffs, 387 upgd conss, 84488 impls, 5 clqs
(round 32, exhaustive) 286 del vars, 44 del conss, 0 add conss, 4325 chg bounds, 0 chg sides, 2010 chg coeffs, 387 upgd conss, 90798 impls, 5 clqs
(round 33, fast)       286 del vars, 54 del conss, 0 add conss, 4325 chg bounds, 0 chg sides, 2010 chg coeffs, 387 upgd conss, 90798 impls, 5 clqs
(round 34, exhaustive) 286 del vars, 54 del conss, 0 add conss, 4325 chg bounds, 0 chg sides, 2010 chg coeffs, 409 upgd conss, 90798 impls, 5 clqs
(round 35, exhaustive) 311 del vars, 54 del conss, 0 add conss, 4325 chg bounds, 0 chg sides, 2010 chg coeffs, 409 upgd conss, 96674 impls, 5 clqs
(round 36, fast)       312 del vars, 65 del conss, 0 add conss, 4326 chg bounds, 0 chg sides, 2010 chg coeffs, 409 upgd conss, 96674 impls, 5 clqs
(round 37, exhaustive) 312 del vars, 65 del conss, 0 add conss, 4326 chg bounds, 0 chg sides, 2010 chg coeffs, 428 upgd conss, 96674 impls, 5 clqs
(round 38, exhaustive) 337 del vars, 65 del conss, 0 add conss, 4326 chg bounds, 0 chg sides, 2010 chg coeffs, 428 upgd conss, 103325 impls, 5 clqs
(round 39, fast)       337 del vars, 74 del conss, 0 add conss, 4326 chg bounds, 0 chg sides, 2010 chg coeffs, 428 upgd conss, 103325 impls, 5 clqs
(round 40, exhaustive) 337 del vars, 74 del conss, 0 add conss, 4326 chg bounds, 0 chg sides, 2010 chg coeffs, 451 upgd conss, 103325 impls, 5 clqs
(round 41, exhaustive) 362 del vars, 74 del conss, 0 add conss, 4326 chg bounds, 0 chg sides, 2010 chg coeffs, 451 upgd conss, 111888 impls, 5 clqs
(round 42, fast)       364 del vars, 83 del conss, 0 add conss, 4328 chg bounds, 0 chg sides, 2010 chg coeffs, 451 upgd conss, 111888 impls, 5 clqs
(round 43, exhaustive) 364 del vars, 83 del conss, 0 add conss, 4328 chg bounds, 0 chg sides, 2010 chg coeffs, 478 upgd conss, 111888 impls, 5 clqs
(round 44, exhaustive) 389 del vars, 83 del conss, 0 add conss, 4328 chg bounds, 0 chg sides, 2010 chg coeffs, 478 upgd conss, 118459 impls, 5 clqs
(round 45, fast)       391 del vars, 94 del conss, 0 add conss, 4330 chg bounds, 0 chg sides, 2010 chg coeffs, 478 upgd conss, 118459 impls, 5 clqs
(round 46, exhaustive) 391 del vars, 94 del conss, 0 add conss, 4330 chg bounds, 0 chg sides, 2010 chg coeffs, 499 upgd conss, 118459 impls, 5 clqs
(round 47, exhaustive) 416 del vars, 94 del conss, 0 add conss, 4330 chg bounds, 0 chg sides, 2010 chg coeffs, 499 upgd conss, 122714 impls, 5 clqs
(round 48, fast)       416 del vars, 104 del conss, 0 add conss, 4330 chg bounds, 0 chg sides, 2010 chg coeffs, 499 upgd conss, 122714 impls, 5 clqs
(round 49, exhaustive) 416 del vars, 104 del conss, 0 add conss, 4330 chg bounds, 0 chg sides, 2010 chg coeffs, 519 upgd conss, 122714 impls, 5 clqs
(round 50, exhaustive) 444 del vars, 104 del conss, 0 add conss, 4330 chg bounds, 0 chg sides, 2010 chg coeffs, 519 upgd conss, 128462 impls, 5 clqs
(round 51, fast)       444 del vars, 118 del conss, 0 add conss, 4330 chg bounds, 0 chg sides, 2010 chg coeffs, 519 upgd conss, 128462 impls, 5 clqs
(round 52, exhaustive) 444 del vars, 118 del conss, 0 add conss, 4330 chg bounds, 0 chg sides, 2010 chg coeffs, 533 upgd conss, 128462 impls, 5 clqs
(round 53, exhaustive) 470 del vars, 118 del conss, 0 add conss, 4330 chg bounds, 0 chg sides, 2010 chg coeffs, 533 upgd conss, 134872 impls, 5 clqs
(round 54, fast)       470 del vars, 126 del conss, 0 add conss, 4330 chg bounds, 0 chg sides, 2010 chg coeffs, 533 upgd conss, 134872 impls, 5 clqs
(round 55, exhaustive) 470 del vars, 126 del conss, 0 add conss, 4330 chg bounds, 0 chg sides, 2010 chg coeffs, 561 upgd conss, 134872 impls, 5 clqs
(round 56, exhaustive) 495 del vars, 126 del conss, 0 add conss, 4330 chg bounds, 0 chg sides, 2010 chg coeffs, 561 upgd conss, 140907 impls, 5 clqs
(round 57, fast)       495 del vars, 134 del conss, 0 add conss, 4330 chg bounds, 0 chg sides, 2010 chg coeffs, 561 upgd conss, 140907 impls, 5 clqs
(round 58, exhaustive) 495 del vars, 134 del conss, 0 add conss, 4330 chg bounds, 0 chg sides, 2010 chg coeffs, 586 upgd conss, 140907 impls, 5 clqs
(round 59, exhaustive) 522 del vars, 134 del conss, 0 add conss, 4330 chg bounds, 0 chg sides, 2010 chg coeffs, 586 upgd conss, 150664 impls, 5 clqs
(round 60, fast)       522 del vars, 146 del conss, 0 add conss, 4330 chg bounds, 0 chg sides, 2010 chg coeffs, 586 upgd conss, 150664 impls, 5 clqs
(round 61, exhaustive) 522 del vars, 146 del conss, 0 add conss, 4330 chg bounds, 0 chg sides, 2010 chg coeffs, 604 upgd conss, 150664 impls, 5 clqs
(round 62, exhaustive) 547 del vars, 146 del conss, 0 add conss, 4330 chg bounds, 0 chg sides, 2010 chg coeffs, 604 upgd conss, 156655 impls, 5 clqs
(round 63, fast)       548 del vars, 156 del conss, 0 add conss, 4331 chg bounds, 0 chg sides, 2010 chg coeffs, 604 upgd conss, 156655 impls, 5 clqs
(round 64, exhaustive) 548 del vars, 156 del conss, 0 add conss, 4331 chg bounds, 0 chg sides, 2010 chg coeffs, 625 upgd conss, 156655 impls, 5 clqs
(round 65, exhaustive) 573 del vars, 156 del conss, 0 add conss, 4331 chg bounds, 0 chg sides, 2010 chg coeffs, 625 upgd conss, 164804 impls, 5 clqs
(round 66, fast)       575 del vars, 168 del conss, 0 add conss, 4333 chg bounds, 0 chg sides, 2010 chg coeffs, 625 upgd conss, 164804 impls, 5 clqs
(round 67, exhaustive) 575 del vars, 168 del conss, 0 add conss, 4333 chg bounds, 0 chg sides, 2010 chg coeffs, 642 upgd conss, 164804 impls, 5 clqs
(round 68, exhaustive) 600 del vars, 168 del conss, 0 add conss, 4333 chg bounds, 0 chg sides, 2010 chg coeffs, 642 upgd conss, 169961 impls, 5 clqs
(round 69, fast)       600 del vars, 176 del conss, 0 add conss, 4333 chg bounds, 0 chg sides, 2010 chg coeffs, 642 upgd conss, 169961 impls, 5 clqs
(round 70, exhaustive) 600 del vars, 176 del conss, 0 add conss, 4333 chg bounds, 0 chg sides, 2010 chg coeffs, 664 upgd conss, 169961 impls, 5 clqs
(round 71, exhaustive) 626 del vars, 176 del conss, 0 add conss, 4333 chg bounds, 0 chg sides, 2010 chg coeffs, 664 upgd conss, 175485 impls, 5 clqs
(round 72, fast)       626 del vars, 188 del conss, 0 add conss, 4333 chg bounds, 0 chg sides, 2010 chg coeffs, 664 upgd conss, 175485 impls, 5 clqs
   (1.6s) running MILP presolver
   (1.7s) MILP presolver (12 rounds): 0 aggregations, 84 fixings, 0 bound changes
(round 73, medium)     710 del vars, 217 del conss, 0 add conss, 4333 chg bounds, 0 chg sides, 2010 chg coeffs, 664 upgd conss, 175485 impls, 5 clqs
(round 74, fast)       710 del vars, 227 del conss, 0 add conss, 4333 chg bounds, 0 chg sides, 2010 chg coeffs, 664 upgd conss, 175485 impls, 5 clqs
(round 75, exhaustive) 710 del vars, 227 del conss, 0 add conss, 4333 chg bounds, 0 chg sides, 2010 chg coeffs, 721 upgd conss, 175485 impls, 5 clqs
(round 76, exhaustive) 735 del vars, 227 del conss, 0 add conss, 4333 chg bounds, 0 chg sides, 2010 chg coeffs, 721 upgd conss, 181585 impls, 5 clqs
(round 77, fast)       737 del vars, 242 del conss, 0 add conss, 4335 chg bounds, 0 chg sides, 2010 chg coeffs, 721 upgd conss, 181585 impls, 5 clqs
(round 78, exhaustive) 737 del vars, 242 del conss, 0 add conss, 4335 chg bounds, 0 chg sides, 2010 chg coeffs, 730 upgd conss, 181585 impls, 5 clqs
(round 79, exhaustive) 762 del vars, 242 del conss, 0 add conss, 4335 chg bounds, 0 chg sides, 2010 chg coeffs, 730 upgd conss, 187978 impls, 5 clqs
(round 80, fast)       762 del vars, 255 del conss, 0 add conss, 4335 chg bounds, 0 chg sides, 2010 chg coeffs, 730 upgd conss, 187978 impls, 5 clqs
(round 81, exhaustive) 762 del vars, 255 del conss, 0 add conss, 4335 chg bounds, 0 chg sides, 2010 chg coeffs, 741 upgd conss, 187978 impls, 5 clqs
(round 82, exhaustive) 787 del vars, 255 del conss, 0 add conss, 4335 chg bounds, 0 chg sides, 2010 chg coeffs, 741 upgd conss, 191839 impls, 5 clqs
(round 83, fast)       787 del vars, 267 del conss, 0 add conss, 4335 chg bounds, 0 chg sides, 2010 chg coeffs, 741 upgd conss, 191839 impls, 5 clqs
(round 84, exhaustive) 787 del vars, 267 del conss, 0 add conss, 4335 chg bounds, 0 chg sides, 2010 chg coeffs, 755 upgd conss, 191839 impls, 5 clqs
(round 85, exhaustive) 813 del vars, 267 del conss, 0 add conss, 4335 chg bounds, 0 chg sides, 2010 chg coeffs, 755 upgd conss, 194992 impls, 5 clqs
(round 86, fast)       813 del vars, 283 del conss, 0 add conss, 4335 chg bounds, 0 chg sides, 2010 chg coeffs, 755 upgd conss, 194992 impls, 5 clqs
(round 87, exhaustive) 813 del vars, 283 del conss, 0 add conss, 4335 chg bounds, 0 chg sides, 2010 chg coeffs, 759 upgd conss, 194992 impls, 5 clqs
   (1.9s) probing: 1000/2020 (49.5%) - 720 fixings, 0 aggregations, 196315 implications, 0 bound changes
(round 88, exhaustive) 838 del vars, 283 del conss, 0 add conss, 4335 chg bounds, 0 chg sides, 2010 chg coeffs, 759 upgd conss, 199849 impls, 5 clqs
(round 89, fast)       840 del vars, 296 del conss, 0 add conss, 4337 chg bounds, 0 chg sides, 2010 chg coeffs, 759 upgd conss, 199849 impls, 5 clqs
(round 90, exhaustive) 840 del vars, 296 del conss, 0 add conss, 4337 chg bounds, 0 chg sides, 2010 chg coeffs, 774 upgd conss, 199849 impls, 5 clqs
(round 91, exhaustive) 868 del vars, 296 del conss, 0 add conss, 4337 chg bounds, 0 chg sides, 2010 chg coeffs, 774 upgd conss, 211208 impls, 5 clqs
(round 92, fast)       868 del vars, 308 del conss, 0 add conss, 4337 chg bounds, 0 chg sides, 2010 chg coeffs, 774 upgd conss, 211208 impls, 5 clqs
(round 93, exhaustive) 868 del vars, 308 del conss, 0 add conss, 4337 chg bounds, 0 chg sides, 2010 chg coeffs, 794 upgd conss, 211208 impls, 5 clqs
(round 94, exhaustive) 893 del vars, 308 del conss, 0 add conss, 4337 chg bounds, 0 chg sides, 2010 chg coeffs, 794 upgd conss, 212911 impls, 5 clqs
(round 95, fast)       893 del vars, 321 del conss, 0 add conss, 4337 chg bounds, 0 chg sides, 2010 chg coeffs, 794 upgd conss, 212911 impls, 5 clqs
(round 96, exhaustive) 893 del vars, 321 del conss, 0 add conss, 4337 chg bounds, 0 chg sides, 2010 chg coeffs, 805 upgd conss, 212911 impls, 5 clqs
(round 97, exhaustive) 918 del vars, 321 del conss, 0 add conss, 4337 chg bounds, 0 chg sides, 2010 chg coeffs, 805 upgd conss, 218662 impls, 5 clqs
(round 98, fast)       920 del vars, 336 del conss, 0 add conss, 4339 chg bounds, 0 chg sides, 2010 chg coeffs, 805 upgd conss, 218662 impls, 5 clqs
(round 99, exhaustive) 920 del vars, 336 del conss, 0 add conss, 4339 chg bounds, 0 chg sides, 2010 chg coeffs, 814 upgd conss, 218662 impls, 5 clqs
(round 100, exhaustive) 945 del vars, 336 del conss, 0 add conss, 4339 chg bounds, 0 chg sides, 2010 chg coeffs, 814 upgd conss, 221983 impls, 5 clqs
(round 101, fast)       952 del vars, 354 del conss, 0 add conss, 4346 chg bounds, 0 chg sides, 2010 chg coeffs, 814 upgd conss, 221983 impls, 5 clqs
(round 102, exhaustive) 952 del vars, 354 del conss, 0 add conss, 4346 chg bounds, 0 chg sides, 2010 chg coeffs, 824 upgd conss, 221983 impls, 5 clqs
(round 103, exhaustive) 978 del vars, 354 del conss, 0 add conss, 4346 chg bounds, 0 chg sides, 2010 chg coeffs, 824 upgd conss, 225930 impls, 5 clqs
(round 104, fast)       978 del vars, 369 del conss, 0 add conss, 4346 chg bounds, 0 chg sides, 2010 chg coeffs, 824 upgd conss, 225930 impls, 5 clqs
(round 105, exhaustive) 978 del vars, 369 del conss, 0 add conss, 4346 chg bounds, 0 chg sides, 2010 chg coeffs, 831 upgd conss, 225930 impls, 5 clqs
(round 106, exhaustive) 1003 del vars, 369 del conss, 0 add conss, 4346 chg bounds, 0 chg sides, 2010 chg coeffs, 831 upgd conss, 228866 impls, 5 clqs
(round 107, fast)       1006 del vars, 384 del conss, 0 add conss, 4349 chg bounds, 0 chg sides, 2010 chg coeffs, 831 upgd conss, 228866 impls, 5 clqs
(round 108, exhaustive) 1006 del vars, 384 del conss, 0 add conss, 4349 chg bounds, 0 chg sides, 2010 chg coeffs, 842 upgd conss, 228866 impls, 5 clqs
(round 109, exhaustive) 1032 del vars, 384 del conss, 0 add conss, 4349 chg bounds, 0 chg sides, 2010 chg coeffs, 842 upgd conss, 239595 impls, 5 clqs
(round 110, fast)       1032 del vars, 395 del conss, 0 add conss, 4349 chg bounds, 0 chg sides, 2010 chg coeffs, 842 upgd conss, 239595 impls, 5 clqs
(round 111, exhaustive) 1032 del vars, 395 del conss, 0 add conss, 4349 chg bounds, 0 chg sides, 2010 chg coeffs, 857 upgd conss, 239595 impls, 5 clqs
(round 112, exhaustive) 1057 del vars, 395 del conss, 0 add conss, 4349 chg bounds, 0 chg sides, 2010 chg coeffs, 857 upgd conss, 241887 impls, 5 clqs
(round 113, fast)       1063 del vars, 413 del conss, 0 add conss, 4355 chg bounds, 0 chg sides, 2010 chg coeffs, 857 upgd conss, 241887 impls, 5 clqs
(round 114, exhaustive) 1063 del vars, 413 del conss, 0 add conss, 4355 chg bounds, 0 chg sides, 2010 chg coeffs, 865 upgd conss, 241887 impls, 5 clqs
(round 115, exhaustive) 1088 del vars, 413 del conss, 0 add conss, 4355 chg bounds, 0 chg sides, 2010 chg coeffs, 865 upgd conss, 248226 impls, 5 clqs
(round 116, fast)       1088 del vars, 427 del conss, 0 add conss, 4355 chg bounds, 0 chg sides, 2010 chg coeffs, 865 upgd conss, 248226 impls, 5 clqs
(round 117, exhaustive) 1088 del vars, 427 del conss, 0 add conss, 4355 chg bounds, 0 chg sides, 2010 chg coeffs, 873 upgd conss, 248226 impls, 5 clqs
(round 118, exhaustive) 1113 del vars, 427 del conss, 0 add conss, 4355 chg bounds, 0 chg sides, 2010 chg coeffs, 873 upgd conss, 251685 impls, 5 clqs
(round 119, fast)       1113 del vars, 442 del conss, 0 add conss, 4355 chg bounds, 0 chg sides, 2010 chg coeffs, 873 upgd conss, 251685 impls, 5 clqs
(round 120, exhaustive) 1113 del vars, 442 del conss, 0 add conss, 4355 chg bounds, 0 chg sides, 2010 chg coeffs, 877 upgd conss, 251685 impls, 5 clqs
(round 121, exhaustive) 1140 del vars, 442 del conss, 0 add conss, 4355 chg bounds, 0 chg sides, 2010 chg coeffs, 877 upgd conss, 253864 impls, 5 clqs
(round 122, fast)       1140 del vars, 459 del conss, 0 add conss, 4355 chg bounds, 0 chg sides, 2010 chg coeffs, 877 upgd conss, 253864 impls, 5 clqs
(round 123, exhaustive) 1140 del vars, 459 del conss, 0 add conss, 4355 chg bounds, 0 chg sides, 2010 chg coeffs, 880 upgd conss, 253864 impls, 5 clqs
(round 124, exhaustive) 1166 del vars, 459 del conss, 0 add conss, 4355 chg bounds, 0 chg sides, 2010 chg coeffs, 880 upgd conss, 256039 impls, 5 clqs
(round 125, fast)       1166 del vars, 473 del conss, 0 add conss, 4355 chg bounds, 0 chg sides, 2010 chg coeffs, 880 upgd conss, 256039 impls, 5 clqs
(round 126, exhaustive) 1166 del vars, 473 del conss, 0 add conss, 4355 chg bounds, 0 chg sides, 2010 chg coeffs, 890 upgd conss, 256039 impls, 5 clqs
(round 127, exhaustive) 1191 del vars, 473 del conss, 0 add conss, 4355 chg bounds, 0 chg sides, 2010 chg coeffs, 890 upgd conss, 259743 impls, 5 clqs
(round 128, fast)       1198 del vars, 491 del conss, 0 add conss, 4362 chg bounds, 0 chg sides, 2010 chg coeffs, 890 upgd conss, 259743 impls, 5 clqs
(round 129, exhaustive) 1198 del vars, 491 del conss, 0 add conss, 4362 chg bounds, 0 chg sides, 2010 chg coeffs, 900 upgd conss, 259743 impls, 5 clqs
(round 130, exhaustive) 1224 del vars, 491 del conss, 0 add conss, 4362 chg bounds, 0 chg sides, 2010 chg coeffs, 900 upgd conss, 267598 impls, 5 clqs
(round 131, fast)       1224 del vars, 504 del conss, 0 add conss, 4362 chg bounds, 0 chg sides, 2010 chg coeffs, 900 upgd conss, 267598 impls, 5 clqs
   (2.4s) running MILP presolver
   (2.5s) MILP presolver (24 rounds): 0 aggregations, 167 fixings, 0 bound changes
(round 132, medium)     1391 del vars, 601 del conss, 0 add conss, 4362 chg bounds, 0 chg sides, 2010 chg coeffs, 900 upgd conss, 267598 impls, 5 clqs
(round 133, fast)       1391 del vars, 608 del conss, 0 add conss, 4362 chg bounds, 0 chg sides, 2010 chg coeffs, 900 upgd conss, 267598 impls, 5 clqs
(round 134, exhaustive) 1391 del vars, 608 del conss, 0 add conss, 4362 chg bounds, 0 chg sides, 2010 chg coeffs, 928 upgd conss, 267598 impls, 5 clqs
(round 135, exhaustive) 1417 del vars, 608 del conss, 0 add conss, 4362 chg bounds, 0 chg sides, 2010 chg coeffs, 928 upgd conss, 271796 impls, 5 clqs
(round 136, fast)       1417 del vars, 624 del conss, 0 add conss, 4362 chg bounds, 0 chg sides, 2010 chg coeffs, 928 upgd conss, 271796 impls, 5 clqs
(round 137, exhaustive) 1417 del vars, 624 del conss, 0 add conss, 4362 chg bounds, 0 chg sides, 2010 chg coeffs, 932 upgd conss, 271796 impls, 5 clqs
(round 138, exhaustive) 1443 del vars, 624 del conss, 0 add conss, 4362 chg bounds, 0 chg sides, 2010 chg coeffs, 932 upgd conss, 275398 impls, 5 clqs
(round 139, fast)       1443 del vars, 641 del conss, 0 add conss, 4362 chg bounds, 0 chg sides, 2010 chg coeffs, 932 upgd conss, 275398 impls, 5 clqs
(round 140, exhaustive) 1476 del vars, 641 del conss, 0 add conss, 4362 chg bounds, 0 chg sides, 2010 chg coeffs, 933 upgd conss, 277600 impls, 5 clqs
(round 141, fast)       1476 del vars, 661 del conss, 0 add conss, 4362 chg bounds, 0 chg sides, 2010 chg coeffs, 933 upgd conss, 277601 impls, 5 clqs
(round 142, exhaustive) 1476 del vars, 661 del conss, 0 add conss, 4362 chg bounds, 0 chg sides, 2010 chg coeffs, 939 upgd conss, 277601 impls, 5 clqs
(round 143, exhaustive) 1501 del vars, 661 del conss, 0 add conss, 4362 chg bounds, 0 chg sides, 2010 chg coeffs, 939 upgd conss, 280827 impls, 5 clqs
(round 144, fast)       1503 del vars, 677 del conss, 0 add conss, 4364 chg bounds, 0 chg sides, 2010 chg coeffs, 939 upgd conss, 280827 impls, 5 clqs
(round 145, exhaustive) 1503 del vars, 677 del conss, 0 add conss, 4364 chg bounds, 0 chg sides, 2010 chg coeffs, 945 upgd conss, 280827 impls, 5 clqs
(round 146, exhaustive) 1528 del vars, 677 del conss, 0 add conss, 4364 chg bounds, 0 chg sides, 2010 chg coeffs, 945 upgd conss, 282958 impls, 5 clqs
(round 147, fast)       1530 del vars, 694 del conss, 0 add conss, 4366 chg bounds, 0 chg sides, 2010 chg coeffs, 945 upgd conss, 282958 impls, 5 clqs
(round 148, exhaustive) 1530 del vars, 694 del conss, 0 add conss, 4366 chg bounds, 0 chg sides, 2010 chg coeffs, 948 upgd conss, 282958 impls, 5 clqs
(round 149, exhaustive) 1556 del vars, 694 del conss, 0 add conss, 4366 chg bounds, 0 chg sides, 2010 chg coeffs, 948 upgd conss, 287191 impls, 5 clqs
(round 150, fast)       1556 del vars, 711 del conss, 0 add conss, 4366 chg bounds, 0 chg sides, 2010 chg coeffs, 948 upgd conss, 287191 impls, 5 clqs
(round 151, exhaustive) 1582 del vars, 711 del conss, 0 add conss, 4366 chg bounds, 0 chg sides, 2010 chg coeffs, 949 upgd conss, 289535 impls, 5 clqs
(round 152, fast)       1582 del vars, 728 del conss, 0 add conss, 4366 chg bounds, 0 chg sides, 2010 chg coeffs, 949 upgd conss, 289536 impls, 5 clqs
(round 153, exhaustive) 1607 del vars, 728 del conss, 0 add conss, 4366 chg bounds, 0 chg sides, 2010 chg coeffs, 950 upgd conss, 292598 impls, 5 clqs
(round 154, fast)       1609 del vars, 744 del conss, 0 add conss, 4368 chg bounds, 0 chg sides, 2010 chg coeffs, 950 upgd conss, 292599 impls, 5 clqs
(round 155, exhaustive) 1609 del vars, 744 del conss, 0 add conss, 4368 chg bounds, 0 chg sides, 2010 chg coeffs, 956 upgd conss, 292599 impls, 5 clqs
(round 156, exhaustive) 1634 del vars, 744 del conss, 0 add conss, 4368 chg bounds, 0 chg sides, 2010 chg coeffs, 956 upgd conss, 300617 impls, 5 clqs
(round 157, fast)       1634 del vars, 758 del conss, 0 add conss, 4368 chg bounds, 0 chg sides, 2010 chg coeffs, 956 upgd conss, 300617 impls, 5 clqs
(round 158, exhaustive) 1634 del vars, 758 del conss, 0 add conss, 4368 chg bounds, 0 chg sides, 2010 chg coeffs, 964 upgd conss, 300617 impls, 5 clqs
(round 159, exhaustive) 1666 del vars, 758 del conss, 0 add conss, 4368 chg bounds, 0 chg sides, 2010 chg coeffs, 964 upgd conss, 301618 impls, 5 clqs
(round 160, fast)       1666 del vars, 778 del conss, 0 add conss, 4368 chg bounds, 0 chg sides, 2010 chg coeffs, 964 upgd conss, 301618 impls, 5 clqs
(round 161, exhaustive) 1666 del vars, 778 del conss, 0 add conss, 4368 chg bounds, 0 chg sides, 2010 chg coeffs, 968 upgd conss, 301618 impls, 5 clqs
(round 162, exhaustive) 1691 del vars, 778 del conss, 0 add conss, 4368 chg bounds, 0 chg sides, 2010 chg coeffs, 968 upgd conss, 304537 impls, 5 clqs
(round 163, fast)       1691 del vars, 794 del conss, 0 add conss, 4368 chg bounds, 0 chg sides, 2010 chg coeffs, 968 upgd conss, 304537 impls, 5 clqs
(round 164, exhaustive) 1691 del vars, 794 del conss, 0 add conss, 4368 chg bounds, 0 chg sides, 2010 chg coeffs, 970 upgd conss, 304537 impls, 5 clqs
(round 165, exhaustive) 1716 del vars, 794 del conss, 0 add conss, 4368 chg bounds, 0 chg sides, 2010 chg coeffs, 970 upgd conss, 305755 impls, 5 clqs
(round 166, fast)       1716 del vars, 810 del conss, 0 add conss, 4368 chg bounds, 0 chg sides, 2010 chg coeffs, 970 upgd conss, 305755 impls, 5 clqs
(round 167, exhaustive) 1716 del vars, 810 del conss, 0 add conss, 4368 chg bounds, 0 chg sides, 2010 chg coeffs, 972 upgd conss, 305755 impls, 5 clqs
(round 168, exhaustive) 1742 del vars, 810 del conss, 0 add conss, 4368 chg bounds, 0 chg sides, 2010 chg coeffs, 972 upgd conss, 308860 impls, 5 clqs
(round 169, fast)       1742 del vars, 827 del conss, 0 add conss, 4368 chg bounds, 0 chg sides, 2010 chg coeffs, 972 upgd conss, 308860 impls, 5 clqs
   (2.9s) running MILP presolver
   (3.0s) MILP presolver (5 rounds): 0 aggregations, 14 fixings, 0 bound changes
(round 170, medium)     1756 del vars, 835 del conss, 0 add conss, 4368 chg bounds, 0 chg sides, 2010 chg coeffs, 972 upgd conss, 308860 impls, 5 clqs
(round 171, fast)       1756 del vars, 836 del conss, 0 add conss, 4368 chg bounds, 0 chg sides, 2010 chg coeffs, 972 upgd conss, 308860 impls, 5 clqs
(round 172, exhaustive) 1756 del vars, 836 del conss, 0 add conss, 4368 chg bounds, 0 chg sides, 2010 chg coeffs, 973 upgd conss, 308860 impls, 5 clqs
(round 173, exhaustive) 1781 del vars, 836 del conss, 0 add conss, 4368 chg bounds, 0 chg sides, 2010 chg coeffs, 973 upgd conss, 313533 impls, 5 clqs
(round 174, fast)       1781 del vars, 852 del conss, 0 add conss, 4368 chg bounds, 0 chg sides, 2010 chg coeffs, 973 upgd conss, 313533 impls, 5 clqs
(round 175, exhaustive) 1781 del vars, 852 del conss, 0 add conss, 4368 chg bounds, 0 chg sides, 2010 chg coeffs, 975 upgd conss, 313533 impls, 5 clqs
(round 176, exhaustive) 1806 del vars, 852 del conss, 0 add conss, 4368 chg bounds, 0 chg sides, 2010 chg coeffs, 975 upgd conss, 317908 impls, 5 clqs
(round 177, fast)       1813 del vars, 873 del conss, 0 add conss, 4375 chg bounds, 0 chg sides, 2010 chg coeffs, 975 upgd conss, 317908 impls, 5 clqs
(round 178, exhaustive) 1813 del vars, 873 del conss, 0 add conss, 4375 chg bounds, 0 chg sides, 2010 chg coeffs, 976 upgd conss, 317908 impls, 5 clqs
(round 179, exhaustive) 1838 del vars, 873 del conss, 0 add conss, 4375 chg bounds, 0 chg sides, 2010 chg coeffs, 976 upgd conss, 322205 impls, 5 clqs
(round 180, fast)       1840 del vars, 891 del conss, 0 add conss, 4377 chg bounds, 0 chg sides, 2010 chg coeffs, 976 upgd conss, 322205 impls, 5 clqs
(round 181, exhaustive) 1865 del vars, 891 del conss, 0 add conss, 4377 chg bounds, 0 chg sides, 2010 chg coeffs, 976 upgd conss, 326864 impls, 5 clqs
(round 182, fast)       1867 del vars, 909 del conss, 0 add conss, 4379 chg bounds, 0 chg sides, 2010 chg coeffs, 976 upgd conss, 326864 impls, 5 clqs
(round 183, exhaustive) 1892 del vars, 909 del conss, 0 add conss, 4379 chg bounds, 0 chg sides, 2010 chg coeffs, 976 upgd conss, 329284 impls, 5 clqs
(round 184, fast)       1899 del vars, 930 del conss, 0 add conss, 4386 chg bounds, 0 chg sides, 2010 chg coeffs, 976 upgd conss, 329284 impls, 5 clqs
(round 185, exhaustive) 1899 del vars, 930 del conss, 0 add conss, 4386 chg bounds, 0 chg sides, 2010 chg coeffs, 977 upgd conss, 329284 impls, 5 clqs
(round 186, exhaustive) 1925 del vars, 930 del conss, 0 add conss, 4386 chg bounds, 0 chg sides, 2010 chg coeffs, 977 upgd conss, 333125 impls, 5 clqs
(round 187, fast)       1925 del vars, 946 del conss, 0 add conss, 4386 chg bounds, 0 chg sides, 2010 chg coeffs, 977 upgd conss, 333125 impls, 5 clqs
(round 188, exhaustive) 1952 del vars, 946 del conss, 0 add conss, 4386 chg bounds, 0 chg sides, 2010 chg coeffs, 977 upgd conss, 337994 impls, 5 clqs
(round 189, fast)       1952 del vars, 964 del conss, 0 add conss, 4386 chg bounds, 0 chg sides, 2010 chg coeffs, 977 upgd conss, 337994 impls, 5 clqs
(round 190, exhaustive) 1979 del vars, 964 del conss, 0 add conss, 4386 chg bounds, 0 chg sides, 2010 chg coeffs, 977 upgd conss, 339865 impls, 5 clqs
(round 191, fast)       1979 del vars, 982 del conss, 0 add conss, 4386 chg bounds, 0 chg sides, 2010 chg coeffs, 977 upgd conss, 339865 impls, 5 clqs
   (3.2s) probing: 2000/2020 (99.0%) - 1649 fixings, 0 aggregations, 339715 implications, 0 bound changes
   (3.2s) probing cycle finished: starting next cycle
   (3.2s) probing: 51/1030 (5.0%) - 1649 fixings, 0 aggregations, 339715 implications, 0 bound changes
   (3.2s) probing aborted: 50/50 successive totally useless probings
(round 192, exhaustive) 1985 del vars, 982 del conss, 0 add conss, 4386 chg bounds, 0 chg sides, 2010 chg coeffs, 977 upgd conss, 340687 impls, 5 clqs
(round 193, fast)       1985 del vars, 986 del conss, 0 add conss, 4386 chg bounds, 0 chg sides, 2010 chg coeffs, 977 upgd conss, 340687 impls, 5 clqs
   (3.3s) probing: 56/1030 (5.4%) - 1649 fixings, 0 aggregations, 339715 implications, 0 bound changes
   (3.3s) probing aborted: 50/50 successive totally useless probings
   (3.3s) symmetry computation started: requiring (bin +, int -, cont +), (fixed: bin -, int +, cont -)
   (3.3s) symmetry computation finished: 4 generators found (max: 1500, log10 of symmetry group size: 2.1)
(round 194, exhaustive) 1985 del vars, 986 del conss, 1 add conss, 4386 chg bounds, 0 chg sides, 2010 chg coeffs, 977 upgd conss, 340687 impls, 5 clqs
presolving (195 rounds: 195 fast, 127 medium, 124 exhaustive):
 1985 deleted vars, 986 deleted constraints, 1 added constraints, 4386 tightened bounds, 0 added holes, 0 changed sides, 2010 changed coefficients
 340687 implications, 5 cliques
presolved problem has 2065 variables (1030 bin, 0 int, 0 impl, 1035 cont) and 1052 constraints
     10 constraints of type <varbound>
      5 constraints of type <setppc>
   1036 constraints of type <linear>
      1 constraints of type <orbitope>
Presolving Time: 3.26

 time | node  | left  |LP iter|LP it/n|mem/heur|mdpt |vars |cons |rows |cuts |sepa|confs|strbr|  dualbound   | primalbound  |  gap   | compl. 
  3.3s|     1 |     0 |   545 |     - |    99M |   0 |2065 |1054 |1051 |   0 |  0 |   1 |   0 |-2.235992e+00 |      --      |    Inf | unknown
o 3.3s|     1 |     0 |   603 |     - |feaspump|   0 |2065 |1054 |1051 |   0 |  0 |   1 |   0 |-2.235992e+00 |-2.235992e+00 |   0.00%| unknown
  3.3s|     1 |     0 |   603 |     - |    99M |   0 |2065 |1054 |1051 |   0 |  0 |   1 |   0 |-2.235992e+00 |-2.235992e+00 |   0.00%| unknown

SCIP Status        : problem is solved [optimal solution found]
Solving Time (sec) : 3.33
Solving Nodes      : 1
Primal Bound       : -2.23599173104124e+00 (1 solutions)
Dual Bound         : -2.23599173104124e+00
Gap                : 0.00 %

primal solution (original space):
=================================

objective value:                    -2.23599173104124
y_1,157_                                            1 	(obj:0)
y_2,157_                                            1 	(obj:0)
y_5,157_                                            1 	(obj:0)
y_3,158_                                            1 	(obj:0)
y_4,158_                                            1 	(obj:0)
x_1_                               -0.453813513219454 	(obj:1)
x_2_                               -0.445544554455445 	(obj:1)
x_3_                               -0.445544554455445 	(obj:1)
t_1,157_                            0.835164835164863 	(obj:0)
t_1,158_                            0.164835164835137 	(obj:0)
t_4,158_                                            1 	(obj:0)
t_3,158_                                            1 	(obj:0)
x_4_                               -0.445544554455445 	(obj:1)
x_5_                               -0.445544554455445 	(obj:1)
t_5,158_                                            1 	(obj:0)
t_2,158_                                            1 	(obj:0)

Statistics
==========

SCIP Status        : problem is solved [optimal solution found]
Total Time         :       3.34
  solving          :       3.33
  presolving       :       3.26 (included in solving)
  reading          :       0.01
  copying          :       0.00 (0 times copied the problem)
Original Problem   :
  Problem name     : ../modeles/5_404.lp
  Variables        : 4050 (2020 binary, 0 integer, 0 implicit integer, 2030 continuous)
  Constraints      : 2041 initial, 2041 maximal
  Objective        : minimize, 5 non-zeros (abs.min = 1, abs.max = 1)
Presolved Problem  :
  Problem name     : t_../modeles/5_404.lp
  Variables        : 2065 (1030 binary, 0 integer, 0 implicit integer, 1035 continuous)
  Constraints      : 1052 initial, 1054 maximal
  Objective        : minimize, 1030 non-zeros (abs.min = 0.00990099, abs.max = 1.0198)
  Nonzeros         : 8250 constraint, 1030 clique table
Presolvers         :   ExecTime  SetupTime  Calls  FixedVars   AggrVars   ChgTypes  ChgBounds   AddHoles    DelCons    AddCons   ChgSides   ChgCoefs
  boundshift       :       0.00       0.00      0          0          0          0          0          0          0          0          0          0
  convertinttobin  :       0.00       0.00      0          0          0          0          0          0          0          0          0          0
  domcol           :       0.54       0.00     67          0          0          0          0          0          0          0          0          0
  dualagg          :       0.00       0.00      0          0          0          0          0          0          0          0          0          0
  dualcomp         :       0.09       0.00     67          0          0          0          0          0          0          0          0          0
  dualinfer        :       0.00       0.00      0          0          0          0          0          0          0          0          0          0
  dualsparsify     :       0.00       0.00      1          0          0          0          0          0          0          0          0          0
  gateextraction   :       0.00       0.00      0          0          0          0          0          0          0          0          0          0
  implics          :       0.00       0.00    127          0          0          0          0          0          0          0          0          0
  inttobinary      :       0.00       0.00      0          0          0          0          0          0          0          0          0          0
  milp             :       0.28       0.00      4        265          0          0         20          0          0          0          0          0
  qpkktref         :       0.00       0.00      0          0          0          0          0          0          0          0          0          0
  redvub           :       0.00       0.00      0          0          0          0          0          0          0          0          0          0
  sparsify         :       0.05       0.00      8          0          0          0          0          0          0          0          0          0
  stuffing         :       0.00       0.00      0          0          0          0          0          0          0          0          0          0
  trivial          :       0.01       0.00    195          0          0          0          0          0          0          0          0          0
  tworowbnd        :       0.00       0.00      0          0          0          0          0          0          0          0          0          0
  dualfix          :       0.01       0.00    195          0          0          0          0          0          0          0          0          0
  genvbounds       :       0.00       0.00      0          0          0          0          0          0          0          0          0          0
  probing          :       1.85       0.00     66       1649          0          0          0          0          0          0          0          0
  pseudoobj        :       0.00       0.00      0          0          0          0          0          0          0          0          0          0
  symmetry         :       0.01       0.00      1          0          0          0          0          0          0          1          0          0
  vbounds          :       0.00       0.00      1          0          0          0          0          0          0          0          0          0
  varbound         :       0.02       0.00    318          0          0          0         62          0        962          0          0          0
  setppc           :       0.02       0.00    441          0          0          0          0          0          0          0          0          0
  linear           :       0.34       0.00    319         66          5          0       4304          0         24          0          0       2010
  orbitope         :       0.00       0.00      1          0          0          0          0          0          0          0          0          0
  logicor          :       0.00       0.00      0          0          0          0          0          0          0          0          0          0
  benders          :       0.00       0.00      0          0          0          0          0          0          0          0          0          0
  components       :       0.00       0.00      1          0          0          0          0          0          0          0          0          0
  root node        :          -          -      -          0          -          -          0          -          -          -          -          -
Constraints        :     Number  MaxNumber  #Separate #Propagate    #EnfoLP    #EnfoRelax  #EnfoPS    #Check   #ResProp    Cutoffs    DomReds       Cuts    Applied      Conss   Children
  benderslp        :          0          0          0          0          0          0          0         12          0          0          0          0          0          0          0
  integral         :          0          0          0          0          0          0          0         12          0          0          0          0          0          0          0
  varbound         :         10         10          0       5736          0          0          0          6          9          0          0          0          0          0          0
  setppc           :          5          5          0       5735          0          0          0          6        615          0          0          0          0          0          0
  linear           :       1036       1036          0       5737          0          0          0          1       1852        894          0          0          0          0          0
  orbitope         :          1          1          0         99          0          0          0          1          0          0          0          0          0          0          0
  logicor          :          0+         2          0          8          0          0          0          0          0          0          0          0          0          0          0
  benders          :          0          0          0          0          0          0          0          2          0          0          0          0          0          0          0
  countsols        :          0          0          0          0          0          0          0          2          0          0          0          0          0          0          0
  components       :          0          0          0          0          0          0          0          0          0          0          0          0          0          0          0
Constraint Timings :  TotalTime  SetupTime   Separate  Propagate     EnfoLP     EnfoPS     EnfoRelax   Check    ResProp    SB-Prop
  benderslp        :       0.00       0.00       0.00       0.00       0.00       0.00       0.00       0.00       0.00       0.00
  integral         :       0.00       0.00       0.00       0.00       0.00       0.00       0.00       0.00       0.00       0.00
  varbound         :       0.09       0.00       0.00       0.09       0.00       0.00       0.00       0.00       0.00       0.00
  setppc           :       0.00       0.00       0.00       0.00       0.00       0.00       0.00       0.00       0.00       0.00
  linear           :       0.59       0.00       0.00       0.59       0.00       0.00       0.00       0.00       0.00       0.00
  orbitope         :       0.00       0.00       0.00       0.00       0.00       0.00       0.00       0.00       0.00       0.00
  logicor          :       0.00       0.00       0.00       0.00       0.00       0.00       0.00       0.00       0.00       0.00
  benders          :       0.00       0.00       0.00       0.00       0.00       0.00       0.00       0.00       0.00       0.00
  countsols        :       0.00       0.00       0.00       0.00       0.00       0.00       0.00       0.00       0.00       0.00
  components       :       0.00       0.00       0.00       0.00       0.00       0.00       0.00       0.00       0.00       0.00
Propagators        : #Propagate   #ResProp    Cutoffs    DomReds
  dualfix          :          1          0          0          0
  genvbounds       :          0          0          0          0
  nlobbt           :          0          0          0          0
  obbt             :          0          0          0          0
  probing          :          0          0          0          0
  pseudoobj        :          2          0          0          0
  redcost          :          1          0          0          0
  rootredcost      :          0          0          0          0
  symmetry         :          0          0          0          0
  vbounds          :         56          0          0          0
Propagator Timings :  TotalTime  SetupTime   Presolve  Propagate    ResProp    SB-Prop
  dualfix          :       0.01       0.00       0.01       0.00       0.00       0.00
  genvbounds       :       0.00       0.00       0.00       0.00       0.00       0.00
  nlobbt           :       0.00       0.00       0.00       0.00       0.00       0.00
  obbt             :       0.00       0.00       0.00       0.00       0.00       0.00
  probing          :       1.85       0.00       1.85       0.00       0.00       0.00
  pseudoobj        :       0.00       0.00       0.00       0.00       0.00       0.00
  redcost          :       0.00       0.00       0.00       0.00       0.00       0.00
  rootredcost      :       0.00       0.00       0.00       0.00       0.00       0.00
  symmetry         :       0.01       0.00       0.01       0.00       0.00       0.00
  vbounds          :       0.02       0.00       0.00       0.02       0.00       0.00
Orbital fixing     :
  vars fixed to 0  :          0
  vars fixed to 1  :          0
Conflict Analysis  :       Time      Calls    Success    DomReds  Conflicts   Literals    Reconvs ReconvLits   Dualrays   Nonzeros   LP Iters   (pool size: [10000,10000])
  propagation      :       0.00          1          1          -          3      209.0          0        0.0          -          -          -
  infeasible LP    :       0.00          1          0          -          0        0.0          0        0.0          0        0.0          0
  bound exceed. LP :       0.00          0          0          -          0        0.0          0        0.0          0        0.0          0
  strong branching :       0.00          0          0          -          0        0.0          0        0.0          -          -          0
  pseudo solution  :       0.00          0          0          -          0        0.0          0        0.0          -          -          -
  applied globally :       0.00          -          -          0          1        3.0          -          -          0          -          -
  applied locally  :          -          -          -          0          0        0.0          -          -          0          -          -
Separators         :   ExecTime  SetupTime      Calls    Cutoffs    DomReds       Cuts    Applied      Conss
  cut pool         :       0.00                     0          -          -          0          -          -    (maximal pool size: 0)
  aggregation      :       0.00       0.00          0          0          0          0          0          0
  > cmir           :          -          -          -          -          -          -          0          -
  > flowcover      :          -          -          -          -          -          -          0          -
  > knapsackcover  :          -          -          -          -          -          -          0          -
  cgmip            :       0.00       0.00          0          0          0          0          0          0
  clique           :       0.00       0.00          0          0          0          0          0          0
  closecuts        :       0.00       0.00          0          0          0          0          0          0
  convexproj       :       0.00       0.00          0          0          0          0          0          0
  disjunctive      :       0.00       0.00          0          0          0          0          0          0
  eccuts           :       0.00       0.00          0          0          0          0          0          0
  gauge            :       0.00       0.00          0          0          0          0          0          0
  gomory           :       0.00       0.00          0          0          0          0          0          0
  > gomorymi       :          -          -          -          -          -          -          0          -
  > strongcg       :          -          -          -          -          -          -          0          -
  impliedbounds    :       0.00       0.00          0          0          0          0          0          0
  interminor       :       0.00       0.00          0          0          0          0          0          0
  intobj           :       0.00       0.00          0          0          0          0          0          0
  mcf              :       0.00       0.00          0          0          0          0          0          0
  minor            :       0.00       0.00          0          0          0          0          0          0
  mixing           :       0.00       0.00          0          0          0          0          0          0
  oddcycle         :       0.00       0.00          0          0          0          0          0          0
  rapidlearning    :       0.00       0.00          0          0          0          0          0          0
  rlt              :       0.00       0.00          0          0          0          0          0          0
  zerohalf         :       0.00       0.00          0          0          0          0          0          0
Cutselectors       :   ExecTime  SetupTime
  hybrid           :       0.00       0.00
Pricers            :   ExecTime  SetupTime      Calls       Vars
  problem variables:       0.00          -          0          0
Branching Rules    :   ExecTime  SetupTime   BranchLP  BranchExt   BranchPS    Cutoffs    DomReds       Cuts      Conss   Children
  allfullstrong    :       0.00       0.00          0          0          0          0          0          0          0          0
  cloud            :       0.00       0.00          0          0          0          0          0          0          0          0
  distribution     :       0.00       0.00          0          0          0          0          0          0          0          0
  fullstrong       :       0.00       0.00          0          0          0          0          0          0          0          0
  inference        :       0.00       0.00          0          0          0          0          0          0          0          0
  leastinf         :       0.00       0.00          0          0          0          0          0          0          0          0
  lookahead        :       0.00       0.00          0          0          0          0          0          0          0          0
  mostinf          :       0.00       0.00          0          0          0          0          0          0          0          0
  multaggr         :       0.00       0.00          0          0          0          0          0          0          0          0
  nodereopt        :       0.00       0.00          0          0          0          0          0          0          0          0
  pscost           :       0.00       0.00          0          0          0          0          0          0          0          0
  random           :       0.00       0.00          0          0          0          0          0          0          0          0
  relpscost        :       0.00       0.00          0          0          0          0          0          0          0          0
  vanillafullstrong:       0.00       0.00          0          0          0          0          0          0          0          0
Primal Heuristics  :   ExecTime  SetupTime      Calls      Found       Best
  LP solutions     :       0.00          -          -          0          0
  relax solutions  :       0.00          -          -          0          0
  pseudo solutions :       0.00          -          -          0          0
  strong branching :       0.00          -          -          0          0
  actconsdiving    :       0.00       0.00          0          0          0
  adaptivediving   :       0.00       0.00          0          0          0
  alns             :       0.00       0.00          0          0          0
  bound            :       0.00       0.00          0          0          0
  clique           :       0.00       0.00          1          0          0
  coefdiving       :       0.00       0.00          0          0          0
  completesol      :       0.00       0.00          0          0          0
  conflictdiving   :       0.00       0.00          0          0          0
  crossover        :       0.00       0.00          0          0          0
  dins             :       0.00       0.00          0          0          0
  distributiondivin:       0.00       0.00          0          0          0
  dps              :       0.00       0.00          0          0          0
  dualval          :       0.00       0.00          0          0          0
  farkasdiving     :       0.00       0.00          0          0          0
  feaspump         :       0.00       0.00          1          1          1
  fixandinfer      :       0.00       0.00          0          0          0
  fracdiving       :       0.00       0.00          0          0          0
  gins             :       0.00       0.00          0          0          0
  guideddiving     :       0.00       0.00          0          0          0
  indicator        :       0.00       0.00          0          0          0
  intdiving        :       0.00       0.00          0          0          0
  intshifting      :       0.00       0.00          0          0          0
  linesearchdiving :       0.00       0.00          0          0          0
  localbranching   :       0.00       0.00          0          0          0
  locks            :       0.00       0.00          1          0          0
  lpface           :       0.00       0.00          0          0          0
  mpec             :       0.00       0.00          0          0          0
  multistart       :       0.00       0.00          0          0          0
  mutation         :       0.00       0.00          0          0          0
  nlpdiving        :       0.00       0.00          0          0          0
  objpscostdiving  :       0.00       0.00          0          0          0
  octane           :       0.00       0.00          0          0          0
  ofins            :       0.00       0.00          0          0          0
  oneopt           :       0.00       0.00          0          0          0
  padm             :       0.00       0.00          0          0          0
  proximity        :       0.00       0.00          0          0          0
  pscostdiving     :       0.00       0.00          0          0          0
  randrounding     :       0.00       0.00          1          0          0
  rens             :       0.00       0.00          0          0          0
  reoptsols        :       0.00       0.00          0          0          0
  repair           :       0.00       0.00          0          0          0
  rins             :       0.00       0.00          0          0          0
  rootsoldiving    :       0.00       0.00          0          0          0
  rounding         :       0.00       0.00          1          0          0
  shiftandpropagate:       0.01       0.00          1          0          0
  shifting         :       0.00       0.00          1          0          0
  simplerounding   :       0.00       0.00          0          0          0
  subnlp           :       0.00       0.00          0          0          0
  trivial          :       0.00       0.00          2          0          0
  trivialnegation  :       0.00       0.00          0          0          0
  trustregion      :       0.00       0.00          0          0          0
  trysol           :       0.00       0.00          0          0          0
  twoopt           :       0.00       0.00          0          0          0
  undercover       :       0.00       0.00          0          0          0
  vbounds          :       0.00       0.00          0          0          0
  veclendiving     :       0.00       0.00          0          0          0
  zeroobj          :       0.00       0.00          0          0          0
  zirounding       :       0.00       0.00          0          0          0
  other solutions  :          -          -          -          0          -
Diving (single)    :      Calls      Nodes   LP Iters Backtracks  Conflicts   MinDepth   MaxDepth   AvgDepth  RoundSols  NLeafSols  MinSolDpt  MaxSolDpt  AvgSolDpt
  actconsdiving    :          0          -          -          -          -          -          -          -          -          -          -          -          -
  coefdiving       :          0          -          -          -          -          -          -          -          -          -          -          -          -
  conflictdiving   :          0          -          -          -          -          -          -          -          -          -          -          -          -
  distributiondivin:          0          -          -          -          -          -          -          -          -          -          -          -          -
  farkasdiving     :          0          -          -          -          -          -          -          -          -          -          -          -          -
  fracdiving       :          0          -          -          -          -          -          -          -          -          -          -          -          -
  guideddiving     :          0          -          -          -          -          -          -          -          -          -          -          -          -
  linesearchdiving :          0          -          -          -          -          -          -          -          -          -          -          -          -
  pscostdiving     :          0          -          -          -          -          -          -          -          -          -          -          -          -
  veclendiving     :          0          -          -          -          -          -          -          -          -          -          -          -          -
Diving (adaptive)  :      Calls      Nodes   LP Iters Backtracks  Conflicts   MinDepth   MaxDepth   AvgDepth  RoundSols  NLeafSols  MinSolDpt  MaxSolDpt  AvgSolDpt
  actconsdiving    :          0          -          -          -          -          -          -          -          -          -          -          -          -
  coefdiving       :          0          -          -          -          -          -          -          -          -          -          -          -          -
  conflictdiving   :          0          -          -          -          -          -          -          -          -          -          -          -          -
  distributiondivin:          0          -          -          -          -          -          -          -          -          -          -          -          -
  farkasdiving     :          0          -          -          -          -          -          -          -          -          -          -          -          -
  fracdiving       :          0          -          -          -          -          -          -          -          -          -          -          -          -
  guideddiving     :          0          -          -          -          -          -          -          -          -          -          -          -          -
  linesearchdiving :          0          -          -          -          -          -          -          -          -          -          -          -          -
  pscostdiving     :          0          -          -          -          -          -          -          -          -          -          -          -          -
  veclendiving     :          0          -          -          -          -          -          -          -          -          -          -          -          -
Neighborhoods      :      Calls  SetupTime  SolveTime SolveNodes       Sols       Best       Exp3  EpsGreedy        UCB TgtFixRate  Opt  Inf Node Stal  Sol  Usr Othr Actv
  rens             :          0       0.00       0.00          0          0          0    0.00000   -1.00000    1.00000      0.900    0    0    0    0    0    0    0    1
  rins             :          0       0.00       0.00          0          0          0    0.00000   -1.00000    1.00000      0.900    0    0    0    0    0    0    0    1
  mutation         :          0       0.00       0.00          0          0          0    0.00000   -1.00000    1.00000      0.900    0    0    0    0    0    0    0    1
  localbranching   :          0       0.00       0.00          0          0          0    0.00000   -1.00000    1.00000      0.900    0    0    0    0    0    0    0    1
  crossover        :          0       0.00       0.00          0          0          0    0.00000   -1.00000    1.00000      0.900    0    0    0    0    0    0    0    1
  proximity        :          0       0.00       0.00          0          0          0    0.00000   -1.00000    1.00000      0.900    0    0    0    0    0    0    0    1
  zeroobjective    :          0       0.00       0.00          0          0          0    0.00000   -1.00000    1.00000      0.900    0    0    0    0    0    0    0    1
  dins             :          0       0.00       0.00          0          0          0    0.00000   -1.00000    1.00000      0.900    0    0    0    0    0    0    0    1
  trustregion      :          0       0.00       0.00          0          0          0    0.00000   -1.00000    1.00000      0.900    0    0    0    0    0    0    0    0
LP                 :       Time      Calls Iterations  Iter/call   Iter/sec  Time-0-It Calls-0-It    ItLimit
  primal LP        :       0.00          0          0       0.00          -       0.00          0
  dual LP          :       0.02          1        542     542.00   32309.99       0.00          0
  lex dual LP      :       0.00          0          0       0.00          -
  barrier LP       :       0.00          0          0       0.00          -       0.00          0
  resolve instable :       0.00          0          0       0.00          -
  diving/probing LP:       0.00          2         61      30.50          -
  strong branching :       0.00          0          0       0.00          -          -          -          0
    (at root node) :          -          0          0       0.00          -
  conflict analysis:       0.00          0          0       0.00          -
B&B Tree           :
  number of runs   :          1
  nodes            :          1 (0 internal, 1 leaves)
  feasible leaves  :          0
  infeas. leaves   :          0
  objective leaves :          1
  nodes (total)    :          1 (0 internal, 1 leaves)
  nodes left       :          0
  max depth        :          0
  max depth (total):          0
  backtracks       :          0 (0.0%)
  early backtracks :          0 (0.0%)
  nodes exc. ref.  :          0 (0.0%)
  delayed cutoffs  :          0
  repropagations   :          0 (0 domain reductions, 0 cutoffs)
  avg switch length:       2.00
  switching time   :       0.00
Estim. Tree Size   :          1
Estimation Tree    : 1 nodes (1 visited, 0 internal, 1 leaves, 0 open), weight: 1.0000 completed 1.0000
Estimations        :      estim      value      trend resolution     smooth
  wbe              :          1          -          -          -          -
  tree-profile     :         -1          -          -          -          -
  gap              :          1    1.00000    1.00000          1          1
  tree-weight      :          1    1.00000    1.00000          1          1
  leaf-frequency   :          1    0.50000    1.00000          1          1
  ssg              :          1    0.00000   -1.00000          1          1
  open-nodes       :          1    0.00000    0.00000          1          1
Root Node          :
  First LP value   : -2.23599173104124e+00
  First LP Iters   :        542 (31942.48 Iter/sec)
  First LP Time    :       0.02
  Final Dual Bound : -2.23599173104124e+00
  Final Root Iters :        600
  Root LP Estimate :                     -
Solution           :
  Solutions found  :          1 (1 improvements)
  First Solution   : -2.23599173104124e+00   (in run 1, after 1 nodes, 3.33 seconds, depth 0, found by <feaspump>)
  Gap First Sol.   :       0.00 %
  Gap Last Sol.    :       0.00 %
  Primal Bound     : -2.23599173104124e+00   (in run 1, after 1 nodes, 3.33 seconds, depth 0, found by <feaspump>)
  Dual Bound       : -2.23599173104124e+00
  Gap              :       0.00 %
Integrals          :      Total       Avg%
  primal-dual      :     332.96      99.99
  primal-ref       :          -          - (not evaluated)
  dual-ref         :          -          - (not evaluated)
