SCIP version 8.0.0 [precision: 8 byte] [memory: block] [mode: optimized] [LP solver: SoPlex 6.0.0] [GitHash: a740f0891e]
Copyright (C) 2002-2021 Konrad-Zuse-Zentrum fuer Informationstechnik Berlin (ZIB)

External libraries: 
  SoPlex 6.0.0         Linear Programming Solver developed at Zuse Institute Berlin (soplex.zib.de) [GitHash: 71a5873d]
  CppAD 20180000.0     Algorithmic Differentiation of C++ algorithms developed by B. Bell (github.com/coin-or/CppAD)
  ZLIB 1.2.11          General purpose compression library by J. Gailly and M. Adler (zlib.net)
  GMP 6.2.1            GNU Multiple Precision Arithmetic Library developed by T. Granlund (gmplib.org)
  ZIMPL 3.5.1          Zuse Institute Mathematical Programming Language developed by T. Koch (zimpl.zib.de)
  AMPL/MP 4e2d45c4     AMPL .nl file reader library (github.com/ampl/mp)
  PaPILO 2.0.0         parallel presolve for integer and linear optimization (github.com/scipopt/papilo) [GitHash: 76cafc1]
  bliss 0.73p          Computing Graph Automorphism Groups by T. Junttila and P. Kaski (www.tcs.hut.fi/Software/bliss/)
  Ipopt 3.13.2         Interior Point Optimizer developed by A. Waechter et.al. (github.com/coin-or/Ipopt)

user parameter file <scip.set> not found - using default parameters

read problem <../modeles/5_419.lp>
============

original problem has 4200 variables (2095 bin, 0 int, 0 impl, 2105 cont) and 2116 constraints

solve problem
=============

presolving:
(round 1, fast)       5 del vars, 0 del conss, 0 add conss, 4460 chg bounds, 0 chg sides, 0 chg coeffs, 0 upgd conss, 0 impls, 5 clqs
(round 2, fast)       5 del vars, 0 del conss, 0 add conss, 4460 chg bounds, 0 chg sides, 2090 chg coeffs, 0 upgd conss, 0 impls, 5 clqs
   (0.0s) running MILP presolver
   (0.1s) MILP presolver (2 rounds): 0 aggregations, 0 fixings, 30 bound changes
(round 3, exhaustive) 5 del vars, 0 del conss, 0 add conss, 4490 chg bounds, 0 chg sides, 2090 chg coeffs, 15 upgd conss, 0 impls, 5 clqs
   (0.1s) sparsify finished: 2/14685 (0.0%) nonzeros canceled - in total 2 canceled nonzeros, 420 changed coefficients, 0 added nonzeros
(round 4, exhaustive) 5 del vars, 0 del conss, 0 add conss, 4490 chg bounds, 0 chg sides, 2510 chg coeffs, 15 upgd conss, 10 impls, 5 clqs
(round 5, exhaustive) 30 del vars, 0 del conss, 0 add conss, 4490 chg bounds, 0 chg sides, 2510 chg coeffs, 15 upgd conss, 13804 impls, 5 clqs
(round 6, exhaustive) 30 del vars, 0 del conss, 0 add conss, 4490 chg bounds, 0 chg sides, 2510 chg coeffs, 65 upgd conss, 13804 impls, 5 clqs
(round 7, exhaustive) 55 del vars, 0 del conss, 0 add conss, 4490 chg bounds, 0 chg sides, 2510 chg coeffs, 65 upgd conss, 24304 impls, 5 clqs
(round 8, exhaustive) 55 del vars, 0 del conss, 0 add conss, 4490 chg bounds, 0 chg sides, 2510 chg coeffs, 115 upgd conss, 24304 impls, 5 clqs
(round 9, exhaustive) 80 del vars, 0 del conss, 0 add conss, 4490 chg bounds, 0 chg sides, 2510 chg coeffs, 115 upgd conss, 31867 impls, 5 clqs
(round 10, fast)       80 del vars, 4 del conss, 0 add conss, 4490 chg bounds, 0 chg sides, 2510 chg coeffs, 115 upgd conss, 31867 impls, 5 clqs
(round 11, exhaustive) 80 del vars, 4 del conss, 0 add conss, 4490 chg bounds, 0 chg sides, 2510 chg coeffs, 149 upgd conss, 31867 impls, 5 clqs
(round 12, exhaustive) 105 del vars, 4 del conss, 0 add conss, 4490 chg bounds, 0 chg sides, 2510 chg coeffs, 149 upgd conss, 36903 impls, 5 clqs
(round 13, fast)       106 del vars, 10 del conss, 0 add conss, 4491 chg bounds, 0 chg sides, 2510 chg coeffs, 149 upgd conss, 36903 impls, 5 clqs
(round 14, exhaustive) 106 del vars, 10 del conss, 0 add conss, 4491 chg bounds, 0 chg sides, 2510 chg coeffs, 183 upgd conss, 36903 impls, 5 clqs
(round 15, exhaustive) 131 del vars, 10 del conss, 0 add conss, 4491 chg bounds, 0 chg sides, 2510 chg coeffs, 183 upgd conss, 51063 impls, 5 clqs
(round 16, fast)       132 del vars, 12 del conss, 0 add conss, 4492 chg bounds, 0 chg sides, 2510 chg coeffs, 183 upgd conss, 51063 impls, 5 clqs
(round 17, exhaustive) 132 del vars, 12 del conss, 0 add conss, 4492 chg bounds, 0 chg sides, 2510 chg coeffs, 225 upgd conss, 51063 impls, 5 clqs
(round 18, exhaustive) 157 del vars, 12 del conss, 0 add conss, 4492 chg bounds, 0 chg sides, 2510 chg coeffs, 225 upgd conss, 60247 impls, 5 clqs
(round 19, fast)       158 del vars, 15 del conss, 0 add conss, 4493 chg bounds, 0 chg sides, 2510 chg coeffs, 225 upgd conss, 60247 impls, 5 clqs
(round 20, exhaustive) 158 del vars, 15 del conss, 0 add conss, 4493 chg bounds, 0 chg sides, 2510 chg coeffs, 264 upgd conss, 60247 impls, 5 clqs
(round 21, exhaustive) 183 del vars, 15 del conss, 0 add conss, 4493 chg bounds, 0 chg sides, 2510 chg coeffs, 264 upgd conss, 69813 impls, 5 clqs
(round 22, fast)       183 del vars, 19 del conss, 0 add conss, 4493 chg bounds, 0 chg sides, 2510 chg coeffs, 264 upgd conss, 69813 impls, 5 clqs
(round 23, exhaustive) 183 del vars, 19 del conss, 0 add conss, 4493 chg bounds, 0 chg sides, 2510 chg coeffs, 298 upgd conss, 69813 impls, 5 clqs
(round 24, exhaustive) 208 del vars, 19 del conss, 0 add conss, 4493 chg bounds, 0 chg sides, 2510 chg coeffs, 298 upgd conss, 83876 impls, 5 clqs
(round 25, fast)       208 del vars, 23 del conss, 0 add conss, 4493 chg bounds, 0 chg sides, 2510 chg coeffs, 298 upgd conss, 83876 impls, 5 clqs
(round 26, exhaustive) 208 del vars, 23 del conss, 0 add conss, 4493 chg bounds, 0 chg sides, 2510 chg coeffs, 332 upgd conss, 83876 impls, 5 clqs
(round 27, exhaustive) 233 del vars, 23 del conss, 0 add conss, 4493 chg bounds, 0 chg sides, 2510 chg coeffs, 332 upgd conss, 90511 impls, 5 clqs
(round 28, fast)       234 del vars, 29 del conss, 0 add conss, 4494 chg bounds, 0 chg sides, 2510 chg coeffs, 332 upgd conss, 90511 impls, 5 clqs
(round 29, exhaustive) 234 del vars, 29 del conss, 0 add conss, 4494 chg bounds, 0 chg sides, 2510 chg coeffs, 362 upgd conss, 90511 impls, 5 clqs
(round 30, exhaustive) 259 del vars, 29 del conss, 0 add conss, 4494 chg bounds, 0 chg sides, 2510 chg coeffs, 362 upgd conss, 102001 impls, 5 clqs
(round 31, fast)       260 del vars, 36 del conss, 0 add conss, 4495 chg bounds, 0 chg sides, 2510 chg coeffs, 362 upgd conss, 102001 impls, 5 clqs
(round 32, exhaustive) 260 del vars, 36 del conss, 0 add conss, 4495 chg bounds, 0 chg sides, 2510 chg coeffs, 393 upgd conss, 102001 impls, 5 clqs
(round 33, exhaustive) 285 del vars, 36 del conss, 0 add conss, 4495 chg bounds, 0 chg sides, 2510 chg coeffs, 393 upgd conss, 107748 impls, 5 clqs
(round 34, fast)       285 del vars, 43 del conss, 0 add conss, 4495 chg bounds, 0 chg sides, 2510 chg coeffs, 393 upgd conss, 107748 impls, 5 clqs
(round 35, exhaustive) 285 del vars, 43 del conss, 0 add conss, 4495 chg bounds, 0 chg sides, 2510 chg coeffs, 422 upgd conss, 107748 impls, 5 clqs
(round 36, exhaustive) 310 del vars, 43 del conss, 0 add conss, 4495 chg bounds, 0 chg sides, 2510 chg coeffs, 422 upgd conss, 110626 impls, 5 clqs
(round 37, fast)       310 del vars, 52 del conss, 0 add conss, 4495 chg bounds, 0 chg sides, 2510 chg coeffs, 422 upgd conss, 110626 impls, 5 clqs
(round 38, exhaustive) 310 del vars, 52 del conss, 0 add conss, 4495 chg bounds, 0 chg sides, 2510 chg coeffs, 445 upgd conss, 110626 impls, 5 clqs
(round 39, exhaustive) 335 del vars, 52 del conss, 0 add conss, 4495 chg bounds, 0 chg sides, 2510 chg coeffs, 445 upgd conss, 115511 impls, 5 clqs
(round 40, fast)       336 del vars, 59 del conss, 0 add conss, 4496 chg bounds, 0 chg sides, 2510 chg coeffs, 445 upgd conss, 115511 impls, 5 clqs
(round 41, exhaustive) 336 del vars, 59 del conss, 0 add conss, 4496 chg bounds, 0 chg sides, 2510 chg coeffs, 472 upgd conss, 115511 impls, 5 clqs
(round 42, exhaustive) 361 del vars, 59 del conss, 0 add conss, 4496 chg bounds, 0 chg sides, 2510 chg coeffs, 472 upgd conss, 118762 impls, 5 clqs
(round 43, fast)       362 del vars, 69 del conss, 0 add conss, 4497 chg bounds, 0 chg sides, 2510 chg coeffs, 472 upgd conss, 118762 impls, 5 clqs
(round 44, exhaustive) 362 del vars, 69 del conss, 0 add conss, 4497 chg bounds, 0 chg sides, 2510 chg coeffs, 494 upgd conss, 118762 impls, 5 clqs
(round 45, exhaustive) 387 del vars, 69 del conss, 0 add conss, 4497 chg bounds, 0 chg sides, 2510 chg coeffs, 494 upgd conss, 124008 impls, 5 clqs
(round 46, fast)       387 del vars, 76 del conss, 0 add conss, 4497 chg bounds, 0 chg sides, 2510 chg coeffs, 494 upgd conss, 124008 impls, 5 clqs
(round 47, exhaustive) 387 del vars, 76 del conss, 0 add conss, 4497 chg bounds, 0 chg sides, 2510 chg coeffs, 523 upgd conss, 124008 impls, 5 clqs
   (1.2s) sparsify finished: 2/13454 (0.0%) nonzeros canceled - in total 4 canceled nonzeros, 824 changed coefficients, 0 added nonzeros
(round 48, exhaustive) 387 del vars, 76 del conss, 0 add conss, 4497 chg bounds, 0 chg sides, 2914 chg coeffs, 523 upgd conss, 124037 impls, 5 clqs
(round 49, exhaustive) 412 del vars, 76 del conss, 0 add conss, 4497 chg bounds, 0 chg sides, 2914 chg coeffs, 523 upgd conss, 134070 impls, 79 clqs
(round 50, fast)       415 del vars, 88 del conss, 0 add conss, 4500 chg bounds, 0 chg sides, 2914 chg coeffs, 523 upgd conss, 134070 impls, 79 clqs
(round 51, exhaustive) 415 del vars, 88 del conss, 0 add conss, 4500 chg bounds, 0 chg sides, 2914 chg coeffs, 543 upgd conss, 134070 impls, 79 clqs
(round 52, exhaustive) 440 del vars, 88 del conss, 0 add conss, 4500 chg bounds, 0 chg sides, 2914 chg coeffs, 543 upgd conss, 147236 impls, 164 clqs
(round 53, fast)       441 del vars, 96 del conss, 0 add conss, 4501 chg bounds, 0 chg sides, 2914 chg coeffs, 543 upgd conss, 147236 impls, 164 clqs
(round 54, exhaustive) 441 del vars, 96 del conss, 0 add conss, 4501 chg bounds, 0 chg sides, 2914 chg coeffs, 563 upgd conss, 147236 impls, 164 clqs
(round 55, exhaustive) 466 del vars, 96 del conss, 0 add conss, 4501 chg bounds, 0 chg sides, 2914 chg coeffs, 563 upgd conss, 162318 impls, 180 clqs
(round 56, fast)       467 del vars, 105 del conss, 0 add conss, 4502 chg bounds, 0 chg sides, 2914 chg coeffs, 563 upgd conss, 162318 impls, 180 clqs
(round 57, exhaustive) 467 del vars, 105 del conss, 0 add conss, 4502 chg bounds, 0 chg sides, 2914 chg coeffs, 584 upgd conss, 162318 impls, 180 clqs
   (1.4s) sparsify finished: 2/13180 (0.0%) nonzeros canceled - in total 6 canceled nonzeros, 1222 changed coefficients, 0 added nonzeros
(round 58, exhaustive) 467 del vars, 105 del conss, 0 add conss, 4502 chg bounds, 0 chg sides, 3312 chg coeffs, 584 upgd conss, 162339 impls, 180 clqs
(round 59, exhaustive) 492 del vars, 105 del conss, 0 add conss, 4502 chg bounds, 0 chg sides, 3312 chg coeffs, 584 upgd conss, 172608 impls, 273 clqs
(round 60, fast)       494 del vars, 114 del conss, 0 add conss, 4504 chg bounds, 0 chg sides, 3312 chg coeffs, 584 upgd conss, 172608 impls, 273 clqs
(round 61, exhaustive) 494 del vars, 114 del conss, 0 add conss, 4504 chg bounds, 0 chg sides, 3312 chg coeffs, 611 upgd conss, 172608 impls, 273 clqs
(round 62, exhaustive) 519 del vars, 114 del conss, 0 add conss, 4504 chg bounds, 0 chg sides, 3312 chg coeffs, 611 upgd conss, 179309 impls, 286 clqs
(round 63, fast)       520 del vars, 128 del conss, 0 add conss, 4505 chg bounds, 0 chg sides, 3312 chg coeffs, 611 upgd conss, 179309 impls, 286 clqs
(round 64, exhaustive) 520 del vars, 128 del conss, 0 add conss, 4505 chg bounds, 0 chg sides, 3312 chg coeffs, 621 upgd conss, 179309 impls, 286 clqs
(round 65, exhaustive) 545 del vars, 128 del conss, 0 add conss, 4505 chg bounds, 0 chg sides, 3312 chg coeffs, 621 upgd conss, 194568 impls, 309 clqs
(round 66, fast)       548 del vars, 141 del conss, 0 add conss, 4508 chg bounds, 0 chg sides, 3312 chg coeffs, 621 upgd conss, 194568 impls, 309 clqs
(round 67, exhaustive) 548 del vars, 141 del conss, 0 add conss, 4508 chg bounds, 0 chg sides, 3312 chg coeffs, 638 upgd conss, 194568 impls, 309 clqs
(round 68, exhaustive) 573 del vars, 141 del conss, 0 add conss, 4508 chg bounds, 0 chg sides, 3312 chg coeffs, 638 upgd conss, 212373 impls, 340 clqs
(round 69, fast)       573 del vars, 154 del conss, 0 add conss, 4508 chg bounds, 0 chg sides, 3312 chg coeffs, 638 upgd conss, 212373 impls, 340 clqs
(round 70, exhaustive) 573 del vars, 154 del conss, 0 add conss, 4508 chg bounds, 0 chg sides, 3312 chg coeffs, 649 upgd conss, 212373 impls, 340 clqs
(round 71, exhaustive) 598 del vars, 154 del conss, 0 add conss, 4508 chg bounds, 0 chg sides, 3312 chg coeffs, 649 upgd conss, 226977 impls, 493 clqs
(round 72, fast)       598 del vars, 164 del conss, 0 add conss, 4508 chg bounds, 0 chg sides, 3312 chg coeffs, 649 upgd conss, 226977 impls, 493 clqs
(round 73, exhaustive) 598 del vars, 164 del conss, 0 add conss, 4508 chg bounds, 0 chg sides, 3312 chg coeffs, 669 upgd conss, 226977 impls, 493 clqs
   (1.8s) probing: 1000/2095 (47.7%) - 584 fixings, 0 aggregations, 232081 implications, 0 bound changes
(round 74, exhaustive) 623 del vars, 164 del conss, 0 add conss, 4508 chg bounds, 0 chg sides, 3312 chg coeffs, 669 upgd conss, 239977 impls, 513 clqs
(round 75, fast)       623 del vars, 177 del conss, 0 add conss, 4508 chg bounds, 0 chg sides, 3312 chg coeffs, 669 upgd conss, 239977 impls, 513 clqs
(round 76, exhaustive) 623 del vars, 177 del conss, 0 add conss, 4508 chg bounds, 0 chg sides, 3312 chg coeffs, 680 upgd conss, 239977 impls, 513 clqs
(round 77, exhaustive) 648 del vars, 177 del conss, 0 add conss, 4508 chg bounds, 0 chg sides, 3312 chg coeffs, 680 upgd conss, 254186 impls, 660 clqs
(round 78, fast)       650 del vars, 191 del conss, 0 add conss, 4510 chg bounds, 0 chg sides, 3312 chg coeffs, 680 upgd conss, 254186 impls, 660 clqs
   (1.9s) running MILP presolver
   (2.0s) MILP presolver (8 rounds): 0 aggregations, 36 fixings, 0 bound changes
(round 79, medium)     686 del vars, 205 del conss, 0 add conss, 4510 chg bounds, 0 chg sides, 3312 chg coeffs, 680 upgd conss, 254186 impls, 660 clqs
(round 80, fast)       686 del vars, 211 del conss, 0 add conss, 4510 chg bounds, 0 chg sides, 3312 chg coeffs, 680 upgd conss, 254186 impls, 660 clqs
(round 81, exhaustive) 686 del vars, 211 del conss, 0 add conss, 4510 chg bounds, 0 chg sides, 3312 chg coeffs, 698 upgd conss, 254186 impls, 660 clqs
(round 82, exhaustive) 711 del vars, 211 del conss, 0 add conss, 4510 chg bounds, 0 chg sides, 3312 chg coeffs, 698 upgd conss, 264643 impls, 687 clqs
(round 83, fast)       712 del vars, 225 del conss, 0 add conss, 4511 chg bounds, 0 chg sides, 3312 chg coeffs, 698 upgd conss, 264643 impls, 687 clqs
(round 84, exhaustive) 712 del vars, 225 del conss, 0 add conss, 4511 chg bounds, 0 chg sides, 3312 chg coeffs, 708 upgd conss, 264643 impls, 687 clqs
   (2.0s) sparsify finished: 2/12323 (0.0%) nonzeros canceled - in total 8 canceled nonzeros, 1588 changed coefficients, 0 added nonzeros
(round 85, exhaustive) 712 del vars, 225 del conss, 0 add conss, 4511 chg bounds, 0 chg sides, 3678 chg coeffs, 708 upgd conss, 264653 impls, 687 clqs
(round 86, exhaustive) 738 del vars, 225 del conss, 0 add conss, 4511 chg bounds, 0 chg sides, 3678 chg coeffs, 708 upgd conss, 270574 impls, 704 clqs
(round 87, fast)       738 del vars, 241 del conss, 0 add conss, 4511 chg bounds, 0 chg sides, 3678 chg coeffs, 708 upgd conss, 270574 impls, 704 clqs
(round 88, exhaustive) 738 del vars, 241 del conss, 0 add conss, 4511 chg bounds, 0 chg sides, 3678 chg coeffs, 712 upgd conss, 270574 impls, 704 clqs
(round 89, exhaustive) 765 del vars, 241 del conss, 0 add conss, 4511 chg bounds, 0 chg sides, 3678 chg coeffs, 712 upgd conss, 287486 impls, 746 clqs
(round 90, fast)       765 del vars, 256 del conss, 0 add conss, 4511 chg bounds, 0 chg sides, 3678 chg coeffs, 712 upgd conss, 287486 impls, 746 clqs
(round 91, exhaustive) 765 del vars, 256 del conss, 0 add conss, 4511 chg bounds, 0 chg sides, 3678 chg coeffs, 721 upgd conss, 287486 impls, 746 clqs
(round 92, exhaustive) 790 del vars, 256 del conss, 0 add conss, 4511 chg bounds, 0 chg sides, 3678 chg coeffs, 721 upgd conss, 301677 impls, 785 clqs
(round 93, fast)       790 del vars, 267 del conss, 0 add conss, 4511 chg bounds, 0 chg sides, 3678 chg coeffs, 721 upgd conss, 301677 impls, 785 clqs
(round 94, exhaustive) 790 del vars, 267 del conss, 0 add conss, 4511 chg bounds, 0 chg sides, 3678 chg coeffs, 734 upgd conss, 301677 impls, 785 clqs
(round 95, exhaustive) 815 del vars, 267 del conss, 0 add conss, 4511 chg bounds, 0 chg sides, 3678 chg coeffs, 734 upgd conss, 309646 impls, 806 clqs
(round 96, fast)       815 del vars, 279 del conss, 0 add conss, 4511 chg bounds, 0 chg sides, 3678 chg coeffs, 734 upgd conss, 309646 impls, 806 clqs
(round 97, exhaustive) 815 del vars, 279 del conss, 0 add conss, 4511 chg bounds, 0 chg sides, 3678 chg coeffs, 748 upgd conss, 309646 impls, 806 clqs
(round 98, exhaustive) 841 del vars, 279 del conss, 0 add conss, 4511 chg bounds, 0 chg sides, 3678 chg coeffs, 748 upgd conss, 321148 impls, 835 clqs
(round 99, fast)       841 del vars, 293 del conss, 0 add conss, 4511 chg bounds, 0 chg sides, 3678 chg coeffs, 748 upgd conss, 321148 impls, 835 clqs
(round 100, exhaustive) 841 del vars, 293 del conss, 0 add conss, 4511 chg bounds, 0 chg sides, 3678 chg coeffs, 754 upgd conss, 321148 impls, 835 clqs
(round 101, exhaustive) 866 del vars, 293 del conss, 0 add conss, 4511 chg bounds, 0 chg sides, 3678 chg coeffs, 754 upgd conss, 329707 impls, 1030 clqs
(round 102, fast)       870 del vars, 310 del conss, 0 add conss, 4515 chg bounds, 0 chg sides, 3678 chg coeffs, 754 upgd conss, 329707 impls, 1030 clqs
(round 103, exhaustive) 870 del vars, 310 del conss, 0 add conss, 4515 chg bounds, 0 chg sides, 3678 chg coeffs, 757 upgd conss, 329707 impls, 1030 clqs
(round 104, exhaustive) 895 del vars, 310 del conss, 0 add conss, 4515 chg bounds, 0 chg sides, 3678 chg coeffs, 757 upgd conss, 339188 impls, 1237 clqs
(round 105, fast)       896 del vars, 324 del conss, 0 add conss, 4516 chg bounds, 0 chg sides, 3678 chg coeffs, 757 upgd conss, 339188 impls, 1237 clqs
(round 106, exhaustive) 896 del vars, 324 del conss, 0 add conss, 4516 chg bounds, 0 chg sides, 3678 chg coeffs, 767 upgd conss, 339188 impls, 1237 clqs
(round 107, exhaustive) 922 del vars, 324 del conss, 0 add conss, 4516 chg bounds, 0 chg sides, 3678 chg coeffs, 767 upgd conss, 343743 impls, 1249 clqs
(round 108, fast)       922 del vars, 339 del conss, 0 add conss, 4516 chg bounds, 0 chg sides, 3678 chg coeffs, 767 upgd conss, 343743 impls, 1249 clqs
(round 109, exhaustive) 922 del vars, 339 del conss, 0 add conss, 4516 chg bounds, 0 chg sides, 3678 chg coeffs, 774 upgd conss, 343743 impls, 1249 clqs
(round 110, exhaustive) 949 del vars, 339 del conss, 0 add conss, 4516 chg bounds, 0 chg sides, 3678 chg coeffs, 774 upgd conss, 356571 impls, 1301 clqs
(round 111, fast)       949 del vars, 355 del conss, 0 add conss, 4516 chg bounds, 0 chg sides, 3678 chg coeffs, 774 upgd conss, 356571 impls, 1301 clqs
(round 112, exhaustive) 949 del vars, 355 del conss, 0 add conss, 4516 chg bounds, 0 chg sides, 3678 chg coeffs, 780 upgd conss, 356571 impls, 1301 clqs
(round 113, exhaustive) 974 del vars, 355 del conss, 0 add conss, 4516 chg bounds, 0 chg sides, 3678 chg coeffs, 780 upgd conss, 366188 impls, 1339 clqs
(round 114, fast)       974 del vars, 370 del conss, 0 add conss, 4516 chg bounds, 0 chg sides, 3678 chg coeffs, 780 upgd conss, 366188 impls, 1339 clqs
(round 115, exhaustive) 974 del vars, 370 del conss, 0 add conss, 4516 chg bounds, 0 chg sides, 3678 chg coeffs, 785 upgd conss, 366188 impls, 1339 clqs
(round 116, exhaustive) 1001 del vars, 370 del conss, 0 add conss, 4516 chg bounds, 0 chg sides, 3678 chg coeffs, 785 upgd conss, 380908 impls, 1394 clqs
(round 117, fast)       1001 del vars, 386 del conss, 0 add conss, 4516 chg bounds, 0 chg sides, 3678 chg coeffs, 785 upgd conss, 380908 impls, 1394 clqs
(round 118, exhaustive) 1001 del vars, 386 del conss, 0 add conss, 4516 chg bounds, 0 chg sides, 3678 chg coeffs, 791 upgd conss, 380908 impls, 1394 clqs
(round 119, exhaustive) 1026 del vars, 386 del conss, 0 add conss, 4516 chg bounds, 0 chg sides, 3678 chg coeffs, 791 upgd conss, 386686 impls, 1418 clqs
(round 120, fast)       1026 del vars, 401 del conss, 0 add conss, 4516 chg bounds, 0 chg sides, 3678 chg coeffs, 791 upgd conss, 386686 impls, 1418 clqs
(round 121, exhaustive) 1026 del vars, 401 del conss, 0 add conss, 4516 chg bounds, 0 chg sides, 3678 chg coeffs, 796 upgd conss, 386686 impls, 1418 clqs
(round 122, exhaustive) 1052 del vars, 401 del conss, 0 add conss, 4516 chg bounds, 0 chg sides, 3678 chg coeffs, 796 upgd conss, 396354 impls, 1464 clqs
(round 123, fast)       1052 del vars, 416 del conss, 0 add conss, 4516 chg bounds, 0 chg sides, 3678 chg coeffs, 796 upgd conss, 396354 impls, 1464 clqs
(round 124, exhaustive) 1052 del vars, 416 del conss, 0 add conss, 4516 chg bounds, 0 chg sides, 3678 chg coeffs, 803 upgd conss, 396354 impls, 1464 clqs
(round 125, exhaustive) 1078 del vars, 416 del conss, 0 add conss, 4516 chg bounds, 0 chg sides, 3678 chg coeffs, 803 upgd conss, 410303 impls, 1515 clqs
(round 126, fast)       1078 del vars, 432 del conss, 0 add conss, 4516 chg bounds, 0 chg sides, 3678 chg coeffs, 803 upgd conss, 410303 impls, 1515 clqs
(round 127, exhaustive) 1078 del vars, 432 del conss, 0 add conss, 4516 chg bounds, 0 chg sides, 3678 chg coeffs, 807 upgd conss, 410303 impls, 1515 clqs
(round 128, exhaustive) 1103 del vars, 432 del conss, 0 add conss, 4516 chg bounds, 0 chg sides, 3678 chg coeffs, 807 upgd conss, 415571 impls, 1532 clqs
(round 129, fast)       1104 del vars, 448 del conss, 0 add conss, 4517 chg bounds, 0 chg sides, 3678 chg coeffs, 807 upgd conss, 415571 impls, 1532 clqs
(round 130, exhaustive) 1104 del vars, 448 del conss, 0 add conss, 4517 chg bounds, 0 chg sides, 3678 chg coeffs, 811 upgd conss, 415571 impls, 1532 clqs
(round 131, exhaustive) 1130 del vars, 448 del conss, 0 add conss, 4517 chg bounds, 0 chg sides, 3678 chg coeffs, 811 upgd conss, 429898 impls, 1597 clqs
(round 132, fast)       1130 del vars, 465 del conss, 0 add conss, 4517 chg bounds, 0 chg sides, 3678 chg coeffs, 811 upgd conss, 429898 impls, 1597 clqs
(round 133, exhaustive) 1156 del vars, 465 del conss, 0 add conss, 4517 chg bounds, 0 chg sides, 3678 chg coeffs, 812 upgd conss, 440138 impls, 1645 clqs
(round 134, fast)       1156 del vars, 482 del conss, 0 add conss, 4517 chg bounds, 0 chg sides, 3678 chg coeffs, 812 upgd conss, 440139 impls, 1645 clqs
(round 135, exhaustive) 1181 del vars, 482 del conss, 0 add conss, 4517 chg bounds, 0 chg sides, 3678 chg coeffs, 813 upgd conss, 447447 impls, 1674 clqs
(round 136, fast)       1183 del vars, 499 del conss, 0 add conss, 4519 chg bounds, 0 chg sides, 3678 chg coeffs, 813 upgd conss, 447448 impls, 1674 clqs
   (3.0s) running MILP presolver
   (3.0s) MILP presolver (4 rounds): 0 aggregations, 11 fixings, 0 bound changes
(round 137, medium)     1194 del vars, 506 del conss, 0 add conss, 4519 chg bounds, 0 chg sides, 3678 chg coeffs, 813 upgd conss, 447448 impls, 1674 clqs
(round 138, exhaustive) 1194 del vars, 506 del conss, 0 add conss, 4519 chg bounds, 0 chg sides, 3678 chg coeffs, 817 upgd conss, 447448 impls, 1674 clqs
(round 139, exhaustive) 1219 del vars, 506 del conss, 0 add conss, 4519 chg bounds, 0 chg sides, 3678 chg coeffs, 817 upgd conss, 457439 impls, 1950 clqs
(round 140, fast)       1221 del vars, 523 del conss, 0 add conss, 4521 chg bounds, 0 chg sides, 3678 chg coeffs, 817 upgd conss, 457439 impls, 1950 clqs
(round 141, exhaustive) 1221 del vars, 523 del conss, 0 add conss, 4521 chg bounds, 0 chg sides, 3678 chg coeffs, 820 upgd conss, 457439 impls, 1950 clqs
(round 142, exhaustive) 1248 del vars, 523 del conss, 0 add conss, 4521 chg bounds, 0 chg sides, 3678 chg coeffs, 820 upgd conss, 466123 impls, 1994 clqs
(round 143, fast)       1248 del vars, 541 del conss, 0 add conss, 4521 chg bounds, 0 chg sides, 3678 chg coeffs, 820 upgd conss, 466123 impls, 1994 clqs
(round 144, exhaustive) 1274 del vars, 541 del conss, 0 add conss, 4521 chg bounds, 0 chg sides, 3678 chg coeffs, 820 upgd conss, 472816 impls, 2030 clqs
(round 145, fast)       1274 del vars, 558 del conss, 0 add conss, 4521 chg bounds, 0 chg sides, 3678 chg coeffs, 820 upgd conss, 472816 impls, 2030 clqs
(round 146, exhaustive) 1299 del vars, 558 del conss, 0 add conss, 4521 chg bounds, 0 chg sides, 3678 chg coeffs, 821 upgd conss, 477054 impls, 2053 clqs
(round 147, fast)       1301 del vars, 576 del conss, 0 add conss, 4523 chg bounds, 0 chg sides, 3678 chg coeffs, 821 upgd conss, 477055 impls, 2053 clqs
   (3.3s) probing: 2000/2095 (95.5%) - 1232 fixings, 0 aggregations, 482545 implications, 0 bound changes
(round 148, exhaustive) 1326 del vars, 576 del conss, 0 add conss, 4523 chg bounds, 0 chg sides, 3678 chg coeffs, 821 upgd conss, 484260 impls, 2089 clqs
(round 149, fast)       1326 del vars, 592 del conss, 0 add conss, 4523 chg bounds, 0 chg sides, 3678 chg coeffs, 821 upgd conss, 484260 impls, 2089 clqs
(round 150, exhaustive) 1326 del vars, 592 del conss, 0 add conss, 4523 chg bounds, 0 chg sides, 3678 chg coeffs, 823 upgd conss, 484260 impls, 2089 clqs
(round 151, exhaustive) 1352 del vars, 592 del conss, 0 add conss, 4523 chg bounds, 0 chg sides, 3678 chg coeffs, 823 upgd conss, 489853 impls, 2122 clqs
(round 152, fast)       1352 del vars, 609 del conss, 0 add conss, 4523 chg bounds, 0 chg sides, 3678 chg coeffs, 823 upgd conss, 489853 impls, 2122 clqs
   (3.3s) sparsify finished: 2/10014 (0.0%) nonzeros canceled - in total 10 canceled nonzeros, 1883 changed coefficients, 0 added nonzeros
(round 153, exhaustive) 1352 del vars, 609 del conss, 0 add conss, 4523 chg bounds, 0 chg sides, 3973 chg coeffs, 824 upgd conss, 489853 impls, 2122 clqs
(round 154, exhaustive) 1377 del vars, 609 del conss, 0 add conss, 4523 chg bounds, 0 chg sides, 3973 chg coeffs, 824 upgd conss, 495964 impls, 2157 clqs
(round 155, fast)       1379 del vars, 627 del conss, 0 add conss, 4525 chg bounds, 0 chg sides, 3973 chg coeffs, 824 upgd conss, 495964 impls, 2157 clqs
   (3.4s) probing cycle finished: starting next cycle
   (3.4s) probing: 52/1357 (3.8%) - 1304 fixings, 0 aggregations, 497469 implications, 0 bound changes
   (3.4s) probing aborted: 50/50 successive totally useless probings
(round 156, exhaustive) 1391 del vars, 627 del conss, 0 add conss, 4525 chg bounds, 0 chg sides, 3973 chg coeffs, 824 upgd conss, 498288 impls, 2171 clqs
(round 157, fast)       1391 del vars, 635 del conss, 0 add conss, 4525 chg bounds, 0 chg sides, 3973 chg coeffs, 824 upgd conss, 498288 impls, 2171 clqs
   (3.4s) probing: 57/1357 (4.2%) - 1304 fixings, 0 aggregations, 497469 implications, 0 bound changes
   (3.4s) probing aborted: 50/50 successive totally useless probings
   (3.4s) symmetry computation started: requiring (bin +, int -, cont +), (fixed: bin -, int +, cont -)
   (3.4s) no symmetry present
presolving (158 rounds: 158 fast, 105 medium, 103 exhaustive):
 1391 deleted vars, 635 deleted constraints, 0 added constraints, 4525 tightened bounds, 0 added holes, 0 changed sides, 3973 changed coefficients
 498288 implications, 2171 cliques
presolved problem has 2809 variables (1357 bin, 0 int, 0 impl, 1452 cont) and 1468 constraints
    190 constraints of type <varbound>
      5 constraints of type <setppc>
   1273 constraints of type <linear>
Presolving Time: 3.43

 time | node  | left  |LP iter|LP it/n|mem/heur|mdpt |vars |cons |rows |cuts |sepa|confs|strbr|  dualbound   | primalbound  |  gap   | compl. 
  3.6s|     1 |     0 |   251 |     - |   102M |   0 |2809 |1469 |1468 |   0 |  0 |   0 |   0 |-2.235953e+00 |      --      |    Inf | unknown
o 3.6s|     1 |     0 |   302 |     - |feaspump|   0 |2809 |1469 |1468 |   0 |  0 |   0 |   0 |-2.235953e+00 |-2.235953e+00 |   0.00%| unknown
  3.6s|     1 |     0 |   302 |     - |   102M |   0 |2809 |1469 |1468 |   0 |  0 |   0 |   0 |-2.235953e+00 |-2.235953e+00 |   0.00%| unknown

SCIP Status        : problem is solved [optimal solution found]
Solving Time (sec) : 3.57
Solving Nodes      : 1
Primal Bound       : -2.23595313055400e+00 (1 solutions)
Dual Bound         : -2.23595313055400e+00
Gap                : 0.00 %

primal solution (original space):
=================================

objective value:                      -2.235953130554
y_2,163_                                            1 	(obj:0)
y_3,163_                                            1 	(obj:0)
y_5,163_                                            1 	(obj:0)
y_1,164_                                            1 	(obj:0)
y_4,164_                                            1 	(obj:0)
t_1,164_                                            1 	(obj:0)
x_3_                               -0.443914081145585 	(obj:1)
t_4,164_                                            1 	(obj:0)
x_2_                                -0.45346062052506 	(obj:1)
t_3,164_                                            1 	(obj:0)
x_4_                               -0.443914081145585 	(obj:1)
x_5_                                -0.45075026659219 	(obj:1)
t_5,163_                            0.716090425531907 	(obj:0)
t_5,164_                            0.283909574468093 	(obj:0)
t_2,163_                                            1 	(obj:0)
x_1_                               -0.443914081145585 	(obj:1)

Statistics
==========

SCIP Status        : problem is solved [optimal solution found]
Total Time         :       3.58
  solving          :       3.57
  presolving       :       3.43 (included in solving)
  reading          :       0.01
  copying          :       0.00 (0 times copied the problem)
Original Problem   :
  Problem name     : ../modeles/5_419.lp
  Variables        : 4200 (2095 binary, 0 integer, 0 implicit integer, 2105 continuous)
  Constraints      : 2116 initial, 2116 maximal
  Objective        : minimize, 5 non-zeros (abs.min = 1, abs.max = 1)
Presolved Problem  :
  Problem name     : t_../modeles/5_419.lp
  Variables        : 2809 (1357 binary, 0 integer, 0 implicit integer, 1452 continuous)
  Constraints      : 1468 initial, 1469 maximal
  Objective        : minimize, 1452 non-zeros (abs.min = 0.00477327, abs.max = 1.41766)
  Nonzeros         : 9869 constraint, 5689 clique table
Presolvers         :   ExecTime  SetupTime  Calls  FixedVars   AggrVars   ChgTypes  ChgBounds   AddHoles    DelCons    AddCons   ChgSides   ChgCoefs
  boundshift       :       0.00       0.00      0          0          0          0          0          0          0          0          0          0
  convertinttobin  :       0.00       0.00      0          0          0          0          0          0          0          0          0          0
  domcol           :       0.61       0.00     58          0          0          0          0          0          0          0          0          0
  dualagg          :       0.00       0.00      0          0          0          0          0          0          0          0          0          0
  dualcomp         :       0.10       0.00     58          0          0          0          0          0          0          0          0          0
  dualinfer        :       0.00       0.00      0          0          0          0          0          0          0          0          0          0
  dualsparsify     :       0.00       0.00      1          0          0          0          0          0          0          0          0          0
  gateextraction   :       0.00       0.00      0          0          0          0          0          0          0          0          0          0
  implics          :       0.00       0.00    105          0          0          0          0          0          0          0          0          0
  inttobinary      :       0.00       0.00      0          0          0          0          0          0          0          0          0          0
  milp             :       0.12       0.00      3         47          0          0         30          0          0          0          0          0
  qpkktref         :       0.00       0.00      0          0          0          0          0          0          0          0          0          0
  redvub           :       0.00       0.00      0          0          0          0          0          0          0          0          0          0
  sparsify         :       0.11       0.00     16          0          0          0          0          0          0          0          0       1883
  stuffing         :       0.00       0.00      0          0          0          0          0          0          0          0          0          0
  trivial          :       0.01       0.00    158          0          0          0          0          0          0          0          0          0
  tworowbnd        :       0.00       0.00      0          0          0          0          0          0          0          0          0          0
  dualfix          :       0.01       0.00    158          0          0          0          0          0          0          0          0          0
  genvbounds       :       0.00       0.00      0          0          0          0          0          0          0          0          0          0
  probing          :       2.11       0.00     53       1304          0          0          0          0          0          0          0          0
  pseudoobj        :       0.00       0.00      0          0          0          0          0          0          0          0          0          0
  symmetry         :       0.01       0.00      1          0          0          0          0          0          0          0          0          0
  vbounds          :       0.00       0.00     16          0          0          0          0          0          0          0          0          0
  varbound         :       0.01       0.00    259          0          0          0         35          0        629          0          0          0
  setppc           :       0.02       0.00    361          0          0          0          0          0          0          0          0          0
  linear           :       0.29       0.00    261         35          5          0       4460          0          6          0          0       2090
  logicor          :       0.00       0.00      0          0          0          0          0          0          0          0          0          0
  benders          :       0.00       0.00      0          0          0          0          0          0          0          0          0          0
  components       :       0.00       0.00      1          0          0          0          0          0          0          0          0          0
  root node        :          -          -      -          0          -          -          0          -          -          -          -          -
Constraints        :     Number  MaxNumber  #Separate #Propagate    #EnfoLP    #EnfoRelax  #EnfoPS    #Check   #ResProp    Cutoffs    DomReds       Cuts    Applied      Conss   Children
  benderslp        :          0          0          0          0          0          0          0         12          0          0          0          0          0          0          0
  integral         :          0          0          0          0          0          0          0         12          0          0          0          0          0          0          0
  varbound         :        190        190          0       6502          0          0          0          6          0          0          0          0          0          0          0
  setppc           :          5          5          0       6492          0          0          0          6          0          0          0          0          0          0          0
  linear           :       1273       1273          0       6502          0          0          0          2          0        843          0          0          0          0          0
  logicor          :          0+         1          0          7          0          0          0          0          0          0          0          0          0          0          0
  benders          :          0          0          0          0          0          0          0          2          0          0          0          0          0          0          0
  countsols        :          0          0          0          0          0          0          0          2          0          0          0          0          0          0          0
  components       :          0          0          0          0          0          0          0          0          0          0          0          0          0          0          0
Constraint Timings :  TotalTime  SetupTime   Separate  Propagate     EnfoLP     EnfoPS     EnfoRelax   Check    ResProp    SB-Prop
  benderslp        :       0.00       0.00       0.00       0.00       0.00       0.00       0.00       0.00       0.00       0.00
  integral         :       0.00       0.00       0.00       0.00       0.00       0.00       0.00       0.00       0.00       0.00
  varbound         :       0.12       0.00       0.00       0.12       0.00       0.00       0.00       0.00       0.00       0.00
  setppc           :       0.01       0.00       0.00       0.01       0.00       0.00       0.00       0.00       0.00       0.00
  linear           :       0.56       0.00       0.00       0.56       0.00       0.00       0.00       0.00       0.00       0.00
  logicor          :       0.00       0.00       0.00       0.00       0.00       0.00       0.00       0.00       0.00       0.00
  benders          :       0.00       0.00       0.00       0.00       0.00       0.00       0.00       0.00       0.00       0.00
  countsols        :       0.00       0.00       0.00       0.00       0.00       0.00       0.00       0.00       0.00       0.00
  components       :       0.00       0.00       0.00       0.00       0.00       0.00       0.00       0.00       0.00       0.00
Propagators        : #Propagate   #ResProp    Cutoffs    DomReds
  dualfix          :          1          0          0          0
  genvbounds       :          0          0          0          0
  nlobbt           :          0          0          0          0
  obbt             :          0          0          0          0
  probing          :          0          0          0          0
  pseudoobj        :          2          0          0          0
  redcost          :          1          0          0          0
  rootredcost      :          0          0          0          0
  symmetry         :          0          0          0          0
  vbounds          :        331          0          0          0
Propagator Timings :  TotalTime  SetupTime   Presolve  Propagate    ResProp    SB-Prop
  dualfix          :       0.01       0.00       0.01       0.00       0.00       0.00
  genvbounds       :       0.00       0.00       0.00       0.00       0.00       0.00
  nlobbt           :       0.00       0.00       0.00       0.00       0.00       0.00
  obbt             :       0.00       0.00       0.00       0.00       0.00       0.00
  probing          :       2.11       0.00       2.11       0.00       0.00       0.00
  pseudoobj        :       0.00       0.00       0.00       0.00       0.00       0.00
  redcost          :       0.00       0.00       0.00       0.00       0.00       0.00
  rootredcost      :       0.00       0.00       0.00       0.00       0.00       0.00
  symmetry         :       0.01       0.00       0.01       0.00       0.00       0.00
  vbounds          :       0.04       0.00       0.00       0.04       0.00       0.00
Conflict Analysis  :       Time      Calls    Success    DomReds  Conflicts   Literals    Reconvs ReconvLits   Dualrays   Nonzeros   LP Iters   (pool size: [10000,10000])
  propagation      :       0.00          0          0          -          0        0.0          0        0.0          -          -          -
  infeasible LP    :       0.00          0          0          -          0        0.0          0        0.0          0        0.0          0
  bound exceed. LP :       0.00          0          0          -          0        0.0          0        0.0          0        0.0          0
  strong branching :       0.00          0          0          -          0        0.0          0        0.0          -          -          0
  pseudo solution  :       0.00          0          0          -          0        0.0          0        0.0          -          -          -
  applied globally :       0.00          -          -          0          0        0.0          -          -          0          -          -
  applied locally  :          -          -          -          0          0        0.0          -          -          0          -          -
Separators         :   ExecTime  SetupTime      Calls    Cutoffs    DomReds       Cuts    Applied      Conss
  cut pool         :       0.00                     0          -          -          0          -          -    (maximal pool size: 0)
  aggregation      :       0.00       0.00          0          0          0          0          0          0
  > cmir           :          -          -          -          -          -          -          0          -
  > flowcover      :          -          -          -          -          -          -          0          -
  > knapsackcover  :          -          -          -          -          -          -          0          -
  cgmip            :       0.00       0.00          0          0          0          0          0          0
  clique           :       0.00       0.00          0          0          0          0          0          0
  closecuts        :       0.00       0.00          0          0          0          0          0          0
  convexproj       :       0.00       0.00          0          0          0          0          0          0
  disjunctive      :       0.00       0.00          0          0          0          0          0          0
  eccuts           :       0.00       0.00          0          0          0          0          0          0
  gauge            :       0.00       0.00          0          0          0          0          0          0
  gomory           :       0.00       0.00          0          0          0          0          0          0
  > gomorymi       :          -          -          -          -          -          -          0          -
  > strongcg       :          -          -          -          -          -          -          0          -
  impliedbounds    :       0.00       0.00          0          0          0          0          0          0
  interminor       :       0.00       0.00          0          0          0          0          0          0
  intobj           :       0.00       0.00          0          0          0          0          0          0
  mcf              :       0.00       0.00          0          0          0          0          0          0
  minor            :       0.00       0.00          0          0          0          0          0          0
  mixing           :       0.00       0.00          0          0          0          0          0          0
  oddcycle         :       0.00       0.00          0          0          0          0          0          0
  rapidlearning    :       0.00       0.00          0          0          0          0          0          0
  rlt              :       0.00       0.00          0          0          0          0          0          0
  zerohalf         :       0.00       0.00          0          0          0          0          0          0
Cutselectors       :   ExecTime  SetupTime
  hybrid           :       0.00       0.00
Pricers            :   ExecTime  SetupTime      Calls       Vars
  problem variables:       0.00          -          0          0
Branching Rules    :   ExecTime  SetupTime   BranchLP  BranchExt   BranchPS    Cutoffs    DomReds       Cuts      Conss   Children
  allfullstrong    :       0.00       0.00          0          0          0          0          0          0          0          0
  cloud            :       0.00       0.00          0          0          0          0          0          0          0          0
  distribution     :       0.00       0.00          0          0          0          0          0          0          0          0
  fullstrong       :       0.00       0.00          0          0          0          0          0          0          0          0
  inference        :       0.00       0.00          0          0          0          0          0          0          0          0
  leastinf         :       0.00       0.00          0          0          0          0          0          0          0          0
  lookahead        :       0.00       0.00          0          0          0          0          0          0          0          0
  mostinf          :       0.00       0.00          0          0          0          0          0          0          0          0
  multaggr         :       0.00       0.00          0          0          0          0          0          0          0          0
  nodereopt        :       0.00       0.00          0          0          0          0          0          0          0          0
  pscost           :       0.00       0.00          0          0          0          0          0          0          0          0
  random           :       0.00       0.00          0          0          0          0          0          0          0          0
  relpscost        :       0.00       0.00          0          0          0          0          0          0          0          0
  vanillafullstrong:       0.00       0.00          0          0          0          0          0          0          0          0
Primal Heuristics  :   ExecTime  SetupTime      Calls      Found       Best
  LP solutions     :       0.00          -          -          0          0
  relax solutions  :       0.00          -          -          0          0
  pseudo solutions :       0.00          -          -          0          0
  strong branching :       0.00          -          -          0          0
  actconsdiving    :       0.00       0.00          0          0          0
  adaptivediving   :       0.00       0.00          0          0          0
  alns             :       0.00       0.00          0          0          0
  bound            :       0.00       0.00          0          0          0
  clique           :       0.02       0.00          1          0          0
  coefdiving       :       0.00       0.00          0          0          0
  completesol      :       0.00       0.00          0          0          0
  conflictdiving   :       0.00       0.00          0          0          0
  crossover        :       0.00       0.00          0          0          0
  dins             :       0.00       0.00          0          0          0
  distributiondivin:       0.00       0.00          0          0          0
  dps              :       0.00       0.00          0          0          0
  dualval          :       0.00       0.00          0          0          0
  farkasdiving     :       0.00       0.00          0          0          0
  feaspump         :       0.00       0.00          1          1          1
  fixandinfer      :       0.00       0.00          0          0          0
  fracdiving       :       0.00       0.00          0          0          0
  gins             :       0.00       0.00          0          0          0
  guideddiving     :       0.00       0.00          0          0          0
  indicator        :       0.00       0.00          0          0          0
  intdiving        :       0.00       0.00          0          0          0
  intshifting      :       0.00       0.00          0          0          0
  linesearchdiving :       0.00       0.00          0          0          0
  localbranching   :       0.00       0.00          0          0          0
  locks            :       0.04       0.00          1          0          0
  lpface           :       0.00       0.00          0          0          0
  mpec             :       0.00       0.00          0          0          0
  multistart       :       0.00       0.00          0          0          0
  mutation         :       0.00       0.00          0          0          0
  nlpdiving        :       0.00       0.00          0          0          0
  objpscostdiving  :       0.00       0.00          0          0          0
  octane           :       0.00       0.00          0          0          0
  ofins            :       0.00       0.00          0          0          0
  oneopt           :       0.00       0.00          0          0          0
  padm             :       0.00       0.00          0          0          0
  proximity        :       0.00       0.00          0          0          0
  pscostdiving     :       0.00       0.00          0          0          0
  randrounding     :       0.00       0.00          1          0          0
  rens             :       0.00       0.00          0          0          0
  reoptsols        :       0.00       0.00          0          0          0
  repair           :       0.00       0.00          0          0          0
  rins             :       0.00       0.00          0          0          0
  rootsoldiving    :       0.00       0.00          0          0          0
  rounding         :       0.00       0.00          1          0          0
  shiftandpropagate:       0.01       0.00          1          0          0
  shifting         :       0.00       0.00          1          0          0
  simplerounding   :       0.00       0.00          0          0          0
  subnlp           :       0.00       0.00          0          0          0
  trivial          :       0.00       0.00          2          0          0
  trivialnegation  :       0.00       0.00          0          0          0
  trustregion      :       0.00       0.00          0          0          0
  trysol           :       0.00       0.00          0          0          0
  twoopt           :       0.00       0.00          0          0          0
  undercover       :       0.00       0.00          0          0          0
  vbounds          :       0.00       0.00          0          0          0
  veclendiving     :       0.00       0.00          0          0          0
  zeroobj          :       0.00       0.00          0          0          0
  zirounding       :       0.00       0.00          0          0          0
  other solutions  :          -          -          -          0          -
Diving (single)    :      Calls      Nodes   LP Iters Backtracks  Conflicts   MinDepth   MaxDepth   AvgDepth  RoundSols  NLeafSols  MinSolDpt  MaxSolDpt  AvgSolDpt
  actconsdiving    :          0          -          -          -          -          -          -          -          -          -          -          -          -
  coefdiving       :          0          -          -          -          -          -          -          -          -          -          -          -          -
  conflictdiving   :          0          -          -          -          -          -          -          -          -          -          -          -          -
  distributiondivin:          0          -          -          -          -          -          -          -          -          -          -          -          -
  farkasdiving     :          0          -          -          -          -          -          -          -          -          -          -          -          -
  fracdiving       :          0          -          -          -          -          -          -          -          -          -          -          -          -
  guideddiving     :          0          -          -          -          -          -          -          -          -          -          -          -          -
  linesearchdiving :          0          -          -          -          -          -          -          -          -          -          -          -          -
  pscostdiving     :          0          -          -          -          -          -          -          -          -          -          -          -          -
  veclendiving     :          0          -          -          -          -          -          -          -          -          -          -          -          -
Diving (adaptive)  :      Calls      Nodes   LP Iters Backtracks  Conflicts   MinDepth   MaxDepth   AvgDepth  RoundSols  NLeafSols  MinSolDpt  MaxSolDpt  AvgSolDpt
  actconsdiving    :          0          -          -          -          -          -          -          -          -          -          -          -          -
  coefdiving       :          0          -          -          -          -          -          -          -          -          -          -          -          -
  conflictdiving   :          0          -          -          -          -          -          -          -          -          -          -          -          -
  distributiondivin:          0          -          -          -          -          -          -          -          -          -          -          -          -
  farkasdiving     :          0          -          -          -          -          -          -          -          -          -          -          -          -
  fracdiving       :          0          -          -          -          -          -          -          -          -          -          -          -          -
  guideddiving     :          0          -          -          -          -          -          -          -          -          -          -          -          -
  linesearchdiving :          0          -          -          -          -          -          -          -          -          -          -          -          -
  pscostdiving     :          0          -          -          -          -          -          -          -          -          -          -          -          -
  veclendiving     :          0          -          -          -          -          -          -          -          -          -          -          -          -
Neighborhoods      :      Calls  SetupTime  SolveTime SolveNodes       Sols       Best       Exp3  EpsGreedy        UCB TgtFixRate  Opt  Inf Node Stal  Sol  Usr Othr Actv
  rens             :          0       0.00       0.00          0          0          0    0.00000   -1.00000    1.00000      0.900    0    0    0    0    0    0    0    1
  rins             :          0       0.00       0.00          0          0          0    0.00000   -1.00000    1.00000      0.900    0    0    0    0    0    0    0    1
  mutation         :          0       0.00       0.00          0          0          0    0.00000   -1.00000    1.00000      0.900    0    0    0    0    0    0    0    1
  localbranching   :          0       0.00       0.00          0          0          0    0.00000   -1.00000    1.00000      0.900    0    0    0    0    0    0    0    1
  crossover        :          0       0.00       0.00          0          0          0    0.00000   -1.00000    1.00000      0.900    0    0    0    0    0    0    0    1
  proximity        :          0       0.00       0.00          0          0          0    0.00000   -1.00000    1.00000      0.900    0    0    0    0    0    0    0    1
  zeroobjective    :          0       0.00       0.00          0          0          0    0.00000   -1.00000    1.00000      0.900    0    0    0    0    0    0    0    1
  dins             :          0       0.00       0.00          0          0          0    0.00000   -1.00000    1.00000      0.900    0    0    0    0    0    0    0    1
  trustregion      :          0       0.00       0.00          0          0          0    0.00000   -1.00000    1.00000      0.900    0    0    0    0    0    0    0    0
LP                 :       Time      Calls Iterations  Iter/call   Iter/sec  Time-0-It Calls-0-It    ItLimit
  primal LP        :       0.00          0          0       0.00          -       0.00          0
  dual LP          :       0.01          1        229     229.00          -       0.00          0
  lex dual LP      :       0.00          0          0       0.00          -
  barrier LP       :       0.00          0          0       0.00          -       0.00          0
  resolve instable :       0.00          0          0       0.00          -
  diving/probing LP:       0.00          2         73      36.50          -
  strong branching :       0.00          0          0       0.00          -          -          -          0
    (at root node) :          -          0          0       0.00          -
  conflict analysis:       0.00          0          0       0.00          -
B&B Tree           :
  number of runs   :          1
  nodes            :          1 (0 internal, 1 leaves)
  feasible leaves  :          0
  infeas. leaves   :          0
  objective leaves :          1
  nodes (total)    :          1 (0 internal, 1 leaves)
  nodes left       :          0
  max depth        :          0
  max depth (total):          0
  backtracks       :          0 (0.0%)
  early backtracks :          0 (0.0%)
  nodes exc. ref.  :          0 (0.0%)
  delayed cutoffs  :          0
  repropagations   :          0 (0 domain reductions, 0 cutoffs)
  avg switch length:       2.00
  switching time   :       0.00
Estim. Tree Size   :          1
Estimation Tree    : 1 nodes (1 visited, 0 internal, 1 leaves, 0 open), weight: 1.0000 completed 1.0000
Estimations        :      estim      value      trend resolution     smooth
  wbe              :          1          -          -          -          -
  tree-profile     :         -1          -          -          -          -
  gap              :          1    1.00000    1.00000          1          1
  tree-weight      :          1    1.00000    1.00000          1          1
  leaf-frequency   :          1    0.50000    1.00000          1          1
  ssg              :          1    0.00000   -1.00000          1          1
  open-nodes       :          1    0.00000    0.00000          1          1
Root Node          :
  First LP value   : -2.23595313055400e+00
  First LP Iters   :        229 (24279.05 Iter/sec)
  First LP Time    :       0.01
  Final Dual Bound : -2.23595313055400e+00
  Final Root Iters :        280
  Root LP Estimate :                     -
Solution           :
  Solutions found  :          1 (1 improvements)
  First Solution   : -2.23595313055400e+00   (in run 1, after 1 nodes, 3.57 seconds, depth 0, found by <feaspump>)
  Gap First Sol.   :       0.00 %
  Gap Last Sol.    :       0.00 %
  Primal Bound     : -2.23595313055400e+00   (in run 1, after 1 nodes, 3.57 seconds, depth 0, found by <feaspump>)
  Dual Bound       : -2.23595313055400e+00
  Gap              :       0.00 %
Integrals          :      Total       Avg%
  primal-dual      :     356.78      99.99
  primal-ref       :          -          - (not evaluated)
  dual-ref         :          -          - (not evaluated)
